[2022-07-24 22:54:08,201] {taskinstance.py:1179} INFO - Dependencies all met for <TaskInstance: our_fourth_python_operator_dag.get_nameo scheduled__2022-07-23T00:00:00+00:00 [queued]>
[2022-07-24 22:54:08,206] {taskinstance.py:1179} INFO - Dependencies all met for <TaskInstance: our_fourth_python_operator_dag.get_nameo scheduled__2022-07-23T00:00:00+00:00 [queued]>
[2022-07-24 22:54:08,206] {taskinstance.py:1376} INFO - 
--------------------------------------------------------------------------------
[2022-07-24 22:54:08,206] {taskinstance.py:1377} INFO - Starting attempt 1 of 6
[2022-07-24 22:54:08,206] {taskinstance.py:1378} INFO - 
--------------------------------------------------------------------------------
[2022-07-24 22:54:08,216] {taskinstance.py:1397} INFO - Executing <Task(PythonOperator): get_nameo> on 2022-07-23 00:00:00+00:00
[2022-07-24 22:54:08,217] {standard_task_runner.py:52} INFO - Started process 41857 to run task
[2022-07-24 22:54:08,219] {standard_task_runner.py:79} INFO - Running: ['airflow', 'tasks', 'run', 'our_fourth_python_operator_dag', 'get_nameo', 'scheduled__2022-07-23T00:00:00+00:00', '--job-id', '66', '--raw', '--subdir', 'DAGS_FOLDER/create_dag_python_operator.py', '--cfg-path', '/tmp/tmpnswviib4', '--error-file', '/tmp/tmpwjvuy4rb']
[2022-07-24 22:54:08,220] {standard_task_runner.py:80} INFO - Job 66: Subtask get_nameo
[2022-07-24 22:54:08,232] {logging_mixin.py:115} WARNING - /home/hp/miniconda3/envs/airflow_env/lib/python3.8/site-packages/airflow/configuration.py:532 DeprecationWarning: The sql_alchemy_conn option in [core] has been moved to the sql_alchemy_conn option in [database] - the old setting has been used, but please update your config.
[2022-07-24 22:54:08,233] {logging_mixin.py:115} WARNING - /home/hp/miniconda3/envs/airflow_env/lib/python3.8/site-packages/airflow/configuration.py:532 DeprecationWarning: The sql_engine_encoding option in [core] has been moved to the sql_engine_encoding option in [database] - the old setting has been used, but please update your config.
[2022-07-24 22:54:08,255] {task_command.py:371} INFO - Running <TaskInstance: our_fourth_python_operator_dag.get_nameo scheduled__2022-07-23T00:00:00+00:00 [running]> on host hp-HP-Pavilion-Laptop-15-eg0xxx
[2022-07-24 22:54:08,290] {taskinstance.py:1589} INFO - Exporting the following env vars:
AIRFLOW_CTX_DAG_OWNER=tesfaye
AIRFLOW_CTX_DAG_ID=our_fourth_python_operator_dag
AIRFLOW_CTX_TASK_ID=get_nameo
AIRFLOW_CTX_EXECUTION_DATE=2022-07-23T00:00:00+00:00
AIRFLOW_CTX_TRY_NUMBER=1
AIRFLOW_CTX_DAG_RUN_ID=scheduled__2022-07-23T00:00:00+00:00
[2022-07-24 22:54:08,306] {python.py:173} INFO - Done. Returned value was: marto
[2022-07-24 22:54:08,317] {taskinstance.py:1415} INFO - Marking task as SUCCESS. dag_id=our_fourth_python_operator_dag, task_id=get_nameo, execution_date=20220723T000000, start_date=20220724T195408, end_date=20220724T195408
[2022-07-24 22:54:08,351] {local_task_job.py:156} INFO - Task exited with return code 0
[2022-07-24 22:54:08,370] {local_task_job.py:273} INFO - 1 downstream tasks scheduled from follow-on schedule check
