[2022-07-24 22:53:29,975] {taskinstance.py:1179} INFO - Dependencies all met for <TaskInstance: our_fourth_python_operator_dag.greet scheduled__2022-07-09T00:00:00+00:00 [queued]>
[2022-07-24 22:53:29,979] {taskinstance.py:1179} INFO - Dependencies all met for <TaskInstance: our_fourth_python_operator_dag.greet scheduled__2022-07-09T00:00:00+00:00 [queued]>
[2022-07-24 22:53:29,979] {taskinstance.py:1376} INFO - 
--------------------------------------------------------------------------------
[2022-07-24 22:53:29,979] {taskinstance.py:1377} INFO - Starting attempt 1 of 6
[2022-07-24 22:53:29,979] {taskinstance.py:1378} INFO - 
--------------------------------------------------------------------------------
[2022-07-24 22:53:29,991] {taskinstance.py:1397} INFO - Executing <Task(PythonOperator): greet> on 2022-07-09 00:00:00+00:00
[2022-07-24 22:53:29,993] {standard_task_runner.py:52} INFO - Started process 41388 to run task
[2022-07-24 22:53:29,995] {standard_task_runner.py:79} INFO - Running: ['airflow', 'tasks', 'run', 'our_fourth_python_operator_dag', 'greet', 'scheduled__2022-07-09T00:00:00+00:00', '--job-id', '40', '--raw', '--subdir', 'DAGS_FOLDER/create_dag_python_operator.py', '--cfg-path', '/tmp/tmpni8dpltd', '--error-file', '/tmp/tmply4jqcer']
[2022-07-24 22:53:29,996] {standard_task_runner.py:80} INFO - Job 40: Subtask greet
[2022-07-24 22:53:30,010] {logging_mixin.py:115} WARNING - /home/hp/miniconda3/envs/airflow_env/lib/python3.8/site-packages/airflow/configuration.py:532 DeprecationWarning: The sql_alchemy_conn option in [core] has been moved to the sql_alchemy_conn option in [database] - the old setting has been used, but please update your config.
[2022-07-24 22:53:30,011] {logging_mixin.py:115} WARNING - /home/hp/miniconda3/envs/airflow_env/lib/python3.8/site-packages/airflow/configuration.py:532 DeprecationWarning: The sql_engine_encoding option in [core] has been moved to the sql_engine_encoding option in [database] - the old setting has been used, but please update your config.
[2022-07-24 22:53:30,032] {task_command.py:371} INFO - Running <TaskInstance: our_fourth_python_operator_dag.greet scheduled__2022-07-09T00:00:00+00:00 [running]> on host hp-HP-Pavilion-Laptop-15-eg0xxx
[2022-07-24 22:53:30,068] {taskinstance.py:1589} INFO - Exporting the following env vars:
AIRFLOW_CTX_DAG_OWNER=tesfaye
AIRFLOW_CTX_DAG_ID=our_fourth_python_operator_dag
AIRFLOW_CTX_TASK_ID=greet
AIRFLOW_CTX_EXECUTION_DATE=2022-07-09T00:00:00+00:00
AIRFLOW_CTX_TRY_NUMBER=1
AIRFLOW_CTX_DAG_RUN_ID=scheduled__2022-07-09T00:00:00+00:00
[2022-07-24 22:53:30,073] {logging_mixin.py:115} INFO - Hello, my name is martin-bironga. And I am 24 years old!..
[2022-07-24 22:53:30,074] {python.py:173} INFO - Done. Returned value was: None
[2022-07-24 22:53:30,078] {taskinstance.py:1415} INFO - Marking task as SUCCESS. dag_id=our_fourth_python_operator_dag, task_id=greet, execution_date=20220709T000000, start_date=20220724T195329, end_date=20220724T195330
[2022-07-24 22:53:30,127] {local_task_job.py:156} INFO - Task exited with return code 0
[2022-07-24 22:53:30,150] {local_task_job.py:273} INFO - 0 downstream tasks scheduled from follow-on schedule check
