[2022-07-25 03:02:50,466] {processor.py:153} INFO - Started process (PID=20953) to work on /home/hp/airflow/dags/create_dag_python_operator.py
[2022-07-25 03:02:50,467] {processor.py:641} INFO - Processing file /home/hp/airflow/dags/create_dag_python_operator.py for tasks to queue
[2022-07-25 03:02:50,467] {logging_mixin.py:115} INFO - [2022-07-25 03:02:50,467] {dagbag.py:508} INFO - Filling up the DagBag from /home/hp/airflow/dags/create_dag_python_operator.py
[2022-07-25 03:02:50,472] {processor.py:651} INFO - DAG(s) dict_keys(['our_fourth_python_operator_dag']) retrieved from /home/hp/airflow/dags/create_dag_python_operator.py
[2022-07-25 03:02:50,481] {logging_mixin.py:115} INFO - [2022-07-25 03:02:50,481] {dag.py:2420} INFO - Sync 1 DAGs
[2022-07-25 03:02:50,492] {logging_mixin.py:115} INFO - [2022-07-25 03:02:50,492] {dag.py:2968} INFO - Setting next_dagrun for our_fourth_python_operator_dag to 2022-07-25T00:00:00+00:00, run_after=2022-07-26T00:00:00+00:00
[2022-07-25 03:02:50,507] {processor.py:161} INFO - Processing /home/hp/airflow/dags/create_dag_python_operator.py took 0.042 seconds
[2022-07-25 03:07:29,837] {processor.py:153} INFO - Started process (PID=21492) to work on /home/hp/airflow/dags/create_dag_python_operator.py
[2022-07-25 03:07:29,838] {processor.py:641} INFO - Processing file /home/hp/airflow/dags/create_dag_python_operator.py for tasks to queue
[2022-07-25 03:07:29,839] {logging_mixin.py:115} INFO - [2022-07-25 03:07:29,839] {dagbag.py:508} INFO - Filling up the DagBag from /home/hp/airflow/dags/create_dag_python_operator.py
[2022-07-25 03:07:29,850] {processor.py:651} INFO - DAG(s) dict_keys(['our_fourth_python_operator_dag']) retrieved from /home/hp/airflow/dags/create_dag_python_operator.py
[2022-07-25 03:07:29,858] {logging_mixin.py:115} INFO - [2022-07-25 03:07:29,858] {dag.py:2420} INFO - Sync 1 DAGs
[2022-07-25 03:07:29,869] {logging_mixin.py:115} INFO - [2022-07-25 03:07:29,869] {dag.py:2968} INFO - Setting next_dagrun for our_fourth_python_operator_dag to 2022-07-25T00:00:00+00:00, run_after=2022-07-26T00:00:00+00:00
[2022-07-25 03:07:29,882] {processor.py:161} INFO - Processing /home/hp/airflow/dags/create_dag_python_operator.py took 0.049 seconds
[2022-07-25 03:12:57,119] {processor.py:153} INFO - Started process (PID=21968) to work on /home/hp/airflow/dags/create_dag_python_operator.py
[2022-07-25 03:12:57,120] {processor.py:641} INFO - Processing file /home/hp/airflow/dags/create_dag_python_operator.py for tasks to queue
[2022-07-25 03:12:57,121] {logging_mixin.py:115} INFO - [2022-07-25 03:12:57,121] {dagbag.py:508} INFO - Filling up the DagBag from /home/hp/airflow/dags/create_dag_python_operator.py
[2022-07-25 03:12:57,131] {processor.py:651} INFO - DAG(s) dict_keys(['our_fourth_python_operator_dag']) retrieved from /home/hp/airflow/dags/create_dag_python_operator.py
[2022-07-25 03:12:57,140] {logging_mixin.py:115} INFO - [2022-07-25 03:12:57,140] {dag.py:2420} INFO - Sync 1 DAGs
[2022-07-25 03:12:57,152] {logging_mixin.py:115} INFO - [2022-07-25 03:12:57,151] {dag.py:2968} INFO - Setting next_dagrun for our_fourth_python_operator_dag to 2022-07-25T00:00:00+00:00, run_after=2022-07-26T00:00:00+00:00
[2022-07-25 03:12:57,160] {processor.py:161} INFO - Processing /home/hp/airflow/dags/create_dag_python_operator.py took 0.045 seconds
[2022-07-25 03:23:06,580] {processor.py:153} INFO - Started process (PID=22465) to work on /home/hp/airflow/dags/create_dag_python_operator.py
[2022-07-25 03:23:06,581] {processor.py:641} INFO - Processing file /home/hp/airflow/dags/create_dag_python_operator.py for tasks to queue
[2022-07-25 03:23:06,581] {logging_mixin.py:115} INFO - [2022-07-25 03:23:06,581] {dagbag.py:508} INFO - Filling up the DagBag from /home/hp/airflow/dags/create_dag_python_operator.py
[2022-07-25 03:23:06,588] {processor.py:651} INFO - DAG(s) dict_keys(['our_fourth_python_operator_dag']) retrieved from /home/hp/airflow/dags/create_dag_python_operator.py
[2022-07-25 03:23:06,600] {logging_mixin.py:115} INFO - [2022-07-25 03:23:06,600] {dag.py:2420} INFO - Sync 1 DAGs
[2022-07-25 03:23:06,615] {logging_mixin.py:115} INFO - [2022-07-25 03:23:06,615] {dag.py:2968} INFO - Setting next_dagrun for our_fourth_python_operator_dag to 2022-07-25T00:00:00+00:00, run_after=2022-07-26T00:00:00+00:00
[2022-07-25 03:23:06,625] {processor.py:161} INFO - Processing /home/hp/airflow/dags/create_dag_python_operator.py took 0.047 seconds
[2022-07-25 03:28:30,150] {processor.py:153} INFO - Started process (PID=23042) to work on /home/hp/airflow/dags/create_dag_python_operator.py
[2022-07-25 03:28:30,151] {processor.py:641} INFO - Processing file /home/hp/airflow/dags/create_dag_python_operator.py for tasks to queue
[2022-07-25 03:28:30,151] {logging_mixin.py:115} INFO - [2022-07-25 03:28:30,151] {dagbag.py:508} INFO - Filling up the DagBag from /home/hp/airflow/dags/create_dag_python_operator.py
[2022-07-25 03:28:30,159] {processor.py:651} INFO - DAG(s) dict_keys(['our_fourth_python_operator_dag']) retrieved from /home/hp/airflow/dags/create_dag_python_operator.py
[2022-07-25 03:28:30,167] {logging_mixin.py:115} INFO - [2022-07-25 03:28:30,167] {dag.py:2420} INFO - Sync 1 DAGs
[2022-07-25 03:28:30,178] {logging_mixin.py:115} INFO - [2022-07-25 03:28:30,178] {dag.py:2968} INFO - Setting next_dagrun for our_fourth_python_operator_dag to 2022-07-25T00:00:00+00:00, run_after=2022-07-26T00:00:00+00:00
[2022-07-25 03:28:30,187] {processor.py:161} INFO - Processing /home/hp/airflow/dags/create_dag_python_operator.py took 0.039 seconds
[2022-07-25 03:30:40,700] {processor.py:153} INFO - Started process (PID=23512) to work on /home/hp/airflow/dags/create_dag_python_operator.py
[2022-07-25 03:30:40,701] {processor.py:641} INFO - Processing file /home/hp/airflow/dags/create_dag_python_operator.py for tasks to queue
[2022-07-25 03:30:40,702] {logging_mixin.py:115} INFO - [2022-07-25 03:30:40,701] {dagbag.py:508} INFO - Filling up the DagBag from /home/hp/airflow/dags/create_dag_python_operator.py
[2022-07-25 03:30:40,713] {processor.py:651} INFO - DAG(s) dict_keys(['our_fourth_python_operator_dag']) retrieved from /home/hp/airflow/dags/create_dag_python_operator.py
[2022-07-25 03:30:40,721] {logging_mixin.py:115} INFO - [2022-07-25 03:30:40,721] {dag.py:2420} INFO - Sync 1 DAGs
[2022-07-25 03:30:40,732] {logging_mixin.py:115} INFO - [2022-07-25 03:30:40,732] {dag.py:2968} INFO - Setting next_dagrun for our_fourth_python_operator_dag to 2022-07-25T00:00:00+00:00, run_after=2022-07-26T00:00:00+00:00
[2022-07-25 03:30:40,741] {processor.py:161} INFO - Processing /home/hp/airflow/dags/create_dag_python_operator.py took 0.045 seconds
[2022-07-25 03:33:58,382] {processor.py:153} INFO - Started process (PID=24008) to work on /home/hp/airflow/dags/create_dag_python_operator.py
[2022-07-25 03:33:58,383] {processor.py:641} INFO - Processing file /home/hp/airflow/dags/create_dag_python_operator.py for tasks to queue
[2022-07-25 03:33:58,384] {logging_mixin.py:115} INFO - [2022-07-25 03:33:58,384] {dagbag.py:508} INFO - Filling up the DagBag from /home/hp/airflow/dags/create_dag_python_operator.py
[2022-07-25 03:33:58,394] {processor.py:651} INFO - DAG(s) dict_keys(['our_fourth_python_operator_dag']) retrieved from /home/hp/airflow/dags/create_dag_python_operator.py
[2022-07-25 03:33:58,404] {logging_mixin.py:115} INFO - [2022-07-25 03:33:58,404] {dag.py:2420} INFO - Sync 1 DAGs
[2022-07-25 03:33:58,415] {logging_mixin.py:115} INFO - [2022-07-25 03:33:58,415] {dag.py:2968} INFO - Setting next_dagrun for our_fourth_python_operator_dag to 2022-07-25T00:00:00+00:00, run_after=2022-07-26T00:00:00+00:00
[2022-07-25 03:33:58,424] {processor.py:161} INFO - Processing /home/hp/airflow/dags/create_dag_python_operator.py took 0.046 seconds
[2022-07-25 03:39:24,230] {processor.py:153} INFO - Started process (PID=24443) to work on /home/hp/airflow/dags/create_dag_python_operator.py
[2022-07-25 03:39:24,231] {processor.py:641} INFO - Processing file /home/hp/airflow/dags/create_dag_python_operator.py for tasks to queue
[2022-07-25 03:39:24,232] {logging_mixin.py:115} INFO - [2022-07-25 03:39:24,232] {dagbag.py:508} INFO - Filling up the DagBag from /home/hp/airflow/dags/create_dag_python_operator.py
[2022-07-25 03:39:24,242] {processor.py:651} INFO - DAG(s) dict_keys(['our_fourth_python_operator_dag']) retrieved from /home/hp/airflow/dags/create_dag_python_operator.py
[2022-07-25 03:39:24,254] {logging_mixin.py:115} INFO - [2022-07-25 03:39:24,253] {dag.py:2420} INFO - Sync 1 DAGs
[2022-07-25 03:39:24,265] {logging_mixin.py:115} INFO - [2022-07-25 03:39:24,265] {dag.py:2968} INFO - Setting next_dagrun for our_fourth_python_operator_dag to 2022-07-25T00:00:00+00:00, run_after=2022-07-26T00:00:00+00:00
[2022-07-25 03:39:24,274] {processor.py:161} INFO - Processing /home/hp/airflow/dags/create_dag_python_operator.py took 0.048 seconds
[2022-07-25 03:44:46,589] {processor.py:153} INFO - Started process (PID=24915) to work on /home/hp/airflow/dags/create_dag_python_operator.py
[2022-07-25 03:44:46,590] {processor.py:641} INFO - Processing file /home/hp/airflow/dags/create_dag_python_operator.py for tasks to queue
[2022-07-25 03:44:46,591] {logging_mixin.py:115} INFO - [2022-07-25 03:44:46,591] {dagbag.py:508} INFO - Filling up the DagBag from /home/hp/airflow/dags/create_dag_python_operator.py
[2022-07-25 03:44:46,600] {processor.py:651} INFO - DAG(s) dict_keys(['our_fourth_python_operator_dag']) retrieved from /home/hp/airflow/dags/create_dag_python_operator.py
[2022-07-25 03:44:46,610] {logging_mixin.py:115} INFO - [2022-07-25 03:44:46,610] {dag.py:2420} INFO - Sync 1 DAGs
[2022-07-25 03:44:46,619] {logging_mixin.py:115} INFO - [2022-07-25 03:44:46,619] {dag.py:2968} INFO - Setting next_dagrun for our_fourth_python_operator_dag to 2022-07-25T00:00:00+00:00, run_after=2022-07-26T00:00:00+00:00
[2022-07-25 03:44:46,631] {processor.py:161} INFO - Processing /home/hp/airflow/dags/create_dag_python_operator.py took 0.046 seconds
[2022-07-25 03:54:58,062] {processor.py:153} INFO - Started process (PID=25411) to work on /home/hp/airflow/dags/create_dag_python_operator.py
[2022-07-25 03:54:58,063] {processor.py:641} INFO - Processing file /home/hp/airflow/dags/create_dag_python_operator.py for tasks to queue
[2022-07-25 03:54:58,064] {logging_mixin.py:115} INFO - [2022-07-25 03:54:58,064] {dagbag.py:508} INFO - Filling up the DagBag from /home/hp/airflow/dags/create_dag_python_operator.py
[2022-07-25 03:54:58,073] {processor.py:651} INFO - DAG(s) dict_keys(['our_fourth_python_operator_dag']) retrieved from /home/hp/airflow/dags/create_dag_python_operator.py
[2022-07-25 03:54:58,082] {logging_mixin.py:115} INFO - [2022-07-25 03:54:58,082] {dag.py:2420} INFO - Sync 1 DAGs
[2022-07-25 03:54:58,092] {logging_mixin.py:115} INFO - [2022-07-25 03:54:58,092] {dag.py:2968} INFO - Setting next_dagrun for our_fourth_python_operator_dag to 2022-07-25T00:00:00+00:00, run_after=2022-07-26T00:00:00+00:00
[2022-07-25 03:54:58,101] {processor.py:161} INFO - Processing /home/hp/airflow/dags/create_dag_python_operator.py took 0.043 seconds
[2022-07-25 04:00:20,329] {processor.py:153} INFO - Started process (PID=25738) to work on /home/hp/airflow/dags/create_dag_python_operator.py
[2022-07-25 04:00:20,331] {processor.py:641} INFO - Processing file /home/hp/airflow/dags/create_dag_python_operator.py for tasks to queue
[2022-07-25 04:00:20,331] {logging_mixin.py:115} INFO - [2022-07-25 04:00:20,331] {dagbag.py:508} INFO - Filling up the DagBag from /home/hp/airflow/dags/create_dag_python_operator.py
[2022-07-25 04:00:20,343] {processor.py:651} INFO - DAG(s) dict_keys(['our_fourth_python_operator_dag']) retrieved from /home/hp/airflow/dags/create_dag_python_operator.py
[2022-07-25 04:00:20,353] {logging_mixin.py:115} INFO - [2022-07-25 04:00:20,353] {dag.py:2420} INFO - Sync 1 DAGs
[2022-07-25 04:00:20,365] {logging_mixin.py:115} INFO - [2022-07-25 04:00:20,364] {dag.py:2968} INFO - Setting next_dagrun for our_fourth_python_operator_dag to 2022-07-25T00:00:00+00:00, run_after=2022-07-26T00:00:00+00:00
[2022-07-25 04:00:20,374] {processor.py:161} INFO - Processing /home/hp/airflow/dags/create_dag_python_operator.py took 0.049 seconds
[2022-07-25 04:00:59,349] {processor.py:153} INFO - Started process (PID=26011) to work on /home/hp/airflow/dags/create_dag_python_operator.py
[2022-07-25 04:00:59,350] {processor.py:641} INFO - Processing file /home/hp/airflow/dags/create_dag_python_operator.py for tasks to queue
[2022-07-25 04:00:59,351] {logging_mixin.py:115} INFO - [2022-07-25 04:00:59,351] {dagbag.py:508} INFO - Filling up the DagBag from /home/hp/airflow/dags/create_dag_python_operator.py
[2022-07-25 04:00:59,361] {processor.py:651} INFO - DAG(s) dict_keys(['our_fourth_python_operator_dag']) retrieved from /home/hp/airflow/dags/create_dag_python_operator.py
[2022-07-25 04:00:59,369] {logging_mixin.py:115} INFO - [2022-07-25 04:00:59,369] {dag.py:2420} INFO - Sync 1 DAGs
[2022-07-25 04:00:59,380] {logging_mixin.py:115} INFO - [2022-07-25 04:00:59,380] {dag.py:2968} INFO - Setting next_dagrun for our_fourth_python_operator_dag to 2022-07-25T00:00:00+00:00, run_after=2022-07-26T00:00:00+00:00
[2022-07-25 04:00:59,391] {processor.py:161} INFO - Processing /home/hp/airflow/dags/create_dag_python_operator.py took 0.046 seconds
[2022-07-25 04:02:16,352] {processor.py:153} INFO - Started process (PID=26468) to work on /home/hp/airflow/dags/create_dag_python_operator.py
[2022-07-25 04:02:16,353] {processor.py:641} INFO - Processing file /home/hp/airflow/dags/create_dag_python_operator.py for tasks to queue
[2022-07-25 04:02:16,353] {logging_mixin.py:115} INFO - [2022-07-25 04:02:16,353] {dagbag.py:508} INFO - Filling up the DagBag from /home/hp/airflow/dags/create_dag_python_operator.py
[2022-07-25 04:02:16,364] {processor.py:651} INFO - DAG(s) dict_keys(['our_fourth_python_operator_dag']) retrieved from /home/hp/airflow/dags/create_dag_python_operator.py
[2022-07-25 04:02:16,373] {logging_mixin.py:115} INFO - [2022-07-25 04:02:16,373] {dag.py:2420} INFO - Sync 1 DAGs
[2022-07-25 04:02:16,384] {logging_mixin.py:115} INFO - [2022-07-25 04:02:16,384] {dag.py:2968} INFO - Setting next_dagrun for our_fourth_python_operator_dag to 2022-07-25T00:00:00+00:00, run_after=2022-07-26T00:00:00+00:00
[2022-07-25 04:02:16,397] {processor.py:161} INFO - Processing /home/hp/airflow/dags/create_dag_python_operator.py took 0.049 seconds
[2022-07-25 04:05:44,204] {processor.py:153} INFO - Started process (PID=26779) to work on /home/hp/airflow/dags/create_dag_python_operator.py
[2022-07-25 04:05:44,204] {processor.py:641} INFO - Processing file /home/hp/airflow/dags/create_dag_python_operator.py for tasks to queue
[2022-07-25 04:05:44,205] {logging_mixin.py:115} INFO - [2022-07-25 04:05:44,205] {dagbag.py:508} INFO - Filling up the DagBag from /home/hp/airflow/dags/create_dag_python_operator.py
[2022-07-25 04:05:44,214] {processor.py:651} INFO - DAG(s) dict_keys(['our_fourth_python_operator_dag']) retrieved from /home/hp/airflow/dags/create_dag_python_operator.py
[2022-07-25 04:05:44,225] {logging_mixin.py:115} INFO - [2022-07-25 04:05:44,225] {dag.py:2420} INFO - Sync 1 DAGs
[2022-07-25 04:05:44,234] {logging_mixin.py:115} INFO - [2022-07-25 04:05:44,234] {dag.py:2968} INFO - Setting next_dagrun for our_fourth_python_operator_dag to 2022-07-25T00:00:00+00:00, run_after=2022-07-26T00:00:00+00:00
[2022-07-25 04:05:44,245] {processor.py:161} INFO - Processing /home/hp/airflow/dags/create_dag_python_operator.py took 0.043 seconds
[2022-07-25 04:11:08,944] {processor.py:153} INFO - Started process (PID=27062) to work on /home/hp/airflow/dags/create_dag_python_operator.py
[2022-07-25 04:11:08,945] {processor.py:641} INFO - Processing file /home/hp/airflow/dags/create_dag_python_operator.py for tasks to queue
[2022-07-25 04:11:08,946] {logging_mixin.py:115} INFO - [2022-07-25 04:11:08,946] {dagbag.py:508} INFO - Filling up the DagBag from /home/hp/airflow/dags/create_dag_python_operator.py
[2022-07-25 04:11:08,955] {processor.py:651} INFO - DAG(s) dict_keys(['our_fourth_python_operator_dag']) retrieved from /home/hp/airflow/dags/create_dag_python_operator.py
[2022-07-25 04:11:08,963] {logging_mixin.py:115} INFO - [2022-07-25 04:11:08,963] {dag.py:2420} INFO - Sync 1 DAGs
[2022-07-25 04:11:08,974] {logging_mixin.py:115} INFO - [2022-07-25 04:11:08,974] {dag.py:2968} INFO - Setting next_dagrun for our_fourth_python_operator_dag to 2022-07-25T00:00:00+00:00, run_after=2022-07-26T00:00:00+00:00
[2022-07-25 04:11:08,983] {processor.py:161} INFO - Processing /home/hp/airflow/dags/create_dag_python_operator.py took 0.043 seconds
[2022-07-25 04:16:31,675] {processor.py:153} INFO - Started process (PID=27399) to work on /home/hp/airflow/dags/create_dag_python_operator.py
[2022-07-25 04:16:31,676] {processor.py:641} INFO - Processing file /home/hp/airflow/dags/create_dag_python_operator.py for tasks to queue
[2022-07-25 04:16:31,676] {logging_mixin.py:115} INFO - [2022-07-25 04:16:31,676] {dagbag.py:508} INFO - Filling up the DagBag from /home/hp/airflow/dags/create_dag_python_operator.py
[2022-07-25 04:16:31,689] {processor.py:651} INFO - DAG(s) dict_keys(['our_fourth_python_operator_dag']) retrieved from /home/hp/airflow/dags/create_dag_python_operator.py
[2022-07-25 04:16:31,702] {logging_mixin.py:115} INFO - [2022-07-25 04:16:31,702] {dag.py:2420} INFO - Sync 1 DAGs
[2022-07-25 04:16:31,715] {logging_mixin.py:115} INFO - [2022-07-25 04:16:31,715] {dag.py:2968} INFO - Setting next_dagrun for our_fourth_python_operator_dag to 2022-07-25T00:00:00+00:00, run_after=2022-07-26T00:00:00+00:00
[2022-07-25 04:16:31,724] {processor.py:161} INFO - Processing /home/hp/airflow/dags/create_dag_python_operator.py took 0.053 seconds
[2022-07-25 04:26:43,292] {processor.py:153} INFO - Started process (PID=27802) to work on /home/hp/airflow/dags/create_dag_python_operator.py
[2022-07-25 04:26:43,293] {processor.py:641} INFO - Processing file /home/hp/airflow/dags/create_dag_python_operator.py for tasks to queue
[2022-07-25 04:26:43,294] {logging_mixin.py:115} INFO - [2022-07-25 04:26:43,294] {dagbag.py:508} INFO - Filling up the DagBag from /home/hp/airflow/dags/create_dag_python_operator.py
[2022-07-25 04:26:43,303] {processor.py:651} INFO - DAG(s) dict_keys(['our_fourth_python_operator_dag']) retrieved from /home/hp/airflow/dags/create_dag_python_operator.py
[2022-07-25 04:26:43,313] {logging_mixin.py:115} INFO - [2022-07-25 04:26:43,313] {dag.py:2420} INFO - Sync 1 DAGs
[2022-07-25 04:26:43,323] {logging_mixin.py:115} INFO - [2022-07-25 04:26:43,323] {dag.py:2968} INFO - Setting next_dagrun for our_fourth_python_operator_dag to 2022-07-25T00:00:00+00:00, run_after=2022-07-26T00:00:00+00:00
[2022-07-25 04:26:43,332] {processor.py:161} INFO - Processing /home/hp/airflow/dags/create_dag_python_operator.py took 0.044 seconds
[2022-07-25 04:32:06,113] {processor.py:153} INFO - Started process (PID=28114) to work on /home/hp/airflow/dags/create_dag_python_operator.py
[2022-07-25 04:32:06,115] {processor.py:641} INFO - Processing file /home/hp/airflow/dags/create_dag_python_operator.py for tasks to queue
[2022-07-25 04:32:06,115] {logging_mixin.py:115} INFO - [2022-07-25 04:32:06,115] {dagbag.py:508} INFO - Filling up the DagBag from /home/hp/airflow/dags/create_dag_python_operator.py
[2022-07-25 04:32:06,126] {processor.py:651} INFO - DAG(s) dict_keys(['our_fourth_python_operator_dag']) retrieved from /home/hp/airflow/dags/create_dag_python_operator.py
[2022-07-25 04:32:06,135] {logging_mixin.py:115} INFO - [2022-07-25 04:32:06,135] {dag.py:2420} INFO - Sync 1 DAGs
[2022-07-25 04:32:06,145] {logging_mixin.py:115} INFO - [2022-07-25 04:32:06,145] {dag.py:2968} INFO - Setting next_dagrun for our_fourth_python_operator_dag to 2022-07-25T00:00:00+00:00, run_after=2022-07-26T00:00:00+00:00
[2022-07-25 04:32:06,155] {processor.py:161} INFO - Processing /home/hp/airflow/dags/create_dag_python_operator.py took 0.045 seconds
[2022-07-25 04:37:30,432] {processor.py:153} INFO - Started process (PID=28416) to work on /home/hp/airflow/dags/create_dag_python_operator.py
[2022-07-25 04:37:30,432] {processor.py:641} INFO - Processing file /home/hp/airflow/dags/create_dag_python_operator.py for tasks to queue
[2022-07-25 04:37:30,433] {logging_mixin.py:115} INFO - [2022-07-25 04:37:30,433] {dagbag.py:508} INFO - Filling up the DagBag from /home/hp/airflow/dags/create_dag_python_operator.py
[2022-07-25 04:37:30,442] {processor.py:651} INFO - DAG(s) dict_keys(['our_fourth_python_operator_dag']) retrieved from /home/hp/airflow/dags/create_dag_python_operator.py
[2022-07-25 04:37:30,452] {logging_mixin.py:115} INFO - [2022-07-25 04:37:30,452] {dag.py:2420} INFO - Sync 1 DAGs
[2022-07-25 04:37:30,462] {logging_mixin.py:115} INFO - [2022-07-25 04:37:30,462] {dag.py:2968} INFO - Setting next_dagrun for our_fourth_python_operator_dag to 2022-07-25T00:00:00+00:00, run_after=2022-07-26T00:00:00+00:00
[2022-07-25 04:37:30,472] {processor.py:161} INFO - Processing /home/hp/airflow/dags/create_dag_python_operator.py took 0.042 seconds
[2022-07-25 10:58:06,269] {processor.py:153} INFO - Started process (PID=56877) to work on /home/hp/airflow/dags/create_dag_python_operator.py
[2022-07-25 10:58:06,270] {processor.py:641} INFO - Processing file /home/hp/airflow/dags/create_dag_python_operator.py for tasks to queue
[2022-07-25 10:58:06,270] {logging_mixin.py:115} INFO - [2022-07-25 10:58:06,270] {dagbag.py:508} INFO - Filling up the DagBag from /home/hp/airflow/dags/create_dag_python_operator.py
[2022-07-25 10:58:06,275] {processor.py:651} INFO - DAG(s) dict_keys(['our_fourth_python_operator_dag']) retrieved from /home/hp/airflow/dags/create_dag_python_operator.py
[2022-07-25 10:58:06,283] {logging_mixin.py:115} INFO - [2022-07-25 10:58:06,283] {dag.py:2420} INFO - Sync 1 DAGs
[2022-07-25 10:58:06,294] {logging_mixin.py:115} INFO - [2022-07-25 10:58:06,294] {dag.py:2968} INFO - Setting next_dagrun for our_fourth_python_operator_dag to 2022-07-25T00:00:00+00:00, run_after=2022-07-26T00:00:00+00:00
[2022-07-25 10:58:06,306] {processor.py:161} INFO - Processing /home/hp/airflow/dags/create_dag_python_operator.py took 0.038 seconds
[2022-07-25 10:58:40,212] {processor.py:153} INFO - Started process (PID=57333) to work on /home/hp/airflow/dags/create_dag_python_operator.py
[2022-07-25 10:58:40,213] {processor.py:641} INFO - Processing file /home/hp/airflow/dags/create_dag_python_operator.py for tasks to queue
[2022-07-25 10:58:40,214] {logging_mixin.py:115} INFO - [2022-07-25 10:58:40,214] {dagbag.py:508} INFO - Filling up the DagBag from /home/hp/airflow/dags/create_dag_python_operator.py
[2022-07-25 10:58:40,224] {processor.py:651} INFO - DAG(s) dict_keys(['our_fourth_python_operator_dag']) retrieved from /home/hp/airflow/dags/create_dag_python_operator.py
[2022-07-25 10:58:40,232] {logging_mixin.py:115} INFO - [2022-07-25 10:58:40,232] {dag.py:2420} INFO - Sync 1 DAGs
[2022-07-25 10:58:40,241] {logging_mixin.py:115} INFO - [2022-07-25 10:58:40,241] {dag.py:2968} INFO - Setting next_dagrun for our_fourth_python_operator_dag to 2022-07-25T00:00:00+00:00, run_after=2022-07-26T00:00:00+00:00
[2022-07-25 10:58:40,248] {processor.py:161} INFO - Processing /home/hp/airflow/dags/create_dag_python_operator.py took 0.040 seconds
[2022-07-25 10:59:16,794] {processor.py:153} INFO - Started process (PID=57673) to work on /home/hp/airflow/dags/create_dag_python_operator.py
[2022-07-25 10:59:16,795] {processor.py:641} INFO - Processing file /home/hp/airflow/dags/create_dag_python_operator.py for tasks to queue
[2022-07-25 10:59:16,795] {logging_mixin.py:115} INFO - [2022-07-25 10:59:16,795] {dagbag.py:508} INFO - Filling up the DagBag from /home/hp/airflow/dags/create_dag_python_operator.py
[2022-07-25 10:59:16,800] {processor.py:651} INFO - DAG(s) dict_keys(['our_fourth_python_operator_dag']) retrieved from /home/hp/airflow/dags/create_dag_python_operator.py
[2022-07-25 10:59:16,808] {logging_mixin.py:115} INFO - [2022-07-25 10:59:16,808] {dag.py:2420} INFO - Sync 1 DAGs
[2022-07-25 10:59:16,819] {logging_mixin.py:115} INFO - [2022-07-25 10:59:16,818] {dag.py:2968} INFO - Setting next_dagrun for our_fourth_python_operator_dag to 2022-07-25T00:00:00+00:00, run_after=2022-07-26T00:00:00+00:00
[2022-07-25 10:59:16,829] {processor.py:161} INFO - Processing /home/hp/airflow/dags/create_dag_python_operator.py took 0.036 seconds
[2022-07-25 10:59:49,927] {processor.py:153} INFO - Started process (PID=57926) to work on /home/hp/airflow/dags/create_dag_python_operator.py
[2022-07-25 10:59:49,928] {processor.py:641} INFO - Processing file /home/hp/airflow/dags/create_dag_python_operator.py for tasks to queue
[2022-07-25 10:59:49,928] {logging_mixin.py:115} INFO - [2022-07-25 10:59:49,928] {dagbag.py:508} INFO - Filling up the DagBag from /home/hp/airflow/dags/create_dag_python_operator.py
[2022-07-25 10:59:49,933] {processor.py:651} INFO - DAG(s) dict_keys(['our_fourth_python_operator_dag']) retrieved from /home/hp/airflow/dags/create_dag_python_operator.py
[2022-07-25 10:59:49,940] {logging_mixin.py:115} INFO - [2022-07-25 10:59:49,940] {dag.py:2420} INFO - Sync 1 DAGs
[2022-07-25 10:59:49,949] {logging_mixin.py:115} INFO - [2022-07-25 10:59:49,949] {dag.py:2968} INFO - Setting next_dagrun for our_fourth_python_operator_dag to 2022-07-25T00:00:00+00:00, run_after=2022-07-26T00:00:00+00:00
[2022-07-25 10:59:49,958] {processor.py:161} INFO - Processing /home/hp/airflow/dags/create_dag_python_operator.py took 0.033 seconds
[2022-07-25 11:00:24,808] {processor.py:153} INFO - Started process (PID=59503) to work on /home/hp/airflow/dags/create_dag_python_operator.py
[2022-07-25 11:00:24,809] {processor.py:641} INFO - Processing file /home/hp/airflow/dags/create_dag_python_operator.py for tasks to queue
[2022-07-25 11:00:24,810] {logging_mixin.py:115} INFO - [2022-07-25 11:00:24,809] {dagbag.py:508} INFO - Filling up the DagBag from /home/hp/airflow/dags/create_dag_python_operator.py
[2022-07-25 11:00:24,820] {processor.py:651} INFO - DAG(s) dict_keys(['our_fourth_python_operator_dag']) retrieved from /home/hp/airflow/dags/create_dag_python_operator.py
[2022-07-25 11:00:24,828] {logging_mixin.py:115} INFO - [2022-07-25 11:00:24,828] {dag.py:2420} INFO - Sync 1 DAGs
[2022-07-25 11:00:24,836] {logging_mixin.py:115} INFO - [2022-07-25 11:00:24,836] {dag.py:2968} INFO - Setting next_dagrun for our_fourth_python_operator_dag to 2022-07-25T00:00:00+00:00, run_after=2022-07-26T00:00:00+00:00
[2022-07-25 11:00:24,845] {processor.py:161} INFO - Processing /home/hp/airflow/dags/create_dag_python_operator.py took 0.042 seconds
[2022-07-25 11:01:00,428] {processor.py:153} INFO - Started process (PID=59760) to work on /home/hp/airflow/dags/create_dag_python_operator.py
[2022-07-25 11:01:00,429] {processor.py:641} INFO - Processing file /home/hp/airflow/dags/create_dag_python_operator.py for tasks to queue
[2022-07-25 11:01:00,429] {logging_mixin.py:115} INFO - [2022-07-25 11:01:00,429] {dagbag.py:508} INFO - Filling up the DagBag from /home/hp/airflow/dags/create_dag_python_operator.py
[2022-07-25 11:01:00,438] {processor.py:651} INFO - DAG(s) dict_keys(['our_fourth_python_operator_dag']) retrieved from /home/hp/airflow/dags/create_dag_python_operator.py
[2022-07-25 11:01:00,446] {logging_mixin.py:115} INFO - [2022-07-25 11:01:00,446] {dag.py:2420} INFO - Sync 1 DAGs
[2022-07-25 11:01:00,455] {logging_mixin.py:115} INFO - [2022-07-25 11:01:00,455] {dag.py:2968} INFO - Setting next_dagrun for our_fourth_python_operator_dag to 2022-07-25T00:00:00+00:00, run_after=2022-07-26T00:00:00+00:00
[2022-07-25 11:01:00,464] {processor.py:161} INFO - Processing /home/hp/airflow/dags/create_dag_python_operator.py took 0.038 seconds
[2022-07-25 11:01:35,023] {processor.py:153} INFO - Started process (PID=59919) to work on /home/hp/airflow/dags/create_dag_python_operator.py
[2022-07-25 11:01:35,024] {processor.py:641} INFO - Processing file /home/hp/airflow/dags/create_dag_python_operator.py for tasks to queue
[2022-07-25 11:01:35,024] {logging_mixin.py:115} INFO - [2022-07-25 11:01:35,024] {dagbag.py:508} INFO - Filling up the DagBag from /home/hp/airflow/dags/create_dag_python_operator.py
[2022-07-25 11:01:35,028] {processor.py:651} INFO - DAG(s) dict_keys(['our_fourth_python_operator_dag']) retrieved from /home/hp/airflow/dags/create_dag_python_operator.py
[2022-07-25 11:01:35,036] {logging_mixin.py:115} INFO - [2022-07-25 11:01:35,036] {dag.py:2420} INFO - Sync 1 DAGs
[2022-07-25 11:01:35,044] {logging_mixin.py:115} INFO - [2022-07-25 11:01:35,044] {dag.py:2968} INFO - Setting next_dagrun for our_fourth_python_operator_dag to 2022-07-25T00:00:00+00:00, run_after=2022-07-26T00:00:00+00:00
[2022-07-25 11:01:35,053] {processor.py:161} INFO - Processing /home/hp/airflow/dags/create_dag_python_operator.py took 0.031 seconds
[2022-07-25 11:02:11,352] {processor.py:153} INFO - Started process (PID=60120) to work on /home/hp/airflow/dags/create_dag_python_operator.py
[2022-07-25 11:02:11,353] {processor.py:641} INFO - Processing file /home/hp/airflow/dags/create_dag_python_operator.py for tasks to queue
[2022-07-25 11:02:11,354] {logging_mixin.py:115} INFO - [2022-07-25 11:02:11,354] {dagbag.py:508} INFO - Filling up the DagBag from /home/hp/airflow/dags/create_dag_python_operator.py
[2022-07-25 11:02:11,365] {processor.py:651} INFO - DAG(s) dict_keys(['our_fourth_python_operator_dag']) retrieved from /home/hp/airflow/dags/create_dag_python_operator.py
[2022-07-25 11:02:11,372] {logging_mixin.py:115} INFO - [2022-07-25 11:02:11,372] {dag.py:2420} INFO - Sync 1 DAGs
[2022-07-25 11:02:11,381] {logging_mixin.py:115} INFO - [2022-07-25 11:02:11,381] {dag.py:2968} INFO - Setting next_dagrun for our_fourth_python_operator_dag to 2022-07-25T00:00:00+00:00, run_after=2022-07-26T00:00:00+00:00
[2022-07-25 11:02:11,389] {processor.py:161} INFO - Processing /home/hp/airflow/dags/create_dag_python_operator.py took 0.042 seconds
[2022-07-25 11:02:46,727] {processor.py:153} INFO - Started process (PID=61456) to work on /home/hp/airflow/dags/create_dag_python_operator.py
[2022-07-25 11:02:46,728] {processor.py:641} INFO - Processing file /home/hp/airflow/dags/create_dag_python_operator.py for tasks to queue
[2022-07-25 11:02:46,728] {logging_mixin.py:115} INFO - [2022-07-25 11:02:46,728] {dagbag.py:508} INFO - Filling up the DagBag from /home/hp/airflow/dags/create_dag_python_operator.py
[2022-07-25 11:02:46,736] {processor.py:651} INFO - DAG(s) dict_keys(['our_fourth_python_operator_dag']) retrieved from /home/hp/airflow/dags/create_dag_python_operator.py
[2022-07-25 11:02:46,752] {logging_mixin.py:115} INFO - [2022-07-25 11:02:46,752] {dag.py:2420} INFO - Sync 1 DAGs
[2022-07-25 11:02:46,773] {logging_mixin.py:115} INFO - [2022-07-25 11:02:46,773] {dag.py:2968} INFO - Setting next_dagrun for our_fourth_python_operator_dag to 2022-07-25T00:00:00+00:00, run_after=2022-07-26T00:00:00+00:00
[2022-07-25 11:02:46,789] {processor.py:161} INFO - Processing /home/hp/airflow/dags/create_dag_python_operator.py took 0.064 seconds
[2022-07-25 11:03:22,625] {processor.py:153} INFO - Started process (PID=61726) to work on /home/hp/airflow/dags/create_dag_python_operator.py
[2022-07-25 11:03:22,626] {processor.py:641} INFO - Processing file /home/hp/airflow/dags/create_dag_python_operator.py for tasks to queue
[2022-07-25 11:03:22,626] {logging_mixin.py:115} INFO - [2022-07-25 11:03:22,626] {dagbag.py:508} INFO - Filling up the DagBag from /home/hp/airflow/dags/create_dag_python_operator.py
[2022-07-25 11:03:22,634] {processor.py:651} INFO - DAG(s) dict_keys(['our_fourth_python_operator_dag']) retrieved from /home/hp/airflow/dags/create_dag_python_operator.py
[2022-07-25 11:03:22,642] {logging_mixin.py:115} INFO - [2022-07-25 11:03:22,641] {dag.py:2420} INFO - Sync 1 DAGs
[2022-07-25 11:03:22,651] {logging_mixin.py:115} INFO - [2022-07-25 11:03:22,651] {dag.py:2968} INFO - Setting next_dagrun for our_fourth_python_operator_dag to 2022-07-25T00:00:00+00:00, run_after=2022-07-26T00:00:00+00:00
[2022-07-25 11:03:22,658] {processor.py:161} INFO - Processing /home/hp/airflow/dags/create_dag_python_operator.py took 0.035 seconds
[2022-07-25 11:03:59,618] {processor.py:153} INFO - Started process (PID=62002) to work on /home/hp/airflow/dags/create_dag_python_operator.py
[2022-07-25 11:03:59,620] {processor.py:641} INFO - Processing file /home/hp/airflow/dags/create_dag_python_operator.py for tasks to queue
[2022-07-25 11:03:59,620] {logging_mixin.py:115} INFO - [2022-07-25 11:03:59,620] {dagbag.py:508} INFO - Filling up the DagBag from /home/hp/airflow/dags/create_dag_python_operator.py
[2022-07-25 11:03:59,626] {processor.py:651} INFO - DAG(s) dict_keys(['our_fourth_python_operator_dag']) retrieved from /home/hp/airflow/dags/create_dag_python_operator.py
[2022-07-25 11:03:59,633] {logging_mixin.py:115} INFO - [2022-07-25 11:03:59,633] {dag.py:2420} INFO - Sync 1 DAGs
[2022-07-25 11:03:59,643] {logging_mixin.py:115} INFO - [2022-07-25 11:03:59,643] {dag.py:2968} INFO - Setting next_dagrun for our_fourth_python_operator_dag to 2022-07-25T00:00:00+00:00, run_after=2022-07-26T00:00:00+00:00
[2022-07-25 11:03:59,651] {processor.py:161} INFO - Processing /home/hp/airflow/dags/create_dag_python_operator.py took 0.035 seconds
[2022-07-25 11:04:33,579] {processor.py:153} INFO - Started process (PID=62244) to work on /home/hp/airflow/dags/create_dag_python_operator.py
[2022-07-25 11:04:33,580] {processor.py:641} INFO - Processing file /home/hp/airflow/dags/create_dag_python_operator.py for tasks to queue
[2022-07-25 11:04:33,580] {logging_mixin.py:115} INFO - [2022-07-25 11:04:33,580] {dagbag.py:508} INFO - Filling up the DagBag from /home/hp/airflow/dags/create_dag_python_operator.py
[2022-07-25 11:04:33,590] {processor.py:651} INFO - DAG(s) dict_keys(['our_fourth_python_operator_dag']) retrieved from /home/hp/airflow/dags/create_dag_python_operator.py
[2022-07-25 11:04:33,598] {logging_mixin.py:115} INFO - [2022-07-25 11:04:33,598] {dag.py:2420} INFO - Sync 1 DAGs
[2022-07-25 11:04:33,607] {logging_mixin.py:115} INFO - [2022-07-25 11:04:33,607] {dag.py:2968} INFO - Setting next_dagrun for our_fourth_python_operator_dag to 2022-07-25T00:00:00+00:00, run_after=2022-07-26T00:00:00+00:00
[2022-07-25 11:04:33,616] {processor.py:161} INFO - Processing /home/hp/airflow/dags/create_dag_python_operator.py took 0.041 seconds
[2022-07-25 11:05:09,114] {processor.py:153} INFO - Started process (PID=62562) to work on /home/hp/airflow/dags/create_dag_python_operator.py
[2022-07-25 11:05:09,115] {processor.py:641} INFO - Processing file /home/hp/airflow/dags/create_dag_python_operator.py for tasks to queue
[2022-07-25 11:05:09,115] {logging_mixin.py:115} INFO - [2022-07-25 11:05:09,115] {dagbag.py:508} INFO - Filling up the DagBag from /home/hp/airflow/dags/create_dag_python_operator.py
[2022-07-25 11:05:09,124] {processor.py:651} INFO - DAG(s) dict_keys(['our_fourth_python_operator_dag']) retrieved from /home/hp/airflow/dags/create_dag_python_operator.py
[2022-07-25 11:05:09,132] {logging_mixin.py:115} INFO - [2022-07-25 11:05:09,132] {dag.py:2420} INFO - Sync 1 DAGs
[2022-07-25 11:05:09,142] {logging_mixin.py:115} INFO - [2022-07-25 11:05:09,141] {dag.py:2968} INFO - Setting next_dagrun for our_fourth_python_operator_dag to 2022-07-25T00:00:00+00:00, run_after=2022-07-26T00:00:00+00:00
[2022-07-25 11:05:09,149] {processor.py:161} INFO - Processing /home/hp/airflow/dags/create_dag_python_operator.py took 0.038 seconds
[2022-07-25 11:05:42,264] {processor.py:153} INFO - Started process (PID=62759) to work on /home/hp/airflow/dags/create_dag_python_operator.py
[2022-07-25 11:05:42,266] {processor.py:641} INFO - Processing file /home/hp/airflow/dags/create_dag_python_operator.py for tasks to queue
[2022-07-25 11:05:42,266] {logging_mixin.py:115} INFO - [2022-07-25 11:05:42,266] {dagbag.py:508} INFO - Filling up the DagBag from /home/hp/airflow/dags/create_dag_python_operator.py
[2022-07-25 11:05:42,277] {processor.py:651} INFO - DAG(s) dict_keys(['our_fourth_python_operator_dag']) retrieved from /home/hp/airflow/dags/create_dag_python_operator.py
[2022-07-25 11:05:42,284] {logging_mixin.py:115} INFO - [2022-07-25 11:05:42,284] {dag.py:2420} INFO - Sync 1 DAGs
[2022-07-25 11:05:42,293] {logging_mixin.py:115} INFO - [2022-07-25 11:05:42,293] {dag.py:2968} INFO - Setting next_dagrun for our_fourth_python_operator_dag to 2022-07-25T00:00:00+00:00, run_after=2022-07-26T00:00:00+00:00
[2022-07-25 11:05:42,302] {processor.py:161} INFO - Processing /home/hp/airflow/dags/create_dag_python_operator.py took 0.042 seconds
[2022-07-25 11:06:18,019] {processor.py:153} INFO - Started process (PID=62984) to work on /home/hp/airflow/dags/create_dag_python_operator.py
[2022-07-25 11:06:18,020] {processor.py:641} INFO - Processing file /home/hp/airflow/dags/create_dag_python_operator.py for tasks to queue
[2022-07-25 11:06:18,021] {logging_mixin.py:115} INFO - [2022-07-25 11:06:18,021] {dagbag.py:508} INFO - Filling up the DagBag from /home/hp/airflow/dags/create_dag_python_operator.py
[2022-07-25 11:06:18,031] {processor.py:651} INFO - DAG(s) dict_keys(['our_fourth_python_operator_dag']) retrieved from /home/hp/airflow/dags/create_dag_python_operator.py
[2022-07-25 11:06:18,039] {logging_mixin.py:115} INFO - [2022-07-25 11:06:18,039] {dag.py:2420} INFO - Sync 1 DAGs
[2022-07-25 11:06:18,048] {logging_mixin.py:115} INFO - [2022-07-25 11:06:18,048] {dag.py:2968} INFO - Setting next_dagrun for our_fourth_python_operator_dag to 2022-07-25T00:00:00+00:00, run_after=2022-07-26T00:00:00+00:00
[2022-07-25 11:06:18,057] {processor.py:161} INFO - Processing /home/hp/airflow/dags/create_dag_python_operator.py took 0.041 seconds
[2022-07-25 11:06:53,154] {processor.py:153} INFO - Started process (PID=63298) to work on /home/hp/airflow/dags/create_dag_python_operator.py
[2022-07-25 11:06:53,155] {processor.py:641} INFO - Processing file /home/hp/airflow/dags/create_dag_python_operator.py for tasks to queue
[2022-07-25 11:06:53,156] {logging_mixin.py:115} INFO - [2022-07-25 11:06:53,155] {dagbag.py:508} INFO - Filling up the DagBag from /home/hp/airflow/dags/create_dag_python_operator.py
[2022-07-25 11:06:53,163] {processor.py:651} INFO - DAG(s) dict_keys(['our_fourth_python_operator_dag']) retrieved from /home/hp/airflow/dags/create_dag_python_operator.py
[2022-07-25 11:06:53,170] {logging_mixin.py:115} INFO - [2022-07-25 11:06:53,170] {dag.py:2420} INFO - Sync 1 DAGs
[2022-07-25 11:06:53,180] {logging_mixin.py:115} INFO - [2022-07-25 11:06:53,180] {dag.py:2968} INFO - Setting next_dagrun for our_fourth_python_operator_dag to 2022-07-25T00:00:00+00:00, run_after=2022-07-26T00:00:00+00:00
[2022-07-25 11:06:53,189] {processor.py:161} INFO - Processing /home/hp/airflow/dags/create_dag_python_operator.py took 0.038 seconds
[2022-07-25 11:07:26,836] {processor.py:153} INFO - Started process (PID=63549) to work on /home/hp/airflow/dags/create_dag_python_operator.py
[2022-07-25 11:07:26,837] {processor.py:641} INFO - Processing file /home/hp/airflow/dags/create_dag_python_operator.py for tasks to queue
[2022-07-25 11:07:26,838] {logging_mixin.py:115} INFO - [2022-07-25 11:07:26,838] {dagbag.py:508} INFO - Filling up the DagBag from /home/hp/airflow/dags/create_dag_python_operator.py
[2022-07-25 11:07:26,846] {processor.py:651} INFO - DAG(s) dict_keys(['our_fourth_python_operator_dag']) retrieved from /home/hp/airflow/dags/create_dag_python_operator.py
[2022-07-25 11:07:26,854] {logging_mixin.py:115} INFO - [2022-07-25 11:07:26,853] {dag.py:2420} INFO - Sync 1 DAGs
[2022-07-25 11:07:26,863] {logging_mixin.py:115} INFO - [2022-07-25 11:07:26,863] {dag.py:2968} INFO - Setting next_dagrun for our_fourth_python_operator_dag to 2022-07-25T00:00:00+00:00, run_after=2022-07-26T00:00:00+00:00
[2022-07-25 11:07:26,872] {processor.py:161} INFO - Processing /home/hp/airflow/dags/create_dag_python_operator.py took 0.040 seconds
[2022-07-25 11:08:03,337] {processor.py:153} INFO - Started process (PID=63915) to work on /home/hp/airflow/dags/create_dag_python_operator.py
[2022-07-25 11:08:03,338] {processor.py:641} INFO - Processing file /home/hp/airflow/dags/create_dag_python_operator.py for tasks to queue
[2022-07-25 11:08:03,338] {logging_mixin.py:115} INFO - [2022-07-25 11:08:03,338] {dagbag.py:508} INFO - Filling up the DagBag from /home/hp/airflow/dags/create_dag_python_operator.py
[2022-07-25 11:08:03,343] {processor.py:651} INFO - DAG(s) dict_keys(['our_fourth_python_operator_dag']) retrieved from /home/hp/airflow/dags/create_dag_python_operator.py
[2022-07-25 11:08:03,350] {logging_mixin.py:115} INFO - [2022-07-25 11:08:03,350] {dag.py:2420} INFO - Sync 1 DAGs
[2022-07-25 11:08:03,361] {logging_mixin.py:115} INFO - [2022-07-25 11:08:03,361] {dag.py:2968} INFO - Setting next_dagrun for our_fourth_python_operator_dag to 2022-07-25T00:00:00+00:00, run_after=2022-07-26T00:00:00+00:00
[2022-07-25 11:08:03,370] {processor.py:161} INFO - Processing /home/hp/airflow/dags/create_dag_python_operator.py took 0.034 seconds
                                                                                                                                                                                                                                                                                                                                                                                                                                                                                                                                                                                                                                                                                                                                                                                                                                                                                                                                                                                                                                                                                                                                                       