[2022-07-24 22:53:50,855] {taskinstance.py:1179} INFO - Dependencies all met for <TaskInstance: our_fourth_python_operator_dag.get_nameo scheduled__2022-07-17T00:00:00+00:00 [queued]>
[2022-07-24 22:53:50,858] {taskinstance.py:1179} INFO - Dependencies all met for <TaskInstance: our_fourth_python_operator_dag.get_nameo scheduled__2022-07-17T00:00:00+00:00 [queued]>
[2022-07-24 22:53:50,859] {taskinstance.py:1376} INFO - 
--------------------------------------------------------------------------------
[2022-07-24 22:53:50,859] {taskinstance.py:1377} INFO - Starting attempt 1 of 6
[2022-07-24 22:53:50,859] {taskinstance.py:1378} INFO - 
--------------------------------------------------------------------------------
[2022-07-24 22:53:50,868] {taskinstance.py:1397} INFO - Executing <Task(PythonOperator): get_nameo> on 2022-07-17 00:00:00+00:00
[2022-07-24 22:53:50,869] {standard_task_runner.py:52} INFO - Started process 41590 to run task
[2022-07-24 22:53:50,871] {standard_task_runner.py:79} INFO - Running: ['airflow', 'tasks', 'run', 'our_fourth_python_operator_dag', 'get_nameo', 'scheduled__2022-07-17T00:00:00+00:00', '--job-id', '54', '--raw', '--subdir', 'DAGS_FOLDER/create_dag_python_operator.py', '--cfg-path', '/tmp/tmpatyh6yj5', '--error-file', '/tmp/tmpriz4ou91']
[2022-07-24 22:53:50,871] {standard_task_runner.py:80} INFO - Job 54: Subtask get_nameo
[2022-07-24 22:53:50,883] {logging_mixin.py:115} WARNING - /home/hp/miniconda3/envs/airflow_env/lib/python3.8/site-packages/airflow/configuration.py:532 DeprecationWarning: The sql_alchemy_conn option in [core] has been moved to the sql_alchemy_conn option in [database] - the old setting has been used, but please update your config.
[2022-07-24 22:53:50,884] {logging_mixin.py:115} WARNING - /home/hp/miniconda3/envs/airflow_env/lib/python3.8/site-packages/airflow/configuration.py:532 DeprecationWarning: The sql_engine_encoding option in [core] has been moved to the sql_engine_encoding option in [database] - the old setting has been used, but please update your config.
[2022-07-24 22:53:50,902] {task_command.py:371} INFO - Running <TaskInstance: our_fourth_python_operator_dag.get_nameo scheduled__2022-07-17T00:00:00+00:00 [running]> on host hp-HP-Pavilion-Laptop-15-eg0xxx
[2022-07-24 22:53:50,932] {taskinstance.py:1589} INFO - Exporting the following env vars:
AIRFLOW_CTX_DAG_OWNER=tesfaye
AIRFLOW_CTX_DAG_ID=our_fourth_python_operator_dag
AIRFLOW_CTX_TASK_ID=get_nameo
AIRFLOW_CTX_EXECUTION_DATE=2022-07-17T00:00:00+00:00
AIRFLOW_CTX_TRY_NUMBER=1
AIRFLOW_CTX_DAG_RUN_ID=scheduled__2022-07-17T00:00:00+00:00
[2022-07-24 22:53:50,946] {python.py:173} INFO - Done. Returned value was: marto
[2022-07-24 22:53:50,955] {taskinstance.py:1415} INFO - Marking task as SUCCESS. dag_id=our_fourth_python_operator_dag, task_id=get_nameo, execution_date=20220717T000000, start_date=20220724T195350, end_date=20220724T195350
[2022-07-24 22:53:51,002] {local_task_job.py:156} INFO - Task exited with return code 0
[2022-07-24 22:53:51,029] {local_task_job.py:273} INFO - 1 downstream tasks scheduled from follow-on schedule check
