[2022-07-30 21:47:52,879] {processor.py:153} INFO - Started process (PID=31656) to work on /home/hp/miniconda3/envs/airflow_env/lib/python3.8/site-packages/airflow/example_dags/example_trigger_controller_dag.py
[2022-07-30 21:47:52,879] {processor.py:641} INFO - Processing file /home/hp/miniconda3/envs/airflow_env/lib/python3.8/site-packages/airflow/example_dags/example_trigger_controller_dag.py for tasks to queue
[2022-07-30 21:47:52,880] {logging_mixin.py:115} INFO - [2022-07-30 21:47:52,880] {dagbag.py:508} INFO - Filling up the DagBag from /home/hp/miniconda3/envs/airflow_env/lib/python3.8/site-packages/airflow/example_dags/example_trigger_controller_dag.py
[2022-07-30 21:47:52,884] {processor.py:651} INFO - DAG(s) dict_keys(['example_trigger_controller_dag']) retrieved from /home/hp/miniconda3/envs/airflow_env/lib/python3.8/site-packages/airflow/example_dags/example_trigger_controller_dag.py
[2022-07-30 21:47:52,896] {logging_mixin.py:115} INFO - [2022-07-30 21:47:52,896] {dag.py:2420} INFO - Sync 1 DAGs
[2022-07-30 21:47:52,904] {logging_mixin.py:115} INFO - [2022-07-30 21:47:52,904] {dag.py:2968} INFO - Setting next_dagrun for example_trigger_controller_dag to 2021-01-01T00:00:00+00:00, run_after=2021-01-01T00:00:00+00:00
[2022-07-30 21:47:52,912] {processor.py:161} INFO - Processing /home/hp/miniconda3/envs/airflow_env/lib/python3.8/site-packages/airflow/example_dags/example_trigger_controller_dag.py took 0.037 seconds
[2022-07-30 21:48:34,971] {processor.py:153} INFO - Started process (PID=31981) to work on /home/hp/miniconda3/envs/airflow_env/lib/python3.8/site-packages/airflow/example_dags/example_trigger_controller_dag.py
[2022-07-30 21:48:34,972] {processor.py:641} INFO - Processing file /home/hp/miniconda3/envs/airflow_env/lib/python3.8/site-packages/airflow/example_dags/example_trigger_controller_dag.py for tasks to queue
[2022-07-30 21:48:34,972] {logging_mixin.py:115} INFO - [2022-07-30 21:48:34,972] {dagbag.py:508} INFO - Filling up the DagBag from /home/hp/miniconda3/envs/airflow_env/lib/python3.8/site-packages/airflow/example_dags/example_trigger_controller_dag.py
[2022-07-30 21:48:34,974] {processor.py:651} INFO - DAG(s) dict_keys(['example_trigger_controller_dag']) retrieved from /home/hp/miniconda3/envs/airflow_env/lib/python3.8/site-packages/airflow/example_dags/example_trigger_controller_dag.py
[2022-07-30 21:48:34,984] {logging_mixin.py:115} INFO - [2022-07-30 21:48:34,984] {dag.py:2420} INFO - Sync 1 DAGs
[2022-07-30 21:48:34,992] {logging_mixin.py:115} INFO - [2022-07-30 21:48:34,992] {dag.py:2968} INFO - Setting next_dagrun for example_trigger_controller_dag to 2021-01-01T00:00:00+00:00, run_after=2021-01-01T00:00:00+00:00
[2022-07-30 21:48:35,001] {processor.py:161} INFO - Processing /home/hp/miniconda3/envs/airflow_env/lib/python3.8/site-packages/airflow/example_dags/example_trigger_controller_dag.py took 0.032 seconds
[2022-07-30 21:49:15,347] {processor.py:153} INFO - Started process (PID=32144) to work on /home/hp/miniconda3/envs/airflow_env/lib/python3.8/site-packages/airflow/example_dags/example_trigger_controller_dag.py
[2022-07-30 21:49:15,348] {processor.py:641} INFO - Processing file /home/hp/miniconda3/envs/airflow_env/lib/python3.8/site-packages/airflow/example_dags/example_trigger_controller_dag.py for tasks to queue
[2022-07-30 21:49:15,349] {logging_mixin.py:115} INFO - [2022-07-30 21:49:15,349] {dagbag.py:508} INFO - Filling up the DagBag from /home/hp/miniconda3/envs/airflow_env/lib/python3.8/site-packages/airflow/example_dags/example_trigger_controller_dag.py
[2022-07-30 21:49:15,353] {processor.py:651} INFO - DAG(s) dict_keys(['example_trigger_controller_dag']) retrieved from /home/hp/miniconda3/envs/airflow_env/lib/python3.8/site-packages/airflow/example_dags/example_trigger_controller_dag.py
[2022-07-30 21:49:15,364] {logging_mixin.py:115} INFO - [2022-07-30 21:49:15,364] {dag.py:2420} INFO - Sync 1 DAGs
[2022-07-30 21:49:15,372] {logging_mixin.py:115} INFO - [2022-07-30 21:49:15,372] {dag.py:2968} INFO - Setting next_dagrun for example_trigger_controller_dag to 2021-01-01T00:00:00+00:00, run_after=2021-01-01T00:00:00+00:00
[2022-07-30 21:49:15,380] {processor.py:161} INFO - Processing /home/hp/miniconda3/envs/airflow_env/lib/python3.8/site-packages/airflow/example_dags/example_trigger_controller_dag.py took 0.036 seconds
[2022-07-30 21:49:54,929] {processor.py:153} INFO - Started process (PID=32347) to work on /home/hp/miniconda3/envs/airflow_env/lib/python3.8/site-packages/airflow/example_dags/example_trigger_controller_dag.py
[2022-07-30 21:49:54,930] {processor.py:641} INFO - Processing file /home/hp/miniconda3/envs/airflow_env/lib/python3.8/site-packages/airflow/example_dags/example_trigger_controller_dag.py for tasks to queue
[2022-07-30 21:49:54,931] {logging_mixin.py:115} INFO - [2022-07-30 21:49:54,931] {dagbag.py:508} INFO - Filling up the DagBag from /home/hp/miniconda3/envs/airflow_env/lib/python3.8/site-packages/airflow/example_dags/example_trigger_controller_dag.py
[2022-07-30 21:49:54,935] {processor.py:651} INFO - DAG(s) dict_keys(['example_trigger_controller_dag']) retrieved from /home/hp/miniconda3/envs/airflow_env/lib/python3.8/site-packages/airflow/example_dags/example_trigger_controller_dag.py
[2022-07-30 21:49:54,945] {logging_mixin.py:115} INFO - [2022-07-30 21:49:54,945] {dag.py:2420} INFO - Sync 1 DAGs
[2022-07-30 21:49:54,953] {logging_mixin.py:115} INFO - [2022-07-30 21:49:54,953] {dag.py:2968} INFO - Setting next_dagrun for example_trigger_controller_dag to 2021-01-01T00:00:00+00:00, run_after=2021-01-01T00:00:00+00:00
[2022-07-30 21:49:54,961] {processor.py:161} INFO - Processing /home/hp/miniconda3/envs/airflow_env/lib/python3.8/site-packages/airflow/example_dags/example_trigger_controller_dag.py took 0.035 seconds
[2022-07-30 21:50:37,232] {processor.py:153} INFO - Started process (PID=32729) to work on /home/hp/miniconda3/envs/airflow_env/lib/python3.8/site-packages/airflow/example_dags/example_trigger_controller_dag.py
[2022-07-30 21:50:37,232] {processor.py:641} INFO - Processing file /home/hp/miniconda3/envs/airflow_env/lib/python3.8/site-packages/airflow/example_dags/example_trigger_controller_dag.py for tasks to queue
[2022-07-30 21:50:37,233] {logging_mixin.py:115} INFO - [2022-07-30 21:50:37,233] {dagbag.py:508} INFO - Filling up the DagBag from /home/hp/miniconda3/envs/airflow_env/lib/python3.8/site-packages/airflow/example_dags/example_trigger_controller_dag.py
[2022-07-30 21:50:37,234] {processor.py:651} INFO - DAG(s) dict_keys(['example_trigger_controller_dag']) retrieved from /home/hp/miniconda3/envs/airflow_env/lib/python3.8/site-packages/airflow/example_dags/example_trigger_controller_dag.py
[2022-07-30 21:50:37,244] {logging_mixin.py:115} INFO - [2022-07-30 21:50:37,244] {dag.py:2420} INFO - Sync 1 DAGs
[2022-07-30 21:50:37,252] {logging_mixin.py:115} INFO - [2022-07-30 21:50:37,252] {dag.py:2968} INFO - Setting next_dagrun for example_trigger_controller_dag to 2021-01-01T00:00:00+00:00, run_after=2021-01-01T00:00:00+00:00
[2022-07-30 21:50:37,260] {processor.py:161} INFO - Processing /home/hp/miniconda3/envs/airflow_env/lib/python3.8/site-packages/airflow/example_dags/example_trigger_controller_dag.py took 0.029 seconds
[2022-07-30 21:51:19,277] {processor.py:153} INFO - Started process (PID=32934) to work on /home/hp/miniconda3/envs/airflow_env/lib/python3.8/site-packages/airflow/example_dags/example_trigger_controller_dag.py
[2022-07-30 21:51:19,278] {processor.py:641} INFO - Processing file /home/hp/miniconda3/envs/airflow_env/lib/python3.8/site-packages/airflow/example_dags/example_trigger_controller_dag.py for tasks to queue
[2022-07-30 21:51:19,279] {logging_mixin.py:115} INFO - [2022-07-30 21:51:19,279] {dagbag.py:508} INFO - Filling up the DagBag from /home/hp/miniconda3/envs/airflow_env/lib/python3.8/site-packages/airflow/example_dags/example_trigger_controller_dag.py
[2022-07-30 21:51:19,283] {processor.py:651} INFO - DAG(s) dict_keys(['example_trigger_controller_dag']) retrieved from /home/hp/miniconda3/envs/airflow_env/lib/python3.8/site-packages/airflow/example_dags/example_trigger_controller_dag.py
[2022-07-30 21:51:19,292] {logging_mixin.py:115} INFO - [2022-07-30 21:51:19,292] {dag.py:2420} INFO - Sync 1 DAGs
[2022-07-30 21:51:19,299] {logging_mixin.py:115} INFO - [2022-07-30 21:51:19,299] {dag.py:2968} INFO - Setting next_dagrun for example_trigger_controller_dag to 2021-01-01T00:00:00+00:00, run_after=2021-01-01T00:00:00+00:00
[2022-07-30 21:51:19,307] {processor.py:161} INFO - Processing /home/hp/miniconda3/envs/airflow_env/lib/python3.8/site-packages/airflow/example_dags/example_trigger_controller_dag.py took 0.033 seconds
[2022-07-30 21:51:59,683] {processor.py:153} INFO - Started process (PID=33352) to work on /home/hp/miniconda3/envs/airflow_env/lib/python3.8/site-packages/airflow/example_dags/example_trigger_controller_dag.py
[2022-07-30 21:51:59,684] {processor.py:641} INFO - Processing file /home/hp/miniconda3/envs/airflow_env/lib/python3.8/site-packages/airflow/example_dags/example_trigger_controller_dag.py for tasks to queue
[2022-07-30 21:51:59,685] {logging_mixin.py:115} INFO - [2022-07-30 21:51:59,685] {dagbag.py:508} INFO - Filling up the DagBag from /home/hp/miniconda3/envs/airflow_env/lib/python3.8/site-packages/airflow/example_dags/example_trigger_controller_dag.py
[2022-07-30 21:51:59,689] {processor.py:651} INFO - DAG(s) dict_keys(['example_trigger_controller_dag']) retrieved from /home/hp/miniconda3/envs/airflow_env/lib/python3.8/site-packages/airflow/example_dags/example_trigger_controller_dag.py
[2022-07-30 21:51:59,702] {logging_mixin.py:115} INFO - [2022-07-30 21:51:59,702] {dag.py:2420} INFO - Sync 1 DAGs
[2022-07-30 21:51:59,711] {logging_mixin.py:115} INFO - [2022-07-30 21:51:59,711] {dag.py:2968} INFO - Setting next_dagrun for example_trigger_controller_dag to 2021-01-01T00:00:00+00:00, run_after=2021-01-01T00:00:00+00:00
[2022-07-30 21:51:59,721] {processor.py:161} INFO - Processing /home/hp/miniconda3/envs/airflow_env/lib/python3.8/site-packages/airflow/example_dags/example_trigger_controller_dag.py took 0.042 seconds
[2022-07-30 21:52:41,917] {processor.py:153} INFO - Started process (PID=33824) to work on /home/hp/miniconda3/envs/airflow_env/lib/python3.8/site-packages/airflow/example_dags/example_trigger_controller_dag.py
[2022-07-30 21:52:41,918] {processor.py:641} INFO - Processing file /home/hp/miniconda3/envs/airflow_env/lib/python3.8/site-packages/airflow/example_dags/example_trigger_controller_dag.py for tasks to queue
[2022-07-30 21:52:41,918] {logging_mixin.py:115} INFO - [2022-07-30 21:52:41,918] {dagbag.py:508} INFO - Filling up the DagBag from /home/hp/miniconda3/envs/airflow_env/lib/python3.8/site-packages/airflow/example_dags/example_trigger_controller_dag.py
[2022-07-30 21:52:41,922] {processor.py:651} INFO - DAG(s) dict_keys(['example_trigger_controller_dag']) retrieved from /home/hp/miniconda3/envs/airflow_env/lib/python3.8/site-packages/airflow/example_dags/example_trigger_controller_dag.py
[2022-07-30 21:52:41,933] {logging_mixin.py:115} INFO - [2022-07-30 21:52:41,933] {dag.py:2420} INFO - Sync 1 DAGs
[2022-07-30 21:52:41,941] {logging_mixin.py:115} INFO - [2022-07-30 21:52:41,941] {dag.py:2968} INFO - Setting next_dagrun for example_trigger_controller_dag to 2021-01-01T00:00:00+00:00, run_after=2021-01-01T00:00:00+00:00
[2022-07-30 21:52:41,949] {processor.py:161} INFO - Processing /home/hp/miniconda3/envs/airflow_env/lib/python3.8/site-packages/airflow/example_dags/example_trigger_controller_dag.py took 0.036 seconds
[2022-07-30 21:53:22,611] {processor.py:153} INFO - Started process (PID=34176) to work on /home/hp/miniconda3/envs/airflow_env/lib/python3.8/site-packages/airflow/example_dags/example_trigger_controller_dag.py
[2022-07-30 21:53:22,612] {processor.py:641} INFO - Processing file /home/hp/miniconda3/envs/airflow_env/lib/python3.8/site-packages/airflow/example_dags/example_trigger_controller_dag.py for tasks to queue
[2022-07-30 21:53:22,612] {logging_mixin.py:115} INFO - [2022-07-30 21:53:22,612] {dagbag.py:508} INFO - Filling up the DagBag from /home/hp/miniconda3/envs/airflow_env/lib/python3.8/site-packages/airflow/example_dags/example_trigger_controller_dag.py
[2022-07-30 21:53:22,613] {processor.py:651} INFO - DAG(s) dict_keys(['example_trigger_controller_dag']) retrieved from /home/hp/miniconda3/envs/airflow_env/lib/python3.8/site-packages/airflow/example_dags/example_trigger_controller_dag.py
[2022-07-30 21:53:22,624] {logging_mixin.py:115} INFO - [2022-07-30 21:53:22,624] {dag.py:2420} INFO - Sync 1 DAGs
[2022-07-30 21:53:22,634] {logging_mixin.py:115} INFO - [2022-07-30 21:53:22,634] {dag.py:2968} INFO - Setting next_dagrun for example_trigger_controller_dag to 2021-01-01T00:00:00+00:00, run_after=2021-01-01T00:00:00+00:00
[2022-07-30 21:53:22,642] {processor.py:161} INFO - Processing /home/hp/miniconda3/envs/airflow_env/lib/python3.8/site-packages/airflow/example_dags/example_trigger_controller_dag.py took 0.032 seconds
[2022-07-30 21:54:02,830] {processor.py:153} INFO - Started process (PID=34460) to work on /home/hp/miniconda3/envs/airflow_env/lib/python3.8/site-packages/airflow/example_dags/example_trigger_controller_dag.py
[2022-07-30 21:54:02,831] {processor.py:641} INFO - Processing file /home/hp/miniconda3/envs/airflow_env/lib/python3.8/site-packages/airflow/example_dags/example_trigger_controller_dag.py for tasks to queue
[2022-07-30 21:54:02,831] {logging_mixin.py:115} INFO - [2022-07-30 21:54:02,831] {dagbag.py:508} INFO - Filling up the DagBag from /home/hp/miniconda3/envs/airflow_env/lib/python3.8/site-packages/airflow/example_dags/example_trigger_controller_dag.py
[2022-07-30 21:54:02,833] {processor.py:651} INFO - DAG(s) dict_keys(['example_trigger_controller_dag']) retrieved from /home/hp/miniconda3/envs/airflow_env/lib/python3.8/site-packages/airflow/example_dags/example_trigger_controller_dag.py
[2022-07-30 21:54:02,843] {logging_mixin.py:115} INFO - [2022-07-30 21:54:02,843] {dag.py:2420} INFO - Sync 1 DAGs
[2022-07-30 21:54:02,852] {logging_mixin.py:115} INFO - [2022-07-30 21:54:02,852] {dag.py:2968} INFO - Setting next_dagrun for example_trigger_controller_dag to 2021-01-01T00:00:00+00:00, run_after=2021-01-01T00:00:00+00:00
[2022-07-30 21:54:02,861] {processor.py:161} INFO - Processing /home/hp/miniconda3/envs/airflow_env/lib/python3.8/site-packages/airflow/example_dags/example_trigger_controller_dag.py took 0.032 seconds
[2022-07-30 21:54:43,499] {processor.py:153} INFO - Started process (PID=34787) to work on /home/hp/miniconda3/envs/airflow_env/lib/python3.8/site-packages/airflow/example_dags/example_trigger_controller_dag.py
[2022-07-30 21:54:43,500] {processor.py:641} INFO - Processing file /home/hp/miniconda3/envs/airflow_env/lib/python3.8/site-packages/airflow/example_dags/example_trigger_controller_dag.py for tasks to queue
[2022-07-30 21:54:43,500] {logging_mixin.py:115} INFO - [2022-07-30 21:54:43,500] {dagbag.py:508} INFO - Filling up the DagBag from /home/hp/miniconda3/envs/airflow_env/lib/python3.8/site-packages/airflow/example_dags/example_trigger_controller_dag.py
[2022-07-30 21:54:43,504] {processor.py:651} INFO - DAG(s) dict_keys(['example_trigger_controller_dag']) retrieved from /home/hp/miniconda3/envs/airflow_env/lib/python3.8/site-packages/airflow/example_dags/example_trigger_controller_dag.py
[2022-07-30 21:54:43,517] {logging_mixin.py:115} INFO - [2022-07-30 21:54:43,517] {dag.py:2420} INFO - Sync 1 DAGs
[2022-07-30 21:54:43,524] {logging_mixin.py:115} INFO - [2022-07-30 21:54:43,524] {dag.py:2968} INFO - Setting next_dagrun for example_trigger_controller_dag to 2021-01-01T00:00:00+00:00, run_after=2021-01-01T00:00:00+00:00
[2022-07-30 21:54:43,533] {processor.py:161} INFO - Processing /home/hp/miniconda3/envs/airflow_env/lib/python3.8/site-packages/airflow/example_dags/example_trigger_controller_dag.py took 0.039 seconds
[2022-07-30 21:55:24,174] {processor.py:153} INFO - Started process (PID=35028) to work on /home/hp/miniconda3/envs/airflow_env/lib/python3.8/site-packages/airflow/example_dags/example_trigger_controller_dag.py
[2022-07-30 21:55:24,174] {processor.py:641} INFO - Processing file /home/hp/miniconda3/envs/airflow_env/lib/python3.8/site-packages/airflow/example_dags/example_trigger_controller_dag.py for tasks to queue
[2022-07-30 21:55:24,174] {logging_mixin.py:115} INFO - [2022-07-30 21:55:24,174] {dagbag.py:508} INFO - Filling up the DagBag from /home/hp/miniconda3/envs/airflow_env/lib/python3.8/site-packages/airflow/example_dags/example_trigger_controller_dag.py
[2022-07-30 21:55:24,176] {processor.py:651} INFO - DAG(s) dict_keys(['example_trigger_controller_dag']) retrieved from /home/hp/miniconda3/envs/airflow_env/lib/python3.8/site-packages/airflow/example_dags/example_trigger_controller_dag.py
[2022-07-30 21:55:24,186] {logging_mixin.py:115} INFO - [2022-07-30 21:55:24,186] {dag.py:2420} INFO - Sync 1 DAGs
[2022-07-30 21:55:24,193] {logging_mixin.py:115} INFO - [2022-07-30 21:55:24,193] {dag.py:2968} INFO - Setting next_dagrun for example_trigger_controller_dag to 2021-01-01T00:00:00+00:00, run_after=2021-01-01T00:00:00+00:00
[2022-07-30 21:55:24,201] {processor.py:161} INFO - Processing /home/hp/miniconda3/envs/airflow_env/lib/python3.8/site-packages/airflow/example_dags/example_trigger_controller_dag.py took 0.029 seconds
[2022-07-30 21:56:04,706] {processor.py:153} INFO - Started process (PID=35268) to work on /home/hp/miniconda3/envs/airflow_env/lib/python3.8/site-packages/airflow/example_dags/example_trigger_controller_dag.py
[2022-07-30 21:56:04,707] {processor.py:641} INFO - Processing file /home/hp/miniconda3/envs/airflow_env/lib/python3.8/site-packages/airflow/example_dags/example_trigger_controller_dag.py for tasks to queue
[2022-07-30 21:56:04,708] {logging_mixin.py:115} INFO - [2022-07-30 21:56:04,708] {dagbag.py:508} INFO - Filling up the DagBag from /home/hp/miniconda3/envs/airflow_env/lib/python3.8/site-packages/airflow/example_dags/example_trigger_controller_dag.py
[2022-07-30 21:56:04,712] {processor.py:651} INFO - DAG(s) dict_keys(['example_trigger_controller_dag']) retrieved from /home/hp/miniconda3/envs/airflow_env/lib/python3.8/site-packages/airflow/example_dags/example_trigger_controller_dag.py
[2022-07-30 21:56:04,721] {logging_mixin.py:115} INFO - [2022-07-30 21:56:04,721] {dag.py:2420} INFO - Sync 1 DAGs
[2022-07-30 21:56:04,729] {logging_mixin.py:115} INFO - [2022-07-30 21:56:04,729] {dag.py:2968} INFO - Setting next_dagrun for example_trigger_controller_dag to 2021-01-01T00:00:00+00:00, run_after=2021-01-01T00:00:00+00:00
[2022-07-30 21:56:04,736] {processor.py:161} INFO - Processing /home/hp/miniconda3/envs/airflow_env/lib/python3.8/site-packages/airflow/example_dags/example_trigger_controller_dag.py took 0.032 seconds
[2022-07-30 21:56:48,103] {processor.py:153} INFO - Started process (PID=35709) to work on /home/hp/miniconda3/envs/airflow_env/lib/python3.8/site-packages/airflow/example_dags/example_trigger_controller_dag.py
[2022-07-30 21:56:48,104] {processor.py:641} INFO - Processing file /home/hp/miniconda3/envs/airflow_env/lib/python3.8/site-packages/airflow/example_dags/example_trigger_controller_dag.py for tasks to queue
[2022-07-30 21:56:48,104] {logging_mixin.py:115} INFO - [2022-07-30 21:56:48,104] {dagbag.py:508} INFO - Filling up the DagBag from /home/hp/miniconda3/envs/airflow_env/lib/python3.8/site-packages/airflow/example_dags/example_trigger_controller_dag.py
[2022-07-30 21:56:48,105] {processor.py:651} INFO - DAG(s) dict_keys(['example_trigger_controller_dag']) retrieved from /home/hp/miniconda3/envs/airflow_env/lib/python3.8/site-packages/airflow/example_dags/example_trigger_controller_dag.py
[2022-07-30 21:56:48,115] {logging_mixin.py:115} INFO - [2022-07-30 21:56:48,115] {dag.py:2420} INFO - Sync 1 DAGs
[2022-07-30 21:56:48,124] {logging_mixin.py:115} INFO - [2022-07-30 21:56:48,124] {dag.py:2968} INFO - Setting next_dagrun for example_trigger_controller_dag to 2021-01-01T00:00:00+00:00, run_after=2021-01-01T00:00:00+00:00
[2022-07-30 21:56:48,133] {processor.py:161} INFO - Processing /home/hp/miniconda3/envs/airflow_env/lib/python3.8/site-packages/airflow/example_dags/example_trigger_controller_dag.py took 0.031 seconds
[2022-07-30 21:57:29,432] {processor.py:153} INFO - Started process (PID=36007) to work on /home/hp/miniconda3/envs/airflow_env/lib/python3.8/site-packages/airflow/example_dags/example_trigger_controller_dag.py
[2022-07-30 21:57:29,432] {processor.py:641} INFO - Processing file /home/hp/miniconda3/envs/airflow_env/lib/python3.8/site-packages/airflow/example_dags/example_trigger_controller_dag.py for tasks to queue
[2022-07-30 21:57:29,433] {logging_mixin.py:115} INFO - [2022-07-30 21:57:29,433] {dagbag.py:508} INFO - Filling up the DagBag from /home/hp/miniconda3/envs/airflow_env/lib/python3.8/site-packages/airflow/example_dags/example_trigger_controller_dag.py
[2022-07-30 21:57:29,434] {processor.py:651} INFO - DAG(s) dict_keys(['example_trigger_controller_dag']) retrieved from /home/hp/miniconda3/envs/airflow_env/lib/python3.8/site-packages/airflow/example_dags/example_trigger_controller_dag.py
[2022-07-30 21:57:29,443] {logging_mixin.py:115} INFO - [2022-07-30 21:57:29,443] {dag.py:2420} INFO - Sync 1 DAGs
[2022-07-30 21:57:29,452] {logging_mixin.py:115} INFO - [2022-07-30 21:57:29,451] {dag.py:2968} INFO - Setting next_dagrun for example_trigger_controller_dag to 2021-01-01T00:00:00+00:00, run_after=2021-01-01T00:00:00+00:00
[2022-07-30 21:57:29,460] {processor.py:161} INFO - Processing /home/hp/miniconda3/envs/airflow_env/lib/python3.8/site-packages/airflow/example_dags/example_trigger_controller_dag.py took 0.030 seconds
[2022-07-30 21:58:10,536] {processor.py:153} INFO - Started process (PID=36408) to work on /home/hp/miniconda3/envs/airflow_env/lib/python3.8/site-packages/airflow/example_dags/example_trigger_controller_dag.py
[2022-07-30 21:58:10,537] {processor.py:641} INFO - Processing file /home/hp/miniconda3/envs/airflow_env/lib/python3.8/site-packages/airflow/example_dags/example_trigger_controller_dag.py for tasks to queue
[2022-07-30 21:58:10,537] {logging_mixin.py:115} INFO - [2022-07-30 21:58:10,537] {dagbag.py:508} INFO - Filling up the DagBag from /home/hp/miniconda3/envs/airflow_env/lib/python3.8/site-packages/airflow/example_dags/example_trigger_controller_dag.py
[2022-07-30 21:58:10,540] {processor.py:651} INFO - DAG(s) dict_keys(['example_trigger_controller_dag']) retrieved from /home/hp/miniconda3/envs/airflow_env/lib/python3.8/site-packages/airflow/example_dags/example_trigger_controller_dag.py
[2022-07-30 21:58:10,552] {logging_mixin.py:115} WARNING - /home/hp/miniconda3/envs/airflow_env/lib/python3.8/site-packages/airflow/models/dagbag.py:610 DeprecationWarning: DAG.full_filepath is deprecated in favour of fileloc
[2022-07-30 21:58:10,555] {logging_mixin.py:115} INFO - [2022-07-30 21:58:10,552] {dagbag.py:610} ERROR - Failed to write serialized DAG: /home/hp/miniconda3/envs/airflow_env/lib/python3.8/site-packages/airflow/example_dags/example_trigger_controller_dag.py
Traceback (most recent call last):
  File "/home/hp/miniconda3/envs/airflow_env/lib/python3.8/site-packages/airflow/models/dagbag.py", line 605, in _serialize_dag_capturing_errors
    self._sync_perm_for_dag(dag, session=session)
  File "/home/hp/miniconda3/envs/airflow_env/lib/python3.8/site-packages/airflow/utils/session.py", line 68, in wrapper
    return func(*args, **kwargs)
  File "/home/hp/miniconda3/envs/airflow_env/lib/python3.8/site-packages/airflow/models/dagbag.py", line 660, in _sync_perm_for_dag
    if dag.access_control or needs_perms(root_dag_id):
  File "/home/hp/miniconda3/envs/airflow_env/lib/python3.8/site-packages/airflow/models/dagbag.py", line 650, in needs_perms
    session.query(Permission)
  File "/home/hp/miniconda3/envs/airflow_env/lib/python3.8/site-packages/sqlalchemy/orm/session.py", line 2046, in query
    return self._query_cls(entities, self, **kwargs)
  File "/home/hp/miniconda3/envs/airflow_env/lib/python3.8/site-packages/sqlalchemy/orm/query.py", line 173, in __init__
    self._set_entities(entities)
  File "/home/hp/miniconda3/envs/airflow_env/lib/python3.8/site-packages/sqlalchemy/orm/query.py", line 180, in _set_entities
    self._raw_columns = [
  File "/home/hp/miniconda3/envs/airflow_env/lib/python3.8/site-packages/sqlalchemy/orm/query.py", line 181, in <listcomp>
    coercions.expect(
  File "/home/hp/miniconda3/envs/airflow_env/lib/python3.8/site-packages/sqlalchemy/sql/coercions.py", line 160, in expect
    insp._post_inspect
  File "/home/hp/miniconda3/envs/airflow_env/lib/python3.8/site-packages/sqlalchemy/util/langhelpers.py", line 1162, in __get__
    obj.__dict__[self.__name__] = result = self.fget(obj)
  File "/home/hp/miniconda3/envs/airflow_env/lib/python3.8/site-packages/sqlalchemy/orm/mapper.py", line 2097, in _post_inspect
    self._check_configure()
  File "/home/hp/miniconda3/envs/airflow_env/lib/python3.8/site-packages/sqlalchemy/orm/mapper.py", line 1874, in _check_configure
    _configure_registries({self.registry}, cascade=True)
  File "/home/hp/miniconda3/envs/airflow_env/lib/python3.8/site-packages/sqlalchemy/orm/mapper.py", line 3381, in _configure_registries
    _do_configure_registries(registries, cascade)
  File "/home/hp/miniconda3/envs/airflow_env/lib/python3.8/site-packages/sqlalchemy/orm/mapper.py", line 3420, in _do_configure_registries
    mapper._post_configure_properties()
  File "/home/hp/miniconda3/envs/airflow_env/lib/python3.8/site-packages/sqlalchemy/orm/mapper.py", line 1891, in _post_configure_properties
    prop.init()
  File "/home/hp/miniconda3/envs/airflow_env/lib/python3.8/site-packages/sqlalchemy/orm/interfaces.py", line 227, in init
    self.do_init()
  File "/home/hp/miniconda3/envs/airflow_env/lib/python3.8/site-packages/sqlalchemy/orm/relationships.py", line 2133, in do_init
    self._setup_join_conditions()
  File "/home/hp/miniconda3/envs/airflow_env/lib/python3.8/site-packages/sqlalchemy/orm/relationships.py", line 2229, in _setup_join_conditions
    self._join_condition = jc = JoinCondition(
  File "/home/hp/miniconda3/envs/airflow_env/lib/python3.8/site-packages/sqlalchemy/orm/relationships.py", line 2624, in __init__
    self._determine_joins()
  File "/home/hp/miniconda3/envs/airflow_env/lib/python3.8/site-packages/sqlalchemy/orm/relationships.py", line 2720, in _determine_joins
    self.secondaryjoin = join_condition(
  File "<string>", line 2, in join_condition
  File "/home/hp/miniconda3/envs/airflow_env/lib/python3.8/site-packages/sqlalchemy/sql/selectable.py", line 1186, in _join_condition
    constraints = cls._joincond_scan_left_right(
  File "/home/hp/miniconda3/envs/airflow_env/lib/python3.8/site-packages/sqlalchemy/sql/selectable.py", line 1255, in _joincond_scan_left_right
    col = fk.get_referent(left)
  File "/home/hp/miniconda3/envs/airflow_env/lib/python3.8/site-packages/sqlalchemy/sql/schema.py", line 2232, in get_referent
    return table.corresponding_column(self.column)
  File "/home/hp/miniconda3/envs/airflow_env/lib/python3.8/site-packages/sqlalchemy/util/langhelpers.py", line 1095, in __get__
    obj.__dict__[self.__name__] = result = self.fget(obj)
  File "/home/hp/miniconda3/envs/airflow_env/lib/python3.8/site-packages/sqlalchemy/sql/schema.py", line 2373, in column
    raise exc.NoReferencedTableError(
sqlalchemy.exc.NoReferencedTableError: Foreign key associated with column 'ab_permission_view_role.permission_view_id' could not find table 'ab_permission_view' with which to generate a foreign key to target column 'id'
[2022-07-30 21:58:10,555] {logging_mixin.py:115} INFO - [2022-07-30 21:58:10,555] {dag.py:2420} INFO - Sync 1 DAGs
[2022-07-30 21:58:10,563] {logging_mixin.py:115} INFO - [2022-07-30 21:58:10,563] {dag.py:2968} INFO - Setting next_dagrun for example_trigger_controller_dag to 2021-01-01T00:00:00+00:00, run_after=2021-01-01T00:00:00+00:00
[2022-07-30 21:58:10,577] {processor.py:161} INFO - Processing /home/hp/miniconda3/envs/airflow_env/lib/python3.8/site-packages/airflow/example_dags/example_trigger_controller_dag.py took 0.043 seconds
[2022-07-30 21:58:35,762] {processor.py:153} INFO - Started process (PID=36681) to work on /home/hp/miniconda3/envs/airflow_env/lib/python3.8/site-packages/airflow/example_dags/example_trigger_controller_dag.py
[2022-07-30 21:58:35,762] {processor.py:641} INFO - Processing file /home/hp/miniconda3/envs/airflow_env/lib/python3.8/site-packages/airflow/example_dags/example_trigger_controller_dag.py for tasks to queue
[2022-07-30 21:58:35,763] {logging_mixin.py:115} INFO - [2022-07-30 21:58:35,763] {dagbag.py:508} INFO - Filling up the DagBag from /home/hp/miniconda3/envs/airflow_env/lib/python3.8/site-packages/airflow/example_dags/example_trigger_controller_dag.py
[2022-07-30 21:58:35,767] {processor.py:651} INFO - DAG(s) dict_keys(['example_trigger_controller_dag']) retrieved from /home/hp/miniconda3/envs/airflow_env/lib/python3.8/site-packages/airflow/example_dags/example_trigger_controller_dag.py
[2022-07-30 21:58:35,776] {logging_mixin.py:115} INFO - [2022-07-30 21:58:35,776] {dag.py:2420} INFO - Sync 1 DAGs
[2022-07-30 21:58:35,786] {logging_mixin.py:115} INFO - [2022-07-30 21:58:35,786] {dag.py:2968} INFO - Setting next_dagrun for example_trigger_controller_dag to 2021-01-01T00:00:00+00:00, run_after=2021-01-01T00:00:00+00:00
[2022-07-30 21:58:35,798] {processor.py:161} INFO - Processing /home/hp/miniconda3/envs/airflow_env/lib/python3.8/site-packages/airflow/example_dags/example_trigger_controller_dag.py took 0.041 seconds
[2022-07-30 21:59:17,640] {processor.py:153} INFO - Started process (PID=37082) to work on /home/hp/miniconda3/envs/airflow_env/lib/python3.8/site-packages/airflow/example_dags/example_trigger_controller_dag.py
[2022-07-30 21:59:17,641] {processor.py:641} INFO - Processing file /home/hp/miniconda3/envs/airflow_env/lib/python3.8/site-packages/airflow/example_dags/example_trigger_controller_dag.py for tasks to queue
[2022-07-30 21:59:17,642] {logging_mixin.py:115} INFO - [2022-07-30 21:59:17,642] {dagbag.py:508} INFO - Filling up the DagBag from /home/hp/miniconda3/envs/airflow_env/lib/python3.8/site-packages/airflow/example_dags/example_trigger_controller_dag.py
[2022-07-30 21:59:17,646] {processor.py:651} INFO - DAG(s) dict_keys(['example_trigger_controller_dag']) retrieved from /home/hp/miniconda3/envs/airflow_env/lib/python3.8/site-packages/airflow/example_dags/example_trigger_controller_dag.py
[2022-07-30 21:59:17,659] {logging_mixin.py:115} INFO - [2022-07-30 21:59:17,659] {dag.py:2420} INFO - Sync 1 DAGs
[2022-07-30 21:59:17,667] {logging_mixin.py:115} INFO - [2022-07-30 21:59:17,667] {dag.py:2968} INFO - Setting next_dagrun for example_trigger_controller_dag to 2021-01-01T00:00:00+00:00, run_after=2021-01-01T00:00:00+00:00
[2022-07-30 21:59:17,675] {processor.py:161} INFO - Processing /home/hp/miniconda3/envs/airflow_env/lib/python3.8/site-packages/airflow/example_dags/example_trigger_controller_dag.py took 0.038 seconds
[2022-07-30 21:59:50,772] {processor.py:153} INFO - Started process (PID=37251) to work on /home/hp/miniconda3/envs/airflow_env/lib/python3.8/site-packages/airflow/example_dags/example_trigger_controller_dag.py
[2022-07-30 21:59:50,773] {processor.py:641} INFO - Processing file /home/hp/miniconda3/envs/airflow_env/lib/python3.8/site-packages/airflow/example_dags/example_trigger_controller_dag.py for tasks to queue
[2022-07-30 21:59:50,774] {logging_mixin.py:115} INFO - [2022-07-30 21:59:50,774] {dagbag.py:508} INFO - Filling up the DagBag from /home/hp/miniconda3/envs/airflow_env/lib/python3.8/site-packages/airflow/example_dags/example_trigger_controller_dag.py
[2022-07-30 21:59:50,778] {processor.py:651} INFO - DAG(s) dict_keys(['example_trigger_controller_dag']) retrieved from /home/hp/miniconda3/envs/airflow_env/lib/python3.8/site-packages/airflow/example_dags/example_trigger_controller_dag.py
[2022-07-30 21:59:50,791] {logging_mixin.py:115} INFO - [2022-07-30 21:59:50,791] {dag.py:2420} INFO - Sync 1 DAGs
[2022-07-30 21:59:50,799] {logging_mixin.py:115} INFO - [2022-07-30 21:59:50,799] {dag.py:2968} INFO - Setting next_dagrun for example_trigger_controller_dag to 2021-01-01T00:00:00+00:00, run_after=2021-01-01T00:00:00+00:00
[2022-07-30 21:59:50,807] {processor.py:161} INFO - Processing /home/hp/miniconda3/envs/airflow_env/lib/python3.8/site-packages/airflow/example_dags/example_trigger_controller_dag.py took 0.039 seconds
[2022-07-30 22:00:27,883] {processor.py:153} INFO - Started process (PID=37565) to work on /home/hp/miniconda3/envs/airflow_env/lib/python3.8/site-packages/airflow/example_dags/example_trigger_controller_dag.py
[2022-07-30 22:00:27,883] {processor.py:641} INFO - Processing file /home/hp/miniconda3/envs/airflow_env/lib/python3.8/site-packages/airflow/example_dags/example_trigger_controller_dag.py for tasks to queue
[2022-07-30 22:00:27,884] {logging_mixin.py:115} INFO - [2022-07-30 22:00:27,884] {dagbag.py:508} INFO - Filling up the DagBag from /home/hp/miniconda3/envs/airflow_env/lib/python3.8/site-packages/airflow/example_dags/example_trigger_controller_dag.py
[2022-07-30 22:00:27,886] {processor.py:651} INFO - DAG(s) dict_keys(['example_trigger_controller_dag']) retrieved from /home/hp/miniconda3/envs/airflow_env/lib/python3.8/site-packages/airflow/example_dags/example_trigger_controller_dag.py
[2022-07-30 22:00:27,896] {logging_mixin.py:115} INFO - [2022-07-30 22:00:27,896] {dag.py:2420} INFO - Sync 1 DAGs
[2022-07-30 22:00:27,904] {logging_mixin.py:115} INFO - [2022-07-30 22:00:27,904] {dag.py:2968} INFO - Setting next_dagrun for example_trigger_controller_dag to 2021-01-01T00:00:00+00:00, run_after=2021-01-01T00:00:00+00:00
[2022-07-30 22:00:27,913] {processor.py:161} INFO - Processing /home/hp/miniconda3/envs/airflow_env/lib/python3.8/site-packages/airflow/example_dags/example_trigger_controller_dag.py took 0.032 seconds
[2022-07-30 22:01:01,706] {processor.py:153} INFO - Started process (PID=37847) to work on /home/hp/miniconda3/envs/airflow_env/lib/python3.8/site-packages/airflow/example_dags/example_trigger_controller_dag.py
[2022-07-30 22:01:01,707] {processor.py:641} INFO - Processing file /home/hp/miniconda3/envs/airflow_env/lib/python3.8/site-packages/airflow/example_dags/example_trigger_controller_dag.py for tasks to queue
[2022-07-30 22:01:01,708] {logging_mixin.py:115} INFO - [2022-07-30 22:01:01,707] {dagbag.py:508} INFO - Filling up the DagBag from /home/hp/miniconda3/envs/airflow_env/lib/python3.8/site-packages/airflow/example_dags/example_trigger_controller_dag.py
[2022-07-30 22:01:01,709] {processor.py:651} INFO - DAG(s) dict_keys(['example_trigger_controller_dag']) retrieved from /home/hp/miniconda3/envs/airflow_env/lib/python3.8/site-packages/airflow/example_dags/example_trigger_controller_dag.py
[2022-07-30 22:01:01,724] {logging_mixin.py:115} INFO - [2022-07-30 22:01:01,724] {dag.py:2420} INFO - Sync 1 DAGs
[2022-07-30 22:01:01,731] {logging_mixin.py:115} INFO - [2022-07-30 22:01:01,731] {dag.py:2968} INFO - Setting next_dagrun for example_trigger_controller_dag to 2021-01-01T00:00:00+00:00, run_after=2021-01-01T00:00:00+00:00
[2022-07-30 22:01:01,739] {processor.py:161} INFO - Processing /home/hp/miniconda3/envs/airflow_env/lib/python3.8/site-packages/airflow/example_dags/example_trigger_controller_dag.py took 0.034 seconds
[2022-07-30 22:01:41,727] {processor.py:153} INFO - Started process (PID=38250) to work on /home/hp/miniconda3/envs/airflow_env/lib/python3.8/site-packages/airflow/example_dags/example_trigger_controller_dag.py
[2022-07-30 22:01:41,727] {processor.py:641} INFO - Processing file /home/hp/miniconda3/envs/airflow_env/lib/python3.8/site-packages/airflow/example_dags/example_trigger_controller_dag.py for tasks to queue
[2022-07-30 22:01:41,728] {logging_mixin.py:115} INFO - [2022-07-30 22:01:41,728] {dagbag.py:508} INFO - Filling up the DagBag from /home/hp/miniconda3/envs/airflow_env/lib/python3.8/site-packages/airflow/example_dags/example_trigger_controller_dag.py
[2022-07-30 22:01:41,729] {processor.py:651} INFO - DAG(s) dict_keys(['example_trigger_controller_dag']) retrieved from /home/hp/miniconda3/envs/airflow_env/lib/python3.8/site-packages/airflow/example_dags/example_trigger_controller_dag.py
[2022-07-30 22:01:41,740] {logging_mixin.py:115} INFO - [2022-07-30 22:01:41,740] {dag.py:2420} INFO - Sync 1 DAGs
[2022-07-30 22:01:41,750] {logging_mixin.py:115} INFO - [2022-07-30 22:01:41,750] {dag.py:2968} INFO - Setting next_dagrun for example_trigger_controller_dag to 2021-01-01T00:00:00+00:00, run_after=2021-01-01T00:00:00+00:00
[2022-07-30 22:01:41,762] {processor.py:161} INFO - Processing /home/hp/miniconda3/envs/airflow_env/lib/python3.8/site-packages/airflow/example_dags/example_trigger_controller_dag.py took 0.037 seconds
[2022-07-30 22:02:17,741] {processor.py:153} INFO - Started process (PID=38599) to work on /home/hp/miniconda3/envs/airflow_env/lib/python3.8/site-packages/airflow/example_dags/example_trigger_controller_dag.py
[2022-07-30 22:02:17,742] {processor.py:641} INFO - Processing file /home/hp/miniconda3/envs/airflow_env/lib/python3.8/site-packages/airflow/example_dags/example_trigger_controller_dag.py for tasks to queue
[2022-07-30 22:02:17,743] {logging_mixin.py:115} INFO - [2022-07-30 22:02:17,743] {dagbag.py:508} INFO - Filling up the DagBag from /home/hp/miniconda3/envs/airflow_env/lib/python3.8/site-packages/airflow/example_dags/example_trigger_controller_dag.py
[2022-07-30 22:02:17,746] {processor.py:651} INFO - DAG(s) dict_keys(['example_trigger_controller_dag']) retrieved from /home/hp/miniconda3/envs/airflow_env/lib/python3.8/site-packages/airflow/example_dags/example_trigger_controller_dag.py
[2022-07-30 22:02:17,758] {logging_mixin.py:115} INFO - [2022-07-30 22:02:17,758] {dag.py:2420} INFO - Sync 1 DAGs
[2022-07-30 22:02:17,767] {logging_mixin.py:115} INFO - [2022-07-30 22:02:17,767] {dag.py:2968} INFO - Setting next_dagrun for example_trigger_controller_dag to 2021-01-01T00:00:00+00:00, run_after=2021-01-01T00:00:00+00:00
[2022-07-30 22:02:17,777] {processor.py:161} INFO - Processing /home/hp/miniconda3/envs/airflow_env/lib/python3.8/site-packages/airflow/example_dags/example_trigger_controller_dag.py took 0.040 seconds
[2022-07-30 22:02:53,379] {processor.py:153} INFO - Started process (PID=38908) to work on /home/hp/miniconda3/envs/airflow_env/lib/python3.8/site-packages/airflow/example_dags/example_trigger_controller_dag.py
[2022-07-30 22:02:53,380] {processor.py:641} INFO - Processing file /home/hp/miniconda3/envs/airflow_env/lib/python3.8/site-packages/airflow/example_dags/example_trigger_controller_dag.py for tasks to queue
[2022-07-30 22:02:53,381] {logging_mixin.py:115} INFO - [2022-07-30 22:02:53,380] {dagbag.py:508} INFO - Filling up the DagBag from /home/hp/miniconda3/envs/airflow_env/lib/python3.8/site-packages/airflow/example_dags/example_trigger_controller_dag.py
[2022-07-30 22:02:53,385] {processor.py:651} INFO - DAG(s) dict_keys(['example_trigger_controller_dag']) retrieved from /home/hp/miniconda3/envs/airflow_env/lib/python3.8/site-packages/airflow/example_dags/example_trigger_controller_dag.py
[2022-07-30 22:02:53,398] {logging_mixin.py:115} INFO - [2022-07-30 22:02:53,397] {dag.py:2420} INFO - Sync 1 DAGs
[2022-07-30 22:02:53,405] {logging_mixin.py:115} INFO - [2022-07-30 22:02:53,405] {dag.py:2968} INFO - Setting next_dagrun for example_trigger_controller_dag to 2021-01-01T00:00:00+00:00, run_after=2021-01-01T00:00:00+00:00
[2022-07-30 22:02:53,413] {processor.py:161} INFO - Processing /home/hp/miniconda3/envs/airflow_env/lib/python3.8/site-packages/airflow/example_dags/example_trigger_controller_dag.py took 0.038 seconds
[2022-07-30 22:03:31,053] {processor.py:153} INFO - Started process (PID=39133) to work on /home/hp/miniconda3/envs/airflow_env/lib/python3.8/site-packages/airflow/example_dags/example_trigger_controller_dag.py
[2022-07-30 22:03:31,054] {processor.py:641} INFO - Processing file /home/hp/miniconda3/envs/airflow_env/lib/python3.8/site-packages/airflow/example_dags/example_trigger_controller_dag.py for tasks to queue
[2022-07-30 22:03:31,054] {logging_mixin.py:115} INFO - [2022-07-30 22:03:31,054] {dagbag.py:508} INFO - Filling up the DagBag from /home/hp/miniconda3/envs/airflow_env/lib/python3.8/site-packages/airflow/example_dags/example_trigger_controller_dag.py
[2022-07-30 22:03:31,058] {processor.py:651} INFO - DAG(s) dict_keys(['example_trigger_controller_dag']) retrieved from /home/hp/miniconda3/envs/airflow_env/lib/python3.8/site-packages/airflow/example_dags/example_trigger_controller_dag.py
[2022-07-30 22:03:31,067] {logging_mixin.py:115} INFO - [2022-07-30 22:03:31,067] {dag.py:2420} INFO - Sync 1 DAGs
[2022-07-30 22:03:31,075] {logging_mixin.py:115} INFO - [2022-07-30 22:03:31,075] {dag.py:2968} INFO - Setting next_dagrun for example_trigger_controller_dag to 2021-01-01T00:00:00+00:00, run_after=2021-01-01T00:00:00+00:00
[2022-07-30 22:03:31,083] {processor.py:161} INFO - Processing /home/hp/miniconda3/envs/airflow_env/lib/python3.8/site-packages/airflow/example_dags/example_trigger_controller_dag.py took 0.035 seconds
                                                                                                                                                                                                                                                                                                                                                                                                                                                                                                                                                                                                                                                                                                                                                                                                                                                                                                                                                                                                                                                                                                                                                                                                                                                                                                                                                                                                                                                                                                           [2022-07-30 23:14:32,015] {processor.py:153} INFO - Started process (PID=5516) to work on /home/hp/miniconda3/envs/checker/lib/python3.8/site-packages/airflow/example_dags/example_trigger_controller_dag.py
[2022-07-30 23:14:32,016] {processor.py:641} INFO - Processing file /home/hp/miniconda3/envs/checker/lib/python3.8/site-packages/airflow/example_dags/example_trigger_controller_dag.py for tasks to queue
[2022-07-30 23:14:32,017] {logging_mixin.py:115} INFO - [2022-07-30 23:14:32,017] {dagbag.py:508} INFO - Filling up the DagBag from /home/hp/miniconda3/envs/checker/lib/python3.8/site-packages/airflow/example_dags/example_trigger_controller_dag.py
[2022-07-30 23:14:32,021] {processor.py:651} INFO - DAG(s) dict_keys(['example_trigger_controller_dag']) retrieved from /home/hp/miniconda3/envs/checker/lib/python3.8/site-packages/airflow/example_dags/example_trigger_controller_dag.py
[2022-07-30 23:14:32,047] {logging_mixin.py:115} INFO - [2022-07-30 23:14:32,047] {dag.py:2420} INFO - Sync 1 DAGs
[2022-07-30 23:14:32,054] {logging_mixin.py:115} INFO - [2022-07-30 23:14:32,054] {dag.py:2968} INFO - Setting next_dagrun for example_trigger_controller_dag to 2021-01-01T00:00:00+00:00, run_after=2021-01-01T00:00:00+00:00
[2022-07-30 23:14:32,065] {processor.py:161} INFO - Processing /home/hp/miniconda3/envs/checker/lib/python3.8/site-packages/airflow/example_dags/example_trigger_controller_dag.py took 0.054 seconds
[2022-07-30 23:15:07,297] {processor.py:153} INFO - Started process (PID=5662) to work on /home/hp/miniconda3/envs/checker/lib/python3.8/site-packages/airflow/example_dags/example_trigger_controller_dag.py
[2022-07-30 23:15:07,298] {processor.py:641} INFO - Processing file /home/hp/miniconda3/envs/checker/lib/python3.8/site-packages/airflow/example_dags/example_trigger_controller_dag.py for tasks to queue
[2022-07-30 23:15:07,299] {logging_mixin.py:115} INFO - [2022-07-30 23:15:07,299] {dagbag.py:508} INFO - Filling up the DagBag from /home/hp/miniconda3/envs/checker/lib/python3.8/site-packages/airflow/example_dags/example_trigger_controller_dag.py
[2022-07-30 23:15:07,303] {processor.py:651} INFO - DAG(s) dict_keys(['example_trigger_controller_dag']) retrieved from /home/hp/miniconda3/envs/checker/lib/python3.8/site-packages/airflow/example_dags/example_trigger_controller_dag.py
[2022-07-30 23:15:07,316] {logging_mixin.py:115} INFO - [2022-07-30 23:15:07,316] {dag.py:2420} INFO - Sync 1 DAGs
[2022-07-30 23:15:07,325] {logging_mixin.py:115} INFO - [2022-07-30 23:15:07,325] {dag.py:2968} INFO - Setting next_dagrun for example_trigger_controller_dag to 2021-01-01T00:00:00+00:00, run_after=2021-01-01T00:00:00+00:00
[2022-07-30 23:15:07,335] {processor.py:161} INFO - Processing /home/hp/miniconda3/envs/checker/lib/python3.8/site-packages/airflow/example_dags/example_trigger_controller_dag.py took 0.043 seconds
[2022-07-30 23:15:45,159] {processor.py:153} INFO - Started process (PID=6883) to work on /home/hp/miniconda3/envs/checker/lib/python3.8/site-packages/airflow/example_dags/example_trigger_controller_dag.py
[2022-07-30 23:15:45,160] {processor.py:641} INFO - Processing file /home/hp/miniconda3/envs/checker/lib/python3.8/site-packages/airflow/example_dags/example_trigger_controller_dag.py for tasks to queue
[2022-07-30 23:15:45,160] {logging_mixin.py:115} INFO - [2022-07-30 23:15:45,160] {dagbag.py:508} INFO - Filling up the DagBag from /home/hp/miniconda3/envs/checker/lib/python3.8/site-packages/airflow/example_dags/example_trigger_controller_dag.py
[2022-07-30 23:15:45,163] {processor.py:651} INFO - DAG(s) dict_keys(['example_trigger_controller_dag']) retrieved from /home/hp/miniconda3/envs/checker/lib/python3.8/site-packages/airflow/example_dags/example_trigger_controller_dag.py
[2022-07-30 23:15:45,171] {logging_mixin.py:115} INFO - [2022-07-30 23:15:45,171] {dag.py:2420} INFO - Sync 1 DAGs
[2022-07-30 23:15:45,180] {logging_mixin.py:115} INFO - [2022-07-30 23:15:45,180] {dag.py:2968} INFO - Setting next_dagrun for example_trigger_controller_dag to 2021-01-01T00:00:00+00:00, run_after=2021-01-01T00:00:00+00:00
[2022-07-30 23:15:45,190] {processor.py:161} INFO - Processing /home/hp/miniconda3/envs/checker/lib/python3.8/site-packages/airflow/example_dags/example_trigger_controller_dag.py took 0.033 seconds
[2022-07-30 23:16:22,457] {processor.py:153} INFO - Started process (PID=7133) to work on /home/hp/miniconda3/envs/checker/lib/python3.8/site-packages/airflow/example_dags/example_trigger_controller_dag.py
[2022-07-30 23:16:22,458] {processor.py:641} INFO - Processing file /home/hp/miniconda3/envs/checker/lib/python3.8/site-packages/airflow/example_dags/example_trigger_controller_dag.py for tasks to queue
[2022-07-30 23:16:22,458] {logging_mixin.py:115} INFO - [2022-07-30 23:16:22,458] {dagbag.py:508} INFO - Filling up the DagBag from /home/hp/miniconda3/envs/checker/lib/python3.8/site-packages/airflow/example_dags/example_trigger_controller_dag.py
[2022-07-30 23:16:22,462] {processor.py:651} INFO - DAG(s) dict_keys(['example_trigger_controller_dag']) retrieved from /home/hp/miniconda3/envs/checker/lib/python3.8/site-packages/airflow/example_dags/example_trigger_controller_dag.py
[2022-07-30 23:16:22,473] {logging_mixin.py:115} INFO - [2022-07-30 23:16:22,473] {dag.py:2420} INFO - Sync 1 DAGs
[2022-07-30 23:16:22,484] {logging_mixin.py:115} INFO - [2022-07-30 23:16:22,484] {dag.py:2968} INFO - Setting next_dagrun for example_trigger_controller_dag to 2021-01-01T00:00:00+00:00, run_after=2021-01-01T00:00:00+00:00
[2022-07-30 23:16:22,492] {processor.py:161} INFO - Processing /home/hp/miniconda3/envs/checker/lib/python3.8/site-packages/airflow/example_dags/example_trigger_controller_dag.py took 0.036 seconds
[2022-07-30 23:16:58,305] {processor.py:153} INFO - Started process (PID=7437) to work on /home/hp/miniconda3/envs/checker/lib/python3.8/site-packages/airflow/example_dags/example_trigger_controller_dag.py
[2022-07-30 23:16:58,306] {processor.py:641} INFO - Processing file /home/hp/miniconda3/envs/checker/lib/python3.8/site-packages/airflow/example_dags/example_trigger_controller_dag.py for tasks to queue
[2022-07-30 23:16:58,306] {logging_mixin.py:115} INFO - [2022-07-30 23:16:58,306] {dagbag.py:508} INFO - Filling up the DagBag from /home/hp/miniconda3/envs/checker/lib/python3.8/site-packages/airflow/example_dags/example_trigger_controller_dag.py
[2022-07-30 23:16:58,310] {processor.py:651} INFO - DAG(s) dict_keys(['example_trigger_controller_dag']) retrieved from /home/hp/miniconda3/envs/checker/lib/python3.8/site-packages/airflow/example_dags/example_trigger_controller_dag.py
[2022-07-30 23:16:58,318] {logging_mixin.py:115} INFO - [2022-07-30 23:16:58,318] {dag.py:2420} INFO - Sync 1 DAGs
[2022-07-30 23:16:58,327] {logging_mixin.py:115} INFO - [2022-07-30 23:16:58,327] {dag.py:2968} INFO - Setting next_dagrun for example_trigger_controller_dag to 2021-01-01T00:00:00+00:00, run_after=2021-01-01T00:00:00+00:00
[2022-07-30 23:16:58,336] {processor.py:161} INFO - Processing /home/hp/miniconda3/envs/checker/lib/python3.8/site-packages/airflow/example_dags/example_trigger_controller_dag.py took 0.032 seconds
[2022-07-30 23:17:37,275] {processor.py:153} INFO - Started process (PID=7716) to work on /home/hp/miniconda3/envs/checker/lib/python3.8/site-packages/airflow/example_dags/example_trigger_controller_dag.py
[2022-07-30 23:17:37,277] {processor.py:641} INFO - Processing file /home/hp/miniconda3/envs/checker/lib/python3.8/site-packages/airflow/example_dags/example_trigger_controller_dag.py for tasks to queue
[2022-07-30 23:17:37,277] {logging_mixin.py:115} INFO - [2022-07-30 23:17:37,277] {dagbag.py:508} INFO - Filling up the DagBag from /home/hp/miniconda3/envs/checker/lib/python3.8/site-packages/airflow/example_dags/example_trigger_controller_dag.py
[2022-07-30 23:17:37,279] {processor.py:651} INFO - DAG(s) dict_keys(['example_trigger_controller_dag']) retrieved from /home/hp/miniconda3/envs/checker/lib/python3.8/site-packages/airflow/example_dags/example_trigger_controller_dag.py
[2022-07-30 23:17:37,293] {logging_mixin.py:115} INFO - [2022-07-30 23:17:37,293] {dag.py:2420} INFO - Sync 1 DAGs
[2022-07-30 23:17:37,301] {logging_mixin.py:115} INFO - [2022-07-30 23:17:37,301] {dag.py:2968} INFO - Setting next_dagrun for example_trigger_controller_dag to 2021-01-01T00:00:00+00:00, run_after=2021-01-01T00:00:00+00:00
[2022-07-30 23:17:37,312] {processor.py:161} INFO - Processing /home/hp/miniconda3/envs/checker/lib/python3.8/site-packages/airflow/example_dags/example_trigger_controller_dag.py took 0.041 seconds
[2022-07-30 23:18:12,534] {processor.py:153} INFO - Started process (PID=7977) to work on /home/hp/miniconda3/envs/checker/lib/python3.8/site-packages/airflow/example_dags/example_trigger_controller_dag.py
[2022-07-30 23:18:12,535] {processor.py:641} INFO - Processing file /home/hp/miniconda3/envs/checker/lib/python3.8/site-packages/airflow/example_dags/example_trigger_controller_dag.py for tasks to queue
[2022-07-30 23:18:12,535] {logging_mixin.py:115} INFO - [2022-07-30 23:18:12,535] {dagbag.py:508} INFO - Filling up the DagBag from /home/hp/miniconda3/envs/checker/lib/python3.8/site-packages/airflow/example_dags/example_trigger_controller_dag.py
[2022-07-30 23:18:12,537] {processor.py:651} INFO - DAG(s) dict_keys(['example_trigger_controller_dag']) retrieved from /home/hp/miniconda3/envs/checker/lib/python3.8/site-packages/airflow/example_dags/example_trigger_controller_dag.py
[2022-07-30 23:18:12,552] {logging_mixin.py:115} INFO - [2022-07-30 23:18:12,552] {dag.py:2420} INFO - Sync 1 DAGs
[2022-07-30 23:18:12,568] {logging_mixin.py:115} INFO - [2022-07-30 23:18:12,568] {dag.py:2968} INFO - Setting next_dagrun for example_trigger_controller_dag to 2021-01-01T00:00:00+00:00, run_after=2021-01-01T00:00:00+00:00
[2022-07-30 23:18:12,580] {processor.py:161} INFO - Processing /home/hp/miniconda3/envs/checker/lib/python3.8/site-packages/airflow/example_dags/example_trigger_controller_dag.py took 0.047 seconds
[2022-07-30 23:20:12,215] {processor.py:153} INFO - Started process (PID=8835) to work on /home/hp/miniconda3/envs/checker/lib/python3.8/site-packages/airflow/example_dags/example_trigger_controller_dag.py
[2022-07-30 23:20:12,216] {processor.py:641} INFO - Processing file /home/hp/miniconda3/envs/checker/lib/python3.8/site-packages/airflow/example_dags/example_trigger_controller_dag.py for tasks to queue
[2022-07-30 23:20:12,216] {logging_mixin.py:115} INFO - [2022-07-30 23:20:12,216] {dagbag.py:508} INFO - Filling up the DagBag from /home/hp/miniconda3/envs/checker/lib/python3.8/site-packages/airflow/example_dags/example_trigger_controller_dag.py
[2022-07-30 23:20:12,218] {processor.py:651} INFO - DAG(s) dict_keys(['example_trigger_controller_dag']) retrieved from /home/hp/miniconda3/envs/checker/lib/python3.8/site-packages/airflow/example_dags/example_trigger_controller_dag.py
[2022-07-30 23:20:12,229] {logging_mixin.py:115} INFO - [2022-07-30 23:20:12,229] {dag.py:2420} INFO - Sync 1 DAGs
[2022-07-30 23:20:12,240] {logging_mixin.py:115} INFO - [2022-07-30 23:20:12,239] {dag.py:2968} INFO - Setting next_dagrun for example_trigger_controller_dag to 2021-01-01T00:00:00+00:00, run_after=2021-01-01T00:00:00+00:00
[2022-07-30 23:20:12,250] {processor.py:161} INFO - Processing /home/hp/miniconda3/envs/checker/lib/python3.8/site-packages/airflow/example_dags/example_trigger_controller_dag.py took 0.036 seconds
[2022-07-30 23:20:47,489] {processor.py:153} INFO - Started process (PID=9089) to work on /home/hp/miniconda3/envs/checker/lib/python3.8/site-packages/airflow/example_dags/example_trigger_controller_dag.py
[2022-07-30 23:20:47,489] {processor.py:641} INFO - Processing file /home/hp/miniconda3/envs/checker/lib/python3.8/site-packages/airflow/example_dags/example_trigger_controller_dag.py for tasks to queue
[2022-07-30 23:20:47,490] {logging_mixin.py:115} INFO - [2022-07-30 23:20:47,490] {dagbag.py:508} INFO - Filling up the DagBag from /home/hp/miniconda3/envs/checker/lib/python3.8/site-packages/airflow/example_dags/example_trigger_controller_dag.py
[2022-07-30 23:20:47,492] {processor.py:651} INFO - DAG(s) dict_keys(['example_trigger_controller_dag']) retrieved from /home/hp/miniconda3/envs/checker/lib/python3.8/site-packages/airflow/example_dags/example_trigger_controller_dag.py
[2022-07-30 23:20:47,500] {logging_mixin.py:115} INFO - [2022-07-30 23:20:47,500] {dag.py:2420} INFO - Sync 1 DAGs
[2022-07-30 23:20:47,511] {logging_mixin.py:115} INFO - [2022-07-30 23:20:47,511] {dag.py:2968} INFO - Setting next_dagrun for example_trigger_controller_dag to 2021-01-01T00:00:00+00:00, run_after=2021-01-01T00:00:00+00:00
[2022-07-30 23:20:47,524] {processor.py:161} INFO - Processing /home/hp/miniconda3/envs/checker/lib/python3.8/site-packages/airflow/example_dags/example_trigger_controller_dag.py took 0.037 seconds
[2022-07-30 23:24:55,598] {processor.py:153} INFO - Started process (PID=10608) to work on /home/hp/miniconda3/envs/checker/lib/python3.8/site-packages/airflow/example_dags/example_trigger_controller_dag.py
[2022-07-30 23:24:55,599] {processor.py:641} INFO - Processing file /home/hp/miniconda3/envs/checker/lib/python3.8/site-packages/airflow/example_dags/example_trigger_controller_dag.py for tasks to queue
[2022-07-30 23:24:55,600] {logging_mixin.py:115} INFO - [2022-07-30 23:24:55,600] {dagbag.py:508} INFO - Filling up the DagBag from /home/hp/miniconda3/envs/checker/lib/python3.8/site-packages/airflow/example_dags/example_trigger_controller_dag.py
[2022-07-30 23:24:55,604] {processor.py:651} INFO - DAG(s) dict_keys(['example_trigger_controller_dag']) retrieved from /home/hp/miniconda3/envs/checker/lib/python3.8/site-packages/airflow/example_dags/example_trigger_controller_dag.py
[2022-07-30 23:24:55,616] {logging_mixin.py:115} INFO - [2022-07-30 23:24:55,616] {dag.py:2420} INFO - Sync 1 DAGs
[2022-07-30 23:24:55,624] {logging_mixin.py:115} INFO - [2022-07-30 23:24:55,624] {dag.py:2968} INFO - Setting next_dagrun for example_trigger_controller_dag to 2021-01-01T00:00:00+00:00, run_after=2021-01-01T00:00:00+00:00
[2022-07-30 23:24:55,635] {processor.py:161} INFO - Processing /home/hp/miniconda3/envs/checker/lib/python3.8/site-packages/airflow/example_dags/example_trigger_controller_dag.py took 0.041 seconds
[2022-07-30 23:25:29,970] {processor.py:153} INFO - Started process (PID=10834) to work on /home/hp/miniconda3/envs/checker/lib/python3.8/site-packages/airflow/example_dags/example_trigger_controller_dag.py
[2022-07-30 23:25:29,971] {processor.py:641} INFO - Processing file /home/hp/miniconda3/envs/checker/lib/python3.8/site-packages/airflow/example_dags/example_trigger_controller_dag.py for tasks to queue
[2022-07-30 23:25:29,971] {logging_mixin.py:115} INFO - [2022-07-30 23:25:29,971] {dagbag.py:508} INFO - Filling up the DagBag from /home/hp/miniconda3/envs/checker/lib/python3.8/site-packages/airflow/example_dags/example_trigger_controller_dag.py
[2022-07-30 23:25:29,972] {processor.py:651} INFO - DAG(s) dict_keys(['example_trigger_controller_dag']) retrieved from /home/hp/miniconda3/envs/checker/lib/python3.8/site-packages/airflow/example_dags/example_trigger_controller_dag.py
[2022-07-30 23:25:29,980] {logging_mixin.py:115} INFO - [2022-07-30 23:25:29,980] {dag.py:2420} INFO - Sync 1 DAGs
[2022-07-30 23:25:29,989] {logging_mixin.py:115} INFO - [2022-07-30 23:25:29,989] {dag.py:2968} INFO - Setting next_dagrun for example_trigger_controller_dag to 2021-01-01T00:00:00+00:00, run_after=2021-01-01T00:00:00+00:00
[2022-07-30 23:25:29,999] {processor.py:161} INFO - Processing /home/hp/miniconda3/envs/checker/lib/python3.8/site-packages/airflow/example_dags/example_trigger_controller_dag.py took 0.030 seconds
[2022-07-30 23:25:47,133] {processor.py:153} INFO - Started process (PID=11002) to work on /home/hp/miniconda3/envs/checker/lib/python3.8/site-packages/airflow/example_dags/example_trigger_controller_dag.py
[2022-07-30 23:25:47,133] {processor.py:641} INFO - Processing file /home/hp/miniconda3/envs/checker/lib/python3.8/site-packages/airflow/example_dags/example_trigger_controller_dag.py for tasks to queue
[2022-07-30 23:25:47,133] {logging_mixin.py:115} INFO - [2022-07-30 23:25:47,133] {dagbag.py:508} INFO - Filling up the DagBag from /home/hp/miniconda3/envs/checker/lib/python3.8/site-packages/airflow/example_dags/example_trigger_controller_dag.py
[2022-07-30 23:25:47,135] {processor.py:651} INFO - DAG(s) dict_keys(['example_trigger_controller_dag']) retrieved from /home/hp/miniconda3/envs/checker/lib/python3.8/site-packages/airflow/example_dags/example_trigger_controller_dag.py
[2022-07-30 23:25:47,151] {logging_mixin.py:115} INFO - [2022-07-30 23:25:47,151] {dag.py:2420} INFO - Sync 1 DAGs
[2022-07-30 23:25:47,203] {logging_mixin.py:115} INFO - [2022-07-30 23:25:47,203] {dag.py:2968} INFO - Setting next_dagrun for example_trigger_controller_dag to 2021-01-01T00:00:00+00:00, run_after=2021-01-01T00:00:00+00:00
[2022-07-30 23:25:47,214] {processor.py:161} INFO - Processing /home/hp/miniconda3/envs/checker/lib/python3.8/site-packages/airflow/example_dags/example_trigger_controller_dag.py took 0.084 seconds
[2022-07-30 23:26:22,425] {processor.py:153} INFO - Started process (PID=11680) to work on /home/hp/miniconda3/envs/checker/lib/python3.8/site-packages/airflow/example_dags/example_trigger_controller_dag.py
[2022-07-30 23:26:22,426] {processor.py:641} INFO - Processing file /home/hp/miniconda3/envs/checker/lib/python3.8/site-packages/airflow/example_dags/example_trigger_controller_dag.py for tasks to queue
[2022-07-30 23:26:22,427] {logging_mixin.py:115} INFO - [2022-07-30 23:26:22,427] {dagbag.py:508} INFO - Filling up the DagBag from /home/hp/miniconda3/envs/checker/lib/python3.8/site-packages/airflow/example_dags/example_trigger_controller_dag.py
[2022-07-30 23:26:22,430] {processor.py:651} INFO - DAG(s) dict_keys(['example_trigger_controller_dag']) retrieved from /home/hp/miniconda3/envs/checker/lib/python3.8/site-packages/airflow/example_dags/example_trigger_controller_dag.py
[2022-07-30 23:26:22,438] {logging_mixin.py:115} INFO - [2022-07-30 23:26:22,438] {dag.py:2420} INFO - Sync 1 DAGs
[2022-07-30 23:26:22,446] {logging_mixin.py:115} INFO - [2022-07-30 23:26:22,446] {dag.py:2968} INFO - Setting next_dagrun for example_trigger_controller_dag to 2021-01-01T00:00:00+00:00, run_after=2021-01-01T00:00:00+00:00
[2022-07-30 23:26:22,456] {processor.py:161} INFO - Processing /home/hp/miniconda3/envs/checker/lib/python3.8/site-packages/airflow/example_dags/example_trigger_controller_dag.py took 0.034 seconds
[2022-07-30 23:27:00,941] {processor.py:153} INFO - Started process (PID=12159) to work on /home/hp/miniconda3/envs/checker/lib/python3.8/site-packages/airflow/example_dags/example_trigger_controller_dag.py
[2022-07-30 23:27:00,941] {processor.py:641} INFO - Processing file /home/hp/miniconda3/envs/checker/lib/python3.8/site-packages/airflow/example_dags/example_trigger_controller_dag.py for tasks to queue
[2022-07-30 23:27:00,942] {logging_mixin.py:115} INFO - [2022-07-30 23:27:00,942] {dagbag.py:508} INFO - Filling up the DagBag from /home/hp/miniconda3/envs/checker/lib/python3.8/site-packages/airflow/example_dags/example_trigger_controller_dag.py
[2022-07-30 23:27:00,943] {processor.py:651} INFO - DAG(s) dict_keys(['example_trigger_controller_dag']) retrieved from /home/hp/miniconda3/envs/checker/lib/python3.8/site-packages/airflow/example_dags/example_trigger_controller_dag.py
[2022-07-30 23:27:00,951] {logging_mixin.py:115} INFO - [2022-07-30 23:27:00,951] {dag.py:2420} INFO - Sync 1 DAGs
[2022-07-30 23:27:00,959] {logging_mixin.py:115} INFO - [2022-07-30 23:27:00,959] {dag.py:2968} INFO - Setting next_dagrun for example_trigger_controller_dag to 2021-01-01T00:00:00+00:00, run_after=2021-01-01T00:00:00+00:00
[2022-07-30 23:27:00,969] {processor.py:161} INFO - Processing /home/hp/miniconda3/envs/checker/lib/python3.8/site-packages/airflow/example_dags/example_trigger_controller_dag.py took 0.030 seconds
[2022-07-30 23:27:37,112] {processor.py:153} INFO - Started process (PID=12553) to work on /home/hp/miniconda3/envs/checker/lib/python3.8/site-packages/airflow/example_dags/example_trigger_controller_dag.py
[2022-07-30 23:27:37,113] {processor.py:641} INFO - Processing file /home/hp/miniconda3/envs/checker/lib/python3.8/site-packages/airflow/example_dags/example_trigger_controller_dag.py for tasks to queue
[2022-07-30 23:27:37,113] {logging_mixin.py:115} INFO - [2022-07-30 23:27:37,113] {dagbag.py:508} INFO - Filling up the DagBag from /home/hp/miniconda3/envs/checker/lib/python3.8/site-packages/airflow/example_dags/example_trigger_controller_dag.py
[2022-07-30 23:27:37,115] {processor.py:651} INFO - DAG(s) dict_keys(['example_trigger_controller_dag']) retrieved from /home/hp/miniconda3/envs/checker/lib/python3.8/site-packages/airflow/example_dags/example_trigger_controller_dag.py
[2022-07-30 23:27:37,129] {logging_mixin.py:115} INFO - [2022-07-30 23:27:37,128] {dag.py:2420} INFO - Sync 1 DAGs
[2022-07-30 23:27:37,147] {logging_mixin.py:115} INFO - [2022-07-30 23:27:37,147] {dag.py:2968} INFO - Setting next_dagrun for example_trigger_controller_dag to 2021-01-01T00:00:00+00:00, run_after=2021-01-01T00:00:00+00:00
[2022-07-30 23:27:37,181] {processor.py:161} INFO - Processing /home/hp/miniconda3/envs/checker/lib/python3.8/site-packages/airflow/example_dags/example_trigger_controller_dag.py took 0.070 seconds
[2022-07-30 23:28:15,348] {processor.py:153} INFO - Started process (PID=12991) to work on /home/hp/miniconda3/envs/checker/lib/python3.8/site-packages/airflow/example_dags/example_trigger_controller_dag.py
[2022-07-30 23:28:15,349] {processor.py:641} INFO - Processing file /home/hp/miniconda3/envs/checker/lib/python3.8/site-packages/airflow/example_dags/example_trigger_controller_dag.py for tasks to queue
[2022-07-30 23:28:15,350] {logging_mixin.py:115} INFO - [2022-07-30 23:28:15,350] {dagbag.py:508} INFO - Filling up the DagBag from /home/hp/miniconda3/envs/checker/lib/python3.8/site-packages/airflow/example_dags/example_trigger_controller_dag.py
[2022-07-30 23:28:15,354] {processor.py:651} INFO - DAG(s) dict_keys(['example_trigger_controller_dag']) retrieved from /home/hp/miniconda3/envs/checker/lib/python3.8/site-packages/airflow/example_dags/example_trigger_controller_dag.py
[2022-07-30 23:28:15,366] {logging_mixin.py:115} INFO - [2022-07-30 23:28:15,366] {dag.py:2420} INFO - Sync 1 DAGs
[2022-07-30 23:28:15,377] {logging_mixin.py:115} INFO - [2022-07-30 23:28:15,377] {dag.py:2968} INFO - Setting next_dagrun for example_trigger_controller_dag to 2021-01-01T00:00:00+00:00, run_after=2021-01-01T00:00:00+00:00
[2022-07-30 23:28:15,390] {processor.py:161} INFO - Processing /home/hp/miniconda3/envs/checker/lib/python3.8/site-packages/airflow/example_dags/example_trigger_controller_dag.py took 0.045 seconds
[2022-07-30 23:28:51,334] {processor.py:153} INFO - Started process (PID=13389) to work on /home/hp/miniconda3/envs/checker/lib/python3.8/site-packages/airflow/example_dags/example_trigger_controller_dag.py
[2022-07-30 23:28:51,335] {processor.py:641} INFO - Processing file /home/hp/miniconda3/envs/checker/lib/python3.8/site-packages/airflow/example_dags/example_trigger_controller_dag.py for tasks to queue
[2022-07-30 23:28:51,335] {logging_mixin.py:115} INFO - [2022-07-30 23:28:51,335] {dagbag.py:508} INFO - Filling up the DagBag from /home/hp/miniconda3/envs/checker/lib/python3.8/site-packages/airflow/example_dags/example_trigger_controller_dag.py
[2022-07-30 23:28:51,337] {processor.py:651} INFO - DAG(s) dict_keys(['example_trigger_controller_dag']) retrieved from /home/hp/miniconda3/envs/checker/lib/python3.8/site-packages/airflow/example_dags/example_trigger_controller_dag.py
[2022-07-30 23:28:51,349] {logging_mixin.py:115} INFO - [2022-07-30 23:28:51,349] {dag.py:2420} INFO - Sync 1 DAGs
[2022-07-30 23:28:51,358] {logging_mixin.py:115} INFO - [2022-07-30 23:28:51,358] {dag.py:2968} INFO - Setting next_dagrun for example_trigger_controller_dag to 2021-01-01T00:00:00+00:00, run_after=2021-01-01T00:00:00+00:00
[2022-07-30 23:28:51,368] {processor.py:161} INFO - Processing /home/hp/miniconda3/envs/checker/lib/python3.8/site-packages/airflow/example_dags/example_trigger_controller_dag.py took 0.036 seconds
