[2022-07-30 21:48:16,530] {processor.py:153} INFO - Started process (PID=31852) to work on /home/hp/miniconda3/envs/airflow_env/lib/python3.8/site-packages/airflow/example_dags/example_external_task_marker_dag.py
[2022-07-30 21:48:16,530] {processor.py:641} INFO - Processing file /home/hp/miniconda3/envs/airflow_env/lib/python3.8/site-packages/airflow/example_dags/example_external_task_marker_dag.py for tasks to queue
[2022-07-30 21:48:16,531] {logging_mixin.py:115} INFO - [2022-07-30 21:48:16,531] {dagbag.py:508} INFO - Filling up the DagBag from /home/hp/miniconda3/envs/airflow_env/lib/python3.8/site-packages/airflow/example_dags/example_external_task_marker_dag.py
[2022-07-30 21:48:16,536] {processor.py:651} INFO - DAG(s) dict_keys(['example_external_task_marker_parent', 'example_external_task_marker_child']) retrieved from /home/hp/miniconda3/envs/airflow_env/lib/python3.8/site-packages/airflow/example_dags/example_external_task_marker_dag.py
[2022-07-30 21:48:16,552] {logging_mixin.py:115} INFO - [2022-07-30 21:48:16,552] {dag.py:2420} INFO - Sync 2 DAGs
[2022-07-30 21:48:16,561] {logging_mixin.py:115} INFO - [2022-07-30 21:48:16,561] {dag.py:2968} INFO - Setting next_dagrun for example_external_task_marker_child to None, run_after=None
[2022-07-30 21:48:16,561] {logging_mixin.py:115} INFO - [2022-07-30 21:48:16,561] {dag.py:2968} INFO - Setting next_dagrun for example_external_task_marker_parent to None, run_after=None
[2022-07-30 21:48:16,570] {processor.py:161} INFO - Processing /home/hp/miniconda3/envs/airflow_env/lib/python3.8/site-packages/airflow/example_dags/example_external_task_marker_dag.py took 0.043 seconds
[2022-07-30 21:48:56,679] {processor.py:153} INFO - Started process (PID=32048) to work on /home/hp/miniconda3/envs/airflow_env/lib/python3.8/site-packages/airflow/example_dags/example_external_task_marker_dag.py
[2022-07-30 21:48:56,680] {processor.py:641} INFO - Processing file /home/hp/miniconda3/envs/airflow_env/lib/python3.8/site-packages/airflow/example_dags/example_external_task_marker_dag.py for tasks to queue
[2022-07-30 21:48:56,680] {logging_mixin.py:115} INFO - [2022-07-30 21:48:56,680] {dagbag.py:508} INFO - Filling up the DagBag from /home/hp/miniconda3/envs/airflow_env/lib/python3.8/site-packages/airflow/example_dags/example_external_task_marker_dag.py
[2022-07-30 21:48:56,685] {processor.py:651} INFO - DAG(s) dict_keys(['example_external_task_marker_parent', 'example_external_task_marker_child']) retrieved from /home/hp/miniconda3/envs/airflow_env/lib/python3.8/site-packages/airflow/example_dags/example_external_task_marker_dag.py
[2022-07-30 21:48:56,703] {logging_mixin.py:115} INFO - [2022-07-30 21:48:56,703] {dag.py:2420} INFO - Sync 2 DAGs
[2022-07-30 21:48:56,711] {logging_mixin.py:115} INFO - [2022-07-30 21:48:56,711] {dag.py:2968} INFO - Setting next_dagrun for example_external_task_marker_child to None, run_after=None
[2022-07-30 21:48:56,711] {logging_mixin.py:115} INFO - [2022-07-30 21:48:56,711] {dag.py:2968} INFO - Setting next_dagrun for example_external_task_marker_parent to None, run_after=None
[2022-07-30 21:48:56,719] {processor.py:161} INFO - Processing /home/hp/miniconda3/envs/airflow_env/lib/python3.8/site-packages/airflow/example_dags/example_external_task_marker_dag.py took 0.043 seconds
[2022-07-30 21:49:36,751] {processor.py:153} INFO - Started process (PID=32270) to work on /home/hp/miniconda3/envs/airflow_env/lib/python3.8/site-packages/airflow/example_dags/example_external_task_marker_dag.py
[2022-07-30 21:49:36,752] {processor.py:641} INFO - Processing file /home/hp/miniconda3/envs/airflow_env/lib/python3.8/site-packages/airflow/example_dags/example_external_task_marker_dag.py for tasks to queue
[2022-07-30 21:49:36,752] {logging_mixin.py:115} INFO - [2022-07-30 21:49:36,752] {dagbag.py:508} INFO - Filling up the DagBag from /home/hp/miniconda3/envs/airflow_env/lib/python3.8/site-packages/airflow/example_dags/example_external_task_marker_dag.py
[2022-07-30 21:49:36,754] {processor.py:651} INFO - DAG(s) dict_keys(['example_external_task_marker_parent', 'example_external_task_marker_child']) retrieved from /home/hp/miniconda3/envs/airflow_env/lib/python3.8/site-packages/airflow/example_dags/example_external_task_marker_dag.py
[2022-07-30 21:49:36,773] {logging_mixin.py:115} INFO - [2022-07-30 21:49:36,773] {dag.py:2420} INFO - Sync 2 DAGs
[2022-07-30 21:49:36,782] {logging_mixin.py:115} INFO - [2022-07-30 21:49:36,782] {dag.py:2968} INFO - Setting next_dagrun for example_external_task_marker_child to None, run_after=None
[2022-07-30 21:49:36,782] {logging_mixin.py:115} INFO - [2022-07-30 21:49:36,782] {dag.py:2968} INFO - Setting next_dagrun for example_external_task_marker_parent to None, run_after=None
[2022-07-30 21:49:36,790] {processor.py:161} INFO - Processing /home/hp/miniconda3/envs/airflow_env/lib/python3.8/site-packages/airflow/example_dags/example_external_task_marker_dag.py took 0.043 seconds
[2022-07-30 21:50:19,525] {processor.py:153} INFO - Started process (PID=32479) to work on /home/hp/miniconda3/envs/airflow_env/lib/python3.8/site-packages/airflow/example_dags/example_external_task_marker_dag.py
[2022-07-30 21:50:19,526] {processor.py:641} INFO - Processing file /home/hp/miniconda3/envs/airflow_env/lib/python3.8/site-packages/airflow/example_dags/example_external_task_marker_dag.py for tasks to queue
[2022-07-30 21:50:19,526] {logging_mixin.py:115} INFO - [2022-07-30 21:50:19,526] {dagbag.py:508} INFO - Filling up the DagBag from /home/hp/miniconda3/envs/airflow_env/lib/python3.8/site-packages/airflow/example_dags/example_external_task_marker_dag.py
[2022-07-30 21:50:19,528] {processor.py:651} INFO - DAG(s) dict_keys(['example_external_task_marker_parent', 'example_external_task_marker_child']) retrieved from /home/hp/miniconda3/envs/airflow_env/lib/python3.8/site-packages/airflow/example_dags/example_external_task_marker_dag.py
[2022-07-30 21:50:19,547] {logging_mixin.py:115} INFO - [2022-07-30 21:50:19,547] {dag.py:2420} INFO - Sync 2 DAGs
[2022-07-30 21:50:19,555] {logging_mixin.py:115} INFO - [2022-07-30 21:50:19,555] {dag.py:2968} INFO - Setting next_dagrun for example_external_task_marker_child to None, run_after=None
[2022-07-30 21:50:19,555] {logging_mixin.py:115} INFO - [2022-07-30 21:50:19,555] {dag.py:2968} INFO - Setting next_dagrun for example_external_task_marker_parent to None, run_after=None
[2022-07-30 21:50:19,564] {processor.py:161} INFO - Processing /home/hp/miniconda3/envs/airflow_env/lib/python3.8/site-packages/airflow/example_dags/example_external_task_marker_dag.py took 0.040 seconds
[2022-07-30 21:51:00,109] {processor.py:153} INFO - Started process (PID=32821) to work on /home/hp/miniconda3/envs/airflow_env/lib/python3.8/site-packages/airflow/example_dags/example_external_task_marker_dag.py
[2022-07-30 21:51:00,110] {processor.py:641} INFO - Processing file /home/hp/miniconda3/envs/airflow_env/lib/python3.8/site-packages/airflow/example_dags/example_external_task_marker_dag.py for tasks to queue
[2022-07-30 21:51:00,110] {logging_mixin.py:115} INFO - [2022-07-30 21:51:00,110] {dagbag.py:508} INFO - Filling up the DagBag from /home/hp/miniconda3/envs/airflow_env/lib/python3.8/site-packages/airflow/example_dags/example_external_task_marker_dag.py
[2022-07-30 21:51:00,112] {processor.py:651} INFO - DAG(s) dict_keys(['example_external_task_marker_parent', 'example_external_task_marker_child']) retrieved from /home/hp/miniconda3/envs/airflow_env/lib/python3.8/site-packages/airflow/example_dags/example_external_task_marker_dag.py
[2022-07-30 21:51:00,133] {logging_mixin.py:115} INFO - [2022-07-30 21:51:00,133] {dag.py:2420} INFO - Sync 2 DAGs
[2022-07-30 21:51:00,142] {logging_mixin.py:115} INFO - [2022-07-30 21:51:00,142] {dag.py:2968} INFO - Setting next_dagrun for example_external_task_marker_child to None, run_after=None
[2022-07-30 21:51:00,142] {logging_mixin.py:115} INFO - [2022-07-30 21:51:00,142] {dag.py:2968} INFO - Setting next_dagrun for example_external_task_marker_parent to None, run_after=None
[2022-07-30 21:51:00,152] {processor.py:161} INFO - Processing /home/hp/miniconda3/envs/airflow_env/lib/python3.8/site-packages/airflow/example_dags/example_external_task_marker_dag.py took 0.044 seconds
[2022-07-30 21:51:40,853] {processor.py:153} INFO - Started process (PID=33131) to work on /home/hp/miniconda3/envs/airflow_env/lib/python3.8/site-packages/airflow/example_dags/example_external_task_marker_dag.py
[2022-07-30 21:51:40,854] {processor.py:641} INFO - Processing file /home/hp/miniconda3/envs/airflow_env/lib/python3.8/site-packages/airflow/example_dags/example_external_task_marker_dag.py for tasks to queue
[2022-07-30 21:51:40,855] {logging_mixin.py:115} INFO - [2022-07-30 21:51:40,855] {dagbag.py:508} INFO - Filling up the DagBag from /home/hp/miniconda3/envs/airflow_env/lib/python3.8/site-packages/airflow/example_dags/example_external_task_marker_dag.py
[2022-07-30 21:51:40,860] {processor.py:651} INFO - DAG(s) dict_keys(['example_external_task_marker_parent', 'example_external_task_marker_child']) retrieved from /home/hp/miniconda3/envs/airflow_env/lib/python3.8/site-packages/airflow/example_dags/example_external_task_marker_dag.py
[2022-07-30 21:51:40,881] {logging_mixin.py:115} INFO - [2022-07-30 21:51:40,881] {dag.py:2420} INFO - Sync 2 DAGs
[2022-07-30 21:51:40,890] {logging_mixin.py:115} INFO - [2022-07-30 21:51:40,890] {dag.py:2968} INFO - Setting next_dagrun for example_external_task_marker_child to None, run_after=None
[2022-07-30 21:51:40,890] {logging_mixin.py:115} INFO - [2022-07-30 21:51:40,890] {dag.py:2968} INFO - Setting next_dagrun for example_external_task_marker_parent to None, run_after=None
[2022-07-30 21:51:40,899] {processor.py:161} INFO - Processing /home/hp/miniconda3/envs/airflow_env/lib/python3.8/site-packages/airflow/example_dags/example_external_task_marker_dag.py took 0.051 seconds
[2022-07-30 21:52:22,412] {processor.py:153} INFO - Started process (PID=33578) to work on /home/hp/miniconda3/envs/airflow_env/lib/python3.8/site-packages/airflow/example_dags/example_external_task_marker_dag.py
[2022-07-30 21:52:22,413] {processor.py:641} INFO - Processing file /home/hp/miniconda3/envs/airflow_env/lib/python3.8/site-packages/airflow/example_dags/example_external_task_marker_dag.py for tasks to queue
[2022-07-30 21:52:22,414] {logging_mixin.py:115} INFO - [2022-07-30 21:52:22,414] {dagbag.py:508} INFO - Filling up the DagBag from /home/hp/miniconda3/envs/airflow_env/lib/python3.8/site-packages/airflow/example_dags/example_external_task_marker_dag.py
[2022-07-30 21:52:22,417] {processor.py:651} INFO - DAG(s) dict_keys(['example_external_task_marker_parent', 'example_external_task_marker_child']) retrieved from /home/hp/miniconda3/envs/airflow_env/lib/python3.8/site-packages/airflow/example_dags/example_external_task_marker_dag.py
[2022-07-30 21:52:22,435] {logging_mixin.py:115} INFO - [2022-07-30 21:52:22,435] {dag.py:2420} INFO - Sync 2 DAGs
[2022-07-30 21:52:22,443] {logging_mixin.py:115} INFO - [2022-07-30 21:52:22,443] {dag.py:2968} INFO - Setting next_dagrun for example_external_task_marker_child to None, run_after=None
[2022-07-30 21:52:22,443] {logging_mixin.py:115} INFO - [2022-07-30 21:52:22,443] {dag.py:2968} INFO - Setting next_dagrun for example_external_task_marker_parent to None, run_after=None
[2022-07-30 21:52:22,451] {processor.py:161} INFO - Processing /home/hp/miniconda3/envs/airflow_env/lib/python3.8/site-packages/airflow/example_dags/example_external_task_marker_dag.py took 0.043 seconds
[2022-07-30 21:53:03,644] {processor.py:153} INFO - Started process (PID=34044) to work on /home/hp/miniconda3/envs/airflow_env/lib/python3.8/site-packages/airflow/example_dags/example_external_task_marker_dag.py
[2022-07-30 21:53:03,645] {processor.py:641} INFO - Processing file /home/hp/miniconda3/envs/airflow_env/lib/python3.8/site-packages/airflow/example_dags/example_external_task_marker_dag.py for tasks to queue
[2022-07-30 21:53:03,646] {logging_mixin.py:115} INFO - [2022-07-30 21:53:03,646] {dagbag.py:508} INFO - Filling up the DagBag from /home/hp/miniconda3/envs/airflow_env/lib/python3.8/site-packages/airflow/example_dags/example_external_task_marker_dag.py
[2022-07-30 21:53:03,656] {processor.py:651} INFO - DAG(s) dict_keys(['example_external_task_marker_parent', 'example_external_task_marker_child']) retrieved from /home/hp/miniconda3/envs/airflow_env/lib/python3.8/site-packages/airflow/example_dags/example_external_task_marker_dag.py
[2022-07-30 21:53:03,677] {logging_mixin.py:115} INFO - [2022-07-30 21:53:03,677] {dag.py:2420} INFO - Sync 2 DAGs
[2022-07-30 21:53:03,684] {logging_mixin.py:115} INFO - [2022-07-30 21:53:03,684] {dag.py:2968} INFO - Setting next_dagrun for example_external_task_marker_child to None, run_after=None
[2022-07-30 21:53:03,684] {logging_mixin.py:115} INFO - [2022-07-30 21:53:03,684] {dag.py:2968} INFO - Setting next_dagrun for example_external_task_marker_parent to None, run_after=None
[2022-07-30 21:53:03,693] {processor.py:161} INFO - Processing /home/hp/miniconda3/envs/airflow_env/lib/python3.8/site-packages/airflow/example_dags/example_external_task_marker_dag.py took 0.052 seconds
[2022-07-30 21:53:44,314] {processor.py:153} INFO - Started process (PID=34325) to work on /home/hp/miniconda3/envs/airflow_env/lib/python3.8/site-packages/airflow/example_dags/example_external_task_marker_dag.py
[2022-07-30 21:53:44,314] {processor.py:641} INFO - Processing file /home/hp/miniconda3/envs/airflow_env/lib/python3.8/site-packages/airflow/example_dags/example_external_task_marker_dag.py for tasks to queue
[2022-07-30 21:53:44,314] {logging_mixin.py:115} INFO - [2022-07-30 21:53:44,314] {dagbag.py:508} INFO - Filling up the DagBag from /home/hp/miniconda3/envs/airflow_env/lib/python3.8/site-packages/airflow/example_dags/example_external_task_marker_dag.py
[2022-07-30 21:53:44,318] {processor.py:651} INFO - DAG(s) dict_keys(['example_external_task_marker_parent', 'example_external_task_marker_child']) retrieved from /home/hp/miniconda3/envs/airflow_env/lib/python3.8/site-packages/airflow/example_dags/example_external_task_marker_dag.py
[2022-07-30 21:53:44,336] {logging_mixin.py:115} INFO - [2022-07-30 21:53:44,336] {dag.py:2420} INFO - Sync 2 DAGs
[2022-07-30 21:53:44,345] {logging_mixin.py:115} INFO - [2022-07-30 21:53:44,345] {dag.py:2968} INFO - Setting next_dagrun for example_external_task_marker_child to None, run_after=None
[2022-07-30 21:53:44,346] {logging_mixin.py:115} INFO - [2022-07-30 21:53:44,346] {dag.py:2968} INFO - Setting next_dagrun for example_external_task_marker_parent to None, run_after=None
[2022-07-30 21:53:44,354] {processor.py:161} INFO - Processing /home/hp/miniconda3/envs/airflow_env/lib/python3.8/site-packages/airflow/example_dags/example_external_task_marker_dag.py took 0.042 seconds
[2022-07-30 21:54:24,530] {processor.py:153} INFO - Started process (PID=34641) to work on /home/hp/miniconda3/envs/airflow_env/lib/python3.8/site-packages/airflow/example_dags/example_external_task_marker_dag.py
[2022-07-30 21:54:24,531] {processor.py:641} INFO - Processing file /home/hp/miniconda3/envs/airflow_env/lib/python3.8/site-packages/airflow/example_dags/example_external_task_marker_dag.py for tasks to queue
[2022-07-30 21:54:24,531] {logging_mixin.py:115} INFO - [2022-07-30 21:54:24,531] {dagbag.py:508} INFO - Filling up the DagBag from /home/hp/miniconda3/envs/airflow_env/lib/python3.8/site-packages/airflow/example_dags/example_external_task_marker_dag.py
[2022-07-30 21:54:24,537] {processor.py:651} INFO - DAG(s) dict_keys(['example_external_task_marker_parent', 'example_external_task_marker_child']) retrieved from /home/hp/miniconda3/envs/airflow_env/lib/python3.8/site-packages/airflow/example_dags/example_external_task_marker_dag.py
[2022-07-30 21:54:24,553] {logging_mixin.py:115} INFO - [2022-07-30 21:54:24,553] {dag.py:2420} INFO - Sync 2 DAGs
[2022-07-30 21:54:24,561] {logging_mixin.py:115} INFO - [2022-07-30 21:54:24,561] {dag.py:2968} INFO - Setting next_dagrun for example_external_task_marker_child to None, run_after=None
[2022-07-30 21:54:24,561] {logging_mixin.py:115} INFO - [2022-07-30 21:54:24,561] {dag.py:2968} INFO - Setting next_dagrun for example_external_task_marker_parent to None, run_after=None
[2022-07-30 21:54:24,569] {processor.py:161} INFO - Processing /home/hp/miniconda3/envs/airflow_env/lib/python3.8/site-packages/airflow/example_dags/example_external_task_marker_dag.py took 0.041 seconds
[2022-07-30 21:55:07,133] {processor.py:153} INFO - Started process (PID=34876) to work on /home/hp/miniconda3/envs/airflow_env/lib/python3.8/site-packages/airflow/example_dags/example_external_task_marker_dag.py
[2022-07-30 21:55:07,135] {processor.py:641} INFO - Processing file /home/hp/miniconda3/envs/airflow_env/lib/python3.8/site-packages/airflow/example_dags/example_external_task_marker_dag.py for tasks to queue
[2022-07-30 21:55:07,135] {logging_mixin.py:115} INFO - [2022-07-30 21:55:07,135] {dagbag.py:508} INFO - Filling up the DagBag from /home/hp/miniconda3/envs/airflow_env/lib/python3.8/site-packages/airflow/example_dags/example_external_task_marker_dag.py
[2022-07-30 21:55:07,145] {processor.py:651} INFO - DAG(s) dict_keys(['example_external_task_marker_parent', 'example_external_task_marker_child']) retrieved from /home/hp/miniconda3/envs/airflow_env/lib/python3.8/site-packages/airflow/example_dags/example_external_task_marker_dag.py
[2022-07-30 21:55:07,161] {logging_mixin.py:115} INFO - [2022-07-30 21:55:07,161] {dag.py:2420} INFO - Sync 2 DAGs
[2022-07-30 21:55:07,169] {logging_mixin.py:115} INFO - [2022-07-30 21:55:07,169] {dag.py:2968} INFO - Setting next_dagrun for example_external_task_marker_child to None, run_after=None
[2022-07-30 21:55:07,169] {logging_mixin.py:115} INFO - [2022-07-30 21:55:07,169] {dag.py:2968} INFO - Setting next_dagrun for example_external_task_marker_parent to None, run_after=None
[2022-07-30 21:55:07,178] {processor.py:161} INFO - Processing /home/hp/miniconda3/envs/airflow_env/lib/python3.8/site-packages/airflow/example_dags/example_external_task_marker_dag.py took 0.048 seconds
[2022-07-30 21:55:46,065] {processor.py:153} INFO - Started process (PID=35175) to work on /home/hp/miniconda3/envs/airflow_env/lib/python3.8/site-packages/airflow/example_dags/example_external_task_marker_dag.py
[2022-07-30 21:55:46,066] {processor.py:641} INFO - Processing file /home/hp/miniconda3/envs/airflow_env/lib/python3.8/site-packages/airflow/example_dags/example_external_task_marker_dag.py for tasks to queue
[2022-07-30 21:55:46,067] {logging_mixin.py:115} INFO - [2022-07-30 21:55:46,067] {dagbag.py:508} INFO - Filling up the DagBag from /home/hp/miniconda3/envs/airflow_env/lib/python3.8/site-packages/airflow/example_dags/example_external_task_marker_dag.py
[2022-07-30 21:55:46,073] {processor.py:651} INFO - DAG(s) dict_keys(['example_external_task_marker_parent', 'example_external_task_marker_child']) retrieved from /home/hp/miniconda3/envs/airflow_env/lib/python3.8/site-packages/airflow/example_dags/example_external_task_marker_dag.py
[2022-07-30 21:55:46,090] {logging_mixin.py:115} INFO - [2022-07-30 21:55:46,090] {dag.py:2420} INFO - Sync 2 DAGs
[2022-07-30 21:55:46,098] {logging_mixin.py:115} INFO - [2022-07-30 21:55:46,098] {dag.py:2968} INFO - Setting next_dagrun for example_external_task_marker_child to None, run_after=None
[2022-07-30 21:55:46,098] {logging_mixin.py:115} INFO - [2022-07-30 21:55:46,098] {dag.py:2968} INFO - Setting next_dagrun for example_external_task_marker_parent to None, run_after=None
[2022-07-30 21:55:46,106] {processor.py:161} INFO - Processing /home/hp/miniconda3/envs/airflow_env/lib/python3.8/site-packages/airflow/example_dags/example_external_task_marker_dag.py took 0.045 seconds
[2022-07-30 21:56:28,416] {processor.py:153} INFO - Started process (PID=35574) to work on /home/hp/miniconda3/envs/airflow_env/lib/python3.8/site-packages/airflow/example_dags/example_external_task_marker_dag.py
[2022-07-30 21:56:28,417] {processor.py:641} INFO - Processing file /home/hp/miniconda3/envs/airflow_env/lib/python3.8/site-packages/airflow/example_dags/example_external_task_marker_dag.py for tasks to queue
[2022-07-30 21:56:28,418] {logging_mixin.py:115} INFO - [2022-07-30 21:56:28,418] {dagbag.py:508} INFO - Filling up the DagBag from /home/hp/miniconda3/envs/airflow_env/lib/python3.8/site-packages/airflow/example_dags/example_external_task_marker_dag.py
[2022-07-30 21:56:28,427] {processor.py:651} INFO - DAG(s) dict_keys(['example_external_task_marker_parent', 'example_external_task_marker_child']) retrieved from /home/hp/miniconda3/envs/airflow_env/lib/python3.8/site-packages/airflow/example_dags/example_external_task_marker_dag.py
[2022-07-30 21:56:28,443] {logging_mixin.py:115} INFO - [2022-07-30 21:56:28,443] {dag.py:2420} INFO - Sync 2 DAGs
[2022-07-30 21:56:28,451] {logging_mixin.py:115} INFO - [2022-07-30 21:56:28,451] {dag.py:2968} INFO - Setting next_dagrun for example_external_task_marker_child to None, run_after=None
[2022-07-30 21:56:28,451] {logging_mixin.py:115} INFO - [2022-07-30 21:56:28,451] {dag.py:2968} INFO - Setting next_dagrun for example_external_task_marker_parent to None, run_after=None
[2022-07-30 21:56:28,461] {processor.py:161} INFO - Processing /home/hp/miniconda3/envs/airflow_env/lib/python3.8/site-packages/airflow/example_dags/example_external_task_marker_dag.py took 0.048 seconds
[2022-07-30 21:57:10,364] {processor.py:153} INFO - Started process (PID=35852) to work on /home/hp/miniconda3/envs/airflow_env/lib/python3.8/site-packages/airflow/example_dags/example_external_task_marker_dag.py
[2022-07-30 21:57:10,365] {processor.py:641} INFO - Processing file /home/hp/miniconda3/envs/airflow_env/lib/python3.8/site-packages/airflow/example_dags/example_external_task_marker_dag.py for tasks to queue
[2022-07-30 21:57:10,365] {logging_mixin.py:115} INFO - [2022-07-30 21:57:10,365] {dagbag.py:508} INFO - Filling up the DagBag from /home/hp/miniconda3/envs/airflow_env/lib/python3.8/site-packages/airflow/example_dags/example_external_task_marker_dag.py
[2022-07-30 21:57:10,374] {processor.py:651} INFO - DAG(s) dict_keys(['example_external_task_marker_parent', 'example_external_task_marker_child']) retrieved from /home/hp/miniconda3/envs/airflow_env/lib/python3.8/site-packages/airflow/example_dags/example_external_task_marker_dag.py
[2022-07-30 21:57:10,392] {logging_mixin.py:115} INFO - [2022-07-30 21:57:10,392] {dag.py:2420} INFO - Sync 2 DAGs
[2022-07-30 21:57:10,405] {logging_mixin.py:115} INFO - [2022-07-30 21:57:10,405] {dag.py:2968} INFO - Setting next_dagrun for example_external_task_marker_child to None, run_after=None
[2022-07-30 21:57:10,405] {logging_mixin.py:115} INFO - [2022-07-30 21:57:10,405] {dag.py:2968} INFO - Setting next_dagrun for example_external_task_marker_parent to None, run_after=None
[2022-07-30 21:57:10,415] {processor.py:161} INFO - Processing /home/hp/miniconda3/envs/airflow_env/lib/python3.8/site-packages/airflow/example_dags/example_external_task_marker_dag.py took 0.055 seconds
[2022-07-30 21:57:52,280] {processor.py:153} INFO - Started process (PID=36229) to work on /home/hp/miniconda3/envs/airflow_env/lib/python3.8/site-packages/airflow/example_dags/example_external_task_marker_dag.py
[2022-07-30 21:57:52,281] {processor.py:641} INFO - Processing file /home/hp/miniconda3/envs/airflow_env/lib/python3.8/site-packages/airflow/example_dags/example_external_task_marker_dag.py for tasks to queue
[2022-07-30 21:57:52,281] {logging_mixin.py:115} INFO - [2022-07-30 21:57:52,281] {dagbag.py:508} INFO - Filling up the DagBag from /home/hp/miniconda3/envs/airflow_env/lib/python3.8/site-packages/airflow/example_dags/example_external_task_marker_dag.py
[2022-07-30 21:57:52,283] {processor.py:651} INFO - DAG(s) dict_keys(['example_external_task_marker_parent', 'example_external_task_marker_child']) retrieved from /home/hp/miniconda3/envs/airflow_env/lib/python3.8/site-packages/airflow/example_dags/example_external_task_marker_dag.py
[2022-07-30 21:57:52,295] {logging_mixin.py:115} WARNING - /home/hp/miniconda3/envs/airflow_env/lib/python3.8/site-packages/airflow/models/dagbag.py:610 DeprecationWarning: DAG.full_filepath is deprecated in favour of fileloc
[2022-07-30 21:57:52,298] {logging_mixin.py:115} INFO - [2022-07-30 21:57:52,295] {dagbag.py:610} ERROR - Failed to write serialized DAG: /home/hp/miniconda3/envs/airflow_env/lib/python3.8/site-packages/airflow/example_dags/example_external_task_marker_dag.py
Traceback (most recent call last):
  File "/home/hp/miniconda3/envs/airflow_env/lib/python3.8/site-packages/airflow/models/dagbag.py", line 605, in _serialize_dag_capturing_errors
    self._sync_perm_for_dag(dag, session=session)
  File "/home/hp/miniconda3/envs/airflow_env/lib/python3.8/site-packages/airflow/utils/session.py", line 68, in wrapper
    return func(*args, **kwargs)
  File "/home/hp/miniconda3/envs/airflow_env/lib/python3.8/site-packages/airflow/models/dagbag.py", line 660, in _sync_perm_for_dag
    if dag.access_control or needs_perms(root_dag_id):
  File "/home/hp/miniconda3/envs/airflow_env/lib/python3.8/site-packages/airflow/models/dagbag.py", line 650, in needs_perms
    session.query(Permission)
  File "/home/hp/miniconda3/envs/airflow_env/lib/python3.8/site-packages/sqlalchemy/orm/session.py", line 2046, in query
    return self._query_cls(entities, self, **kwargs)
  File "/home/hp/miniconda3/envs/airflow_env/lib/python3.8/site-packages/sqlalchemy/orm/query.py", line 173, in __init__
    self._set_entities(entities)
  File "/home/hp/miniconda3/envs/airflow_env/lib/python3.8/site-packages/sqlalchemy/orm/query.py", line 180, in _set_entities
    self._raw_columns = [
  File "/home/hp/miniconda3/envs/airflow_env/lib/python3.8/site-packages/sqlalchemy/orm/query.py", line 181, in <listcomp>
    coercions.expect(
  File "/home/hp/miniconda3/envs/airflow_env/lib/python3.8/site-packages/sqlalchemy/sql/coercions.py", line 160, in expect
    insp._post_inspect
  File "/home/hp/miniconda3/envs/airflow_env/lib/python3.8/site-packages/sqlalchemy/util/langhelpers.py", line 1162, in __get__
    obj.__dict__[self.__name__] = result = self.fget(obj)
  File "/home/hp/miniconda3/envs/airflow_env/lib/python3.8/site-packages/sqlalchemy/orm/mapper.py", line 2097, in _post_inspect
    self._check_configure()
  File "/home/hp/miniconda3/envs/airflow_env/lib/python3.8/site-packages/sqlalchemy/orm/mapper.py", line 1874, in _check_configure
    _configure_registries({self.registry}, cascade=True)
  File "/home/hp/miniconda3/envs/airflow_env/lib/python3.8/site-packages/sqlalchemy/orm/mapper.py", line 3381, in _configure_registries
    _do_configure_registries(registries, cascade)
  File "/home/hp/miniconda3/envs/airflow_env/lib/python3.8/site-packages/sqlalchemy/orm/mapper.py", line 3420, in _do_configure_registries
    mapper._post_configure_properties()
  File "/home/hp/miniconda3/envs/airflow_env/lib/python3.8/site-packages/sqlalchemy/orm/mapper.py", line 1891, in _post_configure_properties
    prop.init()
  File "/home/hp/miniconda3/envs/airflow_env/lib/python3.8/site-packages/sqlalchemy/orm/interfaces.py", line 227, in init
    self.do_init()
  File "/home/hp/miniconda3/envs/airflow_env/lib/python3.8/site-packages/sqlalchemy/orm/relationships.py", line 2133, in do_init
    self._setup_join_conditions()
  File "/home/hp/miniconda3/envs/airflow_env/lib/python3.8/site-packages/sqlalchemy/orm/relationships.py", line 2229, in _setup_join_conditions
    self._join_condition = jc = JoinCondition(
  File "/home/hp/miniconda3/envs/airflow_env/lib/python3.8/site-packages/sqlalchemy/orm/relationships.py", line 2624, in __init__
    self._determine_joins()
  File "/home/hp/miniconda3/envs/airflow_env/lib/python3.8/site-packages/sqlalchemy/orm/relationships.py", line 2720, in _determine_joins
    self.secondaryjoin = join_condition(
  File "<string>", line 2, in join_condition
  File "/home/hp/miniconda3/envs/airflow_env/lib/python3.8/site-packages/sqlalchemy/sql/selectable.py", line 1186, in _join_condition
    constraints = cls._joincond_scan_left_right(
  File "/home/hp/miniconda3/envs/airflow_env/lib/python3.8/site-packages/sqlalchemy/sql/selectable.py", line 1255, in _joincond_scan_left_right
    col = fk.get_referent(left)
  File "/home/hp/miniconda3/envs/airflow_env/lib/python3.8/site-packages/sqlalchemy/sql/schema.py", line 2232, in get_referent
    return table.corresponding_column(self.column)
  File "/home/hp/miniconda3/envs/airflow_env/lib/python3.8/site-packages/sqlalchemy/util/langhelpers.py", line 1095, in __get__
    obj.__dict__[self.__name__] = result = self.fget(obj)
  File "/home/hp/miniconda3/envs/airflow_env/lib/python3.8/site-packages/sqlalchemy/sql/schema.py", line 2373, in column
    raise exc.NoReferencedTableError(
sqlalchemy.exc.NoReferencedTableError: Foreign key associated with column 'ab_permission_view_role.permission_view_id' could not find table 'ab_permission_view' with which to generate a foreign key to target column 'id'
[2022-07-30 21:57:52,308] {logging_mixin.py:115} INFO - [2022-07-30 21:57:52,308] {dagbag.py:610} ERROR - Failed to write serialized DAG: /home/hp/miniconda3/envs/airflow_env/lib/python3.8/site-packages/airflow/example_dags/example_external_task_marker_dag.py
Traceback (most recent call last):
  File "/home/hp/miniconda3/envs/airflow_env/lib/python3.8/site-packages/airflow/models/dagbag.py", line 605, in _serialize_dag_capturing_errors
    self._sync_perm_for_dag(dag, session=session)
  File "/home/hp/miniconda3/envs/airflow_env/lib/python3.8/site-packages/airflow/utils/session.py", line 68, in wrapper
    return func(*args, **kwargs)
  File "/home/hp/miniconda3/envs/airflow_env/lib/python3.8/site-packages/airflow/models/dagbag.py", line 660, in _sync_perm_for_dag
    if dag.access_control or needs_perms(root_dag_id):
  File "/home/hp/miniconda3/envs/airflow_env/lib/python3.8/site-packages/airflow/models/dagbag.py", line 650, in needs_perms
    session.query(Permission)
  File "/home/hp/miniconda3/envs/airflow_env/lib/python3.8/site-packages/sqlalchemy/orm/session.py", line 2046, in query
    return self._query_cls(entities, self, **kwargs)
  File "/home/hp/miniconda3/envs/airflow_env/lib/python3.8/site-packages/sqlalchemy/orm/query.py", line 173, in __init__
    self._set_entities(entities)
  File "/home/hp/miniconda3/envs/airflow_env/lib/python3.8/site-packages/sqlalchemy/orm/query.py", line 180, in _set_entities
    self._raw_columns = [
  File "/home/hp/miniconda3/envs/airflow_env/lib/python3.8/site-packages/sqlalchemy/orm/query.py", line 181, in <listcomp>
    coercions.expect(
  File "/home/hp/miniconda3/envs/airflow_env/lib/python3.8/site-packages/sqlalchemy/sql/coercions.py", line 160, in expect
    insp._post_inspect
  File "/home/hp/miniconda3/envs/airflow_env/lib/python3.8/site-packages/sqlalchemy/util/langhelpers.py", line 1162, in __get__
    obj.__dict__[self.__name__] = result = self.fget(obj)
  File "/home/hp/miniconda3/envs/airflow_env/lib/python3.8/site-packages/sqlalchemy/orm/mapper.py", line 2097, in _post_inspect
    self._check_configure()
  File "/home/hp/miniconda3/envs/airflow_env/lib/python3.8/site-packages/sqlalchemy/orm/mapper.py", line 1874, in _check_configure
    _configure_registries({self.registry}, cascade=True)
  File "/home/hp/miniconda3/envs/airflow_env/lib/python3.8/site-packages/sqlalchemy/orm/mapper.py", line 3381, in _configure_registries
    _do_configure_registries(registries, cascade)
  File "/home/hp/miniconda3/envs/airflow_env/lib/python3.8/site-packages/sqlalchemy/orm/mapper.py", line 3416, in _do_configure_registries
    raise e
sqlalchemy.exc.InvalidRequestError: One or more mappers failed to initialize - can't proceed with initialization of other mappers. Triggering mapper: 'mapped class Role->ab_role'. Original exception was: Foreign key associated with column 'ab_permission_view_role.permission_view_id' could not find table 'ab_permission_view' with which to generate a foreign key to target column 'id'
[2022-07-30 21:57:52,308] {logging_mixin.py:115} INFO - [2022-07-30 21:57:52,308] {dag.py:2420} INFO - Sync 2 DAGs
[2022-07-30 21:57:52,317] {logging_mixin.py:115} INFO - [2022-07-30 21:57:52,317] {dag.py:2968} INFO - Setting next_dagrun for example_external_task_marker_child to None, run_after=None
[2022-07-30 21:57:52,317] {logging_mixin.py:115} INFO - [2022-07-30 21:57:52,317] {dag.py:2968} INFO - Setting next_dagrun for example_external_task_marker_parent to None, run_after=None
[2022-07-30 21:57:52,331] {processor.py:161} INFO - Processing /home/hp/miniconda3/envs/airflow_env/lib/python3.8/site-packages/airflow/example_dags/example_external_task_marker_dag.py took 0.052 seconds
[2022-07-30 21:58:58,974] {processor.py:153} INFO - Started process (PID=36944) to work on /home/hp/miniconda3/envs/airflow_env/lib/python3.8/site-packages/airflow/example_dags/example_external_task_marker_dag.py
[2022-07-30 21:58:58,975] {processor.py:641} INFO - Processing file /home/hp/miniconda3/envs/airflow_env/lib/python3.8/site-packages/airflow/example_dags/example_external_task_marker_dag.py for tasks to queue
[2022-07-30 21:58:58,975] {logging_mixin.py:115} INFO - [2022-07-30 21:58:58,975] {dagbag.py:508} INFO - Filling up the DagBag from /home/hp/miniconda3/envs/airflow_env/lib/python3.8/site-packages/airflow/example_dags/example_external_task_marker_dag.py
[2022-07-30 21:58:58,980] {processor.py:651} INFO - DAG(s) dict_keys(['example_external_task_marker_parent', 'example_external_task_marker_child']) retrieved from /home/hp/miniconda3/envs/airflow_env/lib/python3.8/site-packages/airflow/example_dags/example_external_task_marker_dag.py
[2022-07-30 21:58:58,999] {logging_mixin.py:115} INFO - [2022-07-30 21:58:58,998] {dag.py:2420} INFO - Sync 2 DAGs
[2022-07-30 21:58:59,006] {logging_mixin.py:115} INFO - [2022-07-30 21:58:59,006] {dag.py:2968} INFO - Setting next_dagrun for example_external_task_marker_child to None, run_after=None
[2022-07-30 21:58:59,006] {logging_mixin.py:115} INFO - [2022-07-30 21:58:59,006] {dag.py:2968} INFO - Setting next_dagrun for example_external_task_marker_parent to None, run_after=None
[2022-07-30 21:58:59,018] {processor.py:161} INFO - Processing /home/hp/miniconda3/envs/airflow_env/lib/python3.8/site-packages/airflow/example_dags/example_external_task_marker_dag.py took 0.046 seconds
[2022-07-30 21:59:39,357] {processor.py:153} INFO - Started process (PID=37187) to work on /home/hp/miniconda3/envs/airflow_env/lib/python3.8/site-packages/airflow/example_dags/example_external_task_marker_dag.py
[2022-07-30 21:59:39,358] {processor.py:641} INFO - Processing file /home/hp/miniconda3/envs/airflow_env/lib/python3.8/site-packages/airflow/example_dags/example_external_task_marker_dag.py for tasks to queue
[2022-07-30 21:59:39,358] {logging_mixin.py:115} INFO - [2022-07-30 21:59:39,358] {dagbag.py:508} INFO - Filling up the DagBag from /home/hp/miniconda3/envs/airflow_env/lib/python3.8/site-packages/airflow/example_dags/example_external_task_marker_dag.py
[2022-07-30 21:59:39,363] {processor.py:651} INFO - DAG(s) dict_keys(['example_external_task_marker_parent', 'example_external_task_marker_child']) retrieved from /home/hp/miniconda3/envs/airflow_env/lib/python3.8/site-packages/airflow/example_dags/example_external_task_marker_dag.py
[2022-07-30 21:59:39,380] {logging_mixin.py:115} INFO - [2022-07-30 21:59:39,380] {dag.py:2420} INFO - Sync 2 DAGs
[2022-07-30 21:59:39,389] {logging_mixin.py:115} INFO - [2022-07-30 21:59:39,389] {dag.py:2968} INFO - Setting next_dagrun for example_external_task_marker_child to None, run_after=None
[2022-07-30 21:59:39,389] {logging_mixin.py:115} INFO - [2022-07-30 21:59:39,389] {dag.py:2968} INFO - Setting next_dagrun for example_external_task_marker_parent to None, run_after=None
[2022-07-30 21:59:39,397] {processor.py:161} INFO - Processing /home/hp/miniconda3/envs/airflow_env/lib/python3.8/site-packages/airflow/example_dags/example_external_task_marker_dag.py took 0.044 seconds
[2022-07-30 22:00:15,346] {processor.py:153} INFO - Started process (PID=37455) to work on /home/hp/miniconda3/envs/airflow_env/lib/python3.8/site-packages/airflow/example_dags/example_external_task_marker_dag.py
[2022-07-30 22:00:15,347] {processor.py:641} INFO - Processing file /home/hp/miniconda3/envs/airflow_env/lib/python3.8/site-packages/airflow/example_dags/example_external_task_marker_dag.py for tasks to queue
[2022-07-30 22:00:15,347] {logging_mixin.py:115} INFO - [2022-07-30 22:00:15,347] {dagbag.py:508} INFO - Filling up the DagBag from /home/hp/miniconda3/envs/airflow_env/lib/python3.8/site-packages/airflow/example_dags/example_external_task_marker_dag.py
[2022-07-30 22:00:15,353] {processor.py:651} INFO - DAG(s) dict_keys(['example_external_task_marker_parent', 'example_external_task_marker_child']) retrieved from /home/hp/miniconda3/envs/airflow_env/lib/python3.8/site-packages/airflow/example_dags/example_external_task_marker_dag.py
[2022-07-30 22:00:15,371] {logging_mixin.py:115} INFO - [2022-07-30 22:00:15,370] {dag.py:2420} INFO - Sync 2 DAGs
[2022-07-30 22:00:15,379] {logging_mixin.py:115} INFO - [2022-07-30 22:00:15,379] {dag.py:2968} INFO - Setting next_dagrun for example_external_task_marker_child to None, run_after=None
[2022-07-30 22:00:15,379] {logging_mixin.py:115} INFO - [2022-07-30 22:00:15,379] {dag.py:2968} INFO - Setting next_dagrun for example_external_task_marker_parent to None, run_after=None
[2022-07-30 22:00:15,392] {processor.py:161} INFO - Processing /home/hp/miniconda3/envs/airflow_env/lib/python3.8/site-packages/airflow/example_dags/example_external_task_marker_dag.py took 0.051 seconds
[2022-07-30 22:00:50,434] {processor.py:153} INFO - Started process (PID=37750) to work on /home/hp/miniconda3/envs/airflow_env/lib/python3.8/site-packages/airflow/example_dags/example_external_task_marker_dag.py
[2022-07-30 22:00:50,436] {processor.py:641} INFO - Processing file /home/hp/miniconda3/envs/airflow_env/lib/python3.8/site-packages/airflow/example_dags/example_external_task_marker_dag.py for tasks to queue
[2022-07-30 22:00:50,436] {logging_mixin.py:115} INFO - [2022-07-30 22:00:50,436] {dagbag.py:508} INFO - Filling up the DagBag from /home/hp/miniconda3/envs/airflow_env/lib/python3.8/site-packages/airflow/example_dags/example_external_task_marker_dag.py
[2022-07-30 22:00:50,441] {processor.py:651} INFO - DAG(s) dict_keys(['example_external_task_marker_parent', 'example_external_task_marker_child']) retrieved from /home/hp/miniconda3/envs/airflow_env/lib/python3.8/site-packages/airflow/example_dags/example_external_task_marker_dag.py
[2022-07-30 22:00:50,457] {logging_mixin.py:115} INFO - [2022-07-30 22:00:50,457] {dag.py:2420} INFO - Sync 2 DAGs
[2022-07-30 22:00:50,465] {logging_mixin.py:115} INFO - [2022-07-30 22:00:50,465] {dag.py:2968} INFO - Setting next_dagrun for example_external_task_marker_child to None, run_after=None
[2022-07-30 22:00:50,465] {logging_mixin.py:115} INFO - [2022-07-30 22:00:50,465] {dag.py:2968} INFO - Setting next_dagrun for example_external_task_marker_parent to None, run_after=None
[2022-07-30 22:00:50,472] {processor.py:161} INFO - Processing /home/hp/miniconda3/envs/airflow_env/lib/python3.8/site-packages/airflow/example_dags/example_external_task_marker_dag.py took 0.042 seconds
[2022-07-30 22:01:24,856] {processor.py:153} INFO - Started process (PID=38054) to work on /home/hp/miniconda3/envs/airflow_env/lib/python3.8/site-packages/airflow/example_dags/example_external_task_marker_dag.py
[2022-07-30 22:01:24,857] {processor.py:641} INFO - Processing file /home/hp/miniconda3/envs/airflow_env/lib/python3.8/site-packages/airflow/example_dags/example_external_task_marker_dag.py for tasks to queue
[2022-07-30 22:01:24,857] {logging_mixin.py:115} INFO - [2022-07-30 22:01:24,857] {dagbag.py:508} INFO - Filling up the DagBag from /home/hp/miniconda3/envs/airflow_env/lib/python3.8/site-packages/airflow/example_dags/example_external_task_marker_dag.py
[2022-07-30 22:01:24,860] {processor.py:651} INFO - DAG(s) dict_keys(['example_external_task_marker_parent', 'example_external_task_marker_child']) retrieved from /home/hp/miniconda3/envs/airflow_env/lib/python3.8/site-packages/airflow/example_dags/example_external_task_marker_dag.py
[2022-07-30 22:01:24,877] {logging_mixin.py:115} INFO - [2022-07-30 22:01:24,877] {dag.py:2420} INFO - Sync 2 DAGs
[2022-07-30 22:01:24,886] {logging_mixin.py:115} INFO - [2022-07-30 22:01:24,886] {dag.py:2968} INFO - Setting next_dagrun for example_external_task_marker_child to None, run_after=None
[2022-07-30 22:01:24,887] {logging_mixin.py:115} INFO - [2022-07-30 22:01:24,887] {dag.py:2968} INFO - Setting next_dagrun for example_external_task_marker_parent to None, run_after=None
[2022-07-30 22:01:24,896] {processor.py:161} INFO - Processing /home/hp/miniconda3/envs/airflow_env/lib/python3.8/site-packages/airflow/example_dags/example_external_task_marker_dag.py took 0.043 seconds
[2022-07-30 22:02:04,579] {processor.py:153} INFO - Started process (PID=38437) to work on /home/hp/miniconda3/envs/airflow_env/lib/python3.8/site-packages/airflow/example_dags/example_external_task_marker_dag.py
[2022-07-30 22:02:04,580] {processor.py:641} INFO - Processing file /home/hp/miniconda3/envs/airflow_env/lib/python3.8/site-packages/airflow/example_dags/example_external_task_marker_dag.py for tasks to queue
[2022-07-30 22:02:04,580] {logging_mixin.py:115} INFO - [2022-07-30 22:02:04,580] {dagbag.py:508} INFO - Filling up the DagBag from /home/hp/miniconda3/envs/airflow_env/lib/python3.8/site-packages/airflow/example_dags/example_external_task_marker_dag.py
[2022-07-30 22:02:04,584] {processor.py:651} INFO - DAG(s) dict_keys(['example_external_task_marker_parent', 'example_external_task_marker_child']) retrieved from /home/hp/miniconda3/envs/airflow_env/lib/python3.8/site-packages/airflow/example_dags/example_external_task_marker_dag.py
[2022-07-30 22:02:04,603] {logging_mixin.py:115} INFO - [2022-07-30 22:02:04,603] {dag.py:2420} INFO - Sync 2 DAGs
[2022-07-30 22:02:04,610] {logging_mixin.py:115} INFO - [2022-07-30 22:02:04,610] {dag.py:2968} INFO - Setting next_dagrun for example_external_task_marker_child to None, run_after=None
[2022-07-30 22:02:04,611] {logging_mixin.py:115} INFO - [2022-07-30 22:02:04,611] {dag.py:2968} INFO - Setting next_dagrun for example_external_task_marker_parent to None, run_after=None
[2022-07-30 22:02:04,619] {processor.py:161} INFO - Processing /home/hp/miniconda3/envs/airflow_env/lib/python3.8/site-packages/airflow/example_dags/example_external_task_marker_dag.py took 0.041 seconds
[2022-07-30 22:02:42,117] {processor.py:153} INFO - Started process (PID=38836) to work on /home/hp/miniconda3/envs/airflow_env/lib/python3.8/site-packages/airflow/example_dags/example_external_task_marker_dag.py
[2022-07-30 22:02:42,118] {processor.py:641} INFO - Processing file /home/hp/miniconda3/envs/airflow_env/lib/python3.8/site-packages/airflow/example_dags/example_external_task_marker_dag.py for tasks to queue
[2022-07-30 22:02:42,118] {logging_mixin.py:115} INFO - [2022-07-30 22:02:42,118] {dagbag.py:508} INFO - Filling up the DagBag from /home/hp/miniconda3/envs/airflow_env/lib/python3.8/site-packages/airflow/example_dags/example_external_task_marker_dag.py
[2022-07-30 22:02:42,121] {processor.py:651} INFO - DAG(s) dict_keys(['example_external_task_marker_parent', 'example_external_task_marker_child']) retrieved from /home/hp/miniconda3/envs/airflow_env/lib/python3.8/site-packages/airflow/example_dags/example_external_task_marker_dag.py
[2022-07-30 22:02:42,144] {logging_mixin.py:115} INFO - [2022-07-30 22:02:42,144] {dag.py:2420} INFO - Sync 2 DAGs
[2022-07-30 22:02:42,156] {logging_mixin.py:115} INFO - [2022-07-30 22:02:42,156] {dag.py:2968} INFO - Setting next_dagrun for example_external_task_marker_child to None, run_after=None
[2022-07-30 22:02:42,156] {logging_mixin.py:115} INFO - [2022-07-30 22:02:42,156] {dag.py:2968} INFO - Setting next_dagrun for example_external_task_marker_parent to None, run_after=None
[2022-07-30 22:02:42,169] {processor.py:161} INFO - Processing /home/hp/miniconda3/envs/airflow_env/lib/python3.8/site-packages/airflow/example_dags/example_external_task_marker_dag.py took 0.054 seconds
[2022-07-30 22:03:17,379] {processor.py:153} INFO - Started process (PID=39053) to work on /home/hp/miniconda3/envs/airflow_env/lib/python3.8/site-packages/airflow/example_dags/example_external_task_marker_dag.py
[2022-07-30 22:03:17,380] {processor.py:641} INFO - Processing file /home/hp/miniconda3/envs/airflow_env/lib/python3.8/site-packages/airflow/example_dags/example_external_task_marker_dag.py for tasks to queue
[2022-07-30 22:03:17,380] {logging_mixin.py:115} INFO - [2022-07-30 22:03:17,380] {dagbag.py:508} INFO - Filling up the DagBag from /home/hp/miniconda3/envs/airflow_env/lib/python3.8/site-packages/airflow/example_dags/example_external_task_marker_dag.py
[2022-07-30 22:03:17,382] {processor.py:651} INFO - DAG(s) dict_keys(['example_external_task_marker_parent', 'example_external_task_marker_child']) retrieved from /home/hp/miniconda3/envs/airflow_env/lib/python3.8/site-packages/airflow/example_dags/example_external_task_marker_dag.py
[2022-07-30 22:03:17,398] {logging_mixin.py:115} INFO - [2022-07-30 22:03:17,398] {dag.py:2420} INFO - Sync 2 DAGs
[2022-07-30 22:03:17,406] {logging_mixin.py:115} INFO - [2022-07-30 22:03:17,406] {dag.py:2968} INFO - Setting next_dagrun for example_external_task_marker_child to None, run_after=None
[2022-07-30 22:03:17,407] {logging_mixin.py:115} INFO - [2022-07-30 22:03:17,406] {dag.py:2968} INFO - Setting next_dagrun for example_external_task_marker_parent to None, run_after=None
[2022-07-30 22:03:17,414] {processor.py:161} INFO - Processing /home/hp/miniconda3/envs/airflow_env/lib/python3.8/site-packages/airflow/example_dags/example_external_task_marker_dag.py took 0.037 seconds
                                                                                                                                                                                                                                                                                                                                                                                                                                                                                                                                                                                                                                                                                                                                                                                                                                                                                                                                                                                                                                                                                                                                                                                                                                                                                                                                                                                                                                                                                                                                                                                                                                                                                                                     [2022-07-30 23:14:52,583] {processor.py:153} INFO - Started process (PID=5644) to work on /home/hp/miniconda3/envs/checker/lib/python3.8/site-packages/airflow/example_dags/example_external_task_marker_dag.py
[2022-07-30 23:14:52,584] {processor.py:641} INFO - Processing file /home/hp/miniconda3/envs/checker/lib/python3.8/site-packages/airflow/example_dags/example_external_task_marker_dag.py for tasks to queue
[2022-07-30 23:14:52,584] {logging_mixin.py:115} INFO - [2022-07-30 23:14:52,584] {dagbag.py:508} INFO - Filling up the DagBag from /home/hp/miniconda3/envs/checker/lib/python3.8/site-packages/airflow/example_dags/example_external_task_marker_dag.py
[2022-07-30 23:14:52,589] {processor.py:651} INFO - DAG(s) dict_keys(['example_external_task_marker_parent', 'example_external_task_marker_child']) retrieved from /home/hp/miniconda3/envs/checker/lib/python3.8/site-packages/airflow/example_dags/example_external_task_marker_dag.py
[2022-07-30 23:14:52,622] {logging_mixin.py:115} INFO - [2022-07-30 23:14:52,622] {dag.py:2420} INFO - Sync 2 DAGs
[2022-07-30 23:14:52,631] {logging_mixin.py:115} INFO - [2022-07-30 23:14:52,631] {dag.py:2968} INFO - Setting next_dagrun for example_external_task_marker_child to None, run_after=None
[2022-07-30 23:14:52,631] {logging_mixin.py:115} INFO - [2022-07-30 23:14:52,631] {dag.py:2968} INFO - Setting next_dagrun for example_external_task_marker_parent to None, run_after=None
[2022-07-30 23:14:52,643] {processor.py:161} INFO - Processing /home/hp/miniconda3/envs/checker/lib/python3.8/site-packages/airflow/example_dags/example_external_task_marker_dag.py took 0.063 seconds
[2022-07-30 23:15:30,863] {processor.py:153} INFO - Started process (PID=6658) to work on /home/hp/miniconda3/envs/checker/lib/python3.8/site-packages/airflow/example_dags/example_external_task_marker_dag.py
[2022-07-30 23:15:30,864] {processor.py:641} INFO - Processing file /home/hp/miniconda3/envs/checker/lib/python3.8/site-packages/airflow/example_dags/example_external_task_marker_dag.py for tasks to queue
[2022-07-30 23:15:30,864] {logging_mixin.py:115} INFO - [2022-07-30 23:15:30,864] {dagbag.py:508} INFO - Filling up the DagBag from /home/hp/miniconda3/envs/checker/lib/python3.8/site-packages/airflow/example_dags/example_external_task_marker_dag.py
[2022-07-30 23:15:30,871] {processor.py:651} INFO - DAG(s) dict_keys(['example_external_task_marker_parent', 'example_external_task_marker_child']) retrieved from /home/hp/miniconda3/envs/checker/lib/python3.8/site-packages/airflow/example_dags/example_external_task_marker_dag.py
[2022-07-30 23:15:30,885] {logging_mixin.py:115} INFO - [2022-07-30 23:15:30,885] {dag.py:2420} INFO - Sync 2 DAGs
[2022-07-30 23:15:30,897] {logging_mixin.py:115} INFO - [2022-07-30 23:15:30,897] {dag.py:2968} INFO - Setting next_dagrun for example_external_task_marker_child to None, run_after=None
[2022-07-30 23:15:30,897] {logging_mixin.py:115} INFO - [2022-07-30 23:15:30,897] {dag.py:2968} INFO - Setting next_dagrun for example_external_task_marker_parent to None, run_after=None
[2022-07-30 23:15:30,906] {processor.py:161} INFO - Processing /home/hp/miniconda3/envs/checker/lib/python3.8/site-packages/airflow/example_dags/example_external_task_marker_dag.py took 0.044 seconds
[2022-07-30 23:16:08,099] {processor.py:153} INFO - Started process (PID=7033) to work on /home/hp/miniconda3/envs/checker/lib/python3.8/site-packages/airflow/example_dags/example_external_task_marker_dag.py
[2022-07-30 23:16:08,099] {processor.py:641} INFO - Processing file /home/hp/miniconda3/envs/checker/lib/python3.8/site-packages/airflow/example_dags/example_external_task_marker_dag.py for tasks to queue
[2022-07-30 23:16:08,100] {logging_mixin.py:115} INFO - [2022-07-30 23:16:08,100] {dagbag.py:508} INFO - Filling up the DagBag from /home/hp/miniconda3/envs/checker/lib/python3.8/site-packages/airflow/example_dags/example_external_task_marker_dag.py
[2022-07-30 23:16:08,104] {processor.py:651} INFO - DAG(s) dict_keys(['example_external_task_marker_parent', 'example_external_task_marker_child']) retrieved from /home/hp/miniconda3/envs/checker/lib/python3.8/site-packages/airflow/example_dags/example_external_task_marker_dag.py
[2022-07-30 23:16:08,117] {logging_mixin.py:115} INFO - [2022-07-30 23:16:08,117] {dag.py:2420} INFO - Sync 2 DAGs
[2022-07-30 23:16:08,126] {logging_mixin.py:115} INFO - [2022-07-30 23:16:08,126] {dag.py:2968} INFO - Setting next_dagrun for example_external_task_marker_child to None, run_after=None
[2022-07-30 23:16:08,126] {logging_mixin.py:115} INFO - [2022-07-30 23:16:08,126] {dag.py:2968} INFO - Setting next_dagrun for example_external_task_marker_parent to None, run_after=None
[2022-07-30 23:16:08,136] {processor.py:161} INFO - Processing /home/hp/miniconda3/envs/checker/lib/python3.8/site-packages/airflow/example_dags/example_external_task_marker_dag.py took 0.039 seconds
[2022-07-30 23:16:45,771] {processor.py:153} INFO - Started process (PID=7343) to work on /home/hp/miniconda3/envs/checker/lib/python3.8/site-packages/airflow/example_dags/example_external_task_marker_dag.py
[2022-07-30 23:16:45,772] {processor.py:641} INFO - Processing file /home/hp/miniconda3/envs/checker/lib/python3.8/site-packages/airflow/example_dags/example_external_task_marker_dag.py for tasks to queue
[2022-07-30 23:16:45,772] {logging_mixin.py:115} INFO - [2022-07-30 23:16:45,772] {dagbag.py:508} INFO - Filling up the DagBag from /home/hp/miniconda3/envs/checker/lib/python3.8/site-packages/airflow/example_dags/example_external_task_marker_dag.py
[2022-07-30 23:16:45,776] {processor.py:651} INFO - DAG(s) dict_keys(['example_external_task_marker_parent', 'example_external_task_marker_child']) retrieved from /home/hp/miniconda3/envs/checker/lib/python3.8/site-packages/airflow/example_dags/example_external_task_marker_dag.py
[2022-07-30 23:16:45,791] {logging_mixin.py:115} INFO - [2022-07-30 23:16:45,791] {dag.py:2420} INFO - Sync 2 DAGs
[2022-07-30 23:16:45,803] {logging_mixin.py:115} INFO - [2022-07-30 23:16:45,803] {dag.py:2968} INFO - Setting next_dagrun for example_external_task_marker_child to None, run_after=None
[2022-07-30 23:16:45,804] {logging_mixin.py:115} INFO - [2022-07-30 23:16:45,804] {dag.py:2968} INFO - Setting next_dagrun for example_external_task_marker_parent to None, run_after=None
[2022-07-30 23:16:45,814] {processor.py:161} INFO - Processing /home/hp/miniconda3/envs/checker/lib/python3.8/site-packages/airflow/example_dags/example_external_task_marker_dag.py took 0.045 seconds
[2022-07-30 23:17:20,020] {processor.py:153} INFO - Started process (PID=7518) to work on /home/hp/miniconda3/envs/checker/lib/python3.8/site-packages/airflow/example_dags/example_external_task_marker_dag.py
[2022-07-30 23:17:20,021] {processor.py:641} INFO - Processing file /home/hp/miniconda3/envs/checker/lib/python3.8/site-packages/airflow/example_dags/example_external_task_marker_dag.py for tasks to queue
[2022-07-30 23:17:20,021] {logging_mixin.py:115} INFO - [2022-07-30 23:17:20,021] {dagbag.py:508} INFO - Filling up the DagBag from /home/hp/miniconda3/envs/checker/lib/python3.8/site-packages/airflow/example_dags/example_external_task_marker_dag.py
[2022-07-30 23:17:20,026] {processor.py:651} INFO - DAG(s) dict_keys(['example_external_task_marker_parent', 'example_external_task_marker_child']) retrieved from /home/hp/miniconda3/envs/checker/lib/python3.8/site-packages/airflow/example_dags/example_external_task_marker_dag.py
[2022-07-30 23:17:20,038] {logging_mixin.py:115} INFO - [2022-07-30 23:17:20,038] {dag.py:2420} INFO - Sync 2 DAGs
[2022-07-30 23:17:20,048] {logging_mixin.py:115} INFO - [2022-07-30 23:17:20,048] {dag.py:2968} INFO - Setting next_dagrun for example_external_task_marker_child to None, run_after=None
[2022-07-30 23:17:20,048] {logging_mixin.py:115} INFO - [2022-07-30 23:17:20,048] {dag.py:2968} INFO - Setting next_dagrun for example_external_task_marker_parent to None, run_after=None
[2022-07-30 23:17:20,058] {processor.py:161} INFO - Processing /home/hp/miniconda3/envs/checker/lib/python3.8/site-packages/airflow/example_dags/example_external_task_marker_dag.py took 0.040 seconds
[2022-07-30 23:17:57,813] {processor.py:153} INFO - Started process (PID=7848) to work on /home/hp/miniconda3/envs/checker/lib/python3.8/site-packages/airflow/example_dags/example_external_task_marker_dag.py
[2022-07-30 23:17:57,814] {processor.py:641} INFO - Processing file /home/hp/miniconda3/envs/checker/lib/python3.8/site-packages/airflow/example_dags/example_external_task_marker_dag.py for tasks to queue
[2022-07-30 23:17:57,815] {logging_mixin.py:115} INFO - [2022-07-30 23:17:57,814] {dagbag.py:508} INFO - Filling up the DagBag from /home/hp/miniconda3/envs/checker/lib/python3.8/site-packages/airflow/example_dags/example_external_task_marker_dag.py
[2022-07-30 23:17:57,819] {processor.py:651} INFO - DAG(s) dict_keys(['example_external_task_marker_parent', 'example_external_task_marker_child']) retrieved from /home/hp/miniconda3/envs/checker/lib/python3.8/site-packages/airflow/example_dags/example_external_task_marker_dag.py
[2022-07-30 23:17:57,834] {logging_mixin.py:115} INFO - [2022-07-30 23:17:57,834] {dag.py:2420} INFO - Sync 2 DAGs
[2022-07-30 23:17:57,843] {logging_mixin.py:115} INFO - [2022-07-30 23:17:57,843] {dag.py:2968} INFO - Setting next_dagrun for example_external_task_marker_child to None, run_after=None
[2022-07-30 23:17:57,843] {logging_mixin.py:115} INFO - [2022-07-30 23:17:57,843] {dag.py:2968} INFO - Setting next_dagrun for example_external_task_marker_parent to None, run_after=None
[2022-07-30 23:17:57,854] {processor.py:161} INFO - Processing /home/hp/miniconda3/envs/checker/lib/python3.8/site-packages/airflow/example_dags/example_external_task_marker_dag.py took 0.045 seconds
[2022-07-30 23:20:32,966] {processor.py:153} INFO - Started process (PID=8988) to work on /home/hp/miniconda3/envs/checker/lib/python3.8/site-packages/airflow/example_dags/example_external_task_marker_dag.py
[2022-07-30 23:20:32,967] {processor.py:641} INFO - Processing file /home/hp/miniconda3/envs/checker/lib/python3.8/site-packages/airflow/example_dags/example_external_task_marker_dag.py for tasks to queue
[2022-07-30 23:20:32,967] {logging_mixin.py:115} INFO - [2022-07-30 23:20:32,967] {dagbag.py:508} INFO - Filling up the DagBag from /home/hp/miniconda3/envs/checker/lib/python3.8/site-packages/airflow/example_dags/example_external_task_marker_dag.py
[2022-07-30 23:20:32,969] {processor.py:651} INFO - DAG(s) dict_keys(['example_external_task_marker_parent', 'example_external_task_marker_child']) retrieved from /home/hp/miniconda3/envs/checker/lib/python3.8/site-packages/airflow/example_dags/example_external_task_marker_dag.py
[2022-07-30 23:20:32,984] {logging_mixin.py:115} INFO - [2022-07-30 23:20:32,983] {dag.py:2420} INFO - Sync 2 DAGs
[2022-07-30 23:20:32,994] {logging_mixin.py:115} INFO - [2022-07-30 23:20:32,994] {dag.py:2968} INFO - Setting next_dagrun for example_external_task_marker_child to None, run_after=None
[2022-07-30 23:20:32,994] {logging_mixin.py:115} INFO - [2022-07-30 23:20:32,994] {dag.py:2968} INFO - Setting next_dagrun for example_external_task_marker_parent to None, run_after=None
[2022-07-30 23:20:33,004] {processor.py:161} INFO - Processing /home/hp/miniconda3/envs/checker/lib/python3.8/site-packages/airflow/example_dags/example_external_task_marker_dag.py took 0.039 seconds
[2022-07-30 23:25:15,868] {processor.py:153} INFO - Started process (PID=10767) to work on /home/hp/miniconda3/envs/checker/lib/python3.8/site-packages/airflow/example_dags/example_external_task_marker_dag.py
[2022-07-30 23:25:15,869] {processor.py:641} INFO - Processing file /home/hp/miniconda3/envs/checker/lib/python3.8/site-packages/airflow/example_dags/example_external_task_marker_dag.py for tasks to queue
[2022-07-30 23:25:15,869] {logging_mixin.py:115} INFO - [2022-07-30 23:25:15,869] {dagbag.py:508} INFO - Filling up the DagBag from /home/hp/miniconda3/envs/checker/lib/python3.8/site-packages/airflow/example_dags/example_external_task_marker_dag.py
[2022-07-30 23:25:15,873] {processor.py:651} INFO - DAG(s) dict_keys(['example_external_task_marker_parent', 'example_external_task_marker_child']) retrieved from /home/hp/miniconda3/envs/checker/lib/python3.8/site-packages/airflow/example_dags/example_external_task_marker_dag.py
[2022-07-30 23:25:15,885] {logging_mixin.py:115} INFO - [2022-07-30 23:25:15,885] {dag.py:2420} INFO - Sync 2 DAGs
[2022-07-30 23:25:15,894] {logging_mixin.py:115} INFO - [2022-07-30 23:25:15,894] {dag.py:2968} INFO - Setting next_dagrun for example_external_task_marker_child to None, run_after=None
[2022-07-30 23:25:15,894] {logging_mixin.py:115} INFO - [2022-07-30 23:25:15,894] {dag.py:2968} INFO - Setting next_dagrun for example_external_task_marker_parent to None, run_after=None
[2022-07-30 23:25:15,904] {processor.py:161} INFO - Processing /home/hp/miniconda3/envs/checker/lib/python3.8/site-packages/airflow/example_dags/example_external_task_marker_dag.py took 0.041 seconds
[2022-07-30 23:26:09,235] {processor.py:153} INFO - Started process (PID=11280) to work on /home/hp/miniconda3/envs/checker/lib/python3.8/site-packages/airflow/example_dags/example_external_task_marker_dag.py
[2022-07-30 23:26:09,235] {processor.py:641} INFO - Processing file /home/hp/miniconda3/envs/checker/lib/python3.8/site-packages/airflow/example_dags/example_external_task_marker_dag.py for tasks to queue
[2022-07-30 23:26:09,236] {logging_mixin.py:115} INFO - [2022-07-30 23:26:09,236] {dagbag.py:508} INFO - Filling up the DagBag from /home/hp/miniconda3/envs/checker/lib/python3.8/site-packages/airflow/example_dags/example_external_task_marker_dag.py
[2022-07-30 23:26:09,240] {processor.py:651} INFO - DAG(s) dict_keys(['example_external_task_marker_parent', 'example_external_task_marker_child']) retrieved from /home/hp/miniconda3/envs/checker/lib/python3.8/site-packages/airflow/example_dags/example_external_task_marker_dag.py
[2022-07-30 23:26:09,253] {logging_mixin.py:115} INFO - [2022-07-30 23:26:09,253] {dag.py:2420} INFO - Sync 2 DAGs
[2022-07-30 23:26:09,262] {logging_mixin.py:115} INFO - [2022-07-30 23:26:09,262] {dag.py:2968} INFO - Setting next_dagrun for example_external_task_marker_child to None, run_after=None
[2022-07-30 23:26:09,262] {logging_mixin.py:115} INFO - [2022-07-30 23:26:09,262] {dag.py:2968} INFO - Setting next_dagrun for example_external_task_marker_parent to None, run_after=None
[2022-07-30 23:26:09,271] {processor.py:161} INFO - Processing /home/hp/miniconda3/envs/checker/lib/python3.8/site-packages/airflow/example_dags/example_external_task_marker_dag.py took 0.041 seconds
[2022-07-30 23:26:45,294] {processor.py:153} INFO - Started process (PID=11819) to work on /home/hp/miniconda3/envs/checker/lib/python3.8/site-packages/airflow/example_dags/example_external_task_marker_dag.py
[2022-07-30 23:26:45,295] {processor.py:641} INFO - Processing file /home/hp/miniconda3/envs/checker/lib/python3.8/site-packages/airflow/example_dags/example_external_task_marker_dag.py for tasks to queue
[2022-07-30 23:26:45,296] {logging_mixin.py:115} INFO - [2022-07-30 23:26:45,296] {dagbag.py:508} INFO - Filling up the DagBag from /home/hp/miniconda3/envs/checker/lib/python3.8/site-packages/airflow/example_dags/example_external_task_marker_dag.py
[2022-07-30 23:26:45,301] {processor.py:651} INFO - DAG(s) dict_keys(['example_external_task_marker_parent', 'example_external_task_marker_child']) retrieved from /home/hp/miniconda3/envs/checker/lib/python3.8/site-packages/airflow/example_dags/example_external_task_marker_dag.py
[2022-07-30 23:26:45,312] {logging_mixin.py:115} INFO - [2022-07-30 23:26:45,312] {dag.py:2420} INFO - Sync 2 DAGs
[2022-07-30 23:26:45,320] {logging_mixin.py:115} INFO - [2022-07-30 23:26:45,320] {dag.py:2968} INFO - Setting next_dagrun for example_external_task_marker_child to None, run_after=None
[2022-07-30 23:26:45,320] {logging_mixin.py:115} INFO - [2022-07-30 23:26:45,320] {dag.py:2968} INFO - Setting next_dagrun for example_external_task_marker_parent to None, run_after=None
[2022-07-30 23:26:45,329] {processor.py:161} INFO - Processing /home/hp/miniconda3/envs/checker/lib/python3.8/site-packages/airflow/example_dags/example_external_task_marker_dag.py took 0.038 seconds
[2022-07-30 23:27:23,005] {processor.py:153} INFO - Started process (PID=12417) to work on /home/hp/miniconda3/envs/checker/lib/python3.8/site-packages/airflow/example_dags/example_external_task_marker_dag.py
[2022-07-30 23:27:23,006] {processor.py:641} INFO - Processing file /home/hp/miniconda3/envs/checker/lib/python3.8/site-packages/airflow/example_dags/example_external_task_marker_dag.py for tasks to queue
[2022-07-30 23:27:23,007] {logging_mixin.py:115} INFO - [2022-07-30 23:27:23,006] {dagbag.py:508} INFO - Filling up the DagBag from /home/hp/miniconda3/envs/checker/lib/python3.8/site-packages/airflow/example_dags/example_external_task_marker_dag.py
[2022-07-30 23:27:23,012] {processor.py:651} INFO - DAG(s) dict_keys(['example_external_task_marker_parent', 'example_external_task_marker_child']) retrieved from /home/hp/miniconda3/envs/checker/lib/python3.8/site-packages/airflow/example_dags/example_external_task_marker_dag.py
[2022-07-30 23:27:23,025] {logging_mixin.py:115} INFO - [2022-07-30 23:27:23,025] {dag.py:2420} INFO - Sync 2 DAGs
[2022-07-30 23:27:23,033] {logging_mixin.py:115} INFO - [2022-07-30 23:27:23,033] {dag.py:2968} INFO - Setting next_dagrun for example_external_task_marker_child to None, run_after=None
[2022-07-30 23:27:23,033] {logging_mixin.py:115} INFO - [2022-07-30 23:27:23,033] {dag.py:2968} INFO - Setting next_dagrun for example_external_task_marker_parent to None, run_after=None
[2022-07-30 23:27:23,043] {processor.py:161} INFO - Processing /home/hp/miniconda3/envs/checker/lib/python3.8/site-packages/airflow/example_dags/example_external_task_marker_dag.py took 0.042 seconds
[2022-07-30 23:28:01,140] {processor.py:153} INFO - Started process (PID=12746) to work on /home/hp/miniconda3/envs/checker/lib/python3.8/site-packages/airflow/example_dags/example_external_task_marker_dag.py
[2022-07-30 23:28:01,141] {processor.py:641} INFO - Processing file /home/hp/miniconda3/envs/checker/lib/python3.8/site-packages/airflow/example_dags/example_external_task_marker_dag.py for tasks to queue
[2022-07-30 23:28:01,141] {logging_mixin.py:115} INFO - [2022-07-30 23:28:01,141] {dagbag.py:508} INFO - Filling up the DagBag from /home/hp/miniconda3/envs/checker/lib/python3.8/site-packages/airflow/example_dags/example_external_task_marker_dag.py
[2022-07-30 23:28:01,143] {processor.py:651} INFO - DAG(s) dict_keys(['example_external_task_marker_parent', 'example_external_task_marker_child']) retrieved from /home/hp/miniconda3/envs/checker/lib/python3.8/site-packages/airflow/example_dags/example_external_task_marker_dag.py
[2022-07-30 23:28:01,155] {logging_mixin.py:115} INFO - [2022-07-30 23:28:01,155] {dag.py:2420} INFO - Sync 2 DAGs
[2022-07-30 23:28:01,163] {logging_mixin.py:115} INFO - [2022-07-30 23:28:01,163] {dag.py:2968} INFO - Setting next_dagrun for example_external_task_marker_child to None, run_after=None
[2022-07-30 23:28:01,163] {logging_mixin.py:115} INFO - [2022-07-30 23:28:01,163] {dag.py:2968} INFO - Setting next_dagrun for example_external_task_marker_parent to None, run_after=None
[2022-07-30 23:28:01,172] {processor.py:161} INFO - Processing /home/hp/miniconda3/envs/checker/lib/python3.8/site-packages/airflow/example_dags/example_external_task_marker_dag.py took 0.033 seconds
[2022-07-30 23:28:37,077] {processor.py:153} INFO - Started process (PID=13192) to work on /home/hp/miniconda3/envs/checker/lib/python3.8/site-packages/airflow/example_dags/example_external_task_marker_dag.py
[2022-07-30 23:28:37,078] {processor.py:641} INFO - Processing file /home/hp/miniconda3/envs/checker/lib/python3.8/site-packages/airflow/example_dags/example_external_task_marker_dag.py for tasks to queue
[2022-07-30 23:28:37,079] {logging_mixin.py:115} INFO - [2022-07-30 23:28:37,079] {dagbag.py:508} INFO - Filling up the DagBag from /home/hp/miniconda3/envs/checker/lib/python3.8/site-packages/airflow/example_dags/example_external_task_marker_dag.py
[2022-07-30 23:28:37,085] {processor.py:651} INFO - DAG(s) dict_keys(['example_external_task_marker_parent', 'example_external_task_marker_child']) retrieved from /home/hp/miniconda3/envs/checker/lib/python3.8/site-packages/airflow/example_dags/example_external_task_marker_dag.py
[2022-07-30 23:28:37,101] {logging_mixin.py:115} INFO - [2022-07-30 23:28:37,101] {dag.py:2420} INFO - Sync 2 DAGs
[2022-07-30 23:28:37,109] {logging_mixin.py:115} INFO - [2022-07-30 23:28:37,109] {dag.py:2968} INFO - Setting next_dagrun for example_external_task_marker_child to None, run_after=None
[2022-07-30 23:28:37,109] {logging_mixin.py:115} INFO - [2022-07-30 23:28:37,109] {dag.py:2968} INFO - Setting next_dagrun for example_external_task_marker_parent to None, run_after=None
[2022-07-30 23:28:37,119] {processor.py:161} INFO - Processing /home/hp/miniconda3/envs/checker/lib/python3.8/site-packages/airflow/example_dags/example_external_task_marker_dag.py took 0.044 seconds
