[2022-07-30 21:48:03,011] {processor.py:153} INFO - Started process (PID=31714) to work on /home/hp/miniconda3/envs/airflow_env/lib/python3.8/site-packages/airflow/example_dags/example_nested_branch_dag.py
[2022-07-30 21:48:03,011] {processor.py:641} INFO - Processing file /home/hp/miniconda3/envs/airflow_env/lib/python3.8/site-packages/airflow/example_dags/example_nested_branch_dag.py for tasks to queue
[2022-07-30 21:48:03,012] {logging_mixin.py:115} INFO - [2022-07-30 21:48:03,012] {dagbag.py:508} INFO - Filling up the DagBag from /home/hp/miniconda3/envs/airflow_env/lib/python3.8/site-packages/airflow/example_dags/example_nested_branch_dag.py
[2022-07-30 21:48:03,024] {processor.py:651} INFO - DAG(s) dict_keys(['example_nested_branch_dag']) retrieved from /home/hp/miniconda3/envs/airflow_env/lib/python3.8/site-packages/airflow/example_dags/example_nested_branch_dag.py
[2022-07-30 21:48:03,031] {logging_mixin.py:115} INFO - [2022-07-30 21:48:03,031] {dag.py:2420} INFO - Sync 1 DAGs
[2022-07-30 21:48:03,041] {logging_mixin.py:115} INFO - [2022-07-30 21:48:03,041] {dag.py:2968} INFO - Setting next_dagrun for example_nested_branch_dag to 2022-07-29T00:00:00+00:00, run_after=2022-07-30T00:00:00+00:00
[2022-07-30 21:48:03,051] {processor.py:161} INFO - Processing /home/hp/miniconda3/envs/airflow_env/lib/python3.8/site-packages/airflow/example_dags/example_nested_branch_dag.py took 0.044 seconds
[2022-07-30 21:48:45,255] {processor.py:153} INFO - Started process (PID=32014) to work on /home/hp/miniconda3/envs/airflow_env/lib/python3.8/site-packages/airflow/example_dags/example_nested_branch_dag.py
[2022-07-30 21:48:45,256] {processor.py:641} INFO - Processing file /home/hp/miniconda3/envs/airflow_env/lib/python3.8/site-packages/airflow/example_dags/example_nested_branch_dag.py for tasks to queue
[2022-07-30 21:48:45,256] {logging_mixin.py:115} INFO - [2022-07-30 21:48:45,256] {dagbag.py:508} INFO - Filling up the DagBag from /home/hp/miniconda3/envs/airflow_env/lib/python3.8/site-packages/airflow/example_dags/example_nested_branch_dag.py
[2022-07-30 21:48:45,267] {processor.py:651} INFO - DAG(s) dict_keys(['example_nested_branch_dag']) retrieved from /home/hp/miniconda3/envs/airflow_env/lib/python3.8/site-packages/airflow/example_dags/example_nested_branch_dag.py
[2022-07-30 21:48:45,276] {logging_mixin.py:115} INFO - [2022-07-30 21:48:45,276] {dag.py:2420} INFO - Sync 1 DAGs
[2022-07-30 21:48:45,285] {logging_mixin.py:115} INFO - [2022-07-30 21:48:45,285] {dag.py:2968} INFO - Setting next_dagrun for example_nested_branch_dag to 2022-07-29T00:00:00+00:00, run_after=2022-07-30T00:00:00+00:00
[2022-07-30 21:48:45,293] {processor.py:161} INFO - Processing /home/hp/miniconda3/envs/airflow_env/lib/python3.8/site-packages/airflow/example_dags/example_nested_branch_dag.py took 0.039 seconds
[2022-07-30 21:49:25,484] {processor.py:153} INFO - Started process (PID=32189) to work on /home/hp/miniconda3/envs/airflow_env/lib/python3.8/site-packages/airflow/example_dags/example_nested_branch_dag.py
[2022-07-30 21:49:25,485] {processor.py:641} INFO - Processing file /home/hp/miniconda3/envs/airflow_env/lib/python3.8/site-packages/airflow/example_dags/example_nested_branch_dag.py for tasks to queue
[2022-07-30 21:49:25,486] {logging_mixin.py:115} INFO - [2022-07-30 21:49:25,486] {dagbag.py:508} INFO - Filling up the DagBag from /home/hp/miniconda3/envs/airflow_env/lib/python3.8/site-packages/airflow/example_dags/example_nested_branch_dag.py
[2022-07-30 21:49:25,499] {processor.py:651} INFO - DAG(s) dict_keys(['example_nested_branch_dag']) retrieved from /home/hp/miniconda3/envs/airflow_env/lib/python3.8/site-packages/airflow/example_dags/example_nested_branch_dag.py
[2022-07-30 21:49:25,507] {logging_mixin.py:115} INFO - [2022-07-30 21:49:25,507] {dag.py:2420} INFO - Sync 1 DAGs
[2022-07-30 21:49:25,515] {logging_mixin.py:115} INFO - [2022-07-30 21:49:25,515] {dag.py:2968} INFO - Setting next_dagrun for example_nested_branch_dag to 2022-07-29T00:00:00+00:00, run_after=2022-07-30T00:00:00+00:00
[2022-07-30 21:49:25,523] {processor.py:161} INFO - Processing /home/hp/miniconda3/envs/airflow_env/lib/python3.8/site-packages/airflow/example_dags/example_nested_branch_dag.py took 0.043 seconds
[2022-07-30 21:50:06,018] {processor.py:153} INFO - Started process (PID=32369) to work on /home/hp/miniconda3/envs/airflow_env/lib/python3.8/site-packages/airflow/example_dags/example_nested_branch_dag.py
[2022-07-30 21:50:06,019] {processor.py:641} INFO - Processing file /home/hp/miniconda3/envs/airflow_env/lib/python3.8/site-packages/airflow/example_dags/example_nested_branch_dag.py for tasks to queue
[2022-07-30 21:50:06,019] {logging_mixin.py:115} INFO - [2022-07-30 21:50:06,019] {dagbag.py:508} INFO - Filling up the DagBag from /home/hp/miniconda3/envs/airflow_env/lib/python3.8/site-packages/airflow/example_dags/example_nested_branch_dag.py
[2022-07-30 21:50:06,032] {processor.py:651} INFO - DAG(s) dict_keys(['example_nested_branch_dag']) retrieved from /home/hp/miniconda3/envs/airflow_env/lib/python3.8/site-packages/airflow/example_dags/example_nested_branch_dag.py
[2022-07-30 21:50:06,040] {logging_mixin.py:115} INFO - [2022-07-30 21:50:06,040] {dag.py:2420} INFO - Sync 1 DAGs
[2022-07-30 21:50:06,048] {logging_mixin.py:115} INFO - [2022-07-30 21:50:06,048] {dag.py:2968} INFO - Setting next_dagrun for example_nested_branch_dag to 2022-07-29T00:00:00+00:00, run_after=2022-07-30T00:00:00+00:00
[2022-07-30 21:50:06,056] {processor.py:161} INFO - Processing /home/hp/miniconda3/envs/airflow_env/lib/python3.8/site-packages/airflow/example_dags/example_nested_branch_dag.py took 0.040 seconds
[2022-07-30 21:50:47,533] {processor.py:153} INFO - Started process (PID=32765) to work on /home/hp/miniconda3/envs/airflow_env/lib/python3.8/site-packages/airflow/example_dags/example_nested_branch_dag.py
[2022-07-30 21:50:47,534] {processor.py:641} INFO - Processing file /home/hp/miniconda3/envs/airflow_env/lib/python3.8/site-packages/airflow/example_dags/example_nested_branch_dag.py for tasks to queue
[2022-07-30 21:50:47,535] {logging_mixin.py:115} INFO - [2022-07-30 21:50:47,535] {dagbag.py:508} INFO - Filling up the DagBag from /home/hp/miniconda3/envs/airflow_env/lib/python3.8/site-packages/airflow/example_dags/example_nested_branch_dag.py
[2022-07-30 21:50:47,549] {processor.py:651} INFO - DAG(s) dict_keys(['example_nested_branch_dag']) retrieved from /home/hp/miniconda3/envs/airflow_env/lib/python3.8/site-packages/airflow/example_dags/example_nested_branch_dag.py
[2022-07-30 21:50:47,556] {logging_mixin.py:115} INFO - [2022-07-30 21:50:47,556] {dag.py:2420} INFO - Sync 1 DAGs
[2022-07-30 21:50:47,565] {logging_mixin.py:115} INFO - [2022-07-30 21:50:47,565] {dag.py:2968} INFO - Setting next_dagrun for example_nested_branch_dag to 2022-07-29T00:00:00+00:00, run_after=2022-07-30T00:00:00+00:00
[2022-07-30 21:50:47,573] {processor.py:161} INFO - Processing /home/hp/miniconda3/envs/airflow_env/lib/python3.8/site-packages/airflow/example_dags/example_nested_branch_dag.py took 0.044 seconds
[2022-07-30 21:51:29,436] {processor.py:153} INFO - Started process (PID=32996) to work on /home/hp/miniconda3/envs/airflow_env/lib/python3.8/site-packages/airflow/example_dags/example_nested_branch_dag.py
[2022-07-30 21:51:29,437] {processor.py:641} INFO - Processing file /home/hp/miniconda3/envs/airflow_env/lib/python3.8/site-packages/airflow/example_dags/example_nested_branch_dag.py for tasks to queue
[2022-07-30 21:51:29,437] {logging_mixin.py:115} INFO - [2022-07-30 21:51:29,437] {dagbag.py:508} INFO - Filling up the DagBag from /home/hp/miniconda3/envs/airflow_env/lib/python3.8/site-packages/airflow/example_dags/example_nested_branch_dag.py
[2022-07-30 21:51:29,450] {processor.py:651} INFO - DAG(s) dict_keys(['example_nested_branch_dag']) retrieved from /home/hp/miniconda3/envs/airflow_env/lib/python3.8/site-packages/airflow/example_dags/example_nested_branch_dag.py
[2022-07-30 21:51:29,458] {logging_mixin.py:115} INFO - [2022-07-30 21:51:29,458] {dag.py:2420} INFO - Sync 1 DAGs
[2022-07-30 21:51:29,466] {logging_mixin.py:115} INFO - [2022-07-30 21:51:29,466] {dag.py:2968} INFO - Setting next_dagrun for example_nested_branch_dag to 2022-07-29T00:00:00+00:00, run_after=2022-07-30T00:00:00+00:00
[2022-07-30 21:51:29,474] {processor.py:161} INFO - Processing /home/hp/miniconda3/envs/airflow_env/lib/python3.8/site-packages/airflow/example_dags/example_nested_branch_dag.py took 0.041 seconds
[2022-07-30 21:52:09,823] {processor.py:153} INFO - Started process (PID=33431) to work on /home/hp/miniconda3/envs/airflow_env/lib/python3.8/site-packages/airflow/example_dags/example_nested_branch_dag.py
[2022-07-30 21:52:09,823] {processor.py:641} INFO - Processing file /home/hp/miniconda3/envs/airflow_env/lib/python3.8/site-packages/airflow/example_dags/example_nested_branch_dag.py for tasks to queue
[2022-07-30 21:52:09,823] {logging_mixin.py:115} INFO - [2022-07-30 21:52:09,823] {dagbag.py:508} INFO - Filling up the DagBag from /home/hp/miniconda3/envs/airflow_env/lib/python3.8/site-packages/airflow/example_dags/example_nested_branch_dag.py
[2022-07-30 21:52:09,830] {processor.py:651} INFO - DAG(s) dict_keys(['example_nested_branch_dag']) retrieved from /home/hp/miniconda3/envs/airflow_env/lib/python3.8/site-packages/airflow/example_dags/example_nested_branch_dag.py
[2022-07-30 21:52:09,838] {logging_mixin.py:115} INFO - [2022-07-30 21:52:09,838] {dag.py:2420} INFO - Sync 1 DAGs
[2022-07-30 21:52:09,848] {logging_mixin.py:115} INFO - [2022-07-30 21:52:09,848] {dag.py:2968} INFO - Setting next_dagrun for example_nested_branch_dag to 2022-07-29T00:00:00+00:00, run_after=2022-07-30T00:00:00+00:00
[2022-07-30 21:52:09,857] {processor.py:161} INFO - Processing /home/hp/miniconda3/envs/airflow_env/lib/python3.8/site-packages/airflow/example_dags/example_nested_branch_dag.py took 0.035 seconds
[2022-07-30 21:52:52,220] {processor.py:153} INFO - Started process (PID=33952) to work on /home/hp/miniconda3/envs/airflow_env/lib/python3.8/site-packages/airflow/example_dags/example_nested_branch_dag.py
[2022-07-30 21:52:52,229] {processor.py:641} INFO - Processing file /home/hp/miniconda3/envs/airflow_env/lib/python3.8/site-packages/airflow/example_dags/example_nested_branch_dag.py for tasks to queue
[2022-07-30 21:52:52,229] {logging_mixin.py:115} INFO - [2022-07-30 21:52:52,229] {dagbag.py:508} INFO - Filling up the DagBag from /home/hp/miniconda3/envs/airflow_env/lib/python3.8/site-packages/airflow/example_dags/example_nested_branch_dag.py
[2022-07-30 21:52:52,238] {processor.py:651} INFO - DAG(s) dict_keys(['example_nested_branch_dag']) retrieved from /home/hp/miniconda3/envs/airflow_env/lib/python3.8/site-packages/airflow/example_dags/example_nested_branch_dag.py
[2022-07-30 21:52:52,248] {logging_mixin.py:115} INFO - [2022-07-30 21:52:52,248] {dag.py:2420} INFO - Sync 1 DAGs
[2022-07-30 21:52:52,258] {logging_mixin.py:115} INFO - [2022-07-30 21:52:52,258] {dag.py:2968} INFO - Setting next_dagrun for example_nested_branch_dag to 2022-07-29T00:00:00+00:00, run_after=2022-07-30T00:00:00+00:00
[2022-07-30 21:52:52,267] {processor.py:161} INFO - Processing /home/hp/miniconda3/envs/airflow_env/lib/python3.8/site-packages/airflow/example_dags/example_nested_branch_dag.py took 0.048 seconds
[2022-07-30 21:53:32,607] {processor.py:153} INFO - Started process (PID=34240) to work on /home/hp/miniconda3/envs/airflow_env/lib/python3.8/site-packages/airflow/example_dags/example_nested_branch_dag.py
[2022-07-30 21:53:32,608] {processor.py:641} INFO - Processing file /home/hp/miniconda3/envs/airflow_env/lib/python3.8/site-packages/airflow/example_dags/example_nested_branch_dag.py for tasks to queue
[2022-07-30 21:53:32,609] {logging_mixin.py:115} INFO - [2022-07-30 21:53:32,609] {dagbag.py:508} INFO - Filling up the DagBag from /home/hp/miniconda3/envs/airflow_env/lib/python3.8/site-packages/airflow/example_dags/example_nested_branch_dag.py
[2022-07-30 21:53:32,618] {processor.py:651} INFO - DAG(s) dict_keys(['example_nested_branch_dag']) retrieved from /home/hp/miniconda3/envs/airflow_env/lib/python3.8/site-packages/airflow/example_dags/example_nested_branch_dag.py
[2022-07-30 21:53:32,626] {logging_mixin.py:115} INFO - [2022-07-30 21:53:32,626] {dag.py:2420} INFO - Sync 1 DAGs
[2022-07-30 21:53:32,636] {logging_mixin.py:115} INFO - [2022-07-30 21:53:32,636] {dag.py:2968} INFO - Setting next_dagrun for example_nested_branch_dag to 2022-07-29T00:00:00+00:00, run_after=2022-07-30T00:00:00+00:00
[2022-07-30 21:53:32,645] {processor.py:161} INFO - Processing /home/hp/miniconda3/envs/airflow_env/lib/python3.8/site-packages/airflow/example_dags/example_nested_branch_dag.py took 0.039 seconds
[2022-07-30 21:54:12,830] {processor.py:153} INFO - Started process (PID=34563) to work on /home/hp/miniconda3/envs/airflow_env/lib/python3.8/site-packages/airflow/example_dags/example_nested_branch_dag.py
[2022-07-30 21:54:12,831] {processor.py:641} INFO - Processing file /home/hp/miniconda3/envs/airflow_env/lib/python3.8/site-packages/airflow/example_dags/example_nested_branch_dag.py for tasks to queue
[2022-07-30 21:54:12,832] {logging_mixin.py:115} INFO - [2022-07-30 21:54:12,832] {dagbag.py:508} INFO - Filling up the DagBag from /home/hp/miniconda3/envs/airflow_env/lib/python3.8/site-packages/airflow/example_dags/example_nested_branch_dag.py
[2022-07-30 21:54:12,843] {processor.py:651} INFO - DAG(s) dict_keys(['example_nested_branch_dag']) retrieved from /home/hp/miniconda3/envs/airflow_env/lib/python3.8/site-packages/airflow/example_dags/example_nested_branch_dag.py
[2022-07-30 21:54:12,851] {logging_mixin.py:115} INFO - [2022-07-30 21:54:12,851] {dag.py:2420} INFO - Sync 1 DAGs
[2022-07-30 21:54:12,860] {logging_mixin.py:115} INFO - [2022-07-30 21:54:12,860] {dag.py:2968} INFO - Setting next_dagrun for example_nested_branch_dag to 2022-07-29T00:00:00+00:00, run_after=2022-07-30T00:00:00+00:00
[2022-07-30 21:54:12,868] {processor.py:161} INFO - Processing /home/hp/miniconda3/envs/airflow_env/lib/python3.8/site-packages/airflow/example_dags/example_nested_branch_dag.py took 0.039 seconds
[2022-07-30 21:54:53,616] {processor.py:153} INFO - Started process (PID=34842) to work on /home/hp/miniconda3/envs/airflow_env/lib/python3.8/site-packages/airflow/example_dags/example_nested_branch_dag.py
[2022-07-30 21:54:53,616] {processor.py:641} INFO - Processing file /home/hp/miniconda3/envs/airflow_env/lib/python3.8/site-packages/airflow/example_dags/example_nested_branch_dag.py for tasks to queue
[2022-07-30 21:54:53,617] {logging_mixin.py:115} INFO - [2022-07-30 21:54:53,616] {dagbag.py:508} INFO - Filling up the DagBag from /home/hp/miniconda3/envs/airflow_env/lib/python3.8/site-packages/airflow/example_dags/example_nested_branch_dag.py
[2022-07-30 21:54:53,625] {processor.py:651} INFO - DAG(s) dict_keys(['example_nested_branch_dag']) retrieved from /home/hp/miniconda3/envs/airflow_env/lib/python3.8/site-packages/airflow/example_dags/example_nested_branch_dag.py
[2022-07-30 21:54:53,634] {logging_mixin.py:115} INFO - [2022-07-30 21:54:53,634] {dag.py:2420} INFO - Sync 1 DAGs
[2022-07-30 21:54:53,644] {logging_mixin.py:115} INFO - [2022-07-30 21:54:53,644] {dag.py:2968} INFO - Setting next_dagrun for example_nested_branch_dag to 2022-07-29T00:00:00+00:00, run_after=2022-07-30T00:00:00+00:00
[2022-07-30 21:54:53,653] {processor.py:161} INFO - Processing /home/hp/miniconda3/envs/airflow_env/lib/python3.8/site-packages/airflow/example_dags/example_nested_branch_dag.py took 0.039 seconds
[2022-07-30 21:55:34,319] {processor.py:153} INFO - Started process (PID=35105) to work on /home/hp/miniconda3/envs/airflow_env/lib/python3.8/site-packages/airflow/example_dags/example_nested_branch_dag.py
[2022-07-30 21:55:34,320] {processor.py:641} INFO - Processing file /home/hp/miniconda3/envs/airflow_env/lib/python3.8/site-packages/airflow/example_dags/example_nested_branch_dag.py for tasks to queue
[2022-07-30 21:55:34,321] {logging_mixin.py:115} INFO - [2022-07-30 21:55:34,321] {dagbag.py:508} INFO - Filling up the DagBag from /home/hp/miniconda3/envs/airflow_env/lib/python3.8/site-packages/airflow/example_dags/example_nested_branch_dag.py
[2022-07-30 21:55:34,328] {processor.py:651} INFO - DAG(s) dict_keys(['example_nested_branch_dag']) retrieved from /home/hp/miniconda3/envs/airflow_env/lib/python3.8/site-packages/airflow/example_dags/example_nested_branch_dag.py
[2022-07-30 21:55:34,336] {logging_mixin.py:115} INFO - [2022-07-30 21:55:34,336] {dag.py:2420} INFO - Sync 1 DAGs
[2022-07-30 21:55:34,345] {logging_mixin.py:115} INFO - [2022-07-30 21:55:34,345] {dag.py:2968} INFO - Setting next_dagrun for example_nested_branch_dag to 2022-07-29T00:00:00+00:00, run_after=2022-07-30T00:00:00+00:00
[2022-07-30 21:55:34,353] {processor.py:161} INFO - Processing /home/hp/miniconda3/envs/airflow_env/lib/python3.8/site-packages/airflow/example_dags/example_nested_branch_dag.py took 0.037 seconds
[2022-07-30 21:56:14,855] {processor.py:153} INFO - Started process (PID=35476) to work on /home/hp/miniconda3/envs/airflow_env/lib/python3.8/site-packages/airflow/example_dags/example_nested_branch_dag.py
[2022-07-30 21:56:14,856] {processor.py:641} INFO - Processing file /home/hp/miniconda3/envs/airflow_env/lib/python3.8/site-packages/airflow/example_dags/example_nested_branch_dag.py for tasks to queue
[2022-07-30 21:56:14,857] {logging_mixin.py:115} INFO - [2022-07-30 21:56:14,857] {dagbag.py:508} INFO - Filling up the DagBag from /home/hp/miniconda3/envs/airflow_env/lib/python3.8/site-packages/airflow/example_dags/example_nested_branch_dag.py
[2022-07-30 21:56:14,870] {processor.py:651} INFO - DAG(s) dict_keys(['example_nested_branch_dag']) retrieved from /home/hp/miniconda3/envs/airflow_env/lib/python3.8/site-packages/airflow/example_dags/example_nested_branch_dag.py
[2022-07-30 21:56:14,878] {logging_mixin.py:115} INFO - [2022-07-30 21:56:14,878] {dag.py:2420} INFO - Sync 1 DAGs
[2022-07-30 21:56:14,886] {logging_mixin.py:115} INFO - [2022-07-30 21:56:14,886] {dag.py:2968} INFO - Setting next_dagrun for example_nested_branch_dag to 2022-07-29T00:00:00+00:00, run_after=2022-07-30T00:00:00+00:00
[2022-07-30 21:56:14,894] {processor.py:161} INFO - Processing /home/hp/miniconda3/envs/airflow_env/lib/python3.8/site-packages/airflow/example_dags/example_nested_branch_dag.py took 0.043 seconds
[2022-07-30 21:56:58,412] {processor.py:153} INFO - Started process (PID=35769) to work on /home/hp/miniconda3/envs/airflow_env/lib/python3.8/site-packages/airflow/example_dags/example_nested_branch_dag.py
[2022-07-30 21:56:58,413] {processor.py:641} INFO - Processing file /home/hp/miniconda3/envs/airflow_env/lib/python3.8/site-packages/airflow/example_dags/example_nested_branch_dag.py for tasks to queue
[2022-07-30 21:56:58,414] {logging_mixin.py:115} INFO - [2022-07-30 21:56:58,413] {dagbag.py:508} INFO - Filling up the DagBag from /home/hp/miniconda3/envs/airflow_env/lib/python3.8/site-packages/airflow/example_dags/example_nested_branch_dag.py
[2022-07-30 21:56:58,427] {processor.py:651} INFO - DAG(s) dict_keys(['example_nested_branch_dag']) retrieved from /home/hp/miniconda3/envs/airflow_env/lib/python3.8/site-packages/airflow/example_dags/example_nested_branch_dag.py
[2022-07-30 21:56:58,434] {logging_mixin.py:115} INFO - [2022-07-30 21:56:58,434] {dag.py:2420} INFO - Sync 1 DAGs
[2022-07-30 21:56:58,443] {logging_mixin.py:115} INFO - [2022-07-30 21:56:58,443] {dag.py:2968} INFO - Setting next_dagrun for example_nested_branch_dag to 2022-07-29T00:00:00+00:00, run_after=2022-07-30T00:00:00+00:00
[2022-07-30 21:56:58,451] {processor.py:161} INFO - Processing /home/hp/miniconda3/envs/airflow_env/lib/python3.8/site-packages/airflow/example_dags/example_nested_branch_dag.py took 0.044 seconds
[2022-07-30 21:57:39,693] {processor.py:153} INFO - Started process (PID=36119) to work on /home/hp/miniconda3/envs/airflow_env/lib/python3.8/site-packages/airflow/example_dags/example_nested_branch_dag.py
[2022-07-30 21:57:39,694] {processor.py:641} INFO - Processing file /home/hp/miniconda3/envs/airflow_env/lib/python3.8/site-packages/airflow/example_dags/example_nested_branch_dag.py for tasks to queue
[2022-07-30 21:57:39,694] {logging_mixin.py:115} INFO - [2022-07-30 21:57:39,694] {dagbag.py:508} INFO - Filling up the DagBag from /home/hp/miniconda3/envs/airflow_env/lib/python3.8/site-packages/airflow/example_dags/example_nested_branch_dag.py
[2022-07-30 21:57:39,699] {processor.py:651} INFO - DAG(s) dict_keys(['example_nested_branch_dag']) retrieved from /home/hp/miniconda3/envs/airflow_env/lib/python3.8/site-packages/airflow/example_dags/example_nested_branch_dag.py
[2022-07-30 21:57:39,707] {logging_mixin.py:115} INFO - [2022-07-30 21:57:39,707] {dag.py:2420} INFO - Sync 1 DAGs
[2022-07-30 21:57:39,716] {logging_mixin.py:115} INFO - [2022-07-30 21:57:39,716] {dag.py:2968} INFO - Setting next_dagrun for example_nested_branch_dag to 2022-07-29T00:00:00+00:00, run_after=2022-07-30T00:00:00+00:00
[2022-07-30 21:57:39,724] {processor.py:161} INFO - Processing /home/hp/miniconda3/envs/airflow_env/lib/python3.8/site-packages/airflow/example_dags/example_nested_branch_dag.py took 0.032 seconds
[2022-07-30 21:57:45,806] {processor.py:153} INFO - Started process (PID=36177) to work on /home/hp/miniconda3/envs/checker/lib/python3.8/site-packages/airflow/example_dags/example_nested_branch_dag.py
[2022-07-30 21:57:45,807] {processor.py:641} INFO - Processing file /home/hp/miniconda3/envs/checker/lib/python3.8/site-packages/airflow/example_dags/example_nested_branch_dag.py for tasks to queue
[2022-07-30 21:57:45,807] {logging_mixin.py:115} INFO - [2022-07-30 21:57:45,807] {dagbag.py:508} INFO - Filling up the DagBag from /home/hp/miniconda3/envs/checker/lib/python3.8/site-packages/airflow/example_dags/example_nested_branch_dag.py
[2022-07-30 21:57:45,819] {processor.py:651} INFO - DAG(s) dict_keys(['example_nested_branch_dag']) retrieved from /home/hp/miniconda3/envs/checker/lib/python3.8/site-packages/airflow/example_dags/example_nested_branch_dag.py
[2022-07-30 21:57:45,838] {logging_mixin.py:115} INFO - [2022-07-30 21:57:45,838] {dag.py:2420} INFO - Sync 1 DAGs
[2022-07-30 21:57:45,845] {logging_mixin.py:115} INFO - [2022-07-30 21:57:45,845] {dag.py:2968} INFO - Setting next_dagrun for example_nested_branch_dag to 2022-07-29T00:00:00+00:00, run_after=2022-07-30T00:00:00+00:00
[2022-07-30 21:57:45,855] {processor.py:161} INFO - Processing /home/hp/miniconda3/envs/checker/lib/python3.8/site-packages/airflow/example_dags/example_nested_branch_dag.py took 0.054 seconds
[2022-07-30 21:58:47,175] {processor.py:153} INFO - Started process (PID=36826) to work on /home/hp/miniconda3/envs/airflow_env/lib/python3.8/site-packages/airflow/example_dags/example_nested_branch_dag.py
[2022-07-30 21:58:47,176] {processor.py:641} INFO - Processing file /home/hp/miniconda3/envs/airflow_env/lib/python3.8/site-packages/airflow/example_dags/example_nested_branch_dag.py for tasks to queue
[2022-07-30 21:58:47,176] {logging_mixin.py:115} INFO - [2022-07-30 21:58:47,176] {dagbag.py:508} INFO - Filling up the DagBag from /home/hp/miniconda3/envs/airflow_env/lib/python3.8/site-packages/airflow/example_dags/example_nested_branch_dag.py
[2022-07-30 21:58:47,186] {processor.py:651} INFO - DAG(s) dict_keys(['example_nested_branch_dag']) retrieved from /home/hp/miniconda3/envs/airflow_env/lib/python3.8/site-packages/airflow/example_dags/example_nested_branch_dag.py
[2022-07-30 21:58:47,216] {logging_mixin.py:115} WARNING - /home/hp/miniconda3/envs/airflow_env/lib/python3.8/site-packages/airflow/models/dagbag.py:610 DeprecationWarning: DAG.full_filepath is deprecated in favour of fileloc
[2022-07-30 21:58:47,220] {logging_mixin.py:115} INFO - [2022-07-30 21:58:47,216] {dagbag.py:610} ERROR - Failed to write serialized DAG: /home/hp/miniconda3/envs/airflow_env/lib/python3.8/site-packages/airflow/example_dags/example_nested_branch_dag.py
Traceback (most recent call last):
  File "/home/hp/miniconda3/envs/airflow_env/lib/python3.8/site-packages/airflow/models/dagbag.py", line 605, in _serialize_dag_capturing_errors
    self._sync_perm_for_dag(dag, session=session)
  File "/home/hp/miniconda3/envs/airflow_env/lib/python3.8/site-packages/airflow/utils/session.py", line 68, in wrapper
    return func(*args, **kwargs)
  File "/home/hp/miniconda3/envs/airflow_env/lib/python3.8/site-packages/airflow/models/dagbag.py", line 660, in _sync_perm_for_dag
    if dag.access_control or needs_perms(root_dag_id):
  File "/home/hp/miniconda3/envs/airflow_env/lib/python3.8/site-packages/airflow/models/dagbag.py", line 650, in needs_perms
    session.query(Permission)
  File "/home/hp/miniconda3/envs/airflow_env/lib/python3.8/site-packages/sqlalchemy/orm/session.py", line 2046, in query
    return self._query_cls(entities, self, **kwargs)
  File "/home/hp/miniconda3/envs/airflow_env/lib/python3.8/site-packages/sqlalchemy/orm/query.py", line 173, in __init__
    self._set_entities(entities)
  File "/home/hp/miniconda3/envs/airflow_env/lib/python3.8/site-packages/sqlalchemy/orm/query.py", line 180, in _set_entities
    self._raw_columns = [
  File "/home/hp/miniconda3/envs/airflow_env/lib/python3.8/site-packages/sqlalchemy/orm/query.py", line 181, in <listcomp>
    coercions.expect(
  File "/home/hp/miniconda3/envs/airflow_env/lib/python3.8/site-packages/sqlalchemy/sql/coercions.py", line 160, in expect
    insp._post_inspect
  File "/home/hp/miniconda3/envs/airflow_env/lib/python3.8/site-packages/sqlalchemy/util/langhelpers.py", line 1162, in __get__
    obj.__dict__[self.__name__] = result = self.fget(obj)
  File "/home/hp/miniconda3/envs/airflow_env/lib/python3.8/site-packages/sqlalchemy/orm/mapper.py", line 2097, in _post_inspect
    self._check_configure()
  File "/home/hp/miniconda3/envs/airflow_env/lib/python3.8/site-packages/sqlalchemy/orm/mapper.py", line 1874, in _check_configure
    _configure_registries({self.registry}, cascade=True)
  File "/home/hp/miniconda3/envs/airflow_env/lib/python3.8/site-packages/sqlalchemy/orm/mapper.py", line 3381, in _configure_registries
    _do_configure_registries(registries, cascade)
  File "/home/hp/miniconda3/envs/airflow_env/lib/python3.8/site-packages/sqlalchemy/orm/mapper.py", line 3420, in _do_configure_registries
    mapper._post_configure_properties()
  File "/home/hp/miniconda3/envs/airflow_env/lib/python3.8/site-packages/sqlalchemy/orm/mapper.py", line 1891, in _post_configure_properties
    prop.init()
  File "/home/hp/miniconda3/envs/airflow_env/lib/python3.8/site-packages/sqlalchemy/orm/interfaces.py", line 227, in init
    self.do_init()
  File "/home/hp/miniconda3/envs/airflow_env/lib/python3.8/site-packages/sqlalchemy/orm/relationships.py", line 2133, in do_init
    self._setup_join_conditions()
  File "/home/hp/miniconda3/envs/airflow_env/lib/python3.8/site-packages/sqlalchemy/orm/relationships.py", line 2229, in _setup_join_conditions
    self._join_condition = jc = JoinCondition(
  File "/home/hp/miniconda3/envs/airflow_env/lib/python3.8/site-packages/sqlalchemy/orm/relationships.py", line 2624, in __init__
    self._determine_joins()
  File "/home/hp/miniconda3/envs/airflow_env/lib/python3.8/site-packages/sqlalchemy/orm/relationships.py", line 2720, in _determine_joins
    self.secondaryjoin = join_condition(
  File "<string>", line 2, in join_condition
  File "/home/hp/miniconda3/envs/airflow_env/lib/python3.8/site-packages/sqlalchemy/sql/selectable.py", line 1186, in _join_condition
    constraints = cls._joincond_scan_left_right(
  File "/home/hp/miniconda3/envs/airflow_env/lib/python3.8/site-packages/sqlalchemy/sql/selectable.py", line 1255, in _joincond_scan_left_right
    col = fk.get_referent(left)
  File "/home/hp/miniconda3/envs/airflow_env/lib/python3.8/site-packages/sqlalchemy/sql/schema.py", line 2232, in get_referent
    return table.corresponding_column(self.column)
  File "/home/hp/miniconda3/envs/airflow_env/lib/python3.8/site-packages/sqlalchemy/util/langhelpers.py", line 1095, in __get__
    obj.__dict__[self.__name__] = result = self.fget(obj)
  File "/home/hp/miniconda3/envs/airflow_env/lib/python3.8/site-packages/sqlalchemy/sql/schema.py", line 2373, in column
    raise exc.NoReferencedTableError(
sqlalchemy.exc.NoReferencedTableError: Foreign key associated with column 'ab_permission_view_role.permission_view_id' could not find table 'ab_permission_view' with which to generate a foreign key to target column 'id'
[2022-07-30 21:58:47,220] {logging_mixin.py:115} INFO - [2022-07-30 21:58:47,220] {dag.py:2420} INFO - Sync 1 DAGs
[2022-07-30 21:58:47,340] {logging_mixin.py:115} INFO - [2022-07-30 21:58:47,340] {dag.py:2968} INFO - Setting next_dagrun for example_nested_branch_dag to 2022-07-29T00:00:00+00:00, run_after=2022-07-30T00:00:00+00:00
[2022-07-30 21:58:47,364] {processor.py:161} INFO - Processing /home/hp/miniconda3/envs/airflow_env/lib/python3.8/site-packages/airflow/example_dags/example_nested_branch_dag.py took 0.190 seconds
[2022-07-30 21:59:27,918] {processor.py:153} INFO - Started process (PID=37115) to work on /home/hp/miniconda3/envs/airflow_env/lib/python3.8/site-packages/airflow/example_dags/example_nested_branch_dag.py
[2022-07-30 21:59:27,919] {processor.py:641} INFO - Processing file /home/hp/miniconda3/envs/airflow_env/lib/python3.8/site-packages/airflow/example_dags/example_nested_branch_dag.py for tasks to queue
[2022-07-30 21:59:27,920] {logging_mixin.py:115} INFO - [2022-07-30 21:59:27,920] {dagbag.py:508} INFO - Filling up the DagBag from /home/hp/miniconda3/envs/airflow_env/lib/python3.8/site-packages/airflow/example_dags/example_nested_branch_dag.py
[2022-07-30 21:59:27,930] {processor.py:651} INFO - DAG(s) dict_keys(['example_nested_branch_dag']) retrieved from /home/hp/miniconda3/envs/airflow_env/lib/python3.8/site-packages/airflow/example_dags/example_nested_branch_dag.py
[2022-07-30 21:59:27,937] {logging_mixin.py:115} INFO - [2022-07-30 21:59:27,937] {dag.py:2420} INFO - Sync 1 DAGs
[2022-07-30 21:59:27,946] {logging_mixin.py:115} INFO - [2022-07-30 21:59:27,946] {dag.py:2968} INFO - Setting next_dagrun for example_nested_branch_dag to 2022-07-29T00:00:00+00:00, run_after=2022-07-30T00:00:00+00:00
[2022-07-30 21:59:27,958] {processor.py:161} INFO - Processing /home/hp/miniconda3/envs/airflow_env/lib/python3.8/site-packages/airflow/example_dags/example_nested_branch_dag.py took 0.043 seconds
[2022-07-30 22:00:02,030] {processor.py:153} INFO - Started process (PID=37326) to work on /home/hp/miniconda3/envs/airflow_env/lib/python3.8/site-packages/airflow/example_dags/example_nested_branch_dag.py
[2022-07-30 22:00:02,031] {processor.py:641} INFO - Processing file /home/hp/miniconda3/envs/airflow_env/lib/python3.8/site-packages/airflow/example_dags/example_nested_branch_dag.py for tasks to queue
[2022-07-30 22:00:02,031] {logging_mixin.py:115} INFO - [2022-07-30 22:00:02,031] {dagbag.py:508} INFO - Filling up the DagBag from /home/hp/miniconda3/envs/airflow_env/lib/python3.8/site-packages/airflow/example_dags/example_nested_branch_dag.py
[2022-07-30 22:00:02,038] {processor.py:651} INFO - DAG(s) dict_keys(['example_nested_branch_dag']) retrieved from /home/hp/miniconda3/envs/airflow_env/lib/python3.8/site-packages/airflow/example_dags/example_nested_branch_dag.py
[2022-07-30 22:00:02,046] {logging_mixin.py:115} INFO - [2022-07-30 22:00:02,046] {dag.py:2420} INFO - Sync 1 DAGs
[2022-07-30 22:00:02,056] {logging_mixin.py:115} INFO - [2022-07-30 22:00:02,056] {dag.py:2968} INFO - Setting next_dagrun for example_nested_branch_dag to 2022-07-29T00:00:00+00:00, run_after=2022-07-30T00:00:00+00:00
[2022-07-30 22:00:02,064] {processor.py:161} INFO - Processing /home/hp/miniconda3/envs/airflow_env/lib/python3.8/site-packages/airflow/example_dags/example_nested_branch_dag.py took 0.036 seconds
[2022-07-30 22:00:38,291] {processor.py:153} INFO - Started process (PID=37672) to work on /home/hp/miniconda3/envs/airflow_env/lib/python3.8/site-packages/airflow/example_dags/example_nested_branch_dag.py
[2022-07-30 22:00:38,292] {processor.py:641} INFO - Processing file /home/hp/miniconda3/envs/airflow_env/lib/python3.8/site-packages/airflow/example_dags/example_nested_branch_dag.py for tasks to queue
[2022-07-30 22:00:38,292] {logging_mixin.py:115} INFO - [2022-07-30 22:00:38,292] {dagbag.py:508} INFO - Filling up the DagBag from /home/hp/miniconda3/envs/airflow_env/lib/python3.8/site-packages/airflow/example_dags/example_nested_branch_dag.py
[2022-07-30 22:00:38,299] {processor.py:651} INFO - DAG(s) dict_keys(['example_nested_branch_dag']) retrieved from /home/hp/miniconda3/envs/airflow_env/lib/python3.8/site-packages/airflow/example_dags/example_nested_branch_dag.py
[2022-07-30 22:00:38,307] {logging_mixin.py:115} INFO - [2022-07-30 22:00:38,307] {dag.py:2420} INFO - Sync 1 DAGs
[2022-07-30 22:00:38,316] {logging_mixin.py:115} INFO - [2022-07-30 22:00:38,316] {dag.py:2968} INFO - Setting next_dagrun for example_nested_branch_dag to 2022-07-29T00:00:00+00:00, run_after=2022-07-30T00:00:00+00:00
[2022-07-30 22:00:38,324] {processor.py:161} INFO - Processing /home/hp/miniconda3/envs/airflow_env/lib/python3.8/site-packages/airflow/example_dags/example_nested_branch_dag.py took 0.034 seconds
[2022-07-30 22:01:11,848] {processor.py:153} INFO - Started process (PID=37978) to work on /home/hp/miniconda3/envs/airflow_env/lib/python3.8/site-packages/airflow/example_dags/example_nested_branch_dag.py
[2022-07-30 22:01:11,849] {processor.py:641} INFO - Processing file /home/hp/miniconda3/envs/airflow_env/lib/python3.8/site-packages/airflow/example_dags/example_nested_branch_dag.py for tasks to queue
[2022-07-30 22:01:11,850] {logging_mixin.py:115} INFO - [2022-07-30 22:01:11,850] {dagbag.py:508} INFO - Filling up the DagBag from /home/hp/miniconda3/envs/airflow_env/lib/python3.8/site-packages/airflow/example_dags/example_nested_branch_dag.py
[2022-07-30 22:01:11,863] {processor.py:651} INFO - DAG(s) dict_keys(['example_nested_branch_dag']) retrieved from /home/hp/miniconda3/envs/airflow_env/lib/python3.8/site-packages/airflow/example_dags/example_nested_branch_dag.py
[2022-07-30 22:01:11,870] {logging_mixin.py:115} INFO - [2022-07-30 22:01:11,870] {dag.py:2420} INFO - Sync 1 DAGs
[2022-07-30 22:01:11,883] {logging_mixin.py:115} INFO - [2022-07-30 22:01:11,883] {dag.py:2968} INFO - Setting next_dagrun for example_nested_branch_dag to 2022-07-29T00:00:00+00:00, run_after=2022-07-30T00:00:00+00:00
[2022-07-30 22:01:11,892] {processor.py:161} INFO - Processing /home/hp/miniconda3/envs/airflow_env/lib/python3.8/site-packages/airflow/example_dags/example_nested_branch_dag.py took 0.048 seconds
[2022-07-30 22:01:51,712] {processor.py:153} INFO - Started process (PID=38362) to work on /home/hp/miniconda3/envs/airflow_env/lib/python3.8/site-packages/airflow/example_dags/example_nested_branch_dag.py
[2022-07-30 22:01:51,713] {processor.py:641} INFO - Processing file /home/hp/miniconda3/envs/airflow_env/lib/python3.8/site-packages/airflow/example_dags/example_nested_branch_dag.py for tasks to queue
[2022-07-30 22:01:51,713] {logging_mixin.py:115} INFO - [2022-07-30 22:01:51,713] {dagbag.py:508} INFO - Filling up the DagBag from /home/hp/miniconda3/envs/airflow_env/lib/python3.8/site-packages/airflow/example_dags/example_nested_branch_dag.py
[2022-07-30 22:01:51,720] {processor.py:651} INFO - DAG(s) dict_keys(['example_nested_branch_dag']) retrieved from /home/hp/miniconda3/envs/airflow_env/lib/python3.8/site-packages/airflow/example_dags/example_nested_branch_dag.py
[2022-07-30 22:01:51,728] {logging_mixin.py:115} INFO - [2022-07-30 22:01:51,728] {dag.py:2420} INFO - Sync 1 DAGs
[2022-07-30 22:01:51,739] {logging_mixin.py:115} INFO - [2022-07-30 22:01:51,738] {dag.py:2968} INFO - Setting next_dagrun for example_nested_branch_dag to 2022-07-29T00:00:00+00:00, run_after=2022-07-30T00:00:00+00:00
[2022-07-30 22:01:51,748] {processor.py:161} INFO - Processing /home/hp/miniconda3/envs/airflow_env/lib/python3.8/site-packages/airflow/example_dags/example_nested_branch_dag.py took 0.038 seconds
[2022-07-30 22:02:29,153] {processor.py:153} INFO - Started process (PID=38712) to work on /home/hp/miniconda3/envs/airflow_env/lib/python3.8/site-packages/airflow/example_dags/example_nested_branch_dag.py
[2022-07-30 22:02:29,154] {processor.py:641} INFO - Processing file /home/hp/miniconda3/envs/airflow_env/lib/python3.8/site-packages/airflow/example_dags/example_nested_branch_dag.py for tasks to queue
[2022-07-30 22:02:29,155] {logging_mixin.py:115} INFO - [2022-07-30 22:02:29,155] {dagbag.py:508} INFO - Filling up the DagBag from /home/hp/miniconda3/envs/airflow_env/lib/python3.8/site-packages/airflow/example_dags/example_nested_branch_dag.py
[2022-07-30 22:02:29,168] {processor.py:651} INFO - DAG(s) dict_keys(['example_nested_branch_dag']) retrieved from /home/hp/miniconda3/envs/airflow_env/lib/python3.8/site-packages/airflow/example_dags/example_nested_branch_dag.py
[2022-07-30 22:02:29,175] {logging_mixin.py:115} INFO - [2022-07-30 22:02:29,175] {dag.py:2420} INFO - Sync 1 DAGs
[2022-07-30 22:02:29,184] {logging_mixin.py:115} INFO - [2022-07-30 22:02:29,184] {dag.py:2968} INFO - Setting next_dagrun for example_nested_branch_dag to 2022-07-29T00:00:00+00:00, run_after=2022-07-30T00:00:00+00:00
[2022-07-30 22:02:29,192] {processor.py:161} INFO - Processing /home/hp/miniconda3/envs/airflow_env/lib/python3.8/site-packages/airflow/example_dags/example_nested_branch_dag.py took 0.043 seconds
[2022-07-30 22:03:04,102] {processor.py:153} INFO - Started process (PID=38936) to work on /home/hp/miniconda3/envs/airflow_env/lib/python3.8/site-packages/airflow/example_dags/example_nested_branch_dag.py
[2022-07-30 22:03:04,102] {processor.py:641} INFO - Processing file /home/hp/miniconda3/envs/airflow_env/lib/python3.8/site-packages/airflow/example_dags/example_nested_branch_dag.py for tasks to queue
[2022-07-30 22:03:04,102] {logging_mixin.py:115} INFO - [2022-07-30 22:03:04,102] {dagbag.py:508} INFO - Filling up the DagBag from /home/hp/miniconda3/envs/airflow_env/lib/python3.8/site-packages/airflow/example_dags/example_nested_branch_dag.py
[2022-07-30 22:03:04,112] {processor.py:651} INFO - DAG(s) dict_keys(['example_nested_branch_dag']) retrieved from /home/hp/miniconda3/envs/airflow_env/lib/python3.8/site-packages/airflow/example_dags/example_nested_branch_dag.py
[2022-07-30 22:03:04,120] {logging_mixin.py:115} INFO - [2022-07-30 22:03:04,120] {dag.py:2420} INFO - Sync 1 DAGs
[2022-07-30 22:03:04,129] {logging_mixin.py:115} INFO - [2022-07-30 22:03:04,129] {dag.py:2968} INFO - Setting next_dagrun for example_nested_branch_dag to 2022-07-29T00:00:00+00:00, run_after=2022-07-30T00:00:00+00:00
[2022-07-30 22:03:04,137] {processor.py:161} INFO - Processing /home/hp/miniconda3/envs/airflow_env/lib/python3.8/site-packages/airflow/example_dags/example_nested_branch_dag.py took 0.037 seconds
[2022-07-30 22:03:41,320] {processor.py:153} INFO - Started process (PID=39176) to work on /home/hp/miniconda3/envs/airflow_env/lib/python3.8/site-packages/airflow/example_dags/example_nested_branch_dag.py
[2022-07-30 22:03:41,321] {processor.py:641} INFO - Processing file /home/hp/miniconda3/envs/airflow_env/lib/python3.8/site-packages/airflow/example_dags/example_nested_branch_dag.py for tasks to queue
[2022-07-30 22:03:41,321] {logging_mixin.py:115} INFO - [2022-07-30 22:03:41,321] {dagbag.py:508} INFO - Filling up the DagBag from /home/hp/miniconda3/envs/airflow_env/lib/python3.8/site-packages/airflow/example_dags/example_nested_branch_dag.py
[2022-07-30 22:03:41,329] {processor.py:651} INFO - DAG(s) dict_keys(['example_nested_branch_dag']) retrieved from /home/hp/miniconda3/envs/airflow_env/lib/python3.8/site-packages/airflow/example_dags/example_nested_branch_dag.py
[2022-07-30 22:03:41,337] {logging_mixin.py:115} INFO - [2022-07-30 22:03:41,337] {dag.py:2420} INFO - Sync 1 DAGs
[2022-07-30 22:03:41,346] {logging_mixin.py:115} INFO - [2022-07-30 22:03:41,346] {dag.py:2968} INFO - Setting next_dagrun for example_nested_branch_dag to 2022-07-29T00:00:00+00:00, run_after=2022-07-30T00:00:00+00:00
[2022-07-30 22:03:41,356] {processor.py:161} INFO - Processing /home/hp/miniconda3/envs/airflow_env/lib/python3.8/site-packages/airflow/example_dags/example_nested_branch_dag.py took 0.037 seconds
                                                                                                                                                                                                                                                                                                                                                                                                                                                                                                                                                                                              [2022-07-30 23:14:24,358] {processor.py:153} INFO - Started process (PID=5454) to work on /home/hp/miniconda3/envs/checker/lib/python3.8/site-packages/airflow/example_dags/example_nested_branch_dag.py
[2022-07-30 23:14:24,359] {processor.py:641} INFO - Processing file /home/hp/miniconda3/envs/checker/lib/python3.8/site-packages/airflow/example_dags/example_nested_branch_dag.py for tasks to queue
[2022-07-30 23:14:24,360] {logging_mixin.py:115} INFO - [2022-07-30 23:14:24,360] {dagbag.py:508} INFO - Filling up the DagBag from /home/hp/miniconda3/envs/checker/lib/python3.8/site-packages/airflow/example_dags/example_nested_branch_dag.py
[2022-07-30 23:14:24,372] {processor.py:651} INFO - DAG(s) dict_keys(['example_nested_branch_dag']) retrieved from /home/hp/miniconda3/envs/checker/lib/python3.8/site-packages/airflow/example_dags/example_nested_branch_dag.py
[2022-07-30 23:14:24,395] {logging_mixin.py:115} INFO - [2022-07-30 23:14:24,395] {dag.py:2420} INFO - Sync 1 DAGs
[2022-07-30 23:14:24,406] {logging_mixin.py:115} INFO - [2022-07-30 23:14:24,406] {dag.py:2968} INFO - Setting next_dagrun for example_nested_branch_dag to 2022-07-29T00:00:00+00:00, run_after=2022-07-30T00:00:00+00:00
[2022-07-30 23:14:24,417] {processor.py:161} INFO - Processing /home/hp/miniconda3/envs/checker/lib/python3.8/site-packages/airflow/example_dags/example_nested_branch_dag.py took 0.064 seconds
[2022-07-30 23:14:58,864] {processor.py:153} INFO - Started process (PID=5650) to work on /home/hp/miniconda3/envs/checker/lib/python3.8/site-packages/airflow/example_dags/example_nested_branch_dag.py
[2022-07-30 23:14:58,865] {processor.py:641} INFO - Processing file /home/hp/miniconda3/envs/checker/lib/python3.8/site-packages/airflow/example_dags/example_nested_branch_dag.py for tasks to queue
[2022-07-30 23:14:58,866] {logging_mixin.py:115} INFO - [2022-07-30 23:14:58,866] {dagbag.py:508} INFO - Filling up the DagBag from /home/hp/miniconda3/envs/checker/lib/python3.8/site-packages/airflow/example_dags/example_nested_branch_dag.py
[2022-07-30 23:14:58,873] {processor.py:651} INFO - DAG(s) dict_keys(['example_nested_branch_dag']) retrieved from /home/hp/miniconda3/envs/checker/lib/python3.8/site-packages/airflow/example_dags/example_nested_branch_dag.py
[2022-07-30 23:14:58,882] {logging_mixin.py:115} INFO - [2022-07-30 23:14:58,882] {dag.py:2420} INFO - Sync 1 DAGs
[2022-07-30 23:14:58,892] {logging_mixin.py:115} INFO - [2022-07-30 23:14:58,892] {dag.py:2968} INFO - Setting next_dagrun for example_nested_branch_dag to 2022-07-29T00:00:00+00:00, run_after=2022-07-30T00:00:00+00:00
[2022-07-30 23:14:58,901] {processor.py:161} INFO - Processing /home/hp/miniconda3/envs/checker/lib/python3.8/site-packages/airflow/example_dags/example_nested_branch_dag.py took 0.039 seconds
[2022-07-30 23:15:37,140] {processor.py:153} INFO - Started process (PID=6840) to work on /home/hp/miniconda3/envs/checker/lib/python3.8/site-packages/airflow/example_dags/example_nested_branch_dag.py
[2022-07-30 23:15:37,141] {processor.py:641} INFO - Processing file /home/hp/miniconda3/envs/checker/lib/python3.8/site-packages/airflow/example_dags/example_nested_branch_dag.py for tasks to queue
[2022-07-30 23:15:37,141] {logging_mixin.py:115} INFO - [2022-07-30 23:15:37,141] {dagbag.py:508} INFO - Filling up the DagBag from /home/hp/miniconda3/envs/checker/lib/python3.8/site-packages/airflow/example_dags/example_nested_branch_dag.py
[2022-07-30 23:15:37,150] {processor.py:651} INFO - DAG(s) dict_keys(['example_nested_branch_dag']) retrieved from /home/hp/miniconda3/envs/checker/lib/python3.8/site-packages/airflow/example_dags/example_nested_branch_dag.py
[2022-07-30 23:15:37,163] {logging_mixin.py:115} INFO - [2022-07-30 23:15:37,163] {dag.py:2420} INFO - Sync 1 DAGs
[2022-07-30 23:15:37,175] {logging_mixin.py:115} INFO - [2022-07-30 23:15:37,175] {dag.py:2968} INFO - Setting next_dagrun for example_nested_branch_dag to 2022-07-29T00:00:00+00:00, run_after=2022-07-30T00:00:00+00:00
[2022-07-30 23:15:37,184] {processor.py:161} INFO - Processing /home/hp/miniconda3/envs/checker/lib/python3.8/site-packages/airflow/example_dags/example_nested_branch_dag.py took 0.047 seconds
[2022-07-30 23:16:14,304] {processor.py:153} INFO - Started process (PID=7067) to work on /home/hp/miniconda3/envs/checker/lib/python3.8/site-packages/airflow/example_dags/example_nested_branch_dag.py
[2022-07-30 23:16:14,304] {processor.py:641} INFO - Processing file /home/hp/miniconda3/envs/checker/lib/python3.8/site-packages/airflow/example_dags/example_nested_branch_dag.py for tasks to queue
[2022-07-30 23:16:14,305] {logging_mixin.py:115} INFO - [2022-07-30 23:16:14,305] {dagbag.py:508} INFO - Filling up the DagBag from /home/hp/miniconda3/envs/checker/lib/python3.8/site-packages/airflow/example_dags/example_nested_branch_dag.py
[2022-07-30 23:16:14,314] {processor.py:651} INFO - DAG(s) dict_keys(['example_nested_branch_dag']) retrieved from /home/hp/miniconda3/envs/checker/lib/python3.8/site-packages/airflow/example_dags/example_nested_branch_dag.py
[2022-07-30 23:16:14,322] {logging_mixin.py:115} INFO - [2022-07-30 23:16:14,322] {dag.py:2420} INFO - Sync 1 DAGs
[2022-07-30 23:16:14,333] {logging_mixin.py:115} INFO - [2022-07-30 23:16:14,333] {dag.py:2968} INFO - Setting next_dagrun for example_nested_branch_dag to 2022-07-29T00:00:00+00:00, run_after=2022-07-30T00:00:00+00:00
[2022-07-30 23:16:14,342] {processor.py:161} INFO - Processing /home/hp/miniconda3/envs/checker/lib/python3.8/site-packages/airflow/example_dags/example_nested_branch_dag.py took 0.039 seconds
[2022-07-30 23:16:52,044] {processor.py:153} INFO - Started process (PID=7391) to work on /home/hp/miniconda3/envs/checker/lib/python3.8/site-packages/airflow/example_dags/example_nested_branch_dag.py
[2022-07-30 23:16:52,045] {processor.py:641} INFO - Processing file /home/hp/miniconda3/envs/checker/lib/python3.8/site-packages/airflow/example_dags/example_nested_branch_dag.py for tasks to queue
[2022-07-30 23:16:52,046] {logging_mixin.py:115} INFO - [2022-07-30 23:16:52,046] {dagbag.py:508} INFO - Filling up the DagBag from /home/hp/miniconda3/envs/checker/lib/python3.8/site-packages/airflow/example_dags/example_nested_branch_dag.py
[2022-07-30 23:16:52,054] {processor.py:651} INFO - DAG(s) dict_keys(['example_nested_branch_dag']) retrieved from /home/hp/miniconda3/envs/checker/lib/python3.8/site-packages/airflow/example_dags/example_nested_branch_dag.py
[2022-07-30 23:16:52,065] {logging_mixin.py:115} INFO - [2022-07-30 23:16:52,064] {dag.py:2420} INFO - Sync 1 DAGs
[2022-07-30 23:16:52,079] {logging_mixin.py:115} INFO - [2022-07-30 23:16:52,079] {dag.py:2968} INFO - Setting next_dagrun for example_nested_branch_dag to 2022-07-29T00:00:00+00:00, run_after=2022-07-30T00:00:00+00:00
[2022-07-30 23:16:52,092] {processor.py:161} INFO - Processing /home/hp/miniconda3/envs/checker/lib/python3.8/site-packages/airflow/example_dags/example_nested_branch_dag.py took 0.052 seconds
[2022-07-30 23:17:29,579] {processor.py:153} INFO - Started process (PID=7641) to work on /home/hp/miniconda3/envs/checker/lib/python3.8/site-packages/airflow/example_dags/example_nested_branch_dag.py
[2022-07-30 23:17:29,580] {processor.py:641} INFO - Processing file /home/hp/miniconda3/envs/checker/lib/python3.8/site-packages/airflow/example_dags/example_nested_branch_dag.py for tasks to queue
[2022-07-30 23:17:29,581] {logging_mixin.py:115} INFO - [2022-07-30 23:17:29,581] {dagbag.py:508} INFO - Filling up the DagBag from /home/hp/miniconda3/envs/checker/lib/python3.8/site-packages/airflow/example_dags/example_nested_branch_dag.py
[2022-07-30 23:17:29,590] {processor.py:651} INFO - DAG(s) dict_keys(['example_nested_branch_dag']) retrieved from /home/hp/miniconda3/envs/checker/lib/python3.8/site-packages/airflow/example_dags/example_nested_branch_dag.py
[2022-07-30 23:17:29,603] {logging_mixin.py:115} INFO - [2022-07-30 23:17:29,602] {dag.py:2420} INFO - Sync 1 DAGs
[2022-07-30 23:17:29,613] {logging_mixin.py:115} INFO - [2022-07-30 23:17:29,613] {dag.py:2968} INFO - Setting next_dagrun for example_nested_branch_dag to 2022-07-29T00:00:00+00:00, run_after=2022-07-30T00:00:00+00:00
[2022-07-30 23:17:29,624] {processor.py:161} INFO - Processing /home/hp/miniconda3/envs/checker/lib/python3.8/site-packages/airflow/example_dags/example_nested_branch_dag.py took 0.050 seconds
[2022-07-30 23:18:04,076] {processor.py:153} INFO - Started process (PID=7887) to work on /home/hp/miniconda3/envs/checker/lib/python3.8/site-packages/airflow/example_dags/example_nested_branch_dag.py
[2022-07-30 23:18:04,078] {processor.py:641} INFO - Processing file /home/hp/miniconda3/envs/checker/lib/python3.8/site-packages/airflow/example_dags/example_nested_branch_dag.py for tasks to queue
[2022-07-30 23:18:04,078] {logging_mixin.py:115} INFO - [2022-07-30 23:18:04,078] {dagbag.py:508} INFO - Filling up the DagBag from /home/hp/miniconda3/envs/checker/lib/python3.8/site-packages/airflow/example_dags/example_nested_branch_dag.py
[2022-07-30 23:18:04,089] {processor.py:651} INFO - DAG(s) dict_keys(['example_nested_branch_dag']) retrieved from /home/hp/miniconda3/envs/checker/lib/python3.8/site-packages/airflow/example_dags/example_nested_branch_dag.py
[2022-07-30 23:18:04,099] {logging_mixin.py:115} INFO - [2022-07-30 23:18:04,099] {dag.py:2420} INFO - Sync 1 DAGs
[2022-07-30 23:18:04,110] {logging_mixin.py:115} INFO - [2022-07-30 23:18:04,110] {dag.py:2968} INFO - Setting next_dagrun for example_nested_branch_dag to 2022-07-29T00:00:00+00:00, run_after=2022-07-30T00:00:00+00:00
[2022-07-30 23:18:04,119] {processor.py:161} INFO - Processing /home/hp/miniconda3/envs/checker/lib/python3.8/site-packages/airflow/example_dags/example_nested_branch_dag.py took 0.047 seconds
[2022-07-30 23:20:04,516] {processor.py:153} INFO - Started process (PID=8759) to work on /home/hp/miniconda3/envs/checker/lib/python3.8/site-packages/airflow/example_dags/example_nested_branch_dag.py
[2022-07-30 23:20:04,517] {processor.py:641} INFO - Processing file /home/hp/miniconda3/envs/checker/lib/python3.8/site-packages/airflow/example_dags/example_nested_branch_dag.py for tasks to queue
[2022-07-30 23:20:04,517] {logging_mixin.py:115} INFO - [2022-07-30 23:20:04,517] {dagbag.py:508} INFO - Filling up the DagBag from /home/hp/miniconda3/envs/checker/lib/python3.8/site-packages/airflow/example_dags/example_nested_branch_dag.py
[2022-07-30 23:20:04,522] {processor.py:651} INFO - DAG(s) dict_keys(['example_nested_branch_dag']) retrieved from /home/hp/miniconda3/envs/checker/lib/python3.8/site-packages/airflow/example_dags/example_nested_branch_dag.py
[2022-07-30 23:20:04,532] {logging_mixin.py:115} INFO - [2022-07-30 23:20:04,531] {dag.py:2420} INFO - Sync 1 DAGs
[2022-07-30 23:20:04,541] {logging_mixin.py:115} INFO - [2022-07-30 23:20:04,541] {dag.py:2968} INFO - Setting next_dagrun for example_nested_branch_dag to 2022-07-29T00:00:00+00:00, run_after=2022-07-30T00:00:00+00:00
[2022-07-30 23:20:04,552] {processor.py:161} INFO - Processing /home/hp/miniconda3/envs/checker/lib/python3.8/site-packages/airflow/example_dags/example_nested_branch_dag.py took 0.038 seconds
[2022-07-30 23:20:39,252] {processor.py:153} INFO - Started process (PID=9036) to work on /home/hp/miniconda3/envs/checker/lib/python3.8/site-packages/airflow/example_dags/example_nested_branch_dag.py
[2022-07-30 23:20:39,254] {processor.py:641} INFO - Processing file /home/hp/miniconda3/envs/checker/lib/python3.8/site-packages/airflow/example_dags/example_nested_branch_dag.py for tasks to queue
[2022-07-30 23:20:39,254] {logging_mixin.py:115} INFO - [2022-07-30 23:20:39,254] {dagbag.py:508} INFO - Filling up the DagBag from /home/hp/miniconda3/envs/checker/lib/python3.8/site-packages/airflow/example_dags/example_nested_branch_dag.py
[2022-07-30 23:20:39,265] {processor.py:651} INFO - DAG(s) dict_keys(['example_nested_branch_dag']) retrieved from /home/hp/miniconda3/envs/checker/lib/python3.8/site-packages/airflow/example_dags/example_nested_branch_dag.py
[2022-07-30 23:20:39,275] {logging_mixin.py:115} INFO - [2022-07-30 23:20:39,274] {dag.py:2420} INFO - Sync 1 DAGs
[2022-07-30 23:20:39,286] {logging_mixin.py:115} INFO - [2022-07-30 23:20:39,286] {dag.py:2968} INFO - Setting next_dagrun for example_nested_branch_dag to 2022-07-29T00:00:00+00:00, run_after=2022-07-30T00:00:00+00:00
[2022-07-30 23:20:39,298] {processor.py:161} INFO - Processing /home/hp/miniconda3/envs/checker/lib/python3.8/site-packages/airflow/example_dags/example_nested_branch_dag.py took 0.050 seconds
[2022-07-30 23:24:48,003] {processor.py:153} INFO - Started process (PID=10585) to work on /home/hp/miniconda3/envs/checker/lib/python3.8/site-packages/airflow/example_dags/example_nested_branch_dag.py
[2022-07-30 23:24:48,004] {processor.py:641} INFO - Processing file /home/hp/miniconda3/envs/checker/lib/python3.8/site-packages/airflow/example_dags/example_nested_branch_dag.py for tasks to queue
[2022-07-30 23:24:48,004] {logging_mixin.py:115} INFO - [2022-07-30 23:24:48,004] {dagbag.py:508} INFO - Filling up the DagBag from /home/hp/miniconda3/envs/checker/lib/python3.8/site-packages/airflow/example_dags/example_nested_branch_dag.py
[2022-07-30 23:24:48,015] {processor.py:651} INFO - DAG(s) dict_keys(['example_nested_branch_dag']) retrieved from /home/hp/miniconda3/envs/checker/lib/python3.8/site-packages/airflow/example_dags/example_nested_branch_dag.py
[2022-07-30 23:24:48,023] {logging_mixin.py:115} INFO - [2022-07-30 23:24:48,023] {dag.py:2420} INFO - Sync 1 DAGs
[2022-07-30 23:24:48,032] {logging_mixin.py:115} INFO - [2022-07-30 23:24:48,032] {dag.py:2968} INFO - Setting next_dagrun for example_nested_branch_dag to 2022-07-29T00:00:00+00:00, run_after=2022-07-30T00:00:00+00:00
[2022-07-30 23:24:48,042] {processor.py:161} INFO - Processing /home/hp/miniconda3/envs/checker/lib/python3.8/site-packages/airflow/example_dags/example_nested_branch_dag.py took 0.041 seconds
[2022-07-30 23:25:21,454] {processor.py:153} INFO - Started process (PID=10781) to work on /home/hp/miniconda3/envs/checker/lib/python3.8/site-packages/airflow/example_dags/example_nested_branch_dag.py
[2022-07-30 23:25:21,455] {processor.py:641} INFO - Processing file /home/hp/miniconda3/envs/checker/lib/python3.8/site-packages/airflow/example_dags/example_nested_branch_dag.py for tasks to queue
[2022-07-30 23:25:21,455] {logging_mixin.py:115} INFO - [2022-07-30 23:25:21,455] {dagbag.py:508} INFO - Filling up the DagBag from /home/hp/miniconda3/envs/checker/lib/python3.8/site-packages/airflow/example_dags/example_nested_branch_dag.py
[2022-07-30 23:25:21,462] {processor.py:651} INFO - DAG(s) dict_keys(['example_nested_branch_dag']) retrieved from /home/hp/miniconda3/envs/checker/lib/python3.8/site-packages/airflow/example_dags/example_nested_branch_dag.py
[2022-07-30 23:25:21,471] {logging_mixin.py:115} INFO - [2022-07-30 23:25:21,470] {dag.py:2420} INFO - Sync 1 DAGs
[2022-07-30 23:25:21,479] {logging_mixin.py:115} INFO - [2022-07-30 23:25:21,479] {dag.py:2968} INFO - Setting next_dagrun for example_nested_branch_dag to 2022-07-29T00:00:00+00:00, run_after=2022-07-30T00:00:00+00:00
[2022-07-30 23:25:21,489] {processor.py:161} INFO - Processing /home/hp/miniconda3/envs/checker/lib/python3.8/site-packages/airflow/example_dags/example_nested_branch_dag.py took 0.039 seconds
[2022-07-30 23:25:39,618] {processor.py:153} INFO - Started process (PID=10941) to work on /home/hp/miniconda3/envs/checker/lib/python3.8/site-packages/airflow/example_dags/example_nested_branch_dag.py
[2022-07-30 23:25:39,619] {processor.py:641} INFO - Processing file /home/hp/miniconda3/envs/checker/lib/python3.8/site-packages/airflow/example_dags/example_nested_branch_dag.py for tasks to queue
[2022-07-30 23:25:39,619] {logging_mixin.py:115} INFO - [2022-07-30 23:25:39,619] {dagbag.py:508} INFO - Filling up the DagBag from /home/hp/miniconda3/envs/checker/lib/python3.8/site-packages/airflow/example_dags/example_nested_branch_dag.py
[2022-07-30 23:25:39,624] {processor.py:651} INFO - DAG(s) dict_keys(['example_nested_branch_dag']) retrieved from /home/hp/miniconda3/envs/checker/lib/python3.8/site-packages/airflow/example_dags/example_nested_branch_dag.py
[2022-07-30 23:25:39,632] {logging_mixin.py:115} INFO - [2022-07-30 23:25:39,632] {dag.py:2420} INFO - Sync 1 DAGs
[2022-07-30 23:25:39,642] {logging_mixin.py:115} INFO - [2022-07-30 23:25:39,642] {dag.py:2968} INFO - Setting next_dagrun for example_nested_branch_dag to 2022-07-29T00:00:00+00:00, run_after=2022-07-30T00:00:00+00:00
[2022-07-30 23:25:39,654] {processor.py:161} INFO - Processing /home/hp/miniconda3/envs/checker/lib/python3.8/site-packages/airflow/example_dags/example_nested_branch_dag.py took 0.037 seconds
[2022-07-30 23:26:15,543] {processor.py:153} INFO - Started process (PID=11342) to work on /home/hp/miniconda3/envs/checker/lib/python3.8/site-packages/airflow/example_dags/example_nested_branch_dag.py
[2022-07-30 23:26:15,545] {processor.py:641} INFO - Processing file /home/hp/miniconda3/envs/checker/lib/python3.8/site-packages/airflow/example_dags/example_nested_branch_dag.py for tasks to queue
[2022-07-30 23:26:15,545] {logging_mixin.py:115} INFO - [2022-07-30 23:26:15,545] {dagbag.py:508} INFO - Filling up the DagBag from /home/hp/miniconda3/envs/checker/lib/python3.8/site-packages/airflow/example_dags/example_nested_branch_dag.py
[2022-07-30 23:26:15,557] {processor.py:651} INFO - DAG(s) dict_keys(['example_nested_branch_dag']) retrieved from /home/hp/miniconda3/envs/checker/lib/python3.8/site-packages/airflow/example_dags/example_nested_branch_dag.py
[2022-07-30 23:26:15,565] {logging_mixin.py:115} INFO - [2022-07-30 23:26:15,565] {dag.py:2420} INFO - Sync 1 DAGs
[2022-07-30 23:26:15,573] {logging_mixin.py:115} INFO - [2022-07-30 23:26:15,573] {dag.py:2968} INFO - Setting next_dagrun for example_nested_branch_dag to 2022-07-29T00:00:00+00:00, run_after=2022-07-30T00:00:00+00:00
[2022-07-30 23:26:15,584] {processor.py:161} INFO - Processing /home/hp/miniconda3/envs/checker/lib/python3.8/site-packages/airflow/example_dags/example_nested_branch_dag.py took 0.044 seconds
[2022-07-30 23:26:51,610] {processor.py:153} INFO - Started process (PID=11883) to work on /home/hp/miniconda3/envs/checker/lib/python3.8/site-packages/airflow/example_dags/example_nested_branch_dag.py
[2022-07-30 23:26:51,611] {processor.py:641} INFO - Processing file /home/hp/miniconda3/envs/checker/lib/python3.8/site-packages/airflow/example_dags/example_nested_branch_dag.py for tasks to queue
[2022-07-30 23:26:51,612] {logging_mixin.py:115} INFO - [2022-07-30 23:26:51,612] {dagbag.py:508} INFO - Filling up the DagBag from /home/hp/miniconda3/envs/checker/lib/python3.8/site-packages/airflow/example_dags/example_nested_branch_dag.py
[2022-07-30 23:26:51,623] {processor.py:651} INFO - DAG(s) dict_keys(['example_nested_branch_dag']) retrieved from /home/hp/miniconda3/envs/checker/lib/python3.8/site-packages/airflow/example_dags/example_nested_branch_dag.py
[2022-07-30 23:26:51,631] {logging_mixin.py:115} INFO - [2022-07-30 23:26:51,631] {dag.py:2420} INFO - Sync 1 DAGs
[2022-07-30 23:26:51,640] {logging_mixin.py:115} INFO - [2022-07-30 23:26:51,640] {dag.py:2968} INFO - Setting next_dagrun for example_nested_branch_dag to 2022-07-29T00:00:00+00:00, run_after=2022-07-30T00:00:00+00:00
[2022-07-30 23:26:51,653] {processor.py:161} INFO - Processing /home/hp/miniconda3/envs/checker/lib/python3.8/site-packages/airflow/example_dags/example_nested_branch_dag.py took 0.047 seconds
[2022-07-30 23:27:29,113] {processor.py:153} INFO - Started process (PID=12454) to work on /home/hp/miniconda3/envs/checker/lib/python3.8/site-packages/airflow/example_dags/example_nested_branch_dag.py
[2022-07-30 23:27:29,114] {processor.py:641} INFO - Processing file /home/hp/miniconda3/envs/checker/lib/python3.8/site-packages/airflow/example_dags/example_nested_branch_dag.py for tasks to queue
[2022-07-30 23:27:29,115] {logging_mixin.py:115} INFO - [2022-07-30 23:27:29,114] {dagbag.py:508} INFO - Filling up the DagBag from /home/hp/miniconda3/envs/checker/lib/python3.8/site-packages/airflow/example_dags/example_nested_branch_dag.py
[2022-07-30 23:27:29,125] {processor.py:651} INFO - DAG(s) dict_keys(['example_nested_branch_dag']) retrieved from /home/hp/miniconda3/envs/checker/lib/python3.8/site-packages/airflow/example_dags/example_nested_branch_dag.py
[2022-07-30 23:27:29,133] {logging_mixin.py:115} INFO - [2022-07-30 23:27:29,133] {dag.py:2420} INFO - Sync 1 DAGs
[2022-07-30 23:27:29,142] {logging_mixin.py:115} INFO - [2022-07-30 23:27:29,142] {dag.py:2968} INFO - Setting next_dagrun for example_nested_branch_dag to 2022-07-29T00:00:00+00:00, run_after=2022-07-30T00:00:00+00:00
[2022-07-30 23:27:29,153] {processor.py:161} INFO - Processing /home/hp/miniconda3/envs/checker/lib/python3.8/site-packages/airflow/example_dags/example_nested_branch_dag.py took 0.044 seconds
[2022-07-30 23:28:07,890] {processor.py:153} INFO - Started process (PID=12852) to work on /home/hp/miniconda3/envs/checker/lib/python3.8/site-packages/airflow/example_dags/example_nested_branch_dag.py
[2022-07-30 23:28:07,890] {processor.py:641} INFO - Processing file /home/hp/miniconda3/envs/checker/lib/python3.8/site-packages/airflow/example_dags/example_nested_branch_dag.py for tasks to queue
[2022-07-30 23:28:07,891] {logging_mixin.py:115} INFO - [2022-07-30 23:28:07,891] {dagbag.py:508} INFO - Filling up the DagBag from /home/hp/miniconda3/envs/checker/lib/python3.8/site-packages/airflow/example_dags/example_nested_branch_dag.py
[2022-07-30 23:28:07,897] {processor.py:651} INFO - DAG(s) dict_keys(['example_nested_branch_dag']) retrieved from /home/hp/miniconda3/envs/checker/lib/python3.8/site-packages/airflow/example_dags/example_nested_branch_dag.py
[2022-07-30 23:28:07,905] {logging_mixin.py:115} INFO - [2022-07-30 23:28:07,905] {dag.py:2420} INFO - Sync 1 DAGs
[2022-07-30 23:28:07,913] {logging_mixin.py:115} INFO - [2022-07-30 23:28:07,913] {dag.py:2968} INFO - Setting next_dagrun for example_nested_branch_dag to 2022-07-29T00:00:00+00:00, run_after=2022-07-30T00:00:00+00:00
[2022-07-30 23:28:07,923] {processor.py:161} INFO - Processing /home/hp/miniconda3/envs/checker/lib/python3.8/site-packages/airflow/example_dags/example_nested_branch_dag.py took 0.038 seconds
[2022-07-30 23:28:43,213] {processor.py:153} INFO - Started process (PID=13235) to work on /home/hp/miniconda3/envs/checker/lib/python3.8/site-packages/airflow/example_dags/example_nested_branch_dag.py
[2022-07-30 23:28:43,214] {processor.py:641} INFO - Processing file /home/hp/miniconda3/envs/checker/lib/python3.8/site-packages/airflow/example_dags/example_nested_branch_dag.py for tasks to queue
[2022-07-30 23:28:43,214] {logging_mixin.py:115} INFO - [2022-07-30 23:28:43,214] {dagbag.py:508} INFO - Filling up the DagBag from /home/hp/miniconda3/envs/checker/lib/python3.8/site-packages/airflow/example_dags/example_nested_branch_dag.py
[2022-07-30 23:28:43,221] {processor.py:651} INFO - DAG(s) dict_keys(['example_nested_branch_dag']) retrieved from /home/hp/miniconda3/envs/checker/lib/python3.8/site-packages/airflow/example_dags/example_nested_branch_dag.py
[2022-07-30 23:28:43,230] {logging_mixin.py:115} INFO - [2022-07-30 23:28:43,230] {dag.py:2420} INFO - Sync 1 DAGs
[2022-07-30 23:28:43,240] {logging_mixin.py:115} INFO - [2022-07-30 23:28:43,240] {dag.py:2968} INFO - Setting next_dagrun for example_nested_branch_dag to 2022-07-29T00:00:00+00:00, run_after=2022-07-30T00:00:00+00:00
[2022-07-30 23:28:43,253] {processor.py:161} INFO - Processing /home/hp/miniconda3/envs/checker/lib/python3.8/site-packages/airflow/example_dags/example_nested_branch_dag.py took 0.043 seconds
