[2022-07-30 21:47:51,101] {processor.py:153} INFO - Started process (PID=31632) to work on /home/hp/miniconda3/envs/airflow_env/lib/python3.8/site-packages/airflow/example_dags/example_time_delta_sensor_async.py
[2022-07-30 21:47:51,102] {processor.py:641} INFO - Processing file /home/hp/miniconda3/envs/airflow_env/lib/python3.8/site-packages/airflow/example_dags/example_time_delta_sensor_async.py for tasks to queue
[2022-07-30 21:47:51,102] {logging_mixin.py:115} INFO - [2022-07-30 21:47:51,102] {dagbag.py:508} INFO - Filling up the DagBag from /home/hp/miniconda3/envs/airflow_env/lib/python3.8/site-packages/airflow/example_dags/example_time_delta_sensor_async.py
[2022-07-30 21:47:51,108] {processor.py:651} INFO - DAG(s) dict_keys(['example_time_delta_sensor_async']) retrieved from /home/hp/miniconda3/envs/airflow_env/lib/python3.8/site-packages/airflow/example_dags/example_time_delta_sensor_async.py
[2022-07-30 21:47:51,123] {logging_mixin.py:115} INFO - [2022-07-30 21:47:51,123] {dag.py:2420} INFO - Sync 1 DAGs
[2022-07-30 21:47:51,131] {logging_mixin.py:115} INFO - [2022-07-30 21:47:51,131] {dag.py:2968} INFO - Setting next_dagrun for example_time_delta_sensor_async to None, run_after=None
[2022-07-30 21:47:51,145] {processor.py:161} INFO - Processing /home/hp/miniconda3/envs/airflow_env/lib/python3.8/site-packages/airflow/example_dags/example_time_delta_sensor_async.py took 0.048 seconds
[2022-07-30 21:48:33,939] {processor.py:153} INFO - Started process (PID=31979) to work on /home/hp/miniconda3/envs/airflow_env/lib/python3.8/site-packages/airflow/example_dags/example_time_delta_sensor_async.py
[2022-07-30 21:48:33,940] {processor.py:641} INFO - Processing file /home/hp/miniconda3/envs/airflow_env/lib/python3.8/site-packages/airflow/example_dags/example_time_delta_sensor_async.py for tasks to queue
[2022-07-30 21:48:33,940] {logging_mixin.py:115} INFO - [2022-07-30 21:48:33,940] {dagbag.py:508} INFO - Filling up the DagBag from /home/hp/miniconda3/envs/airflow_env/lib/python3.8/site-packages/airflow/example_dags/example_time_delta_sensor_async.py
[2022-07-30 21:48:33,943] {processor.py:651} INFO - DAG(s) dict_keys(['example_time_delta_sensor_async']) retrieved from /home/hp/miniconda3/envs/airflow_env/lib/python3.8/site-packages/airflow/example_dags/example_time_delta_sensor_async.py
[2022-07-30 21:48:33,956] {logging_mixin.py:115} INFO - [2022-07-30 21:48:33,956] {dag.py:2420} INFO - Sync 1 DAGs
[2022-07-30 21:48:33,964] {logging_mixin.py:115} INFO - [2022-07-30 21:48:33,964] {dag.py:2968} INFO - Setting next_dagrun for example_time_delta_sensor_async to None, run_after=None
[2022-07-30 21:48:33,972] {processor.py:161} INFO - Processing /home/hp/miniconda3/envs/airflow_env/lib/python3.8/site-packages/airflow/example_dags/example_time_delta_sensor_async.py took 0.038 seconds
[2022-07-30 21:49:14,299] {processor.py:153} INFO - Started process (PID=32142) to work on /home/hp/miniconda3/envs/airflow_env/lib/python3.8/site-packages/airflow/example_dags/example_time_delta_sensor_async.py
[2022-07-30 21:49:14,300] {processor.py:641} INFO - Processing file /home/hp/miniconda3/envs/airflow_env/lib/python3.8/site-packages/airflow/example_dags/example_time_delta_sensor_async.py for tasks to queue
[2022-07-30 21:49:14,300] {logging_mixin.py:115} INFO - [2022-07-30 21:49:14,300] {dagbag.py:508} INFO - Filling up the DagBag from /home/hp/miniconda3/envs/airflow_env/lib/python3.8/site-packages/airflow/example_dags/example_time_delta_sensor_async.py
[2022-07-30 21:49:14,304] {processor.py:651} INFO - DAG(s) dict_keys(['example_time_delta_sensor_async']) retrieved from /home/hp/miniconda3/envs/airflow_env/lib/python3.8/site-packages/airflow/example_dags/example_time_delta_sensor_async.py
[2022-07-30 21:49:14,320] {logging_mixin.py:115} INFO - [2022-07-30 21:49:14,320] {dag.py:2420} INFO - Sync 1 DAGs
[2022-07-30 21:49:14,329] {logging_mixin.py:115} INFO - [2022-07-30 21:49:14,328] {dag.py:2968} INFO - Setting next_dagrun for example_time_delta_sensor_async to None, run_after=None
[2022-07-30 21:49:14,341] {processor.py:161} INFO - Processing /home/hp/miniconda3/envs/airflow_env/lib/python3.8/site-packages/airflow/example_dags/example_time_delta_sensor_async.py took 0.043 seconds
[2022-07-30 21:49:53,541] {processor.py:153} INFO - Started process (PID=32344) to work on /home/hp/miniconda3/envs/airflow_env/lib/python3.8/site-packages/airflow/example_dags/example_time_delta_sensor_async.py
[2022-07-30 21:49:53,542] {processor.py:641} INFO - Processing file /home/hp/miniconda3/envs/airflow_env/lib/python3.8/site-packages/airflow/example_dags/example_time_delta_sensor_async.py for tasks to queue
[2022-07-30 21:49:53,542] {logging_mixin.py:115} INFO - [2022-07-30 21:49:53,542] {dagbag.py:508} INFO - Filling up the DagBag from /home/hp/miniconda3/envs/airflow_env/lib/python3.8/site-packages/airflow/example_dags/example_time_delta_sensor_async.py
[2022-07-30 21:49:53,549] {processor.py:651} INFO - DAG(s) dict_keys(['example_time_delta_sensor_async']) retrieved from /home/hp/miniconda3/envs/airflow_env/lib/python3.8/site-packages/airflow/example_dags/example_time_delta_sensor_async.py
[2022-07-30 21:49:53,565] {logging_mixin.py:115} INFO - [2022-07-30 21:49:53,565] {dag.py:2420} INFO - Sync 1 DAGs
[2022-07-30 21:49:53,573] {logging_mixin.py:115} INFO - [2022-07-30 21:49:53,573] {dag.py:2968} INFO - Setting next_dagrun for example_time_delta_sensor_async to None, run_after=None
[2022-07-30 21:49:53,581] {processor.py:161} INFO - Processing /home/hp/miniconda3/envs/airflow_env/lib/python3.8/site-packages/airflow/example_dags/example_time_delta_sensor_async.py took 0.043 seconds
[2022-07-30 21:50:36,627] {processor.py:153} INFO - Started process (PID=32718) to work on /home/hp/miniconda3/envs/airflow_env/lib/python3.8/site-packages/airflow/example_dags/example_time_delta_sensor_async.py
[2022-07-30 21:50:36,628] {processor.py:641} INFO - Processing file /home/hp/miniconda3/envs/airflow_env/lib/python3.8/site-packages/airflow/example_dags/example_time_delta_sensor_async.py for tasks to queue
[2022-07-30 21:50:36,629] {logging_mixin.py:115} INFO - [2022-07-30 21:50:36,628] {dagbag.py:508} INFO - Filling up the DagBag from /home/hp/miniconda3/envs/airflow_env/lib/python3.8/site-packages/airflow/example_dags/example_time_delta_sensor_async.py
[2022-07-30 21:50:36,634] {processor.py:651} INFO - DAG(s) dict_keys(['example_time_delta_sensor_async']) retrieved from /home/hp/miniconda3/envs/airflow_env/lib/python3.8/site-packages/airflow/example_dags/example_time_delta_sensor_async.py
[2022-07-30 21:50:36,649] {logging_mixin.py:115} INFO - [2022-07-30 21:50:36,649] {dag.py:2420} INFO - Sync 1 DAGs
[2022-07-30 21:50:36,657] {logging_mixin.py:115} INFO - [2022-07-30 21:50:36,657] {dag.py:2968} INFO - Setting next_dagrun for example_time_delta_sensor_async to None, run_after=None
[2022-07-30 21:50:36,665] {processor.py:161} INFO - Processing /home/hp/miniconda3/envs/airflow_env/lib/python3.8/site-packages/airflow/example_dags/example_time_delta_sensor_async.py took 0.039 seconds
[2022-07-30 21:51:17,625] {processor.py:153} INFO - Started process (PID=32925) to work on /home/hp/miniconda3/envs/airflow_env/lib/python3.8/site-packages/airflow/example_dags/example_time_delta_sensor_async.py
[2022-07-30 21:51:17,626] {processor.py:641} INFO - Processing file /home/hp/miniconda3/envs/airflow_env/lib/python3.8/site-packages/airflow/example_dags/example_time_delta_sensor_async.py for tasks to queue
[2022-07-30 21:51:17,626] {logging_mixin.py:115} INFO - [2022-07-30 21:51:17,626] {dagbag.py:508} INFO - Filling up the DagBag from /home/hp/miniconda3/envs/airflow_env/lib/python3.8/site-packages/airflow/example_dags/example_time_delta_sensor_async.py
[2022-07-30 21:51:17,628] {processor.py:651} INFO - DAG(s) dict_keys(['example_time_delta_sensor_async']) retrieved from /home/hp/miniconda3/envs/airflow_env/lib/python3.8/site-packages/airflow/example_dags/example_time_delta_sensor_async.py
[2022-07-30 21:51:17,647] {logging_mixin.py:115} INFO - [2022-07-30 21:51:17,647] {dag.py:2420} INFO - Sync 1 DAGs
[2022-07-30 21:51:17,657] {logging_mixin.py:115} INFO - [2022-07-30 21:51:17,657] {dag.py:2968} INFO - Setting next_dagrun for example_time_delta_sensor_async to None, run_after=None
[2022-07-30 21:51:17,671] {processor.py:161} INFO - Processing /home/hp/miniconda3/envs/airflow_env/lib/python3.8/site-packages/airflow/example_dags/example_time_delta_sensor_async.py took 0.048 seconds
[2022-07-30 21:51:58,069] {processor.py:153} INFO - Started process (PID=33347) to work on /home/hp/miniconda3/envs/airflow_env/lib/python3.8/site-packages/airflow/example_dags/example_time_delta_sensor_async.py
[2022-07-30 21:51:58,070] {processor.py:641} INFO - Processing file /home/hp/miniconda3/envs/airflow_env/lib/python3.8/site-packages/airflow/example_dags/example_time_delta_sensor_async.py for tasks to queue
[2022-07-30 21:51:58,070] {logging_mixin.py:115} INFO - [2022-07-30 21:51:58,070] {dagbag.py:508} INFO - Filling up the DagBag from /home/hp/miniconda3/envs/airflow_env/lib/python3.8/site-packages/airflow/example_dags/example_time_delta_sensor_async.py
[2022-07-30 21:51:58,076] {processor.py:651} INFO - DAG(s) dict_keys(['example_time_delta_sensor_async']) retrieved from /home/hp/miniconda3/envs/airflow_env/lib/python3.8/site-packages/airflow/example_dags/example_time_delta_sensor_async.py
[2022-07-30 21:51:58,095] {logging_mixin.py:115} INFO - [2022-07-30 21:51:58,095] {dag.py:2420} INFO - Sync 1 DAGs
[2022-07-30 21:51:58,103] {logging_mixin.py:115} INFO - [2022-07-30 21:51:58,103] {dag.py:2968} INFO - Setting next_dagrun for example_time_delta_sensor_async to None, run_after=None
[2022-07-30 21:51:58,115] {processor.py:161} INFO - Processing /home/hp/miniconda3/envs/airflow_env/lib/python3.8/site-packages/airflow/example_dags/example_time_delta_sensor_async.py took 0.050 seconds
[2022-07-30 21:52:40,929] {processor.py:153} INFO - Started process (PID=33813) to work on /home/hp/miniconda3/envs/airflow_env/lib/python3.8/site-packages/airflow/example_dags/example_time_delta_sensor_async.py
[2022-07-30 21:52:40,930] {processor.py:641} INFO - Processing file /home/hp/miniconda3/envs/airflow_env/lib/python3.8/site-packages/airflow/example_dags/example_time_delta_sensor_async.py for tasks to queue
[2022-07-30 21:52:40,931] {logging_mixin.py:115} INFO - [2022-07-30 21:52:40,930] {dagbag.py:508} INFO - Filling up the DagBag from /home/hp/miniconda3/envs/airflow_env/lib/python3.8/site-packages/airflow/example_dags/example_time_delta_sensor_async.py
[2022-07-30 21:52:40,937] {processor.py:651} INFO - DAG(s) dict_keys(['example_time_delta_sensor_async']) retrieved from /home/hp/miniconda3/envs/airflow_env/lib/python3.8/site-packages/airflow/example_dags/example_time_delta_sensor_async.py
[2022-07-30 21:52:40,952] {logging_mixin.py:115} INFO - [2022-07-30 21:52:40,952] {dag.py:2420} INFO - Sync 1 DAGs
[2022-07-30 21:52:40,959] {logging_mixin.py:115} INFO - [2022-07-30 21:52:40,959] {dag.py:2968} INFO - Setting next_dagrun for example_time_delta_sensor_async to None, run_after=None
[2022-07-30 21:52:40,968] {processor.py:161} INFO - Processing /home/hp/miniconda3/envs/airflow_env/lib/python3.8/site-packages/airflow/example_dags/example_time_delta_sensor_async.py took 0.042 seconds
[2022-07-30 21:53:22,013] {processor.py:153} INFO - Started process (PID=34174) to work on /home/hp/miniconda3/envs/airflow_env/lib/python3.8/site-packages/airflow/example_dags/example_time_delta_sensor_async.py
[2022-07-30 21:53:22,014] {processor.py:641} INFO - Processing file /home/hp/miniconda3/envs/airflow_env/lib/python3.8/site-packages/airflow/example_dags/example_time_delta_sensor_async.py for tasks to queue
[2022-07-30 21:53:22,015] {logging_mixin.py:115} INFO - [2022-07-30 21:53:22,015] {dagbag.py:508} INFO - Filling up the DagBag from /home/hp/miniconda3/envs/airflow_env/lib/python3.8/site-packages/airflow/example_dags/example_time_delta_sensor_async.py
[2022-07-30 21:53:22,024] {processor.py:651} INFO - DAG(s) dict_keys(['example_time_delta_sensor_async']) retrieved from /home/hp/miniconda3/envs/airflow_env/lib/python3.8/site-packages/airflow/example_dags/example_time_delta_sensor_async.py
[2022-07-30 21:53:22,040] {logging_mixin.py:115} INFO - [2022-07-30 21:53:22,040] {dag.py:2420} INFO - Sync 1 DAGs
[2022-07-30 21:53:22,048] {logging_mixin.py:115} INFO - [2022-07-30 21:53:22,048] {dag.py:2968} INFO - Setting next_dagrun for example_time_delta_sensor_async to None, run_after=None
[2022-07-30 21:53:22,056] {processor.py:161} INFO - Processing /home/hp/miniconda3/envs/airflow_env/lib/python3.8/site-packages/airflow/example_dags/example_time_delta_sensor_async.py took 0.047 seconds
[2022-07-30 21:54:01,085] {processor.py:153} INFO - Started process (PID=34454) to work on /home/hp/miniconda3/envs/airflow_env/lib/python3.8/site-packages/airflow/example_dags/example_time_delta_sensor_async.py
[2022-07-30 21:54:01,086] {processor.py:641} INFO - Processing file /home/hp/miniconda3/envs/airflow_env/lib/python3.8/site-packages/airflow/example_dags/example_time_delta_sensor_async.py for tasks to queue
[2022-07-30 21:54:01,086] {logging_mixin.py:115} INFO - [2022-07-30 21:54:01,086] {dagbag.py:508} INFO - Filling up the DagBag from /home/hp/miniconda3/envs/airflow_env/lib/python3.8/site-packages/airflow/example_dags/example_time_delta_sensor_async.py
[2022-07-30 21:54:01,091] {processor.py:651} INFO - DAG(s) dict_keys(['example_time_delta_sensor_async']) retrieved from /home/hp/miniconda3/envs/airflow_env/lib/python3.8/site-packages/airflow/example_dags/example_time_delta_sensor_async.py
[2022-07-30 21:54:01,108] {logging_mixin.py:115} INFO - [2022-07-30 21:54:01,108] {dag.py:2420} INFO - Sync 1 DAGs
[2022-07-30 21:54:01,119] {logging_mixin.py:115} INFO - [2022-07-30 21:54:01,119] {dag.py:2968} INFO - Setting next_dagrun for example_time_delta_sensor_async to None, run_after=None
[2022-07-30 21:54:01,132] {processor.py:161} INFO - Processing /home/hp/miniconda3/envs/airflow_env/lib/python3.8/site-packages/airflow/example_dags/example_time_delta_sensor_async.py took 0.048 seconds
[2022-07-30 21:54:42,164] {processor.py:153} INFO - Started process (PID=34784) to work on /home/hp/miniconda3/envs/airflow_env/lib/python3.8/site-packages/airflow/example_dags/example_time_delta_sensor_async.py
[2022-07-30 21:54:42,165] {processor.py:641} INFO - Processing file /home/hp/miniconda3/envs/airflow_env/lib/python3.8/site-packages/airflow/example_dags/example_time_delta_sensor_async.py for tasks to queue
[2022-07-30 21:54:42,165] {logging_mixin.py:115} INFO - [2022-07-30 21:54:42,165] {dagbag.py:508} INFO - Filling up the DagBag from /home/hp/miniconda3/envs/airflow_env/lib/python3.8/site-packages/airflow/example_dags/example_time_delta_sensor_async.py
[2022-07-30 21:54:42,175] {processor.py:651} INFO - DAG(s) dict_keys(['example_time_delta_sensor_async']) retrieved from /home/hp/miniconda3/envs/airflow_env/lib/python3.8/site-packages/airflow/example_dags/example_time_delta_sensor_async.py
[2022-07-30 21:54:42,189] {logging_mixin.py:115} INFO - [2022-07-30 21:54:42,189] {dag.py:2420} INFO - Sync 1 DAGs
[2022-07-30 21:54:42,197] {logging_mixin.py:115} INFO - [2022-07-30 21:54:42,197] {dag.py:2968} INFO - Setting next_dagrun for example_time_delta_sensor_async to None, run_after=None
[2022-07-30 21:54:42,205] {processor.py:161} INFO - Processing /home/hp/miniconda3/envs/airflow_env/lib/python3.8/site-packages/airflow/example_dags/example_time_delta_sensor_async.py took 0.045 seconds
[2022-07-30 21:55:22,597] {processor.py:153} INFO - Started process (PID=35010) to work on /home/hp/miniconda3/envs/airflow_env/lib/python3.8/site-packages/airflow/example_dags/example_time_delta_sensor_async.py
[2022-07-30 21:55:22,598] {processor.py:641} INFO - Processing file /home/hp/miniconda3/envs/airflow_env/lib/python3.8/site-packages/airflow/example_dags/example_time_delta_sensor_async.py for tasks to queue
[2022-07-30 21:55:22,599] {logging_mixin.py:115} INFO - [2022-07-30 21:55:22,599] {dagbag.py:508} INFO - Filling up the DagBag from /home/hp/miniconda3/envs/airflow_env/lib/python3.8/site-packages/airflow/example_dags/example_time_delta_sensor_async.py
[2022-07-30 21:55:22,608] {processor.py:651} INFO - DAG(s) dict_keys(['example_time_delta_sensor_async']) retrieved from /home/hp/miniconda3/envs/airflow_env/lib/python3.8/site-packages/airflow/example_dags/example_time_delta_sensor_async.py
[2022-07-30 21:55:22,627] {logging_mixin.py:115} INFO - [2022-07-30 21:55:22,627] {dag.py:2420} INFO - Sync 1 DAGs
[2022-07-30 21:55:22,635] {logging_mixin.py:115} INFO - [2022-07-30 21:55:22,635] {dag.py:2968} INFO - Setting next_dagrun for example_time_delta_sensor_async to None, run_after=None
[2022-07-30 21:55:22,644] {processor.py:161} INFO - Processing /home/hp/miniconda3/envs/airflow_env/lib/python3.8/site-packages/airflow/example_dags/example_time_delta_sensor_async.py took 0.051 seconds
[2022-07-30 21:56:03,242] {processor.py:153} INFO - Started process (PID=35261) to work on /home/hp/miniconda3/envs/airflow_env/lib/python3.8/site-packages/airflow/example_dags/example_time_delta_sensor_async.py
[2022-07-30 21:56:03,244] {processor.py:641} INFO - Processing file /home/hp/miniconda3/envs/airflow_env/lib/python3.8/site-packages/airflow/example_dags/example_time_delta_sensor_async.py for tasks to queue
[2022-07-30 21:56:03,244] {logging_mixin.py:115} INFO - [2022-07-30 21:56:03,244] {dagbag.py:508} INFO - Filling up the DagBag from /home/hp/miniconda3/envs/airflow_env/lib/python3.8/site-packages/airflow/example_dags/example_time_delta_sensor_async.py
[2022-07-30 21:56:03,254] {processor.py:651} INFO - DAG(s) dict_keys(['example_time_delta_sensor_async']) retrieved from /home/hp/miniconda3/envs/airflow_env/lib/python3.8/site-packages/airflow/example_dags/example_time_delta_sensor_async.py
[2022-07-30 21:56:03,269] {logging_mixin.py:115} INFO - [2022-07-30 21:56:03,269] {dag.py:2420} INFO - Sync 1 DAGs
[2022-07-30 21:56:03,280] {logging_mixin.py:115} INFO - [2022-07-30 21:56:03,280] {dag.py:2968} INFO - Setting next_dagrun for example_time_delta_sensor_async to None, run_after=None
[2022-07-30 21:56:03,294] {processor.py:161} INFO - Processing /home/hp/miniconda3/envs/airflow_env/lib/python3.8/site-packages/airflow/example_dags/example_time_delta_sensor_async.py took 0.056 seconds
[2022-07-30 21:56:46,486] {processor.py:153} INFO - Started process (PID=35693) to work on /home/hp/miniconda3/envs/airflow_env/lib/python3.8/site-packages/airflow/example_dags/example_time_delta_sensor_async.py
[2022-07-30 21:56:46,487] {processor.py:641} INFO - Processing file /home/hp/miniconda3/envs/airflow_env/lib/python3.8/site-packages/airflow/example_dags/example_time_delta_sensor_async.py for tasks to queue
[2022-07-30 21:56:46,487] {logging_mixin.py:115} INFO - [2022-07-30 21:56:46,487] {dagbag.py:508} INFO - Filling up the DagBag from /home/hp/miniconda3/envs/airflow_env/lib/python3.8/site-packages/airflow/example_dags/example_time_delta_sensor_async.py
[2022-07-30 21:56:46,491] {processor.py:651} INFO - DAG(s) dict_keys(['example_time_delta_sensor_async']) retrieved from /home/hp/miniconda3/envs/airflow_env/lib/python3.8/site-packages/airflow/example_dags/example_time_delta_sensor_async.py
[2022-07-30 21:56:46,505] {logging_mixin.py:115} INFO - [2022-07-30 21:56:46,505] {dag.py:2420} INFO - Sync 1 DAGs
[2022-07-30 21:56:46,514] {logging_mixin.py:115} INFO - [2022-07-30 21:56:46,514] {dag.py:2968} INFO - Setting next_dagrun for example_time_delta_sensor_async to None, run_after=None
[2022-07-30 21:56:46,524] {processor.py:161} INFO - Processing /home/hp/miniconda3/envs/airflow_env/lib/python3.8/site-packages/airflow/example_dags/example_time_delta_sensor_async.py took 0.039 seconds
[2022-07-30 21:57:28,805] {processor.py:153} INFO - Started process (PID=36004) to work on /home/hp/miniconda3/envs/airflow_env/lib/python3.8/site-packages/airflow/example_dags/example_time_delta_sensor_async.py
[2022-07-30 21:57:28,805] {processor.py:641} INFO - Processing file /home/hp/miniconda3/envs/airflow_env/lib/python3.8/site-packages/airflow/example_dags/example_time_delta_sensor_async.py for tasks to queue
[2022-07-30 21:57:28,806] {logging_mixin.py:115} INFO - [2022-07-30 21:57:28,805] {dagbag.py:508} INFO - Filling up the DagBag from /home/hp/miniconda3/envs/airflow_env/lib/python3.8/site-packages/airflow/example_dags/example_time_delta_sensor_async.py
[2022-07-30 21:57:28,810] {processor.py:651} INFO - DAG(s) dict_keys(['example_time_delta_sensor_async']) retrieved from /home/hp/miniconda3/envs/airflow_env/lib/python3.8/site-packages/airflow/example_dags/example_time_delta_sensor_async.py
[2022-07-30 21:57:28,824] {logging_mixin.py:115} INFO - [2022-07-30 21:57:28,824] {dag.py:2420} INFO - Sync 1 DAGs
[2022-07-30 21:57:28,831] {logging_mixin.py:115} INFO - [2022-07-30 21:57:28,831] {dag.py:2968} INFO - Setting next_dagrun for example_time_delta_sensor_async to None, run_after=None
[2022-07-30 21:57:28,841] {processor.py:161} INFO - Processing /home/hp/miniconda3/envs/airflow_env/lib/python3.8/site-packages/airflow/example_dags/example_time_delta_sensor_async.py took 0.038 seconds
[2022-07-30 21:58:09,943] {processor.py:153} INFO - Started process (PID=36404) to work on /home/hp/miniconda3/envs/airflow_env/lib/python3.8/site-packages/airflow/example_dags/example_time_delta_sensor_async.py
[2022-07-30 21:58:09,943] {processor.py:641} INFO - Processing file /home/hp/miniconda3/envs/airflow_env/lib/python3.8/site-packages/airflow/example_dags/example_time_delta_sensor_async.py for tasks to queue
[2022-07-30 21:58:09,944] {logging_mixin.py:115} INFO - [2022-07-30 21:58:09,944] {dagbag.py:508} INFO - Filling up the DagBag from /home/hp/miniconda3/envs/airflow_env/lib/python3.8/site-packages/airflow/example_dags/example_time_delta_sensor_async.py
[2022-07-30 21:58:09,949] {processor.py:651} INFO - DAG(s) dict_keys(['example_time_delta_sensor_async']) retrieved from /home/hp/miniconda3/envs/airflow_env/lib/python3.8/site-packages/airflow/example_dags/example_time_delta_sensor_async.py
[2022-07-30 21:58:09,969] {logging_mixin.py:115} WARNING - /home/hp/miniconda3/envs/airflow_env/lib/python3.8/site-packages/airflow/models/dagbag.py:610 DeprecationWarning: DAG.full_filepath is deprecated in favour of fileloc
[2022-07-30 21:58:09,972] {logging_mixin.py:115} INFO - [2022-07-30 21:58:09,969] {dagbag.py:610} ERROR - Failed to write serialized DAG: /home/hp/miniconda3/envs/airflow_env/lib/python3.8/site-packages/airflow/example_dags/example_time_delta_sensor_async.py
Traceback (most recent call last):
  File "/home/hp/miniconda3/envs/airflow_env/lib/python3.8/site-packages/airflow/models/dagbag.py", line 605, in _serialize_dag_capturing_errors
    self._sync_perm_for_dag(dag, session=session)
  File "/home/hp/miniconda3/envs/airflow_env/lib/python3.8/site-packages/airflow/utils/session.py", line 68, in wrapper
    return func(*args, **kwargs)
  File "/home/hp/miniconda3/envs/airflow_env/lib/python3.8/site-packages/airflow/models/dagbag.py", line 660, in _sync_perm_for_dag
    if dag.access_control or needs_perms(root_dag_id):
  File "/home/hp/miniconda3/envs/airflow_env/lib/python3.8/site-packages/airflow/models/dagbag.py", line 650, in needs_perms
    session.query(Permission)
  File "/home/hp/miniconda3/envs/airflow_env/lib/python3.8/site-packages/sqlalchemy/orm/session.py", line 2046, in query
    return self._query_cls(entities, self, **kwargs)
  File "/home/hp/miniconda3/envs/airflow_env/lib/python3.8/site-packages/sqlalchemy/orm/query.py", line 173, in __init__
    self._set_entities(entities)
  File "/home/hp/miniconda3/envs/airflow_env/lib/python3.8/site-packages/sqlalchemy/orm/query.py", line 180, in _set_entities
    self._raw_columns = [
  File "/home/hp/miniconda3/envs/airflow_env/lib/python3.8/site-packages/sqlalchemy/orm/query.py", line 181, in <listcomp>
    coercions.expect(
  File "/home/hp/miniconda3/envs/airflow_env/lib/python3.8/site-packages/sqlalchemy/sql/coercions.py", line 160, in expect
    insp._post_inspect
  File "/home/hp/miniconda3/envs/airflow_env/lib/python3.8/site-packages/sqlalchemy/util/langhelpers.py", line 1162, in __get__
    obj.__dict__[self.__name__] = result = self.fget(obj)
  File "/home/hp/miniconda3/envs/airflow_env/lib/python3.8/site-packages/sqlalchemy/orm/mapper.py", line 2097, in _post_inspect
    self._check_configure()
  File "/home/hp/miniconda3/envs/airflow_env/lib/python3.8/site-packages/sqlalchemy/orm/mapper.py", line 1874, in _check_configure
    _configure_registries({self.registry}, cascade=True)
  File "/home/hp/miniconda3/envs/airflow_env/lib/python3.8/site-packages/sqlalchemy/orm/mapper.py", line 3381, in _configure_registries
    _do_configure_registries(registries, cascade)
  File "/home/hp/miniconda3/envs/airflow_env/lib/python3.8/site-packages/sqlalchemy/orm/mapper.py", line 3420, in _do_configure_registries
    mapper._post_configure_properties()
  File "/home/hp/miniconda3/envs/airflow_env/lib/python3.8/site-packages/sqlalchemy/orm/mapper.py", line 1891, in _post_configure_properties
    prop.init()
  File "/home/hp/miniconda3/envs/airflow_env/lib/python3.8/site-packages/sqlalchemy/orm/interfaces.py", line 227, in init
    self.do_init()
  File "/home/hp/miniconda3/envs/airflow_env/lib/python3.8/site-packages/sqlalchemy/orm/relationships.py", line 2133, in do_init
    self._setup_join_conditions()
  File "/home/hp/miniconda3/envs/airflow_env/lib/python3.8/site-packages/sqlalchemy/orm/relationships.py", line 2229, in _setup_join_conditions
    self._join_condition = jc = JoinCondition(
  File "/home/hp/miniconda3/envs/airflow_env/lib/python3.8/site-packages/sqlalchemy/orm/relationships.py", line 2624, in __init__
    self._determine_joins()
  File "/home/hp/miniconda3/envs/airflow_env/lib/python3.8/site-packages/sqlalchemy/orm/relationships.py", line 2720, in _determine_joins
    self.secondaryjoin = join_condition(
  File "<string>", line 2, in join_condition
  File "/home/hp/miniconda3/envs/airflow_env/lib/python3.8/site-packages/sqlalchemy/sql/selectable.py", line 1186, in _join_condition
    constraints = cls._joincond_scan_left_right(
  File "/home/hp/miniconda3/envs/airflow_env/lib/python3.8/site-packages/sqlalchemy/sql/selectable.py", line 1255, in _joincond_scan_left_right
    col = fk.get_referent(left)
  File "/home/hp/miniconda3/envs/airflow_env/lib/python3.8/site-packages/sqlalchemy/sql/schema.py", line 2232, in get_referent
    return table.corresponding_column(self.column)
  File "/home/hp/miniconda3/envs/airflow_env/lib/python3.8/site-packages/sqlalchemy/util/langhelpers.py", line 1095, in __get__
    obj.__dict__[self.__name__] = result = self.fget(obj)
  File "/home/hp/miniconda3/envs/airflow_env/lib/python3.8/site-packages/sqlalchemy/sql/schema.py", line 2373, in column
    raise exc.NoReferencedTableError(
sqlalchemy.exc.NoReferencedTableError: Foreign key associated with column 'ab_permission_view_role.permission_view_id' could not find table 'ab_permission_view' with which to generate a foreign key to target column 'id'
[2022-07-30 21:58:09,972] {logging_mixin.py:115} INFO - [2022-07-30 21:58:09,972] {dag.py:2420} INFO - Sync 1 DAGs
[2022-07-30 21:58:09,980] {logging_mixin.py:115} INFO - [2022-07-30 21:58:09,980] {dag.py:2968} INFO - Setting next_dagrun for example_time_delta_sensor_async to None, run_after=None
[2022-07-30 21:58:09,993] {processor.py:161} INFO - Processing /home/hp/miniconda3/envs/airflow_env/lib/python3.8/site-packages/airflow/example_dags/example_time_delta_sensor_async.py took 0.054 seconds
[2022-07-30 21:58:33,563] {processor.py:153} INFO - Started process (PID=36662) to work on /home/hp/miniconda3/envs/airflow_env/lib/python3.8/site-packages/airflow/example_dags/example_time_delta_sensor_async.py
[2022-07-30 21:58:33,564] {processor.py:641} INFO - Processing file /home/hp/miniconda3/envs/airflow_env/lib/python3.8/site-packages/airflow/example_dags/example_time_delta_sensor_async.py for tasks to queue
[2022-07-30 21:58:33,564] {logging_mixin.py:115} INFO - [2022-07-30 21:58:33,564] {dagbag.py:508} INFO - Filling up the DagBag from /home/hp/miniconda3/envs/airflow_env/lib/python3.8/site-packages/airflow/example_dags/example_time_delta_sensor_async.py
[2022-07-30 21:58:33,569] {processor.py:651} INFO - DAG(s) dict_keys(['example_time_delta_sensor_async']) retrieved from /home/hp/miniconda3/envs/airflow_env/lib/python3.8/site-packages/airflow/example_dags/example_time_delta_sensor_async.py
[2022-07-30 21:58:33,579] {logging_mixin.py:115} INFO - [2022-07-30 21:58:33,579] {dag.py:2420} INFO - Sync 1 DAGs
[2022-07-30 21:58:33,595] {logging_mixin.py:115} INFO - [2022-07-30 21:58:33,595] {dag.py:2968} INFO - Setting next_dagrun for example_time_delta_sensor_async to None, run_after=None
[2022-07-30 21:58:33,612] {processor.py:161} INFO - Processing /home/hp/miniconda3/envs/airflow_env/lib/python3.8/site-packages/airflow/example_dags/example_time_delta_sensor_async.py took 0.051 seconds
[2022-07-30 21:59:15,901] {processor.py:153} INFO - Started process (PID=37078) to work on /home/hp/miniconda3/envs/airflow_env/lib/python3.8/site-packages/airflow/example_dags/example_time_delta_sensor_async.py
[2022-07-30 21:59:15,902] {processor.py:641} INFO - Processing file /home/hp/miniconda3/envs/airflow_env/lib/python3.8/site-packages/airflow/example_dags/example_time_delta_sensor_async.py for tasks to queue
[2022-07-30 21:59:15,902] {logging_mixin.py:115} INFO - [2022-07-30 21:59:15,902] {dagbag.py:508} INFO - Filling up the DagBag from /home/hp/miniconda3/envs/airflow_env/lib/python3.8/site-packages/airflow/example_dags/example_time_delta_sensor_async.py
[2022-07-30 21:59:15,905] {processor.py:651} INFO - DAG(s) dict_keys(['example_time_delta_sensor_async']) retrieved from /home/hp/miniconda3/envs/airflow_env/lib/python3.8/site-packages/airflow/example_dags/example_time_delta_sensor_async.py
[2022-07-30 21:59:15,920] {logging_mixin.py:115} INFO - [2022-07-30 21:59:15,920] {dag.py:2420} INFO - Sync 1 DAGs
[2022-07-30 21:59:15,928] {logging_mixin.py:115} INFO - [2022-07-30 21:59:15,928] {dag.py:2968} INFO - Setting next_dagrun for example_time_delta_sensor_async to None, run_after=None
[2022-07-30 21:59:15,935] {processor.py:161} INFO - Processing /home/hp/miniconda3/envs/airflow_env/lib/python3.8/site-packages/airflow/example_dags/example_time_delta_sensor_async.py took 0.035 seconds
[2022-07-30 21:59:48,513] {processor.py:153} INFO - Started process (PID=37246) to work on /home/hp/miniconda3/envs/airflow_env/lib/python3.8/site-packages/airflow/example_dags/example_time_delta_sensor_async.py
[2022-07-30 21:59:48,514] {processor.py:641} INFO - Processing file /home/hp/miniconda3/envs/airflow_env/lib/python3.8/site-packages/airflow/example_dags/example_time_delta_sensor_async.py for tasks to queue
[2022-07-30 21:59:48,514] {logging_mixin.py:115} INFO - [2022-07-30 21:59:48,514] {dagbag.py:508} INFO - Filling up the DagBag from /home/hp/miniconda3/envs/airflow_env/lib/python3.8/site-packages/airflow/example_dags/example_time_delta_sensor_async.py
[2022-07-30 21:59:48,516] {processor.py:651} INFO - DAG(s) dict_keys(['example_time_delta_sensor_async']) retrieved from /home/hp/miniconda3/envs/airflow_env/lib/python3.8/site-packages/airflow/example_dags/example_time_delta_sensor_async.py
[2022-07-30 21:59:48,531] {logging_mixin.py:115} INFO - [2022-07-30 21:59:48,531] {dag.py:2420} INFO - Sync 1 DAGs
[2022-07-30 21:59:48,540] {logging_mixin.py:115} INFO - [2022-07-30 21:59:48,540] {dag.py:2968} INFO - Setting next_dagrun for example_time_delta_sensor_async to None, run_after=None
[2022-07-30 21:59:48,552] {processor.py:161} INFO - Processing /home/hp/miniconda3/envs/airflow_env/lib/python3.8/site-packages/airflow/example_dags/example_time_delta_sensor_async.py took 0.040 seconds
[2022-07-30 22:00:25,621] {processor.py:153} INFO - Started process (PID=37561) to work on /home/hp/miniconda3/envs/airflow_env/lib/python3.8/site-packages/airflow/example_dags/example_time_delta_sensor_async.py
[2022-07-30 22:00:25,622] {processor.py:641} INFO - Processing file /home/hp/miniconda3/envs/airflow_env/lib/python3.8/site-packages/airflow/example_dags/example_time_delta_sensor_async.py for tasks to queue
[2022-07-30 22:00:25,622] {logging_mixin.py:115} INFO - [2022-07-30 22:00:25,622] {dagbag.py:508} INFO - Filling up the DagBag from /home/hp/miniconda3/envs/airflow_env/lib/python3.8/site-packages/airflow/example_dags/example_time_delta_sensor_async.py
[2022-07-30 22:00:25,627] {processor.py:651} INFO - DAG(s) dict_keys(['example_time_delta_sensor_async']) retrieved from /home/hp/miniconda3/envs/airflow_env/lib/python3.8/site-packages/airflow/example_dags/example_time_delta_sensor_async.py
[2022-07-30 22:00:25,643] {logging_mixin.py:115} INFO - [2022-07-30 22:00:25,643] {dag.py:2420} INFO - Sync 1 DAGs
[2022-07-30 22:00:25,651] {logging_mixin.py:115} INFO - [2022-07-30 22:00:25,651] {dag.py:2968} INFO - Setting next_dagrun for example_time_delta_sensor_async to None, run_after=None
[2022-07-30 22:00:25,660] {processor.py:161} INFO - Processing /home/hp/miniconda3/envs/airflow_env/lib/python3.8/site-packages/airflow/example_dags/example_time_delta_sensor_async.py took 0.042 seconds
[2022-07-30 22:01:00,264] {processor.py:153} INFO - Started process (PID=37844) to work on /home/hp/miniconda3/envs/airflow_env/lib/python3.8/site-packages/airflow/example_dags/example_time_delta_sensor_async.py
[2022-07-30 22:01:00,264] {processor.py:641} INFO - Processing file /home/hp/miniconda3/envs/airflow_env/lib/python3.8/site-packages/airflow/example_dags/example_time_delta_sensor_async.py for tasks to queue
[2022-07-30 22:01:00,265] {logging_mixin.py:115} INFO - [2022-07-30 22:01:00,265] {dagbag.py:508} INFO - Filling up the DagBag from /home/hp/miniconda3/envs/airflow_env/lib/python3.8/site-packages/airflow/example_dags/example_time_delta_sensor_async.py
[2022-07-30 22:01:00,267] {processor.py:651} INFO - DAG(s) dict_keys(['example_time_delta_sensor_async']) retrieved from /home/hp/miniconda3/envs/airflow_env/lib/python3.8/site-packages/airflow/example_dags/example_time_delta_sensor_async.py
[2022-07-30 22:01:00,287] {logging_mixin.py:115} INFO - [2022-07-30 22:01:00,287] {dag.py:2420} INFO - Sync 1 DAGs
[2022-07-30 22:01:00,299] {logging_mixin.py:115} INFO - [2022-07-30 22:01:00,299] {dag.py:2968} INFO - Setting next_dagrun for example_time_delta_sensor_async to None, run_after=None
[2022-07-30 22:01:00,309] {processor.py:161} INFO - Processing /home/hp/miniconda3/envs/airflow_env/lib/python3.8/site-packages/airflow/example_dags/example_time_delta_sensor_async.py took 0.048 seconds
[2022-07-30 22:01:41,114] {processor.py:153} INFO - Started process (PID=38246) to work on /home/hp/miniconda3/envs/airflow_env/lib/python3.8/site-packages/airflow/example_dags/example_time_delta_sensor_async.py
[2022-07-30 22:01:41,114] {processor.py:641} INFO - Processing file /home/hp/miniconda3/envs/airflow_env/lib/python3.8/site-packages/airflow/example_dags/example_time_delta_sensor_async.py for tasks to queue
[2022-07-30 22:01:41,114] {logging_mixin.py:115} INFO - [2022-07-30 22:01:41,114] {dagbag.py:508} INFO - Filling up the DagBag from /home/hp/miniconda3/envs/airflow_env/lib/python3.8/site-packages/airflow/example_dags/example_time_delta_sensor_async.py
[2022-07-30 22:01:41,117] {processor.py:651} INFO - DAG(s) dict_keys(['example_time_delta_sensor_async']) retrieved from /home/hp/miniconda3/envs/airflow_env/lib/python3.8/site-packages/airflow/example_dags/example_time_delta_sensor_async.py
[2022-07-30 22:01:41,133] {logging_mixin.py:115} INFO - [2022-07-30 22:01:41,133] {dag.py:2420} INFO - Sync 1 DAGs
[2022-07-30 22:01:41,141] {logging_mixin.py:115} INFO - [2022-07-30 22:01:41,141] {dag.py:2968} INFO - Setting next_dagrun for example_time_delta_sensor_async to None, run_after=None
[2022-07-30 22:01:41,150] {processor.py:161} INFO - Processing /home/hp/miniconda3/envs/airflow_env/lib/python3.8/site-packages/airflow/example_dags/example_time_delta_sensor_async.py took 0.038 seconds
[2022-07-30 22:02:16,001] {processor.py:153} INFO - Started process (PID=38582) to work on /home/hp/miniconda3/envs/airflow_env/lib/python3.8/site-packages/airflow/example_dags/example_time_delta_sensor_async.py
[2022-07-30 22:02:16,002] {processor.py:641} INFO - Processing file /home/hp/miniconda3/envs/airflow_env/lib/python3.8/site-packages/airflow/example_dags/example_time_delta_sensor_async.py for tasks to queue
[2022-07-30 22:02:16,003] {logging_mixin.py:115} INFO - [2022-07-30 22:02:16,002] {dagbag.py:508} INFO - Filling up the DagBag from /home/hp/miniconda3/envs/airflow_env/lib/python3.8/site-packages/airflow/example_dags/example_time_delta_sensor_async.py
[2022-07-30 22:02:16,010] {processor.py:651} INFO - DAG(s) dict_keys(['example_time_delta_sensor_async']) retrieved from /home/hp/miniconda3/envs/airflow_env/lib/python3.8/site-packages/airflow/example_dags/example_time_delta_sensor_async.py
[2022-07-30 22:02:16,025] {logging_mixin.py:115} INFO - [2022-07-30 22:02:16,025] {dag.py:2420} INFO - Sync 1 DAGs
[2022-07-30 22:02:16,032] {logging_mixin.py:115} INFO - [2022-07-30 22:02:16,032] {dag.py:2968} INFO - Setting next_dagrun for example_time_delta_sensor_async to None, run_after=None
[2022-07-30 22:02:16,040] {processor.py:161} INFO - Processing /home/hp/miniconda3/envs/airflow_env/lib/python3.8/site-packages/airflow/example_dags/example_time_delta_sensor_async.py took 0.043 seconds
[2022-07-30 22:02:52,062] {processor.py:153} INFO - Started process (PID=38906) to work on /home/hp/miniconda3/envs/airflow_env/lib/python3.8/site-packages/airflow/example_dags/example_time_delta_sensor_async.py
[2022-07-30 22:02:52,062] {processor.py:641} INFO - Processing file /home/hp/miniconda3/envs/airflow_env/lib/python3.8/site-packages/airflow/example_dags/example_time_delta_sensor_async.py for tasks to queue
[2022-07-30 22:02:52,063] {logging_mixin.py:115} INFO - [2022-07-30 22:02:52,062] {dagbag.py:508} INFO - Filling up the DagBag from /home/hp/miniconda3/envs/airflow_env/lib/python3.8/site-packages/airflow/example_dags/example_time_delta_sensor_async.py
[2022-07-30 22:02:52,065] {processor.py:651} INFO - DAG(s) dict_keys(['example_time_delta_sensor_async']) retrieved from /home/hp/miniconda3/envs/airflow_env/lib/python3.8/site-packages/airflow/example_dags/example_time_delta_sensor_async.py
[2022-07-30 22:02:52,080] {logging_mixin.py:115} INFO - [2022-07-30 22:02:52,080] {dag.py:2420} INFO - Sync 1 DAGs
[2022-07-30 22:02:52,090] {logging_mixin.py:115} INFO - [2022-07-30 22:02:52,090] {dag.py:2968} INFO - Setting next_dagrun for example_time_delta_sensor_async to None, run_after=None
[2022-07-30 22:02:52,101] {processor.py:161} INFO - Processing /home/hp/miniconda3/envs/airflow_env/lib/python3.8/site-packages/airflow/example_dags/example_time_delta_sensor_async.py took 0.041 seconds
[2022-07-30 22:03:29,314] {processor.py:153} INFO - Started process (PID=39115) to work on /home/hp/miniconda3/envs/airflow_env/lib/python3.8/site-packages/airflow/example_dags/example_time_delta_sensor_async.py
[2022-07-30 22:03:29,315] {processor.py:641} INFO - Processing file /home/hp/miniconda3/envs/airflow_env/lib/python3.8/site-packages/airflow/example_dags/example_time_delta_sensor_async.py for tasks to queue
[2022-07-30 22:03:29,316] {logging_mixin.py:115} INFO - [2022-07-30 22:03:29,316] {dagbag.py:508} INFO - Filling up the DagBag from /home/hp/miniconda3/envs/airflow_env/lib/python3.8/site-packages/airflow/example_dags/example_time_delta_sensor_async.py
[2022-07-30 22:03:29,322] {processor.py:651} INFO - DAG(s) dict_keys(['example_time_delta_sensor_async']) retrieved from /home/hp/miniconda3/envs/airflow_env/lib/python3.8/site-packages/airflow/example_dags/example_time_delta_sensor_async.py
[2022-07-30 22:03:29,336] {logging_mixin.py:115} INFO - [2022-07-30 22:03:29,336] {dag.py:2420} INFO - Sync 1 DAGs
[2022-07-30 22:03:29,344] {logging_mixin.py:115} INFO - [2022-07-30 22:03:29,344] {dag.py:2968} INFO - Setting next_dagrun for example_time_delta_sensor_async to None, run_after=None
[2022-07-30 22:03:29,352] {processor.py:161} INFO - Processing /home/hp/miniconda3/envs/airflow_env/lib/python3.8/site-packages/airflow/example_dags/example_time_delta_sensor_async.py took 0.042 seconds
                                                                                                                                                                                                                                                                                                                                                                                                                                                                                                                                                                    [2022-07-30 23:14:30,404] {processor.py:153} INFO - Started process (PID=5514) to work on /home/hp/miniconda3/envs/checker/lib/python3.8/site-packages/airflow/example_dags/example_time_delta_sensor_async.py
[2022-07-30 23:14:30,405] {processor.py:641} INFO - Processing file /home/hp/miniconda3/envs/checker/lib/python3.8/site-packages/airflow/example_dags/example_time_delta_sensor_async.py for tasks to queue
[2022-07-30 23:14:30,406] {logging_mixin.py:115} INFO - [2022-07-30 23:14:30,406] {dagbag.py:508} INFO - Filling up the DagBag from /home/hp/miniconda3/envs/checker/lib/python3.8/site-packages/airflow/example_dags/example_time_delta_sensor_async.py
[2022-07-30 23:14:30,411] {processor.py:651} INFO - DAG(s) dict_keys(['example_time_delta_sensor_async']) retrieved from /home/hp/miniconda3/envs/checker/lib/python3.8/site-packages/airflow/example_dags/example_time_delta_sensor_async.py
[2022-07-30 23:14:30,439] {logging_mixin.py:115} INFO - [2022-07-30 23:14:30,439] {dag.py:2420} INFO - Sync 1 DAGs
[2022-07-30 23:14:30,446] {logging_mixin.py:115} INFO - [2022-07-30 23:14:30,446] {dag.py:2968} INFO - Setting next_dagrun for example_time_delta_sensor_async to None, run_after=None
[2022-07-30 23:14:30,457] {processor.py:161} INFO - Processing /home/hp/miniconda3/envs/checker/lib/python3.8/site-packages/airflow/example_dags/example_time_delta_sensor_async.py took 0.057 seconds
[2022-07-30 23:15:05,145] {processor.py:153} INFO - Started process (PID=5660) to work on /home/hp/miniconda3/envs/checker/lib/python3.8/site-packages/airflow/example_dags/example_time_delta_sensor_async.py
[2022-07-30 23:15:05,147] {processor.py:641} INFO - Processing file /home/hp/miniconda3/envs/checker/lib/python3.8/site-packages/airflow/example_dags/example_time_delta_sensor_async.py for tasks to queue
[2022-07-30 23:15:05,147] {logging_mixin.py:115} INFO - [2022-07-30 23:15:05,147] {dagbag.py:508} INFO - Filling up the DagBag from /home/hp/miniconda3/envs/checker/lib/python3.8/site-packages/airflow/example_dags/example_time_delta_sensor_async.py
[2022-07-30 23:15:05,154] {processor.py:651} INFO - DAG(s) dict_keys(['example_time_delta_sensor_async']) retrieved from /home/hp/miniconda3/envs/checker/lib/python3.8/site-packages/airflow/example_dags/example_time_delta_sensor_async.py
[2022-07-30 23:15:05,169] {logging_mixin.py:115} INFO - [2022-07-30 23:15:05,168] {dag.py:2420} INFO - Sync 1 DAGs
[2022-07-30 23:15:05,177] {logging_mixin.py:115} INFO - [2022-07-30 23:15:05,177] {dag.py:2968} INFO - Setting next_dagrun for example_time_delta_sensor_async to None, run_after=None
[2022-07-30 23:15:05,186] {processor.py:161} INFO - Processing /home/hp/miniconda3/envs/checker/lib/python3.8/site-packages/airflow/example_dags/example_time_delta_sensor_async.py took 0.045 seconds
[2022-07-30 23:15:42,971] {processor.py:153} INFO - Started process (PID=6881) to work on /home/hp/miniconda3/envs/checker/lib/python3.8/site-packages/airflow/example_dags/example_time_delta_sensor_async.py
[2022-07-30 23:15:42,971] {processor.py:641} INFO - Processing file /home/hp/miniconda3/envs/checker/lib/python3.8/site-packages/airflow/example_dags/example_time_delta_sensor_async.py for tasks to queue
[2022-07-30 23:15:42,972] {logging_mixin.py:115} INFO - [2022-07-30 23:15:42,972] {dagbag.py:508} INFO - Filling up the DagBag from /home/hp/miniconda3/envs/checker/lib/python3.8/site-packages/airflow/example_dags/example_time_delta_sensor_async.py
[2022-07-30 23:15:42,980] {processor.py:651} INFO - DAG(s) dict_keys(['example_time_delta_sensor_async']) retrieved from /home/hp/miniconda3/envs/checker/lib/python3.8/site-packages/airflow/example_dags/example_time_delta_sensor_async.py
[2022-07-30 23:15:42,990] {logging_mixin.py:115} INFO - [2022-07-30 23:15:42,990] {dag.py:2420} INFO - Sync 1 DAGs
[2022-07-30 23:15:43,001] {logging_mixin.py:115} INFO - [2022-07-30 23:15:43,001] {dag.py:2968} INFO - Setting next_dagrun for example_time_delta_sensor_async to None, run_after=None
[2022-07-30 23:15:43,011] {processor.py:161} INFO - Processing /home/hp/miniconda3/envs/checker/lib/python3.8/site-packages/airflow/example_dags/example_time_delta_sensor_async.py took 0.042 seconds
[2022-07-30 23:16:20,190] {processor.py:153} INFO - Started process (PID=7091) to work on /home/hp/miniconda3/envs/checker/lib/python3.8/site-packages/airflow/example_dags/example_time_delta_sensor_async.py
[2022-07-30 23:16:20,191] {processor.py:641} INFO - Processing file /home/hp/miniconda3/envs/checker/lib/python3.8/site-packages/airflow/example_dags/example_time_delta_sensor_async.py for tasks to queue
[2022-07-30 23:16:20,192] {logging_mixin.py:115} INFO - [2022-07-30 23:16:20,192] {dagbag.py:508} INFO - Filling up the DagBag from /home/hp/miniconda3/envs/checker/lib/python3.8/site-packages/airflow/example_dags/example_time_delta_sensor_async.py
[2022-07-30 23:16:20,198] {processor.py:651} INFO - DAG(s) dict_keys(['example_time_delta_sensor_async']) retrieved from /home/hp/miniconda3/envs/checker/lib/python3.8/site-packages/airflow/example_dags/example_time_delta_sensor_async.py
[2022-07-30 23:16:20,211] {logging_mixin.py:115} INFO - [2022-07-30 23:16:20,210] {dag.py:2420} INFO - Sync 1 DAGs
[2022-07-30 23:16:20,221] {logging_mixin.py:115} INFO - [2022-07-30 23:16:20,221] {dag.py:2968} INFO - Setting next_dagrun for example_time_delta_sensor_async to None, run_after=None
[2022-07-30 23:16:20,231] {processor.py:161} INFO - Processing /home/hp/miniconda3/envs/checker/lib/python3.8/site-packages/airflow/example_dags/example_time_delta_sensor_async.py took 0.042 seconds
[2022-07-30 23:16:56,040] {processor.py:153} INFO - Started process (PID=7420) to work on /home/hp/miniconda3/envs/checker/lib/python3.8/site-packages/airflow/example_dags/example_time_delta_sensor_async.py
[2022-07-30 23:16:56,041] {processor.py:641} INFO - Processing file /home/hp/miniconda3/envs/checker/lib/python3.8/site-packages/airflow/example_dags/example_time_delta_sensor_async.py for tasks to queue
[2022-07-30 23:16:56,041] {logging_mixin.py:115} INFO - [2022-07-30 23:16:56,041] {dagbag.py:508} INFO - Filling up the DagBag from /home/hp/miniconda3/envs/checker/lib/python3.8/site-packages/airflow/example_dags/example_time_delta_sensor_async.py
[2022-07-30 23:16:56,047] {processor.py:651} INFO - DAG(s) dict_keys(['example_time_delta_sensor_async']) retrieved from /home/hp/miniconda3/envs/checker/lib/python3.8/site-packages/airflow/example_dags/example_time_delta_sensor_async.py
[2022-07-30 23:16:56,057] {logging_mixin.py:115} INFO - [2022-07-30 23:16:56,057] {dag.py:2420} INFO - Sync 1 DAGs
[2022-07-30 23:16:56,067] {logging_mixin.py:115} INFO - [2022-07-30 23:16:56,067] {dag.py:2968} INFO - Setting next_dagrun for example_time_delta_sensor_async to None, run_after=None
[2022-07-30 23:16:56,076] {processor.py:161} INFO - Processing /home/hp/miniconda3/envs/checker/lib/python3.8/site-packages/airflow/example_dags/example_time_delta_sensor_async.py took 0.039 seconds
[2022-07-30 23:17:35,784] {processor.py:153} INFO - Started process (PID=7714) to work on /home/hp/miniconda3/envs/checker/lib/python3.8/site-packages/airflow/example_dags/example_time_delta_sensor_async.py
[2022-07-30 23:17:35,785] {processor.py:641} INFO - Processing file /home/hp/miniconda3/envs/checker/lib/python3.8/site-packages/airflow/example_dags/example_time_delta_sensor_async.py for tasks to queue
[2022-07-30 23:17:35,785] {logging_mixin.py:115} INFO - [2022-07-30 23:17:35,785] {dagbag.py:508} INFO - Filling up the DagBag from /home/hp/miniconda3/envs/checker/lib/python3.8/site-packages/airflow/example_dags/example_time_delta_sensor_async.py
[2022-07-30 23:17:35,788] {processor.py:651} INFO - DAG(s) dict_keys(['example_time_delta_sensor_async']) retrieved from /home/hp/miniconda3/envs/checker/lib/python3.8/site-packages/airflow/example_dags/example_time_delta_sensor_async.py
[2022-07-30 23:17:35,802] {logging_mixin.py:115} INFO - [2022-07-30 23:17:35,802] {dag.py:2420} INFO - Sync 1 DAGs
[2022-07-30 23:17:35,812] {logging_mixin.py:115} INFO - [2022-07-30 23:17:35,812] {dag.py:2968} INFO - Setting next_dagrun for example_time_delta_sensor_async to None, run_after=None
[2022-07-30 23:17:35,822] {processor.py:161} INFO - Processing /home/hp/miniconda3/envs/checker/lib/python3.8/site-packages/airflow/example_dags/example_time_delta_sensor_async.py took 0.040 seconds
[2022-07-30 23:18:10,341] {processor.py:153} INFO - Started process (PID=7963) to work on /home/hp/miniconda3/envs/checker/lib/python3.8/site-packages/airflow/example_dags/example_time_delta_sensor_async.py
[2022-07-30 23:18:10,341] {processor.py:641} INFO - Processing file /home/hp/miniconda3/envs/checker/lib/python3.8/site-packages/airflow/example_dags/example_time_delta_sensor_async.py for tasks to queue
[2022-07-30 23:18:10,341] {logging_mixin.py:115} INFO - [2022-07-30 23:18:10,341] {dagbag.py:508} INFO - Filling up the DagBag from /home/hp/miniconda3/envs/checker/lib/python3.8/site-packages/airflow/example_dags/example_time_delta_sensor_async.py
[2022-07-30 23:18:10,344] {processor.py:651} INFO - DAG(s) dict_keys(['example_time_delta_sensor_async']) retrieved from /home/hp/miniconda3/envs/checker/lib/python3.8/site-packages/airflow/example_dags/example_time_delta_sensor_async.py
[2022-07-30 23:18:10,361] {logging_mixin.py:115} INFO - [2022-07-30 23:18:10,361] {dag.py:2420} INFO - Sync 1 DAGs
[2022-07-30 23:18:10,372] {logging_mixin.py:115} INFO - [2022-07-30 23:18:10,372] {dag.py:2968} INFO - Setting next_dagrun for example_time_delta_sensor_async to None, run_after=None
[2022-07-30 23:18:10,381] {processor.py:161} INFO - Processing /home/hp/miniconda3/envs/checker/lib/python3.8/site-packages/airflow/example_dags/example_time_delta_sensor_async.py took 0.041 seconds
[2022-07-30 23:20:10,608] {processor.py:153} INFO - Started process (PID=8833) to work on /home/hp/miniconda3/envs/checker/lib/python3.8/site-packages/airflow/example_dags/example_time_delta_sensor_async.py
[2022-07-30 23:20:10,608] {processor.py:641} INFO - Processing file /home/hp/miniconda3/envs/checker/lib/python3.8/site-packages/airflow/example_dags/example_time_delta_sensor_async.py for tasks to queue
[2022-07-30 23:20:10,609] {logging_mixin.py:115} INFO - [2022-07-30 23:20:10,609] {dagbag.py:508} INFO - Filling up the DagBag from /home/hp/miniconda3/envs/checker/lib/python3.8/site-packages/airflow/example_dags/example_time_delta_sensor_async.py
[2022-07-30 23:20:10,611] {processor.py:651} INFO - DAG(s) dict_keys(['example_time_delta_sensor_async']) retrieved from /home/hp/miniconda3/envs/checker/lib/python3.8/site-packages/airflow/example_dags/example_time_delta_sensor_async.py
[2022-07-30 23:20:10,627] {logging_mixin.py:115} INFO - [2022-07-30 23:20:10,627] {dag.py:2420} INFO - Sync 1 DAGs
[2022-07-30 23:20:10,638] {logging_mixin.py:115} INFO - [2022-07-30 23:20:10,638] {dag.py:2968} INFO - Setting next_dagrun for example_time_delta_sensor_async to None, run_after=None
[2022-07-30 23:20:10,649] {processor.py:161} INFO - Processing /home/hp/miniconda3/envs/checker/lib/python3.8/site-packages/airflow/example_dags/example_time_delta_sensor_async.py took 0.043 seconds
[2022-07-30 23:20:45,515] {processor.py:153} INFO - Started process (PID=9066) to work on /home/hp/miniconda3/envs/checker/lib/python3.8/site-packages/airflow/example_dags/example_time_delta_sensor_async.py
[2022-07-30 23:20:45,516] {processor.py:641} INFO - Processing file /home/hp/miniconda3/envs/checker/lib/python3.8/site-packages/airflow/example_dags/example_time_delta_sensor_async.py for tasks to queue
[2022-07-30 23:20:45,516] {logging_mixin.py:115} INFO - [2022-07-30 23:20:45,516] {dagbag.py:508} INFO - Filling up the DagBag from /home/hp/miniconda3/envs/checker/lib/python3.8/site-packages/airflow/example_dags/example_time_delta_sensor_async.py
[2022-07-30 23:20:45,519] {processor.py:651} INFO - DAG(s) dict_keys(['example_time_delta_sensor_async']) retrieved from /home/hp/miniconda3/envs/checker/lib/python3.8/site-packages/airflow/example_dags/example_time_delta_sensor_async.py
[2022-07-30 23:20:45,529] {logging_mixin.py:115} INFO - [2022-07-30 23:20:45,529] {dag.py:2420} INFO - Sync 1 DAGs
[2022-07-30 23:20:45,539] {logging_mixin.py:115} INFO - [2022-07-30 23:20:45,539] {dag.py:2968} INFO - Setting next_dagrun for example_time_delta_sensor_async to None, run_after=None
[2022-07-30 23:20:45,549] {processor.py:161} INFO - Processing /home/hp/miniconda3/envs/checker/lib/python3.8/site-packages/airflow/example_dags/example_time_delta_sensor_async.py took 0.037 seconds
[2022-07-30 23:24:54,014] {processor.py:153} INFO - Started process (PID=10606) to work on /home/hp/miniconda3/envs/checker/lib/python3.8/site-packages/airflow/example_dags/example_time_delta_sensor_async.py
[2022-07-30 23:24:54,015] {processor.py:641} INFO - Processing file /home/hp/miniconda3/envs/checker/lib/python3.8/site-packages/airflow/example_dags/example_time_delta_sensor_async.py for tasks to queue
[2022-07-30 23:24:54,015] {logging_mixin.py:115} INFO - [2022-07-30 23:24:54,015] {dagbag.py:508} INFO - Filling up the DagBag from /home/hp/miniconda3/envs/checker/lib/python3.8/site-packages/airflow/example_dags/example_time_delta_sensor_async.py
[2022-07-30 23:24:54,020] {processor.py:651} INFO - DAG(s) dict_keys(['example_time_delta_sensor_async']) retrieved from /home/hp/miniconda3/envs/checker/lib/python3.8/site-packages/airflow/example_dags/example_time_delta_sensor_async.py
[2022-07-30 23:24:54,034] {logging_mixin.py:115} INFO - [2022-07-30 23:24:54,034] {dag.py:2420} INFO - Sync 1 DAGs
[2022-07-30 23:24:54,042] {logging_mixin.py:115} INFO - [2022-07-30 23:24:54,041] {dag.py:2968} INFO - Setting next_dagrun for example_time_delta_sensor_async to None, run_after=None
[2022-07-30 23:24:54,051] {processor.py:161} INFO - Processing /home/hp/miniconda3/envs/checker/lib/python3.8/site-packages/airflow/example_dags/example_time_delta_sensor_async.py took 0.039 seconds
[2022-07-30 23:25:27,718] {processor.py:153} INFO - Started process (PID=10817) to work on /home/hp/miniconda3/envs/checker/lib/python3.8/site-packages/airflow/example_dags/example_time_delta_sensor_async.py
[2022-07-30 23:25:27,719] {processor.py:641} INFO - Processing file /home/hp/miniconda3/envs/checker/lib/python3.8/site-packages/airflow/example_dags/example_time_delta_sensor_async.py for tasks to queue
[2022-07-30 23:25:27,719] {logging_mixin.py:115} INFO - [2022-07-30 23:25:27,719] {dagbag.py:508} INFO - Filling up the DagBag from /home/hp/miniconda3/envs/checker/lib/python3.8/site-packages/airflow/example_dags/example_time_delta_sensor_async.py
[2022-07-30 23:25:27,722] {processor.py:651} INFO - DAG(s) dict_keys(['example_time_delta_sensor_async']) retrieved from /home/hp/miniconda3/envs/checker/lib/python3.8/site-packages/airflow/example_dags/example_time_delta_sensor_async.py
[2022-07-30 23:25:27,732] {logging_mixin.py:115} INFO - [2022-07-30 23:25:27,731] {dag.py:2420} INFO - Sync 1 DAGs
[2022-07-30 23:25:27,740] {logging_mixin.py:115} INFO - [2022-07-30 23:25:27,740] {dag.py:2968} INFO - Setting next_dagrun for example_time_delta_sensor_async to None, run_after=None
[2022-07-30 23:25:27,749] {processor.py:161} INFO - Processing /home/hp/miniconda3/envs/checker/lib/python3.8/site-packages/airflow/example_dags/example_time_delta_sensor_async.py took 0.032 seconds
[2022-07-30 23:25:45,526] {processor.py:153} INFO - Started process (PID=11000) to work on /home/hp/miniconda3/envs/checker/lib/python3.8/site-packages/airflow/example_dags/example_time_delta_sensor_async.py
[2022-07-30 23:25:45,527] {processor.py:641} INFO - Processing file /home/hp/miniconda3/envs/checker/lib/python3.8/site-packages/airflow/example_dags/example_time_delta_sensor_async.py for tasks to queue
[2022-07-30 23:25:45,527] {logging_mixin.py:115} INFO - [2022-07-30 23:25:45,527] {dagbag.py:508} INFO - Filling up the DagBag from /home/hp/miniconda3/envs/checker/lib/python3.8/site-packages/airflow/example_dags/example_time_delta_sensor_async.py
[2022-07-30 23:25:45,533] {processor.py:651} INFO - DAG(s) dict_keys(['example_time_delta_sensor_async']) retrieved from /home/hp/miniconda3/envs/checker/lib/python3.8/site-packages/airflow/example_dags/example_time_delta_sensor_async.py
[2022-07-30 23:25:45,546] {logging_mixin.py:115} INFO - [2022-07-30 23:25:45,546] {dag.py:2420} INFO - Sync 1 DAGs
[2022-07-30 23:25:45,555] {logging_mixin.py:115} INFO - [2022-07-30 23:25:45,555] {dag.py:2968} INFO - Setting next_dagrun for example_time_delta_sensor_async to None, run_after=None
[2022-07-30 23:25:45,565] {processor.py:161} INFO - Processing /home/hp/miniconda3/envs/checker/lib/python3.8/site-packages/airflow/example_dags/example_time_delta_sensor_async.py took 0.040 seconds
[2022-07-30 23:26:20,691] {processor.py:153} INFO - Started process (PID=11677) to work on /home/hp/miniconda3/envs/checker/lib/python3.8/site-packages/airflow/example_dags/example_time_delta_sensor_async.py
[2022-07-30 23:26:20,692] {processor.py:641} INFO - Processing file /home/hp/miniconda3/envs/checker/lib/python3.8/site-packages/airflow/example_dags/example_time_delta_sensor_async.py for tasks to queue
[2022-07-30 23:26:20,692] {logging_mixin.py:115} INFO - [2022-07-30 23:26:20,692] {dagbag.py:508} INFO - Filling up the DagBag from /home/hp/miniconda3/envs/checker/lib/python3.8/site-packages/airflow/example_dags/example_time_delta_sensor_async.py
[2022-07-30 23:26:20,694] {processor.py:651} INFO - DAG(s) dict_keys(['example_time_delta_sensor_async']) retrieved from /home/hp/miniconda3/envs/checker/lib/python3.8/site-packages/airflow/example_dags/example_time_delta_sensor_async.py
[2022-07-30 23:26:20,705] {logging_mixin.py:115} INFO - [2022-07-30 23:26:20,705] {dag.py:2420} INFO - Sync 1 DAGs
[2022-07-30 23:26:20,713] {logging_mixin.py:115} INFO - [2022-07-30 23:26:20,713] {dag.py:2968} INFO - Setting next_dagrun for example_time_delta_sensor_async to None, run_after=None
[2022-07-30 23:26:20,724] {processor.py:161} INFO - Processing /home/hp/miniconda3/envs/checker/lib/python3.8/site-packages/airflow/example_dags/example_time_delta_sensor_async.py took 0.034 seconds
[2022-07-30 23:26:58,102] {processor.py:153} INFO - Started process (PID=11959) to work on /home/hp/miniconda3/envs/checker/lib/python3.8/site-packages/airflow/example_dags/example_time_delta_sensor_async.py
[2022-07-30 23:26:58,103] {processor.py:641} INFO - Processing file /home/hp/miniconda3/envs/checker/lib/python3.8/site-packages/airflow/example_dags/example_time_delta_sensor_async.py for tasks to queue
[2022-07-30 23:26:58,103] {logging_mixin.py:115} INFO - [2022-07-30 23:26:58,103] {dagbag.py:508} INFO - Filling up the DagBag from /home/hp/miniconda3/envs/checker/lib/python3.8/site-packages/airflow/example_dags/example_time_delta_sensor_async.py
[2022-07-30 23:26:58,110] {processor.py:651} INFO - DAG(s) dict_keys(['example_time_delta_sensor_async']) retrieved from /home/hp/miniconda3/envs/checker/lib/python3.8/site-packages/airflow/example_dags/example_time_delta_sensor_async.py
[2022-07-30 23:26:58,123] {logging_mixin.py:115} INFO - [2022-07-30 23:26:58,123] {dag.py:2420} INFO - Sync 1 DAGs
[2022-07-30 23:26:58,130] {logging_mixin.py:115} INFO - [2022-07-30 23:26:58,130] {dag.py:2968} INFO - Setting next_dagrun for example_time_delta_sensor_async to None, run_after=None
[2022-07-30 23:26:58,140] {processor.py:161} INFO - Processing /home/hp/miniconda3/envs/checker/lib/python3.8/site-packages/airflow/example_dags/example_time_delta_sensor_async.py took 0.041 seconds
[2022-07-30 23:27:35,392] {processor.py:153} INFO - Started process (PID=12547) to work on /home/hp/miniconda3/envs/checker/lib/python3.8/site-packages/airflow/example_dags/example_time_delta_sensor_async.py
[2022-07-30 23:27:35,393] {processor.py:641} INFO - Processing file /home/hp/miniconda3/envs/checker/lib/python3.8/site-packages/airflow/example_dags/example_time_delta_sensor_async.py for tasks to queue
[2022-07-30 23:27:35,394] {logging_mixin.py:115} INFO - [2022-07-30 23:27:35,394] {dagbag.py:508} INFO - Filling up the DagBag from /home/hp/miniconda3/envs/checker/lib/python3.8/site-packages/airflow/example_dags/example_time_delta_sensor_async.py
[2022-07-30 23:27:35,399] {processor.py:651} INFO - DAG(s) dict_keys(['example_time_delta_sensor_async']) retrieved from /home/hp/miniconda3/envs/checker/lib/python3.8/site-packages/airflow/example_dags/example_time_delta_sensor_async.py
[2022-07-30 23:27:35,410] {logging_mixin.py:115} INFO - [2022-07-30 23:27:35,410] {dag.py:2420} INFO - Sync 1 DAGs
[2022-07-30 23:27:35,418] {logging_mixin.py:115} INFO - [2022-07-30 23:27:35,418] {dag.py:2968} INFO - Setting next_dagrun for example_time_delta_sensor_async to None, run_after=None
[2022-07-30 23:27:35,428] {processor.py:161} INFO - Processing /home/hp/miniconda3/envs/checker/lib/python3.8/site-packages/airflow/example_dags/example_time_delta_sensor_async.py took 0.039 seconds
[2022-07-30 23:28:13,043] {processor.py:153} INFO - Started process (PID=12958) to work on /home/hp/miniconda3/envs/checker/lib/python3.8/site-packages/airflow/example_dags/example_time_delta_sensor_async.py
[2022-07-30 23:28:13,044] {processor.py:641} INFO - Processing file /home/hp/miniconda3/envs/checker/lib/python3.8/site-packages/airflow/example_dags/example_time_delta_sensor_async.py for tasks to queue
[2022-07-30 23:28:13,044] {logging_mixin.py:115} INFO - [2022-07-30 23:28:13,044] {dagbag.py:508} INFO - Filling up the DagBag from /home/hp/miniconda3/envs/checker/lib/python3.8/site-packages/airflow/example_dags/example_time_delta_sensor_async.py
[2022-07-30 23:28:13,050] {processor.py:651} INFO - DAG(s) dict_keys(['example_time_delta_sensor_async']) retrieved from /home/hp/miniconda3/envs/checker/lib/python3.8/site-packages/airflow/example_dags/example_time_delta_sensor_async.py
[2022-07-30 23:28:13,062] {logging_mixin.py:115} INFO - [2022-07-30 23:28:13,062] {dag.py:2420} INFO - Sync 1 DAGs
[2022-07-30 23:28:13,070] {logging_mixin.py:115} INFO - [2022-07-30 23:28:13,070] {dag.py:2968} INFO - Setting next_dagrun for example_time_delta_sensor_async to None, run_after=None
[2022-07-30 23:28:13,079] {processor.py:161} INFO - Processing /home/hp/miniconda3/envs/checker/lib/python3.8/site-packages/airflow/example_dags/example_time_delta_sensor_async.py took 0.040 seconds
[2022-07-30 23:28:49,045] {processor.py:153} INFO - Started process (PID=13296) to work on /home/hp/miniconda3/envs/checker/lib/python3.8/site-packages/airflow/example_dags/example_time_delta_sensor_async.py
[2022-07-30 23:28:49,045] {processor.py:641} INFO - Processing file /home/hp/miniconda3/envs/checker/lib/python3.8/site-packages/airflow/example_dags/example_time_delta_sensor_async.py for tasks to queue
[2022-07-30 23:28:49,045] {logging_mixin.py:115} INFO - [2022-07-30 23:28:49,045] {dagbag.py:508} INFO - Filling up the DagBag from /home/hp/miniconda3/envs/checker/lib/python3.8/site-packages/airflow/example_dags/example_time_delta_sensor_async.py
[2022-07-30 23:28:49,049] {processor.py:651} INFO - DAG(s) dict_keys(['example_time_delta_sensor_async']) retrieved from /home/hp/miniconda3/envs/checker/lib/python3.8/site-packages/airflow/example_dags/example_time_delta_sensor_async.py
[2022-07-30 23:28:49,064] {logging_mixin.py:115} INFO - [2022-07-30 23:28:49,064] {dag.py:2420} INFO - Sync 1 DAGs
[2022-07-30 23:28:49,074] {logging_mixin.py:115} INFO - [2022-07-30 23:28:49,074] {dag.py:2968} INFO - Setting next_dagrun for example_time_delta_sensor_async to None, run_after=None
[2022-07-30 23:28:49,088] {processor.py:161} INFO - Processing /home/hp/miniconda3/envs/checker/lib/python3.8/site-packages/airflow/example_dags/example_time_delta_sensor_async.py took 0.045 seconds
