[2022-07-30 21:48:06,365] {processor.py:153} INFO - Started process (PID=31738) to work on /home/hp/miniconda3/envs/airflow_env/lib/python3.8/site-packages/airflow/example_dags/example_latest_only.py
[2022-07-30 21:48:06,365] {processor.py:641} INFO - Processing file /home/hp/miniconda3/envs/airflow_env/lib/python3.8/site-packages/airflow/example_dags/example_latest_only.py for tasks to queue
[2022-07-30 21:48:06,366] {logging_mixin.py:115} INFO - [2022-07-30 21:48:06,366] {dagbag.py:508} INFO - Filling up the DagBag from /home/hp/miniconda3/envs/airflow_env/lib/python3.8/site-packages/airflow/example_dags/example_latest_only.py
[2022-07-30 21:48:06,372] {processor.py:651} INFO - DAG(s) dict_keys(['latest_only']) retrieved from /home/hp/miniconda3/envs/airflow_env/lib/python3.8/site-packages/airflow/example_dags/example_latest_only.py
[2022-07-30 21:48:06,383] {logging_mixin.py:115} INFO - [2022-07-30 21:48:06,383] {dag.py:2420} INFO - Sync 1 DAGs
[2022-07-30 21:48:06,391] {logging_mixin.py:115} INFO - [2022-07-30 21:48:06,391] {dag.py:2968} INFO - Setting next_dagrun for latest_only to 2022-07-30T14:48:06.390903+00:00, run_after=2022-07-30T18:48:06.390903+00:00
[2022-07-30 21:48:06,399] {processor.py:161} INFO - Processing /home/hp/miniconda3/envs/airflow_env/lib/python3.8/site-packages/airflow/example_dags/example_latest_only.py took 0.039 seconds
[2022-07-30 21:48:47,943] {processor.py:153} INFO - Started process (PID=32023) to work on /home/hp/miniconda3/envs/airflow_env/lib/python3.8/site-packages/airflow/example_dags/example_latest_only.py
[2022-07-30 21:48:47,944] {processor.py:641} INFO - Processing file /home/hp/miniconda3/envs/airflow_env/lib/python3.8/site-packages/airflow/example_dags/example_latest_only.py for tasks to queue
[2022-07-30 21:48:47,945] {logging_mixin.py:115} INFO - [2022-07-30 21:48:47,945] {dagbag.py:508} INFO - Filling up the DagBag from /home/hp/miniconda3/envs/airflow_env/lib/python3.8/site-packages/airflow/example_dags/example_latest_only.py
[2022-07-30 21:48:47,950] {processor.py:651} INFO - DAG(s) dict_keys(['latest_only']) retrieved from /home/hp/miniconda3/envs/airflow_env/lib/python3.8/site-packages/airflow/example_dags/example_latest_only.py
[2022-07-30 21:48:47,960] {logging_mixin.py:115} INFO - [2022-07-30 21:48:47,960] {dag.py:2420} INFO - Sync 1 DAGs
[2022-07-30 21:48:47,969] {logging_mixin.py:115} INFO - [2022-07-30 21:48:47,968] {dag.py:2968} INFO - Setting next_dagrun for latest_only to 2022-07-30T14:48:47.968844+00:00, run_after=2022-07-30T18:48:47.968844+00:00
[2022-07-30 21:48:47,977] {processor.py:161} INFO - Processing /home/hp/miniconda3/envs/airflow_env/lib/python3.8/site-packages/airflow/example_dags/example_latest_only.py took 0.038 seconds
[2022-07-30 21:49:28,901] {processor.py:153} INFO - Started process (PID=32203) to work on /home/hp/miniconda3/envs/airflow_env/lib/python3.8/site-packages/airflow/example_dags/example_latest_only.py
[2022-07-30 21:49:28,902] {processor.py:641} INFO - Processing file /home/hp/miniconda3/envs/airflow_env/lib/python3.8/site-packages/airflow/example_dags/example_latest_only.py for tasks to queue
[2022-07-30 21:49:28,903] {logging_mixin.py:115} INFO - [2022-07-30 21:49:28,903] {dagbag.py:508} INFO - Filling up the DagBag from /home/hp/miniconda3/envs/airflow_env/lib/python3.8/site-packages/airflow/example_dags/example_latest_only.py
[2022-07-30 21:49:28,910] {processor.py:651} INFO - DAG(s) dict_keys(['latest_only']) retrieved from /home/hp/miniconda3/envs/airflow_env/lib/python3.8/site-packages/airflow/example_dags/example_latest_only.py
[2022-07-30 21:49:28,923] {logging_mixin.py:115} INFO - [2022-07-30 21:49:28,922] {dag.py:2420} INFO - Sync 1 DAGs
[2022-07-30 21:49:28,930] {logging_mixin.py:115} INFO - [2022-07-30 21:49:28,930] {dag.py:2968} INFO - Setting next_dagrun for latest_only to 2022-07-30T14:49:28.930633+00:00, run_after=2022-07-30T18:49:28.930633+00:00
[2022-07-30 21:49:28,940] {processor.py:161} INFO - Processing /home/hp/miniconda3/envs/airflow_env/lib/python3.8/site-packages/airflow/example_dags/example_latest_only.py took 0.041 seconds
[2022-07-30 21:50:09,425] {processor.py:153} INFO - Started process (PID=32392) to work on /home/hp/miniconda3/envs/airflow_env/lib/python3.8/site-packages/airflow/example_dags/example_latest_only.py
[2022-07-30 21:50:09,426] {processor.py:641} INFO - Processing file /home/hp/miniconda3/envs/airflow_env/lib/python3.8/site-packages/airflow/example_dags/example_latest_only.py for tasks to queue
[2022-07-30 21:50:09,426] {logging_mixin.py:115} INFO - [2022-07-30 21:50:09,426] {dagbag.py:508} INFO - Filling up the DagBag from /home/hp/miniconda3/envs/airflow_env/lib/python3.8/site-packages/airflow/example_dags/example_latest_only.py
[2022-07-30 21:50:09,433] {processor.py:651} INFO - DAG(s) dict_keys(['latest_only']) retrieved from /home/hp/miniconda3/envs/airflow_env/lib/python3.8/site-packages/airflow/example_dags/example_latest_only.py
[2022-07-30 21:50:09,444] {logging_mixin.py:115} INFO - [2022-07-30 21:50:09,444] {dag.py:2420} INFO - Sync 1 DAGs
[2022-07-30 21:50:09,451] {logging_mixin.py:115} INFO - [2022-07-30 21:50:09,451] {dag.py:2968} INFO - Setting next_dagrun for latest_only to 2022-07-30T14:50:09.451589+00:00, run_after=2022-07-30T18:50:09.451589+00:00
[2022-07-30 21:50:09,460] {processor.py:161} INFO - Processing /home/hp/miniconda3/envs/airflow_env/lib/python3.8/site-packages/airflow/example_dags/example_latest_only.py took 0.039 seconds
[2022-07-30 21:50:50,633] {processor.py:153} INFO - Started process (PID=32773) to work on /home/hp/miniconda3/envs/airflow_env/lib/python3.8/site-packages/airflow/example_dags/example_latest_only.py
[2022-07-30 21:50:50,634] {processor.py:641} INFO - Processing file /home/hp/miniconda3/envs/airflow_env/lib/python3.8/site-packages/airflow/example_dags/example_latest_only.py for tasks to queue
[2022-07-30 21:50:50,635] {logging_mixin.py:115} INFO - [2022-07-30 21:50:50,635] {dagbag.py:508} INFO - Filling up the DagBag from /home/hp/miniconda3/envs/airflow_env/lib/python3.8/site-packages/airflow/example_dags/example_latest_only.py
[2022-07-30 21:50:50,641] {processor.py:651} INFO - DAG(s) dict_keys(['latest_only']) retrieved from /home/hp/miniconda3/envs/airflow_env/lib/python3.8/site-packages/airflow/example_dags/example_latest_only.py
[2022-07-30 21:50:50,652] {logging_mixin.py:115} INFO - [2022-07-30 21:50:50,652] {dag.py:2420} INFO - Sync 1 DAGs
[2022-07-30 21:50:50,660] {logging_mixin.py:115} INFO - [2022-07-30 21:50:50,660] {dag.py:2968} INFO - Setting next_dagrun for latest_only to 2022-07-30T14:50:50.660430+00:00, run_after=2022-07-30T18:50:50.660430+00:00
[2022-07-30 21:50:50,668] {processor.py:161} INFO - Processing /home/hp/miniconda3/envs/airflow_env/lib/python3.8/site-packages/airflow/example_dags/example_latest_only.py took 0.040 seconds
[2022-07-30 21:51:32,837] {processor.py:153} INFO - Started process (PID=33031) to work on /home/hp/miniconda3/envs/airflow_env/lib/python3.8/site-packages/airflow/example_dags/example_latest_only.py
[2022-07-30 21:51:32,838] {processor.py:641} INFO - Processing file /home/hp/miniconda3/envs/airflow_env/lib/python3.8/site-packages/airflow/example_dags/example_latest_only.py for tasks to queue
[2022-07-30 21:51:32,839] {logging_mixin.py:115} INFO - [2022-07-30 21:51:32,838] {dagbag.py:508} INFO - Filling up the DagBag from /home/hp/miniconda3/envs/airflow_env/lib/python3.8/site-packages/airflow/example_dags/example_latest_only.py
[2022-07-30 21:51:32,845] {processor.py:651} INFO - DAG(s) dict_keys(['latest_only']) retrieved from /home/hp/miniconda3/envs/airflow_env/lib/python3.8/site-packages/airflow/example_dags/example_latest_only.py
[2022-07-30 21:51:32,857] {logging_mixin.py:115} INFO - [2022-07-30 21:51:32,857] {dag.py:2420} INFO - Sync 1 DAGs
[2022-07-30 21:51:32,864] {logging_mixin.py:115} INFO - [2022-07-30 21:51:32,864] {dag.py:2968} INFO - Setting next_dagrun for latest_only to 2022-07-30T14:51:32.864777+00:00, run_after=2022-07-30T18:51:32.864777+00:00
[2022-07-30 21:51:32,872] {processor.py:161} INFO - Processing /home/hp/miniconda3/envs/airflow_env/lib/python3.8/site-packages/airflow/example_dags/example_latest_only.py took 0.039 seconds
[2022-07-30 21:52:13,253] {processor.py:153} INFO - Started process (PID=33463) to work on /home/hp/miniconda3/envs/airflow_env/lib/python3.8/site-packages/airflow/example_dags/example_latest_only.py
[2022-07-30 21:52:13,254] {processor.py:641} INFO - Processing file /home/hp/miniconda3/envs/airflow_env/lib/python3.8/site-packages/airflow/example_dags/example_latest_only.py for tasks to queue
[2022-07-30 21:52:13,254] {logging_mixin.py:115} INFO - [2022-07-30 21:52:13,254] {dagbag.py:508} INFO - Filling up the DagBag from /home/hp/miniconda3/envs/airflow_env/lib/python3.8/site-packages/airflow/example_dags/example_latest_only.py
[2022-07-30 21:52:13,259] {processor.py:651} INFO - DAG(s) dict_keys(['latest_only']) retrieved from /home/hp/miniconda3/envs/airflow_env/lib/python3.8/site-packages/airflow/example_dags/example_latest_only.py
[2022-07-30 21:52:13,271] {logging_mixin.py:115} INFO - [2022-07-30 21:52:13,271] {dag.py:2420} INFO - Sync 1 DAGs
[2022-07-30 21:52:13,284] {logging_mixin.py:115} INFO - [2022-07-30 21:52:13,284] {dag.py:2968} INFO - Setting next_dagrun for latest_only to 2022-07-30T14:52:13.283937+00:00, run_after=2022-07-30T18:52:13.283937+00:00
[2022-07-30 21:52:13,303] {processor.py:161} INFO - Processing /home/hp/miniconda3/envs/airflow_env/lib/python3.8/site-packages/airflow/example_dags/example_latest_only.py took 0.053 seconds
[2022-07-30 21:52:54,927] {processor.py:153} INFO - Started process (PID=33971) to work on /home/hp/miniconda3/envs/airflow_env/lib/python3.8/site-packages/airflow/example_dags/example_latest_only.py
[2022-07-30 21:52:54,929] {processor.py:641} INFO - Processing file /home/hp/miniconda3/envs/airflow_env/lib/python3.8/site-packages/airflow/example_dags/example_latest_only.py for tasks to queue
[2022-07-30 21:52:54,929] {logging_mixin.py:115} INFO - [2022-07-30 21:52:54,929] {dagbag.py:508} INFO - Filling up the DagBag from /home/hp/miniconda3/envs/airflow_env/lib/python3.8/site-packages/airflow/example_dags/example_latest_only.py
[2022-07-30 21:52:54,937] {processor.py:651} INFO - DAG(s) dict_keys(['latest_only']) retrieved from /home/hp/miniconda3/envs/airflow_env/lib/python3.8/site-packages/airflow/example_dags/example_latest_only.py
[2022-07-30 21:52:54,946] {logging_mixin.py:115} INFO - [2022-07-30 21:52:54,946] {dag.py:2420} INFO - Sync 1 DAGs
[2022-07-30 21:52:54,954] {logging_mixin.py:115} INFO - [2022-07-30 21:52:54,954] {dag.py:2968} INFO - Setting next_dagrun for latest_only to 2022-07-30T14:52:54.954777+00:00, run_after=2022-07-30T18:52:54.954777+00:00
[2022-07-30 21:52:54,963] {processor.py:161} INFO - Processing /home/hp/miniconda3/envs/airflow_env/lib/python3.8/site-packages/airflow/example_dags/example_latest_only.py took 0.037 seconds
[2022-07-30 21:53:35,172] {processor.py:153} INFO - Started process (PID=34254) to work on /home/hp/miniconda3/envs/airflow_env/lib/python3.8/site-packages/airflow/example_dags/example_latest_only.py
[2022-07-30 21:53:35,173] {processor.py:641} INFO - Processing file /home/hp/miniconda3/envs/airflow_env/lib/python3.8/site-packages/airflow/example_dags/example_latest_only.py for tasks to queue
[2022-07-30 21:53:35,173] {logging_mixin.py:115} INFO - [2022-07-30 21:53:35,173] {dagbag.py:508} INFO - Filling up the DagBag from /home/hp/miniconda3/envs/airflow_env/lib/python3.8/site-packages/airflow/example_dags/example_latest_only.py
[2022-07-30 21:53:35,182] {processor.py:651} INFO - DAG(s) dict_keys(['latest_only']) retrieved from /home/hp/miniconda3/envs/airflow_env/lib/python3.8/site-packages/airflow/example_dags/example_latest_only.py
[2022-07-30 21:53:35,191] {logging_mixin.py:115} INFO - [2022-07-30 21:53:35,191] {dag.py:2420} INFO - Sync 1 DAGs
[2022-07-30 21:53:35,198] {logging_mixin.py:115} INFO - [2022-07-30 21:53:35,198] {dag.py:2968} INFO - Setting next_dagrun for latest_only to 2022-07-30T14:53:35.198805+00:00, run_after=2022-07-30T18:53:35.198805+00:00
[2022-07-30 21:53:35,207] {processor.py:161} INFO - Processing /home/hp/miniconda3/envs/airflow_env/lib/python3.8/site-packages/airflow/example_dags/example_latest_only.py took 0.038 seconds
[2022-07-30 21:54:15,384] {processor.py:153} INFO - Started process (PID=34576) to work on /home/hp/miniconda3/envs/airflow_env/lib/python3.8/site-packages/airflow/example_dags/example_latest_only.py
[2022-07-30 21:54:15,385] {processor.py:641} INFO - Processing file /home/hp/miniconda3/envs/airflow_env/lib/python3.8/site-packages/airflow/example_dags/example_latest_only.py for tasks to queue
[2022-07-30 21:54:15,386] {logging_mixin.py:115} INFO - [2022-07-30 21:54:15,386] {dagbag.py:508} INFO - Filling up the DagBag from /home/hp/miniconda3/envs/airflow_env/lib/python3.8/site-packages/airflow/example_dags/example_latest_only.py
[2022-07-30 21:54:15,394] {processor.py:651} INFO - DAG(s) dict_keys(['latest_only']) retrieved from /home/hp/miniconda3/envs/airflow_env/lib/python3.8/site-packages/airflow/example_dags/example_latest_only.py
[2022-07-30 21:54:15,402] {logging_mixin.py:115} INFO - [2022-07-30 21:54:15,401] {dag.py:2420} INFO - Sync 1 DAGs
[2022-07-30 21:54:15,410] {logging_mixin.py:115} INFO - [2022-07-30 21:54:15,409] {dag.py:2968} INFO - Setting next_dagrun for latest_only to 2022-07-30T14:54:15.409861+00:00, run_after=2022-07-30T18:54:15.409861+00:00
[2022-07-30 21:54:15,418] {processor.py:161} INFO - Processing /home/hp/miniconda3/envs/airflow_env/lib/python3.8/site-packages/airflow/example_dags/example_latest_only.py took 0.037 seconds
[2022-07-30 21:54:57,002] {processor.py:153} INFO - Started process (PID=34850) to work on /home/hp/miniconda3/envs/airflow_env/lib/python3.8/site-packages/airflow/example_dags/example_latest_only.py
[2022-07-30 21:54:57,003] {processor.py:641} INFO - Processing file /home/hp/miniconda3/envs/airflow_env/lib/python3.8/site-packages/airflow/example_dags/example_latest_only.py for tasks to queue
[2022-07-30 21:54:57,004] {logging_mixin.py:115} INFO - [2022-07-30 21:54:57,003] {dagbag.py:508} INFO - Filling up the DagBag from /home/hp/miniconda3/envs/airflow_env/lib/python3.8/site-packages/airflow/example_dags/example_latest_only.py
[2022-07-30 21:54:57,010] {processor.py:651} INFO - DAG(s) dict_keys(['latest_only']) retrieved from /home/hp/miniconda3/envs/airflow_env/lib/python3.8/site-packages/airflow/example_dags/example_latest_only.py
[2022-07-30 21:54:57,018] {logging_mixin.py:115} INFO - [2022-07-30 21:54:57,018] {dag.py:2420} INFO - Sync 1 DAGs
[2022-07-30 21:54:57,026] {logging_mixin.py:115} INFO - [2022-07-30 21:54:57,026] {dag.py:2968} INFO - Setting next_dagrun for latest_only to 2022-07-30T14:54:57.026262+00:00, run_after=2022-07-30T18:54:57.026262+00:00
[2022-07-30 21:54:57,034] {processor.py:161} INFO - Processing /home/hp/miniconda3/envs/airflow_env/lib/python3.8/site-packages/airflow/example_dags/example_latest_only.py took 0.034 seconds
[2022-07-30 21:55:36,898] {processor.py:153} INFO - Started process (PID=35134) to work on /home/hp/miniconda3/envs/airflow_env/lib/python3.8/site-packages/airflow/example_dags/example_latest_only.py
[2022-07-30 21:55:36,899] {processor.py:641} INFO - Processing file /home/hp/miniconda3/envs/airflow_env/lib/python3.8/site-packages/airflow/example_dags/example_latest_only.py for tasks to queue
[2022-07-30 21:55:36,899] {logging_mixin.py:115} INFO - [2022-07-30 21:55:36,899] {dagbag.py:508} INFO - Filling up the DagBag from /home/hp/miniconda3/envs/airflow_env/lib/python3.8/site-packages/airflow/example_dags/example_latest_only.py
[2022-07-30 21:55:36,906] {processor.py:651} INFO - DAG(s) dict_keys(['latest_only']) retrieved from /home/hp/miniconda3/envs/airflow_env/lib/python3.8/site-packages/airflow/example_dags/example_latest_only.py
[2022-07-30 21:55:36,915] {logging_mixin.py:115} INFO - [2022-07-30 21:55:36,915] {dag.py:2420} INFO - Sync 1 DAGs
[2022-07-30 21:55:36,923] {logging_mixin.py:115} INFO - [2022-07-30 21:55:36,923] {dag.py:2968} INFO - Setting next_dagrun for latest_only to 2022-07-30T14:55:36.923427+00:00, run_after=2022-07-30T18:55:36.923427+00:00
[2022-07-30 21:55:36,932] {processor.py:161} INFO - Processing /home/hp/miniconda3/envs/airflow_env/lib/python3.8/site-packages/airflow/example_dags/example_latest_only.py took 0.039 seconds
[2022-07-30 21:56:18,273] {processor.py:153} INFO - Started process (PID=35489) to work on /home/hp/miniconda3/envs/airflow_env/lib/python3.8/site-packages/airflow/example_dags/example_latest_only.py
[2022-07-30 21:56:18,274] {processor.py:641} INFO - Processing file /home/hp/miniconda3/envs/airflow_env/lib/python3.8/site-packages/airflow/example_dags/example_latest_only.py for tasks to queue
[2022-07-30 21:56:18,275] {logging_mixin.py:115} INFO - [2022-07-30 21:56:18,275] {dagbag.py:508} INFO - Filling up the DagBag from /home/hp/miniconda3/envs/airflow_env/lib/python3.8/site-packages/airflow/example_dags/example_latest_only.py
[2022-07-30 21:56:18,285] {processor.py:651} INFO - DAG(s) dict_keys(['latest_only']) retrieved from /home/hp/miniconda3/envs/airflow_env/lib/python3.8/site-packages/airflow/example_dags/example_latest_only.py
[2022-07-30 21:56:18,293] {logging_mixin.py:115} INFO - [2022-07-30 21:56:18,293] {dag.py:2420} INFO - Sync 1 DAGs
[2022-07-30 21:56:18,301] {logging_mixin.py:115} INFO - [2022-07-30 21:56:18,301] {dag.py:2968} INFO - Setting next_dagrun for latest_only to 2022-07-30T14:56:18.301709+00:00, run_after=2022-07-30T18:56:18.301709+00:00
[2022-07-30 21:56:18,310] {processor.py:161} INFO - Processing /home/hp/miniconda3/envs/airflow_env/lib/python3.8/site-packages/airflow/example_dags/example_latest_only.py took 0.041 seconds
[2022-07-30 21:57:01,820] {processor.py:153} INFO - Started process (PID=35776) to work on /home/hp/miniconda3/envs/airflow_env/lib/python3.8/site-packages/airflow/example_dags/example_latest_only.py
[2022-07-30 21:57:01,820] {processor.py:641} INFO - Processing file /home/hp/miniconda3/envs/airflow_env/lib/python3.8/site-packages/airflow/example_dags/example_latest_only.py for tasks to queue
[2022-07-30 21:57:01,821] {logging_mixin.py:115} INFO - [2022-07-30 21:57:01,821] {dagbag.py:508} INFO - Filling up the DagBag from /home/hp/miniconda3/envs/airflow_env/lib/python3.8/site-packages/airflow/example_dags/example_latest_only.py
[2022-07-30 21:57:01,830] {processor.py:651} INFO - DAG(s) dict_keys(['latest_only']) retrieved from /home/hp/miniconda3/envs/airflow_env/lib/python3.8/site-packages/airflow/example_dags/example_latest_only.py
[2022-07-30 21:57:01,840] {logging_mixin.py:115} INFO - [2022-07-30 21:57:01,840] {dag.py:2420} INFO - Sync 1 DAGs
[2022-07-30 21:57:01,852] {logging_mixin.py:115} INFO - [2022-07-30 21:57:01,852] {dag.py:2968} INFO - Setting next_dagrun for latest_only to 2022-07-30T14:57:01.852071+00:00, run_after=2022-07-30T18:57:01.852071+00:00
[2022-07-30 21:57:01,862] {processor.py:161} INFO - Processing /home/hp/miniconda3/envs/airflow_env/lib/python3.8/site-packages/airflow/example_dags/example_latest_only.py took 0.046 seconds
[2022-07-30 21:57:43,124] {processor.py:153} INFO - Started process (PID=36139) to work on /home/hp/miniconda3/envs/airflow_env/lib/python3.8/site-packages/airflow/example_dags/example_latest_only.py
[2022-07-30 21:57:43,125] {processor.py:641} INFO - Processing file /home/hp/miniconda3/envs/airflow_env/lib/python3.8/site-packages/airflow/example_dags/example_latest_only.py for tasks to queue
[2022-07-30 21:57:43,125] {logging_mixin.py:115} INFO - [2022-07-30 21:57:43,125] {dagbag.py:508} INFO - Filling up the DagBag from /home/hp/miniconda3/envs/airflow_env/lib/python3.8/site-packages/airflow/example_dags/example_latest_only.py
[2022-07-30 21:57:43,128] {processor.py:651} INFO - DAG(s) dict_keys(['latest_only']) retrieved from /home/hp/miniconda3/envs/airflow_env/lib/python3.8/site-packages/airflow/example_dags/example_latest_only.py
[2022-07-30 21:57:43,140] {logging_mixin.py:115} INFO - [2022-07-30 21:57:43,140] {dag.py:2420} INFO - Sync 1 DAGs
[2022-07-30 21:57:43,149] {logging_mixin.py:115} INFO - [2022-07-30 21:57:43,149] {dag.py:2968} INFO - Setting next_dagrun for latest_only to 2022-07-30T14:57:43.148934+00:00, run_after=2022-07-30T18:57:43.148934+00:00
[2022-07-30 21:57:43,158] {processor.py:161} INFO - Processing /home/hp/miniconda3/envs/airflow_env/lib/python3.8/site-packages/airflow/example_dags/example_latest_only.py took 0.036 seconds
[2022-07-30 21:58:48,830] {processor.py:153} INFO - Started process (PID=36840) to work on /home/hp/miniconda3/envs/airflow_env/lib/python3.8/site-packages/airflow/example_dags/example_latest_only.py
[2022-07-30 21:58:48,831] {processor.py:641} INFO - Processing file /home/hp/miniconda3/envs/airflow_env/lib/python3.8/site-packages/airflow/example_dags/example_latest_only.py for tasks to queue
[2022-07-30 21:58:48,831] {logging_mixin.py:115} INFO - [2022-07-30 21:58:48,831] {dagbag.py:508} INFO - Filling up the DagBag from /home/hp/miniconda3/envs/airflow_env/lib/python3.8/site-packages/airflow/example_dags/example_latest_only.py
[2022-07-30 21:58:48,834] {processor.py:651} INFO - DAG(s) dict_keys(['latest_only']) retrieved from /home/hp/miniconda3/envs/airflow_env/lib/python3.8/site-packages/airflow/example_dags/example_latest_only.py
[2022-07-30 21:58:48,845] {logging_mixin.py:115} WARNING - /home/hp/miniconda3/envs/airflow_env/lib/python3.8/site-packages/airflow/models/dagbag.py:610 DeprecationWarning: DAG.full_filepath is deprecated in favour of fileloc
[2022-07-30 21:58:48,848] {logging_mixin.py:115} INFO - [2022-07-30 21:58:48,846] {dagbag.py:610} ERROR - Failed to write serialized DAG: /home/hp/miniconda3/envs/airflow_env/lib/python3.8/site-packages/airflow/example_dags/example_latest_only.py
Traceback (most recent call last):
  File "/home/hp/miniconda3/envs/airflow_env/lib/python3.8/site-packages/airflow/models/dagbag.py", line 605, in _serialize_dag_capturing_errors
    self._sync_perm_for_dag(dag, session=session)
  File "/home/hp/miniconda3/envs/airflow_env/lib/python3.8/site-packages/airflow/utils/session.py", line 68, in wrapper
    return func(*args, **kwargs)
  File "/home/hp/miniconda3/envs/airflow_env/lib/python3.8/site-packages/airflow/models/dagbag.py", line 660, in _sync_perm_for_dag
    if dag.access_control or needs_perms(root_dag_id):
  File "/home/hp/miniconda3/envs/airflow_env/lib/python3.8/site-packages/airflow/models/dagbag.py", line 650, in needs_perms
    session.query(Permission)
  File "/home/hp/miniconda3/envs/airflow_env/lib/python3.8/site-packages/sqlalchemy/orm/session.py", line 2046, in query
    return self._query_cls(entities, self, **kwargs)
  File "/home/hp/miniconda3/envs/airflow_env/lib/python3.8/site-packages/sqlalchemy/orm/query.py", line 173, in __init__
    self._set_entities(entities)
  File "/home/hp/miniconda3/envs/airflow_env/lib/python3.8/site-packages/sqlalchemy/orm/query.py", line 180, in _set_entities
    self._raw_columns = [
  File "/home/hp/miniconda3/envs/airflow_env/lib/python3.8/site-packages/sqlalchemy/orm/query.py", line 181, in <listcomp>
    coercions.expect(
  File "/home/hp/miniconda3/envs/airflow_env/lib/python3.8/site-packages/sqlalchemy/sql/coercions.py", line 160, in expect
    insp._post_inspect
  File "/home/hp/miniconda3/envs/airflow_env/lib/python3.8/site-packages/sqlalchemy/util/langhelpers.py", line 1162, in __get__
    obj.__dict__[self.__name__] = result = self.fget(obj)
  File "/home/hp/miniconda3/envs/airflow_env/lib/python3.8/site-packages/sqlalchemy/orm/mapper.py", line 2097, in _post_inspect
    self._check_configure()
  File "/home/hp/miniconda3/envs/airflow_env/lib/python3.8/site-packages/sqlalchemy/orm/mapper.py", line 1874, in _check_configure
    _configure_registries({self.registry}, cascade=True)
  File "/home/hp/miniconda3/envs/airflow_env/lib/python3.8/site-packages/sqlalchemy/orm/mapper.py", line 3381, in _configure_registries
    _do_configure_registries(registries, cascade)
  File "/home/hp/miniconda3/envs/airflow_env/lib/python3.8/site-packages/sqlalchemy/orm/mapper.py", line 3420, in _do_configure_registries
    mapper._post_configure_properties()
  File "/home/hp/miniconda3/envs/airflow_env/lib/python3.8/site-packages/sqlalchemy/orm/mapper.py", line 1891, in _post_configure_properties
    prop.init()
  File "/home/hp/miniconda3/envs/airflow_env/lib/python3.8/site-packages/sqlalchemy/orm/interfaces.py", line 227, in init
    self.do_init()
  File "/home/hp/miniconda3/envs/airflow_env/lib/python3.8/site-packages/sqlalchemy/orm/relationships.py", line 2133, in do_init
    self._setup_join_conditions()
  File "/home/hp/miniconda3/envs/airflow_env/lib/python3.8/site-packages/sqlalchemy/orm/relationships.py", line 2229, in _setup_join_conditions
    self._join_condition = jc = JoinCondition(
  File "/home/hp/miniconda3/envs/airflow_env/lib/python3.8/site-packages/sqlalchemy/orm/relationships.py", line 2624, in __init__
    self._determine_joins()
  File "/home/hp/miniconda3/envs/airflow_env/lib/python3.8/site-packages/sqlalchemy/orm/relationships.py", line 2720, in _determine_joins
    self.secondaryjoin = join_condition(
  File "<string>", line 2, in join_condition
  File "/home/hp/miniconda3/envs/airflow_env/lib/python3.8/site-packages/sqlalchemy/sql/selectable.py", line 1186, in _join_condition
    constraints = cls._joincond_scan_left_right(
  File "/home/hp/miniconda3/envs/airflow_env/lib/python3.8/site-packages/sqlalchemy/sql/selectable.py", line 1255, in _joincond_scan_left_right
    col = fk.get_referent(left)
  File "/home/hp/miniconda3/envs/airflow_env/lib/python3.8/site-packages/sqlalchemy/sql/schema.py", line 2232, in get_referent
    return table.corresponding_column(self.column)
  File "/home/hp/miniconda3/envs/airflow_env/lib/python3.8/site-packages/sqlalchemy/util/langhelpers.py", line 1095, in __get__
    obj.__dict__[self.__name__] = result = self.fget(obj)
  File "/home/hp/miniconda3/envs/airflow_env/lib/python3.8/site-packages/sqlalchemy/sql/schema.py", line 2373, in column
    raise exc.NoReferencedTableError(
sqlalchemy.exc.NoReferencedTableError: Foreign key associated with column 'ab_permission_view_role.permission_view_id' could not find table 'ab_permission_view' with which to generate a foreign key to target column 'id'
[2022-07-30 21:58:48,848] {logging_mixin.py:115} INFO - [2022-07-30 21:58:48,848] {dag.py:2420} INFO - Sync 1 DAGs
[2022-07-30 21:58:48,857] {logging_mixin.py:115} INFO - [2022-07-30 21:58:48,856] {dag.py:2968} INFO - Setting next_dagrun for latest_only to 2022-07-30T14:58:48.856832+00:00, run_after=2022-07-30T18:58:48.856832+00:00
[2022-07-30 21:58:48,872] {processor.py:161} INFO - Processing /home/hp/miniconda3/envs/airflow_env/lib/python3.8/site-packages/airflow/example_dags/example_latest_only.py took 0.042 seconds
[2022-07-30 21:59:30,506] {processor.py:153} INFO - Started process (PID=37121) to work on /home/hp/miniconda3/envs/airflow_env/lib/python3.8/site-packages/airflow/example_dags/example_latest_only.py
[2022-07-30 21:59:30,507] {processor.py:641} INFO - Processing file /home/hp/miniconda3/envs/airflow_env/lib/python3.8/site-packages/airflow/example_dags/example_latest_only.py for tasks to queue
[2022-07-30 21:59:30,508] {logging_mixin.py:115} INFO - [2022-07-30 21:59:30,508] {dagbag.py:508} INFO - Filling up the DagBag from /home/hp/miniconda3/envs/airflow_env/lib/python3.8/site-packages/airflow/example_dags/example_latest_only.py
[2022-07-30 21:59:30,515] {processor.py:651} INFO - DAG(s) dict_keys(['latest_only']) retrieved from /home/hp/miniconda3/envs/airflow_env/lib/python3.8/site-packages/airflow/example_dags/example_latest_only.py
[2022-07-30 21:59:30,526] {logging_mixin.py:115} INFO - [2022-07-30 21:59:30,526] {dag.py:2420} INFO - Sync 1 DAGs
[2022-07-30 21:59:30,534] {logging_mixin.py:115} INFO - [2022-07-30 21:59:30,534] {dag.py:2968} INFO - Setting next_dagrun for latest_only to 2022-07-30T14:59:30.534337+00:00, run_after=2022-07-30T18:59:30.534337+00:00
[2022-07-30 21:59:30,545] {processor.py:161} INFO - Processing /home/hp/miniconda3/envs/airflow_env/lib/python3.8/site-packages/airflow/example_dags/example_latest_only.py took 0.043 seconds
[2022-07-30 22:00:05,066] {processor.py:153} INFO - Started process (PID=37353) to work on /home/hp/miniconda3/envs/airflow_env/lib/python3.8/site-packages/airflow/example_dags/example_latest_only.py
[2022-07-30 22:00:05,067] {processor.py:641} INFO - Processing file /home/hp/miniconda3/envs/airflow_env/lib/python3.8/site-packages/airflow/example_dags/example_latest_only.py for tasks to queue
[2022-07-30 22:00:05,067] {logging_mixin.py:115} INFO - [2022-07-30 22:00:05,067] {dagbag.py:508} INFO - Filling up the DagBag from /home/hp/miniconda3/envs/airflow_env/lib/python3.8/site-packages/airflow/example_dags/example_latest_only.py
[2022-07-30 22:00:05,069] {processor.py:651} INFO - DAG(s) dict_keys(['latest_only']) retrieved from /home/hp/miniconda3/envs/airflow_env/lib/python3.8/site-packages/airflow/example_dags/example_latest_only.py
[2022-07-30 22:00:05,078] {logging_mixin.py:115} INFO - [2022-07-30 22:00:05,078] {dag.py:2420} INFO - Sync 1 DAGs
[2022-07-30 22:00:05,087] {logging_mixin.py:115} INFO - [2022-07-30 22:00:05,086] {dag.py:2968} INFO - Setting next_dagrun for latest_only to 2022-07-30T15:00:05.086858+00:00, run_after=2022-07-30T19:00:05.086858+00:00
[2022-07-30 22:00:05,096] {processor.py:161} INFO - Processing /home/hp/miniconda3/envs/airflow_env/lib/python3.8/site-packages/airflow/example_dags/example_latest_only.py took 0.032 seconds
[2022-07-30 22:00:40,302] {processor.py:153} INFO - Started process (PID=37685) to work on /home/hp/miniconda3/envs/airflow_env/lib/python3.8/site-packages/airflow/example_dags/example_latest_only.py
[2022-07-30 22:00:40,303] {processor.py:641} INFO - Processing file /home/hp/miniconda3/envs/airflow_env/lib/python3.8/site-packages/airflow/example_dags/example_latest_only.py for tasks to queue
[2022-07-30 22:00:40,304] {logging_mixin.py:115} INFO - [2022-07-30 22:00:40,303] {dagbag.py:508} INFO - Filling up the DagBag from /home/hp/miniconda3/envs/airflow_env/lib/python3.8/site-packages/airflow/example_dags/example_latest_only.py
[2022-07-30 22:00:40,306] {processor.py:651} INFO - DAG(s) dict_keys(['latest_only']) retrieved from /home/hp/miniconda3/envs/airflow_env/lib/python3.8/site-packages/airflow/example_dags/example_latest_only.py
[2022-07-30 22:00:40,318] {logging_mixin.py:115} INFO - [2022-07-30 22:00:40,318] {dag.py:2420} INFO - Sync 1 DAGs
[2022-07-30 22:00:40,327] {logging_mixin.py:115} INFO - [2022-07-30 22:00:40,327] {dag.py:2968} INFO - Setting next_dagrun for latest_only to 2022-07-30T15:00:40.327534+00:00, run_after=2022-07-30T19:00:40.327534+00:00
[2022-07-30 22:00:40,336] {processor.py:161} INFO - Processing /home/hp/miniconda3/envs/airflow_env/lib/python3.8/site-packages/airflow/example_dags/example_latest_only.py took 0.035 seconds
[2022-07-30 22:01:14,569] {processor.py:153} INFO - Started process (PID=38024) to work on /home/hp/miniconda3/envs/airflow_env/lib/python3.8/site-packages/airflow/example_dags/example_latest_only.py
[2022-07-30 22:01:14,570] {processor.py:641} INFO - Processing file /home/hp/miniconda3/envs/airflow_env/lib/python3.8/site-packages/airflow/example_dags/example_latest_only.py for tasks to queue
[2022-07-30 22:01:14,571] {logging_mixin.py:115} INFO - [2022-07-30 22:01:14,571] {dagbag.py:508} INFO - Filling up the DagBag from /home/hp/miniconda3/envs/airflow_env/lib/python3.8/site-packages/airflow/example_dags/example_latest_only.py
[2022-07-30 22:01:14,577] {processor.py:651} INFO - DAG(s) dict_keys(['latest_only']) retrieved from /home/hp/miniconda3/envs/airflow_env/lib/python3.8/site-packages/airflow/example_dags/example_latest_only.py
[2022-07-30 22:01:14,588] {logging_mixin.py:115} INFO - [2022-07-30 22:01:14,588] {dag.py:2420} INFO - Sync 1 DAGs
[2022-07-30 22:01:14,596] {logging_mixin.py:115} INFO - [2022-07-30 22:01:14,596] {dag.py:2968} INFO - Setting next_dagrun for latest_only to 2022-07-30T15:01:14.595934+00:00, run_after=2022-07-30T19:01:14.595934+00:00
[2022-07-30 22:01:14,604] {processor.py:161} INFO - Processing /home/hp/miniconda3/envs/airflow_env/lib/python3.8/site-packages/airflow/example_dags/example_latest_only.py took 0.038 seconds
[2022-07-30 22:01:54,291] {processor.py:153} INFO - Started process (PID=38367) to work on /home/hp/miniconda3/envs/airflow_env/lib/python3.8/site-packages/airflow/example_dags/example_latest_only.py
[2022-07-30 22:01:54,292] {processor.py:641} INFO - Processing file /home/hp/miniconda3/envs/airflow_env/lib/python3.8/site-packages/airflow/example_dags/example_latest_only.py for tasks to queue
[2022-07-30 22:01:54,292] {logging_mixin.py:115} INFO - [2022-07-30 22:01:54,292] {dagbag.py:508} INFO - Filling up the DagBag from /home/hp/miniconda3/envs/airflow_env/lib/python3.8/site-packages/airflow/example_dags/example_latest_only.py
[2022-07-30 22:01:54,295] {processor.py:651} INFO - DAG(s) dict_keys(['latest_only']) retrieved from /home/hp/miniconda3/envs/airflow_env/lib/python3.8/site-packages/airflow/example_dags/example_latest_only.py
[2022-07-30 22:01:54,306] {logging_mixin.py:115} INFO - [2022-07-30 22:01:54,306] {dag.py:2420} INFO - Sync 1 DAGs
[2022-07-30 22:01:54,316] {logging_mixin.py:115} INFO - [2022-07-30 22:01:54,316] {dag.py:2968} INFO - Setting next_dagrun for latest_only to 2022-07-30T15:01:54.316755+00:00, run_after=2022-07-30T19:01:54.316755+00:00
[2022-07-30 22:01:54,326] {processor.py:161} INFO - Processing /home/hp/miniconda3/envs/airflow_env/lib/python3.8/site-packages/airflow/example_dags/example_latest_only.py took 0.037 seconds
[2022-07-30 22:02:31,989] {processor.py:153} INFO - Started process (PID=38719) to work on /home/hp/miniconda3/envs/airflow_env/lib/python3.8/site-packages/airflow/example_dags/example_latest_only.py
[2022-07-30 22:02:31,990] {processor.py:641} INFO - Processing file /home/hp/miniconda3/envs/airflow_env/lib/python3.8/site-packages/airflow/example_dags/example_latest_only.py for tasks to queue
[2022-07-30 22:02:31,991] {logging_mixin.py:115} INFO - [2022-07-30 22:02:31,991] {dagbag.py:508} INFO - Filling up the DagBag from /home/hp/miniconda3/envs/airflow_env/lib/python3.8/site-packages/airflow/example_dags/example_latest_only.py
[2022-07-30 22:02:31,993] {processor.py:651} INFO - DAG(s) dict_keys(['latest_only']) retrieved from /home/hp/miniconda3/envs/airflow_env/lib/python3.8/site-packages/airflow/example_dags/example_latest_only.py
[2022-07-30 22:02:32,002] {logging_mixin.py:115} INFO - [2022-07-30 22:02:32,001] {dag.py:2420} INFO - Sync 1 DAGs
[2022-07-30 22:02:32,010] {logging_mixin.py:115} INFO - [2022-07-30 22:02:32,010] {dag.py:2968} INFO - Setting next_dagrun for latest_only to 2022-07-30T15:02:32.010049+00:00, run_after=2022-07-30T19:02:32.010049+00:00
[2022-07-30 22:02:32,018] {processor.py:161} INFO - Processing /home/hp/miniconda3/envs/airflow_env/lib/python3.8/site-packages/airflow/example_dags/example_latest_only.py took 0.031 seconds
[2022-07-30 22:03:07,512] {processor.py:153} INFO - Started process (PID=38946) to work on /home/hp/miniconda3/envs/airflow_env/lib/python3.8/site-packages/airflow/example_dags/example_latest_only.py
[2022-07-30 22:03:07,513] {processor.py:641} INFO - Processing file /home/hp/miniconda3/envs/airflow_env/lib/python3.8/site-packages/airflow/example_dags/example_latest_only.py for tasks to queue
[2022-07-30 22:03:07,513] {logging_mixin.py:115} INFO - [2022-07-30 22:03:07,513] {dagbag.py:508} INFO - Filling up the DagBag from /home/hp/miniconda3/envs/airflow_env/lib/python3.8/site-packages/airflow/example_dags/example_latest_only.py
[2022-07-30 22:03:07,516] {processor.py:651} INFO - DAG(s) dict_keys(['latest_only']) retrieved from /home/hp/miniconda3/envs/airflow_env/lib/python3.8/site-packages/airflow/example_dags/example_latest_only.py
[2022-07-30 22:03:07,526] {logging_mixin.py:115} INFO - [2022-07-30 22:03:07,526] {dag.py:2420} INFO - Sync 1 DAGs
[2022-07-30 22:03:07,534] {logging_mixin.py:115} INFO - [2022-07-30 22:03:07,534] {dag.py:2968} INFO - Setting next_dagrun for latest_only to 2022-07-30T15:03:07.534573+00:00, run_after=2022-07-30T19:03:07.534573+00:00
[2022-07-30 22:03:07,547] {processor.py:161} INFO - Processing /home/hp/miniconda3/envs/airflow_env/lib/python3.8/site-packages/airflow/example_dags/example_latest_only.py took 0.037 seconds
[2022-07-30 22:03:43,789] {processor.py:153} INFO - Started process (PID=39216) to work on /home/hp/miniconda3/envs/airflow_env/lib/python3.8/site-packages/airflow/example_dags/example_latest_only.py
[2022-07-30 22:03:43,790] {processor.py:641} INFO - Processing file /home/hp/miniconda3/envs/airflow_env/lib/python3.8/site-packages/airflow/example_dags/example_latest_only.py for tasks to queue
[2022-07-30 22:03:43,790] {logging_mixin.py:115} INFO - [2022-07-30 22:03:43,790] {dagbag.py:508} INFO - Filling up the DagBag from /home/hp/miniconda3/envs/airflow_env/lib/python3.8/site-packages/airflow/example_dags/example_latest_only.py
[2022-07-30 22:03:43,792] {processor.py:651} INFO - DAG(s) dict_keys(['latest_only']) retrieved from /home/hp/miniconda3/envs/airflow_env/lib/python3.8/site-packages/airflow/example_dags/example_latest_only.py
[2022-07-30 22:03:43,802] {logging_mixin.py:115} INFO - [2022-07-30 22:03:43,802] {dag.py:2420} INFO - Sync 1 DAGs
[2022-07-30 22:03:43,811] {logging_mixin.py:115} INFO - [2022-07-30 22:03:43,811] {dag.py:2968} INFO - Setting next_dagrun for latest_only to 2022-07-30T15:03:43.810988+00:00, run_after=2022-07-30T19:03:43.810988+00:00
[2022-07-30 22:03:43,821] {processor.py:161} INFO - Processing /home/hp/miniconda3/envs/airflow_env/lib/python3.8/site-packages/airflow/example_dags/example_latest_only.py took 0.033 seconds
[2022-07-30 23:14:43,444] {processor.py:153} INFO - Started process (PID=5571) to work on /home/hp/miniconda3/envs/checker/lib/python3.8/site-packages/airflow/example_dags/example_latest_only.py
[2022-07-30 23:14:43,445] {processor.py:641} INFO - Processing file /home/hp/miniconda3/envs/checker/lib/python3.8/site-packages/airflow/example_dags/example_latest_only.py for tasks to queue
[2022-07-30 23:14:43,445] {logging_mixin.py:115} INFO - [2022-07-30 23:14:43,445] {dagbag.py:508} INFO - Filling up the DagBag from /home/hp/miniconda3/envs/checker/lib/python3.8/site-packages/airflow/example_dags/example_latest_only.py
[2022-07-30 23:14:43,449] {processor.py:651} INFO - DAG(s) dict_keys(['latest_only']) retrieved from /home/hp/miniconda3/envs/checker/lib/python3.8/site-packages/airflow/example_dags/example_latest_only.py
[2022-07-30 23:14:43,475] {logging_mixin.py:115} INFO - [2022-07-30 23:14:43,474] {dag.py:2420} INFO - Sync 1 DAGs
[2022-07-30 23:14:43,482] {logging_mixin.py:115} INFO - [2022-07-30 23:14:43,482] {dag.py:2968} INFO - Setting next_dagrun for latest_only to 2022-07-30T16:14:43.482264+00:00, run_after=2022-07-30T20:14:43.482264+00:00
[2022-07-30 23:14:43,493] {processor.py:161} INFO - Processing /home/hp/miniconda3/envs/checker/lib/python3.8/site-packages/airflow/example_dags/example_latest_only.py took 0.051 seconds
[2022-07-30 23:15:20,695] {processor.py:153} INFO - Started process (PID=6329) to work on /home/hp/miniconda3/envs/checker/lib/python3.8/site-packages/airflow/example_dags/example_latest_only.py
[2022-07-30 23:15:20,696] {processor.py:641} INFO - Processing file /home/hp/miniconda3/envs/checker/lib/python3.8/site-packages/airflow/example_dags/example_latest_only.py for tasks to queue
[2022-07-30 23:15:20,696] {logging_mixin.py:115} INFO - [2022-07-30 23:15:20,696] {dagbag.py:508} INFO - Filling up the DagBag from /home/hp/miniconda3/envs/checker/lib/python3.8/site-packages/airflow/example_dags/example_latest_only.py
[2022-07-30 23:15:20,703] {processor.py:651} INFO - DAG(s) dict_keys(['latest_only']) retrieved from /home/hp/miniconda3/envs/checker/lib/python3.8/site-packages/airflow/example_dags/example_latest_only.py
[2022-07-30 23:15:20,725] {logging_mixin.py:115} INFO - [2022-07-30 23:15:20,725] {dag.py:2420} INFO - Sync 1 DAGs
[2022-07-30 23:15:20,750] {logging_mixin.py:115} INFO - [2022-07-30 23:15:20,750] {dag.py:2968} INFO - Setting next_dagrun for latest_only to 2022-07-30T16:15:20.750288+00:00, run_after=2022-07-30T20:15:20.750288+00:00
[2022-07-30 23:15:20,765] {processor.py:161} INFO - Processing /home/hp/miniconda3/envs/checker/lib/python3.8/site-packages/airflow/example_dags/example_latest_only.py took 0.073 seconds
[2022-07-30 23:15:57,902] {processor.py:153} INFO - Started process (PID=6990) to work on /home/hp/miniconda3/envs/checker/lib/python3.8/site-packages/airflow/example_dags/example_latest_only.py
[2022-07-30 23:15:57,903] {processor.py:641} INFO - Processing file /home/hp/miniconda3/envs/checker/lib/python3.8/site-packages/airflow/example_dags/example_latest_only.py for tasks to queue
[2022-07-30 23:15:57,903] {logging_mixin.py:115} INFO - [2022-07-30 23:15:57,903] {dagbag.py:508} INFO - Filling up the DagBag from /home/hp/miniconda3/envs/checker/lib/python3.8/site-packages/airflow/example_dags/example_latest_only.py
[2022-07-30 23:15:57,907] {processor.py:651} INFO - DAG(s) dict_keys(['latest_only']) retrieved from /home/hp/miniconda3/envs/checker/lib/python3.8/site-packages/airflow/example_dags/example_latest_only.py
[2022-07-30 23:15:57,917] {logging_mixin.py:115} INFO - [2022-07-30 23:15:57,917] {dag.py:2420} INFO - Sync 1 DAGs
[2022-07-30 23:15:57,925] {logging_mixin.py:115} INFO - [2022-07-30 23:15:57,925] {dag.py:2968} INFO - Setting next_dagrun for latest_only to 2022-07-30T16:15:57.925403+00:00, run_after=2022-07-30T20:15:57.925403+00:00
[2022-07-30 23:15:57,968] {processor.py:161} INFO - Processing /home/hp/miniconda3/envs/checker/lib/python3.8/site-packages/airflow/example_dags/example_latest_only.py took 0.067 seconds
[2022-07-30 23:16:35,623] {processor.py:153} INFO - Started process (PID=7311) to work on /home/hp/miniconda3/envs/checker/lib/python3.8/site-packages/airflow/example_dags/example_latest_only.py
[2022-07-30 23:16:35,624] {processor.py:641} INFO - Processing file /home/hp/miniconda3/envs/checker/lib/python3.8/site-packages/airflow/example_dags/example_latest_only.py for tasks to queue
[2022-07-30 23:16:35,624] {logging_mixin.py:115} INFO - [2022-07-30 23:16:35,624] {dagbag.py:508} INFO - Filling up the DagBag from /home/hp/miniconda3/envs/checker/lib/python3.8/site-packages/airflow/example_dags/example_latest_only.py
[2022-07-30 23:16:35,628] {processor.py:651} INFO - DAG(s) dict_keys(['latest_only']) retrieved from /home/hp/miniconda3/envs/checker/lib/python3.8/site-packages/airflow/example_dags/example_latest_only.py
[2022-07-30 23:16:35,640] {logging_mixin.py:115} INFO - [2022-07-30 23:16:35,639] {dag.py:2420} INFO - Sync 1 DAGs
[2022-07-30 23:16:35,650] {logging_mixin.py:115} INFO - [2022-07-30 23:16:35,650] {dag.py:2968} INFO - Setting next_dagrun for latest_only to 2022-07-30T16:16:35.650192+00:00, run_after=2022-07-30T20:16:35.650192+00:00
[2022-07-30 23:16:35,664] {processor.py:161} INFO - Processing /home/hp/miniconda3/envs/checker/lib/python3.8/site-packages/airflow/example_dags/example_latest_only.py took 0.043 seconds
[2022-07-30 23:17:10,876] {processor.py:153} INFO - Started process (PID=7481) to work on /home/hp/miniconda3/envs/checker/lib/python3.8/site-packages/airflow/example_dags/example_latest_only.py
[2022-07-30 23:17:10,876] {processor.py:641} INFO - Processing file /home/hp/miniconda3/envs/checker/lib/python3.8/site-packages/airflow/example_dags/example_latest_only.py for tasks to queue
[2022-07-30 23:17:10,877] {logging_mixin.py:115} INFO - [2022-07-30 23:17:10,877] {dagbag.py:508} INFO - Filling up the DagBag from /home/hp/miniconda3/envs/checker/lib/python3.8/site-packages/airflow/example_dags/example_latest_only.py
[2022-07-30 23:17:10,883] {processor.py:651} INFO - DAG(s) dict_keys(['latest_only']) retrieved from /home/hp/miniconda3/envs/checker/lib/python3.8/site-packages/airflow/example_dags/example_latest_only.py
[2022-07-30 23:17:10,893] {logging_mixin.py:115} INFO - [2022-07-30 23:17:10,893] {dag.py:2420} INFO - Sync 1 DAGs
[2022-07-30 23:17:10,906] {logging_mixin.py:115} INFO - [2022-07-30 23:17:10,906] {dag.py:2968} INFO - Setting next_dagrun for latest_only to 2022-07-30T16:17:10.905955+00:00, run_after=2022-07-30T20:17:10.905955+00:00
[2022-07-30 23:17:10,916] {processor.py:161} INFO - Processing /home/hp/miniconda3/envs/checker/lib/python3.8/site-packages/airflow/example_dags/example_latest_only.py took 0.043 seconds
[2022-07-30 23:17:48,680] {processor.py:153} INFO - Started process (PID=7797) to work on /home/hp/miniconda3/envs/checker/lib/python3.8/site-packages/airflow/example_dags/example_latest_only.py
[2022-07-30 23:17:48,681] {processor.py:641} INFO - Processing file /home/hp/miniconda3/envs/checker/lib/python3.8/site-packages/airflow/example_dags/example_latest_only.py for tasks to queue
[2022-07-30 23:17:48,681] {logging_mixin.py:115} INFO - [2022-07-30 23:17:48,681] {dagbag.py:508} INFO - Filling up the DagBag from /home/hp/miniconda3/envs/checker/lib/python3.8/site-packages/airflow/example_dags/example_latest_only.py
[2022-07-30 23:17:48,685] {processor.py:651} INFO - DAG(s) dict_keys(['latest_only']) retrieved from /home/hp/miniconda3/envs/checker/lib/python3.8/site-packages/airflow/example_dags/example_latest_only.py
[2022-07-30 23:17:48,697] {logging_mixin.py:115} INFO - [2022-07-30 23:17:48,697] {dag.py:2420} INFO - Sync 1 DAGs
[2022-07-30 23:17:48,712] {logging_mixin.py:115} INFO - [2022-07-30 23:17:48,712] {dag.py:2968} INFO - Setting next_dagrun for latest_only to 2022-07-30T16:17:48.712115+00:00, run_after=2022-07-30T20:17:48.712115+00:00
[2022-07-30 23:17:48,723] {processor.py:161} INFO - Processing /home/hp/miniconda3/envs/checker/lib/python3.8/site-packages/airflow/example_dags/example_latest_only.py took 0.045 seconds
[2022-07-30 23:20:22,631] {processor.py:153} INFO - Started process (PID=8924) to work on /home/hp/miniconda3/envs/checker/lib/python3.8/site-packages/airflow/example_dags/example_latest_only.py
[2022-07-30 23:20:22,632] {processor.py:641} INFO - Processing file /home/hp/miniconda3/envs/checker/lib/python3.8/site-packages/airflow/example_dags/example_latest_only.py for tasks to queue
[2022-07-30 23:20:22,632] {logging_mixin.py:115} INFO - [2022-07-30 23:20:22,632] {dagbag.py:508} INFO - Filling up the DagBag from /home/hp/miniconda3/envs/checker/lib/python3.8/site-packages/airflow/example_dags/example_latest_only.py
[2022-07-30 23:20:22,635] {processor.py:651} INFO - DAG(s) dict_keys(['latest_only']) retrieved from /home/hp/miniconda3/envs/checker/lib/python3.8/site-packages/airflow/example_dags/example_latest_only.py
[2022-07-30 23:20:22,644] {logging_mixin.py:115} INFO - [2022-07-30 23:20:22,644] {dag.py:2420} INFO - Sync 1 DAGs
[2022-07-30 23:20:22,653] {logging_mixin.py:115} INFO - [2022-07-30 23:20:22,653] {dag.py:2968} INFO - Setting next_dagrun for latest_only to 2022-07-30T16:20:22.653402+00:00, run_after=2022-07-30T20:20:22.653402+00:00
[2022-07-30 23:20:22,663] {processor.py:161} INFO - Processing /home/hp/miniconda3/envs/checker/lib/python3.8/site-packages/airflow/example_dags/example_latest_only.py took 0.033 seconds
[2022-07-30 23:21:00,992] {processor.py:153} INFO - Started process (PID=9228) to work on /home/hp/miniconda3/envs/checker/lib/python3.8/site-packages/airflow/example_dags/example_latest_only.py
[2022-07-30 23:21:00,992] {processor.py:641} INFO - Processing file /home/hp/miniconda3/envs/checker/lib/python3.8/site-packages/airflow/example_dags/example_latest_only.py for tasks to queue
[2022-07-30 23:21:00,993] {logging_mixin.py:115} INFO - [2022-07-30 23:21:00,993] {dagbag.py:508} INFO - Filling up the DagBag from /home/hp/miniconda3/envs/checker/lib/python3.8/site-packages/airflow/example_dags/example_latest_only.py
[2022-07-30 23:21:00,996] {processor.py:651} INFO - DAG(s) dict_keys(['latest_only']) retrieved from /home/hp/miniconda3/envs/checker/lib/python3.8/site-packages/airflow/example_dags/example_latest_only.py
[2022-07-30 23:21:01,006] {logging_mixin.py:115} INFO - [2022-07-30 23:21:01,005] {dag.py:2420} INFO - Sync 1 DAGs
[2022-07-30 23:21:01,016] {logging_mixin.py:115} INFO - [2022-07-30 23:21:01,016] {dag.py:2968} INFO - Setting next_dagrun for latest_only to 2022-07-30T16:21:01.016089+00:00, run_after=2022-07-30T20:21:01.016089+00:00
[2022-07-30 23:21:01,027] {processor.py:161} INFO - Processing /home/hp/miniconda3/envs/checker/lib/python3.8/site-packages/airflow/example_dags/example_latest_only.py took 0.036 seconds
[2022-07-30 23:25:06,021] {processor.py:153} INFO - Started process (PID=10699) to work on /home/hp/miniconda3/envs/checker/lib/python3.8/site-packages/airflow/example_dags/example_latest_only.py
[2022-07-30 23:25:06,022] {processor.py:641} INFO - Processing file /home/hp/miniconda3/envs/checker/lib/python3.8/site-packages/airflow/example_dags/example_latest_only.py for tasks to queue
[2022-07-30 23:25:06,023] {logging_mixin.py:115} INFO - [2022-07-30 23:25:06,023] {dagbag.py:508} INFO - Filling up the DagBag from /home/hp/miniconda3/envs/checker/lib/python3.8/site-packages/airflow/example_dags/example_latest_only.py
[2022-07-30 23:25:06,028] {processor.py:651} INFO - DAG(s) dict_keys(['latest_only']) retrieved from /home/hp/miniconda3/envs/checker/lib/python3.8/site-packages/airflow/example_dags/example_latest_only.py
[2022-07-30 23:25:06,036] {logging_mixin.py:115} INFO - [2022-07-30 23:25:06,036] {dag.py:2420} INFO - Sync 1 DAGs
[2022-07-30 23:25:06,045] {logging_mixin.py:115} INFO - [2022-07-30 23:25:06,045] {dag.py:2968} INFO - Setting next_dagrun for latest_only to 2022-07-30T16:25:06.045444+00:00, run_after=2022-07-30T20:25:06.045444+00:00
[2022-07-30 23:25:06,055] {processor.py:161} INFO - Processing /home/hp/miniconda3/envs/checker/lib/python3.8/site-packages/airflow/example_dags/example_latest_only.py took 0.038 seconds
[2022-07-30 23:26:00,210] {processor.py:153} INFO - Started process (PID=11177) to work on /home/hp/miniconda3/envs/checker/lib/python3.8/site-packages/airflow/example_dags/example_latest_only.py
[2022-07-30 23:26:00,211] {processor.py:641} INFO - Processing file /home/hp/miniconda3/envs/checker/lib/python3.8/site-packages/airflow/example_dags/example_latest_only.py for tasks to queue
[2022-07-30 23:26:00,212] {logging_mixin.py:115} INFO - [2022-07-30 23:26:00,212] {dagbag.py:508} INFO - Filling up the DagBag from /home/hp/miniconda3/envs/checker/lib/python3.8/site-packages/airflow/example_dags/example_latest_only.py
[2022-07-30 23:26:00,215] {processor.py:651} INFO - DAG(s) dict_keys(['latest_only']) retrieved from /home/hp/miniconda3/envs/checker/lib/python3.8/site-packages/airflow/example_dags/example_latest_only.py
[2022-07-30 23:26:00,222] {logging_mixin.py:115} INFO - [2022-07-30 23:26:00,222] {dag.py:2420} INFO - Sync 1 DAGs
[2022-07-30 23:26:00,230] {logging_mixin.py:115} INFO - [2022-07-30 23:26:00,230] {dag.py:2968} INFO - Setting next_dagrun for latest_only to 2022-07-30T16:26:00.230323+00:00, run_after=2022-07-30T20:26:00.230323+00:00
[2022-07-30 23:26:00,239] {processor.py:161} INFO - Processing /home/hp/miniconda3/envs/checker/lib/python3.8/site-packages/airflow/example_dags/example_latest_only.py took 0.033 seconds
[2022-07-30 23:26:36,130] {processor.py:153} INFO - Started process (PID=11800) to work on /home/hp/miniconda3/envs/checker/lib/python3.8/site-packages/airflow/example_dags/example_latest_only.py
[2022-07-30 23:26:36,130] {processor.py:641} INFO - Processing file /home/hp/miniconda3/envs/checker/lib/python3.8/site-packages/airflow/example_dags/example_latest_only.py for tasks to queue
[2022-07-30 23:26:36,131] {logging_mixin.py:115} INFO - [2022-07-30 23:26:36,131] {dagbag.py:508} INFO - Filling up the DagBag from /home/hp/miniconda3/envs/checker/lib/python3.8/site-packages/airflow/example_dags/example_latest_only.py
[2022-07-30 23:26:36,133] {processor.py:651} INFO - DAG(s) dict_keys(['latest_only']) retrieved from /home/hp/miniconda3/envs/checker/lib/python3.8/site-packages/airflow/example_dags/example_latest_only.py
[2022-07-30 23:26:36,143] {logging_mixin.py:115} INFO - [2022-07-30 23:26:36,143] {dag.py:2420} INFO - Sync 1 DAGs
[2022-07-30 23:26:36,151] {logging_mixin.py:115} INFO - [2022-07-30 23:26:36,151] {dag.py:2968} INFO - Setting next_dagrun for latest_only to 2022-07-30T16:26:36.151359+00:00, run_after=2022-07-30T20:26:36.151359+00:00
[2022-07-30 23:26:36,160] {processor.py:161} INFO - Processing /home/hp/miniconda3/envs/checker/lib/python3.8/site-packages/airflow/example_dags/example_latest_only.py took 0.032 seconds
[2022-07-30 23:27:13,539] {processor.py:153} INFO - Started process (PID=12331) to work on /home/hp/miniconda3/envs/checker/lib/python3.8/site-packages/airflow/example_dags/example_latest_only.py
[2022-07-30 23:27:13,540] {processor.py:641} INFO - Processing file /home/hp/miniconda3/envs/checker/lib/python3.8/site-packages/airflow/example_dags/example_latest_only.py for tasks to queue
[2022-07-30 23:27:13,541] {logging_mixin.py:115} INFO - [2022-07-30 23:27:13,540] {dagbag.py:508} INFO - Filling up the DagBag from /home/hp/miniconda3/envs/checker/lib/python3.8/site-packages/airflow/example_dags/example_latest_only.py
[2022-07-30 23:27:13,545] {processor.py:651} INFO - DAG(s) dict_keys(['latest_only']) retrieved from /home/hp/miniconda3/envs/checker/lib/python3.8/site-packages/airflow/example_dags/example_latest_only.py
[2022-07-30 23:27:13,554] {logging_mixin.py:115} INFO - [2022-07-30 23:27:13,554] {dag.py:2420} INFO - Sync 1 DAGs
[2022-07-30 23:27:13,562] {logging_mixin.py:115} INFO - [2022-07-30 23:27:13,562] {dag.py:2968} INFO - Setting next_dagrun for latest_only to 2022-07-30T16:27:13.562113+00:00, run_after=2022-07-30T20:27:13.562113+00:00
[2022-07-30 23:27:13,571] {processor.py:161} INFO - Processing /home/hp/miniconda3/envs/checker/lib/python3.8/site-packages/airflow/example_dags/example_latest_only.py took 0.034 seconds
[2022-07-30 23:27:50,849] {processor.py:153} INFO - Started process (PID=12668) to work on /home/hp/miniconda3/envs/checker/lib/python3.8/site-packages/airflow/example_dags/example_latest_only.py
[2022-07-30 23:27:50,850] {processor.py:641} INFO - Processing file /home/hp/miniconda3/envs/checker/lib/python3.8/site-packages/airflow/example_dags/example_latest_only.py for tasks to queue
[2022-07-30 23:27:50,850] {logging_mixin.py:115} INFO - [2022-07-30 23:27:50,850] {dagbag.py:508} INFO - Filling up the DagBag from /home/hp/miniconda3/envs/checker/lib/python3.8/site-packages/airflow/example_dags/example_latest_only.py
[2022-07-30 23:27:50,854] {processor.py:651} INFO - DAG(s) dict_keys(['latest_only']) retrieved from /home/hp/miniconda3/envs/checker/lib/python3.8/site-packages/airflow/example_dags/example_latest_only.py
[2022-07-30 23:27:50,861] {logging_mixin.py:115} INFO - [2022-07-30 23:27:50,861] {dag.py:2420} INFO - Sync 1 DAGs
[2022-07-30 23:27:50,870] {logging_mixin.py:115} INFO - [2022-07-30 23:27:50,870] {dag.py:2968} INFO - Setting next_dagrun for latest_only to 2022-07-30T16:27:50.869994+00:00, run_after=2022-07-30T20:27:50.869994+00:00
[2022-07-30 23:27:50,881] {processor.py:161} INFO - Processing /home/hp/miniconda3/envs/checker/lib/python3.8/site-packages/airflow/example_dags/example_latest_only.py took 0.034 seconds
[2022-07-30 23:28:27,041] {processor.py:153} INFO - Started process (PID=13099) to work on /home/hp/miniconda3/envs/checker/lib/python3.8/site-packages/airflow/example_dags/example_latest_only.py
[2022-07-30 23:28:27,042] {processor.py:641} INFO - Processing file /home/hp/miniconda3/envs/checker/lib/python3.8/site-packages/airflow/example_dags/example_latest_only.py for tasks to queue
[2022-07-30 23:28:27,043] {logging_mixin.py:115} INFO - [2022-07-30 23:28:27,042] {dagbag.py:508} INFO - Filling up the DagBag from /home/hp/miniconda3/envs/checker/lib/python3.8/site-packages/airflow/example_dags/example_latest_only.py
[2022-07-30 23:28:27,049] {processor.py:651} INFO - DAG(s) dict_keys(['latest_only']) retrieved from /home/hp/miniconda3/envs/checker/lib/python3.8/site-packages/airflow/example_dags/example_latest_only.py
[2022-07-30 23:28:27,059] {logging_mixin.py:115} INFO - [2022-07-30 23:28:27,059] {dag.py:2420} INFO - Sync 1 DAGs
[2022-07-30 23:28:27,067] {logging_mixin.py:115} INFO - [2022-07-30 23:28:27,067] {dag.py:2968} INFO - Setting next_dagrun for latest_only to 2022-07-30T16:28:27.067107+00:00, run_after=2022-07-30T20:28:27.067107+00:00
[2022-07-30 23:28:27,076] {processor.py:161} INFO - Processing /home/hp/miniconda3/envs/checker/lib/python3.8/site-packages/airflow/example_dags/example_latest_only.py took 0.039 seconds
