[2022-07-30 21:48:07,503] {processor.py:153} INFO - Started process (PID=31741) to work on /home/hp/miniconda3/envs/airflow_env/lib/python3.8/site-packages/airflow/example_dags/example_branch_python_dop_operator_3.py
[2022-07-30 21:48:07,504] {processor.py:641} INFO - Processing file /home/hp/miniconda3/envs/airflow_env/lib/python3.8/site-packages/airflow/example_dags/example_branch_python_dop_operator_3.py for tasks to queue
[2022-07-30 21:48:07,504] {logging_mixin.py:115} INFO - [2022-07-30 21:48:07,504] {dagbag.py:508} INFO - Filling up the DagBag from /home/hp/miniconda3/envs/airflow_env/lib/python3.8/site-packages/airflow/example_dags/example_branch_python_dop_operator_3.py
[2022-07-30 21:48:07,515] {processor.py:651} INFO - DAG(s) dict_keys(['example_branch_dop_operator_v3']) retrieved from /home/hp/miniconda3/envs/airflow_env/lib/python3.8/site-packages/airflow/example_dags/example_branch_python_dop_operator_3.py
[2022-07-30 21:48:07,524] {logging_mixin.py:115} INFO - [2022-07-30 21:48:07,524] {dag.py:2420} INFO - Sync 1 DAGs
[2022-07-30 21:48:07,534] {logging_mixin.py:115} INFO - [2022-07-30 21:48:07,534] {dag.py:2968} INFO - Setting next_dagrun for example_branch_dop_operator_v3 to 2022-07-30T18:47:00+00:00, run_after=2022-07-30T18:48:00+00:00
[2022-07-30 21:48:07,543] {processor.py:161} INFO - Processing /home/hp/miniconda3/envs/airflow_env/lib/python3.8/site-packages/airflow/example_dags/example_branch_python_dop_operator_3.py took 0.044 seconds
[2022-07-30 21:48:49,082] {processor.py:153} INFO - Started process (PID=32032) to work on /home/hp/miniconda3/envs/airflow_env/lib/python3.8/site-packages/airflow/example_dags/example_branch_python_dop_operator_3.py
[2022-07-30 21:48:49,083] {processor.py:641} INFO - Processing file /home/hp/miniconda3/envs/airflow_env/lib/python3.8/site-packages/airflow/example_dags/example_branch_python_dop_operator_3.py for tasks to queue
[2022-07-30 21:48:49,083] {logging_mixin.py:115} INFO - [2022-07-30 21:48:49,083] {dagbag.py:508} INFO - Filling up the DagBag from /home/hp/miniconda3/envs/airflow_env/lib/python3.8/site-packages/airflow/example_dags/example_branch_python_dop_operator_3.py
[2022-07-30 21:48:49,094] {processor.py:651} INFO - DAG(s) dict_keys(['example_branch_dop_operator_v3']) retrieved from /home/hp/miniconda3/envs/airflow_env/lib/python3.8/site-packages/airflow/example_dags/example_branch_python_dop_operator_3.py
[2022-07-30 21:48:49,104] {logging_mixin.py:115} INFO - [2022-07-30 21:48:49,104] {dag.py:2420} INFO - Sync 1 DAGs
[2022-07-30 21:48:49,114] {logging_mixin.py:115} INFO - [2022-07-30 21:48:49,114] {dag.py:2968} INFO - Setting next_dagrun for example_branch_dop_operator_v3 to 2022-07-30T18:47:00+00:00, run_after=2022-07-30T18:48:00+00:00
[2022-07-30 21:48:49,122] {processor.py:161} INFO - Processing /home/hp/miniconda3/envs/airflow_env/lib/python3.8/site-packages/airflow/example_dags/example_branch_python_dop_operator_3.py took 0.044 seconds
[2022-07-30 21:49:30,028] {processor.py:153} INFO - Started process (PID=32217) to work on /home/hp/miniconda3/envs/airflow_env/lib/python3.8/site-packages/airflow/example_dags/example_branch_python_dop_operator_3.py
[2022-07-30 21:49:30,029] {processor.py:641} INFO - Processing file /home/hp/miniconda3/envs/airflow_env/lib/python3.8/site-packages/airflow/example_dags/example_branch_python_dop_operator_3.py for tasks to queue
[2022-07-30 21:49:30,030] {logging_mixin.py:115} INFO - [2022-07-30 21:49:30,030] {dagbag.py:508} INFO - Filling up the DagBag from /home/hp/miniconda3/envs/airflow_env/lib/python3.8/site-packages/airflow/example_dags/example_branch_python_dop_operator_3.py
[2022-07-30 21:49:30,038] {processor.py:651} INFO - DAG(s) dict_keys(['example_branch_dop_operator_v3']) retrieved from /home/hp/miniconda3/envs/airflow_env/lib/python3.8/site-packages/airflow/example_dags/example_branch_python_dop_operator_3.py
[2022-07-30 21:49:30,046] {logging_mixin.py:115} INFO - [2022-07-30 21:49:30,046] {dag.py:2420} INFO - Sync 1 DAGs
[2022-07-30 21:49:30,056] {logging_mixin.py:115} INFO - [2022-07-30 21:49:30,056] {dag.py:2968} INFO - Setting next_dagrun for example_branch_dop_operator_v3 to 2022-07-30T18:48:00+00:00, run_after=2022-07-30T18:49:00+00:00
[2022-07-30 21:49:30,068] {processor.py:161} INFO - Processing /home/hp/miniconda3/envs/airflow_env/lib/python3.8/site-packages/airflow/example_dags/example_branch_python_dop_operator_3.py took 0.042 seconds
[2022-07-30 21:50:10,366] {processor.py:153} INFO - Started process (PID=32395) to work on /home/hp/miniconda3/envs/airflow_env/lib/python3.8/site-packages/airflow/example_dags/example_branch_python_dop_operator_3.py
[2022-07-30 21:50:10,367] {processor.py:641} INFO - Processing file /home/hp/miniconda3/envs/airflow_env/lib/python3.8/site-packages/airflow/example_dags/example_branch_python_dop_operator_3.py for tasks to queue
[2022-07-30 21:50:10,367] {logging_mixin.py:115} INFO - [2022-07-30 21:50:10,367] {dagbag.py:508} INFO - Filling up the DagBag from /home/hp/miniconda3/envs/airflow_env/lib/python3.8/site-packages/airflow/example_dags/example_branch_python_dop_operator_3.py
[2022-07-30 21:50:10,379] {processor.py:651} INFO - DAG(s) dict_keys(['example_branch_dop_operator_v3']) retrieved from /home/hp/miniconda3/envs/airflow_env/lib/python3.8/site-packages/airflow/example_dags/example_branch_python_dop_operator_3.py
[2022-07-30 21:50:10,388] {logging_mixin.py:115} INFO - [2022-07-30 21:50:10,388] {dag.py:2420} INFO - Sync 1 DAGs
[2022-07-30 21:50:10,397] {logging_mixin.py:115} INFO - [2022-07-30 21:50:10,397] {dag.py:2968} INFO - Setting next_dagrun for example_branch_dop_operator_v3 to 2022-07-30T18:49:00+00:00, run_after=2022-07-30T18:50:00+00:00
[2022-07-30 21:50:10,406] {processor.py:161} INFO - Processing /home/hp/miniconda3/envs/airflow_env/lib/python3.8/site-packages/airflow/example_dags/example_branch_python_dop_operator_3.py took 0.044 seconds
[2022-07-30 21:50:51,760] {processor.py:153} INFO - Started process (PID=32775) to work on /home/hp/miniconda3/envs/airflow_env/lib/python3.8/site-packages/airflow/example_dags/example_branch_python_dop_operator_3.py
[2022-07-30 21:50:51,760] {processor.py:641} INFO - Processing file /home/hp/miniconda3/envs/airflow_env/lib/python3.8/site-packages/airflow/example_dags/example_branch_python_dop_operator_3.py for tasks to queue
[2022-07-30 21:50:51,761] {logging_mixin.py:115} INFO - [2022-07-30 21:50:51,761] {dagbag.py:508} INFO - Filling up the DagBag from /home/hp/miniconda3/envs/airflow_env/lib/python3.8/site-packages/airflow/example_dags/example_branch_python_dop_operator_3.py
[2022-07-30 21:50:51,766] {processor.py:651} INFO - DAG(s) dict_keys(['example_branch_dop_operator_v3']) retrieved from /home/hp/miniconda3/envs/airflow_env/lib/python3.8/site-packages/airflow/example_dags/example_branch_python_dop_operator_3.py
[2022-07-30 21:50:51,778] {logging_mixin.py:115} INFO - [2022-07-30 21:50:51,778] {dag.py:2420} INFO - Sync 1 DAGs
[2022-07-30 21:50:51,788] {logging_mixin.py:115} INFO - [2022-07-30 21:50:51,788] {dag.py:2968} INFO - Setting next_dagrun for example_branch_dop_operator_v3 to 2022-07-30T18:49:00+00:00, run_after=2022-07-30T18:50:00+00:00
[2022-07-30 21:50:51,797] {processor.py:161} INFO - Processing /home/hp/miniconda3/envs/airflow_env/lib/python3.8/site-packages/airflow/example_dags/example_branch_python_dop_operator_3.py took 0.039 seconds
[2022-07-30 21:51:33,441] {processor.py:153} INFO - Started process (PID=33034) to work on /home/hp/miniconda3/envs/airflow_env/lib/python3.8/site-packages/airflow/example_dags/example_branch_python_dop_operator_3.py
[2022-07-30 21:51:33,442] {processor.py:641} INFO - Processing file /home/hp/miniconda3/envs/airflow_env/lib/python3.8/site-packages/airflow/example_dags/example_branch_python_dop_operator_3.py for tasks to queue
[2022-07-30 21:51:33,442] {logging_mixin.py:115} INFO - [2022-07-30 21:51:33,442] {dagbag.py:508} INFO - Filling up the DagBag from /home/hp/miniconda3/envs/airflow_env/lib/python3.8/site-packages/airflow/example_dags/example_branch_python_dop_operator_3.py
[2022-07-30 21:51:33,451] {processor.py:651} INFO - DAG(s) dict_keys(['example_branch_dop_operator_v3']) retrieved from /home/hp/miniconda3/envs/airflow_env/lib/python3.8/site-packages/airflow/example_dags/example_branch_python_dop_operator_3.py
[2022-07-30 21:51:33,460] {logging_mixin.py:115} INFO - [2022-07-30 21:51:33,460] {dag.py:2420} INFO - Sync 1 DAGs
[2022-07-30 21:51:33,471] {logging_mixin.py:115} INFO - [2022-07-30 21:51:33,471] {dag.py:2968} INFO - Setting next_dagrun for example_branch_dop_operator_v3 to 2022-07-30T18:50:00+00:00, run_after=2022-07-30T18:51:00+00:00
[2022-07-30 21:51:33,479] {processor.py:161} INFO - Processing /home/hp/miniconda3/envs/airflow_env/lib/python3.8/site-packages/airflow/example_dags/example_branch_python_dop_operator_3.py took 0.041 seconds
[2022-07-30 21:52:14,379] {processor.py:153} INFO - Started process (PID=33489) to work on /home/hp/miniconda3/envs/airflow_env/lib/python3.8/site-packages/airflow/example_dags/example_branch_python_dop_operator_3.py
[2022-07-30 21:52:14,379] {processor.py:641} INFO - Processing file /home/hp/miniconda3/envs/airflow_env/lib/python3.8/site-packages/airflow/example_dags/example_branch_python_dop_operator_3.py for tasks to queue
[2022-07-30 21:52:14,380] {logging_mixin.py:115} INFO - [2022-07-30 21:52:14,379] {dagbag.py:508} INFO - Filling up the DagBag from /home/hp/miniconda3/envs/airflow_env/lib/python3.8/site-packages/airflow/example_dags/example_branch_python_dop_operator_3.py
[2022-07-30 21:52:14,384] {processor.py:651} INFO - DAG(s) dict_keys(['example_branch_dop_operator_v3']) retrieved from /home/hp/miniconda3/envs/airflow_env/lib/python3.8/site-packages/airflow/example_dags/example_branch_python_dop_operator_3.py
[2022-07-30 21:52:14,394] {logging_mixin.py:115} INFO - [2022-07-30 21:52:14,394] {dag.py:2420} INFO - Sync 1 DAGs
[2022-07-30 21:52:14,406] {logging_mixin.py:115} INFO - [2022-07-30 21:52:14,406] {dag.py:2968} INFO - Setting next_dagrun for example_branch_dop_operator_v3 to 2022-07-30T18:51:00+00:00, run_after=2022-07-30T18:52:00+00:00
[2022-07-30 21:52:14,415] {processor.py:161} INFO - Processing /home/hp/miniconda3/envs/airflow_env/lib/python3.8/site-packages/airflow/example_dags/example_branch_python_dop_operator_3.py took 0.038 seconds
[2022-07-30 21:52:56,051] {processor.py:153} INFO - Started process (PID=33992) to work on /home/hp/miniconda3/envs/airflow_env/lib/python3.8/site-packages/airflow/example_dags/example_branch_python_dop_operator_3.py
[2022-07-30 21:52:56,053] {processor.py:641} INFO - Processing file /home/hp/miniconda3/envs/airflow_env/lib/python3.8/site-packages/airflow/example_dags/example_branch_python_dop_operator_3.py for tasks to queue
[2022-07-30 21:52:56,053] {logging_mixin.py:115} INFO - [2022-07-30 21:52:56,053] {dagbag.py:508} INFO - Filling up the DagBag from /home/hp/miniconda3/envs/airflow_env/lib/python3.8/site-packages/airflow/example_dags/example_branch_python_dop_operator_3.py
[2022-07-30 21:52:56,063] {processor.py:651} INFO - DAG(s) dict_keys(['example_branch_dop_operator_v3']) retrieved from /home/hp/miniconda3/envs/airflow_env/lib/python3.8/site-packages/airflow/example_dags/example_branch_python_dop_operator_3.py
[2022-07-30 21:52:56,071] {logging_mixin.py:115} INFO - [2022-07-30 21:52:56,071] {dag.py:2420} INFO - Sync 1 DAGs
[2022-07-30 21:52:56,082] {logging_mixin.py:115} INFO - [2022-07-30 21:52:56,082] {dag.py:2968} INFO - Setting next_dagrun for example_branch_dop_operator_v3 to 2022-07-30T18:51:00+00:00, run_after=2022-07-30T18:52:00+00:00
[2022-07-30 21:52:56,095] {processor.py:161} INFO - Processing /home/hp/miniconda3/envs/airflow_env/lib/python3.8/site-packages/airflow/example_dags/example_branch_python_dop_operator_3.py took 0.045 seconds
[2022-07-30 21:53:36,308] {processor.py:153} INFO - Started process (PID=34257) to work on /home/hp/miniconda3/envs/airflow_env/lib/python3.8/site-packages/airflow/example_dags/example_branch_python_dop_operator_3.py
[2022-07-30 21:53:36,308] {processor.py:641} INFO - Processing file /home/hp/miniconda3/envs/airflow_env/lib/python3.8/site-packages/airflow/example_dags/example_branch_python_dop_operator_3.py for tasks to queue
[2022-07-30 21:53:36,308] {logging_mixin.py:115} INFO - [2022-07-30 21:53:36,308] {dagbag.py:508} INFO - Filling up the DagBag from /home/hp/miniconda3/envs/airflow_env/lib/python3.8/site-packages/airflow/example_dags/example_branch_python_dop_operator_3.py
[2022-07-30 21:53:36,323] {processor.py:651} INFO - DAG(s) dict_keys(['example_branch_dop_operator_v3']) retrieved from /home/hp/miniconda3/envs/airflow_env/lib/python3.8/site-packages/airflow/example_dags/example_branch_python_dop_operator_3.py
[2022-07-30 21:53:36,331] {logging_mixin.py:115} INFO - [2022-07-30 21:53:36,331] {dag.py:2420} INFO - Sync 1 DAGs
[2022-07-30 21:53:36,341] {logging_mixin.py:115} INFO - [2022-07-30 21:53:36,341] {dag.py:2968} INFO - Setting next_dagrun for example_branch_dop_operator_v3 to 2022-07-30T18:52:00+00:00, run_after=2022-07-30T18:53:00+00:00
[2022-07-30 21:53:36,351] {processor.py:161} INFO - Processing /home/hp/miniconda3/envs/airflow_env/lib/python3.8/site-packages/airflow/example_dags/example_branch_python_dop_operator_3.py took 0.045 seconds
[2022-07-30 21:54:16,521] {processor.py:153} INFO - Started process (PID=34581) to work on /home/hp/miniconda3/envs/airflow_env/lib/python3.8/site-packages/airflow/example_dags/example_branch_python_dop_operator_3.py
[2022-07-30 21:54:16,523] {processor.py:641} INFO - Processing file /home/hp/miniconda3/envs/airflow_env/lib/python3.8/site-packages/airflow/example_dags/example_branch_python_dop_operator_3.py for tasks to queue
[2022-07-30 21:54:16,524] {logging_mixin.py:115} INFO - [2022-07-30 21:54:16,523] {dagbag.py:508} INFO - Filling up the DagBag from /home/hp/miniconda3/envs/airflow_env/lib/python3.8/site-packages/airflow/example_dags/example_branch_python_dop_operator_3.py
[2022-07-30 21:54:16,535] {processor.py:651} INFO - DAG(s) dict_keys(['example_branch_dop_operator_v3']) retrieved from /home/hp/miniconda3/envs/airflow_env/lib/python3.8/site-packages/airflow/example_dags/example_branch_python_dop_operator_3.py
[2022-07-30 21:54:16,543] {logging_mixin.py:115} INFO - [2022-07-30 21:54:16,543] {dag.py:2420} INFO - Sync 1 DAGs
[2022-07-30 21:54:16,554] {logging_mixin.py:115} INFO - [2022-07-30 21:54:16,554] {dag.py:2968} INFO - Setting next_dagrun for example_branch_dop_operator_v3 to 2022-07-30T18:53:00+00:00, run_after=2022-07-30T18:54:00+00:00
[2022-07-30 21:54:16,562] {processor.py:161} INFO - Processing /home/hp/miniconda3/envs/airflow_env/lib/python3.8/site-packages/airflow/example_dags/example_branch_python_dop_operator_3.py took 0.044 seconds
[2022-07-30 21:54:58,141] {processor.py:153} INFO - Started process (PID=34853) to work on /home/hp/miniconda3/envs/airflow_env/lib/python3.8/site-packages/airflow/example_dags/example_branch_python_dop_operator_3.py
[2022-07-30 21:54:58,142] {processor.py:641} INFO - Processing file /home/hp/miniconda3/envs/airflow_env/lib/python3.8/site-packages/airflow/example_dags/example_branch_python_dop_operator_3.py for tasks to queue
[2022-07-30 21:54:58,142] {logging_mixin.py:115} INFO - [2022-07-30 21:54:58,142] {dagbag.py:508} INFO - Filling up the DagBag from /home/hp/miniconda3/envs/airflow_env/lib/python3.8/site-packages/airflow/example_dags/example_branch_python_dop_operator_3.py
[2022-07-30 21:54:58,153] {processor.py:651} INFO - DAG(s) dict_keys(['example_branch_dop_operator_v3']) retrieved from /home/hp/miniconda3/envs/airflow_env/lib/python3.8/site-packages/airflow/example_dags/example_branch_python_dop_operator_3.py
[2022-07-30 21:54:58,161] {logging_mixin.py:115} INFO - [2022-07-30 21:54:58,161] {dag.py:2420} INFO - Sync 1 DAGs
[2022-07-30 21:54:58,171] {logging_mixin.py:115} INFO - [2022-07-30 21:54:58,171] {dag.py:2968} INFO - Setting next_dagrun for example_branch_dop_operator_v3 to 2022-07-30T18:53:00+00:00, run_after=2022-07-30T18:54:00+00:00
[2022-07-30 21:54:58,179] {processor.py:161} INFO - Processing /home/hp/miniconda3/envs/airflow_env/lib/python3.8/site-packages/airflow/example_dags/example_branch_python_dop_operator_3.py took 0.040 seconds
[2022-07-30 21:55:38,020] {processor.py:153} INFO - Started process (PID=35142) to work on /home/hp/miniconda3/envs/airflow_env/lib/python3.8/site-packages/airflow/example_dags/example_branch_python_dop_operator_3.py
[2022-07-30 21:55:38,020] {processor.py:641} INFO - Processing file /home/hp/miniconda3/envs/airflow_env/lib/python3.8/site-packages/airflow/example_dags/example_branch_python_dop_operator_3.py for tasks to queue
[2022-07-30 21:55:38,021] {logging_mixin.py:115} INFO - [2022-07-30 21:55:38,021] {dagbag.py:508} INFO - Filling up the DagBag from /home/hp/miniconda3/envs/airflow_env/lib/python3.8/site-packages/airflow/example_dags/example_branch_python_dop_operator_3.py
[2022-07-30 21:55:38,027] {processor.py:651} INFO - DAG(s) dict_keys(['example_branch_dop_operator_v3']) retrieved from /home/hp/miniconda3/envs/airflow_env/lib/python3.8/site-packages/airflow/example_dags/example_branch_python_dop_operator_3.py
[2022-07-30 21:55:38,036] {logging_mixin.py:115} INFO - [2022-07-30 21:55:38,036] {dag.py:2420} INFO - Sync 1 DAGs
[2022-07-30 21:55:38,048] {logging_mixin.py:115} INFO - [2022-07-30 21:55:38,048] {dag.py:2968} INFO - Setting next_dagrun for example_branch_dop_operator_v3 to 2022-07-30T18:54:00+00:00, run_after=2022-07-30T18:55:00+00:00
[2022-07-30 21:55:38,057] {processor.py:161} INFO - Processing /home/hp/miniconda3/envs/airflow_env/lib/python3.8/site-packages/airflow/example_dags/example_branch_python_dop_operator_3.py took 0.039 seconds
[2022-07-30 21:56:19,247] {processor.py:153} INFO - Started process (PID=35493) to work on /home/hp/miniconda3/envs/airflow_env/lib/python3.8/site-packages/airflow/example_dags/example_branch_python_dop_operator_3.py
[2022-07-30 21:56:19,248] {processor.py:641} INFO - Processing file /home/hp/miniconda3/envs/airflow_env/lib/python3.8/site-packages/airflow/example_dags/example_branch_python_dop_operator_3.py for tasks to queue
[2022-07-30 21:56:19,248] {logging_mixin.py:115} INFO - [2022-07-30 21:56:19,248] {dagbag.py:508} INFO - Filling up the DagBag from /home/hp/miniconda3/envs/airflow_env/lib/python3.8/site-packages/airflow/example_dags/example_branch_python_dop_operator_3.py
[2022-07-30 21:56:19,262] {processor.py:651} INFO - DAG(s) dict_keys(['example_branch_dop_operator_v3']) retrieved from /home/hp/miniconda3/envs/airflow_env/lib/python3.8/site-packages/airflow/example_dags/example_branch_python_dop_operator_3.py
[2022-07-30 21:56:19,269] {logging_mixin.py:115} INFO - [2022-07-30 21:56:19,269] {dag.py:2420} INFO - Sync 1 DAGs
[2022-07-30 21:56:19,281] {logging_mixin.py:115} INFO - [2022-07-30 21:56:19,281] {dag.py:2968} INFO - Setting next_dagrun for example_branch_dop_operator_v3 to 2022-07-30T18:55:00+00:00, run_after=2022-07-30T18:56:00+00:00
[2022-07-30 21:56:19,290] {processor.py:161} INFO - Processing /home/hp/miniconda3/envs/airflow_env/lib/python3.8/site-packages/airflow/example_dags/example_branch_python_dop_operator_3.py took 0.044 seconds
[2022-07-30 21:57:02,403] {processor.py:153} INFO - Started process (PID=35790) to work on /home/hp/miniconda3/envs/airflow_env/lib/python3.8/site-packages/airflow/example_dags/example_branch_python_dop_operator_3.py
[2022-07-30 21:57:02,403] {processor.py:641} INFO - Processing file /home/hp/miniconda3/envs/airflow_env/lib/python3.8/site-packages/airflow/example_dags/example_branch_python_dop_operator_3.py for tasks to queue
[2022-07-30 21:57:02,403] {logging_mixin.py:115} INFO - [2022-07-30 21:57:02,403] {dagbag.py:508} INFO - Filling up the DagBag from /home/hp/miniconda3/envs/airflow_env/lib/python3.8/site-packages/airflow/example_dags/example_branch_python_dop_operator_3.py
[2022-07-30 21:57:02,411] {processor.py:651} INFO - DAG(s) dict_keys(['example_branch_dop_operator_v3']) retrieved from /home/hp/miniconda3/envs/airflow_env/lib/python3.8/site-packages/airflow/example_dags/example_branch_python_dop_operator_3.py
[2022-07-30 21:57:02,420] {logging_mixin.py:115} INFO - [2022-07-30 21:57:02,420] {dag.py:2420} INFO - Sync 1 DAGs
[2022-07-30 21:57:02,431] {logging_mixin.py:115} INFO - [2022-07-30 21:57:02,431] {dag.py:2968} INFO - Setting next_dagrun for example_branch_dop_operator_v3 to 2022-07-30T18:56:00+00:00, run_after=2022-07-30T18:57:00+00:00
[2022-07-30 21:57:02,440] {processor.py:161} INFO - Processing /home/hp/miniconda3/envs/airflow_env/lib/python3.8/site-packages/airflow/example_dags/example_branch_python_dop_operator_3.py took 0.039 seconds
[2022-07-30 21:57:44,254] {processor.py:153} INFO - Started process (PID=36146) to work on /home/hp/miniconda3/envs/airflow_env/lib/python3.8/site-packages/airflow/example_dags/example_branch_python_dop_operator_3.py
[2022-07-30 21:57:44,255] {processor.py:641} INFO - Processing file /home/hp/miniconda3/envs/airflow_env/lib/python3.8/site-packages/airflow/example_dags/example_branch_python_dop_operator_3.py for tasks to queue
[2022-07-30 21:57:44,255] {logging_mixin.py:115} INFO - [2022-07-30 21:57:44,255] {dagbag.py:508} INFO - Filling up the DagBag from /home/hp/miniconda3/envs/airflow_env/lib/python3.8/site-packages/airflow/example_dags/example_branch_python_dop_operator_3.py
[2022-07-30 21:57:44,259] {processor.py:651} INFO - DAG(s) dict_keys(['example_branch_dop_operator_v3']) retrieved from /home/hp/miniconda3/envs/airflow_env/lib/python3.8/site-packages/airflow/example_dags/example_branch_python_dop_operator_3.py
[2022-07-30 21:57:44,268] {logging_mixin.py:115} INFO - [2022-07-30 21:57:44,267] {dag.py:2420} INFO - Sync 1 DAGs
[2022-07-30 21:57:44,280] {logging_mixin.py:115} INFO - [2022-07-30 21:57:44,279] {dag.py:2968} INFO - Setting next_dagrun for example_branch_dop_operator_v3 to 2022-07-30T18:56:00+00:00, run_after=2022-07-30T18:57:00+00:00
[2022-07-30 21:57:44,290] {processor.py:161} INFO - Processing /home/hp/miniconda3/envs/airflow_env/lib/python3.8/site-packages/airflow/example_dags/example_branch_python_dop_operator_3.py took 0.037 seconds
[2022-07-30 21:58:49,976] {processor.py:153} INFO - Started process (PID=36844) to work on /home/hp/miniconda3/envs/airflow_env/lib/python3.8/site-packages/airflow/example_dags/example_branch_python_dop_operator_3.py
[2022-07-30 21:58:49,978] {processor.py:641} INFO - Processing file /home/hp/miniconda3/envs/airflow_env/lib/python3.8/site-packages/airflow/example_dags/example_branch_python_dop_operator_3.py for tasks to queue
[2022-07-30 21:58:49,978] {logging_mixin.py:115} INFO - [2022-07-30 21:58:49,978] {dagbag.py:508} INFO - Filling up the DagBag from /home/hp/miniconda3/envs/airflow_env/lib/python3.8/site-packages/airflow/example_dags/example_branch_python_dop_operator_3.py
[2022-07-30 21:58:49,986] {processor.py:651} INFO - DAG(s) dict_keys(['example_branch_dop_operator_v3']) retrieved from /home/hp/miniconda3/envs/airflow_env/lib/python3.8/site-packages/airflow/example_dags/example_branch_python_dop_operator_3.py
[2022-07-30 21:58:49,996] {logging_mixin.py:115} WARNING - /home/hp/miniconda3/envs/airflow_env/lib/python3.8/site-packages/airflow/models/dagbag.py:610 DeprecationWarning: DAG.full_filepath is deprecated in favour of fileloc
[2022-07-30 21:58:49,999] {logging_mixin.py:115} INFO - [2022-07-30 21:58:49,996] {dagbag.py:610} ERROR - Failed to write serialized DAG: /home/hp/miniconda3/envs/airflow_env/lib/python3.8/site-packages/airflow/example_dags/example_branch_python_dop_operator_3.py
Traceback (most recent call last):
  File "/home/hp/miniconda3/envs/airflow_env/lib/python3.8/site-packages/airflow/models/dagbag.py", line 605, in _serialize_dag_capturing_errors
    self._sync_perm_for_dag(dag, session=session)
  File "/home/hp/miniconda3/envs/airflow_env/lib/python3.8/site-packages/airflow/utils/session.py", line 68, in wrapper
    return func(*args, **kwargs)
  File "/home/hp/miniconda3/envs/airflow_env/lib/python3.8/site-packages/airflow/models/dagbag.py", line 660, in _sync_perm_for_dag
    if dag.access_control or needs_perms(root_dag_id):
  File "/home/hp/miniconda3/envs/airflow_env/lib/python3.8/site-packages/airflow/models/dagbag.py", line 650, in needs_perms
    session.query(Permission)
  File "/home/hp/miniconda3/envs/airflow_env/lib/python3.8/site-packages/sqlalchemy/orm/session.py", line 2046, in query
    return self._query_cls(entities, self, **kwargs)
  File "/home/hp/miniconda3/envs/airflow_env/lib/python3.8/site-packages/sqlalchemy/orm/query.py", line 173, in __init__
    self._set_entities(entities)
  File "/home/hp/miniconda3/envs/airflow_env/lib/python3.8/site-packages/sqlalchemy/orm/query.py", line 180, in _set_entities
    self._raw_columns = [
  File "/home/hp/miniconda3/envs/airflow_env/lib/python3.8/site-packages/sqlalchemy/orm/query.py", line 181, in <listcomp>
    coercions.expect(
  File "/home/hp/miniconda3/envs/airflow_env/lib/python3.8/site-packages/sqlalchemy/sql/coercions.py", line 160, in expect
    insp._post_inspect
  File "/home/hp/miniconda3/envs/airflow_env/lib/python3.8/site-packages/sqlalchemy/util/langhelpers.py", line 1162, in __get__
    obj.__dict__[self.__name__] = result = self.fget(obj)
  File "/home/hp/miniconda3/envs/airflow_env/lib/python3.8/site-packages/sqlalchemy/orm/mapper.py", line 2097, in _post_inspect
    self._check_configure()
  File "/home/hp/miniconda3/envs/airflow_env/lib/python3.8/site-packages/sqlalchemy/orm/mapper.py", line 1874, in _check_configure
    _configure_registries({self.registry}, cascade=True)
  File "/home/hp/miniconda3/envs/airflow_env/lib/python3.8/site-packages/sqlalchemy/orm/mapper.py", line 3381, in _configure_registries
    _do_configure_registries(registries, cascade)
  File "/home/hp/miniconda3/envs/airflow_env/lib/python3.8/site-packages/sqlalchemy/orm/mapper.py", line 3420, in _do_configure_registries
    mapper._post_configure_properties()
  File "/home/hp/miniconda3/envs/airflow_env/lib/python3.8/site-packages/sqlalchemy/orm/mapper.py", line 1891, in _post_configure_properties
    prop.init()
  File "/home/hp/miniconda3/envs/airflow_env/lib/python3.8/site-packages/sqlalchemy/orm/interfaces.py", line 227, in init
    self.do_init()
  File "/home/hp/miniconda3/envs/airflow_env/lib/python3.8/site-packages/sqlalchemy/orm/relationships.py", line 2133, in do_init
    self._setup_join_conditions()
  File "/home/hp/miniconda3/envs/airflow_env/lib/python3.8/site-packages/sqlalchemy/orm/relationships.py", line 2229, in _setup_join_conditions
    self._join_condition = jc = JoinCondition(
  File "/home/hp/miniconda3/envs/airflow_env/lib/python3.8/site-packages/sqlalchemy/orm/relationships.py", line 2624, in __init__
    self._determine_joins()
  File "/home/hp/miniconda3/envs/airflow_env/lib/python3.8/site-packages/sqlalchemy/orm/relationships.py", line 2720, in _determine_joins
    self.secondaryjoin = join_condition(
  File "<string>", line 2, in join_condition
  File "/home/hp/miniconda3/envs/airflow_env/lib/python3.8/site-packages/sqlalchemy/sql/selectable.py", line 1186, in _join_condition
    constraints = cls._joincond_scan_left_right(
  File "/home/hp/miniconda3/envs/airflow_env/lib/python3.8/site-packages/sqlalchemy/sql/selectable.py", line 1255, in _joincond_scan_left_right
    col = fk.get_referent(left)
  File "/home/hp/miniconda3/envs/airflow_env/lib/python3.8/site-packages/sqlalchemy/sql/schema.py", line 2232, in get_referent
    return table.corresponding_column(self.column)
  File "/home/hp/miniconda3/envs/airflow_env/lib/python3.8/site-packages/sqlalchemy/util/langhelpers.py", line 1095, in __get__
    obj.__dict__[self.__name__] = result = self.fget(obj)
  File "/home/hp/miniconda3/envs/airflow_env/lib/python3.8/site-packages/sqlalchemy/sql/schema.py", line 2373, in column
    raise exc.NoReferencedTableError(
sqlalchemy.exc.NoReferencedTableError: Foreign key associated with column 'ab_permission_view_role.permission_view_id' could not find table 'ab_permission_view' with which to generate a foreign key to target column 'id'
[2022-07-30 21:58:49,999] {logging_mixin.py:115} INFO - [2022-07-30 21:58:49,999] {dag.py:2420} INFO - Sync 1 DAGs
[2022-07-30 21:58:50,009] {logging_mixin.py:115} INFO - [2022-07-30 21:58:50,009] {dag.py:2968} INFO - Setting next_dagrun for example_branch_dop_operator_v3 to 2022-07-30T18:57:00+00:00, run_after=2022-07-30T18:58:00+00:00
[2022-07-30 21:58:50,025] {processor.py:161} INFO - Processing /home/hp/miniconda3/envs/airflow_env/lib/python3.8/site-packages/airflow/example_dags/example_branch_python_dop_operator_3.py took 0.052 seconds
[2022-07-30 21:59:31,643] {processor.py:153} INFO - Started process (PID=37122) to work on /home/hp/miniconda3/envs/airflow_env/lib/python3.8/site-packages/airflow/example_dags/example_branch_python_dop_operator_3.py
[2022-07-30 21:59:31,644] {processor.py:641} INFO - Processing file /home/hp/miniconda3/envs/airflow_env/lib/python3.8/site-packages/airflow/example_dags/example_branch_python_dop_operator_3.py for tasks to queue
[2022-07-30 21:59:31,644] {logging_mixin.py:115} INFO - [2022-07-30 21:59:31,644] {dagbag.py:508} INFO - Filling up the DagBag from /home/hp/miniconda3/envs/airflow_env/lib/python3.8/site-packages/airflow/example_dags/example_branch_python_dop_operator_3.py
[2022-07-30 21:59:31,656] {processor.py:651} INFO - DAG(s) dict_keys(['example_branch_dop_operator_v3']) retrieved from /home/hp/miniconda3/envs/airflow_env/lib/python3.8/site-packages/airflow/example_dags/example_branch_python_dop_operator_3.py
[2022-07-30 21:59:31,663] {logging_mixin.py:115} INFO - [2022-07-30 21:59:31,663] {dag.py:2420} INFO - Sync 1 DAGs
[2022-07-30 21:59:31,674] {logging_mixin.py:115} INFO - [2022-07-30 21:59:31,674] {dag.py:2968} INFO - Setting next_dagrun for example_branch_dop_operator_v3 to 2022-07-30T18:58:00+00:00, run_after=2022-07-30T18:59:00+00:00
[2022-07-30 21:59:31,687] {processor.py:161} INFO - Processing /home/hp/miniconda3/envs/airflow_env/lib/python3.8/site-packages/airflow/example_dags/example_branch_python_dop_operator_3.py took 0.045 seconds
[2022-07-30 22:00:06,197] {processor.py:153} INFO - Started process (PID=37354) to work on /home/hp/miniconda3/envs/airflow_env/lib/python3.8/site-packages/airflow/example_dags/example_branch_python_dop_operator_3.py
[2022-07-30 22:00:06,198] {processor.py:641} INFO - Processing file /home/hp/miniconda3/envs/airflow_env/lib/python3.8/site-packages/airflow/example_dags/example_branch_python_dop_operator_3.py for tasks to queue
[2022-07-30 22:00:06,199] {logging_mixin.py:115} INFO - [2022-07-30 22:00:06,199] {dagbag.py:508} INFO - Filling up the DagBag from /home/hp/miniconda3/envs/airflow_env/lib/python3.8/site-packages/airflow/example_dags/example_branch_python_dop_operator_3.py
[2022-07-30 22:00:06,211] {processor.py:651} INFO - DAG(s) dict_keys(['example_branch_dop_operator_v3']) retrieved from /home/hp/miniconda3/envs/airflow_env/lib/python3.8/site-packages/airflow/example_dags/example_branch_python_dop_operator_3.py
[2022-07-30 22:00:06,219] {logging_mixin.py:115} INFO - [2022-07-30 22:00:06,219] {dag.py:2420} INFO - Sync 1 DAGs
[2022-07-30 22:00:06,230] {logging_mixin.py:115} INFO - [2022-07-30 22:00:06,230] {dag.py:2968} INFO - Setting next_dagrun for example_branch_dop_operator_v3 to 2022-07-30T18:59:00+00:00, run_after=2022-07-30T19:00:00+00:00
[2022-07-30 22:00:06,240] {processor.py:161} INFO - Processing /home/hp/miniconda3/envs/airflow_env/lib/python3.8/site-packages/airflow/example_dags/example_branch_python_dop_operator_3.py took 0.047 seconds
[2022-07-30 22:00:41,435] {processor.py:153} INFO - Started process (PID=37709) to work on /home/hp/miniconda3/envs/airflow_env/lib/python3.8/site-packages/airflow/example_dags/example_branch_python_dop_operator_3.py
[2022-07-30 22:00:41,436] {processor.py:641} INFO - Processing file /home/hp/miniconda3/envs/airflow_env/lib/python3.8/site-packages/airflow/example_dags/example_branch_python_dop_operator_3.py for tasks to queue
[2022-07-30 22:00:41,437] {logging_mixin.py:115} INFO - [2022-07-30 22:00:41,437] {dagbag.py:508} INFO - Filling up the DagBag from /home/hp/miniconda3/envs/airflow_env/lib/python3.8/site-packages/airflow/example_dags/example_branch_python_dop_operator_3.py
[2022-07-30 22:00:41,450] {processor.py:651} INFO - DAG(s) dict_keys(['example_branch_dop_operator_v3']) retrieved from /home/hp/miniconda3/envs/airflow_env/lib/python3.8/site-packages/airflow/example_dags/example_branch_python_dop_operator_3.py
[2022-07-30 22:00:41,457] {logging_mixin.py:115} INFO - [2022-07-30 22:00:41,457] {dag.py:2420} INFO - Sync 1 DAGs
[2022-07-30 22:00:41,467] {logging_mixin.py:115} INFO - [2022-07-30 22:00:41,467] {dag.py:2968} INFO - Setting next_dagrun for example_branch_dop_operator_v3 to 2022-07-30T18:59:00+00:00, run_after=2022-07-30T19:00:00+00:00
[2022-07-30 22:00:41,476] {processor.py:161} INFO - Processing /home/hp/miniconda3/envs/airflow_env/lib/python3.8/site-packages/airflow/example_dags/example_branch_python_dop_operator_3.py took 0.044 seconds
[2022-07-30 22:01:15,719] {processor.py:153} INFO - Started process (PID=38025) to work on /home/hp/miniconda3/envs/airflow_env/lib/python3.8/site-packages/airflow/example_dags/example_branch_python_dop_operator_3.py
[2022-07-30 22:01:15,720] {processor.py:641} INFO - Processing file /home/hp/miniconda3/envs/airflow_env/lib/python3.8/site-packages/airflow/example_dags/example_branch_python_dop_operator_3.py for tasks to queue
[2022-07-30 22:01:15,720] {logging_mixin.py:115} INFO - [2022-07-30 22:01:15,720] {dagbag.py:508} INFO - Filling up the DagBag from /home/hp/miniconda3/envs/airflow_env/lib/python3.8/site-packages/airflow/example_dags/example_branch_python_dop_operator_3.py
[2022-07-30 22:01:15,729] {processor.py:651} INFO - DAG(s) dict_keys(['example_branch_dop_operator_v3']) retrieved from /home/hp/miniconda3/envs/airflow_env/lib/python3.8/site-packages/airflow/example_dags/example_branch_python_dop_operator_3.py
[2022-07-30 22:01:15,736] {logging_mixin.py:115} INFO - [2022-07-30 22:01:15,736] {dag.py:2420} INFO - Sync 1 DAGs
[2022-07-30 22:01:15,746] {logging_mixin.py:115} INFO - [2022-07-30 22:01:15,746] {dag.py:2968} INFO - Setting next_dagrun for example_branch_dop_operator_v3 to 2022-07-30T19:00:00+00:00, run_after=2022-07-30T19:01:00+00:00
[2022-07-30 22:01:15,759] {processor.py:161} INFO - Processing /home/hp/miniconda3/envs/airflow_env/lib/python3.8/site-packages/airflow/example_dags/example_branch_python_dop_operator_3.py took 0.042 seconds
[2022-07-30 22:01:55,428] {processor.py:153} INFO - Started process (PID=38370) to work on /home/hp/miniconda3/envs/airflow_env/lib/python3.8/site-packages/airflow/example_dags/example_branch_python_dop_operator_3.py
[2022-07-30 22:01:55,429] {processor.py:641} INFO - Processing file /home/hp/miniconda3/envs/airflow_env/lib/python3.8/site-packages/airflow/example_dags/example_branch_python_dop_operator_3.py for tasks to queue
[2022-07-30 22:01:55,430] {logging_mixin.py:115} INFO - [2022-07-30 22:01:55,430] {dagbag.py:508} INFO - Filling up the DagBag from /home/hp/miniconda3/envs/airflow_env/lib/python3.8/site-packages/airflow/example_dags/example_branch_python_dop_operator_3.py
[2022-07-30 22:01:55,439] {processor.py:651} INFO - DAG(s) dict_keys(['example_branch_dop_operator_v3']) retrieved from /home/hp/miniconda3/envs/airflow_env/lib/python3.8/site-packages/airflow/example_dags/example_branch_python_dop_operator_3.py
[2022-07-30 22:01:55,450] {logging_mixin.py:115} INFO - [2022-07-30 22:01:55,450] {dag.py:2420} INFO - Sync 1 DAGs
[2022-07-30 22:01:55,463] {logging_mixin.py:115} INFO - [2022-07-30 22:01:55,463] {dag.py:2968} INFO - Setting next_dagrun for example_branch_dop_operator_v3 to 2022-07-30T19:00:00+00:00, run_after=2022-07-30T19:01:00+00:00
[2022-07-30 22:01:55,472] {processor.py:161} INFO - Processing /home/hp/miniconda3/envs/airflow_env/lib/python3.8/site-packages/airflow/example_dags/example_branch_python_dop_operator_3.py took 0.048 seconds
[2022-07-30 22:02:33,113] {processor.py:153} INFO - Started process (PID=38777) to work on /home/hp/miniconda3/envs/airflow_env/lib/python3.8/site-packages/airflow/example_dags/example_branch_python_dop_operator_3.py
[2022-07-30 22:02:33,114] {processor.py:641} INFO - Processing file /home/hp/miniconda3/envs/airflow_env/lib/python3.8/site-packages/airflow/example_dags/example_branch_python_dop_operator_3.py for tasks to queue
[2022-07-30 22:02:33,114] {logging_mixin.py:115} INFO - [2022-07-30 22:02:33,114] {dagbag.py:508} INFO - Filling up the DagBag from /home/hp/miniconda3/envs/airflow_env/lib/python3.8/site-packages/airflow/example_dags/example_branch_python_dop_operator_3.py
[2022-07-30 22:02:33,119] {processor.py:651} INFO - DAG(s) dict_keys(['example_branch_dop_operator_v3']) retrieved from /home/hp/miniconda3/envs/airflow_env/lib/python3.8/site-packages/airflow/example_dags/example_branch_python_dop_operator_3.py
[2022-07-30 22:02:33,129] {logging_mixin.py:115} INFO - [2022-07-30 22:02:33,129] {dag.py:2420} INFO - Sync 1 DAGs
[2022-07-30 22:02:33,140] {logging_mixin.py:115} INFO - [2022-07-30 22:02:33,140] {dag.py:2968} INFO - Setting next_dagrun for example_branch_dop_operator_v3 to 2022-07-30T19:01:00+00:00, run_after=2022-07-30T19:02:00+00:00
[2022-07-30 22:02:33,149] {processor.py:161} INFO - Processing /home/hp/miniconda3/envs/airflow_env/lib/python3.8/site-packages/airflow/example_dags/example_branch_python_dop_operator_3.py took 0.037 seconds
[2022-07-30 22:03:08,642] {processor.py:153} INFO - Started process (PID=38959) to work on /home/hp/miniconda3/envs/airflow_env/lib/python3.8/site-packages/airflow/example_dags/example_branch_python_dop_operator_3.py
[2022-07-30 22:03:08,643] {processor.py:641} INFO - Processing file /home/hp/miniconda3/envs/airflow_env/lib/python3.8/site-packages/airflow/example_dags/example_branch_python_dop_operator_3.py for tasks to queue
[2022-07-30 22:03:08,644] {logging_mixin.py:115} INFO - [2022-07-30 22:03:08,643] {dagbag.py:508} INFO - Filling up the DagBag from /home/hp/miniconda3/envs/airflow_env/lib/python3.8/site-packages/airflow/example_dags/example_branch_python_dop_operator_3.py
[2022-07-30 22:03:08,655] {processor.py:651} INFO - DAG(s) dict_keys(['example_branch_dop_operator_v3']) retrieved from /home/hp/miniconda3/envs/airflow_env/lib/python3.8/site-packages/airflow/example_dags/example_branch_python_dop_operator_3.py
[2022-07-30 22:03:08,665] {logging_mixin.py:115} INFO - [2022-07-30 22:03:08,665] {dag.py:2420} INFO - Sync 1 DAGs
[2022-07-30 22:03:08,675] {logging_mixin.py:115} INFO - [2022-07-30 22:03:08,675] {dag.py:2968} INFO - Setting next_dagrun for example_branch_dop_operator_v3 to 2022-07-30T19:02:00+00:00, run_after=2022-07-30T19:03:00+00:00
[2022-07-30 22:03:08,686] {processor.py:161} INFO - Processing /home/hp/miniconda3/envs/airflow_env/lib/python3.8/site-packages/airflow/example_dags/example_branch_python_dop_operator_3.py took 0.048 seconds
[2022-07-30 22:03:44,923] {processor.py:153} INFO - Started process (PID=39219) to work on /home/hp/miniconda3/envs/airflow_env/lib/python3.8/site-packages/airflow/example_dags/example_branch_python_dop_operator_3.py
[2022-07-30 22:03:44,924] {processor.py:641} INFO - Processing file /home/hp/miniconda3/envs/airflow_env/lib/python3.8/site-packages/airflow/example_dags/example_branch_python_dop_operator_3.py for tasks to queue
[2022-07-30 22:03:44,924] {logging_mixin.py:115} INFO - [2022-07-30 22:03:44,924] {dagbag.py:508} INFO - Filling up the DagBag from /home/hp/miniconda3/envs/airflow_env/lib/python3.8/site-packages/airflow/example_dags/example_branch_python_dop_operator_3.py
[2022-07-30 22:03:44,929] {processor.py:651} INFO - DAG(s) dict_keys(['example_branch_dop_operator_v3']) retrieved from /home/hp/miniconda3/envs/airflow_env/lib/python3.8/site-packages/airflow/example_dags/example_branch_python_dop_operator_3.py
[2022-07-30 22:03:44,938] {logging_mixin.py:115} INFO - [2022-07-30 22:03:44,938] {dag.py:2420} INFO - Sync 1 DAGs
[2022-07-30 22:03:44,949] {logging_mixin.py:115} INFO - [2022-07-30 22:03:44,949] {dag.py:2968} INFO - Setting next_dagrun for example_branch_dop_operator_v3 to 2022-07-30T19:02:00+00:00, run_after=2022-07-30T19:03:00+00:00
[2022-07-30 22:03:44,957] {processor.py:161} INFO - Processing /home/hp/miniconda3/envs/airflow_env/lib/python3.8/site-packages/airflow/example_dags/example_branch_python_dop_operator_3.py took 0.038 seconds
[2022-07-30 23:14:44,583] {processor.py:153} INFO - Started process (PID=5577) to work on /home/hp/miniconda3/envs/checker/lib/python3.8/site-packages/airflow/example_dags/example_branch_python_dop_operator_3.py
[2022-07-30 23:14:44,584] {processor.py:641} INFO - Processing file /home/hp/miniconda3/envs/checker/lib/python3.8/site-packages/airflow/example_dags/example_branch_python_dop_operator_3.py for tasks to queue
[2022-07-30 23:14:44,585] {logging_mixin.py:115} INFO - [2022-07-30 23:14:44,584] {dagbag.py:508} INFO - Filling up the DagBag from /home/hp/miniconda3/envs/checker/lib/python3.8/site-packages/airflow/example_dags/example_branch_python_dop_operator_3.py
[2022-07-30 23:14:44,597] {processor.py:651} INFO - DAG(s) dict_keys(['example_branch_dop_operator_v3']) retrieved from /home/hp/miniconda3/envs/checker/lib/python3.8/site-packages/airflow/example_dags/example_branch_python_dop_operator_3.py
[2022-07-30 23:14:44,620] {logging_mixin.py:115} INFO - [2022-07-30 23:14:44,620] {dag.py:2420} INFO - Sync 1 DAGs
[2022-07-30 23:14:44,632] {logging_mixin.py:115} INFO - [2022-07-30 23:14:44,632] {dag.py:2968} INFO - Setting next_dagrun for example_branch_dop_operator_v3 to 2022-07-30T20:13:00+00:00, run_after=2022-07-30T20:14:00+00:00
[2022-07-30 23:14:44,643] {processor.py:161} INFO - Processing /home/hp/miniconda3/envs/checker/lib/python3.8/site-packages/airflow/example_dags/example_branch_python_dop_operator_3.py took 0.064 seconds
[2022-07-30 23:15:21,823] {processor.py:153} INFO - Started process (PID=6360) to work on /home/hp/miniconda3/envs/checker/lib/python3.8/site-packages/airflow/example_dags/example_branch_python_dop_operator_3.py
[2022-07-30 23:15:21,823] {processor.py:641} INFO - Processing file /home/hp/miniconda3/envs/checker/lib/python3.8/site-packages/airflow/example_dags/example_branch_python_dop_operator_3.py for tasks to queue
[2022-07-30 23:15:21,823] {logging_mixin.py:115} INFO - [2022-07-30 23:15:21,823] {dagbag.py:508} INFO - Filling up the DagBag from /home/hp/miniconda3/envs/checker/lib/python3.8/site-packages/airflow/example_dags/example_branch_python_dop_operator_3.py
[2022-07-30 23:15:21,833] {processor.py:651} INFO - DAG(s) dict_keys(['example_branch_dop_operator_v3']) retrieved from /home/hp/miniconda3/envs/checker/lib/python3.8/site-packages/airflow/example_dags/example_branch_python_dop_operator_3.py
[2022-07-30 23:15:21,842] {logging_mixin.py:115} INFO - [2022-07-30 23:15:21,842] {dag.py:2420} INFO - Sync 1 DAGs
[2022-07-30 23:15:21,863] {logging_mixin.py:115} INFO - [2022-07-30 23:15:21,863] {dag.py:2968} INFO - Setting next_dagrun for example_branch_dop_operator_v3 to 2022-07-30T20:14:00+00:00, run_after=2022-07-30T20:15:00+00:00
[2022-07-30 23:15:21,875] {processor.py:161} INFO - Processing /home/hp/miniconda3/envs/checker/lib/python3.8/site-packages/airflow/example_dags/example_branch_python_dop_operator_3.py took 0.054 seconds
[2022-07-30 23:15:59,044] {processor.py:153} INFO - Started process (PID=6991) to work on /home/hp/miniconda3/envs/checker/lib/python3.8/site-packages/airflow/example_dags/example_branch_python_dop_operator_3.py
[2022-07-30 23:15:59,045] {processor.py:641} INFO - Processing file /home/hp/miniconda3/envs/checker/lib/python3.8/site-packages/airflow/example_dags/example_branch_python_dop_operator_3.py for tasks to queue
[2022-07-30 23:15:59,046] {logging_mixin.py:115} INFO - [2022-07-30 23:15:59,046] {dagbag.py:508} INFO - Filling up the DagBag from /home/hp/miniconda3/envs/checker/lib/python3.8/site-packages/airflow/example_dags/example_branch_python_dop_operator_3.py
[2022-07-30 23:15:59,055] {processor.py:651} INFO - DAG(s) dict_keys(['example_branch_dop_operator_v3']) retrieved from /home/hp/miniconda3/envs/checker/lib/python3.8/site-packages/airflow/example_dags/example_branch_python_dop_operator_3.py
[2022-07-30 23:15:59,064] {logging_mixin.py:115} INFO - [2022-07-30 23:15:59,064] {dag.py:2420} INFO - Sync 1 DAGs
[2022-07-30 23:15:59,077] {logging_mixin.py:115} INFO - [2022-07-30 23:15:59,077] {dag.py:2968} INFO - Setting next_dagrun for example_branch_dop_operator_v3 to 2022-07-30T20:14:00+00:00, run_after=2022-07-30T20:15:00+00:00
[2022-07-30 23:15:59,088] {processor.py:161} INFO - Processing /home/hp/miniconda3/envs/checker/lib/python3.8/site-packages/airflow/example_dags/example_branch_python_dop_operator_3.py took 0.046 seconds
[2022-07-30 23:16:36,762] {processor.py:153} INFO - Started process (PID=7322) to work on /home/hp/miniconda3/envs/checker/lib/python3.8/site-packages/airflow/example_dags/example_branch_python_dop_operator_3.py
[2022-07-30 23:16:36,763] {processor.py:641} INFO - Processing file /home/hp/miniconda3/envs/checker/lib/python3.8/site-packages/airflow/example_dags/example_branch_python_dop_operator_3.py for tasks to queue
[2022-07-30 23:16:36,763] {logging_mixin.py:115} INFO - [2022-07-30 23:16:36,763] {dagbag.py:508} INFO - Filling up the DagBag from /home/hp/miniconda3/envs/checker/lib/python3.8/site-packages/airflow/example_dags/example_branch_python_dop_operator_3.py
[2022-07-30 23:16:36,774] {processor.py:651} INFO - DAG(s) dict_keys(['example_branch_dop_operator_v3']) retrieved from /home/hp/miniconda3/envs/checker/lib/python3.8/site-packages/airflow/example_dags/example_branch_python_dop_operator_3.py
[2022-07-30 23:16:36,784] {logging_mixin.py:115} INFO - [2022-07-30 23:16:36,784] {dag.py:2420} INFO - Sync 1 DAGs
[2022-07-30 23:16:36,799] {logging_mixin.py:115} INFO - [2022-07-30 23:16:36,798] {dag.py:2968} INFO - Setting next_dagrun for example_branch_dop_operator_v3 to 2022-07-30T20:15:00+00:00, run_after=2022-07-30T20:16:00+00:00
[2022-07-30 23:16:36,811] {processor.py:161} INFO - Processing /home/hp/miniconda3/envs/checker/lib/python3.8/site-packages/airflow/example_dags/example_branch_python_dop_operator_3.py took 0.051 seconds
[2022-07-30 23:17:11,473] {processor.py:153} INFO - Started process (PID=7483) to work on /home/hp/miniconda3/envs/checker/lib/python3.8/site-packages/airflow/example_dags/example_branch_python_dop_operator_3.py
[2022-07-30 23:17:11,474] {processor.py:641} INFO - Processing file /home/hp/miniconda3/envs/checker/lib/python3.8/site-packages/airflow/example_dags/example_branch_python_dop_operator_3.py for tasks to queue
[2022-07-30 23:17:11,474] {logging_mixin.py:115} INFO - [2022-07-30 23:17:11,474] {dagbag.py:508} INFO - Filling up the DagBag from /home/hp/miniconda3/envs/checker/lib/python3.8/site-packages/airflow/example_dags/example_branch_python_dop_operator_3.py
[2022-07-30 23:17:11,482] {processor.py:651} INFO - DAG(s) dict_keys(['example_branch_dop_operator_v3']) retrieved from /home/hp/miniconda3/envs/checker/lib/python3.8/site-packages/airflow/example_dags/example_branch_python_dop_operator_3.py
[2022-07-30 23:17:11,492] {logging_mixin.py:115} INFO - [2022-07-30 23:17:11,492] {dag.py:2420} INFO - Sync 1 DAGs
[2022-07-30 23:17:11,506] {logging_mixin.py:115} INFO - [2022-07-30 23:17:11,506] {dag.py:2968} INFO - Setting next_dagrun for example_branch_dop_operator_v3 to 2022-07-30T20:16:00+00:00, run_after=2022-07-30T20:17:00+00:00
[2022-07-30 23:17:11,516] {processor.py:161} INFO - Processing /home/hp/miniconda3/envs/checker/lib/python3.8/site-packages/airflow/example_dags/example_branch_python_dop_operator_3.py took 0.045 seconds
[2022-07-30 23:17:49,819] {processor.py:153} INFO - Started process (PID=7798) to work on /home/hp/miniconda3/envs/checker/lib/python3.8/site-packages/airflow/example_dags/example_branch_python_dop_operator_3.py
[2022-07-30 23:17:49,820] {processor.py:641} INFO - Processing file /home/hp/miniconda3/envs/checker/lib/python3.8/site-packages/airflow/example_dags/example_branch_python_dop_operator_3.py for tasks to queue
[2022-07-30 23:17:49,821] {logging_mixin.py:115} INFO - [2022-07-30 23:17:49,820] {dagbag.py:508} INFO - Filling up the DagBag from /home/hp/miniconda3/envs/checker/lib/python3.8/site-packages/airflow/example_dags/example_branch_python_dop_operator_3.py
[2022-07-30 23:17:49,828] {processor.py:651} INFO - DAG(s) dict_keys(['example_branch_dop_operator_v3']) retrieved from /home/hp/miniconda3/envs/checker/lib/python3.8/site-packages/airflow/example_dags/example_branch_python_dop_operator_3.py
[2022-07-30 23:17:49,840] {logging_mixin.py:115} INFO - [2022-07-30 23:17:49,840] {dag.py:2420} INFO - Sync 1 DAGs
[2022-07-30 23:17:49,855] {logging_mixin.py:115} INFO - [2022-07-30 23:17:49,855] {dag.py:2968} INFO - Setting next_dagrun for example_branch_dop_operator_v3 to 2022-07-30T20:16:00+00:00, run_after=2022-07-30T20:17:00+00:00
[2022-07-30 23:17:49,866] {processor.py:161} INFO - Processing /home/hp/miniconda3/envs/checker/lib/python3.8/site-packages/airflow/example_dags/example_branch_python_dop_operator_3.py took 0.049 seconds
[2022-07-30 23:20:23,775] {processor.py:153} INFO - Started process (PID=8926) to work on /home/hp/miniconda3/envs/checker/lib/python3.8/site-packages/airflow/example_dags/example_branch_python_dop_operator_3.py
[2022-07-30 23:20:23,776] {processor.py:641} INFO - Processing file /home/hp/miniconda3/envs/checker/lib/python3.8/site-packages/airflow/example_dags/example_branch_python_dop_operator_3.py for tasks to queue
[2022-07-30 23:20:23,776] {logging_mixin.py:115} INFO - [2022-07-30 23:20:23,776] {dagbag.py:508} INFO - Filling up the DagBag from /home/hp/miniconda3/envs/checker/lib/python3.8/site-packages/airflow/example_dags/example_branch_python_dop_operator_3.py
[2022-07-30 23:20:23,785] {processor.py:651} INFO - DAG(s) dict_keys(['example_branch_dop_operator_v3']) retrieved from /home/hp/miniconda3/envs/checker/lib/python3.8/site-packages/airflow/example_dags/example_branch_python_dop_operator_3.py
[2022-07-30 23:20:23,793] {logging_mixin.py:115} INFO - [2022-07-30 23:20:23,793] {dag.py:2420} INFO - Sync 1 DAGs
[2022-07-30 23:20:23,808] {logging_mixin.py:115} INFO - [2022-07-30 23:20:23,808] {dag.py:2968} INFO - Setting next_dagrun for example_branch_dop_operator_v3 to 2022-07-30T20:19:00+00:00, run_after=2022-07-30T20:20:00+00:00
[2022-07-30 23:20:23,818] {processor.py:161} INFO - Processing /home/hp/miniconda3/envs/checker/lib/python3.8/site-packages/airflow/example_dags/example_branch_python_dop_operator_3.py took 0.044 seconds
[2022-07-30 23:21:02,118] {processor.py:153} INFO - Started process (PID=9232) to work on /home/hp/miniconda3/envs/checker/lib/python3.8/site-packages/airflow/example_dags/example_branch_python_dop_operator_3.py
[2022-07-30 23:21:02,119] {processor.py:641} INFO - Processing file /home/hp/miniconda3/envs/checker/lib/python3.8/site-packages/airflow/example_dags/example_branch_python_dop_operator_3.py for tasks to queue
[2022-07-30 23:21:02,119] {logging_mixin.py:115} INFO - [2022-07-30 23:21:02,119] {dagbag.py:508} INFO - Filling up the DagBag from /home/hp/miniconda3/envs/checker/lib/python3.8/site-packages/airflow/example_dags/example_branch_python_dop_operator_3.py
[2022-07-30 23:21:02,124] {processor.py:651} INFO - DAG(s) dict_keys(['example_branch_dop_operator_v3']) retrieved from /home/hp/miniconda3/envs/checker/lib/python3.8/site-packages/airflow/example_dags/example_branch_python_dop_operator_3.py
[2022-07-30 23:21:02,134] {logging_mixin.py:115} INFO - [2022-07-30 23:21:02,134] {dag.py:2420} INFO - Sync 1 DAGs
[2022-07-30 23:21:02,146] {logging_mixin.py:115} INFO - [2022-07-30 23:21:02,146] {dag.py:2968} INFO - Setting next_dagrun for example_branch_dop_operator_v3 to 2022-07-30T20:20:00+00:00, run_after=2022-07-30T20:21:00+00:00
[2022-07-30 23:21:02,158] {processor.py:161} INFO - Processing /home/hp/miniconda3/envs/checker/lib/python3.8/site-packages/airflow/example_dags/example_branch_python_dop_operator_3.py took 0.041 seconds
[2022-07-30 23:25:07,170] {processor.py:153} INFO - Started process (PID=10715) to work on /home/hp/miniconda3/envs/checker/lib/python3.8/site-packages/airflow/example_dags/example_branch_python_dop_operator_3.py
[2022-07-30 23:25:07,171] {processor.py:641} INFO - Processing file /home/hp/miniconda3/envs/checker/lib/python3.8/site-packages/airflow/example_dags/example_branch_python_dop_operator_3.py for tasks to queue
[2022-07-30 23:25:07,172] {logging_mixin.py:115} INFO - [2022-07-30 23:25:07,172] {dagbag.py:508} INFO - Filling up the DagBag from /home/hp/miniconda3/envs/checker/lib/python3.8/site-packages/airflow/example_dags/example_branch_python_dop_operator_3.py
[2022-07-30 23:25:07,177] {processor.py:651} INFO - DAG(s) dict_keys(['example_branch_dop_operator_v3']) retrieved from /home/hp/miniconda3/envs/checker/lib/python3.8/site-packages/airflow/example_dags/example_branch_python_dop_operator_3.py
[2022-07-30 23:25:07,185] {logging_mixin.py:115} INFO - [2022-07-30 23:25:07,185] {dag.py:2420} INFO - Sync 1 DAGs
[2022-07-30 23:25:07,196] {logging_mixin.py:115} INFO - [2022-07-30 23:25:07,196] {dag.py:2968} INFO - Setting next_dagrun for example_branch_dop_operator_v3 to 2022-07-30T20:24:00+00:00, run_after=2022-07-30T20:25:00+00:00
[2022-07-30 23:25:07,208] {processor.py:161} INFO - Processing /home/hp/miniconda3/envs/checker/lib/python3.8/site-packages/airflow/example_dags/example_branch_python_dop_operator_3.py took 0.041 seconds
[2022-07-30 23:26:01,348] {processor.py:153} INFO - Started process (PID=11178) to work on /home/hp/miniconda3/envs/checker/lib/python3.8/site-packages/airflow/example_dags/example_branch_python_dop_operator_3.py
[2022-07-30 23:26:01,349] {processor.py:641} INFO - Processing file /home/hp/miniconda3/envs/checker/lib/python3.8/site-packages/airflow/example_dags/example_branch_python_dop_operator_3.py for tasks to queue
[2022-07-30 23:26:01,350] {logging_mixin.py:115} INFO - [2022-07-30 23:26:01,350] {dagbag.py:508} INFO - Filling up the DagBag from /home/hp/miniconda3/envs/checker/lib/python3.8/site-packages/airflow/example_dags/example_branch_python_dop_operator_3.py
[2022-07-30 23:26:01,358] {processor.py:651} INFO - DAG(s) dict_keys(['example_branch_dop_operator_v3']) retrieved from /home/hp/miniconda3/envs/checker/lib/python3.8/site-packages/airflow/example_dags/example_branch_python_dop_operator_3.py
[2022-07-30 23:26:01,367] {logging_mixin.py:115} INFO - [2022-07-30 23:26:01,367] {dag.py:2420} INFO - Sync 1 DAGs
[2022-07-30 23:26:01,380] {logging_mixin.py:115} INFO - [2022-07-30 23:26:01,380] {dag.py:2968} INFO - Setting next_dagrun for example_branch_dop_operator_v3 to 2022-07-30T20:25:00+00:00, run_after=2022-07-30T20:26:00+00:00
[2022-07-30 23:26:01,392] {processor.py:161} INFO - Processing /home/hp/miniconda3/envs/checker/lib/python3.8/site-packages/airflow/example_dags/example_branch_python_dop_operator_3.py took 0.046 seconds
[2022-07-30 23:26:37,291] {processor.py:153} INFO - Started process (PID=11801) to work on /home/hp/miniconda3/envs/checker/lib/python3.8/site-packages/airflow/example_dags/example_branch_python_dop_operator_3.py
[2022-07-30 23:26:37,292] {processor.py:641} INFO - Processing file /home/hp/miniconda3/envs/checker/lib/python3.8/site-packages/airflow/example_dags/example_branch_python_dop_operator_3.py for tasks to queue
[2022-07-30 23:26:37,293] {logging_mixin.py:115} INFO - [2022-07-30 23:26:37,293] {dagbag.py:508} INFO - Filling up the DagBag from /home/hp/miniconda3/envs/checker/lib/python3.8/site-packages/airflow/example_dags/example_branch_python_dop_operator_3.py
[2022-07-30 23:26:37,304] {processor.py:651} INFO - DAG(s) dict_keys(['example_branch_dop_operator_v3']) retrieved from /home/hp/miniconda3/envs/checker/lib/python3.8/site-packages/airflow/example_dags/example_branch_python_dop_operator_3.py
[2022-07-30 23:26:37,310] {logging_mixin.py:115} INFO - [2022-07-30 23:26:37,310] {dag.py:2420} INFO - Sync 1 DAGs
[2022-07-30 23:26:37,320] {logging_mixin.py:115} INFO - [2022-07-30 23:26:37,320] {dag.py:2968} INFO - Setting next_dagrun for example_branch_dop_operator_v3 to 2022-07-30T20:25:00+00:00, run_after=2022-07-30T20:26:00+00:00
[2022-07-30 23:26:37,332] {processor.py:161} INFO - Processing /home/hp/miniconda3/envs/checker/lib/python3.8/site-packages/airflow/example_dags/example_branch_python_dop_operator_3.py took 0.045 seconds
[2022-07-30 23:27:14,687] {processor.py:153} INFO - Started process (PID=12347) to work on /home/hp/miniconda3/envs/checker/lib/python3.8/site-packages/airflow/example_dags/example_branch_python_dop_operator_3.py
[2022-07-30 23:27:14,688] {processor.py:641} INFO - Processing file /home/hp/miniconda3/envs/checker/lib/python3.8/site-packages/airflow/example_dags/example_branch_python_dop_operator_3.py for tasks to queue
[2022-07-30 23:27:14,688] {logging_mixin.py:115} INFO - [2022-07-30 23:27:14,688] {dagbag.py:508} INFO - Filling up the DagBag from /home/hp/miniconda3/envs/checker/lib/python3.8/site-packages/airflow/example_dags/example_branch_python_dop_operator_3.py
[2022-07-30 23:27:14,695] {processor.py:651} INFO - DAG(s) dict_keys(['example_branch_dop_operator_v3']) retrieved from /home/hp/miniconda3/envs/checker/lib/python3.8/site-packages/airflow/example_dags/example_branch_python_dop_operator_3.py
[2022-07-30 23:27:14,703] {logging_mixin.py:115} INFO - [2022-07-30 23:27:14,703] {dag.py:2420} INFO - Sync 1 DAGs
[2022-07-30 23:27:14,713] {logging_mixin.py:115} INFO - [2022-07-30 23:27:14,713] {dag.py:2968} INFO - Setting next_dagrun for example_branch_dop_operator_v3 to 2022-07-30T20:26:00+00:00, run_after=2022-07-30T20:27:00+00:00
[2022-07-30 23:27:14,723] {processor.py:161} INFO - Processing /home/hp/miniconda3/envs/checker/lib/python3.8/site-packages/airflow/example_dags/example_branch_python_dop_operator_3.py took 0.038 seconds
[2022-07-30 23:27:51,428] {processor.py:153} INFO - Started process (PID=12669) to work on /home/hp/miniconda3/envs/checker/lib/python3.8/site-packages/airflow/example_dags/example_branch_python_dop_operator_3.py
[2022-07-30 23:27:51,429] {processor.py:641} INFO - Processing file /home/hp/miniconda3/envs/checker/lib/python3.8/site-packages/airflow/example_dags/example_branch_python_dop_operator_3.py for tasks to queue
[2022-07-30 23:27:51,429] {logging_mixin.py:115} INFO - [2022-07-30 23:27:51,429] {dagbag.py:508} INFO - Filling up the DagBag from /home/hp/miniconda3/envs/checker/lib/python3.8/site-packages/airflow/example_dags/example_branch_python_dop_operator_3.py
[2022-07-30 23:27:51,436] {processor.py:651} INFO - DAG(s) dict_keys(['example_branch_dop_operator_v3']) retrieved from /home/hp/miniconda3/envs/checker/lib/python3.8/site-packages/airflow/example_dags/example_branch_python_dop_operator_3.py
[2022-07-30 23:27:51,444] {logging_mixin.py:115} INFO - [2022-07-30 23:27:51,444] {dag.py:2420} INFO - Sync 1 DAGs
[2022-07-30 23:27:51,454] {logging_mixin.py:115} INFO - [2022-07-30 23:27:51,454] {dag.py:2968} INFO - Setting next_dagrun for example_branch_dop_operator_v3 to 2022-07-30T20:26:00+00:00, run_after=2022-07-30T20:27:00+00:00
[2022-07-30 23:27:51,465] {processor.py:161} INFO - Processing /home/hp/miniconda3/envs/checker/lib/python3.8/site-packages/airflow/example_dags/example_branch_python_dop_operator_3.py took 0.041 seconds
[2022-07-30 23:28:28,185] {processor.py:153} INFO - Started process (PID=13100) to work on /home/hp/miniconda3/envs/checker/lib/python3.8/site-packages/airflow/example_dags/example_branch_python_dop_operator_3.py
[2022-07-30 23:28:28,186] {processor.py:641} INFO - Processing file /home/hp/miniconda3/envs/checker/lib/python3.8/site-packages/airflow/example_dags/example_branch_python_dop_operator_3.py for tasks to queue
[2022-07-30 23:28:28,186] {logging_mixin.py:115} INFO - [2022-07-30 23:28:28,186] {dagbag.py:508} INFO - Filling up the DagBag from /home/hp/miniconda3/envs/checker/lib/python3.8/site-packages/airflow/example_dags/example_branch_python_dop_operator_3.py
[2022-07-30 23:28:28,192] {processor.py:651} INFO - DAG(s) dict_keys(['example_branch_dop_operator_v3']) retrieved from /home/hp/miniconda3/envs/checker/lib/python3.8/site-packages/airflow/example_dags/example_branch_python_dop_operator_3.py
[2022-07-30 23:28:28,199] {logging_mixin.py:115} INFO - [2022-07-30 23:28:28,199] {dag.py:2420} INFO - Sync 1 DAGs
[2022-07-30 23:28:28,209] {logging_mixin.py:115} INFO - [2022-07-30 23:28:28,209] {dag.py:2968} INFO - Setting next_dagrun for example_branch_dop_operator_v3 to 2022-07-30T20:27:00+00:00, run_after=2022-07-30T20:28:00+00:00
[2022-07-30 23:28:28,220] {processor.py:161} INFO - Processing /home/hp/miniconda3/envs/checker/lib/python3.8/site-packages/airflow/example_dags/example_branch_python_dop_operator_3.py took 0.036 seconds
