[2022-07-30 21:48:12,620] {processor.py:153} INFO - Started process (PID=31824) to work on /home/hp/miniconda3/envs/airflow_env/lib/python3.8/site-packages/airflow/example_dags/example_branch_datetime_operator.py
[2022-07-30 21:48:12,620] {processor.py:641} INFO - Processing file /home/hp/miniconda3/envs/airflow_env/lib/python3.8/site-packages/airflow/example_dags/example_branch_datetime_operator.py for tasks to queue
[2022-07-30 21:48:12,620] {logging_mixin.py:115} INFO - [2022-07-30 21:48:12,620] {dagbag.py:508} INFO - Filling up the DagBag from /home/hp/miniconda3/envs/airflow_env/lib/python3.8/site-packages/airflow/example_dags/example_branch_datetime_operator.py
[2022-07-30 21:48:12,625] {processor.py:651} INFO - DAG(s) dict_keys(['example_branch_datetime_operator', 'example_branch_datetime_operator_2']) retrieved from /home/hp/miniconda3/envs/airflow_env/lib/python3.8/site-packages/airflow/example_dags/example_branch_datetime_operator.py
[2022-07-30 21:48:12,634] {logging_mixin.py:115} INFO - [2022-07-30 21:48:12,634] {dag.py:2420} INFO - Sync 2 DAGs
[2022-07-30 21:48:12,643] {logging_mixin.py:115} INFO - [2022-07-30 21:48:12,643] {dag.py:2968} INFO - Setting next_dagrun for example_branch_datetime_operator to 2022-07-29T00:00:00+00:00, run_after=2022-07-30T00:00:00+00:00
[2022-07-30 21:48:12,644] {logging_mixin.py:115} INFO - [2022-07-30 21:48:12,644] {dag.py:2968} INFO - Setting next_dagrun for example_branch_datetime_operator_2 to 2022-07-29T00:00:00+00:00, run_after=2022-07-30T00:00:00+00:00
[2022-07-30 21:48:12,652] {processor.py:161} INFO - Processing /home/hp/miniconda3/envs/airflow_env/lib/python3.8/site-packages/airflow/example_dags/example_branch_datetime_operator.py took 0.034 seconds
[2022-07-30 21:48:53,815] {processor.py:153} INFO - Started process (PID=32040) to work on /home/hp/miniconda3/envs/airflow_env/lib/python3.8/site-packages/airflow/example_dags/example_branch_datetime_operator.py
[2022-07-30 21:48:53,816] {processor.py:641} INFO - Processing file /home/hp/miniconda3/envs/airflow_env/lib/python3.8/site-packages/airflow/example_dags/example_branch_datetime_operator.py for tasks to queue
[2022-07-30 21:48:53,816] {logging_mixin.py:115} INFO - [2022-07-30 21:48:53,816] {dagbag.py:508} INFO - Filling up the DagBag from /home/hp/miniconda3/envs/airflow_env/lib/python3.8/site-packages/airflow/example_dags/example_branch_datetime_operator.py
[2022-07-30 21:48:53,826] {processor.py:651} INFO - DAG(s) dict_keys(['example_branch_datetime_operator', 'example_branch_datetime_operator_2']) retrieved from /home/hp/miniconda3/envs/airflow_env/lib/python3.8/site-packages/airflow/example_dags/example_branch_datetime_operator.py
[2022-07-30 21:48:53,837] {logging_mixin.py:115} INFO - [2022-07-30 21:48:53,837] {dag.py:2420} INFO - Sync 2 DAGs
[2022-07-30 21:48:53,846] {logging_mixin.py:115} INFO - [2022-07-30 21:48:53,846] {dag.py:2968} INFO - Setting next_dagrun for example_branch_datetime_operator to 2022-07-29T00:00:00+00:00, run_after=2022-07-30T00:00:00+00:00
[2022-07-30 21:48:53,847] {logging_mixin.py:115} INFO - [2022-07-30 21:48:53,847] {dag.py:2968} INFO - Setting next_dagrun for example_branch_datetime_operator_2 to 2022-07-29T00:00:00+00:00, run_after=2022-07-30T00:00:00+00:00
[2022-07-30 21:48:53,855] {processor.py:161} INFO - Processing /home/hp/miniconda3/envs/airflow_env/lib/python3.8/site-packages/airflow/example_dags/example_branch_datetime_operator.py took 0.043 seconds
[2022-07-30 21:49:34,879] {processor.py:153} INFO - Started process (PID=32263) to work on /home/hp/miniconda3/envs/airflow_env/lib/python3.8/site-packages/airflow/example_dags/example_branch_datetime_operator.py
[2022-07-30 21:49:34,880] {processor.py:641} INFO - Processing file /home/hp/miniconda3/envs/airflow_env/lib/python3.8/site-packages/airflow/example_dags/example_branch_datetime_operator.py for tasks to queue
[2022-07-30 21:49:34,881] {logging_mixin.py:115} INFO - [2022-07-30 21:49:34,880] {dagbag.py:508} INFO - Filling up the DagBag from /home/hp/miniconda3/envs/airflow_env/lib/python3.8/site-packages/airflow/example_dags/example_branch_datetime_operator.py
[2022-07-30 21:49:34,885] {processor.py:651} INFO - DAG(s) dict_keys(['example_branch_datetime_operator', 'example_branch_datetime_operator_2']) retrieved from /home/hp/miniconda3/envs/airflow_env/lib/python3.8/site-packages/airflow/example_dags/example_branch_datetime_operator.py
[2022-07-30 21:49:34,894] {logging_mixin.py:115} INFO - [2022-07-30 21:49:34,894] {dag.py:2420} INFO - Sync 2 DAGs
[2022-07-30 21:49:34,903] {logging_mixin.py:115} INFO - [2022-07-30 21:49:34,903] {dag.py:2968} INFO - Setting next_dagrun for example_branch_datetime_operator to 2022-07-29T00:00:00+00:00, run_after=2022-07-30T00:00:00+00:00
[2022-07-30 21:49:34,904] {logging_mixin.py:115} INFO - [2022-07-30 21:49:34,904] {dag.py:2968} INFO - Setting next_dagrun for example_branch_datetime_operator_2 to 2022-07-29T00:00:00+00:00, run_after=2022-07-30T00:00:00+00:00
[2022-07-30 21:49:34,912] {processor.py:161} INFO - Processing /home/hp/miniconda3/envs/airflow_env/lib/python3.8/site-packages/airflow/example_dags/example_branch_datetime_operator.py took 0.034 seconds
[2022-07-30 21:50:15,512] {processor.py:153} INFO - Started process (PID=32424) to work on /home/hp/miniconda3/envs/airflow_env/lib/python3.8/site-packages/airflow/example_dags/example_branch_datetime_operator.py
[2022-07-30 21:50:15,513] {processor.py:641} INFO - Processing file /home/hp/miniconda3/envs/airflow_env/lib/python3.8/site-packages/airflow/example_dags/example_branch_datetime_operator.py for tasks to queue
[2022-07-30 21:50:15,514] {logging_mixin.py:115} INFO - [2022-07-30 21:50:15,514] {dagbag.py:508} INFO - Filling up the DagBag from /home/hp/miniconda3/envs/airflow_env/lib/python3.8/site-packages/airflow/example_dags/example_branch_datetime_operator.py
[2022-07-30 21:50:15,525] {processor.py:651} INFO - DAG(s) dict_keys(['example_branch_datetime_operator', 'example_branch_datetime_operator_2']) retrieved from /home/hp/miniconda3/envs/airflow_env/lib/python3.8/site-packages/airflow/example_dags/example_branch_datetime_operator.py
[2022-07-30 21:50:15,535] {logging_mixin.py:115} INFO - [2022-07-30 21:50:15,535] {dag.py:2420} INFO - Sync 2 DAGs
[2022-07-30 21:50:15,544] {logging_mixin.py:115} INFO - [2022-07-30 21:50:15,544] {dag.py:2968} INFO - Setting next_dagrun for example_branch_datetime_operator to 2022-07-29T00:00:00+00:00, run_after=2022-07-30T00:00:00+00:00
[2022-07-30 21:50:15,544] {logging_mixin.py:115} INFO - [2022-07-30 21:50:15,544] {dag.py:2968} INFO - Setting next_dagrun for example_branch_datetime_operator_2 to 2022-07-29T00:00:00+00:00, run_after=2022-07-30T00:00:00+00:00
[2022-07-30 21:50:15,552] {processor.py:161} INFO - Processing /home/hp/miniconda3/envs/airflow_env/lib/python3.8/site-packages/airflow/example_dags/example_branch_datetime_operator.py took 0.041 seconds
[2022-07-30 21:50:57,217] {processor.py:153} INFO - Started process (PID=32810) to work on /home/hp/miniconda3/envs/airflow_env/lib/python3.8/site-packages/airflow/example_dags/example_branch_datetime_operator.py
[2022-07-30 21:50:57,219] {processor.py:641} INFO - Processing file /home/hp/miniconda3/envs/airflow_env/lib/python3.8/site-packages/airflow/example_dags/example_branch_datetime_operator.py for tasks to queue
[2022-07-30 21:50:57,220] {logging_mixin.py:115} INFO - [2022-07-30 21:50:57,220] {dagbag.py:508} INFO - Filling up the DagBag from /home/hp/miniconda3/envs/airflow_env/lib/python3.8/site-packages/airflow/example_dags/example_branch_datetime_operator.py
[2022-07-30 21:50:57,232] {processor.py:651} INFO - DAG(s) dict_keys(['example_branch_datetime_operator', 'example_branch_datetime_operator_2']) retrieved from /home/hp/miniconda3/envs/airflow_env/lib/python3.8/site-packages/airflow/example_dags/example_branch_datetime_operator.py
[2022-07-30 21:50:57,246] {logging_mixin.py:115} INFO - [2022-07-30 21:50:57,246] {dag.py:2420} INFO - Sync 2 DAGs
[2022-07-30 21:50:57,257] {logging_mixin.py:115} INFO - [2022-07-30 21:50:57,257] {dag.py:2968} INFO - Setting next_dagrun for example_branch_datetime_operator to 2022-07-29T00:00:00+00:00, run_after=2022-07-30T00:00:00+00:00
[2022-07-30 21:50:57,258] {logging_mixin.py:115} INFO - [2022-07-30 21:50:57,258] {dag.py:2968} INFO - Setting next_dagrun for example_branch_datetime_operator_2 to 2022-07-29T00:00:00+00:00, run_after=2022-07-30T00:00:00+00:00
[2022-07-30 21:50:57,267] {processor.py:161} INFO - Processing /home/hp/miniconda3/envs/airflow_env/lib/python3.8/site-packages/airflow/example_dags/example_branch_datetime_operator.py took 0.053 seconds
[2022-07-30 21:51:38,256] {processor.py:153} INFO - Started process (PID=33064) to work on /home/hp/miniconda3/envs/airflow_env/lib/python3.8/site-packages/airflow/example_dags/example_branch_datetime_operator.py
[2022-07-30 21:51:38,256] {processor.py:641} INFO - Processing file /home/hp/miniconda3/envs/airflow_env/lib/python3.8/site-packages/airflow/example_dags/example_branch_datetime_operator.py for tasks to queue
[2022-07-30 21:51:38,257] {logging_mixin.py:115} INFO - [2022-07-30 21:51:38,257] {dagbag.py:508} INFO - Filling up the DagBag from /home/hp/miniconda3/envs/airflow_env/lib/python3.8/site-packages/airflow/example_dags/example_branch_datetime_operator.py
[2022-07-30 21:51:38,262] {processor.py:651} INFO - DAG(s) dict_keys(['example_branch_datetime_operator', 'example_branch_datetime_operator_2']) retrieved from /home/hp/miniconda3/envs/airflow_env/lib/python3.8/site-packages/airflow/example_dags/example_branch_datetime_operator.py
[2022-07-30 21:51:38,275] {logging_mixin.py:115} INFO - [2022-07-30 21:51:38,275] {dag.py:2420} INFO - Sync 2 DAGs
[2022-07-30 21:51:38,286] {logging_mixin.py:115} INFO - [2022-07-30 21:51:38,286] {dag.py:2968} INFO - Setting next_dagrun for example_branch_datetime_operator to 2022-07-29T00:00:00+00:00, run_after=2022-07-30T00:00:00+00:00
[2022-07-30 21:51:38,287] {logging_mixin.py:115} INFO - [2022-07-30 21:51:38,287] {dag.py:2968} INFO - Setting next_dagrun for example_branch_datetime_operator_2 to 2022-07-29T00:00:00+00:00, run_after=2022-07-30T00:00:00+00:00
[2022-07-30 21:51:38,297] {processor.py:161} INFO - Processing /home/hp/miniconda3/envs/airflow_env/lib/python3.8/site-packages/airflow/example_dags/example_branch_datetime_operator.py took 0.043 seconds
[2022-07-30 21:52:19,531] {processor.py:153} INFO - Started process (PID=33530) to work on /home/hp/miniconda3/envs/airflow_env/lib/python3.8/site-packages/airflow/example_dags/example_branch_datetime_operator.py
[2022-07-30 21:52:19,532] {processor.py:641} INFO - Processing file /home/hp/miniconda3/envs/airflow_env/lib/python3.8/site-packages/airflow/example_dags/example_branch_datetime_operator.py for tasks to queue
[2022-07-30 21:52:19,532] {logging_mixin.py:115} INFO - [2022-07-30 21:52:19,532] {dagbag.py:508} INFO - Filling up the DagBag from /home/hp/miniconda3/envs/airflow_env/lib/python3.8/site-packages/airflow/example_dags/example_branch_datetime_operator.py
[2022-07-30 21:52:19,543] {processor.py:651} INFO - DAG(s) dict_keys(['example_branch_datetime_operator', 'example_branch_datetime_operator_2']) retrieved from /home/hp/miniconda3/envs/airflow_env/lib/python3.8/site-packages/airflow/example_dags/example_branch_datetime_operator.py
[2022-07-30 21:52:19,553] {logging_mixin.py:115} INFO - [2022-07-30 21:52:19,553] {dag.py:2420} INFO - Sync 2 DAGs
[2022-07-30 21:52:19,563] {logging_mixin.py:115} INFO - [2022-07-30 21:52:19,563] {dag.py:2968} INFO - Setting next_dagrun for example_branch_datetime_operator to 2022-07-29T00:00:00+00:00, run_after=2022-07-30T00:00:00+00:00
[2022-07-30 21:52:19,563] {logging_mixin.py:115} INFO - [2022-07-30 21:52:19,563] {dag.py:2968} INFO - Setting next_dagrun for example_branch_datetime_operator_2 to 2022-07-29T00:00:00+00:00, run_after=2022-07-30T00:00:00+00:00
[2022-07-30 21:52:19,572] {processor.py:161} INFO - Processing /home/hp/miniconda3/envs/airflow_env/lib/python3.8/site-packages/airflow/example_dags/example_branch_datetime_operator.py took 0.045 seconds
[2022-07-30 21:53:00,767] {processor.py:153} INFO - Started process (PID=34020) to work on /home/hp/miniconda3/envs/airflow_env/lib/python3.8/site-packages/airflow/example_dags/example_branch_datetime_operator.py
[2022-07-30 21:53:00,767] {processor.py:641} INFO - Processing file /home/hp/miniconda3/envs/airflow_env/lib/python3.8/site-packages/airflow/example_dags/example_branch_datetime_operator.py for tasks to queue
[2022-07-30 21:53:00,767] {logging_mixin.py:115} INFO - [2022-07-30 21:53:00,767] {dagbag.py:508} INFO - Filling up the DagBag from /home/hp/miniconda3/envs/airflow_env/lib/python3.8/site-packages/airflow/example_dags/example_branch_datetime_operator.py
[2022-07-30 21:53:00,775] {processor.py:651} INFO - DAG(s) dict_keys(['example_branch_datetime_operator', 'example_branch_datetime_operator_2']) retrieved from /home/hp/miniconda3/envs/airflow_env/lib/python3.8/site-packages/airflow/example_dags/example_branch_datetime_operator.py
[2022-07-30 21:53:00,785] {logging_mixin.py:115} INFO - [2022-07-30 21:53:00,785] {dag.py:2420} INFO - Sync 2 DAGs
[2022-07-30 21:53:00,794] {logging_mixin.py:115} INFO - [2022-07-30 21:53:00,794] {dag.py:2968} INFO - Setting next_dagrun for example_branch_datetime_operator to 2022-07-29T00:00:00+00:00, run_after=2022-07-30T00:00:00+00:00
[2022-07-30 21:53:00,795] {logging_mixin.py:115} INFO - [2022-07-30 21:53:00,795] {dag.py:2968} INFO - Setting next_dagrun for example_branch_datetime_operator_2 to 2022-07-29T00:00:00+00:00, run_after=2022-07-30T00:00:00+00:00
[2022-07-30 21:53:00,803] {processor.py:161} INFO - Processing /home/hp/miniconda3/envs/airflow_env/lib/python3.8/site-packages/airflow/example_dags/example_branch_datetime_operator.py took 0.038 seconds
[2022-07-30 21:53:41,434] {processor.py:153} INFO - Started process (PID=34303) to work on /home/hp/miniconda3/envs/airflow_env/lib/python3.8/site-packages/airflow/example_dags/example_branch_datetime_operator.py
[2022-07-30 21:53:41,435] {processor.py:641} INFO - Processing file /home/hp/miniconda3/envs/airflow_env/lib/python3.8/site-packages/airflow/example_dags/example_branch_datetime_operator.py for tasks to queue
[2022-07-30 21:53:41,435] {logging_mixin.py:115} INFO - [2022-07-30 21:53:41,435] {dagbag.py:508} INFO - Filling up the DagBag from /home/hp/miniconda3/envs/airflow_env/lib/python3.8/site-packages/airflow/example_dags/example_branch_datetime_operator.py
[2022-07-30 21:53:41,442] {processor.py:651} INFO - DAG(s) dict_keys(['example_branch_datetime_operator', 'example_branch_datetime_operator_2']) retrieved from /home/hp/miniconda3/envs/airflow_env/lib/python3.8/site-packages/airflow/example_dags/example_branch_datetime_operator.py
[2022-07-30 21:53:41,452] {logging_mixin.py:115} INFO - [2022-07-30 21:53:41,452] {dag.py:2420} INFO - Sync 2 DAGs
[2022-07-30 21:53:41,461] {logging_mixin.py:115} INFO - [2022-07-30 21:53:41,461] {dag.py:2968} INFO - Setting next_dagrun for example_branch_datetime_operator to 2022-07-29T00:00:00+00:00, run_after=2022-07-30T00:00:00+00:00
[2022-07-30 21:53:41,462] {logging_mixin.py:115} INFO - [2022-07-30 21:53:41,462] {dag.py:2968} INFO - Setting next_dagrun for example_branch_datetime_operator_2 to 2022-07-29T00:00:00+00:00, run_after=2022-07-30T00:00:00+00:00
[2022-07-30 21:53:41,469] {processor.py:161} INFO - Processing /home/hp/miniconda3/envs/airflow_env/lib/python3.8/site-packages/airflow/example_dags/example_branch_datetime_operator.py took 0.037 seconds
[2022-07-30 21:54:21,666] {processor.py:153} INFO - Started process (PID=34604) to work on /home/hp/miniconda3/envs/airflow_env/lib/python3.8/site-packages/airflow/example_dags/example_branch_datetime_operator.py
[2022-07-30 21:54:21,667] {processor.py:641} INFO - Processing file /home/hp/miniconda3/envs/airflow_env/lib/python3.8/site-packages/airflow/example_dags/example_branch_datetime_operator.py for tasks to queue
[2022-07-30 21:54:21,667] {logging_mixin.py:115} INFO - [2022-07-30 21:54:21,667] {dagbag.py:508} INFO - Filling up the DagBag from /home/hp/miniconda3/envs/airflow_env/lib/python3.8/site-packages/airflow/example_dags/example_branch_datetime_operator.py
[2022-07-30 21:54:21,678] {processor.py:651} INFO - DAG(s) dict_keys(['example_branch_datetime_operator', 'example_branch_datetime_operator_2']) retrieved from /home/hp/miniconda3/envs/airflow_env/lib/python3.8/site-packages/airflow/example_dags/example_branch_datetime_operator.py
[2022-07-30 21:54:21,687] {logging_mixin.py:115} INFO - [2022-07-30 21:54:21,687] {dag.py:2420} INFO - Sync 2 DAGs
[2022-07-30 21:54:21,695] {logging_mixin.py:115} INFO - [2022-07-30 21:54:21,695] {dag.py:2968} INFO - Setting next_dagrun for example_branch_datetime_operator to 2022-07-29T00:00:00+00:00, run_after=2022-07-30T00:00:00+00:00
[2022-07-30 21:54:21,696] {logging_mixin.py:115} INFO - [2022-07-30 21:54:21,696] {dag.py:2968} INFO - Setting next_dagrun for example_branch_datetime_operator_2 to 2022-07-29T00:00:00+00:00, run_after=2022-07-30T00:00:00+00:00
[2022-07-30 21:54:21,705] {processor.py:161} INFO - Processing /home/hp/miniconda3/envs/airflow_env/lib/python3.8/site-packages/airflow/example_dags/example_branch_datetime_operator.py took 0.042 seconds
[2022-07-30 21:55:03,293] {processor.py:153} INFO - Started process (PID=34869) to work on /home/hp/miniconda3/envs/airflow_env/lib/python3.8/site-packages/airflow/example_dags/example_branch_datetime_operator.py
[2022-07-30 21:55:03,293] {processor.py:641} INFO - Processing file /home/hp/miniconda3/envs/airflow_env/lib/python3.8/site-packages/airflow/example_dags/example_branch_datetime_operator.py for tasks to queue
[2022-07-30 21:55:03,294] {logging_mixin.py:115} INFO - [2022-07-30 21:55:03,294] {dagbag.py:508} INFO - Filling up the DagBag from /home/hp/miniconda3/envs/airflow_env/lib/python3.8/site-packages/airflow/example_dags/example_branch_datetime_operator.py
[2022-07-30 21:55:03,305] {processor.py:651} INFO - DAG(s) dict_keys(['example_branch_datetime_operator', 'example_branch_datetime_operator_2']) retrieved from /home/hp/miniconda3/envs/airflow_env/lib/python3.8/site-packages/airflow/example_dags/example_branch_datetime_operator.py
[2022-07-30 21:55:03,314] {logging_mixin.py:115} INFO - [2022-07-30 21:55:03,313] {dag.py:2420} INFO - Sync 2 DAGs
[2022-07-30 21:55:03,322] {logging_mixin.py:115} INFO - [2022-07-30 21:55:03,322] {dag.py:2968} INFO - Setting next_dagrun for example_branch_datetime_operator to 2022-07-29T00:00:00+00:00, run_after=2022-07-30T00:00:00+00:00
[2022-07-30 21:55:03,323] {logging_mixin.py:115} INFO - [2022-07-30 21:55:03,323] {dag.py:2968} INFO - Setting next_dagrun for example_branch_datetime_operator_2 to 2022-07-29T00:00:00+00:00, run_after=2022-07-30T00:00:00+00:00
[2022-07-30 21:55:03,331] {processor.py:161} INFO - Processing /home/hp/miniconda3/envs/airflow_env/lib/python3.8/site-packages/airflow/example_dags/example_branch_datetime_operator.py took 0.043 seconds
[2022-07-30 21:55:43,191] {processor.py:153} INFO - Started process (PID=35168) to work on /home/hp/miniconda3/envs/airflow_env/lib/python3.8/site-packages/airflow/example_dags/example_branch_datetime_operator.py
[2022-07-30 21:55:43,192] {processor.py:641} INFO - Processing file /home/hp/miniconda3/envs/airflow_env/lib/python3.8/site-packages/airflow/example_dags/example_branch_datetime_operator.py for tasks to queue
[2022-07-30 21:55:43,192] {logging_mixin.py:115} INFO - [2022-07-30 21:55:43,192] {dagbag.py:508} INFO - Filling up the DagBag from /home/hp/miniconda3/envs/airflow_env/lib/python3.8/site-packages/airflow/example_dags/example_branch_datetime_operator.py
[2022-07-30 21:55:43,199] {processor.py:651} INFO - DAG(s) dict_keys(['example_branch_datetime_operator', 'example_branch_datetime_operator_2']) retrieved from /home/hp/miniconda3/envs/airflow_env/lib/python3.8/site-packages/airflow/example_dags/example_branch_datetime_operator.py
[2022-07-30 21:55:43,208] {logging_mixin.py:115} INFO - [2022-07-30 21:55:43,208] {dag.py:2420} INFO - Sync 2 DAGs
[2022-07-30 21:55:43,217] {logging_mixin.py:115} INFO - [2022-07-30 21:55:43,217] {dag.py:2968} INFO - Setting next_dagrun for example_branch_datetime_operator to 2022-07-29T00:00:00+00:00, run_after=2022-07-30T00:00:00+00:00
[2022-07-30 21:55:43,217] {logging_mixin.py:115} INFO - [2022-07-30 21:55:43,217] {dag.py:2968} INFO - Setting next_dagrun for example_branch_datetime_operator_2 to 2022-07-29T00:00:00+00:00, run_after=2022-07-30T00:00:00+00:00
[2022-07-30 21:55:43,226] {processor.py:161} INFO - Processing /home/hp/miniconda3/envs/airflow_env/lib/python3.8/site-packages/airflow/example_dags/example_branch_datetime_operator.py took 0.036 seconds
[2022-07-30 21:56:24,399] {processor.py:153} INFO - Started process (PID=35540) to work on /home/hp/miniconda3/envs/airflow_env/lib/python3.8/site-packages/airflow/example_dags/example_branch_datetime_operator.py
[2022-07-30 21:56:24,400] {processor.py:641} INFO - Processing file /home/hp/miniconda3/envs/airflow_env/lib/python3.8/site-packages/airflow/example_dags/example_branch_datetime_operator.py for tasks to queue
[2022-07-30 21:56:24,400] {logging_mixin.py:115} INFO - [2022-07-30 21:56:24,400] {dagbag.py:508} INFO - Filling up the DagBag from /home/hp/miniconda3/envs/airflow_env/lib/python3.8/site-packages/airflow/example_dags/example_branch_datetime_operator.py
[2022-07-30 21:56:24,413] {processor.py:651} INFO - DAG(s) dict_keys(['example_branch_datetime_operator', 'example_branch_datetime_operator_2']) retrieved from /home/hp/miniconda3/envs/airflow_env/lib/python3.8/site-packages/airflow/example_dags/example_branch_datetime_operator.py
[2022-07-30 21:56:24,422] {logging_mixin.py:115} INFO - [2022-07-30 21:56:24,422] {dag.py:2420} INFO - Sync 2 DAGs
[2022-07-30 21:56:24,430] {logging_mixin.py:115} INFO - [2022-07-30 21:56:24,430] {dag.py:2968} INFO - Setting next_dagrun for example_branch_datetime_operator to 2022-07-29T00:00:00+00:00, run_after=2022-07-30T00:00:00+00:00
[2022-07-30 21:56:24,431] {logging_mixin.py:115} INFO - [2022-07-30 21:56:24,431] {dag.py:2968} INFO - Setting next_dagrun for example_branch_datetime_operator_2 to 2022-07-29T00:00:00+00:00, run_after=2022-07-30T00:00:00+00:00
[2022-07-30 21:56:24,439] {processor.py:161} INFO - Processing /home/hp/miniconda3/envs/airflow_env/lib/python3.8/site-packages/airflow/example_dags/example_branch_datetime_operator.py took 0.042 seconds
[2022-07-30 21:57:07,248] {processor.py:153} INFO - Started process (PID=35821) to work on /home/hp/miniconda3/envs/airflow_env/lib/python3.8/site-packages/airflow/example_dags/example_branch_datetime_operator.py
[2022-07-30 21:57:07,249] {processor.py:641} INFO - Processing file /home/hp/miniconda3/envs/airflow_env/lib/python3.8/site-packages/airflow/example_dags/example_branch_datetime_operator.py for tasks to queue
[2022-07-30 21:57:07,249] {logging_mixin.py:115} INFO - [2022-07-30 21:57:07,249] {dagbag.py:508} INFO - Filling up the DagBag from /home/hp/miniconda3/envs/airflow_env/lib/python3.8/site-packages/airflow/example_dags/example_branch_datetime_operator.py
[2022-07-30 21:57:07,260] {processor.py:651} INFO - DAG(s) dict_keys(['example_branch_datetime_operator', 'example_branch_datetime_operator_2']) retrieved from /home/hp/miniconda3/envs/airflow_env/lib/python3.8/site-packages/airflow/example_dags/example_branch_datetime_operator.py
[2022-07-30 21:57:07,268] {logging_mixin.py:115} INFO - [2022-07-30 21:57:07,268] {dag.py:2420} INFO - Sync 2 DAGs
[2022-07-30 21:57:07,277] {logging_mixin.py:115} INFO - [2022-07-30 21:57:07,277] {dag.py:2968} INFO - Setting next_dagrun for example_branch_datetime_operator to 2022-07-29T00:00:00+00:00, run_after=2022-07-30T00:00:00+00:00
[2022-07-30 21:57:07,278] {logging_mixin.py:115} INFO - [2022-07-30 21:57:07,278] {dag.py:2968} INFO - Setting next_dagrun for example_branch_datetime_operator_2 to 2022-07-29T00:00:00+00:00, run_after=2022-07-30T00:00:00+00:00
[2022-07-30 21:57:07,287] {processor.py:161} INFO - Processing /home/hp/miniconda3/envs/airflow_env/lib/python3.8/site-packages/airflow/example_dags/example_branch_datetime_operator.py took 0.043 seconds
[2022-07-30 21:57:49,415] {processor.py:153} INFO - Started process (PID=36215) to work on /home/hp/miniconda3/envs/airflow_env/lib/python3.8/site-packages/airflow/example_dags/example_branch_datetime_operator.py
[2022-07-30 21:57:49,417] {processor.py:641} INFO - Processing file /home/hp/miniconda3/envs/airflow_env/lib/python3.8/site-packages/airflow/example_dags/example_branch_datetime_operator.py for tasks to queue
[2022-07-30 21:57:49,417] {logging_mixin.py:115} INFO - [2022-07-30 21:57:49,417] {dagbag.py:508} INFO - Filling up the DagBag from /home/hp/miniconda3/envs/airflow_env/lib/python3.8/site-packages/airflow/example_dags/example_branch_datetime_operator.py
[2022-07-30 21:57:49,428] {processor.py:651} INFO - DAG(s) dict_keys(['example_branch_datetime_operator', 'example_branch_datetime_operator_2']) retrieved from /home/hp/miniconda3/envs/airflow_env/lib/python3.8/site-packages/airflow/example_dags/example_branch_datetime_operator.py
[2022-07-30 21:57:49,439] {logging_mixin.py:115} WARNING - /home/hp/miniconda3/envs/airflow_env/lib/python3.8/site-packages/airflow/models/dagbag.py:610 DeprecationWarning: DAG.full_filepath is deprecated in favour of fileloc
[2022-07-30 21:57:49,441] {logging_mixin.py:115} INFO - [2022-07-30 21:57:49,439] {dagbag.py:610} ERROR - Failed to write serialized DAG: /home/hp/miniconda3/envs/airflow_env/lib/python3.8/site-packages/airflow/example_dags/example_branch_datetime_operator.py
Traceback (most recent call last):
  File "/home/hp/miniconda3/envs/airflow_env/lib/python3.8/site-packages/airflow/models/dagbag.py", line 605, in _serialize_dag_capturing_errors
    self._sync_perm_for_dag(dag, session=session)
  File "/home/hp/miniconda3/envs/airflow_env/lib/python3.8/site-packages/airflow/utils/session.py", line 68, in wrapper
    return func(*args, **kwargs)
  File "/home/hp/miniconda3/envs/airflow_env/lib/python3.8/site-packages/airflow/models/dagbag.py", line 660, in _sync_perm_for_dag
    if dag.access_control or needs_perms(root_dag_id):
  File "/home/hp/miniconda3/envs/airflow_env/lib/python3.8/site-packages/airflow/models/dagbag.py", line 650, in needs_perms
    session.query(Permission)
  File "/home/hp/miniconda3/envs/airflow_env/lib/python3.8/site-packages/sqlalchemy/orm/session.py", line 2046, in query
    return self._query_cls(entities, self, **kwargs)
  File "/home/hp/miniconda3/envs/airflow_env/lib/python3.8/site-packages/sqlalchemy/orm/query.py", line 173, in __init__
    self._set_entities(entities)
  File "/home/hp/miniconda3/envs/airflow_env/lib/python3.8/site-packages/sqlalchemy/orm/query.py", line 180, in _set_entities
    self._raw_columns = [
  File "/home/hp/miniconda3/envs/airflow_env/lib/python3.8/site-packages/sqlalchemy/orm/query.py", line 181, in <listcomp>
    coercions.expect(
  File "/home/hp/miniconda3/envs/airflow_env/lib/python3.8/site-packages/sqlalchemy/sql/coercions.py", line 160, in expect
    insp._post_inspect
  File "/home/hp/miniconda3/envs/airflow_env/lib/python3.8/site-packages/sqlalchemy/util/langhelpers.py", line 1162, in __get__
    obj.__dict__[self.__name__] = result = self.fget(obj)
  File "/home/hp/miniconda3/envs/airflow_env/lib/python3.8/site-packages/sqlalchemy/orm/mapper.py", line 2097, in _post_inspect
    self._check_configure()
  File "/home/hp/miniconda3/envs/airflow_env/lib/python3.8/site-packages/sqlalchemy/orm/mapper.py", line 1874, in _check_configure
    _configure_registries({self.registry}, cascade=True)
  File "/home/hp/miniconda3/envs/airflow_env/lib/python3.8/site-packages/sqlalchemy/orm/mapper.py", line 3381, in _configure_registries
    _do_configure_registries(registries, cascade)
  File "/home/hp/miniconda3/envs/airflow_env/lib/python3.8/site-packages/sqlalchemy/orm/mapper.py", line 3420, in _do_configure_registries
    mapper._post_configure_properties()
  File "/home/hp/miniconda3/envs/airflow_env/lib/python3.8/site-packages/sqlalchemy/orm/mapper.py", line 1891, in _post_configure_properties
    prop.init()
  File "/home/hp/miniconda3/envs/airflow_env/lib/python3.8/site-packages/sqlalchemy/orm/interfaces.py", line 227, in init
    self.do_init()
  File "/home/hp/miniconda3/envs/airflow_env/lib/python3.8/site-packages/sqlalchemy/orm/relationships.py", line 2133, in do_init
    self._setup_join_conditions()
  File "/home/hp/miniconda3/envs/airflow_env/lib/python3.8/site-packages/sqlalchemy/orm/relationships.py", line 2229, in _setup_join_conditions
    self._join_condition = jc = JoinCondition(
  File "/home/hp/miniconda3/envs/airflow_env/lib/python3.8/site-packages/sqlalchemy/orm/relationships.py", line 2624, in __init__
    self._determine_joins()
  File "/home/hp/miniconda3/envs/airflow_env/lib/python3.8/site-packages/sqlalchemy/orm/relationships.py", line 2720, in _determine_joins
    self.secondaryjoin = join_condition(
  File "<string>", line 2, in join_condition
  File "/home/hp/miniconda3/envs/airflow_env/lib/python3.8/site-packages/sqlalchemy/sql/selectable.py", line 1186, in _join_condition
    constraints = cls._joincond_scan_left_right(
  File "/home/hp/miniconda3/envs/airflow_env/lib/python3.8/site-packages/sqlalchemy/sql/selectable.py", line 1255, in _joincond_scan_left_right
    col = fk.get_referent(left)
  File "/home/hp/miniconda3/envs/airflow_env/lib/python3.8/site-packages/sqlalchemy/sql/schema.py", line 2232, in get_referent
    return table.corresponding_column(self.column)
  File "/home/hp/miniconda3/envs/airflow_env/lib/python3.8/site-packages/sqlalchemy/util/langhelpers.py", line 1095, in __get__
    obj.__dict__[self.__name__] = result = self.fget(obj)
  File "/home/hp/miniconda3/envs/airflow_env/lib/python3.8/site-packages/sqlalchemy/sql/schema.py", line 2373, in column
    raise exc.NoReferencedTableError(
sqlalchemy.exc.NoReferencedTableError: Foreign key associated with column 'ab_permission_view_role.permission_view_id' could not find table 'ab_permission_view' with which to generate a foreign key to target column 'id'
[2022-07-30 21:57:49,443] {logging_mixin.py:115} INFO - [2022-07-30 21:57:49,443] {dagbag.py:610} ERROR - Failed to write serialized DAG: /home/hp/miniconda3/envs/airflow_env/lib/python3.8/site-packages/airflow/example_dags/example_branch_datetime_operator.py
Traceback (most recent call last):
  File "/home/hp/miniconda3/envs/airflow_env/lib/python3.8/site-packages/airflow/models/dagbag.py", line 605, in _serialize_dag_capturing_errors
    self._sync_perm_for_dag(dag, session=session)
  File "/home/hp/miniconda3/envs/airflow_env/lib/python3.8/site-packages/airflow/utils/session.py", line 68, in wrapper
    return func(*args, **kwargs)
  File "/home/hp/miniconda3/envs/airflow_env/lib/python3.8/site-packages/airflow/models/dagbag.py", line 660, in _sync_perm_for_dag
    if dag.access_control or needs_perms(root_dag_id):
  File "/home/hp/miniconda3/envs/airflow_env/lib/python3.8/site-packages/airflow/models/dagbag.py", line 650, in needs_perms
    session.query(Permission)
  File "/home/hp/miniconda3/envs/airflow_env/lib/python3.8/site-packages/sqlalchemy/orm/session.py", line 2046, in query
    return self._query_cls(entities, self, **kwargs)
  File "/home/hp/miniconda3/envs/airflow_env/lib/python3.8/site-packages/sqlalchemy/orm/query.py", line 173, in __init__
    self._set_entities(entities)
  File "/home/hp/miniconda3/envs/airflow_env/lib/python3.8/site-packages/sqlalchemy/orm/query.py", line 180, in _set_entities
    self._raw_columns = [
  File "/home/hp/miniconda3/envs/airflow_env/lib/python3.8/site-packages/sqlalchemy/orm/query.py", line 181, in <listcomp>
    coercions.expect(
  File "/home/hp/miniconda3/envs/airflow_env/lib/python3.8/site-packages/sqlalchemy/sql/coercions.py", line 160, in expect
    insp._post_inspect
  File "/home/hp/miniconda3/envs/airflow_env/lib/python3.8/site-packages/sqlalchemy/util/langhelpers.py", line 1162, in __get__
    obj.__dict__[self.__name__] = result = self.fget(obj)
  File "/home/hp/miniconda3/envs/airflow_env/lib/python3.8/site-packages/sqlalchemy/orm/mapper.py", line 2097, in _post_inspect
    self._check_configure()
  File "/home/hp/miniconda3/envs/airflow_env/lib/python3.8/site-packages/sqlalchemy/orm/mapper.py", line 1874, in _check_configure
    _configure_registries({self.registry}, cascade=True)
  File "/home/hp/miniconda3/envs/airflow_env/lib/python3.8/site-packages/sqlalchemy/orm/mapper.py", line 3381, in _configure_registries
    _do_configure_registries(registries, cascade)
  File "/home/hp/miniconda3/envs/airflow_env/lib/python3.8/site-packages/sqlalchemy/orm/mapper.py", line 3416, in _do_configure_registries
    raise e
sqlalchemy.exc.InvalidRequestError: One or more mappers failed to initialize - can't proceed with initialization of other mappers. Triggering mapper: 'mapped class Role->ab_role'. Original exception was: Foreign key associated with column 'ab_permission_view_role.permission_view_id' could not find table 'ab_permission_view' with which to generate a foreign key to target column 'id'
[2022-07-30 21:57:49,443] {logging_mixin.py:115} INFO - [2022-07-30 21:57:49,443] {dag.py:2420} INFO - Sync 2 DAGs
[2022-07-30 21:57:49,451] {logging_mixin.py:115} INFO - [2022-07-30 21:57:49,451] {dag.py:2968} INFO - Setting next_dagrun for example_branch_datetime_operator to 2022-07-29T00:00:00+00:00, run_after=2022-07-30T00:00:00+00:00
[2022-07-30 21:57:49,452] {logging_mixin.py:115} INFO - [2022-07-30 21:57:49,452] {dag.py:2968} INFO - Setting next_dagrun for example_branch_datetime_operator_2 to 2022-07-29T00:00:00+00:00, run_after=2022-07-30T00:00:00+00:00
[2022-07-30 21:57:49,469] {processor.py:161} INFO - Processing /home/hp/miniconda3/envs/airflow_env/lib/python3.8/site-packages/airflow/example_dags/example_branch_datetime_operator.py took 0.057 seconds
[2022-07-30 21:58:55,107] {processor.py:153} INFO - Started process (PID=36903) to work on /home/hp/miniconda3/envs/airflow_env/lib/python3.8/site-packages/airflow/example_dags/example_branch_datetime_operator.py
[2022-07-30 21:58:55,108] {processor.py:641} INFO - Processing file /home/hp/miniconda3/envs/airflow_env/lib/python3.8/site-packages/airflow/example_dags/example_branch_datetime_operator.py for tasks to queue
[2022-07-30 21:58:55,109] {logging_mixin.py:115} INFO - [2022-07-30 21:58:55,109] {dagbag.py:508} INFO - Filling up the DagBag from /home/hp/miniconda3/envs/airflow_env/lib/python3.8/site-packages/airflow/example_dags/example_branch_datetime_operator.py
[2022-07-30 21:58:55,114] {processor.py:651} INFO - DAG(s) dict_keys(['example_branch_datetime_operator', 'example_branch_datetime_operator_2']) retrieved from /home/hp/miniconda3/envs/airflow_env/lib/python3.8/site-packages/airflow/example_dags/example_branch_datetime_operator.py
[2022-07-30 21:58:55,128] {logging_mixin.py:115} INFO - [2022-07-30 21:58:55,128] {dag.py:2420} INFO - Sync 2 DAGs
[2022-07-30 21:58:55,138] {logging_mixin.py:115} INFO - [2022-07-30 21:58:55,138] {dag.py:2968} INFO - Setting next_dagrun for example_branch_datetime_operator to 2022-07-29T00:00:00+00:00, run_after=2022-07-30T00:00:00+00:00
[2022-07-30 21:58:55,139] {logging_mixin.py:115} INFO - [2022-07-30 21:58:55,139] {dag.py:2968} INFO - Setting next_dagrun for example_branch_datetime_operator_2 to 2022-07-29T00:00:00+00:00, run_after=2022-07-30T00:00:00+00:00
[2022-07-30 21:58:55,154] {processor.py:161} INFO - Processing /home/hp/miniconda3/envs/airflow_env/lib/python3.8/site-packages/airflow/example_dags/example_branch_datetime_operator.py took 0.049 seconds
[2022-07-30 21:59:36,466] {processor.py:153} INFO - Started process (PID=37177) to work on /home/hp/miniconda3/envs/airflow_env/lib/python3.8/site-packages/airflow/example_dags/example_branch_datetime_operator.py
[2022-07-30 21:59:36,467] {processor.py:641} INFO - Processing file /home/hp/miniconda3/envs/airflow_env/lib/python3.8/site-packages/airflow/example_dags/example_branch_datetime_operator.py for tasks to queue
[2022-07-30 21:59:36,467] {logging_mixin.py:115} INFO - [2022-07-30 21:59:36,467] {dagbag.py:508} INFO - Filling up the DagBag from /home/hp/miniconda3/envs/airflow_env/lib/python3.8/site-packages/airflow/example_dags/example_branch_datetime_operator.py
[2022-07-30 21:59:36,473] {processor.py:651} INFO - DAG(s) dict_keys(['example_branch_datetime_operator', 'example_branch_datetime_operator_2']) retrieved from /home/hp/miniconda3/envs/airflow_env/lib/python3.8/site-packages/airflow/example_dags/example_branch_datetime_operator.py
[2022-07-30 21:59:36,485] {logging_mixin.py:115} INFO - [2022-07-30 21:59:36,485] {dag.py:2420} INFO - Sync 2 DAGs
[2022-07-30 21:59:36,497] {logging_mixin.py:115} INFO - [2022-07-30 21:59:36,497] {dag.py:2968} INFO - Setting next_dagrun for example_branch_datetime_operator to 2022-07-29T00:00:00+00:00, run_after=2022-07-30T00:00:00+00:00
[2022-07-30 21:59:36,498] {logging_mixin.py:115} INFO - [2022-07-30 21:59:36,498] {dag.py:2968} INFO - Setting next_dagrun for example_branch_datetime_operator_2 to 2022-07-29T00:00:00+00:00, run_after=2022-07-30T00:00:00+00:00
[2022-07-30 21:59:36,508] {processor.py:161} INFO - Processing /home/hp/miniconda3/envs/airflow_env/lib/python3.8/site-packages/airflow/example_dags/example_branch_datetime_operator.py took 0.045 seconds
[2022-07-30 22:00:11,035] {processor.py:153} INFO - Started process (PID=37415) to work on /home/hp/miniconda3/envs/airflow_env/lib/python3.8/site-packages/airflow/example_dags/example_branch_datetime_operator.py
[2022-07-30 22:00:11,035] {processor.py:641} INFO - Processing file /home/hp/miniconda3/envs/airflow_env/lib/python3.8/site-packages/airflow/example_dags/example_branch_datetime_operator.py for tasks to queue
[2022-07-30 22:00:11,035] {logging_mixin.py:115} INFO - [2022-07-30 22:00:11,035] {dagbag.py:508} INFO - Filling up the DagBag from /home/hp/miniconda3/envs/airflow_env/lib/python3.8/site-packages/airflow/example_dags/example_branch_datetime_operator.py
[2022-07-30 22:00:11,041] {processor.py:651} INFO - DAG(s) dict_keys(['example_branch_datetime_operator', 'example_branch_datetime_operator_2']) retrieved from /home/hp/miniconda3/envs/airflow_env/lib/python3.8/site-packages/airflow/example_dags/example_branch_datetime_operator.py
[2022-07-30 22:00:11,052] {logging_mixin.py:115} INFO - [2022-07-30 22:00:11,052] {dag.py:2420} INFO - Sync 2 DAGs
[2022-07-30 22:00:11,060] {logging_mixin.py:115} INFO - [2022-07-30 22:00:11,060] {dag.py:2968} INFO - Setting next_dagrun for example_branch_datetime_operator to 2022-07-29T00:00:00+00:00, run_after=2022-07-30T00:00:00+00:00
[2022-07-30 22:00:11,061] {logging_mixin.py:115} INFO - [2022-07-30 22:00:11,061] {dag.py:2968} INFO - Setting next_dagrun for example_branch_datetime_operator_2 to 2022-07-29T00:00:00+00:00, run_after=2022-07-30T00:00:00+00:00
[2022-07-30 22:00:11,070] {processor.py:161} INFO - Processing /home/hp/miniconda3/envs/airflow_env/lib/python3.8/site-packages/airflow/example_dags/example_branch_datetime_operator.py took 0.036 seconds
[2022-07-30 22:00:47,103] {processor.py:153} INFO - Started process (PID=37733) to work on /home/hp/miniconda3/envs/airflow_env/lib/python3.8/site-packages/airflow/example_dags/example_branch_datetime_operator.py
[2022-07-30 22:00:47,104] {processor.py:641} INFO - Processing file /home/hp/miniconda3/envs/airflow_env/lib/python3.8/site-packages/airflow/example_dags/example_branch_datetime_operator.py for tasks to queue
[2022-07-30 22:00:47,104] {logging_mixin.py:115} INFO - [2022-07-30 22:00:47,104] {dagbag.py:508} INFO - Filling up the DagBag from /home/hp/miniconda3/envs/airflow_env/lib/python3.8/site-packages/airflow/example_dags/example_branch_datetime_operator.py
[2022-07-30 22:00:47,108] {processor.py:651} INFO - DAG(s) dict_keys(['example_branch_datetime_operator', 'example_branch_datetime_operator_2']) retrieved from /home/hp/miniconda3/envs/airflow_env/lib/python3.8/site-packages/airflow/example_dags/example_branch_datetime_operator.py
[2022-07-30 22:00:47,118] {logging_mixin.py:115} INFO - [2022-07-30 22:00:47,118] {dag.py:2420} INFO - Sync 2 DAGs
[2022-07-30 22:00:47,128] {logging_mixin.py:115} INFO - [2022-07-30 22:00:47,128] {dag.py:2968} INFO - Setting next_dagrun for example_branch_datetime_operator to 2022-07-29T00:00:00+00:00, run_after=2022-07-30T00:00:00+00:00
[2022-07-30 22:00:47,129] {logging_mixin.py:115} INFO - [2022-07-30 22:00:47,129] {dag.py:2968} INFO - Setting next_dagrun for example_branch_datetime_operator_2 to 2022-07-29T00:00:00+00:00, run_after=2022-07-30T00:00:00+00:00
[2022-07-30 22:00:47,137] {processor.py:161} INFO - Processing /home/hp/miniconda3/envs/airflow_env/lib/python3.8/site-packages/airflow/example_dags/example_branch_datetime_operator.py took 0.035 seconds
[2022-07-30 22:01:20,847] {processor.py:153} INFO - Started process (PID=38038) to work on /home/hp/miniconda3/envs/airflow_env/lib/python3.8/site-packages/airflow/example_dags/example_branch_datetime_operator.py
[2022-07-30 22:01:20,847] {processor.py:641} INFO - Processing file /home/hp/miniconda3/envs/airflow_env/lib/python3.8/site-packages/airflow/example_dags/example_branch_datetime_operator.py for tasks to queue
[2022-07-30 22:01:20,848] {logging_mixin.py:115} INFO - [2022-07-30 22:01:20,848] {dagbag.py:508} INFO - Filling up the DagBag from /home/hp/miniconda3/envs/airflow_env/lib/python3.8/site-packages/airflow/example_dags/example_branch_datetime_operator.py
[2022-07-30 22:01:20,855] {processor.py:651} INFO - DAG(s) dict_keys(['example_branch_datetime_operator', 'example_branch_datetime_operator_2']) retrieved from /home/hp/miniconda3/envs/airflow_env/lib/python3.8/site-packages/airflow/example_dags/example_branch_datetime_operator.py
[2022-07-30 22:01:20,865] {logging_mixin.py:115} INFO - [2022-07-30 22:01:20,865] {dag.py:2420} INFO - Sync 2 DAGs
[2022-07-30 22:01:20,874] {logging_mixin.py:115} INFO - [2022-07-30 22:01:20,874] {dag.py:2968} INFO - Setting next_dagrun for example_branch_datetime_operator to 2022-07-29T00:00:00+00:00, run_after=2022-07-30T00:00:00+00:00
[2022-07-30 22:01:20,875] {logging_mixin.py:115} INFO - [2022-07-30 22:01:20,875] {dag.py:2968} INFO - Setting next_dagrun for example_branch_datetime_operator_2 to 2022-07-29T00:00:00+00:00, run_after=2022-07-30T00:00:00+00:00
[2022-07-30 22:01:20,884] {processor.py:161} INFO - Processing /home/hp/miniconda3/envs/airflow_env/lib/python3.8/site-packages/airflow/example_dags/example_branch_datetime_operator.py took 0.040 seconds
[2022-07-30 22:02:00,556] {processor.py:153} INFO - Started process (PID=38387) to work on /home/hp/miniconda3/envs/airflow_env/lib/python3.8/site-packages/airflow/example_dags/example_branch_datetime_operator.py
[2022-07-30 22:02:00,557] {processor.py:641} INFO - Processing file /home/hp/miniconda3/envs/airflow_env/lib/python3.8/site-packages/airflow/example_dags/example_branch_datetime_operator.py for tasks to queue
[2022-07-30 22:02:00,558] {logging_mixin.py:115} INFO - [2022-07-30 22:02:00,558] {dagbag.py:508} INFO - Filling up the DagBag from /home/hp/miniconda3/envs/airflow_env/lib/python3.8/site-packages/airflow/example_dags/example_branch_datetime_operator.py
[2022-07-30 22:02:00,563] {processor.py:651} INFO - DAG(s) dict_keys(['example_branch_datetime_operator', 'example_branch_datetime_operator_2']) retrieved from /home/hp/miniconda3/envs/airflow_env/lib/python3.8/site-packages/airflow/example_dags/example_branch_datetime_operator.py
[2022-07-30 22:02:00,574] {logging_mixin.py:115} INFO - [2022-07-30 22:02:00,574] {dag.py:2420} INFO - Sync 2 DAGs
[2022-07-30 22:02:00,583] {logging_mixin.py:115} INFO - [2022-07-30 22:02:00,583] {dag.py:2968} INFO - Setting next_dagrun for example_branch_datetime_operator to 2022-07-29T00:00:00+00:00, run_after=2022-07-30T00:00:00+00:00
[2022-07-30 22:02:00,584] {logging_mixin.py:115} INFO - [2022-07-30 22:02:00,584] {dag.py:2968} INFO - Setting next_dagrun for example_branch_datetime_operator_2 to 2022-07-29T00:00:00+00:00, run_after=2022-07-30T00:00:00+00:00
[2022-07-30 22:02:00,593] {processor.py:161} INFO - Processing /home/hp/miniconda3/envs/airflow_env/lib/python3.8/site-packages/airflow/example_dags/example_branch_datetime_operator.py took 0.041 seconds
[2022-07-30 22:02:38,268] {processor.py:153} INFO - Started process (PID=38787) to work on /home/hp/miniconda3/envs/airflow_env/lib/python3.8/site-packages/airflow/example_dags/example_branch_datetime_operator.py
[2022-07-30 22:02:38,269] {processor.py:641} INFO - Processing file /home/hp/miniconda3/envs/airflow_env/lib/python3.8/site-packages/airflow/example_dags/example_branch_datetime_operator.py for tasks to queue
[2022-07-30 22:02:38,269] {logging_mixin.py:115} INFO - [2022-07-30 22:02:38,269] {dagbag.py:508} INFO - Filling up the DagBag from /home/hp/miniconda3/envs/airflow_env/lib/python3.8/site-packages/airflow/example_dags/example_branch_datetime_operator.py
[2022-07-30 22:02:38,275] {processor.py:651} INFO - DAG(s) dict_keys(['example_branch_datetime_operator', 'example_branch_datetime_operator_2']) retrieved from /home/hp/miniconda3/envs/airflow_env/lib/python3.8/site-packages/airflow/example_dags/example_branch_datetime_operator.py
[2022-07-30 22:02:38,286] {logging_mixin.py:115} INFO - [2022-07-30 22:02:38,286] {dag.py:2420} INFO - Sync 2 DAGs
[2022-07-30 22:02:38,294] {logging_mixin.py:115} INFO - [2022-07-30 22:02:38,294] {dag.py:2968} INFO - Setting next_dagrun for example_branch_datetime_operator to 2022-07-29T00:00:00+00:00, run_after=2022-07-30T00:00:00+00:00
[2022-07-30 22:02:38,295] {logging_mixin.py:115} INFO - [2022-07-30 22:02:38,295] {dag.py:2968} INFO - Setting next_dagrun for example_branch_datetime_operator_2 to 2022-07-29T00:00:00+00:00, run_after=2022-07-30T00:00:00+00:00
[2022-07-30 22:02:38,305] {processor.py:161} INFO - Processing /home/hp/miniconda3/envs/airflow_env/lib/python3.8/site-packages/airflow/example_dags/example_branch_datetime_operator.py took 0.038 seconds
[2022-07-30 22:03:13,509] {processor.py:153} INFO - Started process (PID=39009) to work on /home/hp/miniconda3/envs/airflow_env/lib/python3.8/site-packages/airflow/example_dags/example_branch_datetime_operator.py
[2022-07-30 22:03:13,510] {processor.py:641} INFO - Processing file /home/hp/miniconda3/envs/airflow_env/lib/python3.8/site-packages/airflow/example_dags/example_branch_datetime_operator.py for tasks to queue
[2022-07-30 22:03:13,510] {logging_mixin.py:115} INFO - [2022-07-30 22:03:13,510] {dagbag.py:508} INFO - Filling up the DagBag from /home/hp/miniconda3/envs/airflow_env/lib/python3.8/site-packages/airflow/example_dags/example_branch_datetime_operator.py
[2022-07-30 22:03:13,515] {processor.py:651} INFO - DAG(s) dict_keys(['example_branch_datetime_operator', 'example_branch_datetime_operator_2']) retrieved from /home/hp/miniconda3/envs/airflow_env/lib/python3.8/site-packages/airflow/example_dags/example_branch_datetime_operator.py
[2022-07-30 22:03:13,525] {logging_mixin.py:115} INFO - [2022-07-30 22:03:13,525] {dag.py:2420} INFO - Sync 2 DAGs
[2022-07-30 22:03:13,534] {logging_mixin.py:115} INFO - [2022-07-30 22:03:13,534] {dag.py:2968} INFO - Setting next_dagrun for example_branch_datetime_operator to 2022-07-29T00:00:00+00:00, run_after=2022-07-30T00:00:00+00:00
[2022-07-30 22:03:13,535] {logging_mixin.py:115} INFO - [2022-07-30 22:03:13,535] {dag.py:2968} INFO - Setting next_dagrun for example_branch_datetime_operator_2 to 2022-07-29T00:00:00+00:00, run_after=2022-07-30T00:00:00+00:00
[2022-07-30 22:03:13,543] {processor.py:161} INFO - Processing /home/hp/miniconda3/envs/airflow_env/lib/python3.8/site-packages/airflow/example_dags/example_branch_datetime_operator.py took 0.036 seconds
                                                                                                                                                                                                                                                                                                                                                                                                                                                                                                                                                                                                                                                                                                                                                                                                                                                                                                                                                                                                                                                                                                                                                                                                                                                                                                                                                                      [2022-07-30 23:14:49,716] {processor.py:153} INFO - Started process (PID=5623) to work on /home/hp/miniconda3/envs/checker/lib/python3.8/site-packages/airflow/example_dags/example_branch_datetime_operator.py
[2022-07-30 23:14:49,716] {processor.py:641} INFO - Processing file /home/hp/miniconda3/envs/checker/lib/python3.8/site-packages/airflow/example_dags/example_branch_datetime_operator.py for tasks to queue
[2022-07-30 23:14:49,717] {logging_mixin.py:115} INFO - [2022-07-30 23:14:49,717] {dagbag.py:508} INFO - Filling up the DagBag from /home/hp/miniconda3/envs/checker/lib/python3.8/site-packages/airflow/example_dags/example_branch_datetime_operator.py
[2022-07-30 23:14:49,721] {processor.py:651} INFO - DAG(s) dict_keys(['example_branch_datetime_operator', 'example_branch_datetime_operator_2']) retrieved from /home/hp/miniconda3/envs/checker/lib/python3.8/site-packages/airflow/example_dags/example_branch_datetime_operator.py
[2022-07-30 23:14:49,751] {logging_mixin.py:115} INFO - [2022-07-30 23:14:49,751] {dag.py:2420} INFO - Sync 2 DAGs
[2022-07-30 23:14:49,759] {logging_mixin.py:115} INFO - [2022-07-30 23:14:49,759] {dag.py:2968} INFO - Setting next_dagrun for example_branch_datetime_operator to 2022-07-29T00:00:00+00:00, run_after=2022-07-30T00:00:00+00:00
[2022-07-30 23:14:49,760] {logging_mixin.py:115} INFO - [2022-07-30 23:14:49,760] {dag.py:2968} INFO - Setting next_dagrun for example_branch_datetime_operator_2 to 2022-07-29T00:00:00+00:00, run_after=2022-07-30T00:00:00+00:00
[2022-07-30 23:14:49,771] {processor.py:161} INFO - Processing /home/hp/miniconda3/envs/checker/lib/python3.8/site-packages/airflow/example_dags/example_branch_datetime_operator.py took 0.057 seconds
[2022-07-30 23:15:26,860] {processor.py:153} INFO - Started process (PID=6602) to work on /home/hp/miniconda3/envs/checker/lib/python3.8/site-packages/airflow/example_dags/example_branch_datetime_operator.py
[2022-07-30 23:15:26,860] {processor.py:641} INFO - Processing file /home/hp/miniconda3/envs/checker/lib/python3.8/site-packages/airflow/example_dags/example_branch_datetime_operator.py for tasks to queue
[2022-07-30 23:15:26,860] {logging_mixin.py:115} INFO - [2022-07-30 23:15:26,860] {dagbag.py:508} INFO - Filling up the DagBag from /home/hp/miniconda3/envs/checker/lib/python3.8/site-packages/airflow/example_dags/example_branch_datetime_operator.py
[2022-07-30 23:15:26,874] {processor.py:651} INFO - DAG(s) dict_keys(['example_branch_datetime_operator', 'example_branch_datetime_operator_2']) retrieved from /home/hp/miniconda3/envs/checker/lib/python3.8/site-packages/airflow/example_dags/example_branch_datetime_operator.py
[2022-07-30 23:15:26,909] {logging_mixin.py:115} INFO - [2022-07-30 23:15:26,909] {dag.py:2420} INFO - Sync 2 DAGs
[2022-07-30 23:15:26,938] {logging_mixin.py:115} INFO - [2022-07-30 23:15:26,938] {dag.py:2968} INFO - Setting next_dagrun for example_branch_datetime_operator to 2022-07-29T00:00:00+00:00, run_after=2022-07-30T00:00:00+00:00
[2022-07-30 23:15:26,940] {logging_mixin.py:115} INFO - [2022-07-30 23:15:26,939] {dag.py:2968} INFO - Setting next_dagrun for example_branch_datetime_operator_2 to 2022-07-29T00:00:00+00:00, run_after=2022-07-30T00:00:00+00:00
[2022-07-30 23:15:26,960] {processor.py:161} INFO - Processing /home/hp/miniconda3/envs/checker/lib/python3.8/site-packages/airflow/example_dags/example_branch_datetime_operator.py took 0.102 seconds
[2022-07-30 23:16:04,180] {processor.py:153} INFO - Started process (PID=6999) to work on /home/hp/miniconda3/envs/checker/lib/python3.8/site-packages/airflow/example_dags/example_branch_datetime_operator.py
[2022-07-30 23:16:04,181] {processor.py:641} INFO - Processing file /home/hp/miniconda3/envs/checker/lib/python3.8/site-packages/airflow/example_dags/example_branch_datetime_operator.py for tasks to queue
[2022-07-30 23:16:04,181] {logging_mixin.py:115} INFO - [2022-07-30 23:16:04,181] {dagbag.py:508} INFO - Filling up the DagBag from /home/hp/miniconda3/envs/checker/lib/python3.8/site-packages/airflow/example_dags/example_branch_datetime_operator.py
[2022-07-30 23:16:04,192] {processor.py:651} INFO - DAG(s) dict_keys(['example_branch_datetime_operator', 'example_branch_datetime_operator_2']) retrieved from /home/hp/miniconda3/envs/checker/lib/python3.8/site-packages/airflow/example_dags/example_branch_datetime_operator.py
[2022-07-30 23:16:04,203] {logging_mixin.py:115} INFO - [2022-07-30 23:16:04,202] {dag.py:2420} INFO - Sync 2 DAGs
[2022-07-30 23:16:04,211] {logging_mixin.py:115} INFO - [2022-07-30 23:16:04,211] {dag.py:2968} INFO - Setting next_dagrun for example_branch_datetime_operator to 2022-07-29T00:00:00+00:00, run_after=2022-07-30T00:00:00+00:00
[2022-07-30 23:16:04,212] {logging_mixin.py:115} INFO - [2022-07-30 23:16:04,212] {dag.py:2968} INFO - Setting next_dagrun for example_branch_datetime_operator_2 to 2022-07-29T00:00:00+00:00, run_after=2022-07-30T00:00:00+00:00
[2022-07-30 23:16:04,223] {processor.py:161} INFO - Processing /home/hp/miniconda3/envs/checker/lib/python3.8/site-packages/airflow/example_dags/example_branch_datetime_operator.py took 0.045 seconds
[2022-07-30 23:16:41,781] {processor.py:153} INFO - Started process (PID=7337) to work on /home/hp/miniconda3/envs/checker/lib/python3.8/site-packages/airflow/example_dags/example_branch_datetime_operator.py
[2022-07-30 23:16:41,781] {processor.py:641} INFO - Processing file /home/hp/miniconda3/envs/checker/lib/python3.8/site-packages/airflow/example_dags/example_branch_datetime_operator.py for tasks to queue
[2022-07-30 23:16:41,782] {logging_mixin.py:115} INFO - [2022-07-30 23:16:41,782] {dagbag.py:508} INFO - Filling up the DagBag from /home/hp/miniconda3/envs/checker/lib/python3.8/site-packages/airflow/example_dags/example_branch_datetime_operator.py
[2022-07-30 23:16:41,789] {processor.py:651} INFO - DAG(s) dict_keys(['example_branch_datetime_operator', 'example_branch_datetime_operator_2']) retrieved from /home/hp/miniconda3/envs/checker/lib/python3.8/site-packages/airflow/example_dags/example_branch_datetime_operator.py
[2022-07-30 23:16:41,799] {logging_mixin.py:115} INFO - [2022-07-30 23:16:41,799] {dag.py:2420} INFO - Sync 2 DAGs
[2022-07-30 23:16:41,810] {logging_mixin.py:115} INFO - [2022-07-30 23:16:41,810] {dag.py:2968} INFO - Setting next_dagrun for example_branch_datetime_operator to 2022-07-29T00:00:00+00:00, run_after=2022-07-30T00:00:00+00:00
[2022-07-30 23:16:41,811] {logging_mixin.py:115} INFO - [2022-07-30 23:16:41,811] {dag.py:2968} INFO - Setting next_dagrun for example_branch_datetime_operator_2 to 2022-07-29T00:00:00+00:00, run_after=2022-07-30T00:00:00+00:00
[2022-07-30 23:16:41,821] {processor.py:161} INFO - Processing /home/hp/miniconda3/envs/checker/lib/python3.8/site-packages/airflow/example_dags/example_branch_datetime_operator.py took 0.043 seconds
[2022-07-30 23:17:16,167] {processor.py:153} INFO - Started process (PID=7501) to work on /home/hp/miniconda3/envs/checker/lib/python3.8/site-packages/airflow/example_dags/example_branch_datetime_operator.py
[2022-07-30 23:17:16,168] {processor.py:641} INFO - Processing file /home/hp/miniconda3/envs/checker/lib/python3.8/site-packages/airflow/example_dags/example_branch_datetime_operator.py for tasks to queue
[2022-07-30 23:17:16,168] {logging_mixin.py:115} INFO - [2022-07-30 23:17:16,168] {dagbag.py:508} INFO - Filling up the DagBag from /home/hp/miniconda3/envs/checker/lib/python3.8/site-packages/airflow/example_dags/example_branch_datetime_operator.py
[2022-07-30 23:17:16,178] {processor.py:651} INFO - DAG(s) dict_keys(['example_branch_datetime_operator', 'example_branch_datetime_operator_2']) retrieved from /home/hp/miniconda3/envs/checker/lib/python3.8/site-packages/airflow/example_dags/example_branch_datetime_operator.py
[2022-07-30 23:17:16,187] {logging_mixin.py:115} INFO - [2022-07-30 23:17:16,187] {dag.py:2420} INFO - Sync 2 DAGs
[2022-07-30 23:17:16,196] {logging_mixin.py:115} INFO - [2022-07-30 23:17:16,196] {dag.py:2968} INFO - Setting next_dagrun for example_branch_datetime_operator to 2022-07-29T00:00:00+00:00, run_after=2022-07-30T00:00:00+00:00
[2022-07-30 23:17:16,197] {logging_mixin.py:115} INFO - [2022-07-30 23:17:16,197] {dag.py:2968} INFO - Setting next_dagrun for example_branch_datetime_operator_2 to 2022-07-29T00:00:00+00:00, run_after=2022-07-30T00:00:00+00:00
[2022-07-30 23:17:16,206] {processor.py:161} INFO - Processing /home/hp/miniconda3/envs/checker/lib/python3.8/site-packages/airflow/example_dags/example_branch_datetime_operator.py took 0.043 seconds
[2022-07-30 23:17:54,938] {processor.py:153} INFO - Started process (PID=7844) to work on /home/hp/miniconda3/envs/checker/lib/python3.8/site-packages/airflow/example_dags/example_branch_datetime_operator.py
[2022-07-30 23:17:54,939] {processor.py:641} INFO - Processing file /home/hp/miniconda3/envs/checker/lib/python3.8/site-packages/airflow/example_dags/example_branch_datetime_operator.py for tasks to queue
[2022-07-30 23:17:54,940] {logging_mixin.py:115} INFO - [2022-07-30 23:17:54,939] {dagbag.py:508} INFO - Filling up the DagBag from /home/hp/miniconda3/envs/checker/lib/python3.8/site-packages/airflow/example_dags/example_branch_datetime_operator.py
[2022-07-30 23:17:54,944] {processor.py:651} INFO - DAG(s) dict_keys(['example_branch_datetime_operator', 'example_branch_datetime_operator_2']) retrieved from /home/hp/miniconda3/envs/checker/lib/python3.8/site-packages/airflow/example_dags/example_branch_datetime_operator.py
[2022-07-30 23:17:54,957] {logging_mixin.py:115} INFO - [2022-07-30 23:17:54,957] {dag.py:2420} INFO - Sync 2 DAGs
[2022-07-30 23:17:54,967] {logging_mixin.py:115} INFO - [2022-07-30 23:17:54,967] {dag.py:2968} INFO - Setting next_dagrun for example_branch_datetime_operator to 2022-07-29T00:00:00+00:00, run_after=2022-07-30T00:00:00+00:00
[2022-07-30 23:17:54,967] {logging_mixin.py:115} INFO - [2022-07-30 23:17:54,967] {dag.py:2968} INFO - Setting next_dagrun for example_branch_datetime_operator_2 to 2022-07-29T00:00:00+00:00, run_after=2022-07-30T00:00:00+00:00
[2022-07-30 23:17:54,977] {processor.py:161} INFO - Processing /home/hp/miniconda3/envs/checker/lib/python3.8/site-packages/airflow/example_dags/example_branch_datetime_operator.py took 0.041 seconds
[2022-07-30 23:20:28,975] {processor.py:153} INFO - Started process (PID=8969) to work on /home/hp/miniconda3/envs/checker/lib/python3.8/site-packages/airflow/example_dags/example_branch_datetime_operator.py
[2022-07-30 23:20:28,976] {processor.py:641} INFO - Processing file /home/hp/miniconda3/envs/checker/lib/python3.8/site-packages/airflow/example_dags/example_branch_datetime_operator.py for tasks to queue
[2022-07-30 23:20:28,977] {logging_mixin.py:115} INFO - [2022-07-30 23:20:28,977] {dagbag.py:508} INFO - Filling up the DagBag from /home/hp/miniconda3/envs/checker/lib/python3.8/site-packages/airflow/example_dags/example_branch_datetime_operator.py
[2022-07-30 23:20:28,984] {processor.py:651} INFO - DAG(s) dict_keys(['example_branch_datetime_operator', 'example_branch_datetime_operator_2']) retrieved from /home/hp/miniconda3/envs/checker/lib/python3.8/site-packages/airflow/example_dags/example_branch_datetime_operator.py
[2022-07-30 23:20:28,993] {logging_mixin.py:115} INFO - [2022-07-30 23:20:28,993] {dag.py:2420} INFO - Sync 2 DAGs
[2022-07-30 23:20:29,004] {logging_mixin.py:115} INFO - [2022-07-30 23:20:29,004] {dag.py:2968} INFO - Setting next_dagrun for example_branch_datetime_operator to 2022-07-29T00:00:00+00:00, run_after=2022-07-30T00:00:00+00:00
[2022-07-30 23:20:29,005] {logging_mixin.py:115} INFO - [2022-07-30 23:20:29,005] {dag.py:2968} INFO - Setting next_dagrun for example_branch_datetime_operator_2 to 2022-07-29T00:00:00+00:00, run_after=2022-07-30T00:00:00+00:00
[2022-07-30 23:20:29,015] {processor.py:161} INFO - Processing /home/hp/miniconda3/envs/checker/lib/python3.8/site-packages/airflow/example_dags/example_branch_datetime_operator.py took 0.043 seconds
[2022-07-30 23:25:12,311] {processor.py:153} INFO - Started process (PID=10750) to work on /home/hp/miniconda3/envs/checker/lib/python3.8/site-packages/airflow/example_dags/example_branch_datetime_operator.py
[2022-07-30 23:25:12,312] {processor.py:641} INFO - Processing file /home/hp/miniconda3/envs/checker/lib/python3.8/site-packages/airflow/example_dags/example_branch_datetime_operator.py for tasks to queue
[2022-07-30 23:25:12,313] {logging_mixin.py:115} INFO - [2022-07-30 23:25:12,312] {dagbag.py:508} INFO - Filling up the DagBag from /home/hp/miniconda3/envs/checker/lib/python3.8/site-packages/airflow/example_dags/example_branch_datetime_operator.py
[2022-07-30 23:25:12,323] {processor.py:651} INFO - DAG(s) dict_keys(['example_branch_datetime_operator', 'example_branch_datetime_operator_2']) retrieved from /home/hp/miniconda3/envs/checker/lib/python3.8/site-packages/airflow/example_dags/example_branch_datetime_operator.py
[2022-07-30 23:25:12,332] {logging_mixin.py:115} INFO - [2022-07-30 23:25:12,332] {dag.py:2420} INFO - Sync 2 DAGs
[2022-07-30 23:25:12,340] {logging_mixin.py:115} INFO - [2022-07-30 23:25:12,340] {dag.py:2968} INFO - Setting next_dagrun for example_branch_datetime_operator to 2022-07-29T00:00:00+00:00, run_after=2022-07-30T00:00:00+00:00
[2022-07-30 23:25:12,341] {logging_mixin.py:115} INFO - [2022-07-30 23:25:12,341] {dag.py:2968} INFO - Setting next_dagrun for example_branch_datetime_operator_2 to 2022-07-29T00:00:00+00:00, run_after=2022-07-30T00:00:00+00:00
[2022-07-30 23:25:12,352] {processor.py:161} INFO - Processing /home/hp/miniconda3/envs/checker/lib/python3.8/site-packages/airflow/example_dags/example_branch_datetime_operator.py took 0.045 seconds
[2022-07-30 23:26:06,447] {processor.py:153} INFO - Started process (PID=11242) to work on /home/hp/miniconda3/envs/checker/lib/python3.8/site-packages/airflow/example_dags/example_branch_datetime_operator.py
[2022-07-30 23:26:06,448] {processor.py:641} INFO - Processing file /home/hp/miniconda3/envs/checker/lib/python3.8/site-packages/airflow/example_dags/example_branch_datetime_operator.py for tasks to queue
[2022-07-30 23:26:06,449] {logging_mixin.py:115} INFO - [2022-07-30 23:26:06,449] {dagbag.py:508} INFO - Filling up the DagBag from /home/hp/miniconda3/envs/checker/lib/python3.8/site-packages/airflow/example_dags/example_branch_datetime_operator.py
[2022-07-30 23:26:06,459] {processor.py:651} INFO - DAG(s) dict_keys(['example_branch_datetime_operator', 'example_branch_datetime_operator_2']) retrieved from /home/hp/miniconda3/envs/checker/lib/python3.8/site-packages/airflow/example_dags/example_branch_datetime_operator.py
[2022-07-30 23:26:06,467] {logging_mixin.py:115} INFO - [2022-07-30 23:26:06,467] {dag.py:2420} INFO - Sync 2 DAGs
[2022-07-30 23:26:06,475] {logging_mixin.py:115} INFO - [2022-07-30 23:26:06,475] {dag.py:2968} INFO - Setting next_dagrun for example_branch_datetime_operator to 2022-07-29T00:00:00+00:00, run_after=2022-07-30T00:00:00+00:00
[2022-07-30 23:26:06,476] {logging_mixin.py:115} INFO - [2022-07-30 23:26:06,476] {dag.py:2968} INFO - Setting next_dagrun for example_branch_datetime_operator_2 to 2022-07-29T00:00:00+00:00, run_after=2022-07-30T00:00:00+00:00
[2022-07-30 23:26:06,485] {processor.py:161} INFO - Processing /home/hp/miniconda3/envs/checker/lib/python3.8/site-packages/airflow/example_dags/example_branch_datetime_operator.py took 0.041 seconds
[2022-07-30 23:26:41,293] {processor.py:153} INFO - Started process (PID=11810) to work on /home/hp/miniconda3/envs/checker/lib/python3.8/site-packages/airflow/example_dags/example_branch_datetime_operator.py
[2022-07-30 23:26:41,294] {processor.py:641} INFO - Processing file /home/hp/miniconda3/envs/checker/lib/python3.8/site-packages/airflow/example_dags/example_branch_datetime_operator.py for tasks to queue
[2022-07-30 23:26:41,294] {logging_mixin.py:115} INFO - [2022-07-30 23:26:41,294] {dagbag.py:508} INFO - Filling up the DagBag from /home/hp/miniconda3/envs/checker/lib/python3.8/site-packages/airflow/example_dags/example_branch_datetime_operator.py
[2022-07-30 23:26:41,301] {processor.py:651} INFO - DAG(s) dict_keys(['example_branch_datetime_operator', 'example_branch_datetime_operator_2']) retrieved from /home/hp/miniconda3/envs/checker/lib/python3.8/site-packages/airflow/example_dags/example_branch_datetime_operator.py
[2022-07-30 23:26:41,311] {logging_mixin.py:115} INFO - [2022-07-30 23:26:41,311] {dag.py:2420} INFO - Sync 2 DAGs
[2022-07-30 23:26:41,319] {logging_mixin.py:115} INFO - [2022-07-30 23:26:41,319] {dag.py:2968} INFO - Setting next_dagrun for example_branch_datetime_operator to 2022-07-29T00:00:00+00:00, run_after=2022-07-30T00:00:00+00:00
[2022-07-30 23:26:41,320] {logging_mixin.py:115} INFO - [2022-07-30 23:26:41,320] {dag.py:2968} INFO - Setting next_dagrun for example_branch_datetime_operator_2 to 2022-07-29T00:00:00+00:00, run_after=2022-07-30T00:00:00+00:00
[2022-07-30 23:26:41,329] {processor.py:161} INFO - Processing /home/hp/miniconda3/envs/checker/lib/python3.8/site-packages/airflow/example_dags/example_branch_datetime_operator.py took 0.037 seconds
[2022-07-30 23:27:19,836] {processor.py:153} INFO - Started process (PID=12397) to work on /home/hp/miniconda3/envs/checker/lib/python3.8/site-packages/airflow/example_dags/example_branch_datetime_operator.py
[2022-07-30 23:27:19,838] {processor.py:641} INFO - Processing file /home/hp/miniconda3/envs/checker/lib/python3.8/site-packages/airflow/example_dags/example_branch_datetime_operator.py for tasks to queue
[2022-07-30 23:27:19,838] {logging_mixin.py:115} INFO - [2022-07-30 23:27:19,838] {dagbag.py:508} INFO - Filling up the DagBag from /home/hp/miniconda3/envs/checker/lib/python3.8/site-packages/airflow/example_dags/example_branch_datetime_operator.py
[2022-07-30 23:27:19,849] {processor.py:651} INFO - DAG(s) dict_keys(['example_branch_datetime_operator', 'example_branch_datetime_operator_2']) retrieved from /home/hp/miniconda3/envs/checker/lib/python3.8/site-packages/airflow/example_dags/example_branch_datetime_operator.py
[2022-07-30 23:27:19,859] {logging_mixin.py:115} INFO - [2022-07-30 23:27:19,859] {dag.py:2420} INFO - Sync 2 DAGs
[2022-07-30 23:27:19,868] {logging_mixin.py:115} INFO - [2022-07-30 23:27:19,868] {dag.py:2968} INFO - Setting next_dagrun for example_branch_datetime_operator to 2022-07-29T00:00:00+00:00, run_after=2022-07-30T00:00:00+00:00
[2022-07-30 23:27:19,869] {logging_mixin.py:115} INFO - [2022-07-30 23:27:19,869] {dag.py:2968} INFO - Setting next_dagrun for example_branch_datetime_operator_2 to 2022-07-29T00:00:00+00:00, run_after=2022-07-30T00:00:00+00:00
[2022-07-30 23:27:19,878] {processor.py:161} INFO - Processing /home/hp/miniconda3/envs/checker/lib/python3.8/site-packages/airflow/example_dags/example_branch_datetime_operator.py took 0.046 seconds
[2022-07-30 23:27:56,738] {processor.py:153} INFO - Started process (PID=12712) to work on /home/hp/miniconda3/envs/checker/lib/python3.8/site-packages/airflow/example_dags/example_branch_datetime_operator.py
[2022-07-30 23:27:56,739] {processor.py:641} INFO - Processing file /home/hp/miniconda3/envs/checker/lib/python3.8/site-packages/airflow/example_dags/example_branch_datetime_operator.py for tasks to queue
[2022-07-30 23:27:56,739] {logging_mixin.py:115} INFO - [2022-07-30 23:27:56,739] {dagbag.py:508} INFO - Filling up the DagBag from /home/hp/miniconda3/envs/checker/lib/python3.8/site-packages/airflow/example_dags/example_branch_datetime_operator.py
[2022-07-30 23:27:56,744] {processor.py:651} INFO - DAG(s) dict_keys(['example_branch_datetime_operator', 'example_branch_datetime_operator_2']) retrieved from /home/hp/miniconda3/envs/checker/lib/python3.8/site-packages/airflow/example_dags/example_branch_datetime_operator.py
[2022-07-30 23:27:56,754] {logging_mixin.py:115} INFO - [2022-07-30 23:27:56,754] {dag.py:2420} INFO - Sync 2 DAGs
[2022-07-30 23:27:56,766] {logging_mixin.py:115} INFO - [2022-07-30 23:27:56,765] {dag.py:2968} INFO - Setting next_dagrun for example_branch_datetime_operator to 2022-07-29T00:00:00+00:00, run_after=2022-07-30T00:00:00+00:00
[2022-07-30 23:27:56,767] {logging_mixin.py:115} INFO - [2022-07-30 23:27:56,766] {dag.py:2968} INFO - Setting next_dagrun for example_branch_datetime_operator_2 to 2022-07-29T00:00:00+00:00, run_after=2022-07-30T00:00:00+00:00
[2022-07-30 23:27:56,779] {processor.py:161} INFO - Processing /home/hp/miniconda3/envs/checker/lib/python3.8/site-packages/airflow/example_dags/example_branch_datetime_operator.py took 0.043 seconds
[2022-07-30 23:28:33,072] {processor.py:153} INFO - Started process (PID=13145) to work on /home/hp/miniconda3/envs/checker/lib/python3.8/site-packages/airflow/example_dags/example_branch_datetime_operator.py
[2022-07-30 23:28:33,073] {processor.py:641} INFO - Processing file /home/hp/miniconda3/envs/checker/lib/python3.8/site-packages/airflow/example_dags/example_branch_datetime_operator.py for tasks to queue
[2022-07-30 23:28:33,073] {logging_mixin.py:115} INFO - [2022-07-30 23:28:33,073] {dagbag.py:508} INFO - Filling up the DagBag from /home/hp/miniconda3/envs/checker/lib/python3.8/site-packages/airflow/example_dags/example_branch_datetime_operator.py
[2022-07-30 23:28:33,077] {processor.py:651} INFO - DAG(s) dict_keys(['example_branch_datetime_operator', 'example_branch_datetime_operator_2']) retrieved from /home/hp/miniconda3/envs/checker/lib/python3.8/site-packages/airflow/example_dags/example_branch_datetime_operator.py
[2022-07-30 23:28:33,086] {logging_mixin.py:115} INFO - [2022-07-30 23:28:33,086] {dag.py:2420} INFO - Sync 2 DAGs
[2022-07-30 23:28:33,095] {logging_mixin.py:115} INFO - [2022-07-30 23:28:33,095] {dag.py:2968} INFO - Setting next_dagrun for example_branch_datetime_operator to 2022-07-29T00:00:00+00:00, run_after=2022-07-30T00:00:00+00:00
[2022-07-30 23:28:33,096] {logging_mixin.py:115} INFO - [2022-07-30 23:28:33,096] {dag.py:2968} INFO - Setting next_dagrun for example_branch_datetime_operator_2 to 2022-07-29T00:00:00+00:00, run_after=2022-07-30T00:00:00+00:00
[2022-07-30 23:28:33,106] {processor.py:161} INFO - Processing /home/hp/miniconda3/envs/checker/lib/python3.8/site-packages/airflow/example_dags/example_branch_datetime_operator.py took 0.035 seconds
