[2022-07-25 03:02:49,644] {processor.py:153} INFO - Started process (PID=20920) to work on /home/hp/miniconda3/envs/airflow_env/lib/python3.8/site-packages/airflow/example_dags/example_external_task_marker_dag.py
[2022-07-25 03:02:49,645] {processor.py:641} INFO - Processing file /home/hp/miniconda3/envs/airflow_env/lib/python3.8/site-packages/airflow/example_dags/example_external_task_marker_dag.py for tasks to queue
[2022-07-25 03:02:49,645] {logging_mixin.py:115} INFO - [2022-07-25 03:02:49,645] {dagbag.py:508} INFO - Filling up the DagBag from /home/hp/miniconda3/envs/airflow_env/lib/python3.8/site-packages/airflow/example_dags/example_external_task_marker_dag.py
[2022-07-25 03:02:49,647] {processor.py:651} INFO - DAG(s) dict_keys(['example_external_task_marker_parent', 'example_external_task_marker_child']) retrieved from /home/hp/miniconda3/envs/airflow_env/lib/python3.8/site-packages/airflow/example_dags/example_external_task_marker_dag.py
[2022-07-25 03:02:49,664] {logging_mixin.py:115} INFO - [2022-07-25 03:02:49,664] {dag.py:2420} INFO - Sync 2 DAGs
[2022-07-25 03:02:49,673] {logging_mixin.py:115} INFO - [2022-07-25 03:02:49,673] {dag.py:2968} INFO - Setting next_dagrun for example_external_task_marker_child to None, run_after=None
[2022-07-25 03:02:49,674] {logging_mixin.py:115} INFO - [2022-07-25 03:02:49,674] {dag.py:2968} INFO - Setting next_dagrun for example_external_task_marker_parent to None, run_after=None
[2022-07-25 03:02:49,689] {processor.py:161} INFO - Processing /home/hp/miniconda3/envs/airflow_env/lib/python3.8/site-packages/airflow/example_dags/example_external_task_marker_dag.py took 0.047 seconds
[2022-07-25 03:07:28,043] {processor.py:153} INFO - Started process (PID=21490) to work on /home/hp/miniconda3/envs/airflow_env/lib/python3.8/site-packages/airflow/example_dags/example_external_task_marker_dag.py
[2022-07-25 03:07:28,044] {processor.py:641} INFO - Processing file /home/hp/miniconda3/envs/airflow_env/lib/python3.8/site-packages/airflow/example_dags/example_external_task_marker_dag.py for tasks to queue
[2022-07-25 03:07:28,045] {logging_mixin.py:115} INFO - [2022-07-25 03:07:28,044] {dagbag.py:508} INFO - Filling up the DagBag from /home/hp/miniconda3/envs/airflow_env/lib/python3.8/site-packages/airflow/example_dags/example_external_task_marker_dag.py
[2022-07-25 03:07:28,050] {processor.py:651} INFO - DAG(s) dict_keys(['example_external_task_marker_parent', 'example_external_task_marker_child']) retrieved from /home/hp/miniconda3/envs/airflow_env/lib/python3.8/site-packages/airflow/example_dags/example_external_task_marker_dag.py
[2022-07-25 03:07:28,071] {logging_mixin.py:115} INFO - [2022-07-25 03:07:28,071] {dag.py:2420} INFO - Sync 2 DAGs
[2022-07-25 03:07:28,084] {logging_mixin.py:115} INFO - [2022-07-25 03:07:28,084] {dag.py:2968} INFO - Setting next_dagrun for example_external_task_marker_child to None, run_after=None
[2022-07-25 03:07:28,084] {logging_mixin.py:115} INFO - [2022-07-25 03:07:28,084] {dag.py:2968} INFO - Setting next_dagrun for example_external_task_marker_parent to None, run_after=None
[2022-07-25 03:07:28,096] {processor.py:161} INFO - Processing /home/hp/miniconda3/envs/airflow_env/lib/python3.8/site-packages/airflow/example_dags/example_external_task_marker_dag.py took 0.057 seconds
[2022-07-25 03:12:55,304] {processor.py:153} INFO - Started process (PID=21966) to work on /home/hp/miniconda3/envs/airflow_env/lib/python3.8/site-packages/airflow/example_dags/example_external_task_marker_dag.py
[2022-07-25 03:12:55,305] {processor.py:641} INFO - Processing file /home/hp/miniconda3/envs/airflow_env/lib/python3.8/site-packages/airflow/example_dags/example_external_task_marker_dag.py for tasks to queue
[2022-07-25 03:12:55,305] {logging_mixin.py:115} INFO - [2022-07-25 03:12:55,305] {dagbag.py:508} INFO - Filling up the DagBag from /home/hp/miniconda3/envs/airflow_env/lib/python3.8/site-packages/airflow/example_dags/example_external_task_marker_dag.py
[2022-07-25 03:12:55,311] {processor.py:651} INFO - DAG(s) dict_keys(['example_external_task_marker_parent', 'example_external_task_marker_child']) retrieved from /home/hp/miniconda3/envs/airflow_env/lib/python3.8/site-packages/airflow/example_dags/example_external_task_marker_dag.py
[2022-07-25 03:12:55,328] {logging_mixin.py:115} INFO - [2022-07-25 03:12:55,328] {dag.py:2420} INFO - Sync 2 DAGs
[2022-07-25 03:12:55,338] {logging_mixin.py:115} INFO - [2022-07-25 03:12:55,338] {dag.py:2968} INFO - Setting next_dagrun for example_external_task_marker_child to None, run_after=None
[2022-07-25 03:12:55,338] {logging_mixin.py:115} INFO - [2022-07-25 03:12:55,338] {dag.py:2968} INFO - Setting next_dagrun for example_external_task_marker_parent to None, run_after=None
[2022-07-25 03:12:55,349] {processor.py:161} INFO - Processing /home/hp/miniconda3/envs/airflow_env/lib/python3.8/site-packages/airflow/example_dags/example_external_task_marker_dag.py took 0.050 seconds
[2022-07-25 03:18:16,799] {processor.py:153} INFO - Started process (PID=22371) to work on /home/hp/miniconda3/envs/airflow_env/lib/python3.8/site-packages/airflow/example_dags/example_external_task_marker_dag.py
[2022-07-25 03:18:16,800] {processor.py:641} INFO - Processing file /home/hp/miniconda3/envs/airflow_env/lib/python3.8/site-packages/airflow/example_dags/example_external_task_marker_dag.py for tasks to queue
[2022-07-25 03:18:16,800] {logging_mixin.py:115} INFO - [2022-07-25 03:18:16,800] {dagbag.py:508} INFO - Filling up the DagBag from /home/hp/miniconda3/envs/airflow_env/lib/python3.8/site-packages/airflow/example_dags/example_external_task_marker_dag.py
[2022-07-25 03:18:16,803] {processor.py:651} INFO - DAG(s) dict_keys(['example_external_task_marker_parent', 'example_external_task_marker_child']) retrieved from /home/hp/miniconda3/envs/airflow_env/lib/python3.8/site-packages/airflow/example_dags/example_external_task_marker_dag.py
[2022-07-25 03:18:16,821] {logging_mixin.py:115} INFO - [2022-07-25 03:18:16,821] {dag.py:2420} INFO - Sync 2 DAGs
[2022-07-25 03:18:16,831] {logging_mixin.py:115} INFO - [2022-07-25 03:18:16,831] {dag.py:2968} INFO - Setting next_dagrun for example_external_task_marker_child to None, run_after=None
[2022-07-25 03:18:16,832] {logging_mixin.py:115} INFO - [2022-07-25 03:18:16,832] {dag.py:2968} INFO - Setting next_dagrun for example_external_task_marker_parent to None, run_after=None
[2022-07-25 03:18:16,841] {processor.py:161} INFO - Processing /home/hp/miniconda3/envs/airflow_env/lib/python3.8/site-packages/airflow/example_dags/example_external_task_marker_dag.py took 0.045 seconds
[2022-07-25 03:28:27,761] {processor.py:153} INFO - Started process (PID=23007) to work on /home/hp/miniconda3/envs/airflow_env/lib/python3.8/site-packages/airflow/example_dags/example_external_task_marker_dag.py
[2022-07-25 03:28:27,767] {processor.py:641} INFO - Processing file /home/hp/miniconda3/envs/airflow_env/lib/python3.8/site-packages/airflow/example_dags/example_external_task_marker_dag.py for tasks to queue
[2022-07-25 03:28:27,768] {logging_mixin.py:115} INFO - [2022-07-25 03:28:27,768] {dagbag.py:508} INFO - Filling up the DagBag from /home/hp/miniconda3/envs/airflow_env/lib/python3.8/site-packages/airflow/example_dags/example_external_task_marker_dag.py
[2022-07-25 03:28:27,781] {processor.py:651} INFO - DAG(s) dict_keys(['example_external_task_marker_parent', 'example_external_task_marker_child']) retrieved from /home/hp/miniconda3/envs/airflow_env/lib/python3.8/site-packages/airflow/example_dags/example_external_task_marker_dag.py
[2022-07-25 03:28:27,875] {logging_mixin.py:115} INFO - [2022-07-25 03:28:27,859] {dag.py:2420} INFO - Sync 2 DAGs
[2022-07-25 03:28:27,919] {logging_mixin.py:115} INFO - [2022-07-25 03:28:27,919] {dag.py:2968} INFO - Setting next_dagrun for example_external_task_marker_child to None, run_after=None
[2022-07-25 03:28:27,920] {logging_mixin.py:115} INFO - [2022-07-25 03:28:27,919] {dag.py:2968} INFO - Setting next_dagrun for example_external_task_marker_parent to None, run_after=None
[2022-07-25 03:28:27,953] {processor.py:161} INFO - Processing /home/hp/miniconda3/envs/airflow_env/lib/python3.8/site-packages/airflow/example_dags/example_external_task_marker_dag.py took 0.194 seconds
[2022-07-25 03:30:38,431] {processor.py:153} INFO - Started process (PID=23496) to work on /home/hp/miniconda3/envs/airflow_env/lib/python3.8/site-packages/airflow/example_dags/example_external_task_marker_dag.py
[2022-07-25 03:30:38,432] {processor.py:641} INFO - Processing file /home/hp/miniconda3/envs/airflow_env/lib/python3.8/site-packages/airflow/example_dags/example_external_task_marker_dag.py for tasks to queue
[2022-07-25 03:30:38,432] {logging_mixin.py:115} INFO - [2022-07-25 03:30:38,432] {dagbag.py:508} INFO - Filling up the DagBag from /home/hp/miniconda3/envs/airflow_env/lib/python3.8/site-packages/airflow/example_dags/example_external_task_marker_dag.py
[2022-07-25 03:30:38,434] {processor.py:651} INFO - DAG(s) dict_keys(['example_external_task_marker_parent', 'example_external_task_marker_child']) retrieved from /home/hp/miniconda3/envs/airflow_env/lib/python3.8/site-packages/airflow/example_dags/example_external_task_marker_dag.py
[2022-07-25 03:30:38,455] {logging_mixin.py:115} INFO - [2022-07-25 03:30:38,455] {dag.py:2420} INFO - Sync 2 DAGs
[2022-07-25 03:30:38,466] {logging_mixin.py:115} INFO - [2022-07-25 03:30:38,466] {dag.py:2968} INFO - Setting next_dagrun for example_external_task_marker_child to None, run_after=None
[2022-07-25 03:30:38,466] {logging_mixin.py:115} INFO - [2022-07-25 03:30:38,466] {dag.py:2968} INFO - Setting next_dagrun for example_external_task_marker_parent to None, run_after=None
[2022-07-25 03:30:38,478] {processor.py:161} INFO - Processing /home/hp/miniconda3/envs/airflow_env/lib/python3.8/site-packages/airflow/example_dags/example_external_task_marker_dag.py took 0.048 seconds
[2022-07-25 03:33:56,835] {processor.py:153} INFO - Started process (PID=24006) to work on /home/hp/miniconda3/envs/airflow_env/lib/python3.8/site-packages/airflow/example_dags/example_external_task_marker_dag.py
[2022-07-25 03:33:56,836] {processor.py:641} INFO - Processing file /home/hp/miniconda3/envs/airflow_env/lib/python3.8/site-packages/airflow/example_dags/example_external_task_marker_dag.py for tasks to queue
[2022-07-25 03:33:56,837] {logging_mixin.py:115} INFO - [2022-07-25 03:33:56,837] {dagbag.py:508} INFO - Filling up the DagBag from /home/hp/miniconda3/envs/airflow_env/lib/python3.8/site-packages/airflow/example_dags/example_external_task_marker_dag.py
[2022-07-25 03:33:56,842] {processor.py:651} INFO - DAG(s) dict_keys(['example_external_task_marker_parent', 'example_external_task_marker_child']) retrieved from /home/hp/miniconda3/envs/airflow_env/lib/python3.8/site-packages/airflow/example_dags/example_external_task_marker_dag.py
[2022-07-25 03:33:56,864] {logging_mixin.py:115} INFO - [2022-07-25 03:33:56,864] {dag.py:2420} INFO - Sync 2 DAGs
[2022-07-25 03:33:56,873] {logging_mixin.py:115} INFO - [2022-07-25 03:33:56,873] {dag.py:2968} INFO - Setting next_dagrun for example_external_task_marker_child to None, run_after=None
[2022-07-25 03:33:56,874] {logging_mixin.py:115} INFO - [2022-07-25 03:33:56,874] {dag.py:2968} INFO - Setting next_dagrun for example_external_task_marker_parent to None, run_after=None
[2022-07-25 03:33:56,886] {processor.py:161} INFO - Processing /home/hp/miniconda3/envs/airflow_env/lib/python3.8/site-packages/airflow/example_dags/example_external_task_marker_dag.py took 0.055 seconds
[2022-07-25 03:39:21,940] {processor.py:153} INFO - Started process (PID=24437) to work on /home/hp/miniconda3/envs/airflow_env/lib/python3.8/site-packages/airflow/example_dags/example_external_task_marker_dag.py
[2022-07-25 03:39:21,941] {processor.py:641} INFO - Processing file /home/hp/miniconda3/envs/airflow_env/lib/python3.8/site-packages/airflow/example_dags/example_external_task_marker_dag.py for tasks to queue
[2022-07-25 03:39:21,942] {logging_mixin.py:115} INFO - [2022-07-25 03:39:21,942] {dagbag.py:508} INFO - Filling up the DagBag from /home/hp/miniconda3/envs/airflow_env/lib/python3.8/site-packages/airflow/example_dags/example_external_task_marker_dag.py
[2022-07-25 03:39:21,947] {processor.py:651} INFO - DAG(s) dict_keys(['example_external_task_marker_parent', 'example_external_task_marker_child']) retrieved from /home/hp/miniconda3/envs/airflow_env/lib/python3.8/site-packages/airflow/example_dags/example_external_task_marker_dag.py
[2022-07-25 03:39:21,968] {logging_mixin.py:115} INFO - [2022-07-25 03:39:21,968] {dag.py:2420} INFO - Sync 2 DAGs
[2022-07-25 03:39:21,978] {logging_mixin.py:115} INFO - [2022-07-25 03:39:21,978] {dag.py:2968} INFO - Setting next_dagrun for example_external_task_marker_child to None, run_after=None
[2022-07-25 03:39:21,978] {logging_mixin.py:115} INFO - [2022-07-25 03:39:21,978] {dag.py:2968} INFO - Setting next_dagrun for example_external_task_marker_parent to None, run_after=None
[2022-07-25 03:39:21,988] {processor.py:161} INFO - Processing /home/hp/miniconda3/envs/airflow_env/lib/python3.8/site-packages/airflow/example_dags/example_external_task_marker_dag.py took 0.052 seconds
[2022-07-25 03:44:45,028] {processor.py:153} INFO - Started process (PID=24874) to work on /home/hp/miniconda3/envs/airflow_env/lib/python3.8/site-packages/airflow/example_dags/example_external_task_marker_dag.py
[2022-07-25 03:44:45,029] {processor.py:641} INFO - Processing file /home/hp/miniconda3/envs/airflow_env/lib/python3.8/site-packages/airflow/example_dags/example_external_task_marker_dag.py for tasks to queue
[2022-07-25 03:44:45,030] {logging_mixin.py:115} INFO - [2022-07-25 03:44:45,030] {dagbag.py:508} INFO - Filling up the DagBag from /home/hp/miniconda3/envs/airflow_env/lib/python3.8/site-packages/airflow/example_dags/example_external_task_marker_dag.py
[2022-07-25 03:44:45,035] {processor.py:651} INFO - DAG(s) dict_keys(['example_external_task_marker_parent', 'example_external_task_marker_child']) retrieved from /home/hp/miniconda3/envs/airflow_env/lib/python3.8/site-packages/airflow/example_dags/example_external_task_marker_dag.py
[2022-07-25 03:44:45,055] {logging_mixin.py:115} INFO - [2022-07-25 03:44:45,055] {dag.py:2420} INFO - Sync 2 DAGs
[2022-07-25 03:44:45,064] {logging_mixin.py:115} INFO - [2022-07-25 03:44:45,064] {dag.py:2968} INFO - Setting next_dagrun for example_external_task_marker_child to None, run_after=None
[2022-07-25 03:44:45,064] {logging_mixin.py:115} INFO - [2022-07-25 03:44:45,064] {dag.py:2968} INFO - Setting next_dagrun for example_external_task_marker_parent to None, run_after=None
[2022-07-25 03:44:45,074] {processor.py:161} INFO - Processing /home/hp/miniconda3/envs/airflow_env/lib/python3.8/site-packages/airflow/example_dags/example_external_task_marker_dag.py took 0.051 seconds
[2022-07-25 03:54:56,836] {processor.py:153} INFO - Started process (PID=25385) to work on /home/hp/miniconda3/envs/airflow_env/lib/python3.8/site-packages/airflow/example_dags/example_external_task_marker_dag.py
[2022-07-25 03:54:56,836] {processor.py:641} INFO - Processing file /home/hp/miniconda3/envs/airflow_env/lib/python3.8/site-packages/airflow/example_dags/example_external_task_marker_dag.py for tasks to queue
[2022-07-25 03:54:56,837] {logging_mixin.py:115} INFO - [2022-07-25 03:54:56,837] {dagbag.py:508} INFO - Filling up the DagBag from /home/hp/miniconda3/envs/airflow_env/lib/python3.8/site-packages/airflow/example_dags/example_external_task_marker_dag.py
[2022-07-25 03:54:56,840] {processor.py:651} INFO - DAG(s) dict_keys(['example_external_task_marker_parent', 'example_external_task_marker_child']) retrieved from /home/hp/miniconda3/envs/airflow_env/lib/python3.8/site-packages/airflow/example_dags/example_external_task_marker_dag.py
[2022-07-25 03:54:56,865] {logging_mixin.py:115} INFO - [2022-07-25 03:54:56,865] {dag.py:2420} INFO - Sync 2 DAGs
[2022-07-25 03:54:56,877] {logging_mixin.py:115} INFO - [2022-07-25 03:54:56,877] {dag.py:2968} INFO - Setting next_dagrun for example_external_task_marker_child to None, run_after=None
[2022-07-25 03:54:56,877] {logging_mixin.py:115} INFO - [2022-07-25 03:54:56,877] {dag.py:2968} INFO - Setting next_dagrun for example_external_task_marker_parent to None, run_after=None
[2022-07-25 03:54:56,886] {processor.py:161} INFO - Processing /home/hp/miniconda3/envs/airflow_env/lib/python3.8/site-packages/airflow/example_dags/example_external_task_marker_dag.py took 0.052 seconds
[2022-07-25 04:00:18,053] {processor.py:153} INFO - Started process (PID=25733) to work on /home/hp/miniconda3/envs/airflow_env/lib/python3.8/site-packages/airflow/example_dags/example_external_task_marker_dag.py
[2022-07-25 04:00:18,054] {processor.py:641} INFO - Processing file /home/hp/miniconda3/envs/airflow_env/lib/python3.8/site-packages/airflow/example_dags/example_external_task_marker_dag.py for tasks to queue
[2022-07-25 04:00:18,054] {logging_mixin.py:115} INFO - [2022-07-25 04:00:18,054] {dagbag.py:508} INFO - Filling up the DagBag from /home/hp/miniconda3/envs/airflow_env/lib/python3.8/site-packages/airflow/example_dags/example_external_task_marker_dag.py
[2022-07-25 04:00:18,058] {processor.py:651} INFO - DAG(s) dict_keys(['example_external_task_marker_parent', 'example_external_task_marker_child']) retrieved from /home/hp/miniconda3/envs/airflow_env/lib/python3.8/site-packages/airflow/example_dags/example_external_task_marker_dag.py
[2022-07-25 04:00:18,076] {logging_mixin.py:115} INFO - [2022-07-25 04:00:18,076] {dag.py:2420} INFO - Sync 2 DAGs
[2022-07-25 04:00:18,086] {logging_mixin.py:115} INFO - [2022-07-25 04:00:18,085] {dag.py:2968} INFO - Setting next_dagrun for example_external_task_marker_child to None, run_after=None
[2022-07-25 04:00:18,086] {logging_mixin.py:115} INFO - [2022-07-25 04:00:18,086] {dag.py:2968} INFO - Setting next_dagrun for example_external_task_marker_parent to None, run_after=None
[2022-07-25 04:00:18,096] {processor.py:161} INFO - Processing /home/hp/miniconda3/envs/airflow_env/lib/python3.8/site-packages/airflow/example_dags/example_external_task_marker_dag.py took 0.047 seconds
[2022-07-25 04:00:57,888] {processor.py:153} INFO - Started process (PID=26009) to work on /home/hp/miniconda3/envs/airflow_env/lib/python3.8/site-packages/airflow/example_dags/example_external_task_marker_dag.py
[2022-07-25 04:00:57,889] {processor.py:641} INFO - Processing file /home/hp/miniconda3/envs/airflow_env/lib/python3.8/site-packages/airflow/example_dags/example_external_task_marker_dag.py for tasks to queue
[2022-07-25 04:00:57,890] {logging_mixin.py:115} INFO - [2022-07-25 04:00:57,890] {dagbag.py:508} INFO - Filling up the DagBag from /home/hp/miniconda3/envs/airflow_env/lib/python3.8/site-packages/airflow/example_dags/example_external_task_marker_dag.py
[2022-07-25 04:00:57,895] {processor.py:651} INFO - DAG(s) dict_keys(['example_external_task_marker_parent', 'example_external_task_marker_child']) retrieved from /home/hp/miniconda3/envs/airflow_env/lib/python3.8/site-packages/airflow/example_dags/example_external_task_marker_dag.py
[2022-07-25 04:00:57,915] {logging_mixin.py:115} INFO - [2022-07-25 04:00:57,915] {dag.py:2420} INFO - Sync 2 DAGs
[2022-07-25 04:00:57,925] {logging_mixin.py:115} INFO - [2022-07-25 04:00:57,925] {dag.py:2968} INFO - Setting next_dagrun for example_external_task_marker_child to None, run_after=None
[2022-07-25 04:00:57,925] {logging_mixin.py:115} INFO - [2022-07-25 04:00:57,925] {dag.py:2968} INFO - Setting next_dagrun for example_external_task_marker_parent to None, run_after=None
[2022-07-25 04:00:57,936] {processor.py:161} INFO - Processing /home/hp/miniconda3/envs/airflow_env/lib/python3.8/site-packages/airflow/example_dags/example_external_task_marker_dag.py took 0.051 seconds
[2022-07-25 04:02:13,971] {processor.py:153} INFO - Started process (PID=26459) to work on /home/hp/miniconda3/envs/airflow_env/lib/python3.8/site-packages/airflow/example_dags/example_external_task_marker_dag.py
[2022-07-25 04:02:13,972] {processor.py:641} INFO - Processing file /home/hp/miniconda3/envs/airflow_env/lib/python3.8/site-packages/airflow/example_dags/example_external_task_marker_dag.py for tasks to queue
[2022-07-25 04:02:13,972] {logging_mixin.py:115} INFO - [2022-07-25 04:02:13,972] {dagbag.py:508} INFO - Filling up the DagBag from /home/hp/miniconda3/envs/airflow_env/lib/python3.8/site-packages/airflow/example_dags/example_external_task_marker_dag.py
[2022-07-25 04:02:13,980] {processor.py:651} INFO - DAG(s) dict_keys(['example_external_task_marker_parent', 'example_external_task_marker_child']) retrieved from /home/hp/miniconda3/envs/airflow_env/lib/python3.8/site-packages/airflow/example_dags/example_external_task_marker_dag.py
[2022-07-25 04:02:14,050] {logging_mixin.py:115} INFO - [2022-07-25 04:02:14,050] {dag.py:2420} INFO - Sync 2 DAGs
[2022-07-25 04:02:14,059] {logging_mixin.py:115} INFO - [2022-07-25 04:02:14,059] {dag.py:2968} INFO - Setting next_dagrun for example_external_task_marker_child to None, run_after=None
[2022-07-25 04:02:14,059] {logging_mixin.py:115} INFO - [2022-07-25 04:02:14,059] {dag.py:2968} INFO - Setting next_dagrun for example_external_task_marker_parent to None, run_after=None
[2022-07-25 04:02:14,068] {processor.py:161} INFO - Processing /home/hp/miniconda3/envs/airflow_env/lib/python3.8/site-packages/airflow/example_dags/example_external_task_marker_dag.py took 0.101 seconds
[2022-07-25 04:05:42,467] {processor.py:153} INFO - Started process (PID=26777) to work on /home/hp/miniconda3/envs/airflow_env/lib/python3.8/site-packages/airflow/example_dags/example_external_task_marker_dag.py
[2022-07-25 04:05:42,468] {processor.py:641} INFO - Processing file /home/hp/miniconda3/envs/airflow_env/lib/python3.8/site-packages/airflow/example_dags/example_external_task_marker_dag.py for tasks to queue
[2022-07-25 04:05:42,469] {logging_mixin.py:115} INFO - [2022-07-25 04:05:42,468] {dagbag.py:508} INFO - Filling up the DagBag from /home/hp/miniconda3/envs/airflow_env/lib/python3.8/site-packages/airflow/example_dags/example_external_task_marker_dag.py
[2022-07-25 04:05:42,474] {processor.py:651} INFO - DAG(s) dict_keys(['example_external_task_marker_parent', 'example_external_task_marker_child']) retrieved from /home/hp/miniconda3/envs/airflow_env/lib/python3.8/site-packages/airflow/example_dags/example_external_task_marker_dag.py
[2022-07-25 04:05:42,493] {logging_mixin.py:115} INFO - [2022-07-25 04:05:42,493] {dag.py:2420} INFO - Sync 2 DAGs
[2022-07-25 04:05:42,503] {logging_mixin.py:115} INFO - [2022-07-25 04:05:42,502] {dag.py:2968} INFO - Setting next_dagrun for example_external_task_marker_child to None, run_after=None
[2022-07-25 04:05:42,503] {logging_mixin.py:115} INFO - [2022-07-25 04:05:42,503] {dag.py:2968} INFO - Setting next_dagrun for example_external_task_marker_parent to None, run_after=None
[2022-07-25 04:05:42,511] {processor.py:161} INFO - Processing /home/hp/miniconda3/envs/airflow_env/lib/python3.8/site-packages/airflow/example_dags/example_external_task_marker_dag.py took 0.049 seconds
[2022-07-25 04:11:06,658] {processor.py:153} INFO - Started process (PID=27055) to work on /home/hp/miniconda3/envs/airflow_env/lib/python3.8/site-packages/airflow/example_dags/example_external_task_marker_dag.py
[2022-07-25 04:11:06,658] {processor.py:641} INFO - Processing file /home/hp/miniconda3/envs/airflow_env/lib/python3.8/site-packages/airflow/example_dags/example_external_task_marker_dag.py for tasks to queue
[2022-07-25 04:11:06,659] {logging_mixin.py:115} INFO - [2022-07-25 04:11:06,659] {dagbag.py:508} INFO - Filling up the DagBag from /home/hp/miniconda3/envs/airflow_env/lib/python3.8/site-packages/airflow/example_dags/example_external_task_marker_dag.py
[2022-07-25 04:11:06,663] {processor.py:651} INFO - DAG(s) dict_keys(['example_external_task_marker_parent', 'example_external_task_marker_child']) retrieved from /home/hp/miniconda3/envs/airflow_env/lib/python3.8/site-packages/airflow/example_dags/example_external_task_marker_dag.py
[2022-07-25 04:11:06,682] {logging_mixin.py:115} INFO - [2022-07-25 04:11:06,682] {dag.py:2420} INFO - Sync 2 DAGs
[2022-07-25 04:11:06,691] {logging_mixin.py:115} INFO - [2022-07-25 04:11:06,691] {dag.py:2968} INFO - Setting next_dagrun for example_external_task_marker_child to None, run_after=None
[2022-07-25 04:11:06,691] {logging_mixin.py:115} INFO - [2022-07-25 04:11:06,691] {dag.py:2968} INFO - Setting next_dagrun for example_external_task_marker_parent to None, run_after=None
[2022-07-25 04:11:06,701] {processor.py:161} INFO - Processing /home/hp/miniconda3/envs/airflow_env/lib/python3.8/site-packages/airflow/example_dags/example_external_task_marker_dag.py took 0.045 seconds
[2022-07-25 04:16:29,388] {processor.py:153} INFO - Started process (PID=27342) to work on /home/hp/miniconda3/envs/airflow_env/lib/python3.8/site-packages/airflow/example_dags/example_external_task_marker_dag.py
[2022-07-25 04:16:29,388] {processor.py:641} INFO - Processing file /home/hp/miniconda3/envs/airflow_env/lib/python3.8/site-packages/airflow/example_dags/example_external_task_marker_dag.py for tasks to queue
[2022-07-25 04:16:29,389] {logging_mixin.py:115} INFO - [2022-07-25 04:16:29,389] {dagbag.py:508} INFO - Filling up the DagBag from /home/hp/miniconda3/envs/airflow_env/lib/python3.8/site-packages/airflow/example_dags/example_external_task_marker_dag.py
[2022-07-25 04:16:29,394] {processor.py:651} INFO - DAG(s) dict_keys(['example_external_task_marker_parent', 'example_external_task_marker_child']) retrieved from /home/hp/miniconda3/envs/airflow_env/lib/python3.8/site-packages/airflow/example_dags/example_external_task_marker_dag.py
[2022-07-25 04:16:29,412] {logging_mixin.py:115} INFO - [2022-07-25 04:16:29,412] {dag.py:2420} INFO - Sync 2 DAGs
[2022-07-25 04:16:29,422] {logging_mixin.py:115} INFO - [2022-07-25 04:16:29,422] {dag.py:2968} INFO - Setting next_dagrun for example_external_task_marker_child to None, run_after=None
[2022-07-25 04:16:29,422] {logging_mixin.py:115} INFO - [2022-07-25 04:16:29,422] {dag.py:2968} INFO - Setting next_dagrun for example_external_task_marker_parent to None, run_after=None
[2022-07-25 04:16:29,431] {processor.py:161} INFO - Processing /home/hp/miniconda3/envs/airflow_env/lib/python3.8/site-packages/airflow/example_dags/example_external_task_marker_dag.py took 0.047 seconds
[2022-07-25 04:26:41,008] {processor.py:153} INFO - Started process (PID=27772) to work on /home/hp/miniconda3/envs/airflow_env/lib/python3.8/site-packages/airflow/example_dags/example_external_task_marker_dag.py
[2022-07-25 04:26:41,009] {processor.py:641} INFO - Processing file /home/hp/miniconda3/envs/airflow_env/lib/python3.8/site-packages/airflow/example_dags/example_external_task_marker_dag.py for tasks to queue
[2022-07-25 04:26:41,010] {logging_mixin.py:115} INFO - [2022-07-25 04:26:41,010] {dagbag.py:508} INFO - Filling up the DagBag from /home/hp/miniconda3/envs/airflow_env/lib/python3.8/site-packages/airflow/example_dags/example_external_task_marker_dag.py
[2022-07-25 04:26:41,017] {processor.py:651} INFO - DAG(s) dict_keys(['example_external_task_marker_parent', 'example_external_task_marker_child']) retrieved from /home/hp/miniconda3/envs/airflow_env/lib/python3.8/site-packages/airflow/example_dags/example_external_task_marker_dag.py
[2022-07-25 04:26:41,044] {logging_mixin.py:115} INFO - [2022-07-25 04:26:41,043] {dag.py:2420} INFO - Sync 2 DAGs
[2022-07-25 04:26:41,053] {logging_mixin.py:115} INFO - [2022-07-25 04:26:41,053] {dag.py:2968} INFO - Setting next_dagrun for example_external_task_marker_child to None, run_after=None
[2022-07-25 04:26:41,053] {logging_mixin.py:115} INFO - [2022-07-25 04:26:41,053] {dag.py:2968} INFO - Setting next_dagrun for example_external_task_marker_parent to None, run_after=None
[2022-07-25 04:26:41,063] {processor.py:161} INFO - Processing /home/hp/miniconda3/envs/airflow_env/lib/python3.8/site-packages/airflow/example_dags/example_external_task_marker_dag.py took 0.059 seconds
[2022-07-25 04:32:03,836] {processor.py:153} INFO - Started process (PID=28110) to work on /home/hp/miniconda3/envs/airflow_env/lib/python3.8/site-packages/airflow/example_dags/example_external_task_marker_dag.py
[2022-07-25 04:32:03,837] {processor.py:641} INFO - Processing file /home/hp/miniconda3/envs/airflow_env/lib/python3.8/site-packages/airflow/example_dags/example_external_task_marker_dag.py for tasks to queue
[2022-07-25 04:32:03,838] {logging_mixin.py:115} INFO - [2022-07-25 04:32:03,838] {dagbag.py:508} INFO - Filling up the DagBag from /home/hp/miniconda3/envs/airflow_env/lib/python3.8/site-packages/airflow/example_dags/example_external_task_marker_dag.py
[2022-07-25 04:32:03,843] {processor.py:651} INFO - DAG(s) dict_keys(['example_external_task_marker_parent', 'example_external_task_marker_child']) retrieved from /home/hp/miniconda3/envs/airflow_env/lib/python3.8/site-packages/airflow/example_dags/example_external_task_marker_dag.py
[2022-07-25 04:32:03,862] {logging_mixin.py:115} INFO - [2022-07-25 04:32:03,862] {dag.py:2420} INFO - Sync 2 DAGs
[2022-07-25 04:32:03,871] {logging_mixin.py:115} INFO - [2022-07-25 04:32:03,871] {dag.py:2968} INFO - Setting next_dagrun for example_external_task_marker_child to None, run_after=None
[2022-07-25 04:32:03,871] {logging_mixin.py:115} INFO - [2022-07-25 04:32:03,871] {dag.py:2968} INFO - Setting next_dagrun for example_external_task_marker_parent to None, run_after=None
[2022-07-25 04:32:03,884] {processor.py:161} INFO - Processing /home/hp/miniconda3/envs/airflow_env/lib/python3.8/site-packages/airflow/example_dags/example_external_task_marker_dag.py took 0.052 seconds
[2022-07-25 04:37:28,170] {processor.py:153} INFO - Started process (PID=28409) to work on /home/hp/miniconda3/envs/airflow_env/lib/python3.8/site-packages/airflow/example_dags/example_external_task_marker_dag.py
[2022-07-25 04:37:28,171] {processor.py:641} INFO - Processing file /home/hp/miniconda3/envs/airflow_env/lib/python3.8/site-packages/airflow/example_dags/example_external_task_marker_dag.py for tasks to queue
[2022-07-25 04:37:28,171] {logging_mixin.py:115} INFO - [2022-07-25 04:37:28,171] {dagbag.py:508} INFO - Filling up the DagBag from /home/hp/miniconda3/envs/airflow_env/lib/python3.8/site-packages/airflow/example_dags/example_external_task_marker_dag.py
[2022-07-25 04:37:28,177] {processor.py:651} INFO - DAG(s) dict_keys(['example_external_task_marker_parent', 'example_external_task_marker_child']) retrieved from /home/hp/miniconda3/envs/airflow_env/lib/python3.8/site-packages/airflow/example_dags/example_external_task_marker_dag.py
[2022-07-25 04:37:28,196] {logging_mixin.py:115} INFO - [2022-07-25 04:37:28,196] {dag.py:2420} INFO - Sync 2 DAGs
[2022-07-25 04:37:28,206] {logging_mixin.py:115} INFO - [2022-07-25 04:37:28,205] {dag.py:2968} INFO - Setting next_dagrun for example_external_task_marker_child to None, run_after=None
[2022-07-25 04:37:28,206] {logging_mixin.py:115} INFO - [2022-07-25 04:37:28,206] {dag.py:2968} INFO - Setting next_dagrun for example_external_task_marker_parent to None, run_after=None
[2022-07-25 04:37:28,215] {processor.py:161} INFO - Processing /home/hp/miniconda3/envs/airflow_env/lib/python3.8/site-packages/airflow/example_dags/example_external_task_marker_dag.py took 0.049 seconds
[2022-07-25 10:58:37,956] {processor.py:153} INFO - Started process (PID=57299) to work on /home/hp/miniconda3/envs/airflow_env/lib/python3.8/site-packages/airflow/example_dags/example_external_task_marker_dag.py
[2022-07-25 10:58:37,957] {processor.py:641} INFO - Processing file /home/hp/miniconda3/envs/airflow_env/lib/python3.8/site-packages/airflow/example_dags/example_external_task_marker_dag.py for tasks to queue
[2022-07-25 10:58:37,957] {logging_mixin.py:115} INFO - [2022-07-25 10:58:37,957] {dagbag.py:508} INFO - Filling up the DagBag from /home/hp/miniconda3/envs/airflow_env/lib/python3.8/site-packages/airflow/example_dags/example_external_task_marker_dag.py
[2022-07-25 10:58:37,959] {processor.py:651} INFO - DAG(s) dict_keys(['example_external_task_marker_parent', 'example_external_task_marker_child']) retrieved from /home/hp/miniconda3/envs/airflow_env/lib/python3.8/site-packages/airflow/example_dags/example_external_task_marker_dag.py
[2022-07-25 10:58:37,972] {logging_mixin.py:115} INFO - [2022-07-25 10:58:37,972] {dag.py:2420} INFO - Sync 2 DAGs
[2022-07-25 10:58:37,981] {logging_mixin.py:115} INFO - [2022-07-25 10:58:37,981] {dag.py:2968} INFO - Setting next_dagrun for example_external_task_marker_child to None, run_after=None
[2022-07-25 10:58:37,981] {logging_mixin.py:115} INFO - [2022-07-25 10:58:37,981] {dag.py:2968} INFO - Setting next_dagrun for example_external_task_marker_parent to None, run_after=None
[2022-07-25 10:58:37,992] {processor.py:161} INFO - Processing /home/hp/miniconda3/envs/airflow_env/lib/python3.8/site-packages/airflow/example_dags/example_external_task_marker_dag.py took 0.037 seconds
[2022-07-25 10:59:15,093] {processor.py:153} INFO - Started process (PID=57642) to work on /home/hp/miniconda3/envs/airflow_env/lib/python3.8/site-packages/airflow/example_dags/example_external_task_marker_dag.py
[2022-07-25 10:59:15,093] {processor.py:641} INFO - Processing file /home/hp/miniconda3/envs/airflow_env/lib/python3.8/site-packages/airflow/example_dags/example_external_task_marker_dag.py for tasks to queue
[2022-07-25 10:59:15,094] {logging_mixin.py:115} INFO - [2022-07-25 10:59:15,093] {dagbag.py:508} INFO - Filling up the DagBag from /home/hp/miniconda3/envs/airflow_env/lib/python3.8/site-packages/airflow/example_dags/example_external_task_marker_dag.py
[2022-07-25 10:59:15,097] {processor.py:651} INFO - DAG(s) dict_keys(['example_external_task_marker_parent', 'example_external_task_marker_child']) retrieved from /home/hp/miniconda3/envs/airflow_env/lib/python3.8/site-packages/airflow/example_dags/example_external_task_marker_dag.py
[2022-07-25 10:59:15,113] {logging_mixin.py:115} INFO - [2022-07-25 10:59:15,113] {dag.py:2420} INFO - Sync 2 DAGs
[2022-07-25 10:59:15,120] {logging_mixin.py:115} INFO - [2022-07-25 10:59:15,120] {dag.py:2968} INFO - Setting next_dagrun for example_external_task_marker_child to None, run_after=None
[2022-07-25 10:59:15,120] {logging_mixin.py:115} INFO - [2022-07-25 10:59:15,120] {dag.py:2968} INFO - Setting next_dagrun for example_external_task_marker_parent to None, run_after=None
[2022-07-25 10:59:15,128] {processor.py:161} INFO - Processing /home/hp/miniconda3/envs/airflow_env/lib/python3.8/site-packages/airflow/example_dags/example_external_task_marker_dag.py took 0.039 seconds
[2022-07-25 10:59:48,330] {processor.py:153} INFO - Started process (PID=57918) to work on /home/hp/miniconda3/envs/airflow_env/lib/python3.8/site-packages/airflow/example_dags/example_external_task_marker_dag.py
[2022-07-25 10:59:48,331] {processor.py:641} INFO - Processing file /home/hp/miniconda3/envs/airflow_env/lib/python3.8/site-packages/airflow/example_dags/example_external_task_marker_dag.py for tasks to queue
[2022-07-25 10:59:48,331] {logging_mixin.py:115} INFO - [2022-07-25 10:59:48,331] {dagbag.py:508} INFO - Filling up the DagBag from /home/hp/miniconda3/envs/airflow_env/lib/python3.8/site-packages/airflow/example_dags/example_external_task_marker_dag.py
[2022-07-25 10:59:48,337] {processor.py:651} INFO - DAG(s) dict_keys(['example_external_task_marker_parent', 'example_external_task_marker_child']) retrieved from /home/hp/miniconda3/envs/airflow_env/lib/python3.8/site-packages/airflow/example_dags/example_external_task_marker_dag.py
[2022-07-25 10:59:48,352] {logging_mixin.py:115} INFO - [2022-07-25 10:59:48,352] {dag.py:2420} INFO - Sync 2 DAGs
[2022-07-25 10:59:48,359] {logging_mixin.py:115} INFO - [2022-07-25 10:59:48,359] {dag.py:2968} INFO - Setting next_dagrun for example_external_task_marker_child to None, run_after=None
[2022-07-25 10:59:48,360] {logging_mixin.py:115} INFO - [2022-07-25 10:59:48,360] {dag.py:2968} INFO - Setting next_dagrun for example_external_task_marker_parent to None, run_after=None
[2022-07-25 10:59:48,369] {processor.py:161} INFO - Processing /home/hp/miniconda3/envs/airflow_env/lib/python3.8/site-packages/airflow/example_dags/example_external_task_marker_dag.py took 0.043 seconds
[2022-07-25 11:00:23,323] {processor.py:153} INFO - Started process (PID=59500) to work on /home/hp/miniconda3/envs/airflow_env/lib/python3.8/site-packages/airflow/example_dags/example_external_task_marker_dag.py
[2022-07-25 11:00:23,324] {processor.py:641} INFO - Processing file /home/hp/miniconda3/envs/airflow_env/lib/python3.8/site-packages/airflow/example_dags/example_external_task_marker_dag.py for tasks to queue
[2022-07-25 11:00:23,325] {logging_mixin.py:115} INFO - [2022-07-25 11:00:23,325] {dagbag.py:508} INFO - Filling up the DagBag from /home/hp/miniconda3/envs/airflow_env/lib/python3.8/site-packages/airflow/example_dags/example_external_task_marker_dag.py
[2022-07-25 11:00:23,330] {processor.py:651} INFO - DAG(s) dict_keys(['example_external_task_marker_parent', 'example_external_task_marker_child']) retrieved from /home/hp/miniconda3/envs/airflow_env/lib/python3.8/site-packages/airflow/example_dags/example_external_task_marker_dag.py
[2022-07-25 11:00:23,342] {logging_mixin.py:115} INFO - [2022-07-25 11:00:23,342] {dag.py:2420} INFO - Sync 2 DAGs
[2022-07-25 11:00:23,350] {logging_mixin.py:115} INFO - [2022-07-25 11:00:23,350] {dag.py:2968} INFO - Setting next_dagrun for example_external_task_marker_child to None, run_after=None
[2022-07-25 11:00:23,350] {logging_mixin.py:115} INFO - [2022-07-25 11:00:23,350] {dag.py:2968} INFO - Setting next_dagrun for example_external_task_marker_parent to None, run_after=None
[2022-07-25 11:00:23,358] {processor.py:161} INFO - Processing /home/hp/miniconda3/envs/airflow_env/lib/python3.8/site-packages/airflow/example_dags/example_external_task_marker_dag.py took 0.038 seconds
[2022-07-25 11:00:58,149] {processor.py:153} INFO - Started process (PID=59758) to work on /home/hp/miniconda3/envs/airflow_env/lib/python3.8/site-packages/airflow/example_dags/example_external_task_marker_dag.py
[2022-07-25 11:00:58,149] {processor.py:641} INFO - Processing file /home/hp/miniconda3/envs/airflow_env/lib/python3.8/site-packages/airflow/example_dags/example_external_task_marker_dag.py for tasks to queue
[2022-07-25 11:00:58,150] {logging_mixin.py:115} INFO - [2022-07-25 11:00:58,150] {dagbag.py:508} INFO - Filling up the DagBag from /home/hp/miniconda3/envs/airflow_env/lib/python3.8/site-packages/airflow/example_dags/example_external_task_marker_dag.py
[2022-07-25 11:00:58,155] {processor.py:651} INFO - DAG(s) dict_keys(['example_external_task_marker_parent', 'example_external_task_marker_child']) retrieved from /home/hp/miniconda3/envs/airflow_env/lib/python3.8/site-packages/airflow/example_dags/example_external_task_marker_dag.py
[2022-07-25 11:00:58,172] {logging_mixin.py:115} INFO - [2022-07-25 11:00:58,172] {dag.py:2420} INFO - Sync 2 DAGs
[2022-07-25 11:00:58,181] {logging_mixin.py:115} INFO - [2022-07-25 11:00:58,181] {dag.py:2968} INFO - Setting next_dagrun for example_external_task_marker_child to None, run_after=None
[2022-07-25 11:00:58,181] {logging_mixin.py:115} INFO - [2022-07-25 11:00:58,181] {dag.py:2968} INFO - Setting next_dagrun for example_external_task_marker_parent to None, run_after=None
[2022-07-25 11:00:58,189] {processor.py:161} INFO - Processing /home/hp/miniconda3/envs/airflow_env/lib/python3.8/site-packages/airflow/example_dags/example_external_task_marker_dag.py took 0.045 seconds
[2022-07-25 11:01:32,750] {processor.py:153} INFO - Started process (PID=59917) to work on /home/hp/miniconda3/envs/airflow_env/lib/python3.8/site-packages/airflow/example_dags/example_external_task_marker_dag.py
[2022-07-25 11:01:32,751] {processor.py:641} INFO - Processing file /home/hp/miniconda3/envs/airflow_env/lib/python3.8/site-packages/airflow/example_dags/example_external_task_marker_dag.py for tasks to queue
[2022-07-25 11:01:32,752] {logging_mixin.py:115} INFO - [2022-07-25 11:01:32,752] {dagbag.py:508} INFO - Filling up the DagBag from /home/hp/miniconda3/envs/airflow_env/lib/python3.8/site-packages/airflow/example_dags/example_external_task_marker_dag.py
[2022-07-25 11:01:32,757] {processor.py:651} INFO - DAG(s) dict_keys(['example_external_task_marker_parent', 'example_external_task_marker_child']) retrieved from /home/hp/miniconda3/envs/airflow_env/lib/python3.8/site-packages/airflow/example_dags/example_external_task_marker_dag.py
[2022-07-25 11:01:32,769] {logging_mixin.py:115} INFO - [2022-07-25 11:01:32,769] {dag.py:2420} INFO - Sync 2 DAGs
[2022-07-25 11:01:32,777] {logging_mixin.py:115} INFO - [2022-07-25 11:01:32,777] {dag.py:2968} INFO - Setting next_dagrun for example_external_task_marker_child to None, run_after=None
[2022-07-25 11:01:32,777] {logging_mixin.py:115} INFO - [2022-07-25 11:01:32,777] {dag.py:2968} INFO - Setting next_dagrun for example_external_task_marker_parent to None, run_after=None
[2022-07-25 11:01:32,785] {processor.py:161} INFO - Processing /home/hp/miniconda3/envs/airflow_env/lib/python3.8/site-packages/airflow/example_dags/example_external_task_marker_dag.py took 0.036 seconds
[2022-07-25 11:02:09,069] {processor.py:153} INFO - Started process (PID=60117) to work on /home/hp/miniconda3/envs/airflow_env/lib/python3.8/site-packages/airflow/example_dags/example_external_task_marker_dag.py
[2022-07-25 11:02:09,071] {processor.py:641} INFO - Processing file /home/hp/miniconda3/envs/airflow_env/lib/python3.8/site-packages/airflow/example_dags/example_external_task_marker_dag.py for tasks to queue
[2022-07-25 11:02:09,071] {logging_mixin.py:115} INFO - [2022-07-25 11:02:09,071] {dagbag.py:508} INFO - Filling up the DagBag from /home/hp/miniconda3/envs/airflow_env/lib/python3.8/site-packages/airflow/example_dags/example_external_task_marker_dag.py
[2022-07-25 11:02:09,077] {processor.py:651} INFO - DAG(s) dict_keys(['example_external_task_marker_parent', 'example_external_task_marker_child']) retrieved from /home/hp/miniconda3/envs/airflow_env/lib/python3.8/site-packages/airflow/example_dags/example_external_task_marker_dag.py
[2022-07-25 11:02:09,094] {logging_mixin.py:115} INFO - [2022-07-25 11:02:09,094] {dag.py:2420} INFO - Sync 2 DAGs
[2022-07-25 11:02:09,103] {logging_mixin.py:115} INFO - [2022-07-25 11:02:09,103] {dag.py:2968} INFO - Setting next_dagrun for example_external_task_marker_child to None, run_after=None
[2022-07-25 11:02:09,104] {logging_mixin.py:115} INFO - [2022-07-25 11:02:09,104] {dag.py:2968} INFO - Setting next_dagrun for example_external_task_marker_parent to None, run_after=None
[2022-07-25 11:02:09,114] {processor.py:161} INFO - Processing /home/hp/miniconda3/envs/airflow_env/lib/python3.8/site-packages/airflow/example_dags/example_external_task_marker_dag.py took 0.047 seconds
[2022-07-25 11:02:44,436] {processor.py:153} INFO - Started process (PID=60844) to work on /home/hp/miniconda3/envs/airflow_env/lib/python3.8/site-packages/airflow/example_dags/example_external_task_marker_dag.py
[2022-07-25 11:02:44,437] {processor.py:641} INFO - Processing file /home/hp/miniconda3/envs/airflow_env/lib/python3.8/site-packages/airflow/example_dags/example_external_task_marker_dag.py for tasks to queue
[2022-07-25 11:02:44,437] {logging_mixin.py:115} INFO - [2022-07-25 11:02:44,437] {dagbag.py:508} INFO - Filling up the DagBag from /home/hp/miniconda3/envs/airflow_env/lib/python3.8/site-packages/airflow/example_dags/example_external_task_marker_dag.py
[2022-07-25 11:02:44,439] {processor.py:651} INFO - DAG(s) dict_keys(['example_external_task_marker_parent', 'example_external_task_marker_child']) retrieved from /home/hp/miniconda3/envs/airflow_env/lib/python3.8/site-packages/airflow/example_dags/example_external_task_marker_dag.py
[2022-07-25 11:02:44,452] {logging_mixin.py:115} INFO - [2022-07-25 11:02:44,452] {dag.py:2420} INFO - Sync 2 DAGs
[2022-07-25 11:02:44,461] {logging_mixin.py:115} INFO - [2022-07-25 11:02:44,461] {dag.py:2968} INFO - Setting next_dagrun for example_external_task_marker_child to None, run_after=None
[2022-07-25 11:02:44,461] {logging_mixin.py:115} INFO - [2022-07-25 11:02:44,461] {dag.py:2968} INFO - Setting next_dagrun for example_external_task_marker_parent to None, run_after=None
[2022-07-25 11:02:44,470] {processor.py:161} INFO - Processing /home/hp/miniconda3/envs/airflow_env/lib/python3.8/site-packages/airflow/example_dags/example_external_task_marker_dag.py took 0.036 seconds
[2022-07-25 11:03:20,367] {processor.py:153} INFO - Started process (PID=61684) to work on /home/hp/miniconda3/envs/airflow_env/lib/python3.8/site-packages/airflow/example_dags/example_external_task_marker_dag.py
[2022-07-25 11:03:20,368] {processor.py:641} INFO - Processing file /home/hp/miniconda3/envs/airflow_env/lib/python3.8/site-packages/airflow/example_dags/example_external_task_marker_dag.py for tasks to queue
[2022-07-25 11:03:20,368] {logging_mixin.py:115} INFO - [2022-07-25 11:03:20,368] {dagbag.py:508} INFO - Filling up the DagBag from /home/hp/miniconda3/envs/airflow_env/lib/python3.8/site-packages/airflow/example_dags/example_external_task_marker_dag.py
[2022-07-25 11:03:20,374] {processor.py:651} INFO - DAG(s) dict_keys(['example_external_task_marker_parent', 'example_external_task_marker_child']) retrieved from /home/hp/miniconda3/envs/airflow_env/lib/python3.8/site-packages/airflow/example_dags/example_external_task_marker_dag.py
[2022-07-25 11:03:20,390] {logging_mixin.py:115} INFO - [2022-07-25 11:03:20,390] {dag.py:2420} INFO - Sync 2 DAGs
[2022-07-25 11:03:20,397] {logging_mixin.py:115} INFO - [2022-07-25 11:03:20,397] {dag.py:2968} INFO - Setting next_dagrun for example_external_task_marker_child to None, run_after=None
[2022-07-25 11:03:20,398] {logging_mixin.py:115} INFO - [2022-07-25 11:03:20,398] {dag.py:2968} INFO - Setting next_dagrun for example_external_task_marker_parent to None, run_after=None
[2022-07-25 11:03:20,407] {processor.py:161} INFO - Processing /home/hp/miniconda3/envs/airflow_env/lib/python3.8/site-packages/airflow/example_dags/example_external_task_marker_dag.py took 0.045 seconds
[2022-07-25 11:03:57,349] {processor.py:153} INFO - Started process (PID=61969) to work on /home/hp/miniconda3/envs/airflow_env/lib/python3.8/site-packages/airflow/example_dags/example_external_task_marker_dag.py
[2022-07-25 11:03:57,350] {processor.py:641} INFO - Processing file /home/hp/miniconda3/envs/airflow_env/lib/python3.8/site-packages/airflow/example_dags/example_external_task_marker_dag.py for tasks to queue
[2022-07-25 11:03:57,350] {logging_mixin.py:115} INFO - [2022-07-25 11:03:57,350] {dagbag.py:508} INFO - Filling up the DagBag from /home/hp/miniconda3/envs/airflow_env/lib/python3.8/site-packages/airflow/example_dags/example_external_task_marker_dag.py
[2022-07-25 11:03:57,353] {processor.py:651} INFO - DAG(s) dict_keys(['example_external_task_marker_parent', 'example_external_task_marker_child']) retrieved from /home/hp/miniconda3/envs/airflow_env/lib/python3.8/site-packages/airflow/example_dags/example_external_task_marker_dag.py
[2022-07-25 11:03:57,370] {logging_mixin.py:115} INFO - [2022-07-25 11:03:57,370] {dag.py:2420} INFO - Sync 2 DAGs
[2022-07-25 11:03:57,377] {logging_mixin.py:115} INFO - [2022-07-25 11:03:57,377] {dag.py:2968} INFO - Setting next_dagrun for example_external_task_marker_child to None, run_after=None
[2022-07-25 11:03:57,377] {logging_mixin.py:115} INFO - [2022-07-25 11:03:57,377] {dag.py:2968} INFO - Setting next_dagrun for example_external_task_marker_parent to None, run_after=None
[2022-07-25 11:03:57,386] {processor.py:161} INFO - Processing /home/hp/miniconda3/envs/airflow_env/lib/python3.8/site-packages/airflow/example_dags/example_external_task_marker_dag.py took 0.040 seconds
[2022-07-25 11:04:31,310] {processor.py:153} INFO - Started process (PID=62240) to work on /home/hp/miniconda3/envs/airflow_env/lib/python3.8/site-packages/airflow/example_dags/example_external_task_marker_dag.py
[2022-07-25 11:04:31,311] {processor.py:641} INFO - Processing file /home/hp/miniconda3/envs/airflow_env/lib/python3.8/site-packages/airflow/example_dags/example_external_task_marker_dag.py for tasks to queue
[2022-07-25 11:04:31,311] {logging_mixin.py:115} INFO - [2022-07-25 11:04:31,311] {dagbag.py:508} INFO - Filling up the DagBag from /home/hp/miniconda3/envs/airflow_env/lib/python3.8/site-packages/airflow/example_dags/example_external_task_marker_dag.py
[2022-07-25 11:04:31,313] {processor.py:651} INFO - DAG(s) dict_keys(['example_external_task_marker_parent', 'example_external_task_marker_child']) retrieved from /home/hp/miniconda3/envs/airflow_env/lib/python3.8/site-packages/airflow/example_dags/example_external_task_marker_dag.py
[2022-07-25 11:04:31,326] {logging_mixin.py:115} INFO - [2022-07-25 11:04:31,326] {dag.py:2420} INFO - Sync 2 DAGs
[2022-07-25 11:04:31,334] {logging_mixin.py:115} INFO - [2022-07-25 11:04:31,334] {dag.py:2968} INFO - Setting next_dagrun for example_external_task_marker_child to None, run_after=None
[2022-07-25 11:04:31,335] {logging_mixin.py:115} INFO - [2022-07-25 11:04:31,335] {dag.py:2968} INFO - Setting next_dagrun for example_external_task_marker_parent to None, run_after=None
[2022-07-25 11:04:31,345] {processor.py:161} INFO - Processing /home/hp/miniconda3/envs/airflow_env/lib/python3.8/site-packages/airflow/example_dags/example_external_task_marker_dag.py took 0.036 seconds
[2022-07-25 11:05:06,845] {processor.py:153} INFO - Started process (PID=62537) to work on /home/hp/miniconda3/envs/airflow_env/lib/python3.8/site-packages/airflow/example_dags/example_external_task_marker_dag.py
[2022-07-25 11:05:06,846] {processor.py:641} INFO - Processing file /home/hp/miniconda3/envs/airflow_env/lib/python3.8/site-packages/airflow/example_dags/example_external_task_marker_dag.py for tasks to queue
[2022-07-25 11:05:06,846] {logging_mixin.py:115} INFO - [2022-07-25 11:05:06,846] {dagbag.py:508} INFO - Filling up the DagBag from /home/hp/miniconda3/envs/airflow_env/lib/python3.8/site-packages/airflow/example_dags/example_external_task_marker_dag.py
[2022-07-25 11:05:06,850] {processor.py:651} INFO - DAG(s) dict_keys(['example_external_task_marker_parent', 'example_external_task_marker_child']) retrieved from /home/hp/miniconda3/envs/airflow_env/lib/python3.8/site-packages/airflow/example_dags/example_external_task_marker_dag.py
[2022-07-25 11:05:06,866] {logging_mixin.py:115} INFO - [2022-07-25 11:05:06,866] {dag.py:2420} INFO - Sync 2 DAGs
[2022-07-25 11:05:06,874] {logging_mixin.py:115} INFO - [2022-07-25 11:05:06,874] {dag.py:2968} INFO - Setting next_dagrun for example_external_task_marker_child to None, run_after=None
[2022-07-25 11:05:06,874] {logging_mixin.py:115} INFO - [2022-07-25 11:05:06,874] {dag.py:2968} INFO - Setting next_dagrun for example_external_task_marker_parent to None, run_after=None
[2022-07-25 11:05:06,883] {processor.py:161} INFO - Processing /home/hp/miniconda3/envs/airflow_env/lib/python3.8/site-packages/airflow/example_dags/example_external_task_marker_dag.py took 0.041 seconds
[2022-07-25 11:05:40,945] {processor.py:153} INFO - Started process (PID=62741) to work on /home/hp/miniconda3/envs/airflow_env/lib/python3.8/site-packages/airflow/example_dags/example_external_task_marker_dag.py
[2022-07-25 11:05:40,947] {processor.py:641} INFO - Processing file /home/hp/miniconda3/envs/airflow_env/lib/python3.8/site-packages/airflow/example_dags/example_external_task_marker_dag.py for tasks to queue
[2022-07-25 11:05:40,947] {logging_mixin.py:115} INFO - [2022-07-25 11:05:40,947] {dagbag.py:508} INFO - Filling up the DagBag from /home/hp/miniconda3/envs/airflow_env/lib/python3.8/site-packages/airflow/example_dags/example_external_task_marker_dag.py
[2022-07-25 11:05:40,953] {processor.py:651} INFO - DAG(s) dict_keys(['example_external_task_marker_parent', 'example_external_task_marker_child']) retrieved from /home/hp/miniconda3/envs/airflow_env/lib/python3.8/site-packages/airflow/example_dags/example_external_task_marker_dag.py
[2022-07-25 11:05:40,969] {logging_mixin.py:115} INFO - [2022-07-25 11:05:40,969] {dag.py:2420} INFO - Sync 2 DAGs
[2022-07-25 11:05:40,976] {logging_mixin.py:115} INFO - [2022-07-25 11:05:40,976] {dag.py:2968} INFO - Setting next_dagrun for example_external_task_marker_child to None, run_after=None
[2022-07-25 11:05:40,977] {logging_mixin.py:115} INFO - [2022-07-25 11:05:40,977] {dag.py:2968} INFO - Setting next_dagrun for example_external_task_marker_parent to None, run_after=None
[2022-07-25 11:05:40,988] {processor.py:161} INFO - Processing /home/hp/miniconda3/envs/airflow_env/lib/python3.8/site-packages/airflow/example_dags/example_external_task_marker_dag.py took 0.047 seconds
[2022-07-25 11:06:15,752] {processor.py:153} INFO - Started process (PID=62982) to work on /home/hp/miniconda3/envs/airflow_env/lib/python3.8/site-packages/airflow/example_dags/example_external_task_marker_dag.py
[2022-07-25 11:06:15,752] {processor.py:641} INFO - Processing file /home/hp/miniconda3/envs/airflow_env/lib/python3.8/site-packages/airflow/example_dags/example_external_task_marker_dag.py for tasks to queue
[2022-07-25 11:06:15,753] {logging_mixin.py:115} INFO - [2022-07-25 11:06:15,753] {dagbag.py:508} INFO - Filling up the DagBag from /home/hp/miniconda3/envs/airflow_env/lib/python3.8/site-packages/airflow/example_dags/example_external_task_marker_dag.py
[2022-07-25 11:06:15,757] {processor.py:651} INFO - DAG(s) dict_keys(['example_external_task_marker_parent', 'example_external_task_marker_child']) retrieved from /home/hp/miniconda3/envs/airflow_env/lib/python3.8/site-packages/airflow/example_dags/example_external_task_marker_dag.py
[2022-07-25 11:06:15,770] {logging_mixin.py:115} INFO - [2022-07-25 11:06:15,770] {dag.py:2420} INFO - Sync 2 DAGs
[2022-07-25 11:06:15,778] {logging_mixin.py:115} INFO - [2022-07-25 11:06:15,778] {dag.py:2968} INFO - Setting next_dagrun for example_external_task_marker_child to None, run_after=None
[2022-07-25 11:06:15,778] {logging_mixin.py:115} INFO - [2022-07-25 11:06:15,778] {dag.py:2968} INFO - Setting next_dagrun for example_external_task_marker_parent to None, run_after=None
[2022-07-25 11:06:15,788] {processor.py:161} INFO - Processing /home/hp/miniconda3/envs/airflow_env/lib/python3.8/site-packages/airflow/example_dags/example_external_task_marker_dag.py took 0.038 seconds
[2022-07-25 11:06:51,559] {processor.py:153} INFO - Started process (PID=63296) to work on /home/hp/miniconda3/envs/airflow_env/lib/python3.8/site-packages/airflow/example_dags/example_external_task_marker_dag.py
[2022-07-25 11:06:51,560] {processor.py:641} INFO - Processing file /home/hp/miniconda3/envs/airflow_env/lib/python3.8/site-packages/airflow/example_dags/example_external_task_marker_dag.py for tasks to queue
[2022-07-25 11:06:51,561] {logging_mixin.py:115} INFO - [2022-07-25 11:06:51,561] {dagbag.py:508} INFO - Filling up the DagBag from /home/hp/miniconda3/envs/airflow_env/lib/python3.8/site-packages/airflow/example_dags/example_external_task_marker_dag.py
[2022-07-25 11:06:51,564] {processor.py:651} INFO - DAG(s) dict_keys(['example_external_task_marker_parent', 'example_external_task_marker_child']) retrieved from /home/hp/miniconda3/envs/airflow_env/lib/python3.8/site-packages/airflow/example_dags/example_external_task_marker_dag.py
[2022-07-25 11:06:51,576] {logging_mixin.py:115} INFO - [2022-07-25 11:06:51,576] {dag.py:2420} INFO - Sync 2 DAGs
[2022-07-25 11:06:51,584] {logging_mixin.py:115} INFO - [2022-07-25 11:06:51,584] {dag.py:2968} INFO - Setting next_dagrun for example_external_task_marker_child to None, run_after=None
[2022-07-25 11:06:51,584] {logging_mixin.py:115} INFO - [2022-07-25 11:06:51,584] {dag.py:2968} INFO - Setting next_dagrun for example_external_task_marker_parent to None, run_after=None
[2022-07-25 11:06:51,594] {processor.py:161} INFO - Processing /home/hp/miniconda3/envs/airflow_env/lib/python3.8/site-packages/airflow/example_dags/example_external_task_marker_dag.py took 0.038 seconds
[2022-07-25 11:07:25,216] {processor.py:153} INFO - Started process (PID=63538) to work on /home/hp/miniconda3/envs/airflow_env/lib/python3.8/site-packages/airflow/example_dags/example_external_task_marker_dag.py
[2022-07-25 11:07:25,216] {processor.py:641} INFO - Processing file /home/hp/miniconda3/envs/airflow_env/lib/python3.8/site-packages/airflow/example_dags/example_external_task_marker_dag.py for tasks to queue
[2022-07-25 11:07:25,216] {logging_mixin.py:115} INFO - [2022-07-25 11:07:25,216] {dagbag.py:508} INFO - Filling up the DagBag from /home/hp/miniconda3/envs/airflow_env/lib/python3.8/site-packages/airflow/example_dags/example_external_task_marker_dag.py
[2022-07-25 11:07:25,218] {processor.py:651} INFO - DAG(s) dict_keys(['example_external_task_marker_parent', 'example_external_task_marker_child']) retrieved from /home/hp/miniconda3/envs/airflow_env/lib/python3.8/site-packages/airflow/example_dags/example_external_task_marker_dag.py
[2022-07-25 11:07:25,232] {logging_mixin.py:115} INFO - [2022-07-25 11:07:25,232] {dag.py:2420} INFO - Sync 2 DAGs
[2022-07-25 11:07:25,240] {logging_mixin.py:115} INFO - [2022-07-25 11:07:25,240] {dag.py:2968} INFO - Setting next_dagrun for example_external_task_marker_child to None, run_after=None
[2022-07-25 11:07:25,241] {logging_mixin.py:115} INFO - [2022-07-25 11:07:25,241] {dag.py:2968} INFO - Setting next_dagrun for example_external_task_marker_parent to None, run_after=None
[2022-07-25 11:07:25,251] {processor.py:161} INFO - Processing /home/hp/miniconda3/envs/airflow_env/lib/python3.8/site-packages/airflow/example_dags/example_external_task_marker_dag.py took 0.039 seconds
[2022-07-25 11:08:01,073] {processor.py:153} INFO - Started process (PID=63903) to work on /home/hp/miniconda3/envs/airflow_env/lib/python3.8/site-packages/airflow/example_dags/example_external_task_marker_dag.py
[2022-07-25 11:08:01,073] {processor.py:641} INFO - Processing file /home/hp/miniconda3/envs/airflow_env/lib/python3.8/site-packages/airflow/example_dags/example_external_task_marker_dag.py for tasks to queue
[2022-07-25 11:08:01,073] {logging_mixin.py:115} INFO - [2022-07-25 11:08:01,073] {dagbag.py:508} INFO - Filling up the DagBag from /home/hp/miniconda3/envs/airflow_env/lib/python3.8/site-packages/airflow/example_dags/example_external_task_marker_dag.py
[2022-07-25 11:08:01,075] {processor.py:651} INFO - DAG(s) dict_keys(['example_external_task_marker_parent', 'example_external_task_marker_child']) retrieved from /home/hp/miniconda3/envs/airflow_env/lib/python3.8/site-packages/airflow/example_dags/example_external_task_marker_dag.py
[2022-07-25 11:08:01,089] {logging_mixin.py:115} INFO - [2022-07-25 11:08:01,089] {dag.py:2420} INFO - Sync 2 DAGs
[2022-07-25 11:08:01,097] {logging_mixin.py:115} INFO - [2022-07-25 11:08:01,097] {dag.py:2968} INFO - Setting next_dagrun for example_external_task_marker_child to None, run_after=None
[2022-07-25 11:08:01,097] {logging_mixin.py:115} INFO - [2022-07-25 11:08:01,097] {dag.py:2968} INFO - Setting next_dagrun for example_external_task_marker_parent to None, run_after=None
[2022-07-25 11:08:01,108] {processor.py:161} INFO - Processing /home/hp/miniconda3/envs/airflow_env/lib/python3.8/site-packages/airflow/example_dags/example_external_task_marker_dag.py took 0.037 seconds
                                                                                                                                                                                                                                                                                                                                                                                                                                                                                                                                                                                                                                                                                                                                                                                                                                                                                                                                                                                                                                                                                                                                                                                                                                                                                                                                                                                                                                                                                                                                                                                                                                                                                                                     