[2022-07-25 03:07:15,571] {processor.py:153} INFO - Started process (PID=21230) to work on /home/hp/miniconda3/envs/airflow_env/lib/python3.8/site-packages/airflow/example_dags/example_dag_decorator.py
[2022-07-25 03:07:15,571] {processor.py:641} INFO - Processing file /home/hp/miniconda3/envs/airflow_env/lib/python3.8/site-packages/airflow/example_dags/example_dag_decorator.py for tasks to queue
[2022-07-25 03:07:15,572] {logging_mixin.py:115} INFO - [2022-07-25 03:07:15,572] {dagbag.py:508} INFO - Filling up the DagBag from /home/hp/miniconda3/envs/airflow_env/lib/python3.8/site-packages/airflow/example_dags/example_dag_decorator.py
[2022-07-25 03:07:15,630] {processor.py:651} INFO - DAG(s) dict_keys(['example_dag_decorator']) retrieved from /home/hp/miniconda3/envs/airflow_env/lib/python3.8/site-packages/airflow/example_dags/example_dag_decorator.py
[2022-07-25 03:07:15,731] {logging_mixin.py:115} INFO - [2022-07-25 03:07:15,731] {dag.py:2420} INFO - Sync 1 DAGs
[2022-07-25 03:07:15,766] {logging_mixin.py:115} INFO - [2022-07-25 03:07:15,766] {dag.py:2968} INFO - Setting next_dagrun for example_dag_decorator to None, run_after=None
[2022-07-25 03:07:15,810] {processor.py:161} INFO - Processing /home/hp/miniconda3/envs/airflow_env/lib/python3.8/site-packages/airflow/example_dags/example_dag_decorator.py took 0.254 seconds
[2022-07-25 03:12:42,820] {processor.py:153} INFO - Started process (PID=21848) to work on /home/hp/miniconda3/envs/airflow_env/lib/python3.8/site-packages/airflow/example_dags/example_dag_decorator.py
[2022-07-25 03:12:42,821] {processor.py:641} INFO - Processing file /home/hp/miniconda3/envs/airflow_env/lib/python3.8/site-packages/airflow/example_dags/example_dag_decorator.py for tasks to queue
[2022-07-25 03:12:42,821] {logging_mixin.py:115} INFO - [2022-07-25 03:12:42,821] {dagbag.py:508} INFO - Filling up the DagBag from /home/hp/miniconda3/envs/airflow_env/lib/python3.8/site-packages/airflow/example_dags/example_dag_decorator.py
[2022-07-25 03:12:42,835] {processor.py:651} INFO - DAG(s) dict_keys(['example_dag_decorator']) retrieved from /home/hp/miniconda3/envs/airflow_env/lib/python3.8/site-packages/airflow/example_dags/example_dag_decorator.py
[2022-07-25 03:12:42,863] {logging_mixin.py:115} INFO - [2022-07-25 03:12:42,863] {dag.py:2420} INFO - Sync 1 DAGs
[2022-07-25 03:12:42,871] {logging_mixin.py:115} INFO - [2022-07-25 03:12:42,871] {dag.py:2968} INFO - Setting next_dagrun for example_dag_decorator to None, run_after=None
[2022-07-25 03:12:42,884] {processor.py:161} INFO - Processing /home/hp/miniconda3/envs/airflow_env/lib/python3.8/site-packages/airflow/example_dags/example_dag_decorator.py took 0.065 seconds
[2022-07-25 03:18:05,522] {processor.py:153} INFO - Started process (PID=22295) to work on /home/hp/miniconda3/envs/airflow_env/lib/python3.8/site-packages/airflow/example_dags/example_dag_decorator.py
[2022-07-25 03:18:05,523] {processor.py:641} INFO - Processing file /home/hp/miniconda3/envs/airflow_env/lib/python3.8/site-packages/airflow/example_dags/example_dag_decorator.py for tasks to queue
[2022-07-25 03:18:05,524] {logging_mixin.py:115} INFO - [2022-07-25 03:18:05,524] {dagbag.py:508} INFO - Filling up the DagBag from /home/hp/miniconda3/envs/airflow_env/lib/python3.8/site-packages/airflow/example_dags/example_dag_decorator.py
[2022-07-25 03:18:05,541] {processor.py:651} INFO - DAG(s) dict_keys(['example_dag_decorator']) retrieved from /home/hp/miniconda3/envs/airflow_env/lib/python3.8/site-packages/airflow/example_dags/example_dag_decorator.py
[2022-07-25 03:18:05,575] {logging_mixin.py:115} INFO - [2022-07-25 03:18:05,575] {dag.py:2420} INFO - Sync 1 DAGs
[2022-07-25 03:18:05,583] {logging_mixin.py:115} INFO - [2022-07-25 03:18:05,583] {dag.py:2968} INFO - Setting next_dagrun for example_dag_decorator to None, run_after=None
[2022-07-25 03:18:05,593] {processor.py:161} INFO - Processing /home/hp/miniconda3/envs/airflow_env/lib/python3.8/site-packages/airflow/example_dags/example_dag_decorator.py took 0.076 seconds
[2022-07-25 03:23:27,484] {processor.py:153} INFO - Started process (PID=22807) to work on /home/hp/miniconda3/envs/airflow_env/lib/python3.8/site-packages/airflow/example_dags/example_dag_decorator.py
[2022-07-25 03:23:27,485] {processor.py:641} INFO - Processing file /home/hp/miniconda3/envs/airflow_env/lib/python3.8/site-packages/airflow/example_dags/example_dag_decorator.py for tasks to queue
[2022-07-25 03:23:27,486] {logging_mixin.py:115} INFO - [2022-07-25 03:23:27,486] {dagbag.py:508} INFO - Filling up the DagBag from /home/hp/miniconda3/envs/airflow_env/lib/python3.8/site-packages/airflow/example_dags/example_dag_decorator.py
[2022-07-25 03:23:27,502] {processor.py:651} INFO - DAG(s) dict_keys(['example_dag_decorator']) retrieved from /home/hp/miniconda3/envs/airflow_env/lib/python3.8/site-packages/airflow/example_dags/example_dag_decorator.py
[2022-07-25 03:23:27,527] {logging_mixin.py:115} INFO - [2022-07-25 03:23:27,527] {dag.py:2420} INFO - Sync 1 DAGs
[2022-07-25 03:23:27,534] {logging_mixin.py:115} INFO - [2022-07-25 03:23:27,534] {dag.py:2968} INFO - Setting next_dagrun for example_dag_decorator to None, run_after=None
[2022-07-25 03:23:27,545] {processor.py:161} INFO - Processing /home/hp/miniconda3/envs/airflow_env/lib/python3.8/site-packages/airflow/example_dags/example_dag_decorator.py took 0.065 seconds
[2022-07-25 03:28:51,081] {processor.py:153} INFO - Started process (PID=23192) to work on /home/hp/miniconda3/envs/airflow_env/lib/python3.8/site-packages/airflow/example_dags/example_dag_decorator.py
[2022-07-25 03:28:51,081] {processor.py:641} INFO - Processing file /home/hp/miniconda3/envs/airflow_env/lib/python3.8/site-packages/airflow/example_dags/example_dag_decorator.py for tasks to queue
[2022-07-25 03:28:51,082] {logging_mixin.py:115} INFO - [2022-07-25 03:28:51,082] {dagbag.py:508} INFO - Filling up the DagBag from /home/hp/miniconda3/envs/airflow_env/lib/python3.8/site-packages/airflow/example_dags/example_dag_decorator.py
[2022-07-25 03:28:51,097] {processor.py:651} INFO - DAG(s) dict_keys(['example_dag_decorator']) retrieved from /home/hp/miniconda3/envs/airflow_env/lib/python3.8/site-packages/airflow/example_dags/example_dag_decorator.py
[2022-07-25 03:28:51,121] {logging_mixin.py:115} INFO - [2022-07-25 03:28:51,121] {dag.py:2420} INFO - Sync 1 DAGs
[2022-07-25 03:28:51,128] {logging_mixin.py:115} INFO - [2022-07-25 03:28:51,128] {dag.py:2968} INFO - Setting next_dagrun for example_dag_decorator to None, run_after=None
[2022-07-25 03:28:51,138] {processor.py:161} INFO - Processing /home/hp/miniconda3/envs/airflow_env/lib/python3.8/site-packages/airflow/example_dags/example_dag_decorator.py took 0.059 seconds
[2022-07-25 03:33:45,349] {processor.py:153} INFO - Started process (PID=23867) to work on /home/hp/miniconda3/envs/airflow_env/lib/python3.8/site-packages/airflow/example_dags/example_dag_decorator.py
[2022-07-25 03:33:45,363] {processor.py:641} INFO - Processing file /home/hp/miniconda3/envs/airflow_env/lib/python3.8/site-packages/airflow/example_dags/example_dag_decorator.py for tasks to queue
[2022-07-25 03:33:45,364] {logging_mixin.py:115} INFO - [2022-07-25 03:33:45,364] {dagbag.py:508} INFO - Filling up the DagBag from /home/hp/miniconda3/envs/airflow_env/lib/python3.8/site-packages/airflow/example_dags/example_dag_decorator.py
[2022-07-25 03:33:45,396] {processor.py:651} INFO - DAG(s) dict_keys(['example_dag_decorator']) retrieved from /home/hp/miniconda3/envs/airflow_env/lib/python3.8/site-packages/airflow/example_dags/example_dag_decorator.py
[2022-07-25 03:33:45,510] {logging_mixin.py:115} INFO - [2022-07-25 03:33:45,510] {dag.py:2420} INFO - Sync 1 DAGs
[2022-07-25 03:33:45,558] {logging_mixin.py:115} INFO - [2022-07-25 03:33:45,558] {dag.py:2968} INFO - Setting next_dagrun for example_dag_decorator to None, run_after=None
[2022-07-25 03:33:45,591] {processor.py:161} INFO - Processing /home/hp/miniconda3/envs/airflow_env/lib/python3.8/site-packages/airflow/example_dags/example_dag_decorator.py took 0.244 seconds
[2022-07-25 03:39:10,083] {processor.py:153} INFO - Started process (PID=24317) to work on /home/hp/miniconda3/envs/airflow_env/lib/python3.8/site-packages/airflow/example_dags/example_dag_decorator.py
[2022-07-25 03:39:10,083] {processor.py:641} INFO - Processing file /home/hp/miniconda3/envs/airflow_env/lib/python3.8/site-packages/airflow/example_dags/example_dag_decorator.py for tasks to queue
[2022-07-25 03:39:10,084] {logging_mixin.py:115} INFO - [2022-07-25 03:39:10,084] {dagbag.py:508} INFO - Filling up the DagBag from /home/hp/miniconda3/envs/airflow_env/lib/python3.8/site-packages/airflow/example_dags/example_dag_decorator.py
[2022-07-25 03:39:10,102] {processor.py:651} INFO - DAG(s) dict_keys(['example_dag_decorator']) retrieved from /home/hp/miniconda3/envs/airflow_env/lib/python3.8/site-packages/airflow/example_dags/example_dag_decorator.py
[2022-07-25 03:39:10,125] {logging_mixin.py:115} INFO - [2022-07-25 03:39:10,125] {dag.py:2420} INFO - Sync 1 DAGs
[2022-07-25 03:39:10,132] {logging_mixin.py:115} INFO - [2022-07-25 03:39:10,132] {dag.py:2968} INFO - Setting next_dagrun for example_dag_decorator to None, run_after=None
[2022-07-25 03:39:10,143] {processor.py:161} INFO - Processing /home/hp/miniconda3/envs/airflow_env/lib/python3.8/site-packages/airflow/example_dags/example_dag_decorator.py took 0.064 seconds
[2022-07-25 03:44:33,742] {processor.py:153} INFO - Started process (PID=24821) to work on /home/hp/miniconda3/envs/airflow_env/lib/python3.8/site-packages/airflow/example_dags/example_dag_decorator.py
[2022-07-25 03:44:33,743] {processor.py:641} INFO - Processing file /home/hp/miniconda3/envs/airflow_env/lib/python3.8/site-packages/airflow/example_dags/example_dag_decorator.py for tasks to queue
[2022-07-25 03:44:33,743] {logging_mixin.py:115} INFO - [2022-07-25 03:44:33,743] {dagbag.py:508} INFO - Filling up the DagBag from /home/hp/miniconda3/envs/airflow_env/lib/python3.8/site-packages/airflow/example_dags/example_dag_decorator.py
[2022-07-25 03:44:33,758] {processor.py:651} INFO - DAG(s) dict_keys(['example_dag_decorator']) retrieved from /home/hp/miniconda3/envs/airflow_env/lib/python3.8/site-packages/airflow/example_dags/example_dag_decorator.py
[2022-07-25 03:44:33,786] {logging_mixin.py:115} INFO - [2022-07-25 03:44:33,786] {dag.py:2420} INFO - Sync 1 DAGs
[2022-07-25 03:44:33,794] {logging_mixin.py:115} INFO - [2022-07-25 03:44:33,794] {dag.py:2968} INFO - Setting next_dagrun for example_dag_decorator to None, run_after=None
[2022-07-25 03:44:33,807] {processor.py:161} INFO - Processing /home/hp/miniconda3/envs/airflow_env/lib/python3.8/site-packages/airflow/example_dags/example_dag_decorator.py took 0.067 seconds
[2022-07-25 03:49:56,445] {processor.py:153} INFO - Started process (PID=25181) to work on /home/hp/miniconda3/envs/airflow_env/lib/python3.8/site-packages/airflow/example_dags/example_dag_decorator.py
[2022-07-25 03:49:56,446] {processor.py:641} INFO - Processing file /home/hp/miniconda3/envs/airflow_env/lib/python3.8/site-packages/airflow/example_dags/example_dag_decorator.py for tasks to queue
[2022-07-25 03:49:56,447] {logging_mixin.py:115} INFO - [2022-07-25 03:49:56,447] {dagbag.py:508} INFO - Filling up the DagBag from /home/hp/miniconda3/envs/airflow_env/lib/python3.8/site-packages/airflow/example_dags/example_dag_decorator.py
[2022-07-25 03:49:56,463] {processor.py:651} INFO - DAG(s) dict_keys(['example_dag_decorator']) retrieved from /home/hp/miniconda3/envs/airflow_env/lib/python3.8/site-packages/airflow/example_dags/example_dag_decorator.py
[2022-07-25 03:49:56,487] {logging_mixin.py:115} INFO - [2022-07-25 03:49:56,487] {dag.py:2420} INFO - Sync 1 DAGs
[2022-07-25 03:49:56,494] {logging_mixin.py:115} INFO - [2022-07-25 03:49:56,494] {dag.py:2968} INFO - Setting next_dagrun for example_dag_decorator to None, run_after=None
[2022-07-25 03:49:56,505] {processor.py:161} INFO - Processing /home/hp/miniconda3/envs/airflow_env/lib/python3.8/site-packages/airflow/example_dags/example_dag_decorator.py took 0.065 seconds
[2022-07-25 03:55:19,999] {processor.py:153} INFO - Started process (PID=25480) to work on /home/hp/miniconda3/envs/airflow_env/lib/python3.8/site-packages/airflow/example_dags/example_dag_decorator.py
[2022-07-25 03:55:20,000] {processor.py:641} INFO - Processing file /home/hp/miniconda3/envs/airflow_env/lib/python3.8/site-packages/airflow/example_dags/example_dag_decorator.py for tasks to queue
[2022-07-25 03:55:20,001] {logging_mixin.py:115} INFO - [2022-07-25 03:55:20,001] {dagbag.py:508} INFO - Filling up the DagBag from /home/hp/miniconda3/envs/airflow_env/lib/python3.8/site-packages/airflow/example_dags/example_dag_decorator.py
[2022-07-25 03:55:20,018] {processor.py:651} INFO - DAG(s) dict_keys(['example_dag_decorator']) retrieved from /home/hp/miniconda3/envs/airflow_env/lib/python3.8/site-packages/airflow/example_dags/example_dag_decorator.py
[2022-07-25 03:55:20,042] {logging_mixin.py:115} INFO - [2022-07-25 03:55:20,042] {dag.py:2420} INFO - Sync 1 DAGs
[2022-07-25 03:55:20,049] {logging_mixin.py:115} INFO - [2022-07-25 03:55:20,049] {dag.py:2968} INFO - Setting next_dagrun for example_dag_decorator to None, run_after=None
[2022-07-25 03:55:20,061] {processor.py:161} INFO - Processing /home/hp/miniconda3/envs/airflow_env/lib/python3.8/site-packages/airflow/example_dags/example_dag_decorator.py took 0.066 seconds
[2022-07-25 04:00:46,456] {processor.py:153} INFO - Started process (PID=25928) to work on /home/hp/miniconda3/envs/airflow_env/lib/python3.8/site-packages/airflow/example_dags/example_dag_decorator.py
[2022-07-25 04:00:46,457] {processor.py:641} INFO - Processing file /home/hp/miniconda3/envs/airflow_env/lib/python3.8/site-packages/airflow/example_dags/example_dag_decorator.py for tasks to queue
[2022-07-25 04:00:46,458] {logging_mixin.py:115} INFO - [2022-07-25 04:00:46,458] {dagbag.py:508} INFO - Filling up the DagBag from /home/hp/miniconda3/envs/airflow_env/lib/python3.8/site-packages/airflow/example_dags/example_dag_decorator.py
[2022-07-25 04:00:46,476] {processor.py:651} INFO - DAG(s) dict_keys(['example_dag_decorator']) retrieved from /home/hp/miniconda3/envs/airflow_env/lib/python3.8/site-packages/airflow/example_dags/example_dag_decorator.py
[2022-07-25 04:00:46,501] {logging_mixin.py:115} INFO - [2022-07-25 04:00:46,501] {dag.py:2420} INFO - Sync 1 DAGs
[2022-07-25 04:00:46,510] {logging_mixin.py:115} INFO - [2022-07-25 04:00:46,510] {dag.py:2968} INFO - Setting next_dagrun for example_dag_decorator to None, run_after=None
[2022-07-25 04:00:46,582] {processor.py:161} INFO - Processing /home/hp/miniconda3/envs/airflow_env/lib/python3.8/site-packages/airflow/example_dags/example_dag_decorator.py took 0.130 seconds
[2022-07-25 04:01:56,908] {processor.py:153} INFO - Started process (PID=26283) to work on /home/hp/miniconda3/envs/airflow_env/lib/python3.8/site-packages/airflow/example_dags/example_dag_decorator.py
[2022-07-25 04:01:56,909] {processor.py:641} INFO - Processing file /home/hp/miniconda3/envs/airflow_env/lib/python3.8/site-packages/airflow/example_dags/example_dag_decorator.py for tasks to queue
[2022-07-25 04:01:56,910] {logging_mixin.py:115} INFO - [2022-07-25 04:01:56,910] {dagbag.py:508} INFO - Filling up the DagBag from /home/hp/miniconda3/envs/airflow_env/lib/python3.8/site-packages/airflow/example_dags/example_dag_decorator.py
[2022-07-25 04:01:56,930] {processor.py:651} INFO - DAG(s) dict_keys(['example_dag_decorator']) retrieved from /home/hp/miniconda3/envs/airflow_env/lib/python3.8/site-packages/airflow/example_dags/example_dag_decorator.py
[2022-07-25 04:01:56,959] {logging_mixin.py:115} INFO - [2022-07-25 04:01:56,958] {dag.py:2420} INFO - Sync 1 DAGs
[2022-07-25 04:01:56,967] {logging_mixin.py:115} INFO - [2022-07-25 04:01:56,967] {dag.py:2968} INFO - Setting next_dagrun for example_dag_decorator to None, run_after=None
[2022-07-25 04:01:57,040] {processor.py:161} INFO - Processing /home/hp/miniconda3/envs/airflow_env/lib/python3.8/site-packages/airflow/example_dags/example_dag_decorator.py took 0.136 seconds
[2022-07-25 04:05:29,874] {processor.py:153} INFO - Started process (PID=26675) to work on /home/hp/miniconda3/envs/airflow_env/lib/python3.8/site-packages/airflow/example_dags/example_dag_decorator.py
[2022-07-25 04:05:29,875] {processor.py:641} INFO - Processing file /home/hp/miniconda3/envs/airflow_env/lib/python3.8/site-packages/airflow/example_dags/example_dag_decorator.py for tasks to queue
[2022-07-25 04:05:29,876] {logging_mixin.py:115} INFO - [2022-07-25 04:05:29,875] {dagbag.py:508} INFO - Filling up the DagBag from /home/hp/miniconda3/envs/airflow_env/lib/python3.8/site-packages/airflow/example_dags/example_dag_decorator.py
[2022-07-25 04:05:29,903] {processor.py:651} INFO - DAG(s) dict_keys(['example_dag_decorator']) retrieved from /home/hp/miniconda3/envs/airflow_env/lib/python3.8/site-packages/airflow/example_dags/example_dag_decorator.py
[2022-07-25 04:05:29,953] {logging_mixin.py:115} INFO - [2022-07-25 04:05:29,953] {dag.py:2420} INFO - Sync 1 DAGs
[2022-07-25 04:05:30,316] {logging_mixin.py:115} INFO - [2022-07-25 04:05:30,316] {dag.py:2968} INFO - Setting next_dagrun for example_dag_decorator to None, run_after=None
[2022-07-25 04:05:30,330] {processor.py:161} INFO - Processing /home/hp/miniconda3/envs/airflow_env/lib/python3.8/site-packages/airflow/example_dags/example_dag_decorator.py took 0.458 seconds
[2022-07-25 04:10:54,656] {processor.py:153} INFO - Started process (PID=27004) to work on /home/hp/miniconda3/envs/airflow_env/lib/python3.8/site-packages/airflow/example_dags/example_dag_decorator.py
[2022-07-25 04:10:54,656] {processor.py:641} INFO - Processing file /home/hp/miniconda3/envs/airflow_env/lib/python3.8/site-packages/airflow/example_dags/example_dag_decorator.py for tasks to queue
[2022-07-25 04:10:54,657] {logging_mixin.py:115} INFO - [2022-07-25 04:10:54,657] {dagbag.py:508} INFO - Filling up the DagBag from /home/hp/miniconda3/envs/airflow_env/lib/python3.8/site-packages/airflow/example_dags/example_dag_decorator.py
[2022-07-25 04:10:54,676] {processor.py:651} INFO - DAG(s) dict_keys(['example_dag_decorator']) retrieved from /home/hp/miniconda3/envs/airflow_env/lib/python3.8/site-packages/airflow/example_dags/example_dag_decorator.py
[2022-07-25 04:10:54,702] {logging_mixin.py:115} INFO - [2022-07-25 04:10:54,702] {dag.py:2420} INFO - Sync 1 DAGs
[2022-07-25 04:10:54,779] {logging_mixin.py:115} INFO - [2022-07-25 04:10:54,779] {dag.py:2968} INFO - Setting next_dagrun for example_dag_decorator to None, run_after=None
[2022-07-25 04:10:54,789] {processor.py:161} INFO - Processing /home/hp/miniconda3/envs/airflow_env/lib/python3.8/site-packages/airflow/example_dags/example_dag_decorator.py took 0.134 seconds
[2022-07-25 04:16:18,498] {processor.py:153} INFO - Started process (PID=27326) to work on /home/hp/miniconda3/envs/airflow_env/lib/python3.8/site-packages/airflow/example_dags/example_dag_decorator.py
[2022-07-25 04:16:18,499] {processor.py:641} INFO - Processing file /home/hp/miniconda3/envs/airflow_env/lib/python3.8/site-packages/airflow/example_dags/example_dag_decorator.py for tasks to queue
[2022-07-25 04:16:18,500] {logging_mixin.py:115} INFO - [2022-07-25 04:16:18,500] {dagbag.py:508} INFO - Filling up the DagBag from /home/hp/miniconda3/envs/airflow_env/lib/python3.8/site-packages/airflow/example_dags/example_dag_decorator.py
[2022-07-25 04:16:18,515] {processor.py:651} INFO - DAG(s) dict_keys(['example_dag_decorator']) retrieved from /home/hp/miniconda3/envs/airflow_env/lib/python3.8/site-packages/airflow/example_dags/example_dag_decorator.py
[2022-07-25 04:16:18,540] {logging_mixin.py:115} INFO - [2022-07-25 04:16:18,539] {dag.py:2420} INFO - Sync 1 DAGs
[2022-07-25 04:16:18,612] {logging_mixin.py:115} INFO - [2022-07-25 04:16:18,612] {dag.py:2968} INFO - Setting next_dagrun for example_dag_decorator to None, run_after=None
[2022-07-25 04:16:18,625] {processor.py:161} INFO - Processing /home/hp/miniconda3/envs/airflow_env/lib/python3.8/site-packages/airflow/example_dags/example_dag_decorator.py took 0.130 seconds
[2022-07-25 04:21:41,657] {processor.py:153} INFO - Started process (PID=27593) to work on /home/hp/miniconda3/envs/airflow_env/lib/python3.8/site-packages/airflow/example_dags/example_dag_decorator.py
[2022-07-25 04:21:41,658] {processor.py:641} INFO - Processing file /home/hp/miniconda3/envs/airflow_env/lib/python3.8/site-packages/airflow/example_dags/example_dag_decorator.py for tasks to queue
[2022-07-25 04:21:41,659] {logging_mixin.py:115} INFO - [2022-07-25 04:21:41,658] {dagbag.py:508} INFO - Filling up the DagBag from /home/hp/miniconda3/envs/airflow_env/lib/python3.8/site-packages/airflow/example_dags/example_dag_decorator.py
[2022-07-25 04:21:41,676] {processor.py:651} INFO - DAG(s) dict_keys(['example_dag_decorator']) retrieved from /home/hp/miniconda3/envs/airflow_env/lib/python3.8/site-packages/airflow/example_dags/example_dag_decorator.py
[2022-07-25 04:21:41,700] {logging_mixin.py:115} INFO - [2022-07-25 04:21:41,700] {dag.py:2420} INFO - Sync 1 DAGs
[2022-07-25 04:21:41,776] {logging_mixin.py:115} INFO - [2022-07-25 04:21:41,776] {dag.py:2968} INFO - Setting next_dagrun for example_dag_decorator to None, run_after=None
[2022-07-25 04:21:41,786] {processor.py:161} INFO - Processing /home/hp/miniconda3/envs/airflow_env/lib/python3.8/site-packages/airflow/example_dags/example_dag_decorator.py took 0.134 seconds
[2022-07-25 04:27:04,697] {processor.py:153} INFO - Started process (PID=27917) to work on /home/hp/miniconda3/envs/airflow_env/lib/python3.8/site-packages/airflow/example_dags/example_dag_decorator.py
[2022-07-25 04:27:04,699] {processor.py:641} INFO - Processing file /home/hp/miniconda3/envs/airflow_env/lib/python3.8/site-packages/airflow/example_dags/example_dag_decorator.py for tasks to queue
[2022-07-25 04:27:04,699] {logging_mixin.py:115} INFO - [2022-07-25 04:27:04,699] {dagbag.py:508} INFO - Filling up the DagBag from /home/hp/miniconda3/envs/airflow_env/lib/python3.8/site-packages/airflow/example_dags/example_dag_decorator.py
[2022-07-25 04:27:04,718] {processor.py:651} INFO - DAG(s) dict_keys(['example_dag_decorator']) retrieved from /home/hp/miniconda3/envs/airflow_env/lib/python3.8/site-packages/airflow/example_dags/example_dag_decorator.py
[2022-07-25 04:27:04,742] {logging_mixin.py:115} INFO - [2022-07-25 04:27:04,742] {dag.py:2420} INFO - Sync 1 DAGs
[2022-07-25 04:27:04,819] {logging_mixin.py:115} INFO - [2022-07-25 04:27:04,819] {dag.py:2968} INFO - Setting next_dagrun for example_dag_decorator to None, run_after=None
[2022-07-25 04:27:04,830] {processor.py:161} INFO - Processing /home/hp/miniconda3/envs/airflow_env/lib/python3.8/site-packages/airflow/example_dags/example_dag_decorator.py took 0.136 seconds
[2022-07-25 04:37:16,506] {processor.py:153} INFO - Started process (PID=28333) to work on /home/hp/miniconda3/envs/airflow_env/lib/python3.8/site-packages/airflow/example_dags/example_dag_decorator.py
[2022-07-25 04:37:16,508] {processor.py:641} INFO - Processing file /home/hp/miniconda3/envs/airflow_env/lib/python3.8/site-packages/airflow/example_dags/example_dag_decorator.py for tasks to queue
[2022-07-25 04:37:16,508] {logging_mixin.py:115} INFO - [2022-07-25 04:37:16,508] {dagbag.py:508} INFO - Filling up the DagBag from /home/hp/miniconda3/envs/airflow_env/lib/python3.8/site-packages/airflow/example_dags/example_dag_decorator.py
[2022-07-25 04:37:16,525] {processor.py:651} INFO - DAG(s) dict_keys(['example_dag_decorator']) retrieved from /home/hp/miniconda3/envs/airflow_env/lib/python3.8/site-packages/airflow/example_dags/example_dag_decorator.py
[2022-07-25 04:37:16,613] {logging_mixin.py:115} INFO - [2022-07-25 04:37:16,613] {dag.py:2420} INFO - Sync 1 DAGs
[2022-07-25 04:37:16,620] {logging_mixin.py:115} INFO - [2022-07-25 04:37:16,620] {dag.py:2968} INFO - Setting next_dagrun for example_dag_decorator to None, run_after=None
[2022-07-25 04:37:16,631] {processor.py:161} INFO - Processing /home/hp/miniconda3/envs/airflow_env/lib/python3.8/site-packages/airflow/example_dags/example_dag_decorator.py took 0.129 seconds
[2022-07-25 10:58:26,525] {processor.py:153} INFO - Started process (PID=57211) to work on /home/hp/miniconda3/envs/airflow_env/lib/python3.8/site-packages/airflow/example_dags/example_dag_decorator.py
[2022-07-25 10:58:26,526] {processor.py:641} INFO - Processing file /home/hp/miniconda3/envs/airflow_env/lib/python3.8/site-packages/airflow/example_dags/example_dag_decorator.py for tasks to queue
[2022-07-25 10:58:26,526] {logging_mixin.py:115} INFO - [2022-07-25 10:58:26,526] {dagbag.py:508} INFO - Filling up the DagBag from /home/hp/miniconda3/envs/airflow_env/lib/python3.8/site-packages/airflow/example_dags/example_dag_decorator.py
[2022-07-25 10:58:26,537] {processor.py:651} INFO - DAG(s) dict_keys(['example_dag_decorator']) retrieved from /home/hp/miniconda3/envs/airflow_env/lib/python3.8/site-packages/airflow/example_dags/example_dag_decorator.py
[2022-07-25 10:58:26,561] {logging_mixin.py:115} INFO - [2022-07-25 10:58:26,561] {dag.py:2420} INFO - Sync 1 DAGs
[2022-07-25 10:58:26,568] {logging_mixin.py:115} INFO - [2022-07-25 10:58:26,568] {dag.py:2968} INFO - Setting next_dagrun for example_dag_decorator to None, run_after=None
[2022-07-25 10:58:26,579] {processor.py:161} INFO - Processing /home/hp/miniconda3/envs/airflow_env/lib/python3.8/site-packages/airflow/example_dags/example_dag_decorator.py took 0.055 seconds
[2022-07-25 10:59:02,533] {processor.py:153} INFO - Started process (PID=57556) to work on /home/hp/miniconda3/envs/airflow_env/lib/python3.8/site-packages/airflow/example_dags/example_dag_decorator.py
[2022-07-25 10:59:02,534] {processor.py:641} INFO - Processing file /home/hp/miniconda3/envs/airflow_env/lib/python3.8/site-packages/airflow/example_dags/example_dag_decorator.py for tasks to queue
[2022-07-25 10:59:02,535] {logging_mixin.py:115} INFO - [2022-07-25 10:59:02,535] {dagbag.py:508} INFO - Filling up the DagBag from /home/hp/miniconda3/envs/airflow_env/lib/python3.8/site-packages/airflow/example_dags/example_dag_decorator.py
[2022-07-25 10:59:02,553] {processor.py:651} INFO - DAG(s) dict_keys(['example_dag_decorator']) retrieved from /home/hp/miniconda3/envs/airflow_env/lib/python3.8/site-packages/airflow/example_dags/example_dag_decorator.py
[2022-07-25 10:59:02,573] {logging_mixin.py:115} INFO - [2022-07-25 10:59:02,573] {dag.py:2420} INFO - Sync 1 DAGs
[2022-07-25 10:59:02,579] {logging_mixin.py:115} INFO - [2022-07-25 10:59:02,579] {dag.py:2968} INFO - Setting next_dagrun for example_dag_decorator to None, run_after=None
[2022-07-25 10:59:02,588] {processor.py:161} INFO - Processing /home/hp/miniconda3/envs/airflow_env/lib/python3.8/site-packages/airflow/example_dags/example_dag_decorator.py took 0.060 seconds
[2022-07-25 10:59:37,065] {processor.py:153} INFO - Started process (PID=57786) to work on /home/hp/miniconda3/envs/airflow_env/lib/python3.8/site-packages/airflow/example_dags/example_dag_decorator.py
[2022-07-25 10:59:37,066] {processor.py:641} INFO - Processing file /home/hp/miniconda3/envs/airflow_env/lib/python3.8/site-packages/airflow/example_dags/example_dag_decorator.py for tasks to queue
[2022-07-25 10:59:37,067] {logging_mixin.py:115} INFO - [2022-07-25 10:59:37,067] {dagbag.py:508} INFO - Filling up the DagBag from /home/hp/miniconda3/envs/airflow_env/lib/python3.8/site-packages/airflow/example_dags/example_dag_decorator.py
[2022-07-25 10:59:37,084] {processor.py:651} INFO - DAG(s) dict_keys(['example_dag_decorator']) retrieved from /home/hp/miniconda3/envs/airflow_env/lib/python3.8/site-packages/airflow/example_dags/example_dag_decorator.py
[2022-07-25 10:59:37,105] {logging_mixin.py:115} INFO - [2022-07-25 10:59:37,105] {dag.py:2420} INFO - Sync 1 DAGs
[2022-07-25 10:59:37,113] {logging_mixin.py:115} INFO - [2022-07-25 10:59:37,112] {dag.py:2968} INFO - Setting next_dagrun for example_dag_decorator to None, run_after=None
[2022-07-25 10:59:37,121] {processor.py:161} INFO - Processing /home/hp/miniconda3/envs/airflow_env/lib/python3.8/site-packages/airflow/example_dags/example_dag_decorator.py took 0.060 seconds
[2022-07-25 11:00:11,624] {processor.py:153} INFO - Started process (PID=59085) to work on /home/hp/miniconda3/envs/airflow_env/lib/python3.8/site-packages/airflow/example_dags/example_dag_decorator.py
[2022-07-25 11:00:11,625] {processor.py:641} INFO - Processing file /home/hp/miniconda3/envs/airflow_env/lib/python3.8/site-packages/airflow/example_dags/example_dag_decorator.py for tasks to queue
[2022-07-25 11:00:11,625] {logging_mixin.py:115} INFO - [2022-07-25 11:00:11,625] {dagbag.py:508} INFO - Filling up the DagBag from /home/hp/miniconda3/envs/airflow_env/lib/python3.8/site-packages/airflow/example_dags/example_dag_decorator.py
[2022-07-25 11:00:11,643] {processor.py:651} INFO - DAG(s) dict_keys(['example_dag_decorator']) retrieved from /home/hp/miniconda3/envs/airflow_env/lib/python3.8/site-packages/airflow/example_dags/example_dag_decorator.py
[2022-07-25 11:00:11,684] {logging_mixin.py:115} INFO - [2022-07-25 11:00:11,684] {dag.py:2420} INFO - Sync 1 DAGs
[2022-07-25 11:00:11,700] {logging_mixin.py:115} INFO - [2022-07-25 11:00:11,700] {dag.py:2968} INFO - Setting next_dagrun for example_dag_decorator to None, run_after=None
[2022-07-25 11:00:11,715] {processor.py:161} INFO - Processing /home/hp/miniconda3/envs/airflow_env/lib/python3.8/site-packages/airflow/example_dags/example_dag_decorator.py took 0.093 seconds
[2022-07-25 11:00:47,562] {processor.py:153} INFO - Started process (PID=59635) to work on /home/hp/miniconda3/envs/airflow_env/lib/python3.8/site-packages/airflow/example_dags/example_dag_decorator.py
[2022-07-25 11:00:47,563] {processor.py:641} INFO - Processing file /home/hp/miniconda3/envs/airflow_env/lib/python3.8/site-packages/airflow/example_dags/example_dag_decorator.py for tasks to queue
[2022-07-25 11:00:47,563] {logging_mixin.py:115} INFO - [2022-07-25 11:00:47,563] {dagbag.py:508} INFO - Filling up the DagBag from /home/hp/miniconda3/envs/airflow_env/lib/python3.8/site-packages/airflow/example_dags/example_dag_decorator.py
[2022-07-25 11:00:47,574] {processor.py:651} INFO - DAG(s) dict_keys(['example_dag_decorator']) retrieved from /home/hp/miniconda3/envs/airflow_env/lib/python3.8/site-packages/airflow/example_dags/example_dag_decorator.py
[2022-07-25 11:00:47,595] {logging_mixin.py:115} INFO - [2022-07-25 11:00:47,595] {dag.py:2420} INFO - Sync 1 DAGs
[2022-07-25 11:00:47,602] {logging_mixin.py:115} INFO - [2022-07-25 11:00:47,602] {dag.py:2968} INFO - Setting next_dagrun for example_dag_decorator to None, run_after=None
[2022-07-25 11:00:47,611] {processor.py:161} INFO - Processing /home/hp/miniconda3/envs/airflow_env/lib/python3.8/site-packages/airflow/example_dags/example_dag_decorator.py took 0.050 seconds
[2022-07-25 11:01:21,309] {processor.py:153} INFO - Started process (PID=59861) to work on /home/hp/miniconda3/envs/airflow_env/lib/python3.8/site-packages/airflow/example_dags/example_dag_decorator.py
[2022-07-25 11:01:21,310] {processor.py:641} INFO - Processing file /home/hp/miniconda3/envs/airflow_env/lib/python3.8/site-packages/airflow/example_dags/example_dag_decorator.py for tasks to queue
[2022-07-25 11:01:21,310] {logging_mixin.py:115} INFO - [2022-07-25 11:01:21,310] {dagbag.py:508} INFO - Filling up the DagBag from /home/hp/miniconda3/envs/airflow_env/lib/python3.8/site-packages/airflow/example_dags/example_dag_decorator.py
[2022-07-25 11:01:21,326] {processor.py:651} INFO - DAG(s) dict_keys(['example_dag_decorator']) retrieved from /home/hp/miniconda3/envs/airflow_env/lib/python3.8/site-packages/airflow/example_dags/example_dag_decorator.py
[2022-07-25 11:01:21,346] {logging_mixin.py:115} INFO - [2022-07-25 11:01:21,345] {dag.py:2420} INFO - Sync 1 DAGs
[2022-07-25 11:01:21,352] {logging_mixin.py:115} INFO - [2022-07-25 11:01:21,352] {dag.py:2968} INFO - Setting next_dagrun for example_dag_decorator to None, run_after=None
[2022-07-25 11:01:21,362] {processor.py:161} INFO - Processing /home/hp/miniconda3/envs/airflow_env/lib/python3.8/site-packages/airflow/example_dags/example_dag_decorator.py took 0.057 seconds
[2022-07-25 11:01:57,337] {processor.py:153} INFO - Started process (PID=60087) to work on /home/hp/miniconda3/envs/airflow_env/lib/python3.8/site-packages/airflow/example_dags/example_dag_decorator.py
[2022-07-25 11:01:57,338] {processor.py:641} INFO - Processing file /home/hp/miniconda3/envs/airflow_env/lib/python3.8/site-packages/airflow/example_dags/example_dag_decorator.py for tasks to queue
[2022-07-25 11:01:57,338] {logging_mixin.py:115} INFO - [2022-07-25 11:01:57,338] {dagbag.py:508} INFO - Filling up the DagBag from /home/hp/miniconda3/envs/airflow_env/lib/python3.8/site-packages/airflow/example_dags/example_dag_decorator.py
[2022-07-25 11:01:57,355] {processor.py:651} INFO - DAG(s) dict_keys(['example_dag_decorator']) retrieved from /home/hp/miniconda3/envs/airflow_env/lib/python3.8/site-packages/airflow/example_dags/example_dag_decorator.py
[2022-07-25 11:01:57,376] {logging_mixin.py:115} INFO - [2022-07-25 11:01:57,376] {dag.py:2420} INFO - Sync 1 DAGs
[2022-07-25 11:01:57,383] {logging_mixin.py:115} INFO - [2022-07-25 11:01:57,383] {dag.py:2968} INFO - Setting next_dagrun for example_dag_decorator to None, run_after=None
[2022-07-25 11:01:57,391] {processor.py:161} INFO - Processing /home/hp/miniconda3/envs/airflow_env/lib/python3.8/site-packages/airflow/example_dags/example_dag_decorator.py took 0.059 seconds
[2022-07-25 11:02:32,729] {processor.py:153} INFO - Started process (PID=60690) to work on /home/hp/miniconda3/envs/airflow_env/lib/python3.8/site-packages/airflow/example_dags/example_dag_decorator.py
[2022-07-25 11:02:32,730] {processor.py:641} INFO - Processing file /home/hp/miniconda3/envs/airflow_env/lib/python3.8/site-packages/airflow/example_dags/example_dag_decorator.py for tasks to queue
[2022-07-25 11:02:32,730] {logging_mixin.py:115} INFO - [2022-07-25 11:02:32,730] {dagbag.py:508} INFO - Filling up the DagBag from /home/hp/miniconda3/envs/airflow_env/lib/python3.8/site-packages/airflow/example_dags/example_dag_decorator.py
[2022-07-25 11:02:32,748] {processor.py:651} INFO - DAG(s) dict_keys(['example_dag_decorator']) retrieved from /home/hp/miniconda3/envs/airflow_env/lib/python3.8/site-packages/airflow/example_dags/example_dag_decorator.py
[2022-07-25 11:02:32,771] {logging_mixin.py:115} INFO - [2022-07-25 11:02:32,771] {dag.py:2420} INFO - Sync 1 DAGs
[2022-07-25 11:02:32,778] {logging_mixin.py:115} INFO - [2022-07-25 11:02:32,778] {dag.py:2968} INFO - Setting next_dagrun for example_dag_decorator to None, run_after=None
[2022-07-25 11:02:32,786] {processor.py:161} INFO - Processing /home/hp/miniconda3/envs/airflow_env/lib/python3.8/site-packages/airflow/example_dags/example_dag_decorator.py took 0.059 seconds
[2022-07-25 11:03:08,924] {processor.py:153} INFO - Started process (PID=61654) to work on /home/hp/miniconda3/envs/airflow_env/lib/python3.8/site-packages/airflow/example_dags/example_dag_decorator.py
[2022-07-25 11:03:08,925] {processor.py:641} INFO - Processing file /home/hp/miniconda3/envs/airflow_env/lib/python3.8/site-packages/airflow/example_dags/example_dag_decorator.py for tasks to queue
[2022-07-25 11:03:08,925] {logging_mixin.py:115} INFO - [2022-07-25 11:03:08,925] {dagbag.py:508} INFO - Filling up the DagBag from /home/hp/miniconda3/envs/airflow_env/lib/python3.8/site-packages/airflow/example_dags/example_dag_decorator.py
[2022-07-25 11:03:08,940] {processor.py:651} INFO - DAG(s) dict_keys(['example_dag_decorator']) retrieved from /home/hp/miniconda3/envs/airflow_env/lib/python3.8/site-packages/airflow/example_dags/example_dag_decorator.py
[2022-07-25 11:03:08,960] {logging_mixin.py:115} INFO - [2022-07-25 11:03:08,960] {dag.py:2420} INFO - Sync 1 DAGs
[2022-07-25 11:03:08,966] {logging_mixin.py:115} INFO - [2022-07-25 11:03:08,966] {dag.py:2968} INFO - Setting next_dagrun for example_dag_decorator to None, run_after=None
[2022-07-25 11:03:08,975] {processor.py:161} INFO - Processing /home/hp/miniconda3/envs/airflow_env/lib/python3.8/site-packages/airflow/example_dags/example_dag_decorator.py took 0.053 seconds
[2022-07-25 11:03:44,940] {processor.py:153} INFO - Started process (PID=61836) to work on /home/hp/miniconda3/envs/airflow_env/lib/python3.8/site-packages/airflow/example_dags/example_dag_decorator.py
[2022-07-25 11:03:44,941] {processor.py:641} INFO - Processing file /home/hp/miniconda3/envs/airflow_env/lib/python3.8/site-packages/airflow/example_dags/example_dag_decorator.py for tasks to queue
[2022-07-25 11:03:44,941] {logging_mixin.py:115} INFO - [2022-07-25 11:03:44,941] {dagbag.py:508} INFO - Filling up the DagBag from /home/hp/miniconda3/envs/airflow_env/lib/python3.8/site-packages/airflow/example_dags/example_dag_decorator.py
[2022-07-25 11:03:44,957] {processor.py:651} INFO - DAG(s) dict_keys(['example_dag_decorator']) retrieved from /home/hp/miniconda3/envs/airflow_env/lib/python3.8/site-packages/airflow/example_dags/example_dag_decorator.py
[2022-07-25 11:03:44,982] {logging_mixin.py:115} INFO - [2022-07-25 11:03:44,982] {dag.py:2420} INFO - Sync 1 DAGs
[2022-07-25 11:03:44,990] {logging_mixin.py:115} INFO - [2022-07-25 11:03:44,990] {dag.py:2968} INFO - Setting next_dagrun for example_dag_decorator to None, run_after=None
[2022-07-25 11:03:45,001] {processor.py:161} INFO - Processing /home/hp/miniconda3/envs/airflow_env/lib/python3.8/site-packages/airflow/example_dags/example_dag_decorator.py took 0.063 seconds
[2022-07-25 11:04:20,724] {processor.py:153} INFO - Started process (PID=62107) to work on /home/hp/miniconda3/envs/airflow_env/lib/python3.8/site-packages/airflow/example_dags/example_dag_decorator.py
[2022-07-25 11:04:20,725] {processor.py:641} INFO - Processing file /home/hp/miniconda3/envs/airflow_env/lib/python3.8/site-packages/airflow/example_dags/example_dag_decorator.py for tasks to queue
[2022-07-25 11:04:20,726] {logging_mixin.py:115} INFO - [2022-07-25 11:04:20,726] {dagbag.py:508} INFO - Filling up the DagBag from /home/hp/miniconda3/envs/airflow_env/lib/python3.8/site-packages/airflow/example_dags/example_dag_decorator.py
[2022-07-25 11:04:20,738] {processor.py:651} INFO - DAG(s) dict_keys(['example_dag_decorator']) retrieved from /home/hp/miniconda3/envs/airflow_env/lib/python3.8/site-packages/airflow/example_dags/example_dag_decorator.py
[2022-07-25 11:04:20,745] {logging_mixin.py:115} INFO - [2022-07-25 11:04:20,745] {dag.py:2420} INFO - Sync 1 DAGs
[2022-07-25 11:04:20,755] {logging_mixin.py:115} INFO - [2022-07-25 11:04:20,755] {dag.py:2968} INFO - Setting next_dagrun for example_dag_decorator to None, run_after=None
[2022-07-25 11:04:20,763] {processor.py:161} INFO - Processing /home/hp/miniconda3/envs/airflow_env/lib/python3.8/site-packages/airflow/example_dags/example_dag_decorator.py took 0.043 seconds
[2022-07-25 11:04:54,492] {processor.py:153} INFO - Started process (PID=62413) to work on /home/hp/miniconda3/envs/airflow_env/lib/python3.8/site-packages/airflow/example_dags/example_dag_decorator.py
[2022-07-25 11:04:54,492] {processor.py:641} INFO - Processing file /home/hp/miniconda3/envs/airflow_env/lib/python3.8/site-packages/airflow/example_dags/example_dag_decorator.py for tasks to queue
[2022-07-25 11:04:54,493] {logging_mixin.py:115} INFO - [2022-07-25 11:04:54,493] {dagbag.py:508} INFO - Filling up the DagBag from /home/hp/miniconda3/envs/airflow_env/lib/python3.8/site-packages/airflow/example_dags/example_dag_decorator.py
[2022-07-25 11:04:54,503] {processor.py:651} INFO - DAG(s) dict_keys(['example_dag_decorator']) retrieved from /home/hp/miniconda3/envs/airflow_env/lib/python3.8/site-packages/airflow/example_dags/example_dag_decorator.py
[2022-07-25 11:04:54,511] {logging_mixin.py:115} INFO - [2022-07-25 11:04:54,511] {dag.py:2420} INFO - Sync 1 DAGs
[2022-07-25 11:04:54,520] {logging_mixin.py:115} INFO - [2022-07-25 11:04:54,520] {dag.py:2968} INFO - Setting next_dagrun for example_dag_decorator to None, run_after=None
[2022-07-25 11:04:54,529] {processor.py:161} INFO - Processing /home/hp/miniconda3/envs/airflow_env/lib/python3.8/site-packages/airflow/example_dags/example_dag_decorator.py took 0.038 seconds
[2022-07-25 11:05:29,535] {processor.py:153} INFO - Started process (PID=62665) to work on /home/hp/miniconda3/envs/airflow_env/lib/python3.8/site-packages/airflow/example_dags/example_dag_decorator.py
[2022-07-25 11:05:29,536] {processor.py:641} INFO - Processing file /home/hp/miniconda3/envs/airflow_env/lib/python3.8/site-packages/airflow/example_dags/example_dag_decorator.py for tasks to queue
[2022-07-25 11:05:29,536] {logging_mixin.py:115} INFO - [2022-07-25 11:05:29,536] {dagbag.py:508} INFO - Filling up the DagBag from /home/hp/miniconda3/envs/airflow_env/lib/python3.8/site-packages/airflow/example_dags/example_dag_decorator.py
[2022-07-25 11:05:29,550] {processor.py:651} INFO - DAG(s) dict_keys(['example_dag_decorator']) retrieved from /home/hp/miniconda3/envs/airflow_env/lib/python3.8/site-packages/airflow/example_dags/example_dag_decorator.py
[2022-07-25 11:05:29,557] {logging_mixin.py:115} INFO - [2022-07-25 11:05:29,557] {dag.py:2420} INFO - Sync 1 DAGs
[2022-07-25 11:05:29,565] {logging_mixin.py:115} INFO - [2022-07-25 11:05:29,565] {dag.py:2968} INFO - Setting next_dagrun for example_dag_decorator to None, run_after=None
[2022-07-25 11:05:29,573] {processor.py:161} INFO - Processing /home/hp/miniconda3/envs/airflow_env/lib/python3.8/site-packages/airflow/example_dags/example_dag_decorator.py took 0.039 seconds
[2022-07-25 11:06:04,345] {processor.py:153} INFO - Started process (PID=62917) to work on /home/hp/miniconda3/envs/airflow_env/lib/python3.8/site-packages/airflow/example_dags/example_dag_decorator.py
[2022-07-25 11:06:04,346] {processor.py:641} INFO - Processing file /home/hp/miniconda3/envs/airflow_env/lib/python3.8/site-packages/airflow/example_dags/example_dag_decorator.py for tasks to queue
[2022-07-25 11:06:04,346] {logging_mixin.py:115} INFO - [2022-07-25 11:06:04,346] {dagbag.py:508} INFO - Filling up the DagBag from /home/hp/miniconda3/envs/airflow_env/lib/python3.8/site-packages/airflow/example_dags/example_dag_decorator.py
[2022-07-25 11:06:04,361] {processor.py:651} INFO - DAG(s) dict_keys(['example_dag_decorator']) retrieved from /home/hp/miniconda3/envs/airflow_env/lib/python3.8/site-packages/airflow/example_dags/example_dag_decorator.py
[2022-07-25 11:06:04,368] {logging_mixin.py:115} INFO - [2022-07-25 11:06:04,368] {dag.py:2420} INFO - Sync 1 DAGs
[2022-07-25 11:06:04,376] {logging_mixin.py:115} INFO - [2022-07-25 11:06:04,376] {dag.py:2968} INFO - Setting next_dagrun for example_dag_decorator to None, run_after=None
[2022-07-25 11:06:04,385] {processor.py:161} INFO - Processing /home/hp/miniconda3/envs/airflow_env/lib/python3.8/site-packages/airflow/example_dags/example_dag_decorator.py took 0.041 seconds
[2022-07-25 11:06:39,145] {processor.py:153} INFO - Started process (PID=63208) to work on /home/hp/miniconda3/envs/airflow_env/lib/python3.8/site-packages/airflow/example_dags/example_dag_decorator.py
[2022-07-25 11:06:39,146] {processor.py:641} INFO - Processing file /home/hp/miniconda3/envs/airflow_env/lib/python3.8/site-packages/airflow/example_dags/example_dag_decorator.py for tasks to queue
[2022-07-25 11:06:39,146] {logging_mixin.py:115} INFO - [2022-07-25 11:06:39,146] {dagbag.py:508} INFO - Filling up the DagBag from /home/hp/miniconda3/envs/airflow_env/lib/python3.8/site-packages/airflow/example_dags/example_dag_decorator.py
[2022-07-25 11:06:39,159] {processor.py:651} INFO - DAG(s) dict_keys(['example_dag_decorator']) retrieved from /home/hp/miniconda3/envs/airflow_env/lib/python3.8/site-packages/airflow/example_dags/example_dag_decorator.py
[2022-07-25 11:06:39,179] {logging_mixin.py:115} INFO - [2022-07-25 11:06:39,179] {dag.py:2420} INFO - Sync 1 DAGs
[2022-07-25 11:06:39,186] {logging_mixin.py:115} INFO - [2022-07-25 11:06:39,186] {dag.py:2968} INFO - Setting next_dagrun for example_dag_decorator to None, run_after=None
[2022-07-25 11:06:39,195] {processor.py:161} INFO - Processing /home/hp/miniconda3/envs/airflow_env/lib/python3.8/site-packages/airflow/example_dags/example_dag_decorator.py took 0.051 seconds
[2022-07-25 11:07:13,428] {processor.py:153} INFO - Started process (PID=63420) to work on /home/hp/miniconda3/envs/airflow_env/lib/python3.8/site-packages/airflow/example_dags/example_dag_decorator.py
[2022-07-25 11:07:13,429] {processor.py:641} INFO - Processing file /home/hp/miniconda3/envs/airflow_env/lib/python3.8/site-packages/airflow/example_dags/example_dag_decorator.py for tasks to queue
[2022-07-25 11:07:13,430] {logging_mixin.py:115} INFO - [2022-07-25 11:07:13,430] {dagbag.py:508} INFO - Filling up the DagBag from /home/hp/miniconda3/envs/airflow_env/lib/python3.8/site-packages/airflow/example_dags/example_dag_decorator.py
[2022-07-25 11:07:13,447] {processor.py:651} INFO - DAG(s) dict_keys(['example_dag_decorator']) retrieved from /home/hp/miniconda3/envs/airflow_env/lib/python3.8/site-packages/airflow/example_dags/example_dag_decorator.py
[2022-07-25 11:07:13,455] {logging_mixin.py:115} INFO - [2022-07-25 11:07:13,455] {dag.py:2420} INFO - Sync 1 DAGs
[2022-07-25 11:07:13,464] {logging_mixin.py:115} INFO - [2022-07-25 11:07:13,464] {dag.py:2968} INFO - Setting next_dagrun for example_dag_decorator to None, run_after=None
[2022-07-25 11:07:13,474] {processor.py:161} INFO - Processing /home/hp/miniconda3/envs/airflow_env/lib/python3.8/site-packages/airflow/example_dags/example_dag_decorator.py took 0.050 seconds
[2022-07-25 11:07:49,061] {processor.py:153} INFO - Started process (PID=63788) to work on /home/hp/miniconda3/envs/airflow_env/lib/python3.8/site-packages/airflow/example_dags/example_dag_decorator.py
[2022-07-25 11:07:49,061] {processor.py:641} INFO - Processing file /home/hp/miniconda3/envs/airflow_env/lib/python3.8/site-packages/airflow/example_dags/example_dag_decorator.py for tasks to queue
[2022-07-25 11:07:49,061] {logging_mixin.py:115} INFO - [2022-07-25 11:07:49,061] {dagbag.py:508} INFO - Filling up the DagBag from /home/hp/miniconda3/envs/airflow_env/lib/python3.8/site-packages/airflow/example_dags/example_dag_decorator.py
[2022-07-25 11:07:49,072] {processor.py:651} INFO - DAG(s) dict_keys(['example_dag_decorator']) retrieved from /home/hp/miniconda3/envs/airflow_env/lib/python3.8/site-packages/airflow/example_dags/example_dag_decorator.py
[2022-07-25 11:07:49,080] {logging_mixin.py:115} INFO - [2022-07-25 11:07:49,080] {dag.py:2420} INFO - Sync 1 DAGs
[2022-07-25 11:07:49,089] {logging_mixin.py:115} INFO - [2022-07-25 11:07:49,089] {dag.py:2968} INFO - Setting next_dagrun for example_dag_decorator to None, run_after=None
[2022-07-25 11:07:49,098] {processor.py:161} INFO - Processing /home/hp/miniconda3/envs/airflow_env/lib/python3.8/site-packages/airflow/example_dags/example_dag_decorator.py took 0.039 seconds
[2022-07-25 11:08:23,837] {processor.py:153} INFO - Started process (PID=64041) to work on /home/hp/miniconda3/envs/airflow_env/lib/python3.8/site-packages/airflow/example_dags/example_dag_decorator.py
[2022-07-25 11:08:23,838] {processor.py:641} INFO - Processing file /home/hp/miniconda3/envs/airflow_env/lib/python3.8/site-packages/airflow/example_dags/example_dag_decorator.py for tasks to queue
[2022-07-25 11:08:23,838] {logging_mixin.py:115} INFO - [2022-07-25 11:08:23,838] {dagbag.py:508} INFO - Filling up the DagBag from /home/hp/miniconda3/envs/airflow_env/lib/python3.8/site-packages/airflow/example_dags/example_dag_decorator.py
[2022-07-25 11:08:23,851] {processor.py:651} INFO - DAG(s) dict_keys(['example_dag_decorator']) retrieved from /home/hp/miniconda3/envs/airflow_env/lib/python3.8/site-packages/airflow/example_dags/example_dag_decorator.py
[2022-07-25 11:08:23,871] {logging_mixin.py:115} INFO - [2022-07-25 11:08:23,871] {dag.py:2420} INFO - Sync 1 DAGs
[2022-07-25 11:08:23,878] {logging_mixin.py:115} INFO - [2022-07-25 11:08:23,878] {dag.py:2968} INFO - Setting next_dagrun for example_dag_decorator to None, run_after=None
[2022-07-25 11:08:23,887] {processor.py:161} INFO - Processing /home/hp/miniconda3/envs/airflow_env/lib/python3.8/site-packages/airflow/example_dags/example_dag_decorator.py took 0.053 seconds
[2022-07-25 11:08:57,539] {processor.py:153} INFO - Started process (PID=64270) to work on /home/hp/miniconda3/envs/airflow_env/lib/python3.8/site-packages/airflow/example_dags/example_dag_decorator.py
[2022-07-25 11:08:57,539] {processor.py:641} INFO - Processing file /home/hp/miniconda3/envs/airflow_env/lib/python3.8/site-packages/airflow/example_dags/example_dag_decorator.py for tasks to queue
[2022-07-25 11:08:57,540] {logging_mixin.py:115} INFO - [2022-07-25 11:08:57,540] {dagbag.py:508} INFO - Filling up the DagBag from /home/hp/miniconda3/envs/airflow_env/lib/python3.8/site-packages/airflow/example_dags/example_dag_decorator.py
[2022-07-25 11:08:57,550] {processor.py:651} INFO - D