[2022-07-25 03:02:56,306] {processor.py:153} INFO - Started process (PID=21019) to work on /home/hp/miniconda3/envs/airflow_env/lib/python3.8/site-packages/airflow/example_dags/example_python_operator.py
[2022-07-25 03:02:56,306] {processor.py:641} INFO - Processing file /home/hp/miniconda3/envs/airflow_env/lib/python3.8/site-packages/airflow/example_dags/example_python_operator.py for tasks to queue
[2022-07-25 03:02:56,307] {logging_mixin.py:115} INFO - [2022-07-25 03:02:56,307] {dagbag.py:508} INFO - Filling up the DagBag from /home/hp/miniconda3/envs/airflow_env/lib/python3.8/site-packages/airflow/example_dags/example_python_operator.py
[2022-07-25 03:02:56,321] {processor.py:651} INFO - DAG(s) dict_keys(['example_python_operator']) retrieved from /home/hp/miniconda3/envs/airflow_env/lib/python3.8/site-packages/airflow/example_dags/example_python_operator.py
[2022-07-25 03:02:56,332] {logging_mixin.py:115} INFO - [2022-07-25 03:02:56,331] {dag.py:2420} INFO - Sync 1 DAGs
[2022-07-25 03:02:56,342] {logging_mixin.py:115} INFO - [2022-07-25 03:02:56,342] {dag.py:2968} INFO - Setting next_dagrun for example_python_operator to None, run_after=None
[2022-07-25 03:02:56,362] {processor.py:161} INFO - Processing /home/hp/miniconda3/envs/airflow_env/lib/python3.8/site-packages/airflow/example_dags/example_python_operator.py took 0.061 seconds
[2022-07-25 03:07:34,991] {processor.py:153} INFO - Started process (PID=21502) to work on /home/hp/miniconda3/envs/airflow_env/lib/python3.8/site-packages/airflow/example_dags/example_python_operator.py
[2022-07-25 03:07:34,992] {processor.py:641} INFO - Processing file /home/hp/miniconda3/envs/airflow_env/lib/python3.8/site-packages/airflow/example_dags/example_python_operator.py for tasks to queue
[2022-07-25 03:07:34,993] {logging_mixin.py:115} INFO - [2022-07-25 03:07:34,992] {dagbag.py:508} INFO - Filling up the DagBag from /home/hp/miniconda3/envs/airflow_env/lib/python3.8/site-packages/airflow/example_dags/example_python_operator.py
[2022-07-25 03:07:35,007] {processor.py:651} INFO - DAG(s) dict_keys(['example_python_operator']) retrieved from /home/hp/miniconda3/envs/airflow_env/lib/python3.8/site-packages/airflow/example_dags/example_python_operator.py
[2022-07-25 03:07:35,016] {logging_mixin.py:115} INFO - [2022-07-25 03:07:35,016] {dag.py:2420} INFO - Sync 1 DAGs
[2022-07-25 03:07:35,026] {logging_mixin.py:115} INFO - [2022-07-25 03:07:35,026] {dag.py:2968} INFO - Setting next_dagrun for example_python_operator to None, run_after=None
[2022-07-25 03:07:35,035] {processor.py:161} INFO - Processing /home/hp/miniconda3/envs/airflow_env/lib/python3.8/site-packages/airflow/example_dags/example_python_operator.py took 0.049 seconds
[2022-07-25 03:17:51,012] {processor.py:153} INFO - Started process (PID=22124) to work on /home/hp/miniconda3/envs/airflow_env/lib/python3.8/site-packages/airflow/example_dags/example_python_operator.py
[2022-07-25 03:17:51,013] {processor.py:641} INFO - Processing file /home/hp/miniconda3/envs/airflow_env/lib/python3.8/site-packages/airflow/example_dags/example_python_operator.py for tasks to queue
[2022-07-25 03:17:51,014] {logging_mixin.py:115} INFO - [2022-07-25 03:17:51,014] {dagbag.py:508} INFO - Filling up the DagBag from /home/hp/miniconda3/envs/airflow_env/lib/python3.8/site-packages/airflow/example_dags/example_python_operator.py
[2022-07-25 03:17:51,033] {processor.py:651} INFO - DAG(s) dict_keys(['example_python_operator']) retrieved from /home/hp/miniconda3/envs/airflow_env/lib/python3.8/site-packages/airflow/example_dags/example_python_operator.py
[2022-07-25 03:17:51,052] {logging_mixin.py:115} INFO - [2022-07-25 03:17:51,051] {dag.py:2420} INFO - Sync 1 DAGs
[2022-07-25 03:17:51,077] {logging_mixin.py:115} INFO - [2022-07-25 03:17:51,077] {dag.py:2968} INFO - Setting next_dagrun for example_python_operator to None, run_after=None
[2022-07-25 03:17:51,097] {processor.py:161} INFO - Processing /home/hp/miniconda3/envs/airflow_env/lib/python3.8/site-packages/airflow/example_dags/example_python_operator.py took 0.088 seconds
[2022-07-25 03:23:12,194] {processor.py:153} INFO - Started process (PID=22611) to work on /home/hp/miniconda3/envs/airflow_env/lib/python3.8/site-packages/airflow/example_dags/example_python_operator.py
[2022-07-25 03:23:12,194] {processor.py:641} INFO - Processing file /home/hp/miniconda3/envs/airflow_env/lib/python3.8/site-packages/airflow/example_dags/example_python_operator.py for tasks to queue
[2022-07-25 03:23:12,195] {logging_mixin.py:115} INFO - [2022-07-25 03:23:12,195] {dagbag.py:508} INFO - Filling up the DagBag from /home/hp/miniconda3/envs/airflow_env/lib/python3.8/site-packages/airflow/example_dags/example_python_operator.py
[2022-07-25 03:23:12,208] {processor.py:651} INFO - DAG(s) dict_keys(['example_python_operator']) retrieved from /home/hp/miniconda3/envs/airflow_env/lib/python3.8/site-packages/airflow/example_dags/example_python_operator.py
[2022-07-25 03:23:12,217] {logging_mixin.py:115} INFO - [2022-07-25 03:23:12,217] {dag.py:2420} INFO - Sync 1 DAGs
[2022-07-25 03:23:12,227] {logging_mixin.py:115} INFO - [2022-07-25 03:23:12,227] {dag.py:2968} INFO - Setting next_dagrun for example_python_operator to None, run_after=None
[2022-07-25 03:23:12,237] {processor.py:161} INFO - Processing /home/hp/miniconda3/envs/airflow_env/lib/python3.8/site-packages/airflow/example_dags/example_python_operator.py took 0.047 seconds
[2022-07-25 03:28:35,646] {processor.py:153} INFO - Started process (PID=23087) to work on /home/hp/miniconda3/envs/airflow_env/lib/python3.8/site-packages/airflow/example_dags/example_python_operator.py
[2022-07-25 03:28:35,647] {processor.py:641} INFO - Processing file /home/hp/miniconda3/envs/airflow_env/lib/python3.8/site-packages/airflow/example_dags/example_python_operator.py for tasks to queue
[2022-07-25 03:28:35,648] {logging_mixin.py:115} INFO - [2022-07-25 03:28:35,648] {dagbag.py:508} INFO - Filling up the DagBag from /home/hp/miniconda3/envs/airflow_env/lib/python3.8/site-packages/airflow/example_dags/example_python_operator.py
[2022-07-25 03:28:35,658] {processor.py:651} INFO - DAG(s) dict_keys(['example_python_operator']) retrieved from /home/hp/miniconda3/envs/airflow_env/lib/python3.8/site-packages/airflow/example_dags/example_python_operator.py
[2022-07-25 03:28:35,670] {logging_mixin.py:115} INFO - [2022-07-25 03:28:35,670] {dag.py:2420} INFO - Sync 1 DAGs
[2022-07-25 03:28:35,680] {logging_mixin.py:115} INFO - [2022-07-25 03:28:35,680] {dag.py:2968} INFO - Setting next_dagrun for example_python_operator to None, run_after=None
[2022-07-25 03:28:35,690] {processor.py:161} INFO - Processing /home/hp/miniconda3/envs/airflow_env/lib/python3.8/site-packages/airflow/example_dags/example_python_operator.py took 0.045 seconds
[2022-07-25 03:30:46,187] {processor.py:153} INFO - Started process (PID=23559) to work on /home/hp/miniconda3/envs/airflow_env/lib/python3.8/site-packages/airflow/example_dags/example_python_operator.py
[2022-07-25 03:30:46,188] {processor.py:641} INFO - Processing file /home/hp/miniconda3/envs/airflow_env/lib/python3.8/site-packages/airflow/example_dags/example_python_operator.py for tasks to queue
[2022-07-25 03:30:46,188] {logging_mixin.py:115} INFO - [2022-07-25 03:30:46,188] {dagbag.py:508} INFO - Filling up the DagBag from /home/hp/miniconda3/envs/airflow_env/lib/python3.8/site-packages/airflow/example_dags/example_python_operator.py
[2022-07-25 03:30:46,198] {processor.py:651} INFO - DAG(s) dict_keys(['example_python_operator']) retrieved from /home/hp/miniconda3/envs/airflow_env/lib/python3.8/site-packages/airflow/example_dags/example_python_operator.py
[2022-07-25 03:30:46,209] {logging_mixin.py:115} INFO - [2022-07-25 03:30:46,209] {dag.py:2420} INFO - Sync 1 DAGs
[2022-07-25 03:30:46,218] {logging_mixin.py:115} INFO - [2022-07-25 03:30:46,218] {dag.py:2968} INFO - Setting next_dagrun for example_python_operator to None, run_after=None
[2022-07-25 03:30:46,227] {processor.py:161} INFO - Processing /home/hp/miniconda3/envs/airflow_env/lib/python3.8/site-packages/airflow/example_dags/example_python_operator.py took 0.043 seconds
[2022-07-25 03:34:04,680] {processor.py:153} INFO - Started process (PID=24047) to work on /home/hp/miniconda3/envs/airflow_env/lib/python3.8/site-packages/airflow/example_dags/example_python_operator.py
[2022-07-25 03:34:04,681] {processor.py:641} INFO - Processing file /home/hp/miniconda3/envs/airflow_env/lib/python3.8/site-packages/airflow/example_dags/example_python_operator.py for tasks to queue
[2022-07-25 03:34:04,682] {logging_mixin.py:115} INFO - [2022-07-25 03:34:04,682] {dagbag.py:508} INFO - Filling up the DagBag from /home/hp/miniconda3/envs/airflow_env/lib/python3.8/site-packages/airflow/example_dags/example_python_operator.py
[2022-07-25 03:34:04,698] {processor.py:651} INFO - DAG(s) dict_keys(['example_python_operator']) retrieved from /home/hp/miniconda3/envs/airflow_env/lib/python3.8/site-packages/airflow/example_dags/example_python_operator.py
[2022-07-25 03:34:04,707] {logging_mixin.py:115} INFO - [2022-07-25 03:34:04,707] {dag.py:2420} INFO - Sync 1 DAGs
[2022-07-25 03:34:04,717] {logging_mixin.py:115} INFO - [2022-07-25 03:34:04,717] {dag.py:2968} INFO - Setting next_dagrun for example_python_operator to None, run_after=None
[2022-07-25 03:34:04,727] {processor.py:161} INFO - Processing /home/hp/miniconda3/envs/airflow_env/lib/python3.8/site-packages/airflow/example_dags/example_python_operator.py took 0.051 seconds
[2022-07-25 03:44:19,081] {processor.py:153} INFO - Started process (PID=24628) to work on /home/hp/miniconda3/envs/airflow_env/lib/python3.8/site-packages/airflow/example_dags/example_python_operator.py
[2022-07-25 03:44:19,092] {processor.py:641} INFO - Processing file /home/hp/miniconda3/envs/airflow_env/lib/python3.8/site-packages/airflow/example_dags/example_python_operator.py for tasks to queue
[2022-07-25 03:44:19,092] {logging_mixin.py:115} INFO - [2022-07-25 03:44:19,092] {dagbag.py:508} INFO - Filling up the DagBag from /home/hp/miniconda3/envs/airflow_env/lib/python3.8/site-packages/airflow/example_dags/example_python_operator.py
[2022-07-25 03:44:19,148] {processor.py:651} INFO - DAG(s) dict_keys(['example_python_operator']) retrieved from /home/hp/miniconda3/envs/airflow_env/lib/python3.8/site-packages/airflow/example_dags/example_python_operator.py
[2022-07-25 03:44:19,181] {logging_mixin.py:115} INFO - [2022-07-25 03:44:19,181] {dag.py:2420} INFO - Sync 1 DAGs
[2022-07-25 03:44:19,217] {logging_mixin.py:115} INFO - [2022-07-25 03:44:19,216] {dag.py:2968} INFO - Setting next_dagrun for example_python_operator to None, run_after=None
[2022-07-25 03:44:19,249] {processor.py:161} INFO - Processing /home/hp/miniconda3/envs/airflow_env/lib/python3.8/site-packages/airflow/example_dags/example_python_operator.py took 0.170 seconds
[2022-07-25 03:49:40,164] {processor.py:153} INFO - Started process (PID=25074) to work on /home/hp/miniconda3/envs/airflow_env/lib/python3.8/site-packages/airflow/example_dags/example_python_operator.py
[2022-07-25 03:49:40,166] {processor.py:641} INFO - Processing file /home/hp/miniconda3/envs/airflow_env/lib/python3.8/site-packages/airflow/example_dags/example_python_operator.py for tasks to queue
[2022-07-25 03:49:40,166] {logging_mixin.py:115} INFO - [2022-07-25 03:49:40,166] {dagbag.py:508} INFO - Filling up the DagBag from /home/hp/miniconda3/envs/airflow_env/lib/python3.8/site-packages/airflow/example_dags/example_python_operator.py
[2022-07-25 03:49:40,184] {processor.py:651} INFO - DAG(s) dict_keys(['example_python_operator']) retrieved from /home/hp/miniconda3/envs/airflow_env/lib/python3.8/site-packages/airflow/example_dags/example_python_operator.py
[2022-07-25 03:49:40,193] {logging_mixin.py:115} INFO - [2022-07-25 03:49:40,193] {dag.py:2420} INFO - Sync 1 DAGs
[2022-07-25 03:49:40,202] {logging_mixin.py:115} INFO - [2022-07-25 03:49:40,202] {dag.py:2968} INFO - Setting next_dagrun for example_python_operator to None, run_after=None
[2022-07-25 03:49:40,212] {processor.py:161} INFO - Processing /home/hp/miniconda3/envs/airflow_env/lib/python3.8/site-packages/airflow/example_dags/example_python_operator.py took 0.052 seconds
[2022-07-25 03:55:04,251] {processor.py:153} INFO - Started process (PID=25460) to work on /home/hp/miniconda3/envs/airflow_env/lib/python3.8/site-packages/airflow/example_dags/example_python_operator.py
[2022-07-25 03:55:04,252] {processor.py:641} INFO - Processing file /home/hp/miniconda3/envs/airflow_env/lib/python3.8/site-packages/airflow/example_dags/example_python_operator.py for tasks to queue
[2022-07-25 03:55:04,253] {logging_mixin.py:115} INFO - [2022-07-25 03:55:04,252] {dagbag.py:508} INFO - Filling up the DagBag from /home/hp/miniconda3/envs/airflow_env/lib/python3.8/site-packages/airflow/example_dags/example_python_operator.py
[2022-07-25 03:55:04,268] {processor.py:651} INFO - DAG(s) dict_keys(['example_python_operator']) retrieved from /home/hp/miniconda3/envs/airflow_env/lib/python3.8/site-packages/airflow/example_dags/example_python_operator.py
[2022-07-25 03:55:04,276] {logging_mixin.py:115} INFO - [2022-07-25 03:55:04,276] {dag.py:2420} INFO - Sync 1 DAGs
[2022-07-25 03:55:04,285] {logging_mixin.py:115} INFO - [2022-07-25 03:55:04,285] {dag.py:2968} INFO - Setting next_dagrun for example_python_operator to None, run_after=None
[2022-07-25 03:55:04,299] {processor.py:161} INFO - Processing /home/hp/miniconda3/envs/airflow_env/lib/python3.8/site-packages/airflow/example_dags/example_python_operator.py took 0.052 seconds
[2022-07-25 04:00:25,628] {processor.py:153} INFO - Started process (PID=25793) to work on /home/hp/miniconda3/envs/airflow_env/lib/python3.8/site-packages/airflow/example_dags/example_python_operator.py
[2022-07-25 04:00:25,629] {processor.py:641} INFO - Processing file /home/hp/miniconda3/envs/airflow_env/lib/python3.8/site-packages/airflow/example_dags/example_python_operator.py for tasks to queue
[2022-07-25 04:00:25,630] {logging_mixin.py:115} INFO - [2022-07-25 04:00:25,629] {dagbag.py:508} INFO - Filling up the DagBag from /home/hp/miniconda3/envs/airflow_env/lib/python3.8/site-packages/airflow/example_dags/example_python_operator.py
[2022-07-25 04:00:25,644] {processor.py:651} INFO - DAG(s) dict_keys(['example_python_operator']) retrieved from /home/hp/miniconda3/envs/airflow_env/lib/python3.8/site-packages/airflow/example_dags/example_python_operator.py
[2022-07-25 04:00:25,653] {logging_mixin.py:115} INFO - [2022-07-25 04:00:25,653] {dag.py:2420} INFO - Sync 1 DAGs
[2022-07-25 04:00:25,661] {logging_mixin.py:115} INFO - [2022-07-25 04:00:25,661] {dag.py:2968} INFO - Setting next_dagrun for example_python_operator to None, run_after=None
[2022-07-25 04:00:25,672] {processor.py:161} INFO - Processing /home/hp/miniconda3/envs/airflow_env/lib/python3.8/site-packages/airflow/example_dags/example_python_operator.py took 0.048 seconds
[2022-07-25 04:01:05,856] {processor.py:153} INFO - Started process (PID=26019) to work on /home/hp/miniconda3/envs/airflow_env/lib/python3.8/site-packages/airflow/example_dags/example_python_operator.py
[2022-07-25 04:01:05,857] {processor.py:641} INFO - Processing file /home/hp/miniconda3/envs/airflow_env/lib/python3.8/site-packages/airflow/example_dags/example_python_operator.py for tasks to queue
[2022-07-25 04:01:05,858] {logging_mixin.py:115} INFO - [2022-07-25 04:01:05,858] {dagbag.py:508} INFO - Filling up the DagBag from /home/hp/miniconda3/envs/airflow_env/lib/python3.8/site-packages/airflow/example_dags/example_python_operator.py
[2022-07-25 04:01:05,873] {processor.py:651} INFO - DAG(s) dict_keys(['example_python_operator']) retrieved from /home/hp/miniconda3/envs/airflow_env/lib/python3.8/site-packages/airflow/example_dags/example_python_operator.py
[2022-07-25 04:01:05,882] {logging_mixin.py:115} INFO - [2022-07-25 04:01:05,881] {dag.py:2420} INFO - Sync 1 DAGs
[2022-07-25 04:01:05,891] {logging_mixin.py:115} INFO - [2022-07-25 04:01:05,891] {dag.py:2968} INFO - Setting next_dagrun for example_python_operator to None, run_after=None
[2022-07-25 04:01:05,901] {processor.py:161} INFO - Processing /home/hp/miniconda3/envs/airflow_env/lib/python3.8/site-packages/airflow/example_dags/example_python_operator.py took 0.049 seconds
[2022-07-25 04:02:21,495] {processor.py:153} INFO - Started process (PID=26478) to work on /home/hp/miniconda3/envs/airflow_env/lib/python3.8/site-packages/airflow/example_dags/example_python_operator.py
[2022-07-25 04:02:21,497] {processor.py:641} INFO - Processing file /home/hp/miniconda3/envs/airflow_env/lib/python3.8/site-packages/airflow/example_dags/example_python_operator.py for tasks to queue
[2022-07-25 04:02:21,497] {logging_mixin.py:115} INFO - [2022-07-25 04:02:21,497] {dagbag.py:508} INFO - Filling up the DagBag from /home/hp/miniconda3/envs/airflow_env/lib/python3.8/site-packages/airflow/example_dags/example_python_operator.py
[2022-07-25 04:02:21,516] {processor.py:651} INFO - DAG(s) dict_keys(['example_python_operator']) retrieved from /home/hp/miniconda3/envs/airflow_env/lib/python3.8/site-packages/airflow/example_dags/example_python_operator.py
[2022-07-25 04:02:21,524] {logging_mixin.py:115} INFO - [2022-07-25 04:02:21,524] {dag.py:2420} INFO - Sync 1 DAGs
[2022-07-25 04:02:21,532] {logging_mixin.py:115} INFO - [2022-07-25 04:02:21,532] {dag.py:2968} INFO - Setting next_dagrun for example_python_operator to None, run_after=None
[2022-07-25 04:02:21,542] {processor.py:161} INFO - Processing /home/hp/miniconda3/envs/airflow_env/lib/python3.8/site-packages/airflow/example_dags/example_python_operator.py took 0.050 seconds
[2022-07-25 04:05:50,427] {processor.py:153} INFO - Started process (PID=26788) to work on /home/hp/miniconda3/envs/airflow_env/lib/python3.8/site-packages/airflow/example_dags/example_python_operator.py
[2022-07-25 04:05:50,428] {processor.py:641} INFO - Processing file /home/hp/miniconda3/envs/airflow_env/lib/python3.8/site-packages/airflow/example_dags/example_python_operator.py for tasks to queue
[2022-07-25 04:05:50,429] {logging_mixin.py:115} INFO - [2022-07-25 04:05:50,429] {dagbag.py:508} INFO - Filling up the DagBag from /home/hp/miniconda3/envs/airflow_env/lib/python3.8/site-packages/airflow/example_dags/example_python_operator.py
[2022-07-25 04:05:50,443] {processor.py:651} INFO - DAG(s) dict_keys(['example_python_operator']) retrieved from /home/hp/miniconda3/envs/airflow_env/lib/python3.8/site-packages/airflow/example_dags/example_python_operator.py
[2022-07-25 04:05:50,452] {logging_mixin.py:115} INFO - [2022-07-25 04:05:50,452] {dag.py:2420} INFO - Sync 1 DAGs
[2022-07-25 04:05:50,461] {logging_mixin.py:115} INFO - [2022-07-25 04:05:50,461] {dag.py:2968} INFO - Setting next_dagrun for example_python_operator to None, run_after=None
[2022-07-25 04:05:50,471] {processor.py:161} INFO - Processing /home/hp/miniconda3/envs/airflow_env/lib/python3.8/site-packages/airflow/example_dags/example_python_operator.py took 0.048 seconds
[2022-07-25 04:16:02,804] {processor.py:153} INFO - Started process (PID=27170) to work on /home/hp/miniconda3/envs/airflow_env/lib/python3.8/site-packages/airflow/example_dags/example_python_operator.py
[2022-07-25 04:16:02,807] {processor.py:641} INFO - Processing file /home/hp/miniconda3/envs/airflow_env/lib/python3.8/site-packages/airflow/example_dags/example_python_operator.py for tasks to queue
[2022-07-25 04:16:02,807] {logging_mixin.py:115} INFO - [2022-07-25 04:16:02,807] {dagbag.py:508} INFO - Filling up the DagBag from /home/hp/miniconda3/envs/airflow_env/lib/python3.8/site-packages/airflow/example_dags/example_python_operator.py
[2022-07-25 04:16:02,821] {processor.py:651} INFO - DAG(s) dict_keys(['example_python_operator']) retrieved from /home/hp/miniconda3/envs/airflow_env/lib/python3.8/site-packages/airflow/example_dags/example_python_operator.py
[2022-07-25 04:16:02,833] {logging_mixin.py:115} INFO - [2022-07-25 04:16:02,833] {dag.py:2420} INFO - Sync 1 DAGs
[2022-07-25 04:16:02,848] {logging_mixin.py:115} INFO - [2022-07-25 04:16:02,848] {dag.py:2968} INFO - Setting next_dagrun for example_python_operator to None, run_after=None
[2022-07-25 04:16:02,860] {processor.py:161} INFO - Processing /home/hp/miniconda3/envs/airflow_env/lib/python3.8/site-packages/airflow/example_dags/example_python_operator.py took 0.059 seconds
[2022-07-25 04:21:25,377] {processor.py:153} INFO - Started process (PID=27549) to work on /home/hp/miniconda3/envs/airflow_env/lib/python3.8/site-packages/airflow/example_dags/example_python_operator.py
[2022-07-25 04:21:25,378] {processor.py:641} INFO - Processing file /home/hp/miniconda3/envs/airflow_env/lib/python3.8/site-packages/airflow/example_dags/example_python_operator.py for tasks to queue
[2022-07-25 04:21:25,379] {logging_mixin.py:115} INFO - [2022-07-25 04:21:25,379] {dagbag.py:508} INFO - Filling up the DagBag from /home/hp/miniconda3/envs/airflow_env/lib/python3.8/site-packages/airflow/example_dags/example_python_operator.py
[2022-07-25 04:21:25,394] {processor.py:651} INFO - DAG(s) dict_keys(['example_python_operator']) retrieved from /home/hp/miniconda3/envs/airflow_env/lib/python3.8/site-packages/airflow/example_dags/example_python_operator.py
[2022-07-25 04:21:25,401] {logging_mixin.py:115} INFO - [2022-07-25 04:21:25,401] {dag.py:2420} INFO - Sync 1 DAGs
[2022-07-25 04:21:25,412] {logging_mixin.py:115} INFO - [2022-07-25 04:21:25,412] {dag.py:2968} INFO - Setting next_dagrun for example_python_operator to None, run_after=None
[2022-07-25 04:21:25,424] {processor.py:161} INFO - Processing /home/hp/miniconda3/envs/airflow_env/lib/python3.8/site-packages/airflow/example_dags/example_python_operator.py took 0.051 seconds
[2022-07-25 04:26:49,580] {processor.py:153} INFO - Started process (PID=27858) to work on /home/hp/miniconda3/envs/airflow_env/lib/python3.8/site-packages/airflow/example_dags/example_python_operator.py
[2022-07-25 04:26:49,582] {processor.py:641} INFO - Processing file /home/hp/miniconda3/envs/airflow_env/lib/python3.8/site-packages/airflow/example_dags/example_python_operator.py for tasks to queue
[2022-07-25 04:26:49,582] {logging_mixin.py:115} INFO - [2022-07-25 04:26:49,582] {dagbag.py:508} INFO - Filling up the DagBag from /home/hp/miniconda3/envs/airflow_env/lib/python3.8/site-packages/airflow/example_dags/example_python_operator.py
[2022-07-25 04:26:49,597] {processor.py:651} INFO - DAG(s) dict_keys(['example_python_operator']) retrieved from /home/hp/miniconda3/envs/airflow_env/lib/python3.8/site-packages/airflow/example_dags/example_python_operator.py
[2022-07-25 04:26:49,607] {logging_mixin.py:115} INFO - [2022-07-25 04:26:49,606] {dag.py:2420} INFO - Sync 1 DAGs
[2022-07-25 04:26:49,615] {logging_mixin.py:115} INFO - [2022-07-25 04:26:49,615] {dag.py:2968} INFO - Setting next_dagrun for example_python_operator to None, run_after=None
[2022-07-25 04:26:49,625] {processor.py:161} INFO - Processing /home/hp/miniconda3/envs/airflow_env/lib/python3.8/site-packages/airflow/example_dags/example_python_operator.py took 0.048 seconds
[2022-07-25 04:32:12,491] {processor.py:153} INFO - Started process (PID=28133) to work on /home/hp/miniconda3/envs/airflow_env/lib/python3.8/site-packages/airflow/example_dags/example_python_operator.py
[2022-07-25 04:32:12,492] {processor.py:641} INFO - Processing file /home/hp/miniconda3/envs/airflow_env/lib/python3.8/site-packages/airflow/example_dags/example_python_operator.py for tasks to queue
[2022-07-25 04:32:12,492] {logging_mixin.py:115} INFO - [2022-07-25 04:32:12,492] {dagbag.py:508} INFO - Filling up the DagBag from /home/hp/miniconda3/envs/airflow_env/lib/python3.8/site-packages/airflow/example_dags/example_python_operator.py
[2022-07-25 04:32:12,509] {processor.py:651} INFO - DAG(s) dict_keys(['example_python_operator']) retrieved from /home/hp/miniconda3/envs/airflow_env/lib/python3.8/site-packages/airflow/example_dags/example_python_operator.py
[2022-07-25 04:32:12,518] {logging_mixin.py:115} INFO - [2022-07-25 04:32:12,517] {dag.py:2420} INFO - Sync 1 DAGs
[2022-07-25 04:32:12,526] {logging_mixin.py:115} INFO - [2022-07-25 04:32:12,526] {dag.py:2968} INFO - Setting next_dagrun for example_python_operator to None, run_after=None
[2022-07-25 04:32:12,539] {processor.py:161} INFO - Processing /home/hp/miniconda3/envs/airflow_env/lib/python3.8/site-packages/airflow/example_dags/example_python_operator.py took 0.049 seconds
[2022-07-25 04:37:36,414] {processor.py:153} INFO - Started process (PID=28425) to work on /home/hp/miniconda3/envs/airflow_env/lib/python3.8/site-packages/airflow/example_dags/example_python_operator.py
[2022-07-25 04:37:36,414] {processor.py:641} INFO - Processing file /home/hp/miniconda3/envs/airflow_env/lib/python3.8/site-packages/airflow/example_dags/example_python_operator.py for tasks to queue
[2022-07-25 04:37:36,415] {logging_mixin.py:115} INFO - [2022-07-25 04:37:36,415] {dagbag.py:508} INFO - Filling up the DagBag from /home/hp/miniconda3/envs/airflow_env/lib/python3.8/site-packages/airflow/example_dags/example_python_operator.py
[2022-07-25 04:37:36,430] {processor.py:651} INFO - DAG(s) dict_keys(['example_python_operator']) retrieved from /home/hp/miniconda3/envs/airflow_env/lib/python3.8/site-packages/airflow/example_dags/example_python_operator.py
[2022-07-25 04:37:36,439] {logging_mixin.py:115} INFO - [2022-07-25 04:37:36,439] {dag.py:2420} INFO - Sync 1 DAGs
[2022-07-25 04:37:36,448] {logging_mixin.py:115} INFO - [2022-07-25 04:37:36,448] {dag.py:2968} INFO - Setting next_dagrun for example_python_operator to None, run_after=None
[2022-07-25 04:37:36,458] {processor.py:161} INFO - Processing /home/hp/miniconda3/envs/airflow_env/lib/python3.8/site-packages/airflow/example_dags/example_python_operator.py took 0.049 seconds
[2022-07-25 10:58:12,361] {processor.py:153} INFO - Started process (PID=56984) to work on /home/hp/miniconda3/envs/airflow_env/lib/python3.8/site-packages/airflow/example_dags/example_python_operator.py
[2022-07-25 10:58:12,362] {processor.py:641} INFO - Processing file /home/hp/miniconda3/envs/airflow_env/lib/python3.8/site-packages/airflow/example_dags/example_python_operator.py for tasks to queue
[2022-07-25 10:58:12,362] {logging_mixin.py:115} INFO - [2022-07-25 10:58:12,362] {dagbag.py:508} INFO - Filling up the DagBag from /home/hp/miniconda3/envs/airflow_env/lib/python3.8/site-packages/airflow/example_dags/example_python_operator.py
[2022-07-25 10:58:12,375] {processor.py:651} INFO - DAG(s) dict_keys(['example_python_operator']) retrieved from /home/hp/miniconda3/envs/airflow_env/lib/python3.8/site-packages/airflow/example_dags/example_python_operator.py
[2022-07-25 10:58:12,384] {logging_mixin.py:115} INFO - [2022-07-25 10:58:12,384] {dag.py:2420} INFO - Sync 1 DAGs
[2022-07-25 10:58:12,398] {logging_mixin.py:115} INFO - [2022-07-25 10:58:12,398] {dag.py:2968} INFO - Setting next_dagrun for example_python_operator to None, run_after=None
[2022-07-25 10:58:12,410] {processor.py:161} INFO - Processing /home/hp/miniconda3/envs/airflow_env/lib/python3.8/site-packages/airflow/example_dags/example_python_operator.py took 0.051 seconds
[2022-07-25 10:58:46,485] {processor.py:153} INFO - Started process (PID=57443) to work on /home/hp/miniconda3/envs/airflow_env/lib/python3.8/site-packages/airflow/example_dags/example_python_operator.py
[2022-07-25 10:58:46,486] {processor.py:641} INFO - Processing file /home/hp/miniconda3/envs/airflow_env/lib/python3.8/site-packages/airflow/example_dags/example_python_operator.py for tasks to queue
[2022-07-25 10:58:46,487] {logging_mixin.py:115} INFO - [2022-07-25 10:58:46,487] {dagbag.py:508} INFO - Filling up the DagBag from /home/hp/miniconda3/envs/airflow_env/lib/python3.8/site-packages/airflow/example_dags/example_python_operator.py
[2022-07-25 10:58:46,498] {processor.py:651} INFO - DAG(s) dict_keys(['example_python_operator']) retrieved from /home/hp/miniconda3/envs/airflow_env/lib/python3.8/site-packages/airflow/example_dags/example_python_operator.py
[2022-07-25 10:58:46,505] {logging_mixin.py:115} INFO - [2022-07-25 10:58:46,505] {dag.py:2420} INFO - Sync 1 DAGs
[2022-07-25 10:58:46,514] {logging_mixin.py:115} INFO - [2022-07-25 10:58:46,514] {dag.py:2968} INFO - Setting next_dagrun for example_python_operator to None, run_after=None
[2022-07-25 10:58:46,523] {processor.py:161} INFO - Processing /home/hp/miniconda3/envs/airflow_env/lib/python3.8/site-packages/airflow/example_dags/example_python_operator.py took 0.039 seconds
[2022-07-25 10:59:22,929] {processor.py:153} INFO - Started process (PID=57722) to work on /home/hp/miniconda3/envs/airflow_env/lib/python3.8/site-packages/airflow/example_dags/example_python_operator.py
[2022-07-25 10:59:22,930] {processor.py:641} INFO - Processing file /home/hp/miniconda3/envs/airflow_env/lib/python3.8/site-packages/airflow/example_dags/example_python_operator.py for tasks to queue
[2022-07-25 10:59:22,931] {logging_mixin.py:115} INFO - [2022-07-25 10:59:22,931] {dagbag.py:508} INFO - Filling up the DagBag from /home/hp/miniconda3/envs/airflow_env/lib/python3.8/site-packages/airflow/example_dags/example_python_operator.py
[2022-07-25 10:59:22,946] {processor.py:651} INFO - DAG(s) dict_keys(['example_python_operator']) retrieved from /home/hp/miniconda3/envs/airflow_env/lib/python3.8/site-packages/airflow/example_dags/example_python_operator.py
[2022-07-25 10:59:22,953] {logging_mixin.py:115} INFO - [2022-07-25 10:59:22,953] {dag.py:2420} INFO - Sync 1 DAGs
[2022-07-25 10:59:22,962] {logging_mixin.py:115} INFO - [2022-07-25 10:59:22,962] {dag.py:2968} INFO - Setting next_dagrun for example_python_operator to None, run_after=None
[2022-07-25 10:59:22,970] {processor.py:161} INFO - Processing /home/hp/miniconda3/envs/airflow_env/lib/python3.8/site-packages/airflow/example_dags/example_python_operator.py took 0.046 seconds
[2022-07-25 10:59:56,204] {processor.py:153} INFO - Started process (PID=58219) to work on /home/hp/miniconda3/envs/airflow_env/lib/python3.8/site-packages/airflow/example_dags/example_python_operator.py
[2022-07-25 10:59:56,205] {processor.py:641} INFO - Processing file /home/hp/miniconda3/envs/airflow_env/lib/python3.8/site-packages/airflow/example_dags/example_python_operator.py for tasks to queue
[2022-07-25 10:59:56,205] {logging_mixin.py:115} INFO - [2022-07-25 10:59:56,205] {dagbag.py:508} INFO - Filling up the DagBag from /home/hp/miniconda3/envs/airflow_env/lib/python3.8/site-packages/airflow/example_dags/example_python_operator.py
[2022-07-25 10:59:56,217] {processor.py:651} INFO - DAG(s) dict_keys(['example_python_operator']) retrieved from /home/hp/miniconda3/envs/airflow_env/lib/python3.8/site-packages/airflow/example_dags/example_python_operator.py
[2022-07-25 10:59:56,224] {logging_mixin.py:115} INFO - [2022-07-25 10:59:56,224] {dag.py:2420} INFO - Sync 1 DAGs
[2022-07-25 10:59:56,234] {logging_mixin.py:115} INFO - [2022-07-25 10:59:56,234] {dag.py:2968} INFO - Setting next_dagrun for example_python_operator to None, run_after=None
[2022-07-25 10:59:56,242] {processor.py:161} INFO - Processing /home/hp/miniconda3/envs/airflow_env/lib/python3.8/site-packages/airflow/example_dags/example_python_operator.py took 0.042 seconds
[2022-07-25 11:00:31,102] {processor.py:153} INFO - Started process (PID=59545) to work on /home/hp/miniconda3/envs/airflow_env/lib/python3.8/site-packages/airflow/example_dags/example_python_operator.py
[2022-07-25 11:00:31,103] {processor.py:641} INFO - Processing file /home/hp/miniconda3/envs/airflow_env/lib/python3.8/site-packages/airflow/example_dags/example_python_operator.py for tasks to queue
[2022-07-25 11:00:31,103] {logging_mixin.py:115} INFO - [2022-07-25 11:00:31,103] {dagbag.py:508} INFO - Filling up the DagBag from /home/hp/miniconda3/envs/airflow_env/lib/python3.8/site-packages/airflow/example_dags/example_python_operator.py
[2022-07-25 11:00:31,116] {processor.py:651} INFO - DAG(s) dict_keys(['example_python_operator']) retrieved from /home/hp/miniconda3/envs/airflow_env/lib/python3.8/site-packages/airflow/example_dags/example_python_operator.py
[2022-07-25 11:00:31,123] {logging_mixin.py:115} INFO - [2022-07-25 11:00:31,123] {dag.py:2420} INFO - Sync 1 DAGs
[2022-07-25 11:00:31,131] {logging_mixin.py:115} INFO - [2022-07-25 11:00:31,131] {dag.py:2968} INFO - Setting next_dagrun for example_python_operator to None, run_after=None
[2022-07-25 11:00:31,139] {processor.py:161} INFO - Processing /home/hp/miniconda3/envs/airflow_env/lib/python3.8/site-packages/airflow/example_dags/example_python_operator.py took 0.039 seconds
[2022-07-25 11:01:05,885] {processor.py:153} INFO - Started process (PID=59777) to work on /home/hp/miniconda3/envs/airflow_env/lib/python3.8/site-packages/airflow/example_dags/example_python_operator.py
[2022-07-25 11:01:05,885] {processor.py:641} INFO - Processing file /home/hp/miniconda3/envs/airflow_env/lib/python3.8/site-packages/airflow/example_dags/example_python_operator.py for tasks to queue
[2022-07-25 11:01:05,886] {logging_mixin.py:115} INFO - [2022-07-25 11:01:05,886] {dagbag.py:508} INFO - Filling up the DagBag from /home/hp/miniconda3/envs/airflow_env/lib/python3.8/site-packages/airflow/example_dags/example_python_operator.py
[2022-07-25 11:01:05,899] {processor.py:651} INFO - DAG(s) dict_keys(['example_python_operator']) retrieved from /home/hp/miniconda3/envs/airflow_env/lib/python3.8/site-packages/airflow/example_dags/example_python_operator.py
[2022-07-25 11:01:05,907] {logging_mixin.py:115} INFO - [2022-07-25 11:01:05,907] {dag.py:2420} INFO - Sync 1 DAGs
[2022-07-25 11:01:05,916] {logging_mixin.py:115} INFO - [2022-07-25 11:01:05,916] {dag.py:2968} INFO - Setting next_dagrun for example_python_operator to None, run_after=None
[2022-07-25 11:01:05,924] {processor.py:161} INFO - Processing /home/hp/miniconda3/envs/airflow_env/lib/python3.8/site-packages/airflow/example_dags/example_python_operator.py took 0.042 seconds
[2022-07-25 11:01:40,947] {processor.py:153} INFO - Started process (PID=59928) to work on /home/hp/miniconda3/envs/airflow_env/lib/python3.8/site-packages/airflow/example_dags/example_python_operator.py
[2022-07-25 11:01:40,948] {processor.py:641} INFO - Processing file /home/hp/miniconda3/envs/airflow_env/lib/python3.8/site-packages/airflow/example_dags/example_python_operator.py for tasks to queue
[2022-07-25 11:01:40,948] {logging_mixin.py:115} INFO - [2022-07-25 11:01:40,948] {dagbag.py:508} INFO - Filling up the DagBag from /home/hp/miniconda3/envs/airflow_env/lib/python3.8/site-packages/airflow/example_dags/example_python_operator.py
[2022-07-25 11:01:40,962] {processor.py:651} INFO - DAG(s) dict_keys(['example_python_operator']) retrieved from /home/hp/miniconda3/envs/airflow_env/lib/python3.8/site-packages/airflow/example_dags/example_python_operator.py
[2022-07-25 11:01:40,969] {logging_mixin.py:115} INFO - [2022-07-25 11:01:40,969] {dag.py:2420} INFO - Sync 1 DAGs
[2022-07-25 11:01:40,978] {logging_mixin.py:115} INFO - [2022-07-25 11:01:40,978] {dag.py:2968} INFO - Setting next_dagrun for example_python_operator to None, run_after=None
[2022-07-25 11:01:40,986] {processor.py:161} INFO - Processing /home/hp/miniconda3/envs/airflow_env/lib/python3.8/site-packages/airflow/example_dags/example_python_operator.py took 0.041 seconds
[2022-07-25 11:02:17,636] {processor.py:153} INFO - Started process (PID=60156) to work on /home/hp/miniconda3/envs/airflow_env/lib/python3.8/site-packages/airflow/example_dags/example_python_operator.py
[2022-07-25 11:02:17,637] {processor.py:641} INFO - Processing file /home/hp/miniconda3/envs/airflow_env/lib/python3.8/site-packages/airflow/example_dags/example_python_operator.py for tasks to queue
[2022-07-25 11:02:17,637] {logging_mixin.py:115} INFO - [2022-07-25 11:02:17,637] {dagbag.py:508} INFO - Filling up the DagBag from /home/hp/miniconda3/envs/airflow_env/lib/python3.8/site-packages/airflow/example_dags/example_python_operator.py
[2022-07-25 11:02:17,650] {processor.py:651} INFO - DAG(s) dict_keys(['example_python_operator']) retrieved from /home/hp/miniconda3/envs/airflow_env/lib/python3.8/site-packages/airflow/example_dags/example_python_operator.py
[2022-07-25 11:02:17,657] {logging_mixin.py:115} INFO - [2022-07-25 11:02:17,657] {dag.py:2420} INFO - Sync 1 DAGs
[2022-07-25 11:02:17,665] {logging_mixin.py:115} INFO - [2022-07-25 11:02:17,665] {dag.py:2968} INFO - Setting next_dagrun for example_python_operator to None, run_after=None
[2022-07-25 11:02:17,674] {processor.py:161} INFO - Processing /home/hp/miniconda3/envs/airflow_env/lib/python3.8/site-packages/airflow/example_dags/example_python_operator.py took 0.040 seconds
[2022-07-25 11:02:52,354] {processor.py:153} INFO - Started process (PID=61549) to work on /home/hp/miniconda3/envs/airflow_env/lib/python3.8/site-packages/airflow/example_dags/example_python_operator.py
[2022-07-25 11:02:52,355] {processor.py:641} INFO - Processing file /home/hp/miniconda3/envs/airflow_env/lib/python3.8/site-packages/airflow/example_dags/example_python_operator.py for tasks to queue
[2022-07-25 11:02:52,355] {logging_mixin.py:115} INFO - [2022-07-25 11:02:52,355] {dagbag.py:508} INFO - Filling up the DagBag from /home/hp/miniconda3/envs/airflow_env/lib/python3.8/site-packages/airflow/example_dags/example_python_operator.py
[2022-07-25 11:02:52,370] {processor.py:651} INFO - DAG(s) dict_keys(['example_python_operator']) retrieved from /home/hp/miniconda3/envs/airflow_env/lib/python3.8/site-packages/airflow/example_dags/example_python_operator.py
[2022-07-25 11:02:52,377] {logging_mixin.py:115} INFO - [2022-07-25 11:02:52,377] {dag.py:2420} INFO - Sync 1 DAGs
[2022-07-25 11:02:52,385] {logging_mixin.py:115} INFO - [2022-07-25 11:02:52,385] {dag.py:2968} INFO - Setting next_dagrun for example_python_operator to None, run_after=None
[2022-07-25 11:02:52,394] {processor.py:161} INFO - Processing /home/hp/miniconda3/envs/airflow_env/lib/python3.8/site-packages/airflow/example_dags/example_python_operator.py took 0.042 seconds
[2022-07-25 11:03:28,911] {processor.py:153} INFO - Started process (PID=61786) to work on /home/hp/miniconda3/envs/airflow_env/lib/python3.8/site-packages/airflow/example_dags/example_python_operator.py
[2022-07-25 11:03:28,912] {processor.py:641} INFO - Processing file /home/hp/miniconda3/envs/airflow_env/lib/python3.8/site-packages/airflow/example_dags/example_python_operator.py for tasks to queue
[2022-07-25 11:03:28,912] {logging_mixin.py:115} INFO - [2022-07-25 11:03:28,912] {dagbag.py:508} INFO - Filling up the DagBag from /home/hp/miniconda3/envs/airflow_env/lib/python3.8/site-packages/airflow/example_dags/example_python_operator.py
[2022-07-25 11:03:28,928] {processor.py:651} INFO - DAG(s) dict_keys(['example_python_operator']) retrieved from /home/hp/miniconda3/envs/airflow_env/lib/python3.8/site-packages/airflow/example_dags/example_python_operator.py
[2022-07-25 11:03:28,935] {logging_mixin.py:115} INFO - [2022-07-25 11:03:28,934] {dag.py:2420} INFO - Sync 1 DAGs
[2022-07-25 11:03:28,943] {logging_mixin.py:115} INFO - [2022-07-25 11:03:28,943] {dag.py:2968} INFO - Setting next_dagrun for example_python_operator to None, run_after=None
[2022-07-25 11:03:28,951] {processor.py:161} INFO - Processing /home/hp/miniconda3/envs/airflow_env/lib/python3.8/site-packages/airflow/example_dags/example_python_operator.py took 0.043 seconds
[2022-07-25 11:04:05,380] {processor.py:153} INFO - Started process (PID=62038) to work on /home/hp/miniconda3/envs/airflow_env/lib/python3.8/site-packages/airflow/example_dags/example_python_operator.py
[2022-07-25 11:04:05,382] {processor.py:641} INFO - Processing file /home/hp/miniconda3/envs/airflow_env/lib/python3.8/site-packages/airflow/example_dags/example_python_operator.py for tasks to queue
[2022-07-25 11:04:05,382] {logging_mixin.py:115} INFO - [2022-07-25 11:04:05,382] {dagbag.py:508} INFO - Filling up the DagBag from /home/hp/miniconda3/envs/airflow_env/lib/python3.8/site-packages/airflow/example_dags/example_python_operator.py
[2022-07-25 11:04:05,395] {processor.py:651} INFO - DAG(s) dict_keys(['example_python_operator']) retrieved from /home/hp/miniconda3/envs/airflow_env/lib/python3.8/site-packages/airflow/example_dags/example_python_operator.py
[2022-07-25 11:04:05,402] {logging_mixin.py:115} INFO - [2022-07-25 11:04:05,402] {dag.py:2420} INFO - Sync 1 DAGs
[2022-07-25 11:04:05,411] {logging_mixin.py:115} INFO - [2022-07-25 11:04:05,411] {dag.py:2968} INFO - Setting next_dagrun for example_python_operator to None, run_after=None
[2022-07-25 11:04:05,419] {processor.py:161} INFO - Processing /home/hp/miniconda3/envs/airflow_env/lib/python3.8/site-packages/airflow/example_dags/example_python_operator.py took 0.043 seconds
[2022-07-25 11:04:39,362] {processor.py:153} INFO - Started process (PID=62251) to work on /home/hp/miniconda3/envs/airflow_env/lib/python3.8/site-packages/airflow/example_dags/example_python_operator.py
[2022-07-25 11:04:39,362] {processor.py:641} INFO - Processing file /home/hp/miniconda3/envs/airflow_env/lib/python3.8/site-packages/airflow/example_dags/example_python_operator.py for tasks to queue
[2022-07-25 11:04:39,362] {logging_mixin.py:115} INFO - [2022-07-25 11:04:39,362] {dagbag.py:508} INFO - Filling up the DagBag from /home/hp/miniconda3/envs/airflow_env/lib/python3.8/site-packages/airflow/example_dags/example_python_operator.py
[2022-07-25 11:04:39,376] {processor.py:651} INFO - DAG(s) dict_keys(['example_python_operator']) retrieved from /home/hp/miniconda3/envs/airflow_env/lib/python3.8/site-packages/airflow/example_dags/example_python_operator.py
[2022-07-25 11:04:39,388] {logging_mixin.py:115} INFO - [2022-07-25 11:04:39,388] {dag.py:2420} INFO - Sync 1 DAGs
[2022-07-25 11:04:39,405] {logging_mixin.py:115} INFO - [2022-07-25 11:04:39,405] {dag.py:2968} INFO - Setting next_dagrun for example_python_operator to None, run_after=None
[2022-07-25 11:04:39,423] {processor.py:161} INFO - Processing /home/hp/miniconda3/envs/airflow_env/lib/python3.8/site-packages/airflow/example_dags/example_python_operator.py took 0.064 seconds
[2022-07-25 11:05:15,267] {processor.py:153} INFO - Started process (PID=62568) to work on /home/hp/miniconda3/envs/airflow_env/lib/python3.8/site-packages/airflow/example_dags/example_python_operator.py
[2022-07-25 11:05:15,268] {processor.py:641} INFO - Processing file /home/hp/miniconda3/envs/airflow_env/lib/python3.8/site-packages/airflow/example_dags/example_python_operator.py for tasks to queue
[2022-07-25 11:05:15,268] {logging_mixin.py:115} INFO - [2022-07-25 11:05:15,268] {dagbag.py:508} INFO - Filling up the DagBag from /home/hp/miniconda3/envs/airflow_env/lib/python3.8/site-packages/airflow/example_dags/example_python_operator.py
[2022-07-25 11:05:15,283] {processor.py:651} INFO - DAG(s) dict_keys(['example_python_operator']) retrieved from /home/hp/miniconda3/envs/airflow_env/lib/python3.8/site-packages/airflow/example_dags/example_python_operator.py
[2022-07-25 11:05:15,290] {logging_mixin.py:115} INFO - [2022-07-25 11:05:15,290] {dag.py:2420} INFO - Sync 1 DAGs
[2022-07-25 11:05:15,299] {logging_mixin.py:115} INFO - [2022-07-25 11:05:15,299] {dag.py:2968} INFO - Setting next_dagrun for example_python_operator to None, run_after=None
[2022-07-25 11:05:15,307] {processor.py:161} INFO - Processing /home/hp/miniconda3/envs/airflow_env/lib/python3.8/site-packages/airflow/example_dags/example_python_operator.py took 0.043 seconds
[2022-07-25 11:05:47,811] {processor.py:153} INFO - Started process (PID=62782) to work on /home/hp/miniconda3/envs/airflow_env/lib/python3.8/site-packages/airflow/example_dags/example_python_operator.py
[2022-07-25 11:05:47,812] {processor.py:641} INFO - Processing file /home/hp/miniconda3/envs/airflow_env/lib/python3.8/site-packages/airflow/example_dags/example_python_operator.py for tasks to queue
[2022-07-25 11:05:47,812] {logging_mixin.py:115} INFO - [2022-07-25 11:05:47,812] {dagbag.py:508} INFO - Filling up the DagBag from /home/hp/miniconda3/envs/airflow_env/lib/python3.8/site-packages/airflow/example_dags/example_python_operator.py
[2022-07-25 11:05:47,826] {processor.py:651} INFO - DAG(s) dict_keys(['example_python_operator']) retrieved from /home/hp/miniconda3/envs/airflow_env/lib/python3.8/site-packages/airflow/example_dags/example_python_operator.py
[2022-07-25 11:05:47,833] {logging_mixin.py:115} INFO - [2022-07-25 11:05:47,833] {dag.py:2420} INFO - Sync 1 DAGs
[2022-07-25 11:05:47,842] {logging_mixin.py:115} INFO - [2022-07-25 11:05:47,842] {dag.py:2968} INFO - Setting next_dagrun for example_python_operator to None, run_after=None
[2022-07-25 11:05:47,850] {processor.py:161} INFO - Processing /home/hp/miniconda3/envs/airflow_env/lib/python3.8/site-packages/airflow/example_dags/example_python_operator.py took 0.042 seconds
[2022-07-25 11:06:23,736] {processor.py:153} INFO - Started process (PID=63038) to work on /home/hp/miniconda3/envs/airflow_env/lib/python3.8/site-packages/airflow/example_dags/example_python_operator.py
[2022-07-25 11:06:23,737] {processor.py:641} INFO - Processing file /home/hp/miniconda3/envs/airflow_env/lib/python3.8/site-packages/airflow/example_dags/example_python_operator.py for tasks to queue
[2022-07-25 11:06:23,737] {logging_mixin.py:115} INFO - [2022-07-25 11:06:23,737] {dagbag.py:508} INFO - Filling up the DagBag from /home/hp/miniconda3/envs/airflow_env/lib/python3.8/site-packages/airflow/example_dags/example_python_operator.py
[2022-07-25 11:06:23,746] {processor.py:651} INFO - DAG(s) dict_keys(['example_python_operator']) retrieved from /home/hp/miniconda3/envs/airflow_env/lib/python3.8/site-packages/airflow/example_dags/example_python_operator.py
[2022-07-25 11:06:23,754] {logging_mixin.py:115} INFO - [2022-07-25 11:06:23,753] {dag.py:2420} INFO - Sync 1 DAGs
[2022-07-25 11:06:23,763] {logging_mixin.py:115} INFO - [2022-07-25 11:06:23,763] {dag.py:2968} INFO - Setting next_dagrun for example_python_operator to None, run_after=None
[2022-07-25 11:06:23,771] {processor.py:161} INFO - Processing /home/hp/miniconda3/envs/airflow_env/lib/python3.8/site-packages/airflow/example_dags/example_python_operator.py took 0.037 seconds
[2022-07-25 11:06:58,815] {processor.py:153} INFO - Started process (PID=63350) to work on /home/hp/miniconda3/envs/airflow_env/lib/python3.8/site-packages/airflow/example_dags/example_python_operator.py
[2022-07-25 11:06:58,816] {processor.py:641} INFO - Processing file /home/hp/miniconda3/envs/airflow_env/lib/python3.8/site-packages/airflow/example_dags/example_python_operator.py for tasks to queue
[2022-07-25 11:06:58,816] {logging_mixin.py:115} INFO - [2022-07-25 11:06:58,816] {dagbag.py:508} INFO - Filling up the DagBag from /home/hp/miniconda3/envs/airflow_env/lib/python3.8/site-packages/airflow/example_dags/example_python_operator.py
[2022-07-25 11:06:58,827] {processor.py:651} INFO - DAG(s) dict_keys(['example_python_operator']) retrieved from /home/hp/miniconda3/envs/airflow_env/lib/python3.8/site-packages/airflow/example_dags/example_python_operator.py
[2022-07-25 11:06:58,834] {logging_mixin.py:115} INFO - [2022-07-25 11:06:58,834] {dag.py:2420} INFO - Sync 1 DAGs
[2022-07-25 11:06:58,843] {logging_mixin.py:115} INFO - [2022-07-25 11:06:58,843] {dag.py:2968} INFO - Setting next_dagrun for example_python_operator to None, run_after=None
[2022-07-25 11:06:58,853] {processor.py:161} INFO - Processing /home/hp/miniconda3/envs/airflow_env/lib/python3.8/site-packages/airflow/example_dags/example_python_operator.py took 0.041 seconds
[2022-07-25 11:07:33,616] {processor.py:153} INFO - Started process (PID=63629) to work on /home/hp/miniconda3/envs/airflow_env/lib/python3.8/site-packages/airflow/example_dags/example_python_operator.py
[2022-07-25 11:07:33,617] {processor.py:641} INFO - Processing file /home/hp/miniconda3/envs/airflow_env/lib/python3.8/site-packages/airflow/example_dags/example_python_operator.py for tasks to queue
[2022-07-25 11:07:33,617] {logging_mixin.py:115} INFO - [2022-07-25 11:07:33,617] {dagbag.py:508} INFO - Filling up the DagBag from /home/hp/miniconda3/envs/airflow_env/lib/python3.8/site-packages/airflow/example_dags/example_python_operator.py
[2022-07-25 11:07:33,627] {processor.py:651} INFO - DAG(s) dict_keys(['example_python_operator']) retrieved from /home/hp/miniconda3/envs/airflow_env/lib/python3.8/site-packages/airflow/example_dags/example_python_operator.py
[2022-07-25 11:07:33,634] {logging_mixin.py:115} INFO - [2022-07-25 11:07:33,634] {dag.py:2420} INFO - Sync 1 DAGs
[2022-07-25 11:07:33,643] {logging_mixin.py:115} INFO - [2022-07-25 11:07:33,643] {dag.py:2968} INFO - Setting next_dagrun for example_python_operator to None, run_after=None
[2022-07-25 11:07:33,653] {processor.py:161} INFO - Processing /home/hp/miniconda3/envs/airflow_env/lib/python3.8/site-packages/airflow/example_dags/example_python_operator.py took 0.038 seconds
[2022-07-25 11:08:08,654] {processor.py:153} INFO - Started process (PID=63984) to work on /home/hp/miniconda3/envs/airflow_env/lib/python3.8/site-packages/airflow/example_dags/example_python_operator.py
[2022-07-25 11:08:08,655] {processor.py:641} INFO - Processing file /home/hp/miniconda3/envs/airflow_env/lib/python3.8/site-packages/airflow/example_dags/example_python_operator.py for tasks to queue
[2022-07-25 11:08:08,656] {logging_mixin.py:115} INFO - [2022-07-25 11:08:08,655] {dagbag.py:508} INFO - Filling up the DagBag from /home/hp/miniconda3/envs/airflow_env/lib/python3.8/site-packages/airflow/example_dags/example_python_operator.py
[2022-07-25 11:08:08,671] {processor.py:651} INFO - DAG(s) dict_keys(['example_python_operator']) retrieved from /home/hp/miniconda3/envs/airflow_env/lib/python3.8/site-packages/airflow/example_dags/example_python_operator.py
[2022-07-25 11:08:08,679] {logging_mixin.py:115} INFO - [2022-07-25 11:08:08,679] {dag.py:2420} INFO - Sync 1 DAGs
[2022-07-25 11:08:08,689] {logging_mixin.py:115} INFO - [2022-07-25 11:08:08,689] {dag.py:2968} INFO - Setting next_dagrun for example_python_operator to None, run_after=None
[2022-07-25 11:08:08,698] {processor.py:161} INFO - Processing /home/hp/miniconda3/envs/airflow_env/lib/python3.8/site-packages/airflow/example_dags/example_python_operator.py took 0.048 seconds
                                                                                                                                                                                                                                                                                                                                                                                                                                                                                                                                                                                                                                                                                                                                                                                                                                                                                                                                                                                                                                                                                                                                                                                                                                                                                                                                                                                                                