[2022-07-25 03:02:52,739] {processor.py:153} INFO - Started process (PID=20956) to work on /home/hp/miniconda3/envs/airflow_env/lib/python3.8/site-packages/airflow/example_dags/example_short_circuit_operator.py
[2022-07-25 03:02:52,739] {processor.py:641} INFO - Processing file /home/hp/miniconda3/envs/airflow_env/lib/python3.8/site-packages/airflow/example_dags/example_short_circuit_operator.py for tasks to queue
[2022-07-25 03:02:52,740] {logging_mixin.py:115} INFO - [2022-07-25 03:02:52,740] {dagbag.py:508} INFO - Filling up the DagBag from /home/hp/miniconda3/envs/airflow_env/lib/python3.8/site-packages/airflow/example_dags/example_short_circuit_operator.py
[2022-07-25 03:02:52,749] {processor.py:651} INFO - DAG(s) dict_keys(['example_short_circuit_operator']) retrieved from /home/hp/miniconda3/envs/airflow_env/lib/python3.8/site-packages/airflow/example_dags/example_short_circuit_operator.py
[2022-07-25 03:02:52,758] {logging_mixin.py:115} INFO - [2022-07-25 03:02:52,758] {dag.py:2420} INFO - Sync 1 DAGs
[2022-07-25 03:02:52,769] {logging_mixin.py:115} INFO - [2022-07-25 03:02:52,769] {dag.py:2968} INFO - Setting next_dagrun for example_short_circuit_operator to 2022-07-24T00:02:52.769243+00:00, run_after=2022-07-25T00:02:52.769243+00:00
[2022-07-25 03:02:52,787] {processor.py:161} INFO - Processing /home/hp/miniconda3/envs/airflow_env/lib/python3.8/site-packages/airflow/example_dags/example_short_circuit_operator.py took 0.052 seconds
[2022-07-25 03:07:32,128] {processor.py:153} INFO - Started process (PID=21494) to work on /home/hp/miniconda3/envs/airflow_env/lib/python3.8/site-packages/airflow/example_dags/example_short_circuit_operator.py
[2022-07-25 03:07:32,129] {processor.py:641} INFO - Processing file /home/hp/miniconda3/envs/airflow_env/lib/python3.8/site-packages/airflow/example_dags/example_short_circuit_operator.py for tasks to queue
[2022-07-25 03:07:32,129] {logging_mixin.py:115} INFO - [2022-07-25 03:07:32,129] {dagbag.py:508} INFO - Filling up the DagBag from /home/hp/miniconda3/envs/airflow_env/lib/python3.8/site-packages/airflow/example_dags/example_short_circuit_operator.py
[2022-07-25 03:07:32,139] {processor.py:651} INFO - DAG(s) dict_keys(['example_short_circuit_operator']) retrieved from /home/hp/miniconda3/envs/airflow_env/lib/python3.8/site-packages/airflow/example_dags/example_short_circuit_operator.py
[2022-07-25 03:07:32,149] {logging_mixin.py:115} INFO - [2022-07-25 03:07:32,149] {dag.py:2420} INFO - Sync 1 DAGs
[2022-07-25 03:07:32,158] {logging_mixin.py:115} INFO - [2022-07-25 03:07:32,158] {dag.py:2968} INFO - Setting next_dagrun for example_short_circuit_operator to 2022-07-24T00:07:32.158174+00:00, run_after=2022-07-25T00:07:32.158174+00:00
[2022-07-25 03:07:32,169] {processor.py:161} INFO - Processing /home/hp/miniconda3/envs/airflow_env/lib/python3.8/site-packages/airflow/example_dags/example_short_circuit_operator.py took 0.045 seconds
[2022-07-25 03:12:58,774] {processor.py:153} INFO - Started process (PID=21971) to work on /home/hp/miniconda3/envs/airflow_env/lib/python3.8/site-packages/airflow/example_dags/example_short_circuit_operator.py
[2022-07-25 03:12:58,775] {processor.py:641} INFO - Processing file /home/hp/miniconda3/envs/airflow_env/lib/python3.8/site-packages/airflow/example_dags/example_short_circuit_operator.py for tasks to queue
[2022-07-25 03:12:58,776] {logging_mixin.py:115} INFO - [2022-07-25 03:12:58,776] {dagbag.py:508} INFO - Filling up the DagBag from /home/hp/miniconda3/envs/airflow_env/lib/python3.8/site-packages/airflow/example_dags/example_short_circuit_operator.py
[2022-07-25 03:12:58,786] {processor.py:651} INFO - DAG(s) dict_keys(['example_short_circuit_operator']) retrieved from /home/hp/miniconda3/envs/airflow_env/lib/python3.8/site-packages/airflow/example_dags/example_short_circuit_operator.py
[2022-07-25 03:12:58,795] {logging_mixin.py:115} INFO - [2022-07-25 03:12:58,795] {dag.py:2420} INFO - Sync 1 DAGs
[2022-07-25 03:12:58,806] {logging_mixin.py:115} INFO - [2022-07-25 03:12:58,805] {dag.py:2968} INFO - Setting next_dagrun for example_short_circuit_operator to 2022-07-24T00:12:58.805760+00:00, run_after=2022-07-25T00:12:58.805760+00:00
[2022-07-25 03:12:58,815] {processor.py:161} INFO - Processing /home/hp/miniconda3/envs/airflow_env/lib/python3.8/site-packages/airflow/example_dags/example_short_circuit_operator.py took 0.045 seconds
[2022-07-25 03:23:08,293] {processor.py:153} INFO - Started process (PID=22548) to work on /home/hp/miniconda3/envs/airflow_env/lib/python3.8/site-packages/airflow/example_dags/example_short_circuit_operator.py
[2022-07-25 03:23:08,299] {processor.py:641} INFO - Processing file /home/hp/miniconda3/envs/airflow_env/lib/python3.8/site-packages/airflow/example_dags/example_short_circuit_operator.py for tasks to queue
[2022-07-25 03:23:08,299] {logging_mixin.py:115} INFO - [2022-07-25 03:23:08,299] {dagbag.py:508} INFO - Filling up the DagBag from /home/hp/miniconda3/envs/airflow_env/lib/python3.8/site-packages/airflow/example_dags/example_short_circuit_operator.py
[2022-07-25 03:23:08,321] {processor.py:651} INFO - DAG(s) dict_keys(['example_short_circuit_operator']) retrieved from /home/hp/miniconda3/envs/airflow_env/lib/python3.8/site-packages/airflow/example_dags/example_short_circuit_operator.py
[2022-07-25 03:23:08,381] {logging_mixin.py:115} INFO - [2022-07-25 03:23:08,381] {dag.py:2420} INFO - Sync 1 DAGs
[2022-07-25 03:23:08,453] {logging_mixin.py:115} INFO - [2022-07-25 03:23:08,453] {dag.py:2968} INFO - Setting next_dagrun for example_short_circuit_operator to 2022-07-24T00:23:08.452986+00:00, run_after=2022-07-25T00:23:08.452986+00:00
[2022-07-25 03:23:08,486] {processor.py:161} INFO - Processing /home/hp/miniconda3/envs/airflow_env/lib/python3.8/site-packages/airflow/example_dags/example_short_circuit_operator.py took 0.204 seconds
[2022-07-25 03:28:31,356] {processor.py:153} INFO - Started process (PID=23062) to work on /home/hp/miniconda3/envs/airflow_env/lib/python3.8/site-packages/airflow/example_dags/example_short_circuit_operator.py
[2022-07-25 03:28:31,357] {processor.py:641} INFO - Processing file /home/hp/miniconda3/envs/airflow_env/lib/python3.8/site-packages/airflow/example_dags/example_short_circuit_operator.py for tasks to queue
[2022-07-25 03:28:31,358] {logging_mixin.py:115} INFO - [2022-07-25 03:28:31,358] {dagbag.py:508} INFO - Filling up the DagBag from /home/hp/miniconda3/envs/airflow_env/lib/python3.8/site-packages/airflow/example_dags/example_short_circuit_operator.py
[2022-07-25 03:28:31,371] {processor.py:651} INFO - DAG(s) dict_keys(['example_short_circuit_operator']) retrieved from /home/hp/miniconda3/envs/airflow_env/lib/python3.8/site-packages/airflow/example_dags/example_short_circuit_operator.py
[2022-07-25 03:28:31,382] {logging_mixin.py:115} INFO - [2022-07-25 03:28:31,382] {dag.py:2420} INFO - Sync 1 DAGs
[2022-07-25 03:28:31,393] {logging_mixin.py:115} INFO - [2022-07-25 03:28:31,393] {dag.py:2968} INFO - Setting next_dagrun for example_short_circuit_operator to 2022-07-24T00:28:31.393047+00:00, run_after=2022-07-25T00:28:31.393047+00:00
[2022-07-25 03:28:31,403] {processor.py:161} INFO - Processing /home/hp/miniconda3/envs/airflow_env/lib/python3.8/site-packages/airflow/example_dags/example_short_circuit_operator.py took 0.051 seconds
[2022-07-25 03:30:42,187] {processor.py:153} INFO - Started process (PID=23533) to work on /home/hp/miniconda3/envs/airflow_env/lib/python3.8/site-packages/airflow/example_dags/example_short_circuit_operator.py
[2022-07-25 03:30:42,187] {processor.py:641} INFO - Processing file /home/hp/miniconda3/envs/airflow_env/lib/python3.8/site-packages/airflow/example_dags/example_short_circuit_operator.py for tasks to queue
[2022-07-25 03:30:42,188] {logging_mixin.py:115} INFO - [2022-07-25 03:30:42,188] {dagbag.py:508} INFO - Filling up the DagBag from /home/hp/miniconda3/envs/airflow_env/lib/python3.8/site-packages/airflow/example_dags/example_short_circuit_operator.py
[2022-07-25 03:30:42,195] {processor.py:651} INFO - DAG(s) dict_keys(['example_short_circuit_operator']) retrieved from /home/hp/miniconda3/envs/airflow_env/lib/python3.8/site-packages/airflow/example_dags/example_short_circuit_operator.py
[2022-07-25 03:30:42,206] {logging_mixin.py:115} INFO - [2022-07-25 03:30:42,206] {dag.py:2420} INFO - Sync 1 DAGs
[2022-07-25 03:30:42,218] {logging_mixin.py:115} INFO - [2022-07-25 03:30:42,218] {dag.py:2968} INFO - Setting next_dagrun for example_short_circuit_operator to 2022-07-24T00:30:42.217989+00:00, run_after=2022-07-25T00:30:42.217989+00:00
[2022-07-25 03:30:42,227] {processor.py:161} INFO - Processing /home/hp/miniconda3/envs/airflow_env/lib/python3.8/site-packages/airflow/example_dags/example_short_circuit_operator.py took 0.043 seconds
[2022-07-25 03:34:00,669] {processor.py:153} INFO - Started process (PID=24043) to work on /home/hp/miniconda3/envs/airflow_env/lib/python3.8/site-packages/airflow/example_dags/example_short_circuit_operator.py
[2022-07-25 03:34:00,670] {processor.py:641} INFO - Processing file /home/hp/miniconda3/envs/airflow_env/lib/python3.8/site-packages/airflow/example_dags/example_short_circuit_operator.py for tasks to queue
[2022-07-25 03:34:00,671] {logging_mixin.py:115} INFO - [2022-07-25 03:34:00,671] {dagbag.py:508} INFO - Filling up the DagBag from /home/hp/miniconda3/envs/airflow_env/lib/python3.8/site-packages/airflow/example_dags/example_short_circuit_operator.py
[2022-07-25 03:34:00,681] {processor.py:651} INFO - DAG(s) dict_keys(['example_short_circuit_operator']) retrieved from /home/hp/miniconda3/envs/airflow_env/lib/python3.8/site-packages/airflow/example_dags/example_short_circuit_operator.py
[2022-07-25 03:34:00,693] {logging_mixin.py:115} INFO - [2022-07-25 03:34:00,693] {dag.py:2420} INFO - Sync 1 DAGs
[2022-07-25 03:34:00,703] {logging_mixin.py:115} INFO - [2022-07-25 03:34:00,703] {dag.py:2968} INFO - Setting next_dagrun for example_short_circuit_operator to 2022-07-24T00:34:00.703330+00:00, run_after=2022-07-25T00:34:00.703330+00:00
[2022-07-25 03:34:00,713] {processor.py:161} INFO - Processing /home/hp/miniconda3/envs/airflow_env/lib/python3.8/site-packages/airflow/example_dags/example_short_circuit_operator.py took 0.048 seconds
[2022-07-25 03:39:26,077] {processor.py:153} INFO - Started process (PID=24455) to work on /home/hp/miniconda3/envs/airflow_env/lib/python3.8/site-packages/airflow/example_dags/example_short_circuit_operator.py
[2022-07-25 03:39:26,078] {processor.py:641} INFO - Processing file /home/hp/miniconda3/envs/airflow_env/lib/python3.8/site-packages/airflow/example_dags/example_short_circuit_operator.py for tasks to queue
[2022-07-25 03:39:26,079] {logging_mixin.py:115} INFO - [2022-07-25 03:39:26,079] {dagbag.py:508} INFO - Filling up the DagBag from /home/hp/miniconda3/envs/airflow_env/lib/python3.8/site-packages/airflow/example_dags/example_short_circuit_operator.py
[2022-07-25 03:39:26,092] {processor.py:651} INFO - DAG(s) dict_keys(['example_short_circuit_operator']) retrieved from /home/hp/miniconda3/envs/airflow_env/lib/python3.8/site-packages/airflow/example_dags/example_short_circuit_operator.py
[2022-07-25 03:39:26,104] {logging_mixin.py:115} INFO - [2022-07-25 03:39:26,104] {dag.py:2420} INFO - Sync 1 DAGs
[2022-07-25 03:39:26,114] {logging_mixin.py:115} INFO - [2022-07-25 03:39:26,114] {dag.py:2968} INFO - Setting next_dagrun for example_short_circuit_operator to 2022-07-24T00:39:26.113882+00:00, run_after=2022-07-25T00:39:26.113882+00:00
[2022-07-25 03:39:26,123] {processor.py:161} INFO - Processing /home/hp/miniconda3/envs/airflow_env/lib/python3.8/site-packages/airflow/example_dags/example_short_circuit_operator.py took 0.050 seconds
[2022-07-25 03:49:36,463] {processor.py:153} INFO - Started process (PID=25029) to work on /home/hp/miniconda3/envs/airflow_env/lib/python3.8/site-packages/airflow/example_dags/example_short_circuit_operator.py
[2022-07-25 03:49:36,464] {processor.py:641} INFO - Processing file /home/hp/miniconda3/envs/airflow_env/lib/python3.8/site-packages/airflow/example_dags/example_short_circuit_operator.py for tasks to queue
[2022-07-25 03:49:36,464] {logging_mixin.py:115} INFO - [2022-07-25 03:49:36,464] {dagbag.py:508} INFO - Filling up the DagBag from /home/hp/miniconda3/envs/airflow_env/lib/python3.8/site-packages/airflow/example_dags/example_short_circuit_operator.py
[2022-07-25 03:49:36,474] {processor.py:651} INFO - DAG(s) dict_keys(['example_short_circuit_operator']) retrieved from /home/hp/miniconda3/envs/airflow_env/lib/python3.8/site-packages/airflow/example_dags/example_short_circuit_operator.py
[2022-07-25 03:49:36,494] {logging_mixin.py:115} INFO - [2022-07-25 03:49:36,494] {dag.py:2420} INFO - Sync 1 DAGs
[2022-07-25 03:49:36,512] {logging_mixin.py:115} INFO - [2022-07-25 03:49:36,512] {dag.py:2968} INFO - Setting next_dagrun for example_short_circuit_operator to 2022-07-24T00:49:36.512384+00:00, run_after=2022-07-25T00:49:36.512384+00:00
[2022-07-25 03:49:36,527] {processor.py:161} INFO - Processing /home/hp/miniconda3/envs/airflow_env/lib/python3.8/site-packages/airflow/example_dags/example_short_circuit_operator.py took 0.066 seconds
[2022-07-25 03:55:00,349] {processor.py:153} INFO - Started process (PID=25445) to work on /home/hp/miniconda3/envs/airflow_env/lib/python3.8/site-packages/airflow/example_dags/example_short_circuit_operator.py
[2022-07-25 03:55:00,350] {processor.py:641} INFO - Processing file /home/hp/miniconda3/envs/airflow_env/lib/python3.8/site-packages/airflow/example_dags/example_short_circuit_operator.py for tasks to queue
[2022-07-25 03:55:00,351] {logging_mixin.py:115} INFO - [2022-07-25 03:55:00,351] {dagbag.py:508} INFO - Filling up the DagBag from /home/hp/miniconda3/envs/airflow_env/lib/python3.8/site-packages/airflow/example_dags/example_short_circuit_operator.py
[2022-07-25 03:55:00,362] {processor.py:651} INFO - DAG(s) dict_keys(['example_short_circuit_operator']) retrieved from /home/hp/miniconda3/envs/airflow_env/lib/python3.8/site-packages/airflow/example_dags/example_short_circuit_operator.py
[2022-07-25 03:55:00,370] {logging_mixin.py:115} INFO - [2022-07-25 03:55:00,370] {dag.py:2420} INFO - Sync 1 DAGs
[2022-07-25 03:55:00,380] {logging_mixin.py:115} INFO - [2022-07-25 03:55:00,380] {dag.py:2968} INFO - Setting next_dagrun for example_short_circuit_operator to 2022-07-24T00:55:00.380569+00:00, run_after=2022-07-25T00:55:00.380569+00:00
[2022-07-25 03:55:00,390] {processor.py:161} INFO - Processing /home/hp/miniconda3/envs/airflow_env/lib/python3.8/site-packages/airflow/example_dags/example_short_circuit_operator.py took 0.045 seconds
[2022-07-25 04:00:22,611] {processor.py:153} INFO - Started process (PID=25743) to work on /home/hp/miniconda3/envs/airflow_env/lib/python3.8/site-packages/airflow/example_dags/example_short_circuit_operator.py
[2022-07-25 04:00:22,612] {processor.py:641} INFO - Processing file /home/hp/miniconda3/envs/airflow_env/lib/python3.8/site-packages/airflow/example_dags/example_short_circuit_operator.py for tasks to queue
[2022-07-25 04:00:22,613] {logging_mixin.py:115} INFO - [2022-07-25 04:00:22,613] {dagbag.py:508} INFO - Filling up the DagBag from /home/hp/miniconda3/envs/airflow_env/lib/python3.8/site-packages/airflow/example_dags/example_short_circuit_operator.py
[2022-07-25 04:00:22,623] {processor.py:651} INFO - DAG(s) dict_keys(['example_short_circuit_operator']) retrieved from /home/hp/miniconda3/envs/airflow_env/lib/python3.8/site-packages/airflow/example_dags/example_short_circuit_operator.py
[2022-07-25 04:00:22,632] {logging_mixin.py:115} INFO - [2022-07-25 04:00:22,632] {dag.py:2420} INFO - Sync 1 DAGs
[2022-07-25 04:00:22,641] {logging_mixin.py:115} INFO - [2022-07-25 04:00:22,641] {dag.py:2968} INFO - Setting next_dagrun for example_short_circuit_operator to 2022-07-24T01:00:22.641099+00:00, run_after=2022-07-25T01:00:22.641099+00:00
[2022-07-25 04:00:22,650] {processor.py:161} INFO - Processing /home/hp/miniconda3/envs/airflow_env/lib/python3.8/site-packages/airflow/example_dags/example_short_circuit_operator.py took 0.043 seconds
[2022-07-25 04:01:01,629] {processor.py:153} INFO - Started process (PID=26013) to work on /home/hp/miniconda3/envs/airflow_env/lib/python3.8/site-packages/airflow/example_dags/example_short_circuit_operator.py
[2022-07-25 04:01:01,630] {processor.py:641} INFO - Processing file /home/hp/miniconda3/envs/airflow_env/lib/python3.8/site-packages/airflow/example_dags/example_short_circuit_operator.py for tasks to queue
[2022-07-25 04:01:01,631] {logging_mixin.py:115} INFO - [2022-07-25 04:01:01,630] {dagbag.py:508} INFO - Filling up the DagBag from /home/hp/miniconda3/envs/airflow_env/lib/python3.8/site-packages/airflow/example_dags/example_short_circuit_operator.py
[2022-07-25 04:01:01,643] {processor.py:651} INFO - DAG(s) dict_keys(['example_short_circuit_operator']) retrieved from /home/hp/miniconda3/envs/airflow_env/lib/python3.8/site-packages/airflow/example_dags/example_short_circuit_operator.py
[2022-07-25 04:01:01,652] {logging_mixin.py:115} INFO - [2022-07-25 04:01:01,652] {dag.py:2420} INFO - Sync 1 DAGs
[2022-07-25 04:01:01,662] {logging_mixin.py:115} INFO - [2022-07-25 04:01:01,662] {dag.py:2968} INFO - Setting next_dagrun for example_short_circuit_operator to 2022-07-24T01:01:01.661874+00:00, run_after=2022-07-25T01:01:01.661874+00:00
[2022-07-25 04:01:01,672] {processor.py:161} INFO - Processing /home/hp/miniconda3/envs/airflow_env/lib/python3.8/site-packages/airflow/example_dags/example_short_circuit_operator.py took 0.048 seconds
[2022-07-25 04:02:18,628] {processor.py:153} INFO - Started process (PID=26470) to work on /home/hp/miniconda3/envs/airflow_env/lib/python3.8/site-packages/airflow/example_dags/example_short_circuit_operator.py
[2022-07-25 04:02:18,629] {processor.py:641} INFO - Processing file /home/hp/miniconda3/envs/airflow_env/lib/python3.8/site-packages/airflow/example_dags/example_short_circuit_operator.py for tasks to queue
[2022-07-25 04:02:18,630] {logging_mixin.py:115} INFO - [2022-07-25 04:02:18,630] {dagbag.py:508} INFO - Filling up the DagBag from /home/hp/miniconda3/envs/airflow_env/lib/python3.8/site-packages/airflow/example_dags/example_short_circuit_operator.py
[2022-07-25 04:02:18,641] {processor.py:651} INFO - DAG(s) dict_keys(['example_short_circuit_operator']) retrieved from /home/hp/miniconda3/envs/airflow_env/lib/python3.8/site-packages/airflow/example_dags/example_short_circuit_operator.py
[2022-07-25 04:02:18,651] {logging_mixin.py:115} INFO - [2022-07-25 04:02:18,651] {dag.py:2420} INFO - Sync 1 DAGs
[2022-07-25 04:02:18,661] {logging_mixin.py:115} INFO - [2022-07-25 04:02:18,661] {dag.py:2968} INFO - Setting next_dagrun for example_short_circuit_operator to 2022-07-24T01:02:18.660027+00:00, run_after=2022-07-25T01:02:18.660027+00:00
[2022-07-25 04:02:18,671] {processor.py:161} INFO - Processing /home/hp/miniconda3/envs/airflow_env/lib/python3.8/site-packages/airflow/example_dags/example_short_circuit_operator.py took 0.047 seconds
[2022-07-25 04:05:46,481] {processor.py:153} INFO - Started process (PID=26783) to work on /home/hp/miniconda3/envs/airflow_env/lib/python3.8/site-packages/airflow/example_dags/example_short_circuit_operator.py
[2022-07-25 04:05:46,482] {processor.py:641} INFO - Processing file /home/hp/miniconda3/envs/airflow_env/lib/python3.8/site-packages/airflow/example_dags/example_short_circuit_operator.py for tasks to queue
[2022-07-25 04:05:46,483] {logging_mixin.py:115} INFO - [2022-07-25 04:05:46,483] {dagbag.py:508} INFO - Filling up the DagBag from /home/hp/miniconda3/envs/airflow_env/lib/python3.8/site-packages/airflow/example_dags/example_short_circuit_operator.py
[2022-07-25 04:05:46,492] {processor.py:651} INFO - DAG(s) dict_keys(['example_short_circuit_operator']) retrieved from /home/hp/miniconda3/envs/airflow_env/lib/python3.8/site-packages/airflow/example_dags/example_short_circuit_operator.py
[2022-07-25 04:05:46,501] {logging_mixin.py:115} INFO - [2022-07-25 04:05:46,501] {dag.py:2420} INFO - Sync 1 DAGs
[2022-07-25 04:05:46,510] {logging_mixin.py:115} INFO - [2022-07-25 04:05:46,510] {dag.py:2968} INFO - Setting next_dagrun for example_short_circuit_operator to 2022-07-24T01:05:46.510697+00:00, run_after=2022-07-25T01:05:46.510697+00:00
[2022-07-25 04:05:46,521] {processor.py:161} INFO - Processing /home/hp/miniconda3/envs/airflow_env/lib/python3.8/site-packages/airflow/example_dags/example_short_circuit_operator.py took 0.044 seconds
[2022-07-25 04:11:10,653] {processor.py:153} INFO - Started process (PID=27065) to work on /home/hp/miniconda3/envs/airflow_env/lib/python3.8/site-packages/airflow/example_dags/example_short_circuit_operator.py
[2022-07-25 04:11:10,654] {processor.py:641} INFO - Processing file /home/hp/miniconda3/envs/airflow_env/lib/python3.8/site-packages/airflow/example_dags/example_short_circuit_operator.py for tasks to queue
[2022-07-25 04:11:10,655] {logging_mixin.py:115} INFO - [2022-07-25 04:11:10,655] {dagbag.py:508} INFO - Filling up the DagBag from /home/hp/miniconda3/envs/airflow_env/lib/python3.8/site-packages/airflow/example_dags/example_short_circuit_operator.py
[2022-07-25 04:11:10,664] {processor.py:651} INFO - DAG(s) dict_keys(['example_short_circuit_operator']) retrieved from /home/hp/miniconda3/envs/airflow_env/lib/python3.8/site-packages/airflow/example_dags/example_short_circuit_operator.py
[2022-07-25 04:11:10,674] {logging_mixin.py:115} INFO - [2022-07-25 04:11:10,674] {dag.py:2420} INFO - Sync 1 DAGs
[2022-07-25 04:11:10,683] {logging_mixin.py:115} INFO - [2022-07-25 04:11:10,683] {dag.py:2968} INFO - Setting next_dagrun for example_short_circuit_operator to 2022-07-24T01:11:10.683723+00:00, run_after=2022-07-25T01:11:10.683723+00:00
[2022-07-25 04:11:10,694] {processor.py:161} INFO - Processing /home/hp/miniconda3/envs/airflow_env/lib/python3.8/site-packages/airflow/example_dags/example_short_circuit_operator.py took 0.045 seconds
[2022-07-25 04:21:22,005] {processor.py:153} INFO - Started process (PID=27511) to work on /home/hp/miniconda3/envs/airflow_env/lib/python3.8/site-packages/airflow/example_dags/example_short_circuit_operator.py
[2022-07-25 04:21:22,006] {processor.py:641} INFO - Processing file /home/hp/miniconda3/envs/airflow_env/lib/python3.8/site-packages/airflow/example_dags/example_short_circuit_operator.py for tasks to queue
[2022-07-25 04:21:22,006] {logging_mixin.py:115} INFO - [2022-07-25 04:21:22,006] {dagbag.py:508} INFO - Filling up the DagBag from /home/hp/miniconda3/envs/airflow_env/lib/python3.8/site-packages/airflow/example_dags/example_short_circuit_operator.py
[2022-07-25 04:21:22,015] {processor.py:651} INFO - DAG(s) dict_keys(['example_short_circuit_operator']) retrieved from /home/hp/miniconda3/envs/airflow_env/lib/python3.8/site-packages/airflow/example_dags/example_short_circuit_operator.py
[2022-07-25 04:21:22,033] {logging_mixin.py:115} INFO - [2022-07-25 04:21:22,033] {dag.py:2420} INFO - Sync 1 DAGs
[2022-07-25 04:21:22,047] {logging_mixin.py:115} INFO - [2022-07-25 04:21:22,047] {dag.py:2968} INFO - Setting next_dagrun for example_short_circuit_operator to 2022-07-24T01:21:22.047364+00:00, run_after=2022-07-25T01:21:22.047364+00:00
[2022-07-25 04:21:22,063] {processor.py:161} INFO - Processing /home/hp/miniconda3/envs/airflow_env/lib/python3.8/site-packages/airflow/example_dags/example_short_circuit_operator.py took 0.060 seconds
[2022-07-25 04:26:45,586] {processor.py:153} INFO - Started process (PID=27836) to work on /home/hp/miniconda3/envs/airflow_env/lib/python3.8/site-packages/airflow/example_dags/example_short_circuit_operator.py
[2022-07-25 04:26:45,587] {processor.py:641} INFO - Processing file /home/hp/miniconda3/envs/airflow_env/lib/python3.8/site-packages/airflow/example_dags/example_short_circuit_operator.py for tasks to queue
[2022-07-25 04:26:45,587] {logging_mixin.py:115} INFO - [2022-07-25 04:26:45,587] {dagbag.py:508} INFO - Filling up the DagBag from /home/hp/miniconda3/envs/airflow_env/lib/python3.8/site-packages/airflow/example_dags/example_short_circuit_operator.py
[2022-07-25 04:26:45,594] {processor.py:651} INFO - DAG(s) dict_keys(['example_short_circuit_operator']) retrieved from /home/hp/miniconda3/envs/airflow_env/lib/python3.8/site-packages/airflow/example_dags/example_short_circuit_operator.py
[2022-07-25 04:26:45,604] {logging_mixin.py:115} INFO - [2022-07-25 04:26:45,604] {dag.py:2420} INFO - Sync 1 DAGs
[2022-07-25 04:26:45,613] {logging_mixin.py:115} INFO - [2022-07-25 04:26:45,613] {dag.py:2968} INFO - Setting next_dagrun for example_short_circuit_operator to 2022-07-24T01:26:45.613118+00:00, run_after=2022-07-25T01:26:45.613118+00:00
[2022-07-25 04:26:45,623] {processor.py:161} INFO - Processing /home/hp/miniconda3/envs/airflow_env/lib/python3.8/site-packages/airflow/example_dags/example_short_circuit_operator.py took 0.041 seconds
[2022-07-25 04:32:07,835] {processor.py:153} INFO - Started process (PID=28121) to work on /home/hp/miniconda3/envs/airflow_env/lib/python3.8/site-packages/airflow/example_dags/example_short_circuit_operator.py
[2022-07-25 04:32:07,836] {processor.py:641} INFO - Processing file /home/hp/miniconda3/envs/airflow_env/lib/python3.8/site-packages/airflow/example_dags/example_short_circuit_operator.py for tasks to queue
[2022-07-25 04:32:07,837] {logging_mixin.py:115} INFO - [2022-07-25 04:32:07,836] {dagbag.py:508} INFO - Filling up the DagBag from /home/hp/miniconda3/envs/airflow_env/lib/python3.8/site-packages/airflow/example_dags/example_short_circuit_operator.py
[2022-07-25 04:32:07,844] {processor.py:651} INFO - DAG(s) dict_keys(['example_short_circuit_operator']) retrieved from /home/hp/miniconda3/envs/airflow_env/lib/python3.8/site-packages/airflow/example_dags/example_short_circuit_operator.py
[2022-07-25 04:32:07,854] {logging_mixin.py:115} INFO - [2022-07-25 04:32:07,854] {dag.py:2420} INFO - Sync 1 DAGs
[2022-07-25 04:32:07,863] {logging_mixin.py:115} INFO - [2022-07-25 04:32:07,863] {dag.py:2968} INFO - Setting next_dagrun for example_short_circuit_operator to 2022-07-24T01:32:07.863739+00:00, run_after=2022-07-25T01:32:07.863739+00:00
[2022-07-25 04:32:07,873] {processor.py:161} INFO - Processing /home/hp/miniconda3/envs/airflow_env/lib/python3.8/site-packages/airflow/example_dags/example_short_circuit_operator.py took 0.042 seconds
[2022-07-25 04:37:31,756] {processor.py:153} INFO - Started process (PID=28418) to work on /home/hp/miniconda3/envs/airflow_env/lib/python3.8/site-packages/airflow/example_dags/example_short_circuit_operator.py
[2022-07-25 04:37:31,757] {processor.py:641} INFO - Processing file /home/hp/miniconda3/envs/airflow_env/lib/python3.8/site-packages/airflow/example_dags/example_short_circuit_operator.py for tasks to queue
[2022-07-25 04:37:31,758] {logging_mixin.py:115} INFO - [2022-07-25 04:37:31,758] {dagbag.py:508} INFO - Filling up the DagBag from /home/hp/miniconda3/envs/airflow_env/lib/python3.8/site-packages/airflow/example_dags/example_short_circuit_operator.py
[2022-07-25 04:37:31,766] {processor.py:651} INFO - DAG(s) dict_keys(['example_short_circuit_operator']) retrieved from /home/hp/miniconda3/envs/airflow_env/lib/python3.8/site-packages/airflow/example_dags/example_short_circuit_operator.py
[2022-07-25 04:37:31,776] {logging_mixin.py:115} INFO - [2022-07-25 04:37:31,776] {dag.py:2420} INFO - Sync 1 DAGs
[2022-07-25 04:37:31,785] {logging_mixin.py:115} INFO - [2022-07-25 04:37:31,785] {dag.py:2968} INFO - Setting next_dagrun for example_short_circuit_operator to 2022-07-24T01:37:31.785554+00:00, run_after=2022-07-25T01:37:31.785554+00:00
[2022-07-25 04:37:31,794] {processor.py:161} INFO - Processing /home/hp/miniconda3/envs/airflow_env/lib/python3.8/site-packages/airflow/example_dags/example_short_circuit_operator.py took 0.042 seconds
[2022-07-25 10:58:08,552] {processor.py:153} INFO - Started process (PID=56917) to work on /home/hp/miniconda3/envs/airflow_env/lib/python3.8/site-packages/airflow/example_dags/example_short_circuit_operator.py
[2022-07-25 10:58:08,553] {processor.py:641} INFO - Processing file /home/hp/miniconda3/envs/airflow_env/lib/python3.8/site-packages/airflow/example_dags/example_short_circuit_operator.py for tasks to queue
[2022-07-25 10:58:08,554] {logging_mixin.py:115} INFO - [2022-07-25 10:58:08,554] {dagbag.py:508} INFO - Filling up the DagBag from /home/hp/miniconda3/envs/airflow_env/lib/python3.8/site-packages/airflow/example_dags/example_short_circuit_operator.py
[2022-07-25 10:58:08,564] {processor.py:651} INFO - DAG(s) dict_keys(['example_short_circuit_operator']) retrieved from /home/hp/miniconda3/envs/airflow_env/lib/python3.8/site-packages/airflow/example_dags/example_short_circuit_operator.py
[2022-07-25 10:58:08,573] {logging_mixin.py:115} INFO - [2022-07-25 10:58:08,573] {dag.py:2420} INFO - Sync 1 DAGs
[2022-07-25 10:58:08,581] {logging_mixin.py:115} INFO - [2022-07-25 10:58:08,581] {dag.py:2968} INFO - Setting next_dagrun for example_short_circuit_operator to 2022-07-24T07:58:08.581044+00:00, run_after=2022-07-25T07:58:08.581044+00:00
[2022-07-25 10:58:08,590] {processor.py:161} INFO - Processing /home/hp/miniconda3/envs/airflow_env/lib/python3.8/site-packages/airflow/example_dags/example_short_circuit_operator.py took 0.042 seconds
[2022-07-25 10:58:41,963] {processor.py:153} INFO - Started process (PID=57385) to work on /home/hp/miniconda3/envs/airflow_env/lib/python3.8/site-packages/airflow/example_dags/example_short_circuit_operator.py
[2022-07-25 10:58:41,964] {processor.py:641} INFO - Processing file /home/hp/miniconda3/envs/airflow_env/lib/python3.8/site-packages/airflow/example_dags/example_short_circuit_operator.py for tasks to queue
[2022-07-25 10:58:41,964] {logging_mixin.py:115} INFO - [2022-07-25 10:58:41,964] {dagbag.py:508} INFO - Filling up the DagBag from /home/hp/miniconda3/envs/airflow_env/lib/python3.8/site-packages/airflow/example_dags/example_short_circuit_operator.py
[2022-07-25 10:58:41,970] {processor.py:651} INFO - DAG(s) dict_keys(['example_short_circuit_operator']) retrieved from /home/hp/miniconda3/envs/airflow_env/lib/python3.8/site-packages/airflow/example_dags/example_short_circuit_operator.py
[2022-07-25 10:58:41,979] {logging_mixin.py:115} INFO - [2022-07-25 10:58:41,979] {dag.py:2420} INFO - Sync 1 DAGs
[2022-07-25 10:58:41,988] {logging_mixin.py:115} INFO - [2022-07-25 10:58:41,988] {dag.py:2968} INFO - Setting next_dagrun for example_short_circuit_operator to 2022-07-24T07:58:41.988393+00:00, run_after=2022-07-25T07:58:41.988393+00:00
[2022-07-25 10:58:41,997] {processor.py:161} INFO - Processing /home/hp/miniconda3/envs/airflow_env/lib/python3.8/site-packages/airflow/example_dags/example_short_circuit_operator.py took 0.037 seconds
[2022-07-25 10:59:19,071] {processor.py:153} INFO - Started process (PID=57688) to work on /home/hp/miniconda3/envs/airflow_env/lib/python3.8/site-packages/airflow/example_dags/example_short_circuit_operator.py
[2022-07-25 10:59:19,072] {processor.py:641} INFO - Processing file /home/hp/miniconda3/envs/airflow_env/lib/python3.8/site-packages/airflow/example_dags/example_short_circuit_operator.py for tasks to queue
[2022-07-25 10:59:19,072] {logging_mixin.py:115} INFO - [2022-07-25 10:59:19,072] {dagbag.py:508} INFO - Filling up the DagBag from /home/hp/miniconda3/envs/airflow_env/lib/python3.8/site-packages/airflow/example_dags/example_short_circuit_operator.py
[2022-07-25 10:59:19,080] {processor.py:651} INFO - DAG(s) dict_keys(['example_short_circuit_operator']) retrieved from /home/hp/miniconda3/envs/airflow_env/lib/python3.8/site-packages/airflow/example_dags/example_short_circuit_operator.py
[2022-07-25 10:59:19,089] {logging_mixin.py:115} INFO - [2022-07-25 10:59:19,089] {dag.py:2420} INFO - Sync 1 DAGs
[2022-07-25 10:59:19,097] {logging_mixin.py:115} INFO - [2022-07-25 10:59:19,097] {dag.py:2968} INFO - Setting next_dagrun for example_short_circuit_operator to 2022-07-24T07:59:19.097168+00:00, run_after=2022-07-25T07:59:19.097168+00:00
[2022-07-25 10:59:19,106] {processor.py:161} INFO - Processing /home/hp/miniconda3/envs/airflow_env/lib/python3.8/site-packages/airflow/example_dags/example_short_circuit_operator.py took 0.038 seconds
[2022-07-25 10:59:51,925] {processor.py:153} INFO - Started process (PID=57960) to work on /home/hp/miniconda3/envs/airflow_env/lib/python3.8/site-packages/airflow/example_dags/example_short_circuit_operator.py
[2022-07-25 10:59:51,926] {processor.py:641} INFO - Processing file /home/hp/miniconda3/envs/airflow_env/lib/python3.8/site-packages/airflow/example_dags/example_short_circuit_operator.py for tasks to queue
[2022-07-25 10:59:51,926] {logging_mixin.py:115} INFO - [2022-07-25 10:59:51,926] {dagbag.py:508} INFO - Filling up the DagBag from /home/hp/miniconda3/envs/airflow_env/lib/python3.8/site-packages/airflow/example_dags/example_short_circuit_operator.py
[2022-07-25 10:59:51,932] {processor.py:651} INFO - DAG(s) dict_keys(['example_short_circuit_operator']) retrieved from /home/hp/miniconda3/envs/airflow_env/lib/python3.8/site-packages/airflow/example_dags/example_short_circuit_operator.py
[2022-07-25 10:59:51,942] {logging_mixin.py:115} INFO - [2022-07-25 10:59:51,942] {dag.py:2420} INFO - Sync 1 DAGs
[2022-07-25 10:59:51,950] {logging_mixin.py:115} INFO - [2022-07-25 10:59:51,950] {dag.py:2968} INFO - Setting next_dagrun for example_short_circuit_operator to 2022-07-24T07:59:51.950250+00:00, run_after=2022-07-25T07:59:51.950250+00:00
[2022-07-25 10:59:51,959] {processor.py:161} INFO - Processing /home/hp/miniconda3/envs/airflow_env/lib/python3.8/site-packages/airflow/example_dags/example_short_circuit_operator.py took 0.035 seconds
[2022-07-25 11:00:27,086] {processor.py:153} INFO - Started process (PID=59526) to work on /home/hp/miniconda3/envs/airflow_env/lib/python3.8/site-packages/airflow/example_dags/example_short_circuit_operator.py
[2022-07-25 11:00:27,086] {processor.py:641} INFO - Processing file /home/hp/miniconda3/envs/airflow_env/lib/python3.8/site-packages/airflow/example_dags/example_short_circuit_operator.py for tasks to queue
[2022-07-25 11:00:27,087] {logging_mixin.py:115} INFO - [2022-07-25 11:00:27,087] {dagbag.py:508} INFO - Filling up the DagBag from /home/hp/miniconda3/envs/airflow_env/lib/python3.8/site-packages/airflow/example_dags/example_short_circuit_operator.py
[2022-07-25 11:00:27,096] {processor.py:651} INFO - DAG(s) dict_keys(['example_short_circuit_operator']) retrieved from /home/hp/miniconda3/envs/airflow_env/lib/python3.8/site-packages/airflow/example_dags/example_short_circuit_operator.py
[2022-07-25 11:00:27,106] {logging_mixin.py:115} INFO - [2022-07-25 11:00:27,106] {dag.py:2420} INFO - Sync 1 DAGs
[2022-07-25 11:00:27,113] {logging_mixin.py:115} INFO - [2022-07-25 11:00:27,113] {dag.py:2968} INFO - Setting next_dagrun for example_short_circuit_operator to 2022-07-24T08:00:27.113699+00:00, run_after=2022-07-25T08:00:27.113699+00:00
[2022-07-25 11:00:27,123] {processor.py:161} INFO - Processing /home/hp/miniconda3/envs/airflow_env/lib/python3.8/site-packages/airflow/example_dags/example_short_circuit_operator.py took 0.041 seconds
[2022-07-25 11:01:01,884] {processor.py:153} INFO - Started process (PID=59762) to work on /home/hp/miniconda3/envs/airflow_env/lib/python3.8/site-packages/airflow/example_dags/example_short_circuit_operator.py
[2022-07-25 11:01:01,885] {processor.py:641} INFO - Processing file /home/hp/miniconda3/envs/airflow_env/lib/python3.8/site-packages/airflow/example_dags/example_short_circuit_operator.py for tasks to queue
[2022-07-25 11:01:01,885] {logging_mixin.py:115} INFO - [2022-07-25 11:01:01,885] {dagbag.py:508} INFO - Filling up the DagBag from /home/hp/miniconda3/envs/airflow_env/lib/python3.8/site-packages/airflow/example_dags/example_short_circuit_operator.py
[2022-07-25 11:01:01,894] {processor.py:651} INFO - DAG(s) dict_keys(['example_short_circuit_operator']) retrieved from /home/hp/miniconda3/envs/airflow_env/lib/python3.8/site-packages/airflow/example_dags/example_short_circuit_operator.py
[2022-07-25 11:01:01,903] {logging_mixin.py:115} INFO - [2022-07-25 11:01:01,903] {dag.py:2420} INFO - Sync 1 DAGs
[2022-07-25 11:01:01,911] {logging_mixin.py:115} INFO - [2022-07-25 11:01:01,911] {dag.py:2968} INFO - Setting next_dagrun for example_short_circuit_operator to 2022-07-24T08:01:01.911247+00:00, run_after=2022-07-25T08:01:01.911247+00:00
[2022-07-25 11:01:01,920] {processor.py:161} INFO - Processing /home/hp/miniconda3/envs/airflow_env/lib/python3.8/site-packages/airflow/example_dags/example_short_circuit_operator.py took 0.040 seconds
[2022-07-25 11:01:36,753] {processor.py:153} INFO - Started process (PID=59921) to work on /home/hp/miniconda3/envs/airflow_env/lib/python3.8/site-packages/airflow/example_dags/example_short_circuit_operator.py
[2022-07-25 11:01:36,754] {processor.py:641} INFO - Processing file /home/hp/miniconda3/envs/airflow_env/lib/python3.8/site-packages/airflow/example_dags/example_short_circuit_operator.py for tasks to queue
[2022-07-25 11:01:36,754] {logging_mixin.py:115} INFO - [2022-07-25 11:01:36,754] {dagbag.py:508} INFO - Filling up the DagBag from /home/hp/miniconda3/envs/airflow_env/lib/python3.8/site-packages/airflow/example_dags/example_short_circuit_operator.py
[2022-07-25 11:01:36,758] {processor.py:651} INFO - DAG(s) dict_keys(['example_short_circuit_operator']) retrieved from /home/hp/miniconda3/envs/airflow_env/lib/python3.8/site-packages/airflow/example_dags/example_short_circuit_operator.py
[2022-07-25 11:01:36,766] {logging_mixin.py:115} INFO - [2022-07-25 11:01:36,766] {dag.py:2420} INFO - Sync 1 DAGs
[2022-07-25 11:01:36,774] {logging_mixin.py:115} INFO - [2022-07-25 11:01:36,774] {dag.py:2968} INFO - Setting next_dagrun for example_short_circuit_operator to 2022-07-24T08:01:36.774022+00:00, run_after=2022-07-25T08:01:36.774022+00:00
[2022-07-25 11:01:36,783] {processor.py:161} INFO - Processing /home/hp/miniconda3/envs/airflow_env/lib/python3.8/site-packages/airflow/example_dags/example_short_circuit_operator.py took 0.032 seconds
[2022-07-25 11:02:13,636] {processor.py:153} INFO - Started process (PID=60134) to work on /home/hp/miniconda3/envs/airflow_env/lib/python3.8/site-packages/airflow/example_dags/example_short_circuit_operator.py
[2022-07-25 11:02:13,637] {processor.py:641} INFO - Processing file /home/hp/miniconda3/envs/airflow_env/lib/python3.8/site-packages/airflow/example_dags/example_short_circuit_operator.py for tasks to queue
[2022-07-25 11:02:13,637] {logging_mixin.py:115} INFO - [2022-07-25 11:02:13,637] {dagbag.py:508} INFO - Filling up the DagBag from /home/hp/miniconda3/envs/airflow_env/lib/python3.8/site-packages/airflow/example_dags/example_short_circuit_operator.py
[2022-07-25 11:02:13,644] {processor.py:651} INFO - DAG(s) dict_keys(['example_short_circuit_operator']) retrieved from /home/hp/miniconda3/envs/airflow_env/lib/python3.8/site-packages/airflow/example_dags/example_short_circuit_operator.py
[2022-07-25 11:02:13,654] {logging_mixin.py:115} INFO - [2022-07-25 11:02:13,654] {dag.py:2420} INFO - Sync 1 DAGs
[2022-07-25 11:02:13,661] {logging_mixin.py:115} INFO - [2022-07-25 11:02:13,661] {dag.py:2968} INFO - Setting next_dagrun for example_short_circuit_operator to 2022-07-24T08:02:13.661625+00:00, run_after=2022-07-25T08:02:13.661625+00:00
[2022-07-25 11:02:13,671] {processor.py:161} INFO - Processing /home/hp/miniconda3/envs/airflow_env/lib/python3.8/site-packages/airflow/example_dags/example_short_circuit_operator.py took 0.036 seconds
[2022-07-25 11:02:48,435] {processor.py:153} INFO - Started process (PID=61491) to work on /home/hp/miniconda3/envs/airflow_env/lib/python3.8/site-packages/airflow/example_dags/example_short_circuit_operator.py
[2022-07-25 11:02:48,436] {processor.py:641} INFO - Processing file /home/hp/miniconda3/envs/airflow_env/lib/python3.8/site-packages/airflow/example_dags/example_short_circuit_operator.py for tasks to queue
[2022-07-25 11:02:48,436] {logging_mixin.py:115} INFO - [2022-07-25 11:02:48,436] {dagbag.py:508} INFO - Filling up the DagBag from /home/hp/miniconda3/envs/airflow_env/lib/python3.8/site-packages/airflow/example_dags/example_short_circuit_operator.py
[2022-07-25 11:02:48,440] {processor.py:651} INFO - DAG(s) dict_keys(['example_short_circuit_operator']) retrieved from /home/hp/miniconda3/envs/airflow_env/lib/python3.8/site-packages/airflow/example_dags/example_short_circuit_operator.py
[2022-07-25 11:02:48,448] {logging_mixin.py:115} INFO - [2022-07-25 11:02:48,448] {dag.py:2420} INFO - Sync 1 DAGs
[2022-07-25 11:02:48,456] {logging_mixin.py:115} INFO - [2022-07-25 11:02:48,456] {dag.py:2968} INFO - Setting next_dagrun for example_short_circuit_operator to 2022-07-24T08:02:48.456638+00:00, run_after=2022-07-25T08:02:48.456638+00:00
[2022-07-25 11:02:48,466] {processor.py:161} INFO - Processing /home/hp/miniconda3/envs/airflow_env/lib/python3.8/site-packages/airflow/example_dags/example_short_circuit_operator.py took 0.032 seconds
[2022-07-25 11:03:24,364] {processor.py:153} INFO - Started process (PID=61729) to work on /home/hp/miniconda3/envs/airflow_env/lib/python3.8/site-packages/airflow/example_dags/example_short_circuit_operator.py
[2022-07-25 11:03:24,365] {processor.py:641} INFO - Processing file /home/hp/miniconda3/envs/airflow_env/lib/python3.8/site-packages/airflow/example_dags/example_short_circuit_operator.py for tasks to queue
[2022-07-25 11:03:24,366] {logging_mixin.py:115} INFO - [2022-07-25 11:03:24,365] {dagbag.py:508} INFO - Filling up the DagBag from /home/hp/miniconda3/envs/airflow_env/lib/python3.8/site-packages/airflow/example_dags/example_short_circuit_operator.py
[2022-07-25 11:03:24,377] {processor.py:651} INFO - DAG(s) dict_keys(['example_short_circuit_operator']) retrieved from /home/hp/miniconda3/envs/airflow_env/lib/python3.8/site-packages/airflow/example_dags/example_short_circuit_operator.py
[2022-07-25 11:03:24,386] {logging_mixin.py:115} INFO - [2022-07-25 11:03:24,386] {dag.py:2420} INFO - Sync 1 DAGs
[2022-07-25 11:03:24,395] {logging_mixin.py:115} INFO - [2022-07-25 11:03:24,395] {dag.py:2968} INFO - Setting next_dagrun for example_short_circuit_operator to 2022-07-24T08:03:24.395002+00:00, run_after=2022-07-25T08:03:24.395002+00:00
[2022-07-25 11:03:24,403] {processor.py:161} INFO - Processing /home/hp/miniconda3/envs/airflow_env/lib/python3.8/site-packages/airflow/example_dags/example_short_circuit_operator.py took 0.042 seconds
[2022-07-25 11:04:00,905] {processor.py:153} INFO - Started process (PID=62016) to work on /home/hp/miniconda3/envs/airflow_env/lib/python3.8/site-packages/airflow/example_dags/example_short_circuit_operator.py
[2022-07-25 11:04:00,906] {processor.py:641} INFO - Processing file /home/hp/miniconda3/envs/airflow_env/lib/python3.8/site-packages/airflow/example_dags/example_short_circuit_operator.py for tasks to queue
[2022-07-25 11:04:00,907] {logging_mixin.py:115} INFO - [2022-07-25 11:04:00,907] {dagbag.py:508} INFO - Filling up the DagBag from /home/hp/miniconda3/envs/airflow_env/lib/python3.8/site-packages/airflow/example_dags/example_short_circuit_operator.py
[2022-07-25 11:04:00,914] {processor.py:651} INFO - DAG(s) dict_keys(['example_short_circuit_operator']) retrieved from /home/hp/miniconda3/envs/airflow_env/lib/python3.8/site-packages/airflow/example_dags/example_short_circuit_operator.py
[2022-07-25 11:04:00,922] {logging_mixin.py:115} INFO - [2022-07-25 11:04:00,922] {dag.py:2420} INFO - Sync 1 DAGs
[2022-07-25 11:04:00,931] {logging_mixin.py:115} INFO - [2022-07-25 11:04:00,931] {dag.py:2968} INFO - Setting next_dagrun for example_short_circuit_operator to 2022-07-24T08:04:00.931368+00:00, run_after=2022-07-25T08:04:00.931368+00:00
[2022-07-25 11:04:00,940] {processor.py:161} INFO - Processing /home/hp/miniconda3/envs/airflow_env/lib/python3.8/site-packages/airflow/example_dags/example_short_circuit_operator.py took 0.036 seconds
[2022-07-25 11:04:35,831] {processor.py:153} INFO - Started process (PID=62246) to work on /home/hp/miniconda3/envs/airflow_env/lib/python3.8/site-packages/airflow/example_dags/example_short_circuit_operator.py
[2022-07-25 11:04:35,832] {processor.py:641} INFO - Processing file /home/hp/miniconda3/envs/airflow_env/lib/python3.8/site-packages/airflow/example_dags/example_short_circuit_operator.py for tasks to queue
[2022-07-25 11:04:35,833] {logging_mixin.py:115} INFO - [2022-07-25 11:04:35,833] {dagbag.py:508} INFO - Filling up the DagBag from /home/hp/miniconda3/envs/airflow_env/lib/python3.8/site-packages/airflow/example_dags/example_short_circuit_operator.py
[2022-07-25 11:04:35,839] {processor.py:651} INFO - DAG(s) dict_keys(['example_short_circuit_operator']) retrieved from /home/hp/miniconda3/envs/airflow_env/lib/python3.8/site-packages/airflow/example_dags/example_short_circuit_operator.py
[2022-07-25 11:04:35,848] {logging_mixin.py:115} INFO - [2022-07-25 11:04:35,848] {dag.py:2420} INFO - Sync 1 DAGs
[2022-07-25 11:04:35,857] {logging_mixin.py:115} INFO - [2022-07-25 11:04:35,857] {dag.py:2968} INFO - Setting next_dagrun for example_short_circuit_operator to 2022-07-24T08:04:35.857293+00:00, run_after=2022-07-25T08:04:35.857293+00:00
[2022-07-25 11:04:35,866] {processor.py:161} INFO - Processing /home/hp/miniconda3/envs/airflow_env/lib/python3.8/site-packages/airflow/example_dags/example_short_circuit_operator.py took 0.038 seconds
[2022-07-25 11:05:10,764] {processor.py:153} INFO - Started process (PID=62564) to work on /home/hp/miniconda3/envs/airflow_env/lib/python3.8/site-packages/airflow/example_dags/example_short_circuit_operator.py
[2022-07-25 11:05:10,766] {processor.py:641} INFO - Processing file /home/hp/miniconda3/envs/airflow_env/lib/python3.8/site-packages/airflow/example_dags/example_short_circuit_operator.py for tasks to queue
[2022-07-25 11:05:10,766] {logging_mixin.py:115} INFO - [2022-07-25 11:05:10,766] {dagbag.py:508} INFO - Filling up the DagBag from /home/hp/miniconda3/envs/airflow_env/lib/python3.8/site-packages/airflow/example_dags/example_short_circuit_operator.py
[2022-07-25 11:05:10,773] {processor.py:651} INFO - DAG(s) dict_keys(['example_short_circuit_operator']) retrieved from /home/hp/miniconda3/envs/airflow_env/lib/python3.8/site-packages/airflow/example_dags/example_short_circuit_operator.py
[2022-07-25 11:05:10,780] {logging_mixin.py:115} INFO - [2022-07-25 11:05:10,780] {dag.py:2420} INFO - Sync 1 DAGs
[2022-07-25 11:05:10,789] {logging_mixin.py:115} INFO - [2022-07-25 11:05:10,789] {dag.py:2968} INFO - Setting next_dagrun for example_short_circuit_operator to 2022-07-24T08:05:10.789585+00:00, run_after=2022-07-25T08:05:10.789585+00:00
[2022-07-25 11:05:10,797] {processor.py:161} INFO - Processing /home/hp/miniconda3/envs/airflow_env/lib/python3.8/site-packages/airflow/example_dags/example_short_circuit_operator.py took 0.036 seconds
[2022-07-25 11:05:43,809] {processor.py:153} INFO - Started process (PID=62761) to work on /home/hp/miniconda3/envs/airflow_env/lib/python3.8/site-packages/airflow/example_dags/example_short_circuit_operator.py
[2022-07-25 11:05:43,810] {processor.py:641} INFO - Processing file /home/hp/miniconda3/envs/airflow_env/lib/python3.8/site-packages/airflow/example_dags/example_short_circuit_operator.py for tasks to queue
[2022-07-25 11:05:43,811] {logging_mixin.py:115} INFO - [2022-07-25 11:05:43,811] {dagbag.py:508} INFO - Filling up the DagBag from /home/hp/miniconda3/envs/airflow_env/lib/python3.8/site-packages/airflow/example_dags/example_short_circuit_operator.py
[2022-07-25 11:05:43,818] {processor.py:651} INFO - DAG(s) dict_keys(['example_short_circuit_operator']) retrieved from /home/hp/miniconda3/envs/airflow_env/lib/python3.8/site-packages/airflow/example_dags/example_short_circuit_operator.py
[2022-07-25 11:05:43,826] {logging_mixin.py:115} INFO - [2022-07-25 11:05:43,826] {dag.py:2420} INFO - Sync 1 DAGs
[2022-07-25 11:05:43,835] {logging_mixin.py:115} INFO - [2022-07-25 11:05:43,835] {dag.py:2968} INFO - Setting next_dagrun for example_short_circuit_operator to 2022-07-24T08:05:43.834995+00:00, run_after=2022-07-25T08:05:43.834995+00:00
[2022-07-25 11:05:43,843] {processor.py:161} INFO - Processing /home/hp/miniconda3/envs/airflow_env/lib/python3.8/site-packages/airflow/example_dags/example_short_circuit_operator.py took 0.036 seconds
[2022-07-25 11:06:19,741] {processor.py:153} INFO - Started process (PID=62998) to work on /home/hp/miniconda3/envs/airflow_env/lib/python3.8/site-packages/airflow/example_dags/example_short_circuit_operator.py
[2022-07-25 11:06:19,743] {processor.py:641} INFO - Processing file /home/hp/miniconda3/envs/airflow_env/lib/python3.8/site-packages/airflow/example_dags/example_short_circuit_operator.py for tasks to queue
[2022-07-25 11:06:19,743] {logging_mixin.py:115} INFO - [2022-07-25 11:06:19,743] {dagbag.py:508} INFO - Filling up the DagBag from /home/hp/miniconda3/envs/airflow_env/lib/python3.8/site-packages/airflow/example_dags/example_short_circuit_operator.py
[2022-07-25 11:06:19,752] {processor.py:651} INFO - DAG(s) dict_keys(['example_short_circuit_operator']) retrieved from /home/hp/miniconda3/envs/airflow_env/lib/python3.8/site-packages/airflow/example_dags/example_short_circuit_operator.py
[2022-07-25 11:06:19,760] {logging_mixin.py:115} INFO - [2022-07-25 11:06:19,760] {dag.py:2420} INFO - Sync 1 DAGs
[2022-07-25 11:06:19,769] {logging_mixin.py:115} INFO - [2022-07-25 11:06:19,769] {dag.py:2968} INFO - Setting next_dagrun for example_short_circuit_operator to 2022-07-24T08:06:19.769678+00:00, run_after=2022-07-25T08:06:19.769678+00:00
[2022-07-25 11:06:19,777] {processor.py:161} INFO - Processing /home/hp/miniconda3/envs/airflow_env/lib/python3.8/site-packages/airflow/example_dags/example_short_circuit_operator.py took 0.040 seconds
[2022-07-25 11:06:54,423] {processor.py:153} INFO - Started process (PID=63304) to work on /home/hp/miniconda3/envs/airflow_env/lib/python3.8/site-packages/airflow/example_dags/example_short_circuit_operator.py
[2022-07-25 11:06:54,424] {processor.py:641} INFO - Processing file /home/hp/miniconda3/envs/airflow_env/lib/python3.8/site-packages/airflow/example_dags/example_short_circuit_operator.py for tasks to queue
[2022-07-25 11:06:54,424] {logging_mixin.py:115} INFO - [2022-07-25 11:06:54,424] {dagbag.py:508} INFO - Filling up the DagBag from /home/hp/miniconda3/envs/airflow_env/lib/python3.8/site-packages/airflow/example_dags/example_short_circuit_operator.py
[2022-07-25 11:06:54,434] {processor.py:651} INFO - DAG(s) dict_keys(['example_short_circuit_operator']) retrieved from /home/hp/miniconda3/envs/airflow_env/lib/python3.8/site-packages/airflow/example_dags/example_short_circuit_operator.py
[2022-07-25 11:06:54,444] {logging_mixin.py:115} INFO - [2022-07-25 11:06:54,444] {dag.py:2420} INFO - Sync 1 DAGs
[2022-07-25 11:06:54,453] {logging_mixin.py:115} INFO - [2022-07-25 11:06:54,453] {dag.py:2968} INFO - Setting next_dagrun for example_short_circuit_operator to 2022-07-24T08:06:54.453515+00:00, run_after=2022-07-25T08:06:54.453515+00:00
[2022-07-25 11:06:54,462] {processor.py:161} INFO - Processing /home/hp/miniconda3/envs/airflow_env/lib/python3.8/site-packages/airflow/example_dags/example_short_circuit_operator.py took 0.043 seconds
[2022-07-25 11:07:29,086] {processor.py:153} INFO - Started process (PID=63557) to work on /home/hp/miniconda3/envs/airflow_env/lib/python3.8/site-packages/airflow/example_dags/example_short_circuit_operator.py
[2022-07-25 11:07:29,087] {processor.py:641} INFO - Processing file /home/hp/miniconda3/envs/airflow_env/lib/python3.8/site-packages/airflow/example_dags/example_short_circuit_operator.py for tasks to queue
[2022-07-25 11:07:29,087] {logging_mixin.py:115} INFO - [2022-07-25 11:07:29,087] {dagbag.py:508} INFO - Filling up the DagBag from /home/hp/miniconda3/envs/airflow_env/lib/python3.8/site-packages/airflow/example_dags/example_short_circuit_operator.py
[2022-07-25 11:07:29,092] {processor.py:651} INFO - DAG(s) dict_keys(['example_short_circuit_operator']) retrieved from /home/hp/miniconda3/envs/airflow_env/lib/python3.8/site-packages/airflow/example_dags/example_short_circuit_operator.py
[2022-07-25 11:07:29,101] {logging_mixin.py:115} INFO - [2022-07-25 11:07:29,101] {dag.py:2420} INFO - Sync 1 DAGs
[2022-07-25 11:07:29,112] {logging_mixin.py:115} INFO - [2022-07-25 11:07:29,112] {dag.py:2968} INFO - Setting next_dagrun for example_short_circuit_operator to 2022-07-24T08:07:29.112758+00:00, run_after=2022-07-25T08:07:29.112758+00:00
[2022-07-25 11:07:29,122] {processor.py:161} INFO - Processing /home/hp/miniconda3/envs/airflow_env/lib/python3.8/site-packages/airflow/example_dags/example_short_circuit_operator.py took 0.038 seconds
[2022-07-25 11:08:05,138] {processor.py:153} INFO - Started process (PID=63934) to work on /home/hp/miniconda3/envs/airflow_env/lib/python3.8/site-packages/airflow/example_dags/example_short_circuit_operator.py
[2022-07-25 11:08:05,138] {processor.py:641} INFO - Processing file /home/hp/miniconda3/envs/airflow_env/lib/python3.8/site-packages/airflow/example_dags/example_short_circuit_operator.py for tasks to queue
[2022-07-25 11:08:05,139] {logging_mixin.py:115} INFO - [2022-07-25 11:08:05,139] {dagbag.py:508} INFO - Filling up the DagBag from /home/hp/miniconda3/envs/airflow_env/lib/python3.8/site-packages/airflow/example_dags/example_short_circuit_operator.py
[2022-07-25 11:08:05,143] {processor.py:651} INFO - DAG(s) dict_keys(['example_short_circuit_operator']) retrieved from /home/hp/miniconda3/envs/airflow_env/lib/python3.8/site-packages/airflow/example_dags/example_short_circuit_operator.py
[2022-07-25 11:08:05,152] {logging_mixin.py:115} INFO - [2022-07-25 11:08:05,151] {dag.py:2420} INFO - Sync 1 DAGs
[2022-07-25 11:08:05,161] {logging_mixin.py:115} INFO - [2022-07-25 11:08:05,161] {dag.py:2968} INFO - Setting next_dagrun for example_short_circuit_operator to 2022-07-24T08:08:05.161750+00:00, run_after=2022-07-25T08:08:05.161750+00:00
[2022-07-25 11:08:05,171] {processor.py:161} INFO - Processing /home/hp/miniconda3/envs/airflow_env/lib/python3.8/site-packages/airflow/example_dags/example_short_circuit_operator.py took 0.035 seconds
                                                                                                                                                                                                                                                                                                                                                                                                                                                                                                                                                                                                                                                                                                                                                                                                                                                                                                                                                                                                                                                                                                                                                                                                                                                                                                                                                                                                                                                                                                                         