[2022-07-25 03:02:48,513] {processor.py:153} INFO - Started process (PID=20886) to work on /home/hp/miniconda3/envs/airflow_env/lib/python3.8/site-packages/airflow/example_dags/example_branch_operator.py
[2022-07-25 03:02:48,513] {processor.py:641} INFO - Processing file /home/hp/miniconda3/envs/airflow_env/lib/python3.8/site-packages/airflow/example_dags/example_branch_operator.py for tasks to queue
[2022-07-25 03:02:48,514] {logging_mixin.py:115} INFO - [2022-07-25 03:02:48,513] {dagbag.py:508} INFO - Filling up the DagBag from /home/hp/miniconda3/envs/airflow_env/lib/python3.8/site-packages/airflow/example_dags/example_branch_operator.py
[2022-07-25 03:02:48,520] {processor.py:651} INFO - DAG(s) dict_keys(['example_branch_operator']) retrieved from /home/hp/miniconda3/envs/airflow_env/lib/python3.8/site-packages/airflow/example_dags/example_branch_operator.py
[2022-07-25 03:02:48,531] {logging_mixin.py:115} INFO - [2022-07-25 03:02:48,531] {dag.py:2420} INFO - Sync 1 DAGs
[2022-07-25 03:02:48,545] {logging_mixin.py:115} INFO - [2022-07-25 03:02:48,545] {dag.py:2968} INFO - Setting next_dagrun for example_branch_operator to 2022-07-24T00:00:00+00:00, run_after=2022-07-25T00:00:00+00:00
[2022-07-25 03:02:48,561] {processor.py:161} INFO - Processing /home/hp/miniconda3/envs/airflow_env/lib/python3.8/site-packages/airflow/example_dags/example_branch_operator.py took 0.049 seconds
[2022-07-25 03:07:26,904] {processor.py:153} INFO - Started process (PID=21485) to work on /home/hp/miniconda3/envs/airflow_env/lib/python3.8/site-packages/airflow/example_dags/example_branch_operator.py
[2022-07-25 03:07:26,906] {processor.py:641} INFO - Processing file /home/hp/miniconda3/envs/airflow_env/lib/python3.8/site-packages/airflow/example_dags/example_branch_operator.py for tasks to queue
[2022-07-25 03:07:26,906] {logging_mixin.py:115} INFO - [2022-07-25 03:07:26,906] {dagbag.py:508} INFO - Filling up the DagBag from /home/hp/miniconda3/envs/airflow_env/lib/python3.8/site-packages/airflow/example_dags/example_branch_operator.py
[2022-07-25 03:07:26,918] {processor.py:651} INFO - DAG(s) dict_keys(['example_branch_operator']) retrieved from /home/hp/miniconda3/envs/airflow_env/lib/python3.8/site-packages/airflow/example_dags/example_branch_operator.py
[2022-07-25 03:07:26,928] {logging_mixin.py:115} INFO - [2022-07-25 03:07:26,927] {dag.py:2420} INFO - Sync 1 DAGs
[2022-07-25 03:07:26,937] {logging_mixin.py:115} INFO - [2022-07-25 03:07:26,937] {dag.py:2968} INFO - Setting next_dagrun for example_branch_operator to 2022-07-24T00:00:00+00:00, run_after=2022-07-25T00:00:00+00:00
[2022-07-25 03:07:26,948] {processor.py:161} INFO - Processing /home/hp/miniconda3/envs/airflow_env/lib/python3.8/site-packages/airflow/example_dags/example_branch_operator.py took 0.048 seconds
[2022-07-25 03:12:54,157] {processor.py:153} INFO - Started process (PID=21965) to work on /home/hp/miniconda3/envs/airflow_env/lib/python3.8/site-packages/airflow/example_dags/example_branch_operator.py
[2022-07-25 03:12:54,158] {processor.py:641} INFO - Processing file /home/hp/miniconda3/envs/airflow_env/lib/python3.8/site-packages/airflow/example_dags/example_branch_operator.py for tasks to queue
[2022-07-25 03:12:54,159] {logging_mixin.py:115} INFO - [2022-07-25 03:12:54,159] {dagbag.py:508} INFO - Filling up the DagBag from /home/hp/miniconda3/envs/airflow_env/lib/python3.8/site-packages/airflow/example_dags/example_branch_operator.py
[2022-07-25 03:12:54,168] {processor.py:651} INFO - DAG(s) dict_keys(['example_branch_operator']) retrieved from /home/hp/miniconda3/envs/airflow_env/lib/python3.8/site-packages/airflow/example_dags/example_branch_operator.py
[2022-07-25 03:12:54,179] {logging_mixin.py:115} INFO - [2022-07-25 03:12:54,179] {dag.py:2420} INFO - Sync 1 DAGs
[2022-07-25 03:12:54,191] {logging_mixin.py:115} INFO - [2022-07-25 03:12:54,191] {dag.py:2968} INFO - Setting next_dagrun for example_branch_operator to 2022-07-24T00:00:00+00:00, run_after=2022-07-25T00:00:00+00:00
[2022-07-25 03:12:54,201] {processor.py:161} INFO - Processing /home/hp/miniconda3/envs/airflow_env/lib/python3.8/site-packages/airflow/example_dags/example_branch_operator.py took 0.048 seconds
[2022-07-25 03:18:15,656] {processor.py:153} INFO - Started process (PID=22369) to work on /home/hp/miniconda3/envs/airflow_env/lib/python3.8/site-packages/airflow/example_dags/example_branch_operator.py
[2022-07-25 03:18:15,657] {processor.py:641} INFO - Processing file /home/hp/miniconda3/envs/airflow_env/lib/python3.8/site-packages/airflow/example_dags/example_branch_operator.py for tasks to queue
[2022-07-25 03:18:15,658] {logging_mixin.py:115} INFO - [2022-07-25 03:18:15,658] {dagbag.py:508} INFO - Filling up the DagBag from /home/hp/miniconda3/envs/airflow_env/lib/python3.8/site-packages/airflow/example_dags/example_branch_operator.py
[2022-07-25 03:18:15,669] {processor.py:651} INFO - DAG(s) dict_keys(['example_branch_operator']) retrieved from /home/hp/miniconda3/envs/airflow_env/lib/python3.8/site-packages/airflow/example_dags/example_branch_operator.py
[2022-07-25 03:18:15,679] {logging_mixin.py:115} INFO - [2022-07-25 03:18:15,679] {dag.py:2420} INFO - Sync 1 DAGs
[2022-07-25 03:18:15,689] {logging_mixin.py:115} INFO - [2022-07-25 03:18:15,689] {dag.py:2968} INFO - Setting next_dagrun for example_branch_operator to 2022-07-24T00:00:00+00:00, run_after=2022-07-25T00:00:00+00:00
[2022-07-25 03:18:15,699] {processor.py:161} INFO - Processing /home/hp/miniconda3/envs/airflow_env/lib/python3.8/site-packages/airflow/example_dags/example_branch_operator.py took 0.047 seconds
[2022-07-25 03:28:26,517] {processor.py:153} INFO - Started process (PID=22991) to work on /home/hp/miniconda3/envs/airflow_env/lib/python3.8/site-packages/airflow/example_dags/example_branch_operator.py
[2022-07-25 03:28:26,523] {processor.py:641} INFO - Processing file /home/hp/miniconda3/envs/airflow_env/lib/python3.8/site-packages/airflow/example_dags/example_branch_operator.py for tasks to queue
[2022-07-25 03:28:26,524] {logging_mixin.py:115} INFO - [2022-07-25 03:28:26,524] {dagbag.py:508} INFO - Filling up the DagBag from /home/hp/miniconda3/envs/airflow_env/lib/python3.8/site-packages/airflow/example_dags/example_branch_operator.py
[2022-07-25 03:28:26,545] {processor.py:651} INFO - DAG(s) dict_keys(['example_branch_operator']) retrieved from /home/hp/miniconda3/envs/airflow_env/lib/python3.8/site-packages/airflow/example_dags/example_branch_operator.py
[2022-07-25 03:28:26,592] {logging_mixin.py:115} INFO - [2022-07-25 03:28:26,591] {dag.py:2420} INFO - Sync 1 DAGs
[2022-07-25 03:28:26,616] {logging_mixin.py:115} INFO - [2022-07-25 03:28:26,616] {dag.py:2968} INFO - Setting next_dagrun for example_branch_operator to 2022-07-24T00:00:00+00:00, run_after=2022-07-25T00:00:00+00:00
[2022-07-25 03:28:26,631] {processor.py:161} INFO - Processing /home/hp/miniconda3/envs/airflow_env/lib/python3.8/site-packages/airflow/example_dags/example_branch_operator.py took 0.124 seconds
[2022-07-25 03:30:37,305] {processor.py:153} INFO - Started process (PID=23494) to work on /home/hp/miniconda3/envs/airflow_env/lib/python3.8/site-packages/airflow/example_dags/example_branch_operator.py
[2022-07-25 03:30:37,306] {processor.py:641} INFO - Processing file /home/hp/miniconda3/envs/airflow_env/lib/python3.8/site-packages/airflow/example_dags/example_branch_operator.py for tasks to queue
[2022-07-25 03:30:37,307] {logging_mixin.py:115} INFO - [2022-07-25 03:30:37,307] {dagbag.py:508} INFO - Filling up the DagBag from /home/hp/miniconda3/envs/airflow_env/lib/python3.8/site-packages/airflow/example_dags/example_branch_operator.py
[2022-07-25 03:30:37,317] {processor.py:651} INFO - DAG(s) dict_keys(['example_branch_operator']) retrieved from /home/hp/miniconda3/envs/airflow_env/lib/python3.8/site-packages/airflow/example_dags/example_branch_operator.py
[2022-07-25 03:30:37,325] {logging_mixin.py:115} INFO - [2022-07-25 03:30:37,325] {dag.py:2420} INFO - Sync 1 DAGs
[2022-07-25 03:30:37,337] {logging_mixin.py:115} INFO - [2022-07-25 03:30:37,337] {dag.py:2968} INFO - Setting next_dagrun for example_branch_operator to 2022-07-24T00:00:00+00:00, run_after=2022-07-25T00:00:00+00:00
[2022-07-25 03:30:37,347] {processor.py:161} INFO - Processing /home/hp/miniconda3/envs/airflow_env/lib/python3.8/site-packages/airflow/example_dags/example_branch_operator.py took 0.047 seconds
[2022-07-25 03:33:56,637] {processor.py:153} INFO - Started process (PID=24005) to work on /home/hp/miniconda3/envs/airflow_env/lib/python3.8/site-packages/airflow/example_dags/example_branch_operator.py
[2022-07-25 03:33:56,637] {processor.py:641} INFO - Processing file /home/hp/miniconda3/envs/airflow_env/lib/python3.8/site-packages/airflow/example_dags/example_branch_operator.py for tasks to queue
[2022-07-25 03:33:56,638] {logging_mixin.py:115} INFO - [2022-07-25 03:33:56,638] {dagbag.py:508} INFO - Filling up the DagBag from /home/hp/miniconda3/envs/airflow_env/lib/python3.8/site-packages/airflow/example_dags/example_branch_operator.py
[2022-07-25 03:33:56,645] {processor.py:651} INFO - DAG(s) dict_keys(['example_branch_operator']) retrieved from /home/hp/miniconda3/envs/airflow_env/lib/python3.8/site-packages/airflow/example_dags/example_branch_operator.py
[2022-07-25 03:33:56,655] {logging_mixin.py:115} INFO - [2022-07-25 03:33:56,655] {dag.py:2420} INFO - Sync 1 DAGs
[2022-07-25 03:33:56,669] {logging_mixin.py:115} INFO - [2022-07-25 03:33:56,669] {dag.py:2968} INFO - Setting next_dagrun for example_branch_operator to 2022-07-24T00:00:00+00:00, run_after=2022-07-25T00:00:00+00:00
[2022-07-25 03:33:56,679] {processor.py:161} INFO - Processing /home/hp/miniconda3/envs/airflow_env/lib/python3.8/site-packages/airflow/example_dags/example_branch_operator.py took 0.044 seconds
[2022-07-25 03:39:20,791] {processor.py:153} INFO - Started process (PID=24436) to work on /home/hp/miniconda3/envs/airflow_env/lib/python3.8/site-packages/airflow/example_dags/example_branch_operator.py
[2022-07-25 03:39:20,793] {processor.py:641} INFO - Processing file /home/hp/miniconda3/envs/airflow_env/lib/python3.8/site-packages/airflow/example_dags/example_branch_operator.py for tasks to queue
[2022-07-25 03:39:20,793] {logging_mixin.py:115} INFO - [2022-07-25 03:39:20,793] {dagbag.py:508} INFO - Filling up the DagBag from /home/hp/miniconda3/envs/airflow_env/lib/python3.8/site-packages/airflow/example_dags/example_branch_operator.py
[2022-07-25 03:39:20,805] {processor.py:651} INFO - DAG(s) dict_keys(['example_branch_operator']) retrieved from /home/hp/miniconda3/envs/airflow_env/lib/python3.8/site-packages/airflow/example_dags/example_branch_operator.py
[2022-07-25 03:39:20,814] {logging_mixin.py:115} INFO - [2022-07-25 03:39:20,814] {dag.py:2420} INFO - Sync 1 DAGs
[2022-07-25 03:39:20,826] {logging_mixin.py:115} INFO - [2022-07-25 03:39:20,825] {dag.py:2968} INFO - Setting next_dagrun for example_branch_operator to 2022-07-24T00:00:00+00:00, run_after=2022-07-25T00:00:00+00:00
[2022-07-25 03:39:20,836] {processor.py:161} INFO - Processing /home/hp/miniconda3/envs/airflow_env/lib/python3.8/site-packages/airflow/example_dags/example_branch_operator.py took 0.048 seconds
[2022-07-25 03:44:43,889] {processor.py:153} INFO - Started process (PID=24867) to work on /home/hp/miniconda3/envs/airflow_env/lib/python3.8/site-packages/airflow/example_dags/example_branch_operator.py
[2022-07-25 03:44:43,890] {processor.py:641} INFO - Processing file /home/hp/miniconda3/envs/airflow_env/lib/python3.8/site-packages/airflow/example_dags/example_branch_operator.py for tasks to queue
[2022-07-25 03:44:43,891] {logging_mixin.py:115} INFO - [2022-07-25 03:44:43,891] {dagbag.py:508} INFO - Filling up the DagBag from /home/hp/miniconda3/envs/airflow_env/lib/python3.8/site-packages/airflow/example_dags/example_branch_operator.py
[2022-07-25 03:44:43,903] {processor.py:651} INFO - DAG(s) dict_keys(['example_branch_operator']) retrieved from /home/hp/miniconda3/envs/airflow_env/lib/python3.8/site-packages/airflow/example_dags/example_branch_operator.py
[2022-07-25 03:44:43,913] {logging_mixin.py:115} INFO - [2022-07-25 03:44:43,913] {dag.py:2420} INFO - Sync 1 DAGs
[2022-07-25 03:44:43,923] {logging_mixin.py:115} INFO - [2022-07-25 03:44:43,923] {dag.py:2968} INFO - Setting next_dagrun for example_branch_operator to 2022-07-24T00:00:00+00:00, run_after=2022-07-25T00:00:00+00:00
[2022-07-25 03:44:43,933] {processor.py:161} INFO - Processing /home/hp/miniconda3/envs/airflow_env/lib/python3.8/site-packages/airflow/example_dags/example_branch_operator.py took 0.048 seconds
[2022-07-25 03:54:55,699] {processor.py:153} INFO - Started process (PID=25380) to work on /home/hp/miniconda3/envs/airflow_env/lib/python3.8/site-packages/airflow/example_dags/example_branch_operator.py
[2022-07-25 03:54:55,700] {processor.py:641} INFO - Processing file /home/hp/miniconda3/envs/airflow_env/lib/python3.8/site-packages/airflow/example_dags/example_branch_operator.py for tasks to queue
[2022-07-25 03:54:55,701] {logging_mixin.py:115} INFO - [2022-07-25 03:54:55,701] {dagbag.py:508} INFO - Filling up the DagBag from /home/hp/miniconda3/envs/airflow_env/lib/python3.8/site-packages/airflow/example_dags/example_branch_operator.py
[2022-07-25 03:54:55,717] {processor.py:651} INFO - DAG(s) dict_keys(['example_branch_operator']) retrieved from /home/hp/miniconda3/envs/airflow_env/lib/python3.8/site-packages/airflow/example_dags/example_branch_operator.py
[2022-07-25 03:54:55,728] {logging_mixin.py:115} INFO - [2022-07-25 03:54:55,728] {dag.py:2420} INFO - Sync 1 DAGs
[2022-07-25 03:54:55,737] {logging_mixin.py:115} INFO - [2022-07-25 03:54:55,736] {dag.py:2968} INFO - Setting next_dagrun for example_branch_operator to 2022-07-24T00:00:00+00:00, run_after=2022-07-25T00:00:00+00:00
[2022-07-25 03:54:55,746] {processor.py:161} INFO - Processing /home/hp/miniconda3/envs/airflow_env/lib/python3.8/site-packages/airflow/example_dags/example_branch_operator.py took 0.051 seconds
[2022-07-25 04:00:17,125] {processor.py:153} INFO - Started process (PID=25732) to work on /home/hp/miniconda3/envs/airflow_env/lib/python3.8/site-packages/airflow/example_dags/example_branch_operator.py
[2022-07-25 04:00:17,126] {processor.py:641} INFO - Processing file /home/hp/miniconda3/envs/airflow_env/lib/python3.8/site-packages/airflow/example_dags/example_branch_operator.py for tasks to queue
[2022-07-25 04:00:17,127] {logging_mixin.py:115} INFO - [2022-07-25 04:00:17,126] {dagbag.py:508} INFO - Filling up the DagBag from /home/hp/miniconda3/envs/airflow_env/lib/python3.8/site-packages/airflow/example_dags/example_branch_operator.py
[2022-07-25 04:00:17,139] {processor.py:651} INFO - DAG(s) dict_keys(['example_branch_operator']) retrieved from /home/hp/miniconda3/envs/airflow_env/lib/python3.8/site-packages/airflow/example_dags/example_branch_operator.py
[2022-07-25 04:00:17,148] {logging_mixin.py:115} INFO - [2022-07-25 04:00:17,148] {dag.py:2420} INFO - Sync 1 DAGs
[2022-07-25 04:00:17,158] {logging_mixin.py:115} INFO - [2022-07-25 04:00:17,157] {dag.py:2968} INFO - Setting next_dagrun for example_branch_operator to 2022-07-24T00:00:00+00:00, run_after=2022-07-25T00:00:00+00:00
[2022-07-25 04:00:17,168] {processor.py:161} INFO - Processing /home/hp/miniconda3/envs/airflow_env/lib/python3.8/site-packages/airflow/example_dags/example_branch_operator.py took 0.047 seconds
[2022-07-25 04:00:56,741] {processor.py:153} INFO - Started process (PID=26006) to work on /home/hp/miniconda3/envs/airflow_env/lib/python3.8/site-packages/airflow/example_dags/example_branch_operator.py
[2022-07-25 04:00:56,742] {processor.py:641} INFO - Processing file /home/hp/miniconda3/envs/airflow_env/lib/python3.8/site-packages/airflow/example_dags/example_branch_operator.py for tasks to queue
[2022-07-25 04:00:56,743] {logging_mixin.py:115} INFO - [2022-07-25 04:00:56,742] {dagbag.py:508} INFO - Filling up the DagBag from /home/hp/miniconda3/envs/airflow_env/lib/python3.8/site-packages/airflow/example_dags/example_branch_operator.py
[2022-07-25 04:00:56,755] {processor.py:651} INFO - DAG(s) dict_keys(['example_branch_operator']) retrieved from /home/hp/miniconda3/envs/airflow_env/lib/python3.8/site-packages/airflow/example_dags/example_branch_operator.py
[2022-07-25 04:00:56,765] {logging_mixin.py:115} INFO - [2022-07-25 04:00:56,765] {dag.py:2420} INFO - Sync 1 DAGs
[2022-07-25 04:00:56,776] {logging_mixin.py:115} INFO - [2022-07-25 04:00:56,776] {dag.py:2968} INFO - Setting next_dagrun for example_branch_operator to 2022-07-24T00:00:00+00:00, run_after=2022-07-25T00:00:00+00:00
[2022-07-25 04:00:56,787] {processor.py:161} INFO - Processing /home/hp/miniconda3/envs/airflow_env/lib/python3.8/site-packages/airflow/example_dags/example_branch_operator.py took 0.050 seconds
[2022-07-25 04:02:12,957] {processor.py:153} INFO - Started process (PID=26458) to work on /home/hp/miniconda3/envs/airflow_env/lib/python3.8/site-packages/airflow/example_dags/example_branch_operator.py
[2022-07-25 04:02:12,958] {processor.py:641} INFO - Processing file /home/hp/miniconda3/envs/airflow_env/lib/python3.8/site-packages/airflow/example_dags/example_branch_operator.py for tasks to queue
[2022-07-25 04:02:12,959] {logging_mixin.py:115} INFO - [2022-07-25 04:02:12,959] {dagbag.py:508} INFO - Filling up the DagBag from /home/hp/miniconda3/envs/airflow_env/lib/python3.8/site-packages/airflow/example_dags/example_branch_operator.py
[2022-07-25 04:02:12,971] {processor.py:651} INFO - DAG(s) dict_keys(['example_branch_operator']) retrieved from /home/hp/miniconda3/envs/airflow_env/lib/python3.8/site-packages/airflow/example_dags/example_branch_operator.py
[2022-07-25 04:02:12,979] {logging_mixin.py:115} INFO - [2022-07-25 04:02:12,979] {dag.py:2420} INFO - Sync 1 DAGs
[2022-07-25 04:02:12,990] {logging_mixin.py:115} INFO - [2022-07-25 04:02:12,990] {dag.py:2968} INFO - Setting next_dagrun for example_branch_operator to 2022-07-24T00:00:00+00:00, run_after=2022-07-25T00:00:00+00:00
[2022-07-25 04:02:13,000] {processor.py:161} INFO - Processing /home/hp/miniconda3/envs/airflow_env/lib/python3.8/site-packages/airflow/example_dags/example_branch_operator.py took 0.047 seconds
[2022-07-25 04:05:41,326] {processor.py:153} INFO - Started process (PID=26776) to work on /home/hp/miniconda3/envs/airflow_env/lib/python3.8/site-packages/airflow/example_dags/example_branch_operator.py
[2022-07-25 04:05:41,327] {processor.py:641} INFO - Processing file /home/hp/miniconda3/envs/airflow_env/lib/python3.8/site-packages/airflow/example_dags/example_branch_operator.py for tasks to queue
[2022-07-25 04:05:41,328] {logging_mixin.py:115} INFO - [2022-07-25 04:05:41,328] {dagbag.py:508} INFO - Filling up the DagBag from /home/hp/miniconda3/envs/airflow_env/lib/python3.8/site-packages/airflow/example_dags/example_branch_operator.py
[2022-07-25 04:05:41,336] {processor.py:651} INFO - DAG(s) dict_keys(['example_branch_operator']) retrieved from /home/hp/miniconda3/envs/airflow_env/lib/python3.8/site-packages/airflow/example_dags/example_branch_operator.py
[2022-07-25 04:05:41,345] {logging_mixin.py:115} INFO - [2022-07-25 04:05:41,345] {dag.py:2420} INFO - Sync 1 DAGs
[2022-07-25 04:05:41,355] {logging_mixin.py:115} INFO - [2022-07-25 04:05:41,355] {dag.py:2968} INFO - Setting next_dagrun for example_branch_operator to 2022-07-24T00:00:00+00:00, run_after=2022-07-25T00:00:00+00:00
[2022-07-25 04:05:41,364] {processor.py:161} INFO - Processing /home/hp/miniconda3/envs/airflow_env/lib/python3.8/site-packages/airflow/example_dags/example_branch_operator.py took 0.042 seconds
[2022-07-25 04:11:05,961] {processor.py:153} INFO - Started process (PID=27054) to work on /home/hp/miniconda3/envs/airflow_env/lib/python3.8/site-packages/airflow/example_dags/example_branch_operator.py
[2022-07-25 04:11:05,963] {processor.py:641} INFO - Processing file /home/hp/miniconda3/envs/airflow_env/lib/python3.8/site-packages/airflow/example_dags/example_branch_operator.py for tasks to queue
[2022-07-25 04:11:05,963] {logging_mixin.py:115} INFO - [2022-07-25 04:11:05,963] {dagbag.py:508} INFO - Filling up the DagBag from /home/hp/miniconda3/envs/airflow_env/lib/python3.8/site-packages/airflow/example_dags/example_branch_operator.py
[2022-07-25 04:11:05,974] {processor.py:651} INFO - DAG(s) dict_keys(['example_branch_operator']) retrieved from /home/hp/miniconda3/envs/airflow_env/lib/python3.8/site-packages/airflow/example_dags/example_branch_operator.py
[2022-07-25 04:11:05,984] {logging_mixin.py:115} INFO - [2022-07-25 04:11:05,984] {dag.py:2420} INFO - Sync 1 DAGs
[2022-07-25 04:11:05,993] {logging_mixin.py:115} INFO - [2022-07-25 04:11:05,993] {dag.py:2968} INFO - Setting next_dagrun for example_branch_operator to 2022-07-24T00:00:00+00:00, run_after=2022-07-25T00:00:00+00:00
[2022-07-25 04:11:06,002] {processor.py:161} INFO - Processing /home/hp/miniconda3/envs/airflow_env/lib/python3.8/site-packages/airflow/example_dags/example_branch_operator.py took 0.045 seconds
[2022-07-25 04:16:28,642] {processor.py:153} INFO - Started process (PID=27341) to work on /home/hp/miniconda3/envs/airflow_env/lib/python3.8/site-packages/airflow/example_dags/example_branch_operator.py
[2022-07-25 04:16:28,643] {processor.py:641} INFO - Processing file /home/hp/miniconda3/envs/airflow_env/lib/python3.8/site-packages/airflow/example_dags/example_branch_operator.py for tasks to queue
[2022-07-25 04:16:28,644] {logging_mixin.py:115} INFO - [2022-07-25 04:16:28,643] {dagbag.py:508} INFO - Filling up the DagBag from /home/hp/miniconda3/envs/airflow_env/lib/python3.8/site-packages/airflow/example_dags/example_branch_operator.py
[2022-07-25 04:16:28,655] {processor.py:651} INFO - DAG(s) dict_keys(['example_branch_operator']) retrieved from /home/hp/miniconda3/envs/airflow_env/lib/python3.8/site-packages/airflow/example_dags/example_branch_operator.py
[2022-07-25 04:16:28,665] {logging_mixin.py:115} INFO - [2022-07-25 04:16:28,665] {dag.py:2420} INFO - Sync 1 DAGs
[2022-07-25 04:16:28,676] {logging_mixin.py:115} INFO - [2022-07-25 04:16:28,676] {dag.py:2968} INFO - Setting next_dagrun for example_branch_operator to 2022-07-24T00:00:00+00:00, run_after=2022-07-25T00:00:00+00:00
[2022-07-25 04:16:28,685] {processor.py:161} INFO - Processing /home/hp/miniconda3/envs/airflow_env/lib/python3.8/site-packages/airflow/example_dags/example_branch_operator.py took 0.048 seconds
[2022-07-25 04:26:40,513] {processor.py:153} INFO - Started process (PID=27771) to work on /home/hp/miniconda3/envs/airflow_env/lib/python3.8/site-packages/airflow/example_dags/example_branch_operator.py
[2022-07-25 04:26:40,514] {processor.py:641} INFO - Processing file /home/hp/miniconda3/envs/airflow_env/lib/python3.8/site-packages/airflow/example_dags/example_branch_operator.py for tasks to queue
[2022-07-25 04:26:40,514] {logging_mixin.py:115} INFO - [2022-07-25 04:26:40,514] {dagbag.py:508} INFO - Filling up the DagBag from /home/hp/miniconda3/envs/airflow_env/lib/python3.8/site-packages/airflow/example_dags/example_branch_operator.py
[2022-07-25 04:26:40,527] {processor.py:651} INFO - DAG(s) dict_keys(['example_branch_operator']) retrieved from /home/hp/miniconda3/envs/airflow_env/lib/python3.8/site-packages/airflow/example_dags/example_branch_operator.py
[2022-07-25 04:26:40,546] {logging_mixin.py:115} INFO - [2022-07-25 04:26:40,546] {dag.py:2420} INFO - Sync 1 DAGs
[2022-07-25 04:26:40,568] {logging_mixin.py:115} INFO - [2022-07-25 04:26:40,568] {dag.py:2968} INFO - Setting next_dagrun for example_branch_operator to 2022-07-24T00:00:00+00:00, run_after=2022-07-25T00:00:00+00:00
[2022-07-25 04:26:40,584] {processor.py:161} INFO - Processing /home/hp/miniconda3/envs/airflow_env/lib/python3.8/site-packages/airflow/example_dags/example_branch_operator.py took 0.074 seconds
[2022-07-25 04:32:02,695] {processor.py:153} INFO - Started process (PID=28108) to work on /home/hp/miniconda3/envs/airflow_env/lib/python3.8/site-packages/airflow/example_dags/example_branch_operator.py
[2022-07-25 04:32:02,696] {processor.py:641} INFO - Processing file /home/hp/miniconda3/envs/airflow_env/lib/python3.8/site-packages/airflow/example_dags/example_branch_operator.py for tasks to queue
[2022-07-25 04:32:02,697] {logging_mixin.py:115} INFO - [2022-07-25 04:32:02,697] {dagbag.py:508} INFO - Filling up the DagBag from /home/hp/miniconda3/envs/airflow_env/lib/python3.8/site-packages/airflow/example_dags/example_branch_operator.py
[2022-07-25 04:32:02,710] {processor.py:651} INFO - DAG(s) dict_keys(['example_branch_operator']) retrieved from /home/hp/miniconda3/envs/airflow_env/lib/python3.8/site-packages/airflow/example_dags/example_branch_operator.py
[2022-07-25 04:32:02,719] {logging_mixin.py:115} INFO - [2022-07-25 04:32:02,719] {dag.py:2420} INFO - Sync 1 DAGs
[2022-07-25 04:32:02,731] {logging_mixin.py:115} INFO - [2022-07-25 04:32:02,731] {dag.py:2968} INFO - Setting next_dagrun for example_branch_operator to 2022-07-24T00:00:00+00:00, run_after=2022-07-25T00:00:00+00:00
[2022-07-25 04:32:02,742] {processor.py:161} INFO - Processing /home/hp/miniconda3/envs/airflow_env/lib/python3.8/site-packages/airflow/example_dags/example_branch_operator.py took 0.050 seconds
[2022-07-25 04:37:27,028] {processor.py:153} INFO - Started process (PID=28408) to work on /home/hp/miniconda3/envs/airflow_env/lib/python3.8/site-packages/airflow/example_dags/example_branch_operator.py
[2022-07-25 04:37:27,029] {processor.py:641} INFO - Processing file /home/hp/miniconda3/envs/airflow_env/lib/python3.8/site-packages/airflow/example_dags/example_branch_operator.py for tasks to queue
[2022-07-25 04:37:27,029] {logging_mixin.py:115} INFO - [2022-07-25 04:37:27,029] {dagbag.py:508} INFO - Filling up the DagBag from /home/hp/miniconda3/envs/airflow_env/lib/python3.8/site-packages/airflow/example_dags/example_branch_operator.py
[2022-07-25 04:37:27,039] {processor.py:651} INFO - DAG(s) dict_keys(['example_branch_operator']) retrieved from /home/hp/miniconda3/envs/airflow_env/lib/python3.8/site-packages/airflow/example_dags/example_branch_operator.py
[2022-07-25 04:37:27,049] {logging_mixin.py:115} INFO - [2022-07-25 04:37:27,049] {dag.py:2420} INFO - Sync 1 DAGs
[2022-07-25 04:37:27,058] {logging_mixin.py:115} INFO - [2022-07-25 04:37:27,058] {dag.py:2968} INFO - Setting next_dagrun for example_branch_operator to 2022-07-24T00:00:00+00:00, run_after=2022-07-25T00:00:00+00:00
[2022-07-25 04:37:27,068] {processor.py:161} INFO - Processing /home/hp/miniconda3/envs/airflow_env/lib/python3.8/site-packages/airflow/example_dags/example_branch_operator.py took 0.041 seconds
[2022-07-25 10:58:36,817] {processor.py:153} INFO - Started process (PID=57298) to work on /home/hp/miniconda3/envs/airflow_env/lib/python3.8/site-packages/airflow/example_dags/example_branch_operator.py
[2022-07-25 10:58:36,819] {processor.py:641} INFO - Processing file /home/hp/miniconda3/envs/airflow_env/lib/python3.8/site-packages/airflow/example_dags/example_branch_operator.py for tasks to queue
[2022-07-25 10:58:36,819] {logging_mixin.py:115} INFO - [2022-07-25 10:58:36,819] {dagbag.py:508} INFO - Filling up the DagBag from /home/hp/miniconda3/envs/airflow_env/lib/python3.8/site-packages/airflow/example_dags/example_branch_operator.py
[2022-07-25 10:58:36,829] {processor.py:651} INFO - DAG(s) dict_keys(['example_branch_operator']) retrieved from /home/hp/miniconda3/envs/airflow_env/lib/python3.8/site-packages/airflow/example_dags/example_branch_operator.py
[2022-07-25 10:58:36,836] {logging_mixin.py:115} INFO - [2022-07-25 10:58:36,836] {dag.py:2420} INFO - Sync 1 DAGs
[2022-07-25 10:58:36,844] {logging_mixin.py:115} INFO - [2022-07-25 10:58:36,844] {dag.py:2968} INFO - Setting next_dagrun for example_branch_operator to 2022-07-24T00:00:00+00:00, run_after=2022-07-25T00:00:00+00:00
[2022-07-25 10:58:36,856] {processor.py:161} INFO - Processing /home/hp/miniconda3/envs/airflow_env/lib/python3.8/site-packages/airflow/example_dags/example_branch_operator.py took 0.042 seconds
[2022-07-25 10:59:13,967] {processor.py:153} INFO - Started process (PID=57623) to work on /home/hp/miniconda3/envs/airflow_env/lib/python3.8/site-packages/airflow/example_dags/example_branch_operator.py
[2022-07-25 10:59:13,968] {processor.py:641} INFO - Processing file /home/hp/miniconda3/envs/airflow_env/lib/python3.8/site-packages/airflow/example_dags/example_branch_operator.py for tasks to queue
[2022-07-25 10:59:13,968] {logging_mixin.py:115} INFO - [2022-07-25 10:59:13,968] {dagbag.py:508} INFO - Filling up the DagBag from /home/hp/miniconda3/envs/airflow_env/lib/python3.8/site-packages/airflow/example_dags/example_branch_operator.py
[2022-07-25 10:59:13,974] {processor.py:651} INFO - DAG(s) dict_keys(['example_branch_operator']) retrieved from /home/hp/miniconda3/envs/airflow_env/lib/python3.8/site-packages/airflow/example_dags/example_branch_operator.py
[2022-07-25 10:59:13,984] {logging_mixin.py:115} INFO - [2022-07-25 10:59:13,984] {dag.py:2420} INFO - Sync 1 DAGs
[2022-07-25 10:59:13,995] {logging_mixin.py:115} INFO - [2022-07-25 10:59:13,995] {dag.py:2968} INFO - Setting next_dagrun for example_branch_operator to 2022-07-24T00:00:00+00:00, run_after=2022-07-25T00:00:00+00:00
[2022-07-25 10:59:14,010] {processor.py:161} INFO - Processing /home/hp/miniconda3/envs/airflow_env/lib/python3.8/site-packages/airflow/example_dags/example_branch_operator.py took 0.046 seconds
[2022-07-25 10:59:47,198] {processor.py:153} INFO - Started process (PID=57903) to work on /home/hp/miniconda3/envs/airflow_env/lib/python3.8/site-packages/airflow/example_dags/example_branch_operator.py
[2022-07-25 10:59:47,199] {processor.py:641} INFO - Processing file /home/hp/miniconda3/envs/airflow_env/lib/python3.8/site-packages/airflow/example_dags/example_branch_operator.py for tasks to queue
[2022-07-25 10:59:47,199] {logging_mixin.py:115} INFO - [2022-07-25 10:59:47,199] {dagbag.py:508} INFO - Filling up the DagBag from /home/hp/miniconda3/envs/airflow_env/lib/python3.8/site-packages/airflow/example_dags/example_branch_operator.py
[2022-07-25 10:59:47,205] {processor.py:651} INFO - DAG(s) dict_keys(['example_branch_operator']) retrieved from /home/hp/miniconda3/envs/airflow_env/lib/python3.8/site-packages/airflow/example_dags/example_branch_operator.py
[2022-07-25 10:59:47,213] {logging_mixin.py:115} INFO - [2022-07-25 10:59:47,213] {dag.py:2420} INFO - Sync 1 DAGs
[2022-07-25 10:59:47,222] {logging_mixin.py:115} INFO - [2022-07-25 10:59:47,222] {dag.py:2968} INFO - Setting next_dagrun for example_branch_operator to 2022-07-24T00:00:00+00:00, run_after=2022-07-25T00:00:00+00:00
[2022-07-25 10:59:47,231] {processor.py:161} INFO - Processing /home/hp/miniconda3/envs/airflow_env/lib/python3.8/site-packages/airflow/example_dags/example_branch_operator.py took 0.036 seconds
[2022-07-25 11:00:22,191] {processor.py:153} INFO - Started process (PID=59477) to work on /home/hp/miniconda3/envs/airflow_env/lib/python3.8/site-packages/airflow/example_dags/example_branch_operator.py
[2022-07-25 11:00:22,191] {processor.py:641} INFO - Processing file /home/hp/miniconda3/envs/airflow_env/lib/python3.8/site-packages/airflow/example_dags/example_branch_operator.py for tasks to queue
[2022-07-25 11:00:22,191] {logging_mixin.py:115} INFO - [2022-07-25 11:00:22,191] {dagbag.py:508} INFO - Filling up the DagBag from /home/hp/miniconda3/envs/airflow_env/lib/python3.8/site-packages/airflow/example_dags/example_branch_operator.py
[2022-07-25 11:00:22,197] {processor.py:651} INFO - DAG(s) dict_keys(['example_branch_operator']) retrieved from /home/hp/miniconda3/envs/airflow_env/lib/python3.8/site-packages/airflow/example_dags/example_branch_operator.py
[2022-07-25 11:00:22,206] {logging_mixin.py:115} INFO - [2022-07-25 11:00:22,206] {dag.py:2420} INFO - Sync 1 DAGs
[2022-07-25 11:00:22,215] {logging_mixin.py:115} INFO - [2022-07-25 11:00:22,215] {dag.py:2968} INFO - Setting next_dagrun for example_branch_operator to 2022-07-24T00:00:00+00:00, run_after=2022-07-25T00:00:00+00:00
[2022-07-25 11:00:22,229] {processor.py:161} INFO - Processing /home/hp/miniconda3/envs/airflow_env/lib/python3.8/site-packages/airflow/example_dags/example_branch_operator.py took 0.040 seconds
[2022-07-25 11:00:57,878] {processor.py:153} INFO - Started process (PID=59757) to work on /home/hp/miniconda3/envs/airflow_env/lib/python3.8/site-packages/airflow/example_dags/example_branch_operator.py
[2022-07-25 11:00:57,879] {processor.py:641} INFO - Processing file /home/hp/miniconda3/envs/airflow_env/lib/python3.8/site-packages/airflow/example_dags/example_branch_operator.py for tasks to queue
[2022-07-25 11:00:57,879] {logging_mixin.py:115} INFO - [2022-07-25 11:00:57,879] {dagbag.py:508} INFO - Filling up the DagBag from /home/hp/miniconda3/envs/airflow_env/lib/python3.8/site-packages/airflow/example_dags/example_branch_operator.py
[2022-07-25 11:00:57,890] {processor.py:651} INFO - DAG(s) dict_keys(['example_branch_operator']) retrieved from /home/hp/miniconda3/envs/airflow_env/lib/python3.8/site-packages/airflow/example_dags/example_branch_operator.py
[2022-07-25 11:00:57,898] {logging_mixin.py:115} INFO - [2022-07-25 11:00:57,898] {dag.py:2420} INFO - Sync 1 DAGs
[2022-07-25 11:00:57,906] {logging_mixin.py:115} INFO - [2022-07-25 11:00:57,906] {dag.py:2968} INFO - Setting next_dagrun for example_branch_operator to 2022-07-24T00:00:00+00:00, run_after=2022-07-25T00:00:00+00:00
[2022-07-25 11:00:57,915] {processor.py:161} INFO - Processing /home/hp/miniconda3/envs/airflow_env/lib/python3.8/site-packages/airflow/example_dags/example_branch_operator.py took 0.038 seconds
[2022-07-25 11:01:31,607] {processor.py:153} INFO - Started process (PID=59916) to work on /home/hp/miniconda3/envs/airflow_env/lib/python3.8/site-packages/airflow/example_dags/example_branch_operator.py
[2022-07-25 11:01:31,608] {processor.py:641} INFO - Processing file /home/hp/miniconda3/envs/airflow_env/lib/python3.8/site-packages/airflow/example_dags/example_branch_operator.py for tasks to queue
[2022-07-25 11:01:31,609] {logging_mixin.py:115} INFO - [2022-07-25 11:01:31,608] {dagbag.py:508} INFO - Filling up the DagBag from /home/hp/miniconda3/envs/airflow_env/lib/python3.8/site-packages/airflow/example_dags/example_branch_operator.py
[2022-07-25 11:01:31,618] {processor.py:651} INFO - DAG(s) dict_keys(['example_branch_operator']) retrieved from /home/hp/miniconda3/envs/airflow_env/lib/python3.8/site-packages/airflow/example_dags/example_branch_operator.py
[2022-07-25 11:01:31,626] {logging_mixin.py:115} INFO - [2022-07-25 11:01:31,626] {dag.py:2420} INFO - Sync 1 DAGs
[2022-07-25 11:01:31,634] {logging_mixin.py:115} INFO - [2022-07-25 11:01:31,634] {dag.py:2968} INFO - Setting next_dagrun for example_branch_operator to 2022-07-24T00:00:00+00:00, run_after=2022-07-25T00:00:00+00:00
[2022-07-25 11:01:31,643] {processor.py:161} INFO - Processing /home/hp/miniconda3/envs/airflow_env/lib/python3.8/site-packages/airflow/example_dags/example_branch_operator.py took 0.041 seconds
[2022-07-25 11:02:08,168] {processor.py:153} INFO - Started process (PID=60115) to work on /home/hp/miniconda3/envs/airflow_env/lib/python3.8/site-packages/airflow/example_dags/example_branch_operator.py
[2022-07-25 11:02:08,169] {processor.py:641} INFO - Processing file /home/hp/miniconda3/envs/airflow_env/lib/python3.8/site-packages/airflow/example_dags/example_branch_operator.py for tasks to queue
[2022-07-25 11:02:08,169] {logging_mixin.py:115} INFO - [2022-07-25 11:02:08,169] {dagbag.py:508} INFO - Filling up the DagBag from /home/hp/miniconda3/envs/airflow_env/lib/python3.8/site-packages/airflow/example_dags/example_branch_operator.py
[2022-07-25 11:02:08,178] {processor.py:651} INFO - DAG(s) dict_keys(['example_branch_operator']) retrieved from /home/hp/miniconda3/envs/airflow_env/lib/python3.8/site-packages/airflow/example_dags/example_branch_operator.py
[2022-07-25 11:02:08,185] {logging_mixin.py:115} INFO - [2022-07-25 11:02:08,185] {dag.py:2420} INFO - Sync 1 DAGs
[2022-07-25 11:02:08,194] {logging_mixin.py:115} INFO - [2022-07-25 11:02:08,194] {dag.py:2968} INFO - Setting next_dagrun for example_branch_operator to 2022-07-24T00:00:00+00:00, run_after=2022-07-25T00:00:00+00:00
[2022-07-25 11:02:08,206] {processor.py:161} INFO - Processing /home/hp/miniconda3/envs/airflow_env/lib/python3.8/site-packages/airflow/example_dags/example_branch_operator.py took 0.040 seconds
[2022-07-25 11:02:43,302] {processor.py:153} INFO - Started process (PID=60815) to work on /home/hp/miniconda3/envs/airflow_env/lib/python3.8/site-packages/airflow/example_dags/example_branch_operator.py
[2022-07-25 11:02:43,304] {processor.py:641} INFO - Processing file /home/hp/miniconda3/envs/airflow_env/lib/python3.8/site-packages/airflow/example_dags/example_branch_operator.py for tasks to queue
[2022-07-25 11:02:43,304] {logging_mixin.py:115} INFO - [2022-07-25 11:02:43,304] {dagbag.py:508} INFO - Filling up the DagBag from /home/hp/miniconda3/envs/airflow_env/lib/python3.8/site-packages/airflow/example_dags/example_branch_operator.py
[2022-07-25 11:02:43,316] {processor.py:651} INFO - DAG(s) dict_keys(['example_branch_operator']) retrieved from /home/hp/miniconda3/envs/airflow_env/lib/python3.8/site-packages/airflow/example_dags/example_branch_operator.py
[2022-07-25 11:02:43,324] {logging_mixin.py:115} INFO - [2022-07-25 11:02:43,324] {dag.py:2420} INFO - Sync 1 DAGs
[2022-07-25 11:02:43,332] {logging_mixin.py:115} INFO - [2022-07-25 11:02:43,332] {dag.py:2968} INFO - Setting next_dagrun for example_branch_operator to 2022-07-24T00:00:00+00:00, run_after=2022-07-25T00:00:00+00:00
[2022-07-25 11:02:43,342] {processor.py:161} INFO - Processing /home/hp/miniconda3/envs/airflow_env/lib/python3.8/site-packages/airflow/example_dags/example_branch_operator.py took 0.044 seconds
[2022-07-25 11:03:19,216] {processor.py:153} INFO - Started process (PID=61671) to work on /home/hp/miniconda3/envs/airflow_env/lib/python3.8/site-packages/airflow/example_dags/example_branch_operator.py
[2022-07-25 11:03:19,218] {processor.py:641} INFO - Processing file /home/hp/miniconda3/envs/airflow_env/lib/python3.8/site-packages/airflow/example_dags/example_branch_operator.py for tasks to queue
[2022-07-25 11:03:19,218] {logging_mixin.py:115} INFO - [2022-07-25 11:03:19,218] {dagbag.py:508} INFO - Filling up the DagBag from /home/hp/miniconda3/envs/airflow_env/lib/python3.8/site-packages/airflow/example_dags/example_branch_operator.py
[2022-07-25 11:03:19,229] {processor.py:651} INFO - DAG(s) dict_keys(['example_branch_operator']) retrieved from /home/hp/miniconda3/envs/airflow_env/lib/python3.8/site-packages/airflow/example_dags/example_branch_operator.py
[2022-07-25 11:03:19,236] {logging_mixin.py:115} INFO - [2022-07-25 11:03:19,236] {dag.py:2420} INFO - Sync 1 DAGs
[2022-07-25 11:03:19,246] {logging_mixin.py:115} INFO - [2022-07-25 11:03:19,246] {dag.py:2968} INFO - Setting next_dagrun for example_branch_operator to 2022-07-24T00:00:00+00:00, run_after=2022-07-25T00:00:00+00:00
[2022-07-25 11:03:19,255] {processor.py:161} INFO - Processing /home/hp/miniconda3/envs/airflow_env/lib/python3.8/site-packages/airflow/example_dags/example_branch_operator.py took 0.042 seconds
[2022-07-25 11:03:56,232] {processor.py:153} INFO - Started process (PID=61961) to work on /home/hp/miniconda3/envs/airflow_env/lib/python3.8/site-packages/airflow/example_dags/example_branch_operator.py
[2022-07-25 11:03:56,233] {processor.py:641} INFO - Processing file /home/hp/miniconda3/envs/airflow_env/lib/python3.8/site-packages/airflow/example_dags/example_branch_operator.py for tasks to queue
[2022-07-25 11:03:56,234] {logging_mixin.py:115} INFO - [2022-07-25 11:03:56,234] {dagbag.py:508} INFO - Filling up the DagBag from /home/hp/miniconda3/envs/airflow_env/lib/python3.8/site-packages/airflow/example_dags/example_branch_operator.py
[2022-07-25 11:03:56,244] {processor.py:651} INFO - DAG(s) dict_keys(['example_branch_operator']) retrieved from /home/hp/miniconda3/envs/airflow_env/lib/python3.8/site-packages/airflow/example_dags/example_branch_operator.py
[2022-07-25 11:03:56,255] {logging_mixin.py:115} INFO - [2022-07-25 11:03:56,255] {dag.py:2420} INFO - Sync 1 DAGs
[2022-07-25 11:03:56,269] {logging_mixin.py:115} INFO - [2022-07-25 11:03:56,269] {dag.py:2968} INFO - Setting next_dagrun for example_branch_operator to 2022-07-24T00:00:00+00:00, run_after=2022-07-25T00:00:00+00:00
[2022-07-25 11:03:56,278] {processor.py:161} INFO - Processing /home/hp/miniconda3/envs/airflow_env/lib/python3.8/site-packages/airflow/example_dags/example_branch_operator.py took 0.051 seconds
[2022-07-25 11:04:31,016] {processor.py:153} INFO - Started process (PID=62231) to work on /home/hp/miniconda3/envs/airflow_env/lib/python3.8/site-packages/airflow/example_dags/example_branch_operator.py
[2022-07-25 11:04:31,017] {processor.py:641} INFO - Processing file /home/hp/miniconda3/envs/airflow_env/lib/python3.8/site-packages/airflow/example_dags/example_branch_operator.py for tasks to queue
[2022-07-25 11:04:31,017] {logging_mixin.py:115} INFO - [2022-07-25 11:04:31,017] {dagbag.py:508} INFO - Filling up the DagBag from /home/hp/miniconda3/envs/airflow_env/lib/python3.8/site-packages/airflow/example_dags/example_branch_operator.py
[2022-07-25 11:04:31,026] {processor.py:651} INFO - DAG(s) dict_keys(['example_branch_operator']) retrieved from /home/hp/miniconda3/envs/airflow_env/lib/python3.8/site-packages/airflow/example_dags/example_branch_operator.py
[2022-07-25 11:04:31,034] {logging_mixin.py:115} INFO - [2022-07-25 11:04:31,034] {dag.py:2420} INFO - Sync 1 DAGs
[2022-07-25 11:04:31,045] {logging_mixin.py:115} INFO - [2022-07-25 11:04:31,045] {dag.py:2968} INFO - Setting next_dagrun for example_branch_operator to 2022-07-24T00:00:00+00:00, run_after=2022-07-25T00:00:00+00:00
[2022-07-25 11:04:31,056] {processor.py:161} INFO - Processing /home/hp/miniconda3/envs/airflow_env/lib/python3.8/site-packages/airflow/example_dags/example_branch_operator.py took 0.042 seconds
[2022-07-25 11:05:06,256] {processor.py:153} INFO - Started process (PID=62536) to work on /home/hp/miniconda3/envs/airflow_env/lib/python3.8/site-packages/airflow/example_dags/example_branch_operator.py
[2022-07-25 11:05:06,257] {processor.py:641} INFO - Processing file /home/hp/miniconda3/envs/airflow_env/lib/python3.8/site-packages/airflow/example_dags/example_branch_operator.py for tasks to queue
[2022-07-25 11:05:06,257] {logging_mixin.py:115} INFO - [2022-07-25 11:05:06,257] {dagbag.py:508} INFO - Filling up the DagBag from /home/hp/miniconda3/envs/airflow_env/lib/python3.8/site-packages/airflow/example_dags/example_branch_operator.py
[2022-07-25 11:05:06,270] {processor.py:651} INFO - DAG(s) dict_keys(['example_branch_operator']) retrieved from /home/hp/miniconda3/envs/airflow_env/lib/python3.8/site-packages/airflow/example_dags/example_branch_operator.py
[2022-07-25 11:05:06,278] {logging_mixin.py:115} INFO - [2022-07-25 11:05:06,278] {dag.py:2420} INFO - Sync 1 DAGs
[2022-07-25 11:05:06,287] {logging_mixin.py:115} INFO - [2022-07-25 11:05:06,287] {dag.py:2968} INFO - Setting next_dagrun for example_branch_operator to 2022-07-24T00:00:00+00:00, run_after=2022-07-25T00:00:00+00:00
[2022-07-25 11:05:06,296] {processor.py:161} INFO - Processing /home/hp/miniconda3/envs/airflow_env/lib/python3.8/site-packages/airflow/example_dags/example_branch_operator.py took 0.043 seconds
[2022-07-25 11:05:39,809] {processor.py:153} INFO - Started process (PID=62740) to work on /home/hp/miniconda3/envs/airflow_env/lib/python3.8/site-packages/airflow/example_dags/example_branch_operator.py
[2022-07-25 11:05:39,810] {processor.py:641} INFO - Processing file /home/hp/miniconda3/envs/airflow_env/lib/python3.8/site-packages/airflow/example_dags/example_branch_operator.py for tasks to queue
[2022-07-25 11:05:39,810] {logging_mixin.py:115} INFO - [2022-07-25 11:05:39,810] {dagbag.py:508} INFO - Filling up the DagBag from /home/hp/miniconda3/envs/airflow_env/lib/python3.8/site-packages/airflow/example_dags/example_branch_operator.py
[2022-07-25 11:05:39,823] {processor.py:651} INFO - DAG(s) dict_keys(['example_branch_operator']) retrieved from /home/hp/miniconda3/envs/airflow_env/lib/python3.8/site-packages/airflow/example_dags/example_branch_operator.py
[2022-07-25 11:05:39,832] {logging_mixin.py:115} INFO - [2022-07-25 11:05:39,832] {dag.py:2420} INFO - Sync 1 DAGs
[2022-07-25 11:05:39,841] {logging_mixin.py:115} INFO - [2022-07-25 11:05:39,841] {dag.py:2968} INFO - Setting next_dagrun for example_branch_operator to 2022-07-24T00:00:00+00:00, run_after=2022-07-25T00:00:00+00:00
[2022-07-25 11:05:39,849] {processor.py:161} INFO - Processing /home/hp/miniconda3/envs/airflow_env/lib/python3.8/site-packages/airflow/example_dags/example_branch_operator.py took 0.044 seconds
[2022-07-25 11:06:14,608] {processor.py:153} INFO - Started process (PID=62971) to work on /home/hp/miniconda3/envs/airflow_env/lib/python3.8/site-packages/airflow/example_dags/example_branch_operator.py
[2022-07-25 11:06:14,609] {processor.py:641} INFO - Processing file /home/hp/miniconda3/envs/airflow_env/lib/python3.8/site-packages/airflow/example_dags/example_branch_operator.py for tasks to queue
[2022-07-25 11:06:14,610] {logging_mixin.py:115} INFO - [2022-07-25 11:06:14,610] {dagbag.py:508} INFO - Filling up the DagBag from /home/hp/miniconda3/envs/airflow_env/lib/python3.8/site-packages/airflow/example_dags/example_branch_operator.py
[2022-07-25 11:06:14,618] {processor.py:651} INFO - DAG(s) dict_keys(['example_branch_operator']) retrieved from /home/hp/miniconda3/envs/airflow_env/lib/python3.8/site-packages/airflow/example_dags/example_branch_operator.py
[2022-07-25 11:06:14,625] {logging_mixin.py:115} INFO - [2022-07-25 11:06:14,625] {dag.py:2420} INFO - Sync 1 DAGs
[2022-07-25 11:06:14,635] {logging_mixin.py:115} INFO - [2022-07-25 11:06:14,634] {dag.py:2968} INFO - Setting next_dagrun for example_branch_operator to 2022-07-24T00:00:00+00:00, run_after=2022-07-25T00:00:00+00:00
[2022-07-25 11:06:14,645] {processor.py:161} INFO - Processing /home/hp/miniconda3/envs/airflow_env/lib/python3.8/site-packages/airflow/example_dags/example_branch_operator.py took 0.038 seconds
[2022-07-25 11:06:50,423] {processor.py:153} INFO - Started process (PID=63286) to work on /home/hp/miniconda3/envs/airflow_env/lib/python3.8/site-packages/airflow/example_dags/example_branch_operator.py
[2022-07-25 11:06:50,424] {processor.py:641} INFO - Processing file /home/hp/miniconda3/envs/airflow_env/lib/python3.8/site-packages/airflow/example_dags/example_branch_operator.py for tasks to queue
[2022-07-25 11:06:50,425] {logging_mixin.py:115} INFO - [2022-07-25 11:06:50,425] {dagbag.py:508} INFO - Filling up the DagBag from /home/hp/miniconda3/envs/airflow_env/lib/python3.8/site-packages/airflow/example_dags/example_branch_operator.py
[2022-07-25 11:06:50,433] {processor.py:651} INFO - DAG(s) dict_keys(['example_branch_operator']) retrieved from /home/hp/miniconda3/envs/airflow_env/lib/python3.8/site-packages/airflow/example_dags/example_branch_operator.py
[2022-07-25 11:06:50,442] {logging_mixin.py:115} INFO - [2022-07-25 11:06:50,442] {dag.py:2420} INFO - Sync 1 DAGs
[2022-07-25 11:06:50,453] {logging_mixin.py:115} INFO - [2022-07-25 11:06:50,453] {dag.py:2968} INFO - Setting next_dagrun for example_branch_operator to 2022-07-24T00:00:00+00:00, run_after=2022-07-25T00:00:00+00:00
[2022-07-25 11:06:50,463] {processor.py:161} INFO - Processing /home/hp/miniconda3/envs/airflow_env/lib/python3.8/site-packages/airflow/example_dags/example_branch_operator.py took 0.043 seconds
[2022-07-25 11:07:24,628] {processor.py:153} INFO - Started process (PID=63525) to work on /home/hp/miniconda3/envs/airflow_env/lib/python3.8/site-packages/airflow/example_dags/example_branch_operator.py
[2022-07-25 11:07:24,628] {processor.py:641} INFO - Processing file /home/hp/miniconda3/envs/airflow_env/lib/python3.8/site-packages/airflow/example_dags/example_branch_operator.py for tasks to queue
[2022-07-25 11:07:24,628] {logging_mixin.py:115} INFO - [2022-07-25 11:07:24,628] {dagbag.py:508} INFO - Filling up the DagBag from /home/hp/miniconda3/envs/airflow_env/lib/python3.8/site-packages/airflow/example_dags/example_branch_operator.py
[2022-07-25 11:07:24,634] {processor.py:651} INFO - DAG(s) dict_keys(['example_branch_operator']) retrieved from /home/hp/miniconda3/envs/airflow_env/lib/python3.8/site-packages/airflow/example_dags/example_branch_operator.py
[2022-07-25 11:07:24,641] {logging_mixin.py:115} INFO - [2022-07-25 11:07:24,641] {dag.py:2420} INFO - Sync 1 DAGs
[2022-07-25 11:07:24,651] {logging_mixin.py:115} INFO - [2022-07-25 11:07:24,651] {dag.py:2968} INFO - Setting next_dagrun for example_branch_operator to 2022-07-24T00:00:00+00:00, run_after=2022-07-25T00:00:00+00:00
[2022-07-25 11:07:24,661] {processor.py:161} INFO - Processing /home/hp/miniconda3/envs/airflow_env/lib/python3.8/site-packages/airflow/example_dags/example_branch_operator.py took 0.035 seconds
[2022-07-25 11:08:00,457] {processor.py:153} INFO - Started process (PID=63887) to work on /home/hp/miniconda3/envs/airflow_env/lib/python3.8/site-packages/airflow/example_dags/example_branch_operator.py
[2022-07-25 11:08:00,457] {processor.py:641} INFO - Processing file /home/hp/miniconda3/envs/airflow_env/lib/python3.8/site-packages/airflow/example_dags/example_branch_operator.py for tasks to queue
[2022-07-25 11:08:00,458] {logging_mixin.py:115} INFO - [2022-07-25 11:08:00,457] {dagbag.py:508} INFO - Filling up the DagBag from /home/hp/miniconda3/envs/airflow_env/lib/python3.8/site-packages/airflow/example_dags/example_branch_operator.py
[2022-07-25 11:08:00,463] {processor.py:651} INFO - DAG(s) dict_keys(['example_branch_operator']) retrieved from /home/hp/miniconda3/envs/airflow_env/lib/python3.8/site-packages/airflow/example_dags/example_branch_operator.py
[2022-07-25 11:08:00,471] {logging_mixin.py:115} INFO - [2022-07-25 11:08:00,471] {dag.py:2420} INFO - Sync 1 DAGs
[2022-07-25 11:08:00,481] {logging_mixin.py:115} INFO - [2022-07-25 11:08:00,481] {dag.py:2968} INFO - Setting next_dagrun for example_branch_operator to 2022-07-24T00:00:00+00:00, run_after=2022-07-25T00:00:00+00:00
[2022-07-25 11:08:00,490] {processor.py:161} INFO - Processing /home/hp/miniconda3/envs/airflow_env/lib/python3.8/site-packages/airflow/example_dags/example_branch_operator.py took 0.035 seconds
                                                                                                                                                                                                                                                                                                                                                                                                                                                                                                                                                                                                                                                                                                                                                                                                                                                                                                                                                                                                                                                                                                                                                                                                                                                                                                                                                                                                                                                          