[2022-07-25 03:02:58,574] {processor.py:153} INFO - Started process (PID=21021) to work on /home/hp/miniconda3/envs/airflow_env/lib/python3.8/site-packages/airflow/example_dags/example_time_delta_sensor_async.py
[2022-07-25 03:02:58,575] {processor.py:641} INFO - Processing file /home/hp/miniconda3/envs/airflow_env/lib/python3.8/site-packages/airflow/example_dags/example_time_delta_sensor_async.py for tasks to queue
[2022-07-25 03:02:58,575] {logging_mixin.py:115} INFO - [2022-07-25 03:02:58,575] {dagbag.py:508} INFO - Filling up the DagBag from /home/hp/miniconda3/envs/airflow_env/lib/python3.8/site-packages/airflow/example_dags/example_time_delta_sensor_async.py
[2022-07-25 03:02:58,581] {processor.py:651} INFO - DAG(s) dict_keys(['example_time_delta_sensor_async']) retrieved from /home/hp/miniconda3/envs/airflow_env/lib/python3.8/site-packages/airflow/example_dags/example_time_delta_sensor_async.py
[2022-07-25 03:02:58,598] {logging_mixin.py:115} INFO - [2022-07-25 03:02:58,598] {dag.py:2420} INFO - Sync 1 DAGs
[2022-07-25 03:02:58,610] {logging_mixin.py:115} INFO - [2022-07-25 03:02:58,609] {dag.py:2968} INFO - Setting next_dagrun for example_time_delta_sensor_async to None, run_after=None
[2022-07-25 03:02:58,627] {processor.py:161} INFO - Processing /home/hp/miniconda3/envs/airflow_env/lib/python3.8/site-packages/airflow/example_dags/example_time_delta_sensor_async.py took 0.057 seconds
[2022-07-25 03:07:37,042] {processor.py:153} INFO - Started process (PID=21504) to work on /home/hp/miniconda3/envs/airflow_env/lib/python3.8/site-packages/airflow/example_dags/example_time_delta_sensor_async.py
[2022-07-25 03:07:37,044] {processor.py:641} INFO - Processing file /home/hp/miniconda3/envs/airflow_env/lib/python3.8/site-packages/airflow/example_dags/example_time_delta_sensor_async.py for tasks to queue
[2022-07-25 03:07:37,044] {logging_mixin.py:115} INFO - [2022-07-25 03:07:37,044] {dagbag.py:508} INFO - Filling up the DagBag from /home/hp/miniconda3/envs/airflow_env/lib/python3.8/site-packages/airflow/example_dags/example_time_delta_sensor_async.py
[2022-07-25 03:07:37,050] {processor.py:651} INFO - DAG(s) dict_keys(['example_time_delta_sensor_async']) retrieved from /home/hp/miniconda3/envs/airflow_env/lib/python3.8/site-packages/airflow/example_dags/example_time_delta_sensor_async.py
[2022-07-25 03:07:37,068] {logging_mixin.py:115} INFO - [2022-07-25 03:07:37,068] {dag.py:2420} INFO - Sync 1 DAGs
[2022-07-25 03:07:37,078] {logging_mixin.py:115} INFO - [2022-07-25 03:07:37,078] {dag.py:2968} INFO - Setting next_dagrun for example_time_delta_sensor_async to None, run_after=None
[2022-07-25 03:07:37,088] {processor.py:161} INFO - Processing /home/hp/miniconda3/envs/airflow_env/lib/python3.8/site-packages/airflow/example_dags/example_time_delta_sensor_async.py took 0.049 seconds
[2022-07-25 03:17:53,509] {processor.py:153} INFO - Started process (PID=22170) to work on /home/hp/miniconda3/envs/airflow_env/lib/python3.8/site-packages/airflow/example_dags/example_time_delta_sensor_async.py
[2022-07-25 03:17:53,519] {processor.py:641} INFO - Processing file /home/hp/miniconda3/envs/airflow_env/lib/python3.8/site-packages/airflow/example_dags/example_time_delta_sensor_async.py for tasks to queue
[2022-07-25 03:17:53,520] {logging_mixin.py:115} INFO - [2022-07-25 03:17:53,520] {dagbag.py:508} INFO - Filling up the DagBag from /home/hp/miniconda3/envs/airflow_env/lib/python3.8/site-packages/airflow/example_dags/example_time_delta_sensor_async.py
[2022-07-25 03:17:53,526] {processor.py:651} INFO - DAG(s) dict_keys(['example_time_delta_sensor_async']) retrieved from /home/hp/miniconda3/envs/airflow_env/lib/python3.8/site-packages/airflow/example_dags/example_time_delta_sensor_async.py
[2022-07-25 03:17:53,604] {logging_mixin.py:115} INFO - [2022-07-25 03:17:53,603] {dag.py:2420} INFO - Sync 1 DAGs
[2022-07-25 03:17:53,646] {logging_mixin.py:115} INFO - [2022-07-25 03:17:53,645] {dag.py:2968} INFO - Setting next_dagrun for example_time_delta_sensor_async to None, run_after=None
[2022-07-25 03:17:53,661] {processor.py:161} INFO - Processing /home/hp/miniconda3/envs/airflow_env/lib/python3.8/site-packages/airflow/example_dags/example_time_delta_sensor_async.py took 0.154 seconds
[2022-07-25 03:23:13,595] {processor.py:153} INFO - Started process (PID=22644) to work on /home/hp/miniconda3/envs/airflow_env/lib/python3.8/site-packages/airflow/example_dags/example_time_delta_sensor_async.py
[2022-07-25 03:23:13,596] {processor.py:641} INFO - Processing file /home/hp/miniconda3/envs/airflow_env/lib/python3.8/site-packages/airflow/example_dags/example_time_delta_sensor_async.py for tasks to queue
[2022-07-25 03:23:13,597] {logging_mixin.py:115} INFO - [2022-07-25 03:23:13,597] {dagbag.py:508} INFO - Filling up the DagBag from /home/hp/miniconda3/envs/airflow_env/lib/python3.8/site-packages/airflow/example_dags/example_time_delta_sensor_async.py
[2022-07-25 03:23:13,603] {processor.py:651} INFO - DAG(s) dict_keys(['example_time_delta_sensor_async']) retrieved from /home/hp/miniconda3/envs/airflow_env/lib/python3.8/site-packages/airflow/example_dags/example_time_delta_sensor_async.py
[2022-07-25 03:23:13,620] {logging_mixin.py:115} INFO - [2022-07-25 03:23:13,620] {dag.py:2420} INFO - Sync 1 DAGs
[2022-07-25 03:23:13,629] {logging_mixin.py:115} INFO - [2022-07-25 03:23:13,629] {dag.py:2968} INFO - Setting next_dagrun for example_time_delta_sensor_async to None, run_after=None
[2022-07-25 03:23:13,639] {processor.py:161} INFO - Processing /home/hp/miniconda3/envs/airflow_env/lib/python3.8/site-packages/airflow/example_dags/example_time_delta_sensor_async.py took 0.048 seconds
[2022-07-25 03:28:37,913] {processor.py:153} INFO - Started process (PID=23122) to work on /home/hp/miniconda3/envs/airflow_env/lib/python3.8/site-packages/airflow/example_dags/example_time_delta_sensor_async.py
[2022-07-25 03:28:37,914] {processor.py:641} INFO - Processing file /home/hp/miniconda3/envs/airflow_env/lib/python3.8/site-packages/airflow/example_dags/example_time_delta_sensor_async.py for tasks to queue
[2022-07-25 03:28:37,915] {logging_mixin.py:115} INFO - [2022-07-25 03:28:37,915] {dagbag.py:508} INFO - Filling up the DagBag from /home/hp/miniconda3/envs/airflow_env/lib/python3.8/site-packages/airflow/example_dags/example_time_delta_sensor_async.py
[2022-07-25 03:28:37,921] {processor.py:651} INFO - DAG(s) dict_keys(['example_time_delta_sensor_async']) retrieved from /home/hp/miniconda3/envs/airflow_env/lib/python3.8/site-packages/airflow/example_dags/example_time_delta_sensor_async.py
[2022-07-25 03:28:37,937] {logging_mixin.py:115} INFO - [2022-07-25 03:28:37,937] {dag.py:2420} INFO - Sync 1 DAGs
[2022-07-25 03:28:37,947] {logging_mixin.py:115} INFO - [2022-07-25 03:28:37,947] {dag.py:2968} INFO - Setting next_dagrun for example_time_delta_sensor_async to None, run_after=None
[2022-07-25 03:28:37,958] {processor.py:161} INFO - Processing /home/hp/miniconda3/envs/airflow_env/lib/python3.8/site-packages/airflow/example_dags/example_time_delta_sensor_async.py took 0.050 seconds
[2022-07-25 03:30:48,461] {processor.py:153} INFO - Started process (PID=23632) to work on /home/hp/miniconda3/envs/airflow_env/lib/python3.8/site-packages/airflow/example_dags/example_time_delta_sensor_async.py
[2022-07-25 03:30:48,462] {processor.py:641} INFO - Processing file /home/hp/miniconda3/envs/airflow_env/lib/python3.8/site-packages/airflow/example_dags/example_time_delta_sensor_async.py for tasks to queue
[2022-07-25 03:30:48,463] {logging_mixin.py:115} INFO - [2022-07-25 03:30:48,463] {dagbag.py:508} INFO - Filling up the DagBag from /home/hp/miniconda3/envs/airflow_env/lib/python3.8/site-packages/airflow/example_dags/example_time_delta_sensor_async.py
[2022-07-25 03:30:48,469] {processor.py:651} INFO - DAG(s) dict_keys(['example_time_delta_sensor_async']) retrieved from /home/hp/miniconda3/envs/airflow_env/lib/python3.8/site-packages/airflow/example_dags/example_time_delta_sensor_async.py
[2022-07-25 03:30:48,487] {logging_mixin.py:115} INFO - [2022-07-25 03:30:48,487] {dag.py:2420} INFO - Sync 1 DAGs
[2022-07-25 03:30:48,496] {logging_mixin.py:115} INFO - [2022-07-25 03:30:48,496] {dag.py:2968} INFO - Setting next_dagrun for example_time_delta_sensor_async to None, run_after=None
[2022-07-25 03:30:48,505] {processor.py:161} INFO - Processing /home/hp/miniconda3/envs/airflow_env/lib/python3.8/site-packages/airflow/example_dags/example_time_delta_sensor_async.py took 0.048 seconds
[2022-07-25 03:34:06,954] {processor.py:153} INFO - Started process (PID=24051) to work on /home/hp/miniconda3/envs/airflow_env/lib/python3.8/site-packages/airflow/example_dags/example_time_delta_sensor_async.py
[2022-07-25 03:34:06,955] {processor.py:641} INFO - Processing file /home/hp/miniconda3/envs/airflow_env/lib/python3.8/site-packages/airflow/example_dags/example_time_delta_sensor_async.py for tasks to queue
[2022-07-25 03:34:06,956] {logging_mixin.py:115} INFO - [2022-07-25 03:34:06,956] {dagbag.py:508} INFO - Filling up the DagBag from /home/hp/miniconda3/envs/airflow_env/lib/python3.8/site-packages/airflow/example_dags/example_time_delta_sensor_async.py
[2022-07-25 03:34:06,962] {processor.py:651} INFO - DAG(s) dict_keys(['example_time_delta_sensor_async']) retrieved from /home/hp/miniconda3/envs/airflow_env/lib/python3.8/site-packages/airflow/example_dags/example_time_delta_sensor_async.py
[2022-07-25 03:34:06,981] {logging_mixin.py:115} INFO - [2022-07-25 03:34:06,981] {dag.py:2420} INFO - Sync 1 DAGs
[2022-07-25 03:34:06,989] {logging_mixin.py:115} INFO - [2022-07-25 03:34:06,989] {dag.py:2968} INFO - Setting next_dagrun for example_time_delta_sensor_async to None, run_after=None
[2022-07-25 03:34:06,999] {processor.py:161} INFO - Processing /home/hp/miniconda3/envs/airflow_env/lib/python3.8/site-packages/airflow/example_dags/example_time_delta_sensor_async.py took 0.049 seconds
[2022-07-25 03:44:20,893] {processor.py:153} INFO - Started process (PID=24678) to work on /home/hp/miniconda3/envs/airflow_env/lib/python3.8/site-packages/airflow/example_dags/example_time_delta_sensor_async.py
[2022-07-25 03:44:20,894] {processor.py:641} INFO - Processing file /home/hp/miniconda3/envs/airflow_env/lib/python3.8/site-packages/airflow/example_dags/example_time_delta_sensor_async.py for tasks to queue
[2022-07-25 03:44:20,894] {logging_mixin.py:115} INFO - [2022-07-25 03:44:20,894] {dagbag.py:508} INFO - Filling up the DagBag from /home/hp/miniconda3/envs/airflow_env/lib/python3.8/site-packages/airflow/example_dags/example_time_delta_sensor_async.py
[2022-07-25 03:44:20,899] {processor.py:651} INFO - DAG(s) dict_keys(['example_time_delta_sensor_async']) retrieved from /home/hp/miniconda3/envs/airflow_env/lib/python3.8/site-packages/airflow/example_dags/example_time_delta_sensor_async.py
[2022-07-25 03:44:20,958] {logging_mixin.py:115} INFO - [2022-07-25 03:44:20,958] {dag.py:2420} INFO - Sync 1 DAGs
[2022-07-25 03:44:20,978] {logging_mixin.py:115} INFO - [2022-07-25 03:44:20,977] {dag.py:2968} INFO - Setting next_dagrun for example_time_delta_sensor_async to None, run_after=None
[2022-07-25 03:44:21,001] {processor.py:161} INFO - Processing /home/hp/miniconda3/envs/airflow_env/lib/python3.8/site-packages/airflow/example_dags/example_time_delta_sensor_async.py took 0.127 seconds
[2022-07-25 03:49:42,358] {processor.py:153} INFO - Started process (PID=25102) to work on /home/hp/miniconda3/envs/airflow_env/lib/python3.8/site-packages/airflow/example_dags/example_time_delta_sensor_async.py
[2022-07-25 03:49:42,359] {processor.py:641} INFO - Processing file /home/hp/miniconda3/envs/airflow_env/lib/python3.8/site-packages/airflow/example_dags/example_time_delta_sensor_async.py for tasks to queue
[2022-07-25 03:49:42,360] {logging_mixin.py:115} INFO - [2022-07-25 03:49:42,359] {dagbag.py:508} INFO - Filling up the DagBag from /home/hp/miniconda3/envs/airflow_env/lib/python3.8/site-packages/airflow/example_dags/example_time_delta_sensor_async.py
[2022-07-25 03:49:42,366] {processor.py:651} INFO - DAG(s) dict_keys(['example_time_delta_sensor_async']) retrieved from /home/hp/miniconda3/envs/airflow_env/lib/python3.8/site-packages/airflow/example_dags/example_time_delta_sensor_async.py
[2022-07-25 03:49:42,383] {logging_mixin.py:115} INFO - [2022-07-25 03:49:42,383] {dag.py:2420} INFO - Sync 1 DAGs
[2022-07-25 03:49:42,392] {logging_mixin.py:115} INFO - [2022-07-25 03:49:42,392] {dag.py:2968} INFO - Setting next_dagrun for example_time_delta_sensor_async to None, run_after=None
[2022-07-25 03:49:42,401] {processor.py:161} INFO - Processing /home/hp/miniconda3/envs/airflow_env/lib/python3.8/site-packages/airflow/example_dags/example_time_delta_sensor_async.py took 0.048 seconds
[2022-07-25 03:55:05,962] {processor.py:153} INFO - Started process (PID=25462) to work on /home/hp/miniconda3/envs/airflow_env/lib/python3.8/site-packages/airflow/example_dags/example_time_delta_sensor_async.py
[2022-07-25 03:55:05,964] {processor.py:641} INFO - Processing file /home/hp/miniconda3/envs/airflow_env/lib/python3.8/site-packages/airflow/example_dags/example_time_delta_sensor_async.py for tasks to queue
[2022-07-25 03:55:05,964] {logging_mixin.py:115} INFO - [2022-07-25 03:55:05,964] {dagbag.py:508} INFO - Filling up the DagBag from /home/hp/miniconda3/envs/airflow_env/lib/python3.8/site-packages/airflow/example_dags/example_time_delta_sensor_async.py
[2022-07-25 03:55:05,968] {processor.py:651} INFO - DAG(s) dict_keys(['example_time_delta_sensor_async']) retrieved from /home/hp/miniconda3/envs/airflow_env/lib/python3.8/site-packages/airflow/example_dags/example_time_delta_sensor_async.py
[2022-07-25 03:55:05,985] {logging_mixin.py:115} INFO - [2022-07-25 03:55:05,985] {dag.py:2420} INFO - Sync 1 DAGs
[2022-07-25 03:55:05,994] {logging_mixin.py:115} INFO - [2022-07-25 03:55:05,994] {dag.py:2968} INFO - Setting next_dagrun for example_time_delta_sensor_async to None, run_after=None
[2022-07-25 03:55:06,006] {processor.py:161} INFO - Processing /home/hp/miniconda3/envs/airflow_env/lib/python3.8/site-packages/airflow/example_dags/example_time_delta_sensor_async.py took 0.047 seconds
[2022-07-25 04:00:27,912] {processor.py:153} INFO - Started process (PID=25801) to work on /home/hp/miniconda3/envs/airflow_env/lib/python3.8/site-packages/airflow/example_dags/example_time_delta_sensor_async.py
[2022-07-25 04:00:27,914] {processor.py:641} INFO - Processing file /home/hp/miniconda3/envs/airflow_env/lib/python3.8/site-packages/airflow/example_dags/example_time_delta_sensor_async.py for tasks to queue
[2022-07-25 04:00:27,914] {logging_mixin.py:115} INFO - [2022-07-25 04:00:27,914] {dagbag.py:508} INFO - Filling up the DagBag from /home/hp/miniconda3/envs/airflow_env/lib/python3.8/site-packages/airflow/example_dags/example_time_delta_sensor_async.py
[2022-07-25 04:00:27,920] {processor.py:651} INFO - DAG(s) dict_keys(['example_time_delta_sensor_async']) retrieved from /home/hp/miniconda3/envs/airflow_env/lib/python3.8/site-packages/airflow/example_dags/example_time_delta_sensor_async.py
[2022-07-25 04:00:27,937] {logging_mixin.py:115} INFO - [2022-07-25 04:00:27,937] {dag.py:2420} INFO - Sync 1 DAGs
[2022-07-25 04:00:27,946] {logging_mixin.py:115} INFO - [2022-07-25 04:00:27,946] {dag.py:2968} INFO - Setting next_dagrun for example_time_delta_sensor_async to None, run_after=None
[2022-07-25 04:00:27,958] {processor.py:161} INFO - Processing /home/hp/miniconda3/envs/airflow_env/lib/python3.8/site-packages/airflow/example_dags/example_time_delta_sensor_async.py took 0.049 seconds
[2022-07-25 04:01:08,130] {processor.py:153} INFO - Started process (PID=26022) to work on /home/hp/miniconda3/envs/airflow_env/lib/python3.8/site-packages/airflow/example_dags/example_time_delta_sensor_async.py
[2022-07-25 04:01:08,132] {processor.py:641} INFO - Processing file /home/hp/miniconda3/envs/airflow_env/lib/python3.8/site-packages/airflow/example_dags/example_time_delta_sensor_async.py for tasks to queue
[2022-07-25 04:01:08,132] {logging_mixin.py:115} INFO - [2022-07-25 04:01:08,132] {dagbag.py:508} INFO - Filling up the DagBag from /home/hp/miniconda3/envs/airflow_env/lib/python3.8/site-packages/airflow/example_dags/example_time_delta_sensor_async.py
[2022-07-25 04:01:08,138] {processor.py:651} INFO - DAG(s) dict_keys(['example_time_delta_sensor_async']) retrieved from /home/hp/miniconda3/envs/airflow_env/lib/python3.8/site-packages/airflow/example_dags/example_time_delta_sensor_async.py
[2022-07-25 04:01:08,157] {logging_mixin.py:115} INFO - [2022-07-25 04:01:08,157] {dag.py:2420} INFO - Sync 1 DAGs
[2022-07-25 04:01:08,167] {logging_mixin.py:115} INFO - [2022-07-25 04:01:08,167] {dag.py:2968} INFO - Setting next_dagrun for example_time_delta_sensor_async to None, run_after=None
[2022-07-25 04:01:08,181] {processor.py:161} INFO - Processing /home/hp/miniconda3/envs/airflow_env/lib/python3.8/site-packages/airflow/example_dags/example_time_delta_sensor_async.py took 0.055 seconds
[2022-07-25 04:02:23,768] {processor.py:153} INFO - Started process (PID=26480) to work on /home/hp/miniconda3/envs/airflow_env/lib/python3.8/site-packages/airflow/example_dags/example_time_delta_sensor_async.py
[2022-07-25 04:02:23,769] {processor.py:641} INFO - Processing file /home/hp/miniconda3/envs/airflow_env/lib/python3.8/site-packages/airflow/example_dags/example_time_delta_sensor_async.py for tasks to queue
[2022-07-25 04:02:23,770] {logging_mixin.py:115} INFO - [2022-07-25 04:02:23,770] {dagbag.py:508} INFO - Filling up the DagBag from /home/hp/miniconda3/envs/airflow_env/lib/python3.8/site-packages/airflow/example_dags/example_time_delta_sensor_async.py
[2022-07-25 04:02:23,779] {processor.py:651} INFO - DAG(s) dict_keys(['example_time_delta_sensor_async']) retrieved from /home/hp/miniconda3/envs/airflow_env/lib/python3.8/site-packages/airflow/example_dags/example_time_delta_sensor_async.py
[2022-07-25 04:02:23,798] {logging_mixin.py:115} INFO - [2022-07-25 04:02:23,798] {dag.py:2420} INFO - Sync 1 DAGs
[2022-07-25 04:02:23,807] {logging_mixin.py:115} INFO - [2022-07-25 04:02:23,807] {dag.py:2968} INFO - Setting next_dagrun for example_time_delta_sensor_async to None, run_after=None
[2022-07-25 04:02:23,817] {processor.py:161} INFO - Processing /home/hp/miniconda3/envs/airflow_env/lib/python3.8/site-packages/airflow/example_dags/example_time_delta_sensor_async.py took 0.053 seconds
[2022-07-25 04:05:52,708] {processor.py:153} INFO - Started process (PID=26791) to work on /home/hp/miniconda3/envs/airflow_env/lib/python3.8/site-packages/airflow/example_dags/example_time_delta_sensor_async.py
[2022-07-25 04:05:52,709] {processor.py:641} INFO - Processing file /home/hp/miniconda3/envs/airflow_env/lib/python3.8/site-packages/airflow/example_dags/example_time_delta_sensor_async.py for tasks to queue
[2022-07-25 04:05:52,709] {logging_mixin.py:115} INFO - [2022-07-25 04:05:52,709] {dagbag.py:508} INFO - Filling up the DagBag from /home/hp/miniconda3/envs/airflow_env/lib/python3.8/site-packages/airflow/example_dags/example_time_delta_sensor_async.py
[2022-07-25 04:05:52,716] {processor.py:651} INFO - DAG(s) dict_keys(['example_time_delta_sensor_async']) retrieved from /home/hp/miniconda3/envs/airflow_env/lib/python3.8/site-packages/airflow/example_dags/example_time_delta_sensor_async.py
[2022-07-25 04:05:52,733] {logging_mixin.py:115} INFO - [2022-07-25 04:05:52,733] {dag.py:2420} INFO - Sync 1 DAGs
[2022-07-25 04:05:52,743] {logging_mixin.py:115} INFO - [2022-07-25 04:05:52,743] {dag.py:2968} INFO - Setting next_dagrun for example_time_delta_sensor_async to None, run_after=None
[2022-07-25 04:05:52,752] {processor.py:161} INFO - Processing /home/hp/miniconda3/envs/airflow_env/lib/python3.8/site-packages/airflow/example_dags/example_time_delta_sensor_async.py took 0.048 seconds
[2022-07-25 04:16:04,790] {processor.py:153} INFO - Started process (PID=27239) to work on /home/hp/miniconda3/envs/airflow_env/lib/python3.8/site-packages/airflow/example_dags/example_time_delta_sensor_async.py
[2022-07-25 04:16:04,791] {processor.py:641} INFO - Processing file /home/hp/miniconda3/envs/airflow_env/lib/python3.8/site-packages/airflow/example_dags/example_time_delta_sensor_async.py for tasks to queue
[2022-07-25 04:16:04,791] {logging_mixin.py:115} INFO - [2022-07-25 04:16:04,791] {dagbag.py:508} INFO - Filling up the DagBag from /home/hp/miniconda3/envs/airflow_env/lib/python3.8/site-packages/airflow/example_dags/example_time_delta_sensor_async.py
[2022-07-25 04:16:04,797] {processor.py:651} INFO - DAG(s) dict_keys(['example_time_delta_sensor_async']) retrieved from /home/hp/miniconda3/envs/airflow_env/lib/python3.8/site-packages/airflow/example_dags/example_time_delta_sensor_async.py
[2022-07-25 04:16:04,830] {logging_mixin.py:115} INFO - [2022-07-25 04:16:04,830] {dag.py:2420} INFO - Sync 1 DAGs
[2022-07-25 04:16:04,850] {logging_mixin.py:115} INFO - [2022-07-25 04:16:04,850] {dag.py:2968} INFO - Setting next_dagrun for example_time_delta_sensor_async to None, run_after=None
[2022-07-25 04:16:04,865] {processor.py:161} INFO - Processing /home/hp/miniconda3/envs/airflow_env/lib/python3.8/site-packages/airflow/example_dags/example_time_delta_sensor_async.py took 0.077 seconds
[2022-07-25 04:21:27,147] {processor.py:153} INFO - Started process (PID=27564) to work on /home/hp/miniconda3/envs/airflow_env/lib/python3.8/site-packages/airflow/example_dags/example_time_delta_sensor_async.py
[2022-07-25 04:21:27,149] {processor.py:641} INFO - Processing file /home/hp/miniconda3/envs/airflow_env/lib/python3.8/site-packages/airflow/example_dags/example_time_delta_sensor_async.py for tasks to queue
[2022-07-25 04:21:27,149] {logging_mixin.py:115} INFO - [2022-07-25 04:21:27,149] {dagbag.py:508} INFO - Filling up the DagBag from /home/hp/miniconda3/envs/airflow_env/lib/python3.8/site-packages/airflow/example_dags/example_time_delta_sensor_async.py
[2022-07-25 04:21:27,156] {processor.py:651} INFO - DAG(s) dict_keys(['example_time_delta_sensor_async']) retrieved from /home/hp/miniconda3/envs/airflow_env/lib/python3.8/site-packages/airflow/example_dags/example_time_delta_sensor_async.py
[2022-07-25 04:21:27,173] {logging_mixin.py:115} INFO - [2022-07-25 04:21:27,173] {dag.py:2420} INFO - Sync 1 DAGs
[2022-07-25 04:21:27,182] {logging_mixin.py:115} INFO - [2022-07-25 04:21:27,182] {dag.py:2968} INFO - Setting next_dagrun for example_time_delta_sensor_async to None, run_after=None
[2022-07-25 04:21:27,191] {processor.py:161} INFO - Processing /home/hp/miniconda3/envs/airflow_env/lib/python3.8/site-packages/airflow/example_dags/example_time_delta_sensor_async.py took 0.048 seconds
[2022-07-25 04:26:51,149] {processor.py:153} INFO - Started process (PID=27860) to work on /home/hp/miniconda3/envs/airflow_env/lib/python3.8/site-packages/airflow/example_dags/example_time_delta_sensor_async.py
[2022-07-25 04:26:51,150] {processor.py:641} INFO - Processing file /home/hp/miniconda3/envs/airflow_env/lib/python3.8/site-packages/airflow/example_dags/example_time_delta_sensor_async.py for tasks to queue
[2022-07-25 04:26:51,151] {logging_mixin.py:115} INFO - [2022-07-25 04:26:51,151] {dagbag.py:508} INFO - Filling up the DagBag from /home/hp/miniconda3/envs/airflow_env/lib/python3.8/site-packages/airflow/example_dags/example_time_delta_sensor_async.py
[2022-07-25 04:26:51,157] {processor.py:651} INFO - DAG(s) dict_keys(['example_time_delta_sensor_async']) retrieved from /home/hp/miniconda3/envs/airflow_env/lib/python3.8/site-packages/airflow/example_dags/example_time_delta_sensor_async.py
[2022-07-25 04:26:51,174] {logging_mixin.py:115} INFO - [2022-07-25 04:26:51,174] {dag.py:2420} INFO - Sync 1 DAGs
[2022-07-25 04:26:51,182] {logging_mixin.py:115} INFO - [2022-07-25 04:26:51,182] {dag.py:2968} INFO - Setting next_dagrun for example_time_delta_sensor_async to None, run_after=None
[2022-07-25 04:26:51,192] {processor.py:161} INFO - Processing /home/hp/miniconda3/envs/airflow_env/lib/python3.8/site-packages/airflow/example_dags/example_time_delta_sensor_async.py took 0.047 seconds
[2022-07-25 04:32:13,829] {processor.py:153} INFO - Started process (PID=28135) to work on /home/hp/miniconda3/envs/airflow_env/lib/python3.8/site-packages/airflow/example_dags/example_time_delta_sensor_async.py
[2022-07-25 04:32:13,830] {processor.py:641} INFO - Processing file /home/hp/miniconda3/envs/airflow_env/lib/python3.8/site-packages/airflow/example_dags/example_time_delta_sensor_async.py for tasks to queue
[2022-07-25 04:32:13,831] {logging_mixin.py:115} INFO - [2022-07-25 04:32:13,831] {dagbag.py:508} INFO - Filling up the DagBag from /home/hp/miniconda3/envs/airflow_env/lib/python3.8/site-packages/airflow/example_dags/example_time_delta_sensor_async.py
[2022-07-25 04:32:13,837] {processor.py:651} INFO - DAG(s) dict_keys(['example_time_delta_sensor_async']) retrieved from /home/hp/miniconda3/envs/airflow_env/lib/python3.8/site-packages/airflow/example_dags/example_time_delta_sensor_async.py
[2022-07-25 04:32:13,856] {logging_mixin.py:115} INFO - [2022-07-25 04:32:13,856] {dag.py:2420} INFO - Sync 1 DAGs
[2022-07-25 04:32:13,865] {logging_mixin.py:115} INFO - [2022-07-25 04:32:13,865] {dag.py:2968} INFO - Setting next_dagrun for example_time_delta_sensor_async to None, run_after=None
[2022-07-25 04:32:13,877] {processor.py:161} INFO - Processing /home/hp/miniconda3/envs/airflow_env/lib/python3.8/site-packages/airflow/example_dags/example_time_delta_sensor_async.py took 0.051 seconds
[2022-07-25 04:37:37,169] {processor.py:153} INFO - Started process (PID=28427) to work on /home/hp/miniconda3/envs/airflow_env/lib/python3.8/site-packages/airflow/example_dags/example_time_delta_sensor_async.py
[2022-07-25 04:37:37,170] {processor.py:641} INFO - Processing file /home/hp/miniconda3/envs/airflow_env/lib/python3.8/site-packages/airflow/example_dags/example_time_delta_sensor_async.py for tasks to queue
[2022-07-25 04:37:37,171] {logging_mixin.py:115} INFO - [2022-07-25 04:37:37,171] {dagbag.py:508} INFO - Filling up the DagBag from /home/hp/miniconda3/envs/airflow_env/lib/python3.8/site-packages/airflow/example_dags/example_time_delta_sensor_async.py
[2022-07-25 04:37:37,178] {processor.py:651} INFO - DAG(s) dict_keys(['example_time_delta_sensor_async']) retrieved from /home/hp/miniconda3/envs/airflow_env/lib/python3.8/site-packages/airflow/example_dags/example_time_delta_sensor_async.py
[2022-07-25 04:37:37,194] {logging_mixin.py:115} INFO - [2022-07-25 04:37:37,194] {dag.py:2420} INFO - Sync 1 DAGs
[2022-07-25 04:37:37,204] {logging_mixin.py:115} INFO - [2022-07-25 04:37:37,204] {dag.py:2968} INFO - Setting next_dagrun for example_time_delta_sensor_async to None, run_after=None
[2022-07-25 04:37:37,213] {processor.py:161} INFO - Processing /home/hp/miniconda3/envs/airflow_env/lib/python3.8/site-packages/airflow/example_dags/example_time_delta_sensor_async.py took 0.048 seconds
[2022-07-25 10:58:14,623] {processor.py:153} INFO - Started process (PID=57023) to work on /home/hp/miniconda3/envs/airflow_env/lib/python3.8/site-packages/airflow/example_dags/example_time_delta_sensor_async.py
[2022-07-25 10:58:14,624] {processor.py:641} INFO - Processing file /home/hp/miniconda3/envs/airflow_env/lib/python3.8/site-packages/airflow/example_dags/example_time_delta_sensor_async.py for tasks to queue
[2022-07-25 10:58:14,624] {logging_mixin.py:115} INFO - [2022-07-25 10:58:14,624] {dagbag.py:508} INFO - Filling up the DagBag from /home/hp/miniconda3/envs/airflow_env/lib/python3.8/site-packages/airflow/example_dags/example_time_delta_sensor_async.py
[2022-07-25 10:58:14,628] {processor.py:651} INFO - DAG(s) dict_keys(['example_time_delta_sensor_async']) retrieved from /home/hp/miniconda3/envs/airflow_env/lib/python3.8/site-packages/airflow/example_dags/example_time_delta_sensor_async.py
[2022-07-25 10:58:14,639] {logging_mixin.py:115} INFO - [2022-07-25 10:58:14,639] {dag.py:2420} INFO - Sync 1 DAGs
[2022-07-25 10:58:14,647] {logging_mixin.py:115} INFO - [2022-07-25 10:58:14,647] {dag.py:2968} INFO - Setting next_dagrun for example_time_delta_sensor_async to None, run_after=None
[2022-07-25 10:58:14,656] {processor.py:161} INFO - Processing /home/hp/miniconda3/envs/airflow_env/lib/python3.8/site-packages/airflow/example_dags/example_time_delta_sensor_async.py took 0.034 seconds
[2022-07-25 10:58:48,244] {processor.py:153} INFO - Started process (PID=57462) to work on /home/hp/miniconda3/envs/airflow_env/lib/python3.8/site-packages/airflow/example_dags/example_time_delta_sensor_async.py
[2022-07-25 10:58:48,245] {processor.py:641} INFO - Processing file /home/hp/miniconda3/envs/airflow_env/lib/python3.8/site-packages/airflow/example_dags/example_time_delta_sensor_async.py for tasks to queue
[2022-07-25 10:58:48,245] {logging_mixin.py:115} INFO - [2022-07-25 10:58:48,245] {dagbag.py:508} INFO - Filling up the DagBag from /home/hp/miniconda3/envs/airflow_env/lib/python3.8/site-packages/airflow/example_dags/example_time_delta_sensor_async.py
[2022-07-25 10:58:48,251] {processor.py:651} INFO - DAG(s) dict_keys(['example_time_delta_sensor_async']) retrieved from /home/hp/miniconda3/envs/airflow_env/lib/python3.8/site-packages/airflow/example_dags/example_time_delta_sensor_async.py
[2022-07-25 10:58:48,264] {logging_mixin.py:115} INFO - [2022-07-25 10:58:48,264] {dag.py:2420} INFO - Sync 1 DAGs
[2022-07-25 10:58:48,272] {logging_mixin.py:115} INFO - [2022-07-25 10:58:48,272] {dag.py:2968} INFO - Setting next_dagrun for example_time_delta_sensor_async to None, run_after=None
[2022-07-25 10:58:48,281] {processor.py:161} INFO - Processing /home/hp/miniconda3/envs/airflow_env/lib/python3.8/site-packages/airflow/example_dags/example_time_delta_sensor_async.py took 0.041 seconds
[2022-07-25 10:59:24,222] {processor.py:153} INFO - Started process (PID=57725) to work on /home/hp/miniconda3/envs/airflow_env/lib/python3.8/site-packages/airflow/example_dags/example_time_delta_sensor_async.py
[2022-07-25 10:59:24,223] {processor.py:641} INFO - Processing file /home/hp/miniconda3/envs/airflow_env/lib/python3.8/site-packages/airflow/example_dags/example_time_delta_sensor_async.py for tasks to queue
[2022-07-25 10:59:24,223] {logging_mixin.py:115} INFO - [2022-07-25 10:59:24,223] {dagbag.py:508} INFO - Filling up the DagBag from /home/hp/miniconda3/envs/airflow_env/lib/python3.8/site-packages/airflow/example_dags/example_time_delta_sensor_async.py
[2022-07-25 10:59:24,225] {processor.py:651} INFO - DAG(s) dict_keys(['example_time_delta_sensor_async']) retrieved from /home/hp/miniconda3/envs/airflow_env/lib/python3.8/site-packages/airflow/example_dags/example_time_delta_sensor_async.py
[2022-07-25 10:59:24,240] {logging_mixin.py:115} INFO - [2022-07-25 10:59:24,240] {dag.py:2420} INFO - Sync 1 DAGs
[2022-07-25 10:59:24,248] {logging_mixin.py:115} INFO - [2022-07-25 10:59:24,248] {dag.py:2968} INFO - Setting next_dagrun for example_time_delta_sensor_async to None, run_after=None
[2022-07-25 10:59:24,259] {processor.py:161} INFO - Processing /home/hp/miniconda3/envs/airflow_env/lib/python3.8/site-packages/airflow/example_dags/example_time_delta_sensor_async.py took 0.041 seconds
[2022-07-25 10:59:58,464] {processor.py:153} INFO - Started process (PID=58247) to work on /home/hp/miniconda3/envs/airflow_env/lib/python3.8/site-packages/airflow/example_dags/example_time_delta_sensor_async.py
[2022-07-25 10:59:58,464] {processor.py:641} INFO - Processing file /home/hp/miniconda3/envs/airflow_env/lib/python3.8/site-packages/airflow/example_dags/example_time_delta_sensor_async.py for tasks to queue
[2022-07-25 10:59:58,465] {logging_mixin.py:115} INFO - [2022-07-25 10:59:58,465] {dagbag.py:508} INFO - Filling up the DagBag from /home/hp/miniconda3/envs/airflow_env/lib/python3.8/site-packages/airflow/example_dags/example_time_delta_sensor_async.py
[2022-07-25 10:59:58,469] {processor.py:651} INFO - DAG(s) dict_keys(['example_time_delta_sensor_async']) retrieved from /home/hp/miniconda3/envs/airflow_env/lib/python3.8/site-packages/airflow/example_dags/example_time_delta_sensor_async.py
[2022-07-25 10:59:58,483] {logging_mixin.py:115} INFO - [2022-07-25 10:59:58,483] {dag.py:2420} INFO - Sync 1 DAGs
[2022-07-25 10:59:58,496] {logging_mixin.py:115} INFO - [2022-07-25 10:59:58,496] {dag.py:2968} INFO - Setting next_dagrun for example_time_delta_sensor_async to None, run_after=None
[2022-07-25 10:59:58,505] {processor.py:161} INFO - Processing /home/hp/miniconda3/envs/airflow_env/lib/python3.8/site-packages/airflow/example_dags/example_time_delta_sensor_async.py took 0.043 seconds
[2022-07-25 11:00:33,377] {processor.py:153} INFO - Started process (PID=59557) to work on /home/hp/miniconda3/envs/airflow_env/lib/python3.8/site-packages/airflow/example_dags/example_time_delta_sensor_async.py
[2022-07-25 11:00:33,378] {processor.py:641} INFO - Processing file /home/hp/miniconda3/envs/airflow_env/lib/python3.8/site-packages/airflow/example_dags/example_time_delta_sensor_async.py for tasks to queue
[2022-07-25 11:00:33,379] {logging_mixin.py:115} INFO - [2022-07-25 11:00:33,379] {dagbag.py:508} INFO - Filling up the DagBag from /home/hp/miniconda3/envs/airflow_env/lib/python3.8/site-packages/airflow/example_dags/example_time_delta_sensor_async.py
[2022-07-25 11:00:33,386] {processor.py:651} INFO - DAG(s) dict_keys(['example_time_delta_sensor_async']) retrieved from /home/hp/miniconda3/envs/airflow_env/lib/python3.8/site-packages/airflow/example_dags/example_time_delta_sensor_async.py
[2022-07-25 11:00:33,399] {logging_mixin.py:115} INFO - [2022-07-25 11:00:33,399] {dag.py:2420} INFO - Sync 1 DAGs
[2022-07-25 11:00:33,406] {logging_mixin.py:115} INFO - [2022-07-25 11:00:33,406] {dag.py:2968} INFO - Setting next_dagrun for example_time_delta_sensor_async to None, run_after=None
[2022-07-25 11:00:33,414] {processor.py:161} INFO - Processing /home/hp/miniconda3/envs/airflow_env/lib/python3.8/site-packages/airflow/example_dags/example_time_delta_sensor_async.py took 0.042 seconds
[2022-07-25 11:01:07,607] {processor.py:153} INFO - Started process (PID=59796) to work on /home/hp/miniconda3/envs/airflow_env/lib/python3.8/site-packages/airflow/example_dags/example_time_delta_sensor_async.py
[2022-07-25 11:01:07,608] {processor.py:641} INFO - Processing file /home/hp/miniconda3/envs/airflow_env/lib/python3.8/site-packages/airflow/example_dags/example_time_delta_sensor_async.py for tasks to queue
[2022-07-25 11:01:07,608] {logging_mixin.py:115} INFO - [2022-07-25 11:01:07,608] {dagbag.py:508} INFO - Filling up the DagBag from /home/hp/miniconda3/envs/airflow_env/lib/python3.8/site-packages/airflow/example_dags/example_time_delta_sensor_async.py
[2022-07-25 11:01:07,611] {processor.py:651} INFO - DAG(s) dict_keys(['example_time_delta_sensor_async']) retrieved from /home/hp/miniconda3/envs/airflow_env/lib/python3.8/site-packages/airflow/example_dags/example_time_delta_sensor_async.py
[2022-07-25 11:01:07,624] {logging_mixin.py:115} INFO - [2022-07-25 11:01:07,624] {dag.py:2420} INFO - Sync 1 DAGs
[2022-07-25 11:01:07,632] {logging_mixin.py:115} INFO - [2022-07-25 11:01:07,632] {dag.py:2968} INFO - Setting next_dagrun for example_time_delta_sensor_async to None, run_after=None
[2022-07-25 11:01:07,640] {processor.py:161} INFO - Processing /home/hp/miniconda3/envs/airflow_env/lib/python3.8/site-packages/airflow/example_dags/example_time_delta_sensor_async.py took 0.035 seconds
[2022-07-25 11:01:43,055] {processor.py:153} INFO - Started process (PID=59950) to work on /home/hp/miniconda3/envs/airflow_env/lib/python3.8/site-packages/airflow/example_dags/example_time_delta_sensor_async.py
[2022-07-25 11:01:43,056] {processor.py:641} INFO - Processing file /home/hp/miniconda3/envs/airflow_env/lib/python3.8/site-packages/airflow/example_dags/example_time_delta_sensor_async.py for tasks to queue
[2022-07-25 11:01:43,057] {logging_mixin.py:115} INFO - [2022-07-25 11:01:43,057] {dagbag.py:508} INFO - Filling up the DagBag from /home/hp/miniconda3/envs/airflow_env/lib/python3.8/site-packages/airflow/example_dags/example_time_delta_sensor_async.py
[2022-07-25 11:01:43,064] {processor.py:651} INFO - DAG(s) dict_keys(['example_time_delta_sensor_async']) retrieved from /home/hp/miniconda3/envs/airflow_env/lib/python3.8/site-packages/airflow/example_dags/example_time_delta_sensor_async.py
[2022-07-25 11:01:43,077] {logging_mixin.py:115} INFO - [2022-07-25 11:01:43,077] {dag.py:2420} INFO - Sync 1 DAGs
[2022-07-25 11:01:43,084] {logging_mixin.py:115} INFO - [2022-07-25 11:01:43,084] {dag.py:2968} INFO - Setting next_dagrun for example_time_delta_sensor_async to None, run_after=None
[2022-07-25 11:01:43,093] {processor.py:161} INFO - Processing /home/hp/miniconda3/envs/airflow_env/lib/python3.8/site-packages/airflow/example_dags/example_time_delta_sensor_async.py took 0.042 seconds
[2022-07-25 11:02:19,209] {processor.py:153} INFO - Started process (PID=60159) to work on /home/hp/miniconda3/envs/airflow_env/lib/python3.8/site-packages/airflow/example_dags/example_time_delta_sensor_async.py
[2022-07-25 11:02:19,209] {processor.py:641} INFO - Processing file /home/hp/miniconda3/envs/airflow_env/lib/python3.8/site-packages/airflow/example_dags/example_time_delta_sensor_async.py for tasks to queue
[2022-07-25 11:02:19,210] {logging_mixin.py:115} INFO - [2022-07-25 11:02:19,210] {dagbag.py:508} INFO - Filling up the DagBag from /home/hp/miniconda3/envs/airflow_env/lib/python3.8/site-packages/airflow/example_dags/example_time_delta_sensor_async.py
[2022-07-25 11:02:19,212] {processor.py:651} INFO - DAG(s) dict_keys(['example_time_delta_sensor_async']) retrieved from /home/hp/miniconda3/envs/airflow_env/lib/python3.8/site-packages/airflow/example_dags/example_time_delta_sensor_async.py
[2022-07-25 11:02:19,225] {logging_mixin.py:115} INFO - [2022-07-25 11:02:19,225] {dag.py:2420} INFO - Sync 1 DAGs
[2022-07-25 11:02:19,237] {logging_mixin.py:115} INFO - [2022-07-25 11:02:19,237] {dag.py:2968} INFO - Setting next_dagrun for example_time_delta_sensor_async to None, run_after=None
[2022-07-25 11:02:19,248] {processor.py:161} INFO - Processing /home/hp/miniconda3/envs/airflow_env/lib/python3.8/site-packages/airflow/example_dags/example_time_delta_sensor_async.py took 0.041 seconds
[2022-07-25 11:02:54,636] {processor.py:153} INFO - Started process (PID=61561) to work on /home/hp/miniconda3/envs/airflow_env/lib/python3.8/site-packages/airflow/example_dags/example_time_delta_sensor_async.py
[2022-07-25 11:02:54,637] {processor.py:641} INFO - Processing file /home/hp/miniconda3/envs/airflow_env/lib/python3.8/site-packages/airflow/example_dags/example_time_delta_sensor_async.py for tasks to queue
[2022-07-25 11:02:54,637] {logging_mixin.py:115} INFO - [2022-07-25 11:02:54,637] {dagbag.py:508} INFO - Filling up the DagBag from /home/hp/miniconda3/envs/airflow_env/lib/python3.8/site-packages/airflow/example_dags/example_time_delta_sensor_async.py
[2022-07-25 11:02:54,640] {processor.py:651} INFO - DAG(s) dict_keys(['example_time_delta_sensor_async']) retrieved from /home/hp/miniconda3/envs/airflow_env/lib/python3.8/site-packages/airflow/example_dags/example_time_delta_sensor_async.py
[2022-07-25 11:02:54,655] {logging_mixin.py:115} INFO - [2022-07-25 11:02:54,654] {dag.py:2420} INFO - Sync 1 DAGs
[2022-07-25 11:02:54,662] {logging_mixin.py:115} INFO - [2022-07-25 11:02:54,662] {dag.py:2968} INFO - Setting next_dagrun for example_time_delta_sensor_async to None, run_after=None
[2022-07-25 11:02:54,670] {processor.py:161} INFO - Processing /home/hp/miniconda3/envs/airflow_env/lib/python3.8/site-packages/airflow/example_dags/example_time_delta_sensor_async.py took 0.036 seconds
[2022-07-25 11:03:30,506] {processor.py:153} INFO - Started process (PID=61788) to work on /home/hp/miniconda3/envs/airflow_env/lib/python3.8/site-packages/airflow/example_dags/example_time_delta_sensor_async.py
[2022-07-25 11:03:30,508] {processor.py:641} INFO - Processing file /home/hp/miniconda3/envs/airflow_env/lib/python3.8/site-packages/airflow/example_dags/example_time_delta_sensor_async.py for tasks to queue
[2022-07-25 11:03:30,508] {logging_mixin.py:115} INFO - [2022-07-25 11:03:30,508] {dagbag.py:508} INFO - Filling up the DagBag from /home/hp/miniconda3/envs/airflow_env/lib/python3.8/site-packages/airflow/example_dags/example_time_delta_sensor_async.py
[2022-07-25 11:03:30,515] {processor.py:651} INFO - DAG(s) dict_keys(['example_time_delta_sensor_async']) retrieved from /home/hp/miniconda3/envs/airflow_env/lib/python3.8/site-packages/airflow/example_dags/example_time_delta_sensor_async.py
[2022-07-25 11:03:30,529] {logging_mixin.py:115} INFO - [2022-07-25 11:03:30,529] {dag.py:2420} INFO - Sync 1 DAGs
[2022-07-25 11:03:30,537] {logging_mixin.py:115} INFO - [2022-07-25 11:03:30,537] {dag.py:2968} INFO - Setting next_dagrun for example_time_delta_sensor_async to None, run_after=None
[2022-07-25 11:03:30,546] {processor.py:161} INFO - Processing /home/hp/miniconda3/envs/airflow_env/lib/python3.8/site-packages/airflow/example_dags/example_time_delta_sensor_async.py took 0.044 seconds
[2022-07-25 11:04:07,670] {processor.py:153} INFO - Started process (PID=62041) to work on /home/hp/miniconda3/envs/airflow_env/lib/python3.8/site-packages/airflow/example_dags/example_time_delta_sensor_async.py
[2022-07-25 11:04:07,672] {processor.py:641} INFO - Processing file /home/hp/miniconda3/envs/airflow_env/lib/python3.8/site-packages/airflow/example_dags/example_time_delta_sensor_async.py for tasks to queue
[2022-07-25 11:04:07,672] {logging_mixin.py:115} INFO - [2022-07-25 11:04:07,672] {dagbag.py:508} INFO - Filling up the DagBag from /home/hp/miniconda3/envs/airflow_env/lib/python3.8/site-packages/airflow/example_dags/example_time_delta_sensor_async.py
[2022-07-25 11:04:07,679] {processor.py:651} INFO - DAG(s) dict_keys(['example_time_delta_sensor_async']) retrieved from /home/hp/miniconda3/envs/airflow_env/lib/python3.8/site-packages/airflow/example_dags/example_time_delta_sensor_async.py
[2022-07-25 11:04:07,692] {logging_mixin.py:115} INFO - [2022-07-25 11:04:07,692] {dag.py:2420} INFO - Sync 1 DAGs
[2022-07-25 11:04:07,699] {logging_mixin.py:115} INFO - [2022-07-25 11:04:07,699] {dag.py:2968} INFO - Setting next_dagrun for example_time_delta_sensor_async to None, run_after=None
[2022-07-25 11:04:07,709] {processor.py:161} INFO - Processing /home/hp/miniconda3/envs/airflow_env/lib/python3.8/site-packages/airflow/example_dags/example_time_delta_sensor_async.py took 0.043 seconds
[2022-07-25 11:04:41,309] {processor.py:153} INFO - Started process (PID=62280) to work on /home/hp/miniconda3/envs/airflow_env/lib/python3.8/site-packages/airflow/example_dags/example_time_delta_sensor_async.py
[2022-07-25 11:04:41,310] {processor.py:641} INFO - Processing file /home/hp/miniconda3/envs/airflow_env/lib/python3.8/site-packages/airflow/example_dags/example_time_delta_sensor_async.py for tasks to queue
[2022-07-25 11:04:41,311] {logging_mixin.py:115} INFO - [2022-07-25 11:04:41,310] {dagbag.py:508} INFO - Filling up the DagBag from /home/hp/miniconda3/envs/airflow_env/lib/python3.8/site-packages/airflow/example_dags/example_time_delta_sensor_async.py
[2022-07-25 11:04:41,316] {processor.py:651} INFO - DAG(s) dict_keys(['example_time_delta_sensor_async']) retrieved from /home/hp/miniconda3/envs/airflow_env/lib/python3.8/site-packages/airflow/example_dags/example_time_delta_sensor_async.py
[2022-07-25 11:04:41,329] {logging_mixin.py:115} INFO - [2022-07-25 11:04:41,329] {dag.py:2420} INFO - Sync 1 DAGs
[2022-07-25 11:04:41,337] {logging_mixin.py:115} INFO - [2022-07-25 11:04:41,337] {dag.py:2968} INFO - Setting next_dagrun for example_time_delta_sensor_async to None, run_after=None
[2022-07-25 11:04:41,347] {processor.py:161} INFO - Processing /home/hp/miniconda3/envs/airflow_env/lib/python3.8/site-packages/airflow/example_dags/example_time_delta_sensor_async.py took 0.042 seconds
[2022-07-25 11:05:16,981] {processor.py:153} INFO - Started process (PID=62570) to work on /home/hp/miniconda3/envs/airflow_env/lib/python3.8/site-packages/airflow/example_dags/example_time_delta_sensor_async.py
[2022-07-25 11:05:16,982] {processor.py:641} INFO - Processing file /home/hp/miniconda3/envs/airflow_env/lib/python3.8/site-packages/airflow/example_dags/example_time_delta_sensor_async.py for tasks to queue
[2022-07-25 11:05:16,982] {logging_mixin.py:115} INFO - [2022-07-25 11:05:16,982] {dagbag.py:508} INFO - Filling up the DagBag from /home/hp/miniconda3/envs/airflow_env/lib/python3.8/site-packages/airflow/example_dags/example_time_delta_sensor_async.py
[2022-07-25 11:05:16,988] {processor.py:651} INFO - DAG(s) dict_keys(['example_time_delta_sensor_async']) retrieved from /home/hp/miniconda3/envs/airflow_env/lib/python3.8/site-packages/airflow/example_dags/example_time_delta_sensor_async.py
[2022-07-25 11:05:17,002] {logging_mixin.py:115} INFO - [2022-07-25 11:05:17,002] {dag.py:2420} INFO - Sync 1 DAGs
[2022-07-25 11:05:17,010] {logging_mixin.py:115} INFO - [2022-07-25 11:05:17,010] {dag.py:2968} INFO - Setting next_dagrun for example_time_delta_sensor_async to None, run_after=None
[2022-07-25 11:05:17,019] {processor.py:161} INFO - Processing /home/hp/miniconda3/envs/airflow_env/lib/python3.8/site-packages/airflow/example_dags/example_time_delta_sensor_async.py took 0.041 seconds
[2022-07-25 11:05:50,084] {processor.py:153} INFO - Started process (PID=62792) to work on /home/hp/miniconda3/envs/airflow_env/lib/python3.8/site-packages/airflow/example_dags/example_time_delta_sensor_async.py
[2022-07-25 11:05:50,085] {processor.py:641} INFO - Processing file /home/hp/miniconda3/envs/airflow_env/lib/python3.8/site-packages/airflow/example_dags/example_time_delta_sensor_async.py for tasks to queue
[2022-07-25 11:05:50,085] {logging_mixin.py:115} INFO - [2022-07-25 11:05:50,085] {dagbag.py:508} INFO - Filling up the DagBag from /home/hp/miniconda3/envs/airflow_env/lib/python3.8/site-packages/airflow/example_dags/example_time_delta_sensor_async.py
[2022-07-25 11:05:50,090] {processor.py:651} INFO - DAG(s) dict_keys(['example_time_delta_sensor_async']) retrieved from /home/hp/miniconda3/envs/airflow_env/lib/python3.8/site-packages/airflow/example_dags/example_time_delta_sensor_async.py
[2022-07-25 11:05:50,105] {logging_mixin.py:115} INFO - [2022-07-25 11:05:50,105] {dag.py:2420} INFO - Sync 1 DAGs
[2022-07-25 11:05:50,112] {logging_mixin.py:115} INFO - [2022-07-25 11:05:50,112] {dag.py:2968} INFO - Setting next_dagrun for example_time_delta_sensor_async to None, run_after=None
[2022-07-25 11:05:50,121] {processor.py:161} INFO - Processing /home/hp/miniconda3/envs/airflow_env/lib/python3.8/site-packages/airflow/example_dags/example_time_delta_sensor_async.py took 0.041 seconds
[2022-07-25 11:06:25,219] {processor.py:153} INFO - Started process (PID=63066) to work on /home/hp/miniconda3/envs/airflow_env/lib/python3.8/site-packages/airflow/example_dags/example_time_delta_sensor_async.py
[2022-07-25 11:06:25,220] {processor.py:641} INFO - Processing file /home/hp/miniconda3/envs/airflow_env/lib/python3.8/site-packages/airflow/example_dags/example_time_delta_sensor_async.py for tasks to queue
[2022-07-25 11:06:25,221] {logging_mixin.py:115} INFO - [2022-07-25 11:06:25,221] {dagbag.py:508} INFO - Filling up the DagBag from /home/hp/miniconda3/envs/airflow_env/lib/python3.8/site-packages/airflow/example_dags/example_time_delta_sensor_async.py
[2022-07-25 11:06:25,224] {processor.py:651} INFO - DAG(s) dict_keys(['example_time_delta_sensor_async']) retrieved from /home/hp/miniconda3/envs/airflow_env/lib/python3.8/site-packages/airflow/example_dags/example_time_delta_sensor_async.py
[2022-07-25 11:06:25,243] {logging_mixin.py:115} INFO - [2022-07-25 11:06:25,243] {dag.py:2420} INFO - Sync 1 DAGs
[2022-07-25 11:06:25,256] {logging_mixin.py:115} INFO - [2022-07-25 11:06:25,255] {dag.py:2968} INFO - Setting next_dagrun for example_time_delta_sensor_async to None, run_after=None
[2022-07-25 11:06:25,267] {processor.py:161} INFO - Processing /home/hp/miniconda3/envs/airflow_env/lib/python3.8/site-packages/airflow/example_dags/example_time_delta_sensor_async.py took 0.051 seconds
[2022-07-25 11:07:00,692] {processor.py:153} INFO - Started process (PID=63369) to work on /home/hp/miniconda3/envs/airflow_env/lib/python3.8/site-packages/airflow/example_dags/example_time_delta_sensor_async.py
[2022-07-25 11:07:00,693] {processor.py:641} INFO - Processing file /home/hp/miniconda3/envs/airflow_env/lib/python3.8/site-packages/airflow/example_dags/example_time_delta_sensor_async.py for tasks to queue
[2022-07-25 11:07:00,693] {logging_mixin.py:115} INFO - [2022-07-25 11:07:00,693] {dagbag.py:508} INFO - Filling up the DagBag from /home/hp/miniconda3/envs/airflow_env/lib/python3.8/site-packages/airflow/example_dags/example_time_delta_sensor_async.py
[2022-07-25 11:07:00,698] {processor.py:651} INFO - DAG(s) dict_keys(['example_time_delta_sensor_async']) retrieved from /home/hp/miniconda3/envs/airflow_env/lib/python3.8/site-packages/airflow/example_dags/example_time_delta_sensor_async.py
[2022-07-25 11:07:00,710] {logging_mixin.py:115} INFO - [2022-07-25 11:07:00,710] {dag.py:2420} INFO - Sync 1 DAGs
[2022-07-25 11:07:00,717] {logging_mixin.py:115} INFO - [2022-07-25 11:07:00,717] {dag.py:2968} INFO - Setting next_dagrun for example_time_delta_sensor_async to None, run_after=None
[2022-07-25 11:07:00,727] {processor.py:161} INFO - Processing /home/hp/miniconda3/envs/airflow_env/lib/python3.8/site-packages/airflow/example_dags/example_time_delta_sensor_async.py took 0.039 seconds
[2022-07-25 11:07:35,363] {processor.py:153} INFO - Started process (PID=63674) to work on /home/hp/miniconda3/envs/airflow_env/lib/python3.8/site-packages/airflow/example_dags/example_time_delta_sensor_async.py
[2022-07-25 11:07:35,363] {processor.py:641} INFO - Processing file /home/hp/miniconda3/envs/airflow_env/lib/python3.8/site-packages/airflow/example_dags/example_time_delta_sensor_async.py for tasks to queue
[2022-07-25 11:07:35,363] {logging_mixin.py:115} INFO - [2022-07-25 11:07:35,363] {dagbag.py:508} INFO - Filling up the DagBag from /home/hp/miniconda3/envs/airflow_env/lib/python3.8/site-packages/airflow/example_dags/example_time_delta_sensor_async.py
[2022-07-25 11:07:35,366] {processor.py:651} INFO - DAG(s) dict_keys(['example_time_delta_sensor_async']) retrieved from /home/hp/miniconda3/envs/airflow_env/lib/python3.8/site-packages/airflow/example_dags/example_time_delta_sensor_async.py
[2022-07-25 11:07:35,381] {logging_mixin.py:115} INFO - [2022-07-25 11:07:35,381] {dag.py:2420} INFO - Sync 1 DAGs
[2022-07-25 11:07:35,389] {logging_mixin.py:115} INFO - [2022-07-25 11:07:35,389] {dag.py:2968} INFO - Setting next_dagrun for example_time_delta_sensor_async to None, run_after=None
[2022-07-25 11:07:35,400] {processor.py:161} INFO - Processing /home/hp/miniconda3/envs/airflow_env/lib/python3.8/site-packages/airflow/example_dags/example_time_delta_sensor_async.py took 0.039 seconds
[2022-07-25 11:08:10,930] {processor.py:153} INFO - Started process (PID=63988) to work on /home/hp/miniconda3/envs/airflow_env/lib/python3.8/site-packages/airflow/example_dags/example_time_delta_sensor_async.py
[2022-07-25 11:08:10,931] {processor.py:641} INFO - Processing file /home/hp/miniconda3/envs/airflow_env/lib/python3.8/site-packages/airflow/example_dags/example_time_delta_sensor_async.py for tasks to queue
[2022-07-25 11:08:10,932] {logging_mixin.py:115} INFO - [2022-07-25 11:08:10,932] {dagbag.py:508} INFO - Filling up the DagBag from /home/hp/miniconda3/envs/airflow_env/lib/python3.8/site-packages/airflow/example_dags/example_time_delta_sensor_async.py
[2022-07-25 11:08:10,940] {processor.py:651} INFO - DAG(s) dict_keys(['example_time_delta_sensor_async']) retrieved from /home/hp/miniconda3/envs/airflow_env/lib/python3.8/site-packages/airflow/example_dags/example_time_delta_sensor_async.py
[2022-07-25 11:08:10,955] {logging_mixin.py:115} INFO - [2022-07-25 11:08:10,954] {dag.py:2420} INFO - Sync 1 DAGs
[2022-07-25 11:08:10,964] {logging_mixin.py:115} INFO - [2022-07-25 11:08:10,963] {dag.py:2968} INFO - Setting next_dagrun for example_time_delta_sensor_async to None, run_after=None
[2022-07-25 11:08:10,976] {processor.py:161} INFO - Processing /home/hp/miniconda3/envs/airflow_env/lib/python3.8/site-packages/airflow/example_dags/example_time_delta_sensor_async.py took 0.050 seconds
                                                                                                                                                                                                                                                                                                                                                                                                                                                                                                                                                                                                                                                                                                                                                                                                                                                                                        