[2022-07-25 03:03:08,714] {processor.py:153} INFO - Started process (PID=21079) to work on /home/hp/miniconda3/envs/airflow_env/lib/python3.8/site-packages/airflow/example_dags/example_skip_dag.py
[2022-07-25 03:03:08,714] {processor.py:641} INFO - Processing file /home/hp/miniconda3/envs/airflow_env/lib/python3.8/site-packages/airflow/example_dags/example_skip_dag.py for tasks to queue
[2022-07-25 03:03:08,715] {logging_mixin.py:115} INFO - [2022-07-25 03:03:08,715] {dagbag.py:508} INFO - Filling up the DagBag from /home/hp/miniconda3/envs/airflow_env/lib/python3.8/site-packages/airflow/example_dags/example_skip_dag.py
[2022-07-25 03:03:08,721] {processor.py:651} INFO - DAG(s) dict_keys(['example_skip_dag']) retrieved from /home/hp/miniconda3/envs/airflow_env/lib/python3.8/site-packages/airflow/example_dags/example_skip_dag.py
[2022-07-25 03:03:08,731] {logging_mixin.py:115} INFO - [2022-07-25 03:03:08,731] {dag.py:2420} INFO - Sync 1 DAGs
[2022-07-25 03:03:08,742] {logging_mixin.py:115} INFO - [2022-07-25 03:03:08,742] {dag.py:2968} INFO - Setting next_dagrun for example_skip_dag to 2022-07-24T00:03:08.741874+00:00, run_after=2022-07-25T00:03:08.741874+00:00
[2022-07-25 03:03:08,762] {processor.py:161} INFO - Processing /home/hp/miniconda3/envs/airflow_env/lib/python3.8/site-packages/airflow/example_dags/example_skip_dag.py took 0.051 seconds
[2022-07-25 03:12:39,012] {processor.py:153} INFO - Started process (PID=21822) to work on /home/hp/miniconda3/envs/airflow_env/lib/python3.8/site-packages/airflow/example_dags/example_skip_dag.py
[2022-07-25 03:12:39,012] {processor.py:641} INFO - Processing file /home/hp/miniconda3/envs/airflow_env/lib/python3.8/site-packages/airflow/example_dags/example_skip_dag.py for tasks to queue
[2022-07-25 03:12:39,013] {logging_mixin.py:115} INFO - [2022-07-25 03:12:39,013] {dagbag.py:508} INFO - Filling up the DagBag from /home/hp/miniconda3/envs/airflow_env/lib/python3.8/site-packages/airflow/example_dags/example_skip_dag.py
[2022-07-25 03:12:39,016] {processor.py:651} INFO - DAG(s) dict_keys(['example_skip_dag']) retrieved from /home/hp/miniconda3/envs/airflow_env/lib/python3.8/site-packages/airflow/example_dags/example_skip_dag.py
[2022-07-25 03:12:39,026] {logging_mixin.py:115} INFO - [2022-07-25 03:12:39,026] {dag.py:2420} INFO - Sync 1 DAGs
[2022-07-25 03:12:39,038] {logging_mixin.py:115} INFO - [2022-07-25 03:12:39,038] {dag.py:2968} INFO - Setting next_dagrun for example_skip_dag to 2022-07-24T00:12:39.038011+00:00, run_after=2022-07-25T00:12:39.038011+00:00
[2022-07-25 03:12:39,048] {processor.py:161} INFO - Processing /home/hp/miniconda3/envs/airflow_env/lib/python3.8/site-packages/airflow/example_dags/example_skip_dag.py took 0.038 seconds
[2022-07-25 03:18:02,420] {processor.py:153} INFO - Started process (PID=22273) to work on /home/hp/miniconda3/envs/airflow_env/lib/python3.8/site-packages/airflow/example_dags/example_skip_dag.py
[2022-07-25 03:18:02,422] {processor.py:641} INFO - Processing file /home/hp/miniconda3/envs/airflow_env/lib/python3.8/site-packages/airflow/example_dags/example_skip_dag.py for tasks to queue
[2022-07-25 03:18:02,422] {logging_mixin.py:115} INFO - [2022-07-25 03:18:02,422] {dagbag.py:508} INFO - Filling up the DagBag from /home/hp/miniconda3/envs/airflow_env/lib/python3.8/site-packages/airflow/example_dags/example_skip_dag.py
[2022-07-25 03:18:02,428] {processor.py:651} INFO - DAG(s) dict_keys(['example_skip_dag']) retrieved from /home/hp/miniconda3/envs/airflow_env/lib/python3.8/site-packages/airflow/example_dags/example_skip_dag.py
[2022-07-25 03:18:02,438] {logging_mixin.py:115} INFO - [2022-07-25 03:18:02,438] {dag.py:2420} INFO - Sync 1 DAGs
[2022-07-25 03:18:02,448] {logging_mixin.py:115} INFO - [2022-07-25 03:18:02,448] {dag.py:2968} INFO - Setting next_dagrun for example_skip_dag to 2022-07-24T00:18:02.448402+00:00, run_after=2022-07-25T00:18:02.448402+00:00
[2022-07-25 03:18:02,458] {processor.py:161} INFO - Processing /home/hp/miniconda3/envs/airflow_env/lib/python3.8/site-packages/airflow/example_dags/example_skip_dag.py took 0.042 seconds
[2022-07-25 03:23:23,481] {processor.py:153} INFO - Started process (PID=22737) to work on /home/hp/miniconda3/envs/airflow_env/lib/python3.8/site-packages/airflow/example_dags/example_skip_dag.py
[2022-07-25 03:23:23,483] {processor.py:641} INFO - Processing file /home/hp/miniconda3/envs/airflow_env/lib/python3.8/site-packages/airflow/example_dags/example_skip_dag.py for tasks to queue
[2022-07-25 03:23:23,483] {logging_mixin.py:115} INFO - [2022-07-25 03:23:23,483] {dagbag.py:508} INFO - Filling up the DagBag from /home/hp/miniconda3/envs/airflow_env/lib/python3.8/site-packages/airflow/example_dags/example_skip_dag.py
[2022-07-25 03:23:23,489] {processor.py:651} INFO - DAG(s) dict_keys(['example_skip_dag']) retrieved from /home/hp/miniconda3/envs/airflow_env/lib/python3.8/site-packages/airflow/example_dags/example_skip_dag.py
[2022-07-25 03:23:23,500] {logging_mixin.py:115} INFO - [2022-07-25 03:23:23,500] {dag.py:2420} INFO - Sync 1 DAGs
[2022-07-25 03:23:23,511] {logging_mixin.py:115} INFO - [2022-07-25 03:23:23,511] {dag.py:2968} INFO - Setting next_dagrun for example_skip_dag to 2022-07-24T00:23:23.511421+00:00, run_after=2022-07-25T00:23:23.511421+00:00
[2022-07-25 03:23:23,521] {processor.py:161} INFO - Processing /home/hp/miniconda3/envs/airflow_env/lib/python3.8/site-packages/airflow/example_dags/example_skip_dag.py took 0.043 seconds
[2022-07-25 03:28:47,645] {processor.py:153} INFO - Started process (PID=23188) to work on /home/hp/miniconda3/envs/airflow_env/lib/python3.8/site-packages/airflow/example_dags/example_skip_dag.py
[2022-07-25 03:28:47,646] {processor.py:641} INFO - Processing file /home/hp/miniconda3/envs/airflow_env/lib/python3.8/site-packages/airflow/example_dags/example_skip_dag.py for tasks to queue
[2022-07-25 03:28:47,647] {logging_mixin.py:115} INFO - [2022-07-25 03:28:47,647] {dagbag.py:508} INFO - Filling up the DagBag from /home/hp/miniconda3/envs/airflow_env/lib/python3.8/site-packages/airflow/example_dags/example_skip_dag.py
[2022-07-25 03:28:47,653] {processor.py:651} INFO - DAG(s) dict_keys(['example_skip_dag']) retrieved from /home/hp/miniconda3/envs/airflow_env/lib/python3.8/site-packages/airflow/example_dags/example_skip_dag.py
[2022-07-25 03:28:47,663] {logging_mixin.py:115} INFO - [2022-07-25 03:28:47,663] {dag.py:2420} INFO - Sync 1 DAGs
[2022-07-25 03:28:47,674] {logging_mixin.py:115} INFO - [2022-07-25 03:28:47,674] {dag.py:2968} INFO - Setting next_dagrun for example_skip_dag to 2022-07-24T00:28:47.674023+00:00, run_after=2022-07-25T00:28:47.674023+00:00
[2022-07-25 03:28:47,685] {processor.py:161} INFO - Processing /home/hp/miniconda3/envs/airflow_env/lib/python3.8/site-packages/airflow/example_dags/example_skip_dag.py took 0.044 seconds
[2022-07-25 03:30:58,683] {processor.py:153} INFO - Started process (PID=23697) to work on /home/hp/miniconda3/envs/airflow_env/lib/python3.8/site-packages/airflow/example_dags/example_skip_dag.py
[2022-07-25 03:30:58,684] {processor.py:641} INFO - Processing file /home/hp/miniconda3/envs/airflow_env/lib/python3.8/site-packages/airflow/example_dags/example_skip_dag.py for tasks to queue
[2022-07-25 03:30:58,685] {logging_mixin.py:115} INFO - [2022-07-25 03:30:58,685] {dagbag.py:508} INFO - Filling up the DagBag from /home/hp/miniconda3/envs/airflow_env/lib/python3.8/site-packages/airflow/example_dags/example_skip_dag.py
[2022-07-25 03:30:58,690] {processor.py:651} INFO - DAG(s) dict_keys(['example_skip_dag']) retrieved from /home/hp/miniconda3/envs/airflow_env/lib/python3.8/site-packages/airflow/example_dags/example_skip_dag.py
[2022-07-25 03:30:58,700] {logging_mixin.py:115} INFO - [2022-07-25 03:30:58,700] {dag.py:2420} INFO - Sync 1 DAGs
[2022-07-25 03:30:58,710] {logging_mixin.py:115} INFO - [2022-07-25 03:30:58,710] {dag.py:2968} INFO - Setting next_dagrun for example_skip_dag to 2022-07-24T00:30:58.710490+00:00, run_after=2022-07-25T00:30:58.710490+00:00
[2022-07-25 03:30:58,719] {processor.py:161} INFO - Processing /home/hp/miniconda3/envs/airflow_env/lib/python3.8/site-packages/airflow/example_dags/example_skip_dag.py took 0.040 seconds
[2022-07-25 03:39:05,650] {processor.py:153} INFO - Started process (PID=24276) to work on /home/hp/miniconda3/envs/airflow_env/lib/python3.8/site-packages/airflow/example_dags/example_skip_dag.py
[2022-07-25 03:39:05,651] {processor.py:641} INFO - Processing file /home/hp/miniconda3/envs/airflow_env/lib/python3.8/site-packages/airflow/example_dags/example_skip_dag.py for tasks to queue
[2022-07-25 03:39:05,652] {logging_mixin.py:115} INFO - [2022-07-25 03:39:05,652] {dagbag.py:508} INFO - Filling up the DagBag from /home/hp/miniconda3/envs/airflow_env/lib/python3.8/site-packages/airflow/example_dags/example_skip_dag.py
[2022-07-25 03:39:05,658] {processor.py:651} INFO - DAG(s) dict_keys(['example_skip_dag']) retrieved from /home/hp/miniconda3/envs/airflow_env/lib/python3.8/site-packages/airflow/example_dags/example_skip_dag.py
[2022-07-25 03:39:05,670] {logging_mixin.py:115} INFO - [2022-07-25 03:39:05,670] {dag.py:2420} INFO - Sync 1 DAGs
[2022-07-25 03:39:05,679] {logging_mixin.py:115} INFO - [2022-07-25 03:39:05,679] {dag.py:2968} INFO - Setting next_dagrun for example_skip_dag to 2022-07-24T00:39:05.679734+00:00, run_after=2022-07-25T00:39:05.679734+00:00
[2022-07-25 03:39:05,689] {processor.py:161} INFO - Processing /home/hp/miniconda3/envs/airflow_env/lib/python3.8/site-packages/airflow/example_dags/example_skip_dag.py took 0.043 seconds
[2022-07-25 03:44:30,012] {processor.py:153} INFO - Started process (PID=24784) to work on /home/hp/miniconda3/envs/airflow_env/lib/python3.8/site-packages/airflow/example_dags/example_skip_dag.py
[2022-07-25 03:44:30,013] {processor.py:641} INFO - Processing file /home/hp/miniconda3/envs/airflow_env/lib/python3.8/site-packages/airflow/example_dags/example_skip_dag.py for tasks to queue
[2022-07-25 03:44:30,014] {logging_mixin.py:115} INFO - [2022-07-25 03:44:30,014] {dagbag.py:508} INFO - Filling up the DagBag from /home/hp/miniconda3/envs/airflow_env/lib/python3.8/site-packages/airflow/example_dags/example_skip_dag.py
[2022-07-25 03:44:30,020] {processor.py:651} INFO - DAG(s) dict_keys(['example_skip_dag']) retrieved from /home/hp/miniconda3/envs/airflow_env/lib/python3.8/site-packages/airflow/example_dags/example_skip_dag.py
[2022-07-25 03:44:30,032] {logging_mixin.py:115} INFO - [2022-07-25 03:44:30,031] {dag.py:2420} INFO - Sync 1 DAGs
[2022-07-25 03:44:30,041] {logging_mixin.py:115} INFO - [2022-07-25 03:44:30,041] {dag.py:2968} INFO - Setting next_dagrun for example_skip_dag to 2022-07-24T00:44:30.041227+00:00, run_after=2022-07-25T00:44:30.041227+00:00
[2022-07-25 03:44:30,052] {processor.py:161} INFO - Processing /home/hp/miniconda3/envs/airflow_env/lib/python3.8/site-packages/airflow/example_dags/example_skip_dag.py took 0.044 seconds
[2022-07-25 03:49:52,634] {processor.py:153} INFO - Started process (PID=25172) to work on /home/hp/miniconda3/envs/airflow_env/lib/python3.8/site-packages/airflow/example_dags/example_skip_dag.py
[2022-07-25 03:49:52,635] {processor.py:641} INFO - Processing file /home/hp/miniconda3/envs/airflow_env/lib/python3.8/site-packages/airflow/example_dags/example_skip_dag.py for tasks to queue
[2022-07-25 03:49:52,636] {logging_mixin.py:115} INFO - [2022-07-25 03:49:52,636] {dagbag.py:508} INFO - Filling up the DagBag from /home/hp/miniconda3/envs/airflow_env/lib/python3.8/site-packages/airflow/example_dags/example_skip_dag.py
[2022-07-25 03:49:52,643] {processor.py:651} INFO - DAG(s) dict_keys(['example_skip_dag']) retrieved from /home/hp/miniconda3/envs/airflow_env/lib/python3.8/site-packages/airflow/example_dags/example_skip_dag.py
[2022-07-25 03:49:52,655] {logging_mixin.py:115} INFO - [2022-07-25 03:49:52,655] {dag.py:2420} INFO - Sync 1 DAGs
[2022-07-25 03:49:52,664] {logging_mixin.py:115} INFO - [2022-07-25 03:49:52,664] {dag.py:2968} INFO - Setting next_dagrun for example_skip_dag to 2022-07-24T00:49:52.663960+00:00, run_after=2022-07-25T00:49:52.663960+00:00
[2022-07-25 03:49:52,675] {processor.py:161} INFO - Processing /home/hp/miniconda3/envs/airflow_env/lib/python3.8/site-packages/airflow/example_dags/example_skip_dag.py took 0.045 seconds
[2022-07-25 03:55:16,150] {processor.py:153} INFO - Started process (PID=25476) to work on /home/hp/miniconda3/envs/airflow_env/lib/python3.8/site-packages/airflow/example_dags/example_skip_dag.py
[2022-07-25 03:55:16,152] {processor.py:641} INFO - Processing file /home/hp/miniconda3/envs/airflow_env/lib/python3.8/site-packages/airflow/example_dags/example_skip_dag.py for tasks to queue
[2022-07-25 03:55:16,152] {logging_mixin.py:115} INFO - [2022-07-25 03:55:16,152] {dagbag.py:508} INFO - Filling up the DagBag from /home/hp/miniconda3/envs/airflow_env/lib/python3.8/site-packages/airflow/example_dags/example_skip_dag.py
[2022-07-25 03:55:16,159] {processor.py:651} INFO - DAG(s) dict_keys(['example_skip_dag']) retrieved from /home/hp/miniconda3/envs/airflow_env/lib/python3.8/site-packages/airflow/example_dags/example_skip_dag.py
[2022-07-25 03:55:16,179] {logging_mixin.py:115} INFO - [2022-07-25 03:55:16,179] {dag.py:2420} INFO - Sync 1 DAGs
[2022-07-25 03:55:16,189] {logging_mixin.py:115} INFO - [2022-07-25 03:55:16,189] {dag.py:2968} INFO - Setting next_dagrun for example_skip_dag to 2022-07-24T00:55:16.189667+00:00, run_after=2022-07-25T00:55:16.189667+00:00
[2022-07-25 03:55:16,199] {processor.py:161} INFO - Processing /home/hp/miniconda3/envs/airflow_env/lib/python3.8/site-packages/airflow/example_dags/example_skip_dag.py took 0.053 seconds
[2022-07-25 04:00:36,901] {processor.py:153} INFO - Started process (PID=25830) to work on /home/hp/miniconda3/envs/airflow_env/lib/python3.8/site-packages/airflow/example_dags/example_skip_dag.py
[2022-07-25 04:00:36,902] {processor.py:641} INFO - Processing file /home/hp/miniconda3/envs/airflow_env/lib/python3.8/site-packages/airflow/example_dags/example_skip_dag.py for tasks to queue
[2022-07-25 04:00:36,903] {logging_mixin.py:115} INFO - [2022-07-25 04:00:36,903] {dagbag.py:508} INFO - Filling up the DagBag from /home/hp/miniconda3/envs/airflow_env/lib/python3.8/site-packages/airflow/example_dags/example_skip_dag.py
[2022-07-25 04:00:36,909] {processor.py:651} INFO - DAG(s) dict_keys(['example_skip_dag']) retrieved from /home/hp/miniconda3/envs/airflow_env/lib/python3.8/site-packages/airflow/example_dags/example_skip_dag.py
[2022-07-25 04:00:36,919] {logging_mixin.py:115} INFO - [2022-07-25 04:00:36,919] {dag.py:2420} INFO - Sync 1 DAGs
[2022-07-25 04:00:36,929] {logging_mixin.py:115} INFO - [2022-07-25 04:00:36,929] {dag.py:2968} INFO - Setting next_dagrun for example_skip_dag to 2022-07-24T01:00:36.929359+00:00, run_after=2022-07-25T01:00:36.929359+00:00
[2022-07-25 04:00:36,940] {processor.py:161} INFO - Processing /home/hp/miniconda3/envs/airflow_env/lib/python3.8/site-packages/airflow/example_dags/example_skip_dag.py took 0.043 seconds
[2022-07-25 04:01:54,129] {processor.py:153} INFO - Started process (PID=26246) to work on /home/hp/miniconda3/envs/airflow_env/lib/python3.8/site-packages/airflow/example_dags/example_skip_dag.py
[2022-07-25 04:01:54,130] {processor.py:641} INFO - Processing file /home/hp/miniconda3/envs/airflow_env/lib/python3.8/site-packages/airflow/example_dags/example_skip_dag.py for tasks to queue
[2022-07-25 04:01:54,131] {logging_mixin.py:115} INFO - [2022-07-25 04:01:54,130] {dagbag.py:508} INFO - Filling up the DagBag from /home/hp/miniconda3/envs/airflow_env/lib/python3.8/site-packages/airflow/example_dags/example_skip_dag.py
[2022-07-25 04:01:54,137] {processor.py:651} INFO - DAG(s) dict_keys(['example_skip_dag']) retrieved from /home/hp/miniconda3/envs/airflow_env/lib/python3.8/site-packages/airflow/example_dags/example_skip_dag.py
[2022-07-25 04:01:54,148] {logging_mixin.py:115} INFO - [2022-07-25 04:01:54,148] {dag.py:2420} INFO - Sync 1 DAGs
[2022-07-25 04:01:54,158] {logging_mixin.py:115} INFO - [2022-07-25 04:01:54,158] {dag.py:2968} INFO - Setting next_dagrun for example_skip_dag to 2022-07-24T01:01:54.158364+00:00, run_after=2022-07-25T01:01:54.158364+00:00
[2022-07-25 04:01:54,168] {processor.py:161} INFO - Processing /home/hp/miniconda3/envs/airflow_env/lib/python3.8/site-packages/airflow/example_dags/example_skip_dag.py took 0.043 seconds
[2022-07-25 04:02:32,933] {processor.py:153} INFO - Started process (PID=26501) to work on /home/hp/miniconda3/envs/airflow_env/lib/python3.8/site-packages/airflow/example_dags/example_skip_dag.py
[2022-07-25 04:02:32,934] {processor.py:641} INFO - Processing file /home/hp/miniconda3/envs/airflow_env/lib/python3.8/site-packages/airflow/example_dags/example_skip_dag.py for tasks to queue
[2022-07-25 04:02:32,935] {logging_mixin.py:115} INFO - [2022-07-25 04:02:32,935] {dagbag.py:508} INFO - Filling up the DagBag from /home/hp/miniconda3/envs/airflow_env/lib/python3.8/site-packages/airflow/example_dags/example_skip_dag.py
[2022-07-25 04:02:32,942] {processor.py:651} INFO - DAG(s) dict_keys(['example_skip_dag']) retrieved from /home/hp/miniconda3/envs/airflow_env/lib/python3.8/site-packages/airflow/example_dags/example_skip_dag.py
[2022-07-25 04:02:32,953] {logging_mixin.py:115} INFO - [2022-07-25 04:02:32,953] {dag.py:2420} INFO - Sync 1 DAGs
[2022-07-25 04:02:32,962] {logging_mixin.py:115} INFO - [2022-07-25 04:02:32,962] {dag.py:2968} INFO - Setting next_dagrun for example_skip_dag to 2022-07-24T01:02:32.962723+00:00, run_after=2022-07-25T01:02:32.962723+00:00
[2022-07-25 04:02:32,972] {processor.py:161} INFO - Processing /home/hp/miniconda3/envs/airflow_env/lib/python3.8/site-packages/airflow/example_dags/example_skip_dag.py took 0.043 seconds
[2022-07-25 04:10:50,819] {processor.py:153} INFO - Started process (PID=26987) to work on /home/hp/miniconda3/envs/airflow_env/lib/python3.8/site-packages/airflow/example_dags/example_skip_dag.py
[2022-07-25 04:10:50,820] {processor.py:641} INFO - Processing file /home/hp/miniconda3/envs/airflow_env/lib/python3.8/site-packages/airflow/example_dags/example_skip_dag.py for tasks to queue
[2022-07-25 04:10:50,821] {logging_mixin.py:115} INFO - [2022-07-25 04:10:50,821] {dagbag.py:508} INFO - Filling up the DagBag from /home/hp/miniconda3/envs/airflow_env/lib/python3.8/site-packages/airflow/example_dags/example_skip_dag.py
[2022-07-25 04:10:50,828] {processor.py:651} INFO - DAG(s) dict_keys(['example_skip_dag']) retrieved from /home/hp/miniconda3/envs/airflow_env/lib/python3.8/site-packages/airflow/example_dags/example_skip_dag.py
[2022-07-25 04:10:50,838] {logging_mixin.py:115} INFO - [2022-07-25 04:10:50,838] {dag.py:2420} INFO - Sync 1 DAGs
[2022-07-25 04:10:50,848] {logging_mixin.py:115} INFO - [2022-07-25 04:10:50,848] {dag.py:2968} INFO - Setting next_dagrun for example_skip_dag to 2022-07-24T01:10:50.847976+00:00, run_after=2022-07-25T01:10:50.847976+00:00
[2022-07-25 04:10:50,858] {processor.py:161} INFO - Processing /home/hp/miniconda3/envs/airflow_env/lib/python3.8/site-packages/airflow/example_dags/example_skip_dag.py took 0.043 seconds
[2022-07-25 04:16:13,942] {processor.py:153} INFO - Started process (PID=27318) to work on /home/hp/miniconda3/envs/airflow_env/lib/python3.8/site-packages/airflow/example_dags/example_skip_dag.py
[2022-07-25 04:16:13,943] {processor.py:641} INFO - Processing file /home/hp/miniconda3/envs/airflow_env/lib/python3.8/site-packages/airflow/example_dags/example_skip_dag.py for tasks to queue
[2022-07-25 04:16:13,944] {logging_mixin.py:115} INFO - [2022-07-25 04:16:13,944] {dagbag.py:508} INFO - Filling up the DagBag from /home/hp/miniconda3/envs/airflow_env/lib/python3.8/site-packages/airflow/example_dags/example_skip_dag.py
[2022-07-25 04:16:13,951] {processor.py:651} INFO - DAG(s) dict_keys(['example_skip_dag']) retrieved from /home/hp/miniconda3/envs/airflow_env/lib/python3.8/site-packages/airflow/example_dags/example_skip_dag.py
[2022-07-25 04:16:13,961] {logging_mixin.py:115} INFO - [2022-07-25 04:16:13,961] {dag.py:2420} INFO - Sync 1 DAGs
[2022-07-25 04:16:13,970] {logging_mixin.py:115} INFO - [2022-07-25 04:16:13,970] {dag.py:2968} INFO - Setting next_dagrun for example_skip_dag to 2022-07-24T01:16:13.970759+00:00, run_after=2022-07-25T01:16:13.970759+00:00
[2022-07-25 04:16:13,980] {processor.py:161} INFO - Processing /home/hp/miniconda3/envs/airflow_env/lib/python3.8/site-packages/airflow/example_dags/example_skip_dag.py took 0.042 seconds
[2022-07-25 04:21:37,424] {processor.py:153} INFO - Started process (PID=27587) to work on /home/hp/miniconda3/envs/airflow_env/lib/python3.8/site-packages/airflow/example_dags/example_skip_dag.py
[2022-07-25 04:21:37,426] {processor.py:641} INFO - Processing file /home/hp/miniconda3/envs/airflow_env/lib/python3.8/site-packages/airflow/example_dags/example_skip_dag.py for tasks to queue
[2022-07-25 04:21:37,426] {logging_mixin.py:115} INFO - [2022-07-25 04:21:37,426] {dagbag.py:508} INFO - Filling up the DagBag from /home/hp/miniconda3/envs/airflow_env/lib/python3.8/site-packages/airflow/example_dags/example_skip_dag.py
[2022-07-25 04:21:37,433] {processor.py:651} INFO - DAG(s) dict_keys(['example_skip_dag']) retrieved from /home/hp/miniconda3/envs/airflow_env/lib/python3.8/site-packages/airflow/example_dags/example_skip_dag.py
[2022-07-25 04:21:37,444] {logging_mixin.py:115} INFO - [2022-07-25 04:21:37,444] {dag.py:2420} INFO - Sync 1 DAGs
[2022-07-25 04:21:37,453] {logging_mixin.py:115} INFO - [2022-07-25 04:21:37,453] {dag.py:2968} INFO - Setting next_dagrun for example_skip_dag to 2022-07-24T01:21:37.453617+00:00, run_after=2022-07-25T01:21:37.453617+00:00
[2022-07-25 04:21:37,463] {processor.py:161} INFO - Processing /home/hp/miniconda3/envs/airflow_env/lib/python3.8/site-packages/airflow/example_dags/example_skip_dag.py took 0.043 seconds
[2022-07-25 04:27:00,947] {processor.py:153} INFO - Started process (PID=27879) to work on /home/hp/miniconda3/envs/airflow_env/lib/python3.8/site-packages/airflow/example_dags/example_skip_dag.py
[2022-07-25 04:27:00,948] {processor.py:641} INFO - Processing file /home/hp/miniconda3/envs/airflow_env/lib/python3.8/site-packages/airflow/example_dags/example_skip_dag.py for tasks to queue
[2022-07-25 04:27:00,949] {logging_mixin.py:115} INFO - [2022-07-25 04:27:00,949] {dagbag.py:508} INFO - Filling up the DagBag from /home/hp/miniconda3/envs/airflow_env/lib/python3.8/site-packages/airflow/example_dags/example_skip_dag.py
[2022-07-25 04:27:00,954] {processor.py:651} INFO - DAG(s) dict_keys(['example_skip_dag']) retrieved from /home/hp/miniconda3/envs/airflow_env/lib/python3.8/site-packages/airflow/example_dags/example_skip_dag.py
[2022-07-25 04:27:00,966] {logging_mixin.py:115} INFO - [2022-07-25 04:27:00,966] {dag.py:2420} INFO - Sync 1 DAGs
[2022-07-25 04:27:00,975] {logging_mixin.py:115} INFO - [2022-07-25 04:27:00,975] {dag.py:2968} INFO - Setting next_dagrun for example_skip_dag to 2022-07-24T01:27:00.975291+00:00, run_after=2022-07-25T01:27:00.975291+00:00
[2022-07-25 04:27:00,985] {processor.py:161} INFO - Processing /home/hp/miniconda3/envs/airflow_env/lib/python3.8/site-packages/airflow/example_dags/example_skip_dag.py took 0.040 seconds
[2022-07-25 04:32:24,614] {processor.py:153} INFO - Started process (PID=28202) to work on /home/hp/miniconda3/envs/airflow_env/lib/python3.8/site-packages/airflow/example_dags/example_skip_dag.py
[2022-07-25 04:32:24,615] {processor.py:641} INFO - Processing file /home/hp/miniconda3/envs/airflow_env/lib/python3.8/site-packages/airflow/example_dags/example_skip_dag.py for tasks to queue
[2022-07-25 04:32:24,615] {logging_mixin.py:115} INFO - [2022-07-25 04:32:24,615] {dagbag.py:508} INFO - Filling up the DagBag from /home/hp/miniconda3/envs/airflow_env/lib/python3.8/site-packages/airflow/example_dags/example_skip_dag.py
[2022-07-25 04:32:24,619] {processor.py:651} INFO - DAG(s) dict_keys(['example_skip_dag']) retrieved from /home/hp/miniconda3/envs/airflow_env/lib/python3.8/site-packages/airflow/example_dags/example_skip_dag.py
[2022-07-25 04:32:24,628] {logging_mixin.py:115} INFO - [2022-07-25 04:32:24,628] {dag.py:2420} INFO - Sync 1 DAGs
[2022-07-25 04:32:24,638] {logging_mixin.py:115} INFO - [2022-07-25 04:32:24,638] {dag.py:2968} INFO - Setting next_dagrun for example_skip_dag to 2022-07-24T01:32:24.638770+00:00, run_after=2022-07-25T01:32:24.638770+00:00
[2022-07-25 04:32:24,649] {processor.py:161} INFO - Processing /home/hp/miniconda3/envs/airflow_env/lib/python3.8/site-packages/airflow/example_dags/example_skip_dag.py took 0.038 seconds
[2022-07-25 10:58:23,670] {processor.py:153} INFO - Started process (PID=57166) to work on /home/hp/miniconda3/envs/airflow_env/lib/python3.8/site-packages/airflow/example_dags/example_skip_dag.py
[2022-07-25 10:58:23,671] {processor.py:641} INFO - Processing file /home/hp/miniconda3/envs/airflow_env/lib/python3.8/site-packages/airflow/example_dags/example_skip_dag.py for tasks to queue
[2022-07-25 10:58:23,672] {logging_mixin.py:115} INFO - [2022-07-25 10:58:23,672] {dagbag.py:508} INFO - Filling up the DagBag from /home/hp/miniconda3/envs/airflow_env/lib/python3.8/site-packages/airflow/example_dags/example_skip_dag.py
[2022-07-25 10:58:23,679] {processor.py:651} INFO - DAG(s) dict_keys(['example_skip_dag']) retrieved from /home/hp/miniconda3/envs/airflow_env/lib/python3.8/site-packages/airflow/example_dags/example_skip_dag.py
[2022-07-25 10:58:23,689] {logging_mixin.py:115} INFO - [2022-07-25 10:58:23,689] {dag.py:2420} INFO - Sync 1 DAGs
[2022-07-25 10:58:23,696] {logging_mixin.py:115} INFO - [2022-07-25 10:58:23,696] {dag.py:2968} INFO - Setting next_dagrun for example_skip_dag to 2022-07-24T07:58:23.696779+00:00, run_after=2022-07-25T07:58:23.696779+00:00
[2022-07-25 10:58:23,705] {processor.py:161} INFO - Processing /home/hp/miniconda3/envs/airflow_env/lib/python3.8/site-packages/airflow/example_dags/example_skip_dag.py took 0.039 seconds
[2022-07-25 10:58:58,529] {processor.py:153} INFO - Started process (PID=57542) to work on /home/hp/miniconda3/envs/airflow_env/lib/python3.8/site-packages/airflow/example_dags/example_skip_dag.py
[2022-07-25 10:58:58,530] {processor.py:641} INFO - Processing file /home/hp/miniconda3/envs/airflow_env/lib/python3.8/site-packages/airflow/example_dags/example_skip_dag.py for tasks to queue
[2022-07-25 10:58:58,530] {logging_mixin.py:115} INFO - [2022-07-25 10:58:58,530] {dagbag.py:508} INFO - Filling up the DagBag from /home/hp/miniconda3/envs/airflow_env/lib/python3.8/site-packages/airflow/example_dags/example_skip_dag.py
[2022-07-25 10:58:58,533] {processor.py:651} INFO - DAG(s) dict_keys(['example_skip_dag']) retrieved from /home/hp/miniconda3/envs/airflow_env/lib/python3.8/site-packages/airflow/example_dags/example_skip_dag.py
[2022-07-25 10:58:58,545] {logging_mixin.py:115} INFO - [2022-07-25 10:58:58,545] {dag.py:2420} INFO - Sync 1 DAGs
[2022-07-25 10:58:58,553] {logging_mixin.py:115} INFO - [2022-07-25 10:58:58,553] {dag.py:2968} INFO - Setting next_dagrun for example_skip_dag to 2022-07-24T07:58:58.553025+00:00, run_after=2022-07-25T07:58:58.553025+00:00
[2022-07-25 10:58:58,561] {processor.py:161} INFO - Processing /home/hp/miniconda3/envs/airflow_env/lib/python3.8/site-packages/airflow/example_dags/example_skip_dag.py took 0.035 seconds
[2022-07-25 10:59:33,369] {processor.py:153} INFO - Started process (PID=57756) to work on /home/hp/miniconda3/envs/airflow_env/lib/python3.8/site-packages/airflow/example_dags/example_skip_dag.py
[2022-07-25 10:59:33,370] {processor.py:641} INFO - Processing file /home/hp/miniconda3/envs/airflow_env/lib/python3.8/site-packages/airflow/example_dags/example_skip_dag.py for tasks to queue
[2022-07-25 10:59:33,370] {logging_mixin.py:115} INFO - [2022-07-25 10:59:33,370] {dagbag.py:508} INFO - Filling up the DagBag from /home/hp/miniconda3/envs/airflow_env/lib/python3.8/site-packages/airflow/example_dags/example_skip_dag.py
[2022-07-25 10:59:33,377] {processor.py:651} INFO - DAG(s) dict_keys(['example_skip_dag']) retrieved from /home/hp/miniconda3/envs/airflow_env/lib/python3.8/site-packages/airflow/example_dags/example_skip_dag.py
[2022-07-25 10:59:33,387] {logging_mixin.py:115} INFO - [2022-07-25 10:59:33,387] {dag.py:2420} INFO - Sync 1 DAGs
[2022-07-25 10:59:33,395] {logging_mixin.py:115} INFO - [2022-07-25 10:59:33,395] {dag.py:2968} INFO - Setting next_dagrun for example_skip_dag to 2022-07-24T07:59:33.395085+00:00, run_after=2022-07-25T07:59:33.395085+00:00
[2022-07-25 10:59:33,403] {processor.py:161} INFO - Processing /home/hp/miniconda3/envs/airflow_env/lib/python3.8/site-packages/airflow/example_dags/example_skip_dag.py took 0.038 seconds
[2022-07-25 11:00:07,461] {processor.py:153} INFO - Started process (PID=58281) to work on /home/hp/miniconda3/envs/airflow_env/lib/python3.8/site-packages/airflow/example_dags/example_skip_dag.py
[2022-07-25 11:00:07,463] {processor.py:641} INFO - Processing file /home/hp/miniconda3/envs/airflow_env/lib/python3.8/site-packages/airflow/example_dags/example_skip_dag.py for tasks to queue
[2022-07-25 11:00:07,463] {logging_mixin.py:115} INFO - [2022-07-25 11:00:07,463] {dagbag.py:508} INFO - Filling up the DagBag from /home/hp/miniconda3/envs/airflow_env/lib/python3.8/site-packages/airflow/example_dags/example_skip_dag.py
[2022-07-25 11:00:07,471] {processor.py:651} INFO - DAG(s) dict_keys(['example_skip_dag']) retrieved from /home/hp/miniconda3/envs/airflow_env/lib/python3.8/site-packages/airflow/example_dags/example_skip_dag.py
[2022-07-25 11:00:07,482] {logging_mixin.py:115} INFO - [2022-07-25 11:00:07,482] {dag.py:2420} INFO - Sync 1 DAGs
[2022-07-25 11:00:07,490] {logging_mixin.py:115} INFO - [2022-07-25 11:00:07,490] {dag.py:2968} INFO - Setting next_dagrun for example_skip_dag to 2022-07-24T08:00:07.490250+00:00, run_after=2022-07-25T08:00:07.490250+00:00
[2022-07-25 11:00:07,498] {processor.py:161} INFO - Processing /home/hp/miniconda3/envs/airflow_env/lib/python3.8/site-packages/airflow/example_dags/example_skip_dag.py took 0.039 seconds
[2022-07-25 11:00:43,572] {processor.py:153} INFO - Started process (PID=59596) to work on /home/hp/miniconda3/envs/airflow_env/lib/python3.8/site-packages/airflow/example_dags/example_skip_dag.py
[2022-07-25 11:00:43,573] {processor.py:641} INFO - Processing file /home/hp/miniconda3/envs/airflow_env/lib/python3.8/site-packages/airflow/example_dags/example_skip_dag.py for tasks to queue
[2022-07-25 11:00:43,574] {logging_mixin.py:115} INFO - [2022-07-25 11:00:43,574] {dagbag.py:508} INFO - Filling up the DagBag from /home/hp/miniconda3/envs/airflow_env/lib/python3.8/site-packages/airflow/example_dags/example_skip_dag.py
[2022-07-25 11:00:43,581] {processor.py:651} INFO - DAG(s) dict_keys(['example_skip_dag']) retrieved from /home/hp/miniconda3/envs/airflow_env/lib/python3.8/site-packages/airflow/example_dags/example_skip_dag.py
[2022-07-25 11:00:43,592] {logging_mixin.py:115} INFO - [2022-07-25 11:00:43,592] {dag.py:2420} INFO - Sync 1 DAGs
[2022-07-25 11:00:43,599] {logging_mixin.py:115} INFO - [2022-07-25 11:00:43,599] {dag.py:2968} INFO - Setting next_dagrun for example_skip_dag to 2022-07-24T08:00:43.599559+00:00, run_after=2022-07-25T08:00:43.599559+00:00
[2022-07-25 11:00:43,607] {processor.py:161} INFO - Processing /home/hp/miniconda3/envs/airflow_env/lib/python3.8/site-packages/airflow/example_dags/example_skip_dag.py took 0.040 seconds
[2022-07-25 11:01:17,304] {processor.py:153} INFO - Started process (PID=59827) to work on /home/hp/miniconda3/envs/airflow_env/lib/python3.8/site-packages/airflow/example_dags/example_skip_dag.py
[2022-07-25 11:01:17,305] {processor.py:641} INFO - Processing file /home/hp/miniconda3/envs/airflow_env/lib/python3.8/site-packages/airflow/example_dags/example_skip_dag.py for tasks to queue
[2022-07-25 11:01:17,305] {logging_mixin.py:115} INFO - [2022-07-25 11:01:17,305] {dagbag.py:508} INFO - Filling up the DagBag from /home/hp/miniconda3/envs/airflow_env/lib/python3.8/site-packages/airflow/example_dags/example_skip_dag.py
[2022-07-25 11:01:17,308] {processor.py:651} INFO - DAG(s) dict_keys(['example_skip_dag']) retrieved from /home/hp/miniconda3/envs/airflow_env/lib/python3.8/site-packages/airflow/example_dags/example_skip_dag.py
[2022-07-25 11:01:17,315] {logging_mixin.py:115} INFO - [2022-07-25 11:01:17,315] {dag.py:2420} INFO - Sync 1 DAGs
[2022-07-25 11:01:17,324] {logging_mixin.py:115} INFO - [2022-07-25 11:01:17,324] {dag.py:2968} INFO - Setting next_dagrun for example_skip_dag to 2022-07-24T08:01:17.324016+00:00, run_after=2022-07-25T08:01:17.324016+00:00
[2022-07-25 11:01:17,333] {processor.py:161} INFO - Processing /home/hp/miniconda3/envs/airflow_env/lib/python3.8/site-packages/airflow/example_dags/example_skip_dag.py took 0.030 seconds
[2022-07-25 11:01:53,037] {processor.py:153} INFO - Started process (PID=60033) to work on /home/hp/miniconda3/envs/airflow_env/lib/python3.8/site-packages/airflow/example_dags/example_skip_dag.py
[2022-07-25 11:01:53,038] {processor.py:641} INFO - Processing file /home/hp/miniconda3/envs/airflow_env/lib/python3.8/site-packages/airflow/example_dags/example_skip_dag.py for tasks to queue
[2022-07-25 11:01:53,038] {logging_mixin.py:115} INFO - [2022-07-25 11:01:53,038] {dagbag.py:508} INFO - Filling up the DagBag from /home/hp/miniconda3/envs/airflow_env/lib/python3.8/site-packages/airflow/example_dags/example_skip_dag.py
[2022-07-25 11:01:53,042] {processor.py:651} INFO - DAG(s) dict_keys(['example_skip_dag']) retrieved from /home/hp/miniconda3/envs/airflow_env/lib/python3.8/site-packages/airflow/example_dags/example_skip_dag.py
[2022-07-25 11:01:53,051] {logging_mixin.py:115} INFO - [2022-07-25 11:01:53,050] {dag.py:2420} INFO - Sync 1 DAGs
[2022-07-25 11:01:53,060] {logging_mixin.py:115} INFO - [2022-07-25 11:01:53,060] {dag.py:2968} INFO - Setting next_dagrun for example_skip_dag to 2022-07-24T08:01:53.060476+00:00, run_after=2022-07-25T08:01:53.060476+00:00
[2022-07-25 11:01:53,069] {processor.py:161} INFO - Processing /home/hp/miniconda3/envs/airflow_env/lib/python3.8/site-packages/airflow/example_dags/example_skip_dag.py took 0.035 seconds
[2022-07-25 11:02:28,993] {processor.py:153} INFO - Started process (PID=60564) to work on /home/hp/miniconda3/envs/airflow_env/lib/python3.8/site-packages/airflow/example_dags/example_skip_dag.py
[2022-07-25 11:02:28,994] {processor.py:641} INFO - Processing file /home/hp/miniconda3/envs/airflow_env/lib/python3.8/site-packages/airflow/example_dags/example_skip_dag.py for tasks to queue
[2022-07-25 11:02:28,994] {logging_mixin.py:115} INFO - [2022-07-25 11:02:28,994] {dagbag.py:508} INFO - Filling up the DagBag from /home/hp/miniconda3/envs/airflow_env/lib/python3.8/site-packages/airflow/example_dags/example_skip_dag.py
[2022-07-25 11:02:28,996] {processor.py:651} INFO - DAG(s) dict_keys(['example_skip_dag']) retrieved from /home/hp/miniconda3/envs/airflow_env/lib/python3.8/site-packages/airflow/example_dags/example_skip_dag.py
[2022-07-25 11:02:29,005] {logging_mixin.py:115} INFO - [2022-07-25 11:02:29,005] {dag.py:2420} INFO - Sync 1 DAGs
[2022-07-25 11:02:29,014] {logging_mixin.py:115} INFO - [2022-07-25 11:02:29,014] {dag.py:2968} INFO - Setting next_dagrun for example_skip_dag to 2022-07-24T08:02:29.014341+00:00, run_after=2022-07-25T08:02:29.014341+00:00
[2022-07-25 11:02:29,025] {processor.py:161} INFO - Processing /home/hp/miniconda3/envs/airflow_env/lib/python3.8/site-packages/airflow/example_dags/example_skip_dag.py took 0.033 seconds
[2022-07-25 11:03:06,053] {processor.py:153} INFO - Started process (PID=61618) to work on /home/hp/miniconda3/envs/airflow_env/lib/python3.8/site-packages/airflow/example_dags/example_skip_dag.py
[2022-07-25 11:03:06,054] {processor.py:641} INFO - Processing file /home/hp/miniconda3/envs/airflow_env/lib/python3.8/site-packages/airflow/example_dags/example_skip_dag.py for tasks to queue
[2022-07-25 11:03:06,055] {logging_mixin.py:115} INFO - [2022-07-25 11:03:06,055] {dagbag.py:508} INFO - Filling up the DagBag from /home/hp/miniconda3/envs/airflow_env/lib/python3.8/site-packages/airflow/example_dags/example_skip_dag.py
[2022-07-25 11:03:06,059] {processor.py:651} INFO - DAG(s) dict_keys(['example_skip_dag']) retrieved from /home/hp/miniconda3/envs/airflow_env/lib/python3.8/site-packages/airflow/example_dags/example_skip_dag.py
[2022-07-25 11:03:06,068] {logging_mixin.py:115} INFO - [2022-07-25 11:03:06,068] {dag.py:2420} INFO - Sync 1 DAGs
[2022-07-25 11:03:06,075] {logging_mixin.py:115} INFO - [2022-07-25 11:03:06,075] {dag.py:2968} INFO - Setting next_dagrun for example_skip_dag to 2022-07-24T08:03:06.075743+00:00, run_after=2022-07-25T08:03:06.075743+00:00
[2022-07-25 11:03:06,084] {processor.py:161} INFO - Processing /home/hp/miniconda3/envs/airflow_env/lib/python3.8/site-packages/airflow/example_dags/example_skip_dag.py took 0.035 seconds
[2022-07-25 11:03:40,637] {processor.py:153} INFO - Started process (PID=61812) to work on /home/hp/miniconda3/envs/airflow_env/lib/python3.8/site-packages/airflow/example_dags/example_skip_dag.py
[2022-07-25 11:03:40,638] {processor.py:641} INFO - Processing file /home/hp/miniconda3/envs/airflow_env/lib/python3.8/site-packages/airflow/example_dags/example_skip_dag.py for tasks to queue
[2022-07-25 11:03:40,638] {logging_mixin.py:115} INFO - [2022-07-25 11:03:40,638] {dagbag.py:508} INFO - Filling up the DagBag from /home/hp/miniconda3/envs/airflow_env/lib/python3.8/site-packages/airflow/example_dags/example_skip_dag.py
[2022-07-25 11:03:40,641] {processor.py:651} INFO - DAG(s) dict_keys(['example_skip_dag']) retrieved from /home/hp/miniconda3/envs/airflow_env/lib/python3.8/site-packages/airflow/example_dags/example_skip_dag.py
[2022-07-25 11:03:40,652] {logging_mixin.py:115} INFO - [2022-07-25 11:03:40,652] {dag.py:2420} INFO - Sync 1 DAGs
[2022-07-25 11:03:40,660] {logging_mixin.py:115} INFO - [2022-07-25 11:03:40,660] {dag.py:2968} INFO - Setting next_dagrun for example_skip_dag to 2022-07-24T08:03:40.660322+00:00, run_after=2022-07-25T08:03:40.660322+00:00
[2022-07-25 11:03:40,669] {processor.py:161} INFO - Processing /home/hp/miniconda3/envs/airflow_env/lib/python3.8/site-packages/airflow/example_dags/example_skip_dag.py took 0.036 seconds
[2022-07-25 11:04:16,722] {processor.py:153} INFO - Started process (PID=62059) to work on /home/hp/miniconda3/envs/airflow_env/lib/python3.8/site-packages/airflow/example_dags/example_skip_dag.py
[2022-07-25 11:04:16,723] {processor.py:641} INFO - Processing file /home/hp/miniconda3/envs/airflow_env/lib/python3.8/site-packages/airflow/example_dags/example_skip_dag.py for tasks to queue
[2022-07-25 11:04:16,723] {logging_mixin.py:115} INFO - [2022-07-25 11:04:16,723] {dagbag.py:508} INFO - Filling up the DagBag from /home/hp/miniconda3/envs/airflow_env/lib/python3.8/site-packages/airflow/example_dags/example_skip_dag.py
[2022-07-25 11:04:16,726] {processor.py:651} INFO - DAG(s) dict_keys(['example_skip_dag']) retrieved from /home/hp/miniconda3/envs/airflow_env/lib/python3.8/site-packages/airflow/example_dags/example_skip_dag.py
[2022-07-25 11:04:16,735] {logging_mixin.py:115} INFO - [2022-07-25 11:04:16,735] {dag.py:2420} INFO - Sync 1 DAGs
[2022-07-25 11:04:16,743] {logging_mixin.py:115} INFO - [2022-07-25 11:04:16,743] {dag.py:2968} INFO - Setting next_dagrun for example_skip_dag to 2022-07-24T08:04:16.743335+00:00, run_after=2022-07-25T08:04:16.743335+00:00
[2022-07-25 11:04:16,753] {processor.py:161} INFO - Processing /home/hp/miniconda3/envs/airflow_env/lib/python3.8/site-packages/airflow/example_dags/example_skip_dag.py took 0.032 seconds
[2022-07-25 11:04:50,969] {processor.py:153} INFO - Started process (PID=62382) to work on /home/hp/miniconda3/envs/airflow_env/lib/python3.8/site-packages/airflow/example_dags/example_skip_dag.py
[2022-07-25 11:04:50,970] {processor.py:641} INFO - Processing file /home/hp/miniconda3/envs/airflow_env/lib/python3.8/site-packages/airflow/example_dags/example_skip_dag.py for tasks to queue
[2022-07-25 11:04:50,970] {logging_mixin.py:115} INFO - [2022-07-25 11:04:50,970] {dagbag.py:508} INFO - Filling up the DagBag from /home/hp/miniconda3/envs/airflow_env/lib/python3.8/site-packages/airflow/example_dags/example_skip_dag.py
[2022-07-25 11:04:50,972] {processor.py:651} INFO - DAG(s) dict_keys(['example_skip_dag']) retrieved from /home/hp/miniconda3/envs/airflow_env/lib/python3.8/site-packages/airflow/example_dags/example_skip_dag.py
[2022-07-25 11:04:50,980] {logging_mixin.py:115} INFO - [2022-07-25 11:04:50,980] {dag.py:2420} INFO - Sync 1 DAGs
[2022-07-25 11:04:50,989] {logging_mixin.py:115} INFO - [2022-07-25 11:04:50,988] {dag.py:2968} INFO - Setting next_dagrun for example_skip_dag to 2022-07-24T08:04:50.988879+00:00, run_after=2022-07-25T08:04:50.988879+00:00
[2022-07-25 11:04:51,003] {processor.py:161} INFO - Processing /home/hp/miniconda3/envs/airflow_env/lib/python3.8/site-packages/airflow/example_dags/example_skip_dag.py took 0.036 seconds
[2022-07-25 11:05:25,888] {processor.py:153} INFO - Started process (PID=62632) to work on /home/hp/miniconda3/envs/airflow_env/lib/python3.8/site-packages/airflow/example_dags/example_skip_dag.py
[2022-07-25 11:05:25,889] {processor.py:641} INFO - Processing file /home/hp/miniconda3/envs/airflow_env/lib/python3.8/site-packages/airflow/example_dags/example_skip_dag.py for tasks to queue
[2022-07-25 11:05:25,889] {logging_mixin.py:115} INFO - [2022-07-25 11:05:25,889] {dagbag.py:508} INFO - Filling up the DagBag from /home/hp/miniconda3/envs/airflow_env/lib/python3.8/site-packages/airflow/example_dags/example_skip_dag.py
[2022-07-25 11:05:25,896] {processor.py:651} INFO - DAG(s) dict_keys(['example_skip_dag']) retrieved from /home/hp/miniconda3/envs/airflow_env/lib/python3.8/site-packages/airflow/example_dags/example_skip_dag.py
[2022-07-25 11:05:25,907] {logging_mixin.py:115} INFO - [2022-07-25 11:05:25,907] {dag.py:2420} INFO - Sync 1 DAGs
[2022-07-25 11:05:25,915] {logging_mixin.py:115} INFO - [2022-07-25 11:05:25,915] {dag.py:2968} INFO - Setting next_dagrun for example_skip_dag to 2022-07-24T08:05:25.915244+00:00, run_after=2022-07-25T08:05:25.915244+00:00
[2022-07-25 11:05:25,925] {processor.py:161} INFO - Processing /home/hp/miniconda3/envs/airflow_env/lib/python3.8/site-packages/airflow/example_dags/example_skip_dag.py took 0.038 seconds
[2022-07-25 11:06:00,351] {processor.py:153} INFO - Started process (PID=62882) to work on /home/hp/miniconda3/envs/airflow_env/lib/python3.8/site-packages/airflow/example_dags/example_skip_dag.py
[2022-07-25 11:06:00,351] {processor.py:641} INFO - Processing file /home/hp/miniconda3/envs/airflow_env/lib/python3.8/site-packages/airflow/example_dags/example_skip_dag.py for tasks to queue
[2022-07-25 11:06:00,352] {logging_mixin.py:115} INFO - [2022-07-25 11:06:00,352] {dagbag.py:508} INFO - Filling up the DagBag from /home/hp/miniconda3/envs/airflow_env/lib/python3.8/site-packages/airflow/example_dags/example_skip_dag.py
[2022-07-25 11:06:00,358] {processor.py:651} INFO - DAG(s) dict_keys(['example_skip_dag']) retrieved from /home/hp/miniconda3/envs/airflow_env/lib/python3.8/site-packages/airflow/example_dags/example_skip_dag.py
[2022-07-25 11:06:00,365] {logging_mixin.py:115} INFO - [2022-07-25 11:06:00,365] {dag.py:2420} INFO - Sync 1 DAGs
[2022-07-25 11:06:00,373] {logging_mixin.py:115} INFO - [2022-07-25 11:06:00,373] {dag.py:2968} INFO - Setting next_dagrun for example_skip_dag to 2022-07-24T08:06:00.372941+00:00, run_after=2022-07-25T08:06:00.372941+00:00
[2022-07-25 11:06:00,382] {processor.py:161} INFO - Processing /home/hp/miniconda3/envs/airflow_env/lib/python3.8/site-packages/airflow/example_dags/example_skip_dag.py took 0.033 seconds
[2022-07-25 11:06:35,144] {processor.py:153} INFO - Started process (PID=63194) to work on /home/hp/miniconda3/envs/airflow_env/lib/python3.8/site-packages/airflow/example_dags/example_skip_dag.py
[2022-07-25 11:06:35,144] {processor.py:641} INFO - Processing file /home/hp/miniconda3/envs/airflow_env/lib/python3.8/site-packages/airflow/example_dags/example_skip_dag.py for tasks to queue
[2022-07-25 11:06:35,145] {logging_mixin.py:115} INFO - [2022-07-25 11:06:35,145] {dagbag.py:508} INFO - Filling up the DagBag from /home/hp/miniconda3/envs/airflow_env/lib/python3.8/site-packages/airflow/example_dags/example_skip_dag.py
[2022-07-25 11:06:35,147] {processor.py:651} INFO - DAG(s) dict_keys(['example_skip_dag']) retrieved from /home/hp/miniconda3/envs/airflow_env/lib/python3.8/site-packages/airflow/example_dags/example_skip_dag.py
[2022-07-25 11:06:35,155] {logging_mixin.py:115} INFO - [2022-07-25 11:06:35,155] {dag.py:2420} INFO - Sync 1 DAGs
[2022-07-25 11:06:35,163] {logging_mixin.py:115} INFO - [2022-07-25 11:06:35,163] {dag.py:2968} INFO - Setting next_dagrun for example_skip_dag to 2022-07-24T08:06:35.163679+00:00, run_after=2022-07-25T08:06:35.163679+00:00
[2022-07-25 11:06:35,173] {processor.py:161} INFO - Processing /home/hp/miniconda3/envs/airflow_env/lib/python3.8/site-packages/airflow/example_dags/example_skip_dag.py took 0.031 seconds
[2022-07-25 11:07:09,834] {processor.py:153} INFO - Started process (PID=63415) to work on /home/hp/miniconda3/envs/airflow_env/lib/python3.8/site-packages/airflow/example_dags/example_skip_dag.py
[2022-07-25 11:07:09,834] {processor.py:641} INFO - Processing file /home/hp/miniconda3/envs/airflow_env/lib/python3.8/site-packages/airflow/example_dags/example_skip_dag.py for tasks to queue
[2022-07-25 11:07:09,834] {logging_mixin.py:115} INFO - [2022-07-25 11:07:09,834] {dagbag.py:508} INFO - Filling up the DagBag from /home/hp/miniconda3/envs/airflow_env/lib/python3.8/site-packages/airflow/example_dags/example_skip_dag.py
[2022-07-25 11:07:09,836] {processor.py:651} INFO - DAG(s) dict_keys(['example_skip_dag']) retrieved from /home/hp/miniconda3/envs/airflow_env/lib/python3.8/site-packages/airflow/example_dags/example_skip_dag.py
[2022-07-25 11:07:09,843] {logging_mixin.py:115} INFO - [2022-07-25 11:07:09,843] {dag.py:2420} INFO - Sync 1 DAGs
[2022-07-25 11:07:09,851] {logging_mixin.py:115} INFO - [2022-07-25 11:07:09,851] {dag.py:2968} INFO - Setting next_dagrun for example_skip_dag to 2022-07-24T08:07:09.851558+00:00, run_after=2022-07-25T08:07:09.851558+00:00
[2022-07-25 11:07:09,862] {processor.py:161} INFO - Processing /home/hp/miniconda3/envs/airflow_env/lib/python3.8/site-packages/airflow/example_dags/example_skip_dag.py took 0.030 seconds
[2022-07-25 11:07:44,893] {processor.py:153} INFO - Started process (PID=63774) to work on /home/hp/miniconda3/envs/airflow_env/lib/python3.8/site-packages/airflow/example_dags/example_skip_dag.py
[2022-07-25 11:07:44,894] {processor.py:641} INFO - Processing file /home/hp/miniconda3/envs/airflow_env/lib/python3.8/site-packages/airflow/example_dags/example_skip_dag.py for tasks to queue
[2022-07-25 11:07:44,895] {logging_mixin.py:115} INFO - [2022-07-25 11:07:44,895] {dagbag.py:508} INFO - Filling up the DagBag from /home/hp/miniconda3/envs/airflow_env/lib/python3.8/site-packages/airflow/example_dags/example_skip_dag.py
[2022-07-25 11:07:44,902] {processor.py:651} INFO - DAG(s) dict_keys(['example_skip_dag']) retrieved from /home/hp/miniconda3/envs/airflow_env/lib/python3.8/site-packages/airflow/example_dags/example_skip_dag.py
[2022-07-25 11:07:44,912] {logging_mixin.py:115} INFO - [2022-07-25 11:07:44,912] {dag.py:2420} INFO - Sync 1 DAGs
[2022-07-25 11:07:44,920] {logging_mixin.py:115} INFO - [2022-07-25 11:07:44,920] {dag.py:2968} INFO - Setting next_dagrun for example_skip_dag to 2022-07-24T08:07:44.920377+00:00, run_after=2022-07-25T08:07:44.920377+00:00
[2022-07-25 11:07:44,930] {processor.py:161} INFO - Processing /home/hp/miniconda3/envs/airflow_env/lib/python3.8/site-packages/airflow/example_dags/example_skip_dag.py took 0.040 seconds
[2022-07-25 11:08:19,814] {processor.py:153} INFO - Started process (PID=64014) to work on /home/hp/miniconda3/envs/airflow_env/lib/python3.8/site-packages/airflow/example_dags/example_skip_dag.py
[2022-07-25 11:08:19,815] {processor.py:641} INFO - Processing file /home/hp/miniconda3/envs/airflow_env/lib/python3.8/site-packages/airflow/example_dags/example_skip_dag.py for tasks to queue
[2022-07-25 11:08:19,815] {logging_mixin.py:115} INFO - [2022-07-25 11:08:19,815] {dagbag.py:508} INFO - Filling up the DagBag from /home/hp/miniconda3/envs/airflow_env/lib/python3.8/site-packages/airflow/example_dags/example_skip_dag.py
[2022-07-25 11:08:19,818] {processor.py:651} INFO - DAG(s) dict_keys(['example_skip_dag']) retrieved from /home/hp/miniconda3/envs/airflow_env/lib/python3.8/site-packages/airflow/example_dags/example_skip_dag.py
[2022-07-25 11:08:19,828] {logging_mixin.py:115} INFO - [2022-07-25 11:08:19,828] {dag.py:2420} INFO - Sync 1 DAGs
[2022-07-25 11:08:19,836] {logging_mixin.py:115} INFO - [2022-07-25 11:08:19,836] {dag.py:2968} INFO - Setting next_dagrun for example_skip_dag to 2022-07-24T08:08:19.835910+00:00, run_after=2022-07-25T08:08:19.835910+00:00
[2022-07-25 11:08:19,846] {processor.py:161} INFO - Processing /home/hp/miniconda3/envs/airflow_env/lib/python3.8/site-packages/airflow/example_dags/example_skip_dag.py took 0.034 seconds
                                                                                                                                                                                                                                                                                                                                                                                                                                                                                                                                                                                                                                                                                                                                                                                                                                                                                                                                                                                                                                                                                                                                                                                                                                                                                                                                                                                                                       