[2022-07-25 03:03:01,466] {processor.py:153} INFO - Started process (PID=21026) to work on /home/hp/miniconda3/envs/airflow_env/lib/python3.8/site-packages/airflow/example_dags/example_trigger_target_dag.py
[2022-07-25 03:03:01,466] {processor.py:641} INFO - Processing file /home/hp/miniconda3/envs/airflow_env/lib/python3.8/site-packages/airflow/example_dags/example_trigger_target_dag.py for tasks to queue
[2022-07-25 03:03:01,467] {logging_mixin.py:115} INFO - [2022-07-25 03:03:01,467] {dagbag.py:508} INFO - Filling up the DagBag from /home/hp/miniconda3/envs/airflow_env/lib/python3.8/site-packages/airflow/example_dags/example_trigger_target_dag.py
[2022-07-25 03:03:01,480] {processor.py:651} INFO - DAG(s) dict_keys(['example_trigger_target_dag']) retrieved from /home/hp/miniconda3/envs/airflow_env/lib/python3.8/site-packages/airflow/example_dags/example_trigger_target_dag.py
[2022-07-25 03:03:01,490] {logging_mixin.py:115} INFO - [2022-07-25 03:03:01,490] {dag.py:2420} INFO - Sync 1 DAGs
[2022-07-25 03:03:01,502] {logging_mixin.py:115} INFO - [2022-07-25 03:03:01,502] {dag.py:2968} INFO - Setting next_dagrun for example_trigger_target_dag to None, run_after=None
[2022-07-25 03:03:01,831] {processor.py:161} INFO - Processing /home/hp/miniconda3/envs/airflow_env/lib/python3.8/site-packages/airflow/example_dags/example_trigger_target_dag.py took 0.369 seconds
[2022-07-25 03:07:40,139] {processor.py:153} INFO - Started process (PID=21551) to work on /home/hp/miniconda3/envs/airflow_env/lib/python3.8/site-packages/airflow/example_dags/example_trigger_target_dag.py
[2022-07-25 03:07:40,141] {processor.py:641} INFO - Processing file /home/hp/miniconda3/envs/airflow_env/lib/python3.8/site-packages/airflow/example_dags/example_trigger_target_dag.py for tasks to queue
[2022-07-25 03:07:40,141] {logging_mixin.py:115} INFO - [2022-07-25 03:07:40,141] {dagbag.py:508} INFO - Filling up the DagBag from /home/hp/miniconda3/envs/airflow_env/lib/python3.8/site-packages/airflow/example_dags/example_trigger_target_dag.py
[2022-07-25 03:07:40,155] {processor.py:651} INFO - DAG(s) dict_keys(['example_trigger_target_dag']) retrieved from /home/hp/miniconda3/envs/airflow_env/lib/python3.8/site-packages/airflow/example_dags/example_trigger_target_dag.py
[2022-07-25 03:07:40,163] {logging_mixin.py:115} INFO - [2022-07-25 03:07:40,163] {dag.py:2420} INFO - Sync 1 DAGs
[2022-07-25 03:07:40,173] {logging_mixin.py:115} INFO - [2022-07-25 03:07:40,173] {dag.py:2968} INFO - Setting next_dagrun for example_trigger_target_dag to None, run_after=None
[2022-07-25 03:12:31,410] {processor.py:161} INFO - Processing /home/hp/miniconda3/envs/airflow_env/lib/python3.8/site-packages/airflow/example_dags/example_trigger_target_dag.py took 1.090 seconds
[2022-07-25 03:17:55,381] {processor.py:153} INFO - Started process (PID=22196) to work on /home/hp/miniconda3/envs/airflow_env/lib/python3.8/site-packages/airflow/example_dags/example_trigger_target_dag.py
[2022-07-25 03:17:55,382] {processor.py:641} INFO - Processing file /home/hp/miniconda3/envs/airflow_env/lib/python3.8/site-packages/airflow/example_dags/example_trigger_target_dag.py for tasks to queue
[2022-07-25 03:17:55,383] {logging_mixin.py:115} INFO - [2022-07-25 03:17:55,383] {dagbag.py:508} INFO - Filling up the DagBag from /home/hp/miniconda3/envs/airflow_env/lib/python3.8/site-packages/airflow/example_dags/example_trigger_target_dag.py
[2022-07-25 03:17:55,399] {processor.py:651} INFO - DAG(s) dict_keys(['example_trigger_target_dag']) retrieved from /home/hp/miniconda3/envs/airflow_env/lib/python3.8/site-packages/airflow/example_dags/example_trigger_target_dag.py
[2022-07-25 03:17:55,409] {logging_mixin.py:115} INFO - [2022-07-25 03:17:55,408] {dag.py:2420} INFO - Sync 1 DAGs
[2022-07-25 03:17:55,422] {logging_mixin.py:115} INFO - [2022-07-25 03:17:55,421] {dag.py:2968} INFO - Setting next_dagrun for example_trigger_target_dag to None, run_after=None
[2022-07-25 03:17:55,431] {processor.py:161} INFO - Processing /home/hp/miniconda3/envs/airflow_env/lib/python3.8/site-packages/airflow/example_dags/example_trigger_target_dag.py took 0.055 seconds
[2022-07-25 03:23:17,002] {processor.py:153} INFO - Started process (PID=22680) to work on /home/hp/miniconda3/envs/airflow_env/lib/python3.8/site-packages/airflow/example_dags/example_trigger_target_dag.py
[2022-07-25 03:23:17,003] {processor.py:641} INFO - Processing file /home/hp/miniconda3/envs/airflow_env/lib/python3.8/site-packages/airflow/example_dags/example_trigger_target_dag.py for tasks to queue
[2022-07-25 03:23:17,003] {logging_mixin.py:115} INFO - [2022-07-25 03:23:17,003] {dagbag.py:508} INFO - Filling up the DagBag from /home/hp/miniconda3/envs/airflow_env/lib/python3.8/site-packages/airflow/example_dags/example_trigger_target_dag.py
[2022-07-25 03:23:17,012] {processor.py:651} INFO - DAG(s) dict_keys(['example_trigger_target_dag']) retrieved from /home/hp/miniconda3/envs/airflow_env/lib/python3.8/site-packages/airflow/example_dags/example_trigger_target_dag.py
[2022-07-25 03:23:17,023] {logging_mixin.py:115} INFO - [2022-07-25 03:23:17,023] {dag.py:2420} INFO - Sync 1 DAGs
[2022-07-25 03:23:17,037] {logging_mixin.py:115} INFO - [2022-07-25 03:23:17,037] {dag.py:2968} INFO - Setting next_dagrun for example_trigger_target_dag to None, run_after=None
[2022-07-25 03:23:17,046] {processor.py:161} INFO - Processing /home/hp/miniconda3/envs/airflow_env/lib/python3.8/site-packages/airflow/example_dags/example_trigger_target_dag.py took 0.046 seconds
[2022-07-25 03:28:40,788] {processor.py:153} INFO - Started process (PID=23138) to work on /home/hp/miniconda3/envs/airflow_env/lib/python3.8/site-packages/airflow/example_dags/example_trigger_target_dag.py
[2022-07-25 03:28:40,789] {processor.py:641} INFO - Processing file /home/hp/miniconda3/envs/airflow_env/lib/python3.8/site-packages/airflow/example_dags/example_trigger_target_dag.py for tasks to queue
[2022-07-25 03:28:40,790] {logging_mixin.py:115} INFO - [2022-07-25 03:28:40,790] {dagbag.py:508} INFO - Filling up the DagBag from /home/hp/miniconda3/envs/airflow_env/lib/python3.8/site-packages/airflow/example_dags/example_trigger_target_dag.py
[2022-07-25 03:28:40,804] {processor.py:651} INFO - DAG(s) dict_keys(['example_trigger_target_dag']) retrieved from /home/hp/miniconda3/envs/airflow_env/lib/python3.8/site-packages/airflow/example_dags/example_trigger_target_dag.py
[2022-07-25 03:28:40,813] {logging_mixin.py:115} INFO - [2022-07-25 03:28:40,813] {dag.py:2420} INFO - Sync 1 DAGs
[2022-07-25 03:28:40,824] {logging_mixin.py:115} INFO - [2022-07-25 03:28:40,824] {dag.py:2968} INFO - Setting next_dagrun for example_trigger_target_dag to None, run_after=None
[2022-07-25 03:28:40,835] {processor.py:161} INFO - Processing /home/hp/miniconda3/envs/airflow_env/lib/python3.8/site-packages/airflow/example_dags/example_trigger_target_dag.py took 0.051 seconds
[2022-07-25 03:30:51,304] {processor.py:153} INFO - Started process (PID=23636) to work on /home/hp/miniconda3/envs/airflow_env/lib/python3.8/site-packages/airflow/example_dags/example_trigger_target_dag.py
[2022-07-25 03:30:51,305] {processor.py:641} INFO - Processing file /home/hp/miniconda3/envs/airflow_env/lib/python3.8/site-packages/airflow/example_dags/example_trigger_target_dag.py for tasks to queue
[2022-07-25 03:30:51,306] {logging_mixin.py:115} INFO - [2022-07-25 03:30:51,306] {dagbag.py:508} INFO - Filling up the DagBag from /home/hp/miniconda3/envs/airflow_env/lib/python3.8/site-packages/airflow/example_dags/example_trigger_target_dag.py
[2022-07-25 03:30:51,320] {processor.py:651} INFO - DAG(s) dict_keys(['example_trigger_target_dag']) retrieved from /home/hp/miniconda3/envs/airflow_env/lib/python3.8/site-packages/airflow/example_dags/example_trigger_target_dag.py
[2022-07-25 03:30:51,328] {logging_mixin.py:115} INFO - [2022-07-25 03:30:51,328] {dag.py:2420} INFO - Sync 1 DAGs
[2022-07-25 03:30:51,338] {logging_mixin.py:115} INFO - [2022-07-25 03:30:51,338] {dag.py:2968} INFO - Setting next_dagrun for example_trigger_target_dag to None, run_after=None
[2022-07-25 03:30:51,350] {processor.py:161} INFO - Processing /home/hp/miniconda3/envs/airflow_env/lib/python3.8/site-packages/airflow/example_dags/example_trigger_target_dag.py took 0.050 seconds
[2022-07-25 03:34:09,828] {processor.py:153} INFO - Started process (PID=24054) to work on /home/hp/miniconda3/envs/airflow_env/lib/python3.8/site-packages/airflow/example_dags/example_trigger_target_dag.py
[2022-07-25 03:34:09,829] {processor.py:641} INFO - Processing file /home/hp/miniconda3/envs/airflow_env/lib/python3.8/site-packages/airflow/example_dags/example_trigger_target_dag.py for tasks to queue
[2022-07-25 03:34:09,830] {logging_mixin.py:115} INFO - [2022-07-25 03:34:09,830] {dagbag.py:508} INFO - Filling up the DagBag from /home/hp/miniconda3/envs/airflow_env/lib/python3.8/site-packages/airflow/example_dags/example_trigger_target_dag.py
[2022-07-25 03:34:09,844] {processor.py:651} INFO - DAG(s) dict_keys(['example_trigger_target_dag']) retrieved from /home/hp/miniconda3/envs/airflow_env/lib/python3.8/site-packages/airflow/example_dags/example_trigger_target_dag.py
[2022-07-25 03:34:09,853] {logging_mixin.py:115} INFO - [2022-07-25 03:34:09,853] {dag.py:2420} INFO - Sync 1 DAGs
[2022-07-25 03:34:09,862] {logging_mixin.py:115} INFO - [2022-07-25 03:34:09,862] {dag.py:2968} INFO - Setting next_dagrun for example_trigger_target_dag to None, run_after=None
[2022-07-25 03:34:09,872] {processor.py:161} INFO - Processing /home/hp/miniconda3/envs/airflow_env/lib/python3.8/site-packages/airflow/example_dags/example_trigger_target_dag.py took 0.048 seconds
[2022-07-25 03:44:23,332] {processor.py:153} INFO - Started process (PID=24706) to work on /home/hp/miniconda3/envs/airflow_env/lib/python3.8/site-packages/airflow/example_dags/example_trigger_target_dag.py
[2022-07-25 03:44:23,334] {processor.py:641} INFO - Processing file /home/hp/miniconda3/envs/airflow_env/lib/python3.8/site-packages/airflow/example_dags/example_trigger_target_dag.py for tasks to queue
[2022-07-25 03:44:23,334] {logging_mixin.py:115} INFO - [2022-07-25 03:44:23,334] {dagbag.py:508} INFO - Filling up the DagBag from /home/hp/miniconda3/envs/airflow_env/lib/python3.8/site-packages/airflow/example_dags/example_trigger_target_dag.py
[2022-07-25 03:44:23,350] {processor.py:651} INFO - DAG(s) dict_keys(['example_trigger_target_dag']) retrieved from /home/hp/miniconda3/envs/airflow_env/lib/python3.8/site-packages/airflow/example_dags/example_trigger_target_dag.py
[2022-07-25 03:44:23,358] {logging_mixin.py:115} INFO - [2022-07-25 03:44:23,358] {dag.py:2420} INFO - Sync 1 DAGs
[2022-07-25 03:44:23,367] {logging_mixin.py:115} INFO - [2022-07-25 03:44:23,367] {dag.py:2968} INFO - Setting next_dagrun for example_trigger_target_dag to None, run_after=None
[2022-07-25 03:44:23,378] {processor.py:161} INFO - Processing /home/hp/miniconda3/envs/airflow_env/lib/python3.8/site-packages/airflow/example_dags/example_trigger_target_dag.py took 0.050 seconds
[2022-07-25 03:49:45,767] {processor.py:153} INFO - Started process (PID=25109) to work on /home/hp/miniconda3/envs/airflow_env/lib/python3.8/site-packages/airflow/example_dags/example_trigger_target_dag.py
[2022-07-25 03:49:45,768] {processor.py:641} INFO - Processing file /home/hp/miniconda3/envs/airflow_env/lib/python3.8/site-packages/airflow/example_dags/example_trigger_target_dag.py for tasks to queue
[2022-07-25 03:49:45,769] {logging_mixin.py:115} INFO - [2022-07-25 03:49:45,769] {dagbag.py:508} INFO - Filling up the DagBag from /home/hp/miniconda3/envs/airflow_env/lib/python3.8/site-packages/airflow/example_dags/example_trigger_target_dag.py
[2022-07-25 03:49:45,785] {processor.py:651} INFO - DAG(s) dict_keys(['example_trigger_target_dag']) retrieved from /home/hp/miniconda3/envs/airflow_env/lib/python3.8/site-packages/airflow/example_dags/example_trigger_target_dag.py
[2022-07-25 03:49:45,792] {logging_mixin.py:115} INFO - [2022-07-25 03:49:45,792] {dag.py:2420} INFO - Sync 1 DAGs
[2022-07-25 03:49:45,801] {logging_mixin.py:115} INFO - [2022-07-25 03:49:45,801] {dag.py:2968} INFO - Setting next_dagrun for example_trigger_target_dag to None, run_after=None
[2022-07-25 03:49:45,811] {processor.py:161} INFO - Processing /home/hp/miniconda3/envs/airflow_env/lib/python3.8/site-packages/airflow/example_dags/example_trigger_target_dag.py took 0.048 seconds
[2022-07-25 03:55:08,724] {processor.py:153} INFO - Started process (PID=25465) to work on /home/hp/miniconda3/envs/airflow_env/lib/python3.8/site-packages/airflow/example_dags/example_trigger_target_dag.py
[2022-07-25 03:55:08,725] {processor.py:641} INFO - Processing file /home/hp/miniconda3/envs/airflow_env/lib/python3.8/site-packages/airflow/example_dags/example_trigger_target_dag.py for tasks to queue
[2022-07-25 03:55:08,725] {logging_mixin.py:115} INFO - [2022-07-25 03:55:08,725] {dagbag.py:508} INFO - Filling up the DagBag from /home/hp/miniconda3/envs/airflow_env/lib/python3.8/site-packages/airflow/example_dags/example_trigger_target_dag.py
[2022-07-25 03:55:08,740] {processor.py:651} INFO - DAG(s) dict_keys(['example_trigger_target_dag']) retrieved from /home/hp/miniconda3/envs/airflow_env/lib/python3.8/site-packages/airflow/example_dags/example_trigger_target_dag.py
[2022-07-25 03:55:08,748] {logging_mixin.py:115} INFO - [2022-07-25 03:55:08,748] {dag.py:2420} INFO - Sync 1 DAGs
[2022-07-25 03:55:08,757] {logging_mixin.py:115} INFO - [2022-07-25 03:55:08,757] {dag.py:2968} INFO - Setting next_dagrun for example_trigger_target_dag to None, run_after=None
[2022-07-25 03:55:08,766] {processor.py:161} INFO - Processing /home/hp/miniconda3/envs/airflow_env/lib/python3.8/site-packages/airflow/example_dags/example_trigger_target_dag.py took 0.045 seconds
[2022-07-25 04:00:29,975] {processor.py:153} INFO - Started process (PID=25804) to work on /home/hp/miniconda3/envs/airflow_env/lib/python3.8/site-packages/airflow/example_dags/example_trigger_target_dag.py
[2022-07-25 04:00:29,977] {processor.py:641} INFO - Processing file /home/hp/miniconda3/envs/airflow_env/lib/python3.8/site-packages/airflow/example_dags/example_trigger_target_dag.py for tasks to queue
[2022-07-25 04:00:29,978] {logging_mixin.py:115} INFO - [2022-07-25 04:00:29,977] {dagbag.py:508} INFO - Filling up the DagBag from /home/hp/miniconda3/envs/airflow_env/lib/python3.8/site-packages/airflow/example_dags/example_trigger_target_dag.py
[2022-07-25 04:00:29,995] {processor.py:651} INFO - DAG(s) dict_keys(['example_trigger_target_dag']) retrieved from /home/hp/miniconda3/envs/airflow_env/lib/python3.8/site-packages/airflow/example_dags/example_trigger_target_dag.py
[2022-07-25 04:00:30,004] {logging_mixin.py:115} INFO - [2022-07-25 04:00:30,004] {dag.py:2420} INFO - Sync 1 DAGs
[2022-07-25 04:00:30,019] {logging_mixin.py:115} INFO - [2022-07-25 04:00:30,019] {dag.py:2968} INFO - Setting next_dagrun for example_trigger_target_dag to None, run_after=None
[2022-07-25 04:00:30,031] {processor.py:161} INFO - Processing /home/hp/miniconda3/envs/airflow_env/lib/python3.8/site-packages/airflow/example_dags/example_trigger_target_dag.py took 0.060 seconds
[2022-07-25 04:01:10,638] {processor.py:153} INFO - Started process (PID=26034) to work on /home/hp/miniconda3/envs/airflow_env/lib/python3.8/site-packages/airflow/example_dags/example_trigger_target_dag.py
[2022-07-25 04:01:10,640] {processor.py:641} INFO - Processing file /home/hp/miniconda3/envs/airflow_env/lib/python3.8/site-packages/airflow/example_dags/example_trigger_target_dag.py for tasks to queue
[2022-07-25 04:01:10,640] {logging_mixin.py:115} INFO - [2022-07-25 04:01:10,640] {dagbag.py:508} INFO - Filling up the DagBag from /home/hp/miniconda3/envs/airflow_env/lib/python3.8/site-packages/airflow/example_dags/example_trigger_target_dag.py
[2022-07-25 04:01:10,653] {processor.py:651} INFO - DAG(s) dict_keys(['example_trigger_target_dag']) retrieved from /home/hp/miniconda3/envs/airflow_env/lib/python3.8/site-packages/airflow/example_dags/example_trigger_target_dag.py
[2022-07-25 04:01:10,661] {logging_mixin.py:115} INFO - [2022-07-25 04:01:10,661] {dag.py:2420} INFO - Sync 1 DAGs
[2022-07-25 04:01:10,670] {logging_mixin.py:115} INFO - [2022-07-25 04:01:10,670] {dag.py:2968} INFO - Setting next_dagrun for example_trigger_target_dag to None, run_after=None
[2022-07-25 04:01:10,681] {processor.py:161} INFO - Processing /home/hp/miniconda3/envs/airflow_env/lib/python3.8/site-packages/airflow/example_dags/example_trigger_target_dag.py took 0.047 seconds
[2022-07-25 04:02:25,821] {processor.py:153} INFO - Started process (PID=26483) to work on /home/hp/miniconda3/envs/airflow_env/lib/python3.8/site-packages/airflow/example_dags/example_trigger_target_dag.py
[2022-07-25 04:02:25,822] {processor.py:641} INFO - Processing file /home/hp/miniconda3/envs/airflow_env/lib/python3.8/site-packages/airflow/example_dags/example_trigger_target_dag.py for tasks to queue
[2022-07-25 04:02:25,823] {logging_mixin.py:115} INFO - [2022-07-25 04:02:25,822] {dagbag.py:508} INFO - Filling up the DagBag from /home/hp/miniconda3/envs/airflow_env/lib/python3.8/site-packages/airflow/example_dags/example_trigger_target_dag.py
[2022-07-25 04:02:25,843] {processor.py:651} INFO - DAG(s) dict_keys(['example_trigger_target_dag']) retrieved from /home/hp/miniconda3/envs/airflow_env/lib/python3.8/site-packages/airflow/example_dags/example_trigger_target_dag.py
[2022-07-25 04:02:25,851] {logging_mixin.py:115} INFO - [2022-07-25 04:02:25,851] {dag.py:2420} INFO - Sync 1 DAGs
[2022-07-25 04:02:25,860] {logging_mixin.py:115} INFO - [2022-07-25 04:02:25,860] {dag.py:2968} INFO - Setting next_dagrun for example_trigger_target_dag to None, run_after=None
[2022-07-25 04:02:25,869] {processor.py:161} INFO - Processing /home/hp/miniconda3/envs/airflow_env/lib/python3.8/site-packages/airflow/example_dags/example_trigger_target_dag.py took 0.053 seconds
[2022-07-25 04:05:55,675] {processor.py:153} INFO - Started process (PID=26794) to work on /home/hp/miniconda3/envs/airflow_env/lib/python3.8/site-packages/airflow/example_dags/example_trigger_target_dag.py
[2022-07-25 04:05:55,676] {processor.py:641} INFO - Processing file /home/hp/miniconda3/envs/airflow_env/lib/python3.8/site-packages/airflow/example_dags/example_trigger_target_dag.py for tasks to queue
[2022-07-25 04:05:55,676] {logging_mixin.py:115} INFO - [2022-07-25 04:05:55,676] {dagbag.py:508} INFO - Filling up the DagBag from /home/hp/miniconda3/envs/airflow_env/lib/python3.8/site-packages/airflow/example_dags/example_trigger_target_dag.py
[2022-07-25 04:05:55,687] {processor.py:651} INFO - DAG(s) dict_keys(['example_trigger_target_dag']) retrieved from /home/hp/miniconda3/envs/airflow_env/lib/python3.8/site-packages/airflow/example_dags/example_trigger_target_dag.py
[2022-07-25 04:05:55,698] {logging_mixin.py:115} INFO - [2022-07-25 04:05:55,698] {dag.py:2420} INFO - Sync 1 DAGs
[2022-07-25 04:05:55,712] {logging_mixin.py:115} INFO - [2022-07-25 04:05:55,712] {dag.py:2968} INFO - Setting next_dagrun for example_trigger_target_dag to None, run_after=None
[2022-07-25 04:05:55,726] {processor.py:161} INFO - Processing /home/hp/miniconda3/envs/airflow_env/lib/python3.8/site-packages/airflow/example_dags/example_trigger_target_dag.py took 0.053 seconds
[2022-07-25 04:16:06,484] {processor.py:153} INFO - Started process (PID=27242) to work on /home/hp/miniconda3/envs/airflow_env/lib/python3.8/site-packages/airflow/example_dags/example_trigger_target_dag.py
[2022-07-25 04:16:06,486] {processor.py:641} INFO - Processing file /home/hp/miniconda3/envs/airflow_env/lib/python3.8/site-packages/airflow/example_dags/example_trigger_target_dag.py for tasks to queue
[2022-07-25 04:16:06,486] {logging_mixin.py:115} INFO - [2022-07-25 04:16:06,486] {dagbag.py:508} INFO - Filling up the DagBag from /home/hp/miniconda3/envs/airflow_env/lib/python3.8/site-packages/airflow/example_dags/example_trigger_target_dag.py
[2022-07-25 04:16:06,500] {processor.py:651} INFO - DAG(s) dict_keys(['example_trigger_target_dag']) retrieved from /home/hp/miniconda3/envs/airflow_env/lib/python3.8/site-packages/airflow/example_dags/example_trigger_target_dag.py
[2022-07-25 04:16:06,508] {logging_mixin.py:115} INFO - [2022-07-25 04:16:06,508] {dag.py:2420} INFO - Sync 1 DAGs
[2022-07-25 04:16:06,518] {logging_mixin.py:115} INFO - [2022-07-25 04:16:06,518] {dag.py:2968} INFO - Setting next_dagrun for example_trigger_target_dag to None, run_after=None
[2022-07-25 04:16:06,528] {processor.py:161} INFO - Processing /home/hp/miniconda3/envs/airflow_env/lib/python3.8/site-packages/airflow/example_dags/example_trigger_target_dag.py took 0.047 seconds
[2022-07-25 04:21:30,659] {processor.py:153} INFO - Started process (PID=27568) to work on /home/hp/miniconda3/envs/airflow_env/lib/python3.8/site-packages/airflow/example_dags/example_trigger_target_dag.py
[2022-07-25 04:21:30,660] {processor.py:641} INFO - Processing file /home/hp/miniconda3/envs/airflow_env/lib/python3.8/site-packages/airflow/example_dags/example_trigger_target_dag.py for tasks to queue
[2022-07-25 04:21:30,660] {logging_mixin.py:115} INFO - [2022-07-25 04:21:30,660] {dagbag.py:508} INFO - Filling up the DagBag from /home/hp/miniconda3/envs/airflow_env/lib/python3.8/site-packages/airflow/example_dags/example_trigger_target_dag.py
[2022-07-25 04:21:30,674] {processor.py:651} INFO - DAG(s) dict_keys(['example_trigger_target_dag']) retrieved from /home/hp/miniconda3/envs/airflow_env/lib/python3.8/site-packages/airflow/example_dags/example_trigger_target_dag.py
[2022-07-25 04:21:30,682] {logging_mixin.py:115} INFO - [2022-07-25 04:21:30,682] {dag.py:2420} INFO - Sync 1 DAGs
[2022-07-25 04:21:30,692] {logging_mixin.py:115} INFO - [2022-07-25 04:21:30,692] {dag.py:2968} INFO - Setting next_dagrun for example_trigger_target_dag to None, run_after=None
[2022-07-25 04:21:30,703] {processor.py:161} INFO - Processing /home/hp/miniconda3/envs/airflow_env/lib/python3.8/site-packages/airflow/example_dags/example_trigger_target_dag.py took 0.046 seconds
[2022-07-25 04:26:54,653] {processor.py:153} INFO - Started process (PID=27868) to work on /home/hp/miniconda3/envs/airflow_env/lib/python3.8/site-packages/airflow/example_dags/example_trigger_target_dag.py
[2022-07-25 04:26:54,654] {processor.py:641} INFO - Processing file /home/hp/miniconda3/envs/airflow_env/lib/python3.8/site-packages/airflow/example_dags/example_trigger_target_dag.py for tasks to queue
[2022-07-25 04:26:54,655] {logging_mixin.py:115} INFO - [2022-07-25 04:26:54,654] {dagbag.py:508} INFO - Filling up the DagBag from /home/hp/miniconda3/envs/airflow_env/lib/python3.8/site-packages/airflow/example_dags/example_trigger_target_dag.py
[2022-07-25 04:26:54,668] {processor.py:651} INFO - DAG(s) dict_keys(['example_trigger_target_dag']) retrieved from /home/hp/miniconda3/envs/airflow_env/lib/python3.8/site-packages/airflow/example_dags/example_trigger_target_dag.py
[2022-07-25 04:26:54,677] {logging_mixin.py:115} INFO - [2022-07-25 04:26:54,677] {dag.py:2420} INFO - Sync 1 DAGs
[2022-07-25 04:26:54,686] {logging_mixin.py:115} INFO - [2022-07-25 04:26:54,686] {dag.py:2968} INFO - Setting next_dagrun for example_trigger_target_dag to None, run_after=None
[2022-07-25 04:26:54,696] {processor.py:161} INFO - Processing /home/hp/miniconda3/envs/airflow_env/lib/python3.8/site-packages/airflow/example_dags/example_trigger_target_dag.py took 0.047 seconds
[2022-07-25 04:32:17,347] {processor.py:153} INFO - Started process (PID=28153) to work on /home/hp/miniconda3/envs/airflow_env/lib/python3.8/site-packages/airflow/example_dags/example_trigger_target_dag.py
[2022-07-25 04:32:17,349] {processor.py:641} INFO - Processing file /home/hp/miniconda3/envs/airflow_env/lib/python3.8/site-packages/airflow/example_dags/example_trigger_target_dag.py for tasks to queue
[2022-07-25 04:32:17,349] {logging_mixin.py:115} INFO - [2022-07-25 04:32:17,349] {dagbag.py:508} INFO - Filling up the DagBag from /home/hp/miniconda3/envs/airflow_env/lib/python3.8/site-packages/airflow/example_dags/example_trigger_target_dag.py
[2022-07-25 04:32:17,363] {processor.py:651} INFO - DAG(s) dict_keys(['example_trigger_target_dag']) retrieved from /home/hp/miniconda3/envs/airflow_env/lib/python3.8/site-packages/airflow/example_dags/example_trigger_target_dag.py
[2022-07-25 04:32:17,373] {logging_mixin.py:115} INFO - [2022-07-25 04:32:17,373] {dag.py:2420} INFO - Sync 1 DAGs
[2022-07-25 04:32:17,382] {logging_mixin.py:115} INFO - [2022-07-25 04:32:17,382] {dag.py:2968} INFO - Setting next_dagrun for example_trigger_target_dag to None, run_after=None
[2022-07-25 04:32:17,392] {processor.py:161} INFO - Processing /home/hp/miniconda3/envs/airflow_env/lib/python3.8/site-packages/airflow/example_dags/example_trigger_target_dag.py took 0.049 seconds
[2022-07-25 04:37:40,684] {processor.py:153} INFO - Started process (PID=28475) to work on /home/hp/miniconda3/envs/airflow_env/lib/python3.8/site-packages/airflow/example_dags/example_trigger_target_dag.py
[2022-07-25 04:37:40,685] {processor.py:641} INFO - Processing file /home/hp/miniconda3/envs/airflow_env/lib/python3.8/site-packages/airflow/example_dags/example_trigger_target_dag.py for tasks to queue
[2022-07-25 04:37:40,686] {logging_mixin.py:115} INFO - [2022-07-25 04:37:40,686] {dagbag.py:508} INFO - Filling up the DagBag from /home/hp/miniconda3/envs/airflow_env/lib/python3.8/site-packages/airflow/example_dags/example_trigger_target_dag.py
[2022-07-25 04:37:40,700] {processor.py:651} INFO - DAG(s) dict_keys(['example_trigger_target_dag']) retrieved from /home/hp/miniconda3/envs/airflow_env/lib/python3.8/site-packages/airflow/example_dags/example_trigger_target_dag.py
[2022-07-25 04:37:40,708] {logging_mixin.py:115} INFO - [2022-07-25 04:37:40,708] {dag.py:2420} INFO - Sync 1 DAGs
[2022-07-25 04:37:40,717] {logging_mixin.py:115} INFO - [2022-07-25 04:37:40,717] {dag.py:2968} INFO - Setting next_dagrun for example_trigger_target_dag to None, run_after=None
[2022-07-25 04:37:40,731] {processor.py:161} INFO - Processing /home/hp/miniconda3/envs/airflow_env/lib/python3.8/site-packages/airflow/example_dags/example_trigger_target_dag.py took 0.051 seconds
[2022-07-25 10:58:17,383] {processor.py:153} INFO - Started process (PID=57077) to work on /home/hp/miniconda3/envs/airflow_env/lib/python3.8/site-packages/airflow/example_dags/example_trigger_target_dag.py
[2022-07-25 10:58:17,385] {processor.py:641} INFO - Processing file /home/hp/miniconda3/envs/airflow_env/lib/python3.8/site-packages/airflow/example_dags/example_trigger_target_dag.py for tasks to queue
[2022-07-25 10:58:17,385] {logging_mixin.py:115} INFO - [2022-07-25 10:58:17,385] {dagbag.py:508} INFO - Filling up the DagBag from /home/hp/miniconda3/envs/airflow_env/lib/python3.8/site-packages/airflow/example_dags/example_trigger_target_dag.py
[2022-07-25 10:58:17,400] {processor.py:651} INFO - DAG(s) dict_keys(['example_trigger_target_dag']) retrieved from /home/hp/miniconda3/envs/airflow_env/lib/python3.8/site-packages/airflow/example_dags/example_trigger_target_dag.py
[2022-07-25 10:58:17,406] {logging_mixin.py:115} INFO - [2022-07-25 10:58:17,406] {dag.py:2420} INFO - Sync 1 DAGs
[2022-07-25 10:58:17,415] {logging_mixin.py:115} INFO - [2022-07-25 10:58:17,415] {dag.py:2968} INFO - Setting next_dagrun for example_trigger_target_dag to None, run_after=None
[2022-07-25 10:58:17,424] {processor.py:161} INFO - Processing /home/hp/miniconda3/envs/airflow_env/lib/python3.8/site-packages/airflow/example_dags/example_trigger_target_dag.py took 0.044 seconds
[2022-07-25 10:58:51,516] {processor.py:153} INFO - Started process (PID=57501) to work on /home/hp/miniconda3/envs/airflow_env/lib/python3.8/site-packages/airflow/example_dags/example_trigger_target_dag.py
[2022-07-25 10:58:51,517] {processor.py:641} INFO - Processing file /home/hp/miniconda3/envs/airflow_env/lib/python3.8/site-packages/airflow/example_dags/example_trigger_target_dag.py for tasks to queue
[2022-07-25 10:58:51,517] {logging_mixin.py:115} INFO - [2022-07-25 10:58:51,517] {dagbag.py:508} INFO - Filling up the DagBag from /home/hp/miniconda3/envs/airflow_env/lib/python3.8/site-packages/airflow/example_dags/example_trigger_target_dag.py
[2022-07-25 10:58:51,528] {processor.py:651} INFO - DAG(s) dict_keys(['example_trigger_target_dag']) retrieved from /home/hp/miniconda3/envs/airflow_env/lib/python3.8/site-packages/airflow/example_dags/example_trigger_target_dag.py
[2022-07-25 10:58:51,535] {logging_mixin.py:115} INFO - [2022-07-25 10:58:51,535] {dag.py:2420} INFO - Sync 1 DAGs
[2022-07-25 10:58:51,543] {logging_mixin.py:115} INFO - [2022-07-25 10:58:51,543] {dag.py:2968} INFO - Setting next_dagrun for example_trigger_target_dag to None, run_after=None
[2022-07-25 10:58:51,551] {processor.py:161} INFO - Processing /home/hp/miniconda3/envs/airflow_env/lib/python3.8/site-packages/airflow/example_dags/example_trigger_target_dag.py took 0.037 seconds
[2022-07-25 10:59:26,925] {processor.py:153} INFO - Started process (PID=57732) to work on /home/hp/miniconda3/envs/airflow_env/lib/python3.8/site-packages/airflow/example_dags/example_trigger_target_dag.py
[2022-07-25 10:59:26,926] {processor.py:641} INFO - Processing file /home/hp/miniconda3/envs/airflow_env/lib/python3.8/site-packages/airflow/example_dags/example_trigger_target_dag.py for tasks to queue
[2022-07-25 10:59:26,927] {logging_mixin.py:115} INFO - [2022-07-25 10:59:26,926] {dagbag.py:508} INFO - Filling up the DagBag from /home/hp/miniconda3/envs/airflow_env/lib/python3.8/site-packages/airflow/example_dags/example_trigger_target_dag.py
[2022-07-25 10:59:26,941] {processor.py:651} INFO - DAG(s) dict_keys(['example_trigger_target_dag']) retrieved from /home/hp/miniconda3/envs/airflow_env/lib/python3.8/site-packages/airflow/example_dags/example_trigger_target_dag.py
[2022-07-25 10:59:26,948] {logging_mixin.py:115} INFO - [2022-07-25 10:59:26,948] {dag.py:2420} INFO - Sync 1 DAGs
[2022-07-25 10:59:26,957] {logging_mixin.py:115} INFO - [2022-07-25 10:59:26,957] {dag.py:2968} INFO - Setting next_dagrun for example_trigger_target_dag to None, run_after=None
[2022-07-25 10:59:26,965] {processor.py:161} INFO - Processing /home/hp/miniconda3/envs/airflow_env/lib/python3.8/site-packages/airflow/example_dags/example_trigger_target_dag.py took 0.044 seconds
[2022-07-25 11:00:01,348] {processor.py:153} INFO - Started process (PID=58257) to work on /home/hp/miniconda3/envs/airflow_env/lib/python3.8/site-packages/airflow/example_dags/example_trigger_target_dag.py
[2022-07-25 11:00:01,349] {processor.py:641} INFO - Processing file /home/hp/miniconda3/envs/airflow_env/lib/python3.8/site-packages/airflow/example_dags/example_trigger_target_dag.py for tasks to queue
[2022-07-25 11:00:01,349] {logging_mixin.py:115} INFO - [2022-07-25 11:00:01,349] {dagbag.py:508} INFO - Filling up the DagBag from /home/hp/miniconda3/envs/airflow_env/lib/python3.8/site-packages/airflow/example_dags/example_trigger_target_dag.py
[2022-07-25 11:00:01,356] {processor.py:651} INFO - DAG(s) dict_keys(['example_trigger_target_dag']) retrieved from /home/hp/miniconda3/envs/airflow_env/lib/python3.8/site-packages/airflow/example_dags/example_trigger_target_dag.py
[2022-07-25 11:00:01,363] {logging_mixin.py:115} INFO - [2022-07-25 11:00:01,363] {dag.py:2420} INFO - Sync 1 DAGs
[2022-07-25 11:00:01,372] {logging_mixin.py:115} INFO - [2022-07-25 11:00:01,372] {dag.py:2968} INFO - Setting next_dagrun for example_trigger_target_dag to None, run_after=None
[2022-07-25 11:00:01,380] {processor.py:161} INFO - Processing /home/hp/miniconda3/envs/airflow_env/lib/python3.8/site-packages/airflow/example_dags/example_trigger_target_dag.py took 0.033 seconds
[2022-07-25 11:00:36,249] {processor.py:153} INFO - Started process (PID=59562) to work on /home/hp/miniconda3/envs/airflow_env/lib/python3.8/site-packages/airflow/example_dags/example_trigger_target_dag.py
[2022-07-25 11:00:36,250] {processor.py:641} INFO - Processing file /home/hp/miniconda3/envs/airflow_env/lib/python3.8/site-packages/airflow/example_dags/example_trigger_target_dag.py for tasks to queue
[2022-07-25 11:00:36,250] {logging_mixin.py:115} INFO - [2022-07-25 11:00:36,250] {dagbag.py:508} INFO - Filling up the DagBag from /home/hp/miniconda3/envs/airflow_env/lib/python3.8/site-packages/airflow/example_dags/example_trigger_target_dag.py
[2022-07-25 11:00:36,265] {processor.py:651} INFO - DAG(s) dict_keys(['example_trigger_target_dag']) retrieved from /home/hp/miniconda3/envs/airflow_env/lib/python3.8/site-packages/airflow/example_dags/example_trigger_target_dag.py
[2022-07-25 11:00:36,272] {logging_mixin.py:115} INFO - [2022-07-25 11:00:36,272] {dag.py:2420} INFO - Sync 1 DAGs
[2022-07-25 11:00:36,281] {logging_mixin.py:115} INFO - [2022-07-25 11:00:36,281] {dag.py:2968} INFO - Setting next_dagrun for example_trigger_target_dag to None, run_after=None
[2022-07-25 11:00:36,289] {processor.py:161} INFO - Processing /home/hp/miniconda3/envs/airflow_env/lib/python3.8/site-packages/airflow/example_dags/example_trigger_target_dag.py took 0.041 seconds
[2022-07-25 11:01:10,548] {processor.py:153} INFO - Started process (PID=59815) to work on /home/hp/miniconda3/envs/airflow_env/lib/python3.8/site-packages/airflow/example_dags/example_trigger_target_dag.py
[2022-07-25 11:01:10,550] {processor.py:641} INFO - Processing file /home/hp/miniconda3/envs/airflow_env/lib/python3.8/site-packages/airflow/example_dags/example_trigger_target_dag.py for tasks to queue
[2022-07-25 11:01:10,550] {logging_mixin.py:115} INFO - [2022-07-25 11:01:10,550] {dagbag.py:508} INFO - Filling up the DagBag from /home/hp/miniconda3/envs/airflow_env/lib/python3.8/site-packages/airflow/example_dags/example_trigger_target_dag.py
[2022-07-25 11:01:10,565] {processor.py:651} INFO - DAG(s) dict_keys(['example_trigger_target_dag']) retrieved from /home/hp/miniconda3/envs/airflow_env/lib/python3.8/site-packages/airflow/example_dags/example_trigger_target_dag.py
[2022-07-25 11:01:10,572] {logging_mixin.py:115} INFO - [2022-07-25 11:01:10,572] {dag.py:2420} INFO - Sync 1 DAGs
[2022-07-25 11:01:10,581] {logging_mixin.py:115} INFO - [2022-07-25 11:01:10,581] {dag.py:2968} INFO - Setting next_dagrun for example_trigger_target_dag to None, run_after=None
[2022-07-25 11:01:10,589] {processor.py:161} INFO - Processing /home/hp/miniconda3/envs/airflow_env/lib/python3.8/site-packages/airflow/example_dags/example_trigger_target_dag.py took 0.045 seconds
[2022-07-25 11:01:46,445] {processor.py:153} INFO - Started process (PID=59955) to work on /home/hp/miniconda3/envs/airflow_env/lib/python3.8/site-packages/airflow/example_dags/example_trigger_target_dag.py
[2022-07-25 11:01:46,446] {processor.py:641} INFO - Processing file /home/hp/miniconda3/envs/airflow_env/lib/python3.8/site-packages/airflow/example_dags/example_trigger_target_dag.py for tasks to queue
[2022-07-25 11:01:46,446] {logging_mixin.py:115} INFO - [2022-07-25 11:01:46,446] {dagbag.py:508} INFO - Filling up the DagBag from /home/hp/miniconda3/envs/airflow_env/lib/python3.8/site-packages/airflow/example_dags/example_trigger_target_dag.py
[2022-07-25 11:01:46,456] {processor.py:651} INFO - DAG(s) dict_keys(['example_trigger_target_dag']) retrieved from /home/hp/miniconda3/envs/airflow_env/lib/python3.8/site-packages/airflow/example_dags/example_trigger_target_dag.py
[2022-07-25 11:01:46,463] {logging_mixin.py:115} INFO - [2022-07-25 11:01:46,463] {dag.py:2420} INFO - Sync 1 DAGs
[2022-07-25 11:01:46,472] {logging_mixin.py:115} INFO - [2022-07-25 11:01:46,472] {dag.py:2968} INFO - Setting next_dagrun for example_trigger_target_dag to None, run_after=None
[2022-07-25 11:01:46,480] {processor.py:161} INFO - Processing /home/hp/miniconda3/envs/airflow_env/lib/python3.8/site-packages/airflow/example_dags/example_trigger_target_dag.py took 0.037 seconds
[2022-07-25 11:02:22,614] {processor.py:153} INFO - Started process (PID=60218) to work on /home/hp/miniconda3/envs/airflow_env/lib/python3.8/site-packages/airflow/example_dags/example_trigger_target_dag.py
[2022-07-25 11:02:22,615] {processor.py:641} INFO - Processing file /home/hp/miniconda3/envs/airflow_env/lib/python3.8/site-packages/airflow/example_dags/example_trigger_target_dag.py for tasks to queue
[2022-07-25 11:02:22,616] {logging_mixin.py:115} INFO - [2022-07-25 11:02:22,616] {dagbag.py:508} INFO - Filling up the DagBag from /home/hp/miniconda3/envs/airflow_env/lib/python3.8/site-packages/airflow/example_dags/example_trigger_target_dag.py
[2022-07-25 11:02:22,631] {processor.py:651} INFO - DAG(s) dict_keys(['example_trigger_target_dag']) retrieved from /home/hp/miniconda3/envs/airflow_env/lib/python3.8/site-packages/airflow/example_dags/example_trigger_target_dag.py
[2022-07-25 11:02:22,637] {logging_mixin.py:115} INFO - [2022-07-25 11:02:22,637] {dag.py:2420} INFO - Sync 1 DAGs
[2022-07-25 11:02:22,646] {logging_mixin.py:115} INFO - [2022-07-25 11:02:22,646] {dag.py:2968} INFO - Setting next_dagrun for example_trigger_target_dag to None, run_after=None
[2022-07-25 11:02:22,654] {processor.py:161} INFO - Processing /home/hp/miniconda3/envs/airflow_env/lib/python3.8/site-packages/airflow/example_dags/example_trigger_target_dag.py took 0.044 seconds
[2022-07-25 11:02:58,033] {processor.py:153} INFO - Started process (PID=61601) to work on /home/hp/miniconda3/envs/airflow_env/lib/python3.8/site-packages/airflow/example_dags/example_trigger_target_dag.py
[2022-07-25 11:02:58,034] {processor.py:641} INFO - Processing file /home/hp/miniconda3/envs/airflow_env/lib/python3.8/site-packages/airflow/example_dags/example_trigger_target_dag.py for tasks to queue
[2022-07-25 11:02:58,034] {logging_mixin.py:115} INFO - [2022-07-25 11:02:58,034] {dagbag.py:508} INFO - Filling up the DagBag from /home/hp/miniconda3/envs/airflow_env/lib/python3.8/site-packages/airflow/example_dags/example_trigger_target_dag.py
[2022-07-25 11:02:58,046] {processor.py:651} INFO - DAG(s) dict_keys(['example_trigger_target_dag']) retrieved from /home/hp/miniconda3/envs/airflow_env/lib/python3.8/site-packages/airflow/example_dags/example_trigger_target_dag.py
[2022-07-25 11:02:58,053] {logging_mixin.py:115} INFO - [2022-07-25 11:02:58,053] {dag.py:2420} INFO - Sync 1 DAGs
[2022-07-25 11:02:58,062] {logging_mixin.py:115} INFO - [2022-07-25 11:02:58,062] {dag.py:2968} INFO - Setting next_dagrun for example_trigger_target_dag to None, run_after=None
[2022-07-25 11:02:58,071] {processor.py:161} INFO - Processing /home/hp/miniconda3/envs/airflow_env/lib/python3.8/site-packages/airflow/example_dags/example_trigger_target_dag.py took 0.041 seconds
[2022-07-25 11:03:33,912] {processor.py:153} INFO - Started process (PID=61804) to work on /home/hp/miniconda3/envs/airflow_env/lib/python3.8/site-packages/airflow/example_dags/example_trigger_target_dag.py
[2022-07-25 11:03:33,913] {processor.py:641} INFO - Processing file /home/hp/miniconda3/envs/airflow_env/lib/python3.8/site-packages/airflow/example_dags/example_trigger_target_dag.py for tasks to queue
[2022-07-25 11:03:33,913] {logging_mixin.py:115} INFO - [2022-07-25 11:03:33,913] {dagbag.py:508} INFO - Filling up the DagBag from /home/hp/miniconda3/envs/airflow_env/lib/python3.8/site-packages/airflow/example_dags/example_trigger_target_dag.py
[2022-07-25 11:03:33,927] {processor.py:651} INFO - DAG(s) dict_keys(['example_trigger_target_dag']) retrieved from /home/hp/miniconda3/envs/airflow_env/lib/python3.8/site-packages/airflow/example_dags/example_trigger_target_dag.py
[2022-07-25 11:03:33,934] {logging_mixin.py:115} INFO - [2022-07-25 11:03:33,934] {dag.py:2420} INFO - Sync 1 DAGs
[2022-07-25 11:03:33,943] {logging_mixin.py:115} INFO - [2022-07-25 11:03:33,943] {dag.py:2968} INFO - Setting next_dagrun for example_trigger_target_dag to None, run_after=None
[2022-07-25 11:03:33,951] {processor.py:161} INFO - Processing /home/hp/miniconda3/envs/airflow_env/lib/python3.8/site-packages/airflow/example_dags/example_trigger_target_dag.py took 0.042 seconds
[2022-07-25 11:04:10,227] {processor.py:153} INFO - Started process (PID=62045) to work on /home/hp/miniconda3/envs/airflow_env/lib/python3.8/site-packages/airflow/example_dags/example_trigger_target_dag.py
[2022-07-25 11:04:10,228] {processor.py:641} INFO - Processing file /home/hp/miniconda3/envs/airflow_env/lib/python3.8/site-packages/airflow/example_dags/example_trigger_target_dag.py for tasks to queue
[2022-07-25 11:04:10,228] {logging_mixin.py:115} INFO - [2022-07-25 11:04:10,228] {dagbag.py:508} INFO - Filling up the DagBag from /home/hp/miniconda3/envs/airflow_env/lib/python3.8/site-packages/airflow/example_dags/example_trigger_target_dag.py
[2022-07-25 11:04:10,237] {processor.py:651} INFO - DAG(s) dict_keys(['example_trigger_target_dag']) retrieved from /home/hp/miniconda3/envs/airflow_env/lib/python3.8/site-packages/airflow/example_dags/example_trigger_target_dag.py
[2022-07-25 11:04:10,244] {logging_mixin.py:115} INFO - [2022-07-25 11:04:10,244] {dag.py:2420} INFO - Sync 1 DAGs
[2022-07-25 11:04:10,253] {logging_mixin.py:115} INFO - [2022-07-25 11:04:10,253] {dag.py:2968} INFO - Setting next_dagrun for example_trigger_target_dag to None, run_after=None
[2022-07-25 11:04:10,262] {processor.py:161} INFO - Processing /home/hp/miniconda3/envs/airflow_env/lib/python3.8/site-packages/airflow/example_dags/example_trigger_target_dag.py took 0.037 seconds
[2022-07-25 11:04:43,709] {processor.py:153} INFO - Started process (PID=62312) to work on /home/hp/miniconda3/envs/airflow_env/lib/python3.8/site-packages/airflow/example_dags/example_trigger_target_dag.py
[2022-07-25 11:04:43,710] {processor.py:641} INFO - Processing file /home/hp/miniconda3/envs/airflow_env/lib/python3.8/site-packages/airflow/example_dags/example_trigger_target_dag.py for tasks to queue
[2022-07-25 11:04:43,710] {logging_mixin.py:115} INFO - [2022-07-25 11:04:43,710] {dagbag.py:508} INFO - Filling up the DagBag from /home/hp/miniconda3/envs/airflow_env/lib/python3.8/site-packages/airflow/example_dags/example_trigger_target_dag.py
[2022-07-25 11:04:43,719] {processor.py:651} INFO - DAG(s) dict_keys(['example_trigger_target_dag']) retrieved from /home/hp/miniconda3/envs/airflow_env/lib/python3.8/site-packages/airflow/example_dags/example_trigger_target_dag.py
[2022-07-25 11:04:43,726] {logging_mixin.py:115} INFO - [2022-07-25 11:04:43,726] {dag.py:2420} INFO - Sync 1 DAGs
[2022-07-25 11:04:43,736] {logging_mixin.py:115} INFO - [2022-07-25 11:04:43,736] {dag.py:2968} INFO - Setting next_dagrun for example_trigger_target_dag to None, run_after=None
[2022-07-25 11:04:43,744] {processor.py:161} INFO - Processing /home/hp/miniconda3/envs/airflow_env/lib/python3.8/site-packages/airflow/example_dags/example_trigger_target_dag.py took 0.037 seconds
[2022-07-25 11:05:20,391] {processor.py:153} INFO - Started process (PID=62585) to work on /home/hp/miniconda3/envs/airflow_env/lib/python3.8/site-packages/airflow/example_dags/example_trigger_target_dag.py
[2022-07-25 11:05:20,392] {processor.py:641} INFO - Processing file /home/hp/miniconda3/envs/airflow_env/lib/python3.8/site-packages/airflow/example_dags/example_trigger_target_dag.py for tasks to queue
[2022-07-25 11:05:20,393] {logging_mixin.py:115} INFO - [2022-07-25 11:05:20,393] {dagbag.py:508} INFO - Filling up the DagBag from /home/hp/miniconda3/envs/airflow_env/lib/python3.8/site-packages/airflow/example_dags/example_trigger_target_dag.py
[2022-07-25 11:05:20,409] {processor.py:651} INFO - DAG(s) dict_keys(['example_trigger_target_dag']) retrieved from /home/hp/miniconda3/envs/airflow_env/lib/python3.8/site-packages/airflow/example_dags/example_trigger_target_dag.py
[2022-07-25 11:05:20,416] {logging_mixin.py:115} INFO - [2022-07-25 11:05:20,416] {dag.py:2420} INFO - Sync 1 DAGs
[2022-07-25 11:05:20,424] {logging_mixin.py:115} INFO - [2022-07-25 11:05:20,424] {dag.py:2968} INFO - Setting next_dagrun for example_trigger_target_dag to None, run_after=None
[2022-07-25 11:05:20,432] {processor.py:161} INFO - Processing /home/hp/miniconda3/envs/airflow_env/lib/python3.8/site-packages/airflow/example_dags/example_trigger_target_dag.py took 0.043 seconds
[2022-07-25 11:05:52,942] {processor.py:153} INFO - Started process (PID=62820) to work on /home/hp/miniconda3/envs/airflow_env/lib/python3.8/site-packages/airflow/example_dags/example_trigger_target_dag.py
[2022-07-25 11:05:52,943] {processor.py:641} INFO - Processing file /home/hp/miniconda3/envs/airflow_env/lib/python3.8/site-packages/airflow/example_dags/example_trigger_target_dag.py for tasks to queue
[2022-07-25 11:05:52,943] {logging_mixin.py:115} INFO - [2022-07-25 11:05:52,943] {dagbag.py:508} INFO - Filling up the DagBag from /home/hp/miniconda3/envs/airflow_env/lib/python3.8/site-packages/airflow/example_dags/example_trigger_target_dag.py
[2022-07-25 11:05:52,957] {processor.py:651} INFO - DAG(s) dict_keys(['example_trigger_target_dag']) retrieved from /home/hp/miniconda3/envs/airflow_env/lib/python3.8/site-packages/airflow/example_dags/example_trigger_target_dag.py
[2022-07-25 11:05:52,963] {logging_mixin.py:115} INFO - [2022-07-25 11:05:52,963] {dag.py:2420} INFO - Sync 1 DAGs
[2022-07-25 11:05:52,972] {logging_mixin.py:115} INFO - [2022-07-25 11:05:52,972] {dag.py:2968} INFO - Setting next_dagrun for example_trigger_target_dag to None, run_after=None
[2022-07-25 11:05:52,980] {processor.py:161} INFO - Processing /home/hp/miniconda3/envs/airflow_env/lib/python3.8/site-packages/airflow/example_dags/example_trigger_target_dag.py took 0.042 seconds
[2022-07-25 11:06:28,605] {processor.py:153} INFO - Started process (PID=63135) to work on /home/hp/miniconda3/envs/airflow_env/lib/python3.8/site-packages/airflow/example_dags/example_trigger_target_dag.py
[2022-07-25 11:06:28,606] {processor.py:641} INFO - Processing file /home/hp/miniconda3/envs/airflow_env/lib/python3.8/site-packages/airflow/example_dags/example_trigger_target_dag.py for tasks to queue
[2022-07-25 11:06:28,606] {logging_mixin.py:115} INFO - [2022-07-25 11:06:28,606] {dagbag.py:508} INFO - Filling up the DagBag from /home/hp/miniconda3/envs/airflow_env/lib/python3.8/site-packages/airflow/example_dags/example_trigger_target_dag.py
[2022-07-25 11:06:28,617] {processor.py:651} INFO - DAG(s) dict_keys(['example_trigger_target_dag']) retrieved from /home/hp/miniconda3/envs/airflow_env/lib/python3.8/site-packages/airflow/example_dags/example_trigger_target_dag.py
[2022-07-25 11:06:28,626] {logging_mixin.py:115} INFO - [2022-07-25 11:06:28,625] {dag.py:2420} INFO - Sync 1 DAGs
[2022-07-25 11:06:28,635] {logging_mixin.py:115} INFO - [2022-07-25 11:06:28,635] {dag.py:2968} INFO - Setting next_dagrun for example_trigger_target_dag to None, run_after=None
[2022-07-25 11:06:28,644] {processor.py:161} INFO - Processing /home/hp/miniconda3/envs/airflow_env/lib/python3.8/site-packages/airflow/example_dags/example_trigger_target_dag.py took 0.045 seconds
[2022-07-25 11:07:03,285] {processor.py:153} INFO - Started process (PID=63387) to work on /home/hp/miniconda3/envs/airflow_env/lib/python3.8/site-packages/airflow/example_dags/example_trigger_target_dag.py
[2022-07-25 11:07:03,286] {processor.py:641} INFO - Processing file /home/hp/miniconda3/envs/airflow_env/lib/python3.8/site-packages/airflow/example_dags/example_trigger_target_dag.py for tasks to queue
[2022-07-25 11:07:03,286] {logging_mixin.py:115} INFO - [2022-07-25 11:07:03,286] {dagbag.py:508} INFO - Filling up the DagBag from /home/hp/miniconda3/envs/airflow_env/lib/python3.8/site-packages/airflow/example_dags/example_trigger_target_dag.py
[2022-07-25 11:07:03,295] {processor.py:651} INFO - DAG(s) dict_keys(['example_trigger_target_dag']) retrieved from /home/hp/miniconda3/envs/airflow_env/lib/python3.8/site-packages/airflow/example_dags/example_trigger_target_dag.py
[2022-07-25 11:07:03,304] {logging_mixin.py:115} INFO - [2022-07-25 11:07:03,304] {dag.py:2420} INFO - Sync 1 DAGs
[2022-07-25 11:07:03,313] {logging_mixin.py:115} INFO - [2022-07-25 11:07:03,313] {dag.py:2968} INFO - Setting next_dagrun for example_trigger_target_dag to None, run_after=None
[2022-07-25 11:07:03,322] {processor.py:161} INFO - Processing /home/hp/miniconda3/envs/airflow_env/lib/python3.8/site-packages/airflow/example_dags/example_trigger_target_dag.py took 0.040 seconds
[2022-07-25 11:07:38,776] {processor.py:153} INFO - Started process (PID=63700) to work on /home/hp/miniconda3/envs/airflow_env/lib/python3.8/site-packages/airflow/example_dags/example_trigger_target_dag.py
[2022-07-25 11:07:38,777] {processor.py:641} INFO - Processing file /home/hp/miniconda3/envs/airflow_env/lib/python3.8/site-packages/airflow/example_dags/example_trigger_target_dag.py for tasks to queue
[2022-07-25 11:07:38,777] {logging_mixin.py:115} INFO - [2022-07-25 11:07:38,777] {dagbag.py:508} INFO - Filling up the DagBag from /home/hp/miniconda3/envs/airflow_env/lib/python3.8/site-packages/airflow/example_dags/example_trigger_target_dag.py
[2022-07-25 11:07:38,794] {processor.py:651} INFO - DAG(s) dict_keys(['example_trigger_target_dag']) retrieved from /home/hp/miniconda3/envs/airflow_env/lib/python3.8/site-packages/airflow/example_dags/example_trigger_target_dag.py
[2022-07-25 11:07:38,801] {logging_mixin.py:115} INFO - [2022-07-25 11:07:38,801] {dag.py:2420} INFO - Sync 1 DAGs
[2022-07-25 11:07:38,810] {logging_mixin.py:115} INFO - [2022-07-25 11:07:38,810] {dag.py:2968} INFO - Setting next_dagrun for example_trigger_target_dag to None, run_after=None
[2022-07-25 11:07:38,820] {processor.py:161} INFO - Processing /home/hp/miniconda3/envs/airflow_env/lib/python3.8/site-packages/airflow/example_dags/example_trigger_target_dag.py took 0.046 seconds
[2022-07-25 11:08:12,502] {processor.py:153} INFO - Started process (PID=63992) to work on /home/hp/miniconda3/envs/airflow_env/lib/python3.8/site-packages/airflow/example_dags/example_trigger_target_dag.py
[2022-07-25 11:08:12,503] {processor.py:641} INFO - Processing file /home/hp/miniconda3/envs/airflow_env/lib/python3.8/site-packages/airflow/example_dags/example_trigger_target_dag.py for tasks to queue
[2022-07-25 11:08:12,504] {logging_mixin.py:115} INFO - [2022-07-25 11:08:12,504] {dagbag.py:508} INFO - Filling up the DagBag from /home/hp/miniconda3/envs/airflow_env/lib/python3.8/site-packages/airflow/example_dags/example_trigger_target_dag.py
[2022-07-25 11:08:12,513] {processor.py:651} INFO - DAG(s) dict_keys(['example_trigger_target_dag']) retrieved from /home/hp/miniconda3/envs/airflow_env/lib/python3.8/site-packages/airflow/example_dags/example_trigger_target_dag.py
[2022-07-25 11:08:12,520] {logging_mixin.py:115} INFO - [2022-07-25 11:08:12,520] {dag.py:2420} INFO - Sync 1 DAGs
[2022-07-25 11:08:12,529] {logging_mixin.py:115} INFO - [2022-07-25 11:08:12,529] {dag.py:2968} INFO - Setting next_dagrun for example_trigger_target_dag to None, run_after=None
[2022-07-25 11:08:12,538] {processor.py:161} INFO - Processing /home/hp/miniconda3/envs/airflow_env/lib/python3.8/site-packages/airflow/example_dags/example_trigger_target_dag.py took 0.038 seconds
                                                                                                                                                                                                                                                                                                                                                                                                                                                                                                                                                                                                                                                                                                                                                                                                                                                                                                                                                                                                                                                                                                                                                                                                                                                                                                                                                                                                                                     