[2022-07-25 03:02:59,714] {processor.py:153} INFO - Started process (PID=21022) to work on /home/hp/miniconda3/envs/airflow_env/lib/python3.8/site-packages/airflow/example_dags/example_task_group_decorator.py
[2022-07-25 03:02:59,715] {processor.py:641} INFO - Processing file /home/hp/miniconda3/envs/airflow_env/lib/python3.8/site-packages/airflow/example_dags/example_task_group_decorator.py for tasks to queue
[2022-07-25 03:02:59,715] {logging_mixin.py:115} INFO - [2022-07-25 03:02:59,715] {dagbag.py:508} INFO - Filling up the DagBag from /home/hp/miniconda3/envs/airflow_env/lib/python3.8/site-packages/airflow/example_dags/example_task_group_decorator.py
[2022-07-25 03:02:59,733] {processor.py:651} INFO - DAG(s) dict_keys(['example_task_group_decorator']) retrieved from /home/hp/miniconda3/envs/airflow_env/lib/python3.8/site-packages/airflow/example_dags/example_task_group_decorator.py
[2022-07-25 03:02:59,760] {logging_mixin.py:115} INFO - [2022-07-25 03:02:59,760] {dag.py:2420} INFO - Sync 1 DAGs
[2022-07-25 03:02:59,769] {logging_mixin.py:115} INFO - [2022-07-25 03:02:59,769] {dag.py:2968} INFO - Setting next_dagrun for example_task_group_decorator to 2022-07-24T00:02:59.769193+00:00, run_after=2022-07-25T00:02:59.769193+00:00
[2022-07-25 03:02:59,791] {processor.py:161} INFO - Processing /home/hp/miniconda3/envs/airflow_env/lib/python3.8/site-packages/airflow/example_dags/example_task_group_decorator.py took 0.081 seconds
[2022-07-25 03:07:38,182] {processor.py:153} INFO - Started process (PID=21505) to work on /home/hp/miniconda3/envs/airflow_env/lib/python3.8/site-packages/airflow/example_dags/example_task_group_decorator.py
[2022-07-25 03:07:38,183] {processor.py:641} INFO - Processing file /home/hp/miniconda3/envs/airflow_env/lib/python3.8/site-packages/airflow/example_dags/example_task_group_decorator.py for tasks to queue
[2022-07-25 03:07:38,184] {logging_mixin.py:115} INFO - [2022-07-25 03:07:38,184] {dagbag.py:508} INFO - Filling up the DagBag from /home/hp/miniconda3/envs/airflow_env/lib/python3.8/site-packages/airflow/example_dags/example_task_group_decorator.py
[2022-07-25 03:07:38,204] {processor.py:651} INFO - DAG(s) dict_keys(['example_task_group_decorator']) retrieved from /home/hp/miniconda3/envs/airflow_env/lib/python3.8/site-packages/airflow/example_dags/example_task_group_decorator.py
[2022-07-25 03:07:38,229] {logging_mixin.py:115} INFO - [2022-07-25 03:07:38,229] {dag.py:2420} INFO - Sync 1 DAGs
[2022-07-25 03:07:38,238] {logging_mixin.py:115} INFO - [2022-07-25 03:07:38,238] {dag.py:2968} INFO - Setting next_dagrun for example_task_group_decorator to 2022-07-24T00:07:38.238018+00:00, run_after=2022-07-25T00:07:38.238018+00:00
[2022-07-25 03:07:38,248] {processor.py:161} INFO - Processing /home/hp/miniconda3/envs/airflow_env/lib/python3.8/site-packages/airflow/example_dags/example_task_group_decorator.py took 0.070 seconds
[2022-07-25 03:17:54,741] {processor.py:153} INFO - Started process (PID=22193) to work on /home/hp/miniconda3/envs/airflow_env/lib/python3.8/site-packages/airflow/example_dags/example_task_group_decorator.py
[2022-07-25 03:17:54,742] {processor.py:641} INFO - Processing file /home/hp/miniconda3/envs/airflow_env/lib/python3.8/site-packages/airflow/example_dags/example_task_group_decorator.py for tasks to queue
[2022-07-25 03:17:54,743] {logging_mixin.py:115} INFO - [2022-07-25 03:17:54,743] {dagbag.py:508} INFO - Filling up the DagBag from /home/hp/miniconda3/envs/airflow_env/lib/python3.8/site-packages/airflow/example_dags/example_task_group_decorator.py
[2022-07-25 03:17:54,761] {processor.py:651} INFO - DAG(s) dict_keys(['example_task_group_decorator']) retrieved from /home/hp/miniconda3/envs/airflow_env/lib/python3.8/site-packages/airflow/example_dags/example_task_group_decorator.py
[2022-07-25 03:17:54,788] {logging_mixin.py:115} INFO - [2022-07-25 03:17:54,788] {dag.py:2420} INFO - Sync 1 DAGs
[2022-07-25 03:17:54,797] {logging_mixin.py:115} INFO - [2022-07-25 03:17:54,797] {dag.py:2968} INFO - Setting next_dagrun for example_task_group_decorator to 2022-07-24T00:17:54.797631+00:00, run_after=2022-07-25T00:17:54.797631+00:00
[2022-07-25 03:17:54,807] {processor.py:161} INFO - Processing /home/hp/miniconda3/envs/airflow_env/lib/python3.8/site-packages/airflow/example_dags/example_task_group_decorator.py took 0.070 seconds
[2022-07-25 03:23:14,735] {processor.py:153} INFO - Started process (PID=22675) to work on /home/hp/miniconda3/envs/airflow_env/lib/python3.8/site-packages/airflow/example_dags/example_task_group_decorator.py
[2022-07-25 03:23:14,736] {processor.py:641} INFO - Processing file /home/hp/miniconda3/envs/airflow_env/lib/python3.8/site-packages/airflow/example_dags/example_task_group_decorator.py for tasks to queue
[2022-07-25 03:23:14,737] {logging_mixin.py:115} INFO - [2022-07-25 03:23:14,737] {dagbag.py:508} INFO - Filling up the DagBag from /home/hp/miniconda3/envs/airflow_env/lib/python3.8/site-packages/airflow/example_dags/example_task_group_decorator.py
[2022-07-25 03:23:14,757] {processor.py:651} INFO - DAG(s) dict_keys(['example_task_group_decorator']) retrieved from /home/hp/miniconda3/envs/airflow_env/lib/python3.8/site-packages/airflow/example_dags/example_task_group_decorator.py
[2022-07-25 03:23:14,782] {logging_mixin.py:115} INFO - [2022-07-25 03:23:14,782] {dag.py:2420} INFO - Sync 1 DAGs
[2022-07-25 03:23:14,790] {logging_mixin.py:115} INFO - [2022-07-25 03:23:14,790] {dag.py:2968} INFO - Setting next_dagrun for example_task_group_decorator to 2022-07-24T00:23:14.790373+00:00, run_after=2022-07-25T00:23:14.790373+00:00
[2022-07-25 03:23:14,800] {processor.py:161} INFO - Processing /home/hp/miniconda3/envs/airflow_env/lib/python3.8/site-packages/airflow/example_dags/example_task_group_decorator.py took 0.068 seconds
[2022-07-25 03:28:39,051] {processor.py:153} INFO - Started process (PID=23128) to work on /home/hp/miniconda3/envs/airflow_env/lib/python3.8/site-packages/airflow/example_dags/example_task_group_decorator.py
[2022-07-25 03:28:39,052] {processor.py:641} INFO - Processing file /home/hp/miniconda3/envs/airflow_env/lib/python3.8/site-packages/airflow/example_dags/example_task_group_decorator.py for tasks to queue
[2022-07-25 03:28:39,053] {logging_mixin.py:115} INFO - [2022-07-25 03:28:39,052] {dagbag.py:508} INFO - Filling up the DagBag from /home/hp/miniconda3/envs/airflow_env/lib/python3.8/site-packages/airflow/example_dags/example_task_group_decorator.py
[2022-07-25 03:28:39,087] {processor.py:651} INFO - DAG(s) dict_keys(['example_task_group_decorator']) retrieved from /home/hp/miniconda3/envs/airflow_env/lib/python3.8/site-packages/airflow/example_dags/example_task_group_decorator.py
[2022-07-25 03:28:39,114] {logging_mixin.py:115} INFO - [2022-07-25 03:28:39,114] {dag.py:2420} INFO - Sync 1 DAGs
[2022-07-25 03:28:39,122] {logging_mixin.py:115} INFO - [2022-07-25 03:28:39,122] {dag.py:2968} INFO - Setting next_dagrun for example_task_group_decorator to 2022-07-24T00:28:39.122328+00:00, run_after=2022-07-25T00:28:39.122328+00:00
[2022-07-25 03:28:39,135] {processor.py:161} INFO - Processing /home/hp/miniconda3/envs/airflow_env/lib/python3.8/site-packages/airflow/example_dags/example_task_group_decorator.py took 0.088 seconds
[2022-07-25 03:30:49,599] {processor.py:153} INFO - Started process (PID=23634) to work on /home/hp/miniconda3/envs/airflow_env/lib/python3.8/site-packages/airflow/example_dags/example_task_group_decorator.py
[2022-07-25 03:30:49,600] {processor.py:641} INFO - Processing file /home/hp/miniconda3/envs/airflow_env/lib/python3.8/site-packages/airflow/example_dags/example_task_group_decorator.py for tasks to queue
[2022-07-25 03:30:49,601] {logging_mixin.py:115} INFO - [2022-07-25 03:30:49,601] {dagbag.py:508} INFO - Filling up the DagBag from /home/hp/miniconda3/envs/airflow_env/lib/python3.8/site-packages/airflow/example_dags/example_task_group_decorator.py
[2022-07-25 03:30:49,619] {processor.py:651} INFO - DAG(s) dict_keys(['example_task_group_decorator']) retrieved from /home/hp/miniconda3/envs/airflow_env/lib/python3.8/site-packages/airflow/example_dags/example_task_group_decorator.py
[2022-07-25 03:30:49,645] {logging_mixin.py:115} INFO - [2022-07-25 03:30:49,645] {dag.py:2420} INFO - Sync 1 DAGs
[2022-07-25 03:30:49,653] {logging_mixin.py:115} INFO - [2022-07-25 03:30:49,653] {dag.py:2968} INFO - Setting next_dagrun for example_task_group_decorator to 2022-07-24T00:30:49.653012+00:00, run_after=2022-07-25T00:30:49.653012+00:00
[2022-07-25 03:30:49,662] {processor.py:161} INFO - Processing /home/hp/miniconda3/envs/airflow_env/lib/python3.8/site-packages/airflow/example_dags/example_task_group_decorator.py took 0.068 seconds
[2022-07-25 03:34:08,093] {processor.py:153} INFO - Started process (PID=24052) to work on /home/hp/miniconda3/envs/airflow_env/lib/python3.8/site-packages/airflow/example_dags/example_task_group_decorator.py
[2022-07-25 03:34:08,094] {processor.py:641} INFO - Processing file /home/hp/miniconda3/envs/airflow_env/lib/python3.8/site-packages/airflow/example_dags/example_task_group_decorator.py for tasks to queue
[2022-07-25 03:34:08,095] {logging_mixin.py:115} INFO - [2022-07-25 03:34:08,095] {dagbag.py:508} INFO - Filling up the DagBag from /home/hp/miniconda3/envs/airflow_env/lib/python3.8/site-packages/airflow/example_dags/example_task_group_decorator.py
[2022-07-25 03:34:08,114] {processor.py:651} INFO - DAG(s) dict_keys(['example_task_group_decorator']) retrieved from /home/hp/miniconda3/envs/airflow_env/lib/python3.8/site-packages/airflow/example_dags/example_task_group_decorator.py
[2022-07-25 03:34:08,139] {logging_mixin.py:115} INFO - [2022-07-25 03:34:08,139] {dag.py:2420} INFO - Sync 1 DAGs
[2022-07-25 03:34:08,148] {logging_mixin.py:115} INFO - [2022-07-25 03:34:08,148] {dag.py:2968} INFO - Setting next_dagrun for example_task_group_decorator to 2022-07-24T00:34:08.147955+00:00, run_after=2022-07-25T00:34:08.147955+00:00
[2022-07-25 03:34:08,158] {processor.py:161} INFO - Processing /home/hp/miniconda3/envs/airflow_env/lib/python3.8/site-packages/airflow/example_dags/example_task_group_decorator.py took 0.069 seconds
[2022-07-25 03:44:22,106] {processor.py:153} INFO - Started process (PID=24703) to work on /home/hp/miniconda3/envs/airflow_env/lib/python3.8/site-packages/airflow/example_dags/example_task_group_decorator.py
[2022-07-25 03:44:22,107] {processor.py:641} INFO - Processing file /home/hp/miniconda3/envs/airflow_env/lib/python3.8/site-packages/airflow/example_dags/example_task_group_decorator.py for tasks to queue
[2022-07-25 03:44:22,107] {logging_mixin.py:115} INFO - [2022-07-25 03:44:22,107] {dagbag.py:508} INFO - Filling up the DagBag from /home/hp/miniconda3/envs/airflow_env/lib/python3.8/site-packages/airflow/example_dags/example_task_group_decorator.py
[2022-07-25 03:44:22,127] {processor.py:651} INFO - DAG(s) dict_keys(['example_task_group_decorator']) retrieved from /home/hp/miniconda3/envs/airflow_env/lib/python3.8/site-packages/airflow/example_dags/example_task_group_decorator.py
[2022-07-25 03:44:22,159] {logging_mixin.py:115} INFO - [2022-07-25 03:44:22,158] {dag.py:2420} INFO - Sync 1 DAGs
[2022-07-25 03:44:22,169] {logging_mixin.py:115} INFO - [2022-07-25 03:44:22,169] {dag.py:2968} INFO - Setting next_dagrun for example_task_group_decorator to 2022-07-24T00:44:22.169211+00:00, run_after=2022-07-25T00:44:22.169211+00:00
[2022-07-25 03:44:22,181] {processor.py:161} INFO - Processing /home/hp/miniconda3/envs/airflow_env/lib/python3.8/site-packages/airflow/example_dags/example_task_group_decorator.py took 0.076 seconds
[2022-07-25 03:49:43,494] {processor.py:153} INFO - Started process (PID=25103) to work on /home/hp/miniconda3/envs/airflow_env/lib/python3.8/site-packages/airflow/example_dags/example_task_group_decorator.py
[2022-07-25 03:49:43,494] {processor.py:641} INFO - Processing file /home/hp/miniconda3/envs/airflow_env/lib/python3.8/site-packages/airflow/example_dags/example_task_group_decorator.py for tasks to queue
[2022-07-25 03:49:43,495] {logging_mixin.py:115} INFO - [2022-07-25 03:49:43,495] {dagbag.py:508} INFO - Filling up the DagBag from /home/hp/miniconda3/envs/airflow_env/lib/python3.8/site-packages/airflow/example_dags/example_task_group_decorator.py
[2022-07-25 03:49:43,512] {processor.py:651} INFO - DAG(s) dict_keys(['example_task_group_decorator']) retrieved from /home/hp/miniconda3/envs/airflow_env/lib/python3.8/site-packages/airflow/example_dags/example_task_group_decorator.py
[2022-07-25 03:49:43,536] {logging_mixin.py:115} INFO - [2022-07-25 03:49:43,536] {dag.py:2420} INFO - Sync 1 DAGs
[2022-07-25 03:49:43,544] {logging_mixin.py:115} INFO - [2022-07-25 03:49:43,544] {dag.py:2968} INFO - Setting next_dagrun for example_task_group_decorator to 2022-07-24T00:49:43.543980+00:00, run_after=2022-07-25T00:49:43.543980+00:00
[2022-07-25 03:49:43,555] {processor.py:161} INFO - Processing /home/hp/miniconda3/envs/airflow_env/lib/python3.8/site-packages/airflow/example_dags/example_task_group_decorator.py took 0.063 seconds
[2022-07-25 03:55:07,103] {processor.py:153} INFO - Started process (PID=25463) to work on /home/hp/miniconda3/envs/airflow_env/lib/python3.8/site-packages/airflow/example_dags/example_task_group_decorator.py
[2022-07-25 03:55:07,104] {processor.py:641} INFO - Processing file /home/hp/miniconda3/envs/airflow_env/lib/python3.8/site-packages/airflow/example_dags/example_task_group_decorator.py for tasks to queue
[2022-07-25 03:55:07,105] {logging_mixin.py:115} INFO - [2022-07-25 03:55:07,105] {dagbag.py:508} INFO - Filling up the DagBag from /home/hp/miniconda3/envs/airflow_env/lib/python3.8/site-packages/airflow/example_dags/example_task_group_decorator.py
[2022-07-25 03:55:07,125] {processor.py:651} INFO - DAG(s) dict_keys(['example_task_group_decorator']) retrieved from /home/hp/miniconda3/envs/airflow_env/lib/python3.8/site-packages/airflow/example_dags/example_task_group_decorator.py
[2022-07-25 03:55:07,149] {logging_mixin.py:115} INFO - [2022-07-25 03:55:07,149] {dag.py:2420} INFO - Sync 1 DAGs
[2022-07-25 03:55:07,157] {logging_mixin.py:115} INFO - [2022-07-25 03:55:07,157] {dag.py:2968} INFO - Setting next_dagrun for example_task_group_decorator to 2022-07-24T00:55:07.157207+00:00, run_after=2022-07-25T00:55:07.157207+00:00
[2022-07-25 03:55:07,168] {processor.py:161} INFO - Processing /home/hp/miniconda3/envs/airflow_env/lib/python3.8/site-packages/airflow/example_dags/example_task_group_decorator.py took 0.069 seconds
[2022-07-25 04:00:28,319] {processor.py:153} INFO - Started process (PID=25802) to work on /home/hp/miniconda3/envs/airflow_env/lib/python3.8/site-packages/airflow/example_dags/example_task_group_decorator.py
[2022-07-25 04:00:28,320] {processor.py:641} INFO - Processing file /home/hp/miniconda3/envs/airflow_env/lib/python3.8/site-packages/airflow/example_dags/example_task_group_decorator.py for tasks to queue
[2022-07-25 04:00:28,320] {logging_mixin.py:115} INFO - [2022-07-25 04:00:28,320] {dagbag.py:508} INFO - Filling up the DagBag from /home/hp/miniconda3/envs/airflow_env/lib/python3.8/site-packages/airflow/example_dags/example_task_group_decorator.py
[2022-07-25 04:00:28,335] {processor.py:651} INFO - DAG(s) dict_keys(['example_task_group_decorator']) retrieved from /home/hp/miniconda3/envs/airflow_env/lib/python3.8/site-packages/airflow/example_dags/example_task_group_decorator.py
[2022-07-25 04:00:28,362] {logging_mixin.py:115} INFO - [2022-07-25 04:00:28,361] {dag.py:2420} INFO - Sync 1 DAGs
[2022-07-25 04:00:28,373] {logging_mixin.py:115} INFO - [2022-07-25 04:00:28,373] {dag.py:2968} INFO - Setting next_dagrun for example_task_group_decorator to 2022-07-24T01:00:28.373139+00:00, run_after=2022-07-25T01:00:28.373139+00:00
[2022-07-25 04:00:28,451] {processor.py:161} INFO - Processing /home/hp/miniconda3/envs/airflow_env/lib/python3.8/site-packages/airflow/example_dags/example_task_group_decorator.py took 0.134 seconds
[2022-07-25 04:01:08,842] {processor.py:153} INFO - Started process (PID=26024) to work on /home/hp/miniconda3/envs/airflow_env/lib/python3.8/site-packages/airflow/example_dags/example_task_group_decorator.py
[2022-07-25 04:01:08,843] {processor.py:641} INFO - Processing file /home/hp/miniconda3/envs/airflow_env/lib/python3.8/site-packages/airflow/example_dags/example_task_group_decorator.py for tasks to queue
[2022-07-25 04:01:08,844] {logging_mixin.py:115} INFO - [2022-07-25 04:01:08,844] {dagbag.py:508} INFO - Filling up the DagBag from /home/hp/miniconda3/envs/airflow_env/lib/python3.8/site-packages/airflow/example_dags/example_task_group_decorator.py
[2022-07-25 04:01:08,862] {processor.py:651} INFO - DAG(s) dict_keys(['example_task_group_decorator']) retrieved from /home/hp/miniconda3/envs/airflow_env/lib/python3.8/site-packages/airflow/example_dags/example_task_group_decorator.py
[2022-07-25 04:01:08,872] {logging_mixin.py:115} INFO - [2022-07-25 04:01:08,872] {dag.py:2420} INFO - Sync 1 DAGs
[2022-07-25 04:01:08,881] {logging_mixin.py:115} INFO - [2022-07-25 04:01:08,881] {dag.py:2968} INFO - Setting next_dagrun for example_task_group_decorator to 2022-07-24T01:01:08.880801+00:00, run_after=2022-07-25T01:01:08.880801+00:00
[2022-07-25 04:01:08,891] {processor.py:161} INFO - Processing /home/hp/miniconda3/envs/airflow_env/lib/python3.8/site-packages/airflow/example_dags/example_task_group_decorator.py took 0.053 seconds
[2022-07-25 04:02:24,358] {processor.py:153} INFO - Started process (PID=26481) to work on /home/hp/miniconda3/envs/airflow_env/lib/python3.8/site-packages/airflow/example_dags/example_task_group_decorator.py
[2022-07-25 04:02:24,359] {processor.py:641} INFO - Processing file /home/hp/miniconda3/envs/airflow_env/lib/python3.8/site-packages/airflow/example_dags/example_task_group_decorator.py for tasks to queue
[2022-07-25 04:02:24,359] {logging_mixin.py:115} INFO - [2022-07-25 04:02:24,359] {dagbag.py:508} INFO - Filling up the DagBag from /home/hp/miniconda3/envs/airflow_env/lib/python3.8/site-packages/airflow/example_dags/example_task_group_decorator.py
[2022-07-25 04:02:24,379] {processor.py:651} INFO - DAG(s) dict_keys(['example_task_group_decorator']) retrieved from /home/hp/miniconda3/envs/airflow_env/lib/python3.8/site-packages/airflow/example_dags/example_task_group_decorator.py
[2022-07-25 04:02:24,389] {logging_mixin.py:115} INFO - [2022-07-25 04:02:24,389] {dag.py:2420} INFO - Sync 1 DAGs
[2022-07-25 04:02:24,398] {logging_mixin.py:115} INFO - [2022-07-25 04:02:24,398] {dag.py:2968} INFO - Setting next_dagrun for example_task_group_decorator to 2022-07-24T01:02:24.398614+00:00, run_after=2022-07-25T01:02:24.398614+00:00
[2022-07-25 04:02:24,409] {processor.py:161} INFO - Processing /home/hp/miniconda3/envs/airflow_env/lib/python3.8/site-packages/airflow/example_dags/example_task_group_decorator.py took 0.055 seconds
[2022-07-25 04:05:53,292] {processor.py:153} INFO - Started process (PID=26792) to work on /home/hp/miniconda3/envs/airflow_env/lib/python3.8/site-packages/airflow/example_dags/example_task_group_decorator.py
[2022-07-25 04:05:53,293] {processor.py:641} INFO - Processing file /home/hp/miniconda3/envs/airflow_env/lib/python3.8/site-packages/airflow/example_dags/example_task_group_decorator.py for tasks to queue
[2022-07-25 04:05:53,293] {logging_mixin.py:115} INFO - [2022-07-25 04:05:53,293] {dagbag.py:508} INFO - Filling up the DagBag from /home/hp/miniconda3/envs/airflow_env/lib/python3.8/site-packages/airflow/example_dags/example_task_group_decorator.py
[2022-07-25 04:05:53,312] {processor.py:651} INFO - DAG(s) dict_keys(['example_task_group_decorator']) retrieved from /home/hp/miniconda3/envs/airflow_env/lib/python3.8/site-packages/airflow/example_dags/example_task_group_decorator.py
[2022-07-25 04:05:53,337] {logging_mixin.py:115} INFO - [2022-07-25 04:05:53,337] {dag.py:2420} INFO - Sync 1 DAGs
[2022-07-25 04:05:53,412] {logging_mixin.py:115} INFO - [2022-07-25 04:05:53,412] {dag.py:2968} INFO - Setting next_dagrun for example_task_group_decorator to 2022-07-24T01:05:53.412321+00:00, run_after=2022-07-25T01:05:53.412321+00:00
[2022-07-25 04:05:53,423] {processor.py:161} INFO - Processing /home/hp/miniconda3/envs/airflow_env/lib/python3.8/site-packages/airflow/example_dags/example_task_group_decorator.py took 0.135 seconds
[2022-07-25 04:16:05,927] {processor.py:153} INFO - Started process (PID=27240) to work on /home/hp/miniconda3/envs/airflow_env/lib/python3.8/site-packages/airflow/example_dags/example_task_group_decorator.py
[2022-07-25 04:16:05,928] {processor.py:641} INFO - Processing file /home/hp/miniconda3/envs/airflow_env/lib/python3.8/site-packages/airflow/example_dags/example_task_group_decorator.py for tasks to queue
[2022-07-25 04:16:05,929] {logging_mixin.py:115} INFO - [2022-07-25 04:16:05,929] {dagbag.py:508} INFO - Filling up the DagBag from /home/hp/miniconda3/envs/airflow_env/lib/python3.8/site-packages/airflow/example_dags/example_task_group_decorator.py
[2022-07-25 04:16:05,948] {processor.py:651} INFO - DAG(s) dict_keys(['example_task_group_decorator']) retrieved from /home/hp/miniconda3/envs/airflow_env/lib/python3.8/site-packages/airflow/example_dags/example_task_group_decorator.py
[2022-07-25 04:16:05,972] {logging_mixin.py:115} INFO - [2022-07-25 04:16:05,972] {dag.py:2420} INFO - Sync 1 DAGs
[2022-07-25 04:16:06,045] {logging_mixin.py:115} INFO - [2022-07-25 04:16:06,045] {dag.py:2968} INFO - Setting next_dagrun for example_task_group_decorator to 2022-07-24T01:16:06.045641+00:00, run_after=2022-07-25T01:16:06.045641+00:00
[2022-07-25 04:16:06,057] {processor.py:161} INFO - Processing /home/hp/miniconda3/envs/airflow_env/lib/python3.8/site-packages/airflow/example_dags/example_task_group_decorator.py took 0.134 seconds
[2022-07-25 04:21:28,287] {processor.py:153} INFO - Started process (PID=27565) to work on /home/hp/miniconda3/envs/airflow_env/lib/python3.8/site-packages/airflow/example_dags/example_task_group_decorator.py
[2022-07-25 04:21:28,288] {processor.py:641} INFO - Processing file /home/hp/miniconda3/envs/airflow_env/lib/python3.8/site-packages/airflow/example_dags/example_task_group_decorator.py for tasks to queue
[2022-07-25 04:21:28,289] {logging_mixin.py:115} INFO - [2022-07-25 04:21:28,288] {dagbag.py:508} INFO - Filling up the DagBag from /home/hp/miniconda3/envs/airflow_env/lib/python3.8/site-packages/airflow/example_dags/example_task_group_decorator.py
[2022-07-25 04:21:28,308] {processor.py:651} INFO - DAG(s) dict_keys(['example_task_group_decorator']) retrieved from /home/hp/miniconda3/envs/airflow_env/lib/python3.8/site-packages/airflow/example_dags/example_task_group_decorator.py
[2022-07-25 04:21:28,332] {logging_mixin.py:115} INFO - [2022-07-25 04:21:28,332] {dag.py:2420} INFO - Sync 1 DAGs
[2022-07-25 04:21:28,408] {logging_mixin.py:115} INFO - [2022-07-25 04:21:28,408] {dag.py:2968} INFO - Setting next_dagrun for example_task_group_decorator to 2022-07-24T01:21:28.408237+00:00, run_after=2022-07-25T01:21:28.408237+00:00
[2022-07-25 04:21:28,419] {processor.py:161} INFO - Processing /home/hp/miniconda3/envs/airflow_env/lib/python3.8/site-packages/airflow/example_dags/example_task_group_decorator.py took 0.136 seconds
[2022-07-25 04:26:52,282] {processor.py:153} INFO - Started process (PID=27863) to work on /home/hp/miniconda3/envs/airflow_env/lib/python3.8/site-packages/airflow/example_dags/example_task_group_decorator.py
[2022-07-25 04:26:52,283] {processor.py:641} INFO - Processing file /home/hp/miniconda3/envs/airflow_env/lib/python3.8/site-packages/airflow/example_dags/example_task_group_decorator.py for tasks to queue
[2022-07-25 04:26:52,283] {logging_mixin.py:115} INFO - [2022-07-25 04:26:52,283] {dagbag.py:508} INFO - Filling up the DagBag from /home/hp/miniconda3/envs/airflow_env/lib/python3.8/site-packages/airflow/example_dags/example_task_group_decorator.py
[2022-07-25 04:26:52,299] {processor.py:651} INFO - DAG(s) dict_keys(['example_task_group_decorator']) retrieved from /home/hp/miniconda3/envs/airflow_env/lib/python3.8/site-packages/airflow/example_dags/example_task_group_decorator.py
[2022-07-25 04:26:52,328] {logging_mixin.py:115} INFO - [2022-07-25 04:26:52,327] {dag.py:2420} INFO - Sync 1 DAGs
[2022-07-25 04:26:52,415] {logging_mixin.py:115} INFO - [2022-07-25 04:26:52,415] {dag.py:2968} INFO - Setting next_dagrun for example_task_group_decorator to 2022-07-24T01:26:52.415212+00:00, run_after=2022-07-25T01:26:52.415212+00:00
[2022-07-25 04:26:52,425] {processor.py:161} INFO - Processing /home/hp/miniconda3/envs/airflow_env/lib/python3.8/site-packages/airflow/example_dags/example_task_group_decorator.py took 0.145 seconds
[2022-07-25 04:32:14,972] {processor.py:153} INFO - Started process (PID=28149) to work on /home/hp/miniconda3/envs/airflow_env/lib/python3.8/site-packages/airflow/example_dags/example_task_group_decorator.py
[2022-07-25 04:32:14,973] {processor.py:641} INFO - Processing file /home/hp/miniconda3/envs/airflow_env/lib/python3.8/site-packages/airflow/example_dags/example_task_group_decorator.py for tasks to queue
[2022-07-25 04:32:14,974] {logging_mixin.py:115} INFO - [2022-07-25 04:32:14,973] {dagbag.py:508} INFO - Filling up the DagBag from /home/hp/miniconda3/envs/airflow_env/lib/python3.8/site-packages/airflow/example_dags/example_task_group_decorator.py
[2022-07-25 04:32:14,992] {processor.py:651} INFO - DAG(s) dict_keys(['example_task_group_decorator']) retrieved from /home/hp/miniconda3/envs/airflow_env/lib/python3.8/site-packages/airflow/example_dags/example_task_group_decorator.py
[2022-07-25 04:32:15,018] {logging_mixin.py:115} INFO - [2022-07-25 04:32:15,018] {dag.py:2420} INFO - Sync 1 DAGs
[2022-07-25 04:32:15,092] {logging_mixin.py:115} INFO - [2022-07-25 04:32:15,092] {dag.py:2968} INFO - Setting next_dagrun for example_task_group_decorator to 2022-07-24T01:32:15.092304+00:00, run_after=2022-07-25T01:32:15.092304+00:00
[2022-07-25 04:32:15,103] {processor.py:161} INFO - Processing /home/hp/miniconda3/envs/airflow_env/lib/python3.8/site-packages/airflow/example_dags/example_task_group_decorator.py took 0.135 seconds
[2022-07-25 04:37:38,308] {processor.py:153} INFO - Started process (PID=28428) to work on /home/hp/miniconda3/envs/airflow_env/lib/python3.8/site-packages/airflow/example_dags/example_task_group_decorator.py
[2022-07-25 04:37:38,310] {processor.py:641} INFO - Processing file /home/hp/miniconda3/envs/airflow_env/lib/python3.8/site-packages/airflow/example_dags/example_task_group_decorator.py for tasks to queue
[2022-07-25 04:37:38,310] {logging_mixin.py:115} INFO - [2022-07-25 04:37:38,310] {dagbag.py:508} INFO - Filling up the DagBag from /home/hp/miniconda3/envs/airflow_env/lib/python3.8/site-packages/airflow/example_dags/example_task_group_decorator.py
[2022-07-25 04:37:38,330] {processor.py:651} INFO - DAG(s) dict_keys(['example_task_group_decorator']) retrieved from /home/hp/miniconda3/envs/airflow_env/lib/python3.8/site-packages/airflow/example_dags/example_task_group_decorator.py
[2022-07-25 04:37:38,430] {logging_mixin.py:115} INFO - [2022-07-25 04:37:38,430] {dag.py:2420} INFO - Sync 1 DAGs
[2022-07-25 04:37:38,438] {logging_mixin.py:115} INFO - [2022-07-25 04:37:38,438] {dag.py:2968} INFO - Setting next_dagrun for example_task_group_decorator to 2022-07-24T01:37:38.438316+00:00, run_after=2022-07-25T01:37:38.438316+00:00
[2022-07-25 04:37:38,448] {processor.py:161} INFO - Processing /home/hp/miniconda3/envs/airflow_env/lib/python3.8/site-packages/airflow/example_dags/example_task_group_decorator.py took 0.144 seconds
[2022-07-25 10:58:15,762] {processor.py:153} INFO - Started process (PID=57025) to work on /home/hp/miniconda3/envs/airflow_env/lib/python3.8/site-packages/airflow/example_dags/example_task_group_decorator.py
[2022-07-25 10:58:15,763] {processor.py:641} INFO - Processing file /home/hp/miniconda3/envs/airflow_env/lib/python3.8/site-packages/airflow/example_dags/example_task_group_decorator.py for tasks to queue
[2022-07-25 10:58:15,763] {logging_mixin.py:115} INFO - [2022-07-25 10:58:15,763] {dagbag.py:508} INFO - Filling up the DagBag from /home/hp/miniconda3/envs/airflow_env/lib/python3.8/site-packages/airflow/example_dags/example_task_group_decorator.py
[2022-07-25 10:58:15,781] {processor.py:651} INFO - DAG(s) dict_keys(['example_task_group_decorator']) retrieved from /home/hp/miniconda3/envs/airflow_env/lib/python3.8/site-packages/airflow/example_dags/example_task_group_decorator.py
[2022-07-25 10:58:15,804] {logging_mixin.py:115} INFO - [2022-07-25 10:58:15,804] {dag.py:2420} INFO - Sync 1 DAGs
[2022-07-25 10:58:15,812] {logging_mixin.py:115} INFO - [2022-07-25 10:58:15,812] {dag.py:2968} INFO - Setting next_dagrun for example_task_group_decorator to 2022-07-24T07:58:15.812276+00:00, run_after=2022-07-25T07:58:15.812276+00:00
[2022-07-25 10:58:15,822] {processor.py:161} INFO - Processing /home/hp/miniconda3/envs/airflow_env/lib/python3.8/site-packages/airflow/example_dags/example_task_group_decorator.py took 0.064 seconds
[2022-07-25 10:58:49,381] {processor.py:153} INFO - Started process (PID=57463) to work on /home/hp/miniconda3/envs/airflow_env/lib/python3.8/site-packages/airflow/example_dags/example_task_group_decorator.py
[2022-07-25 10:58:49,382] {processor.py:641} INFO - Processing file /home/hp/miniconda3/envs/airflow_env/lib/python3.8/site-packages/airflow/example_dags/example_task_group_decorator.py for tasks to queue
[2022-07-25 10:58:49,382] {logging_mixin.py:115} INFO - [2022-07-25 10:58:49,382] {dagbag.py:508} INFO - Filling up the DagBag from /home/hp/miniconda3/envs/airflow_env/lib/python3.8/site-packages/airflow/example_dags/example_task_group_decorator.py
[2022-07-25 10:58:49,400] {processor.py:651} INFO - DAG(s) dict_keys(['example_task_group_decorator']) retrieved from /home/hp/miniconda3/envs/airflow_env/lib/python3.8/site-packages/airflow/example_dags/example_task_group_decorator.py
[2022-07-25 10:58:49,421] {logging_mixin.py:115} INFO - [2022-07-25 10:58:49,421] {dag.py:2420} INFO - Sync 1 DAGs
[2022-07-25 10:58:49,427] {logging_mixin.py:115} INFO - [2022-07-25 10:58:49,427] {dag.py:2968} INFO - Setting next_dagrun for example_task_group_decorator to 2022-07-24T07:58:49.427764+00:00, run_after=2022-07-25T07:58:49.427764+00:00
[2022-07-25 10:58:49,436] {processor.py:161} INFO - Processing /home/hp/miniconda3/envs/airflow_env/lib/python3.8/site-packages/airflow/example_dags/example_task_group_decorator.py took 0.059 seconds
[2022-07-25 10:59:25,353] {processor.py:153} INFO - Started process (PID=57727) to work on /home/hp/miniconda3/envs/airflow_env/lib/python3.8/site-packages/airflow/example_dags/example_task_group_decorator.py
[2022-07-25 10:59:25,354] {processor.py:641} INFO - Processing file /home/hp/miniconda3/envs/airflow_env/lib/python3.8/site-packages/airflow/example_dags/example_task_group_decorator.py for tasks to queue
[2022-07-25 10:59:25,354] {logging_mixin.py:115} INFO - [2022-07-25 10:59:25,354] {dagbag.py:508} INFO - Filling up the DagBag from /home/hp/miniconda3/envs/airflow_env/lib/python3.8/site-packages/airflow/example_dags/example_task_group_decorator.py
[2022-07-25 10:59:25,373] {processor.py:651} INFO - DAG(s) dict_keys(['example_task_group_decorator']) retrieved from /home/hp/miniconda3/envs/airflow_env/lib/python3.8/site-packages/airflow/example_dags/example_task_group_decorator.py
[2022-07-25 10:59:25,396] {logging_mixin.py:115} INFO - [2022-07-25 10:59:25,396] {dag.py:2420} INFO - Sync 1 DAGs
[2022-07-25 10:59:25,403] {logging_mixin.py:115} INFO - [2022-07-25 10:59:25,403] {dag.py:2968} INFO - Setting next_dagrun for example_task_group_decorator to 2022-07-24T07:59:25.403279+00:00, run_after=2022-07-25T07:59:25.403279+00:00
[2022-07-25 10:59:25,412] {processor.py:161} INFO - Processing /home/hp/miniconda3/envs/airflow_env/lib/python3.8/site-packages/airflow/example_dags/example_task_group_decorator.py took 0.063 seconds
[2022-07-25 10:59:59,073] {processor.py:153} INFO - Started process (PID=58248) to work on /home/hp/miniconda3/envs/airflow_env/lib/python3.8/site-packages/airflow/example_dags/example_task_group_decorator.py
[2022-07-25 10:59:59,074] {processor.py:641} INFO - Processing file /home/hp/miniconda3/envs/airflow_env/lib/python3.8/site-packages/airflow/example_dags/example_task_group_decorator.py for tasks to queue
[2022-07-25 10:59:59,075] {logging_mixin.py:115} INFO - [2022-07-25 10:59:59,075] {dagbag.py:508} INFO - Filling up the DagBag from /home/hp/miniconda3/envs/airflow_env/lib/python3.8/site-packages/airflow/example_dags/example_task_group_decorator.py
[2022-07-25 10:59:59,091] {processor.py:651} INFO - DAG(s) dict_keys(['example_task_group_decorator']) retrieved from /home/hp/miniconda3/envs/airflow_env/lib/python3.8/site-packages/airflow/example_dags/example_task_group_decorator.py
[2022-07-25 10:59:59,112] {logging_mixin.py:115} INFO - [2022-07-25 10:59:59,112] {dag.py:2420} INFO - Sync 1 DAGs
[2022-07-25 10:59:59,119] {logging_mixin.py:115} INFO - [2022-07-25 10:59:59,119] {dag.py:2968} INFO - Setting next_dagrun for example_task_group_decorator to 2022-07-24T07:59:59.119559+00:00, run_after=2022-07-25T07:59:59.119559+00:00
[2022-07-25 10:59:59,128] {processor.py:161} INFO - Processing /home/hp/miniconda3/envs/airflow_env/lib/python3.8/site-packages/airflow/example_dags/example_task_group_decorator.py took 0.059 seconds
[2022-07-25 11:00:34,512] {processor.py:153} INFO - Started process (PID=59558) to work on /home/hp/miniconda3/envs/airflow_env/lib/python3.8/site-packages/airflow/example_dags/example_task_group_decorator.py
[2022-07-25 11:00:34,513] {processor.py:641} INFO - Processing file /home/hp/miniconda3/envs/airflow_env/lib/python3.8/site-packages/airflow/example_dags/example_task_group_decorator.py for tasks to queue
[2022-07-25 11:00:34,513] {logging_mixin.py:115} INFO - [2022-07-25 11:00:34,513] {dagbag.py:508} INFO - Filling up the DagBag from /home/hp/miniconda3/envs/airflow_env/lib/python3.8/site-packages/airflow/example_dags/example_task_group_decorator.py
[2022-07-25 11:00:34,529] {processor.py:651} INFO - DAG(s) dict_keys(['example_task_group_decorator']) retrieved from /home/hp/miniconda3/envs/airflow_env/lib/python3.8/site-packages/airflow/example_dags/example_task_group_decorator.py
[2022-07-25 11:00:34,550] {logging_mixin.py:115} INFO - [2022-07-25 11:00:34,550] {dag.py:2420} INFO - Sync 1 DAGs
[2022-07-25 11:00:34,557] {logging_mixin.py:115} INFO - [2022-07-25 11:00:34,557] {dag.py:2968} INFO - Setting next_dagrun for example_task_group_decorator to 2022-07-24T08:00:34.556883+00:00, run_after=2022-07-25T08:00:34.556883+00:00
[2022-07-25 11:00:34,565] {processor.py:161} INFO - Processing /home/hp/miniconda3/envs/airflow_env/lib/python3.8/site-packages/airflow/example_dags/example_task_group_decorator.py took 0.056 seconds
[2022-07-25 11:01:08,283] {processor.py:153} INFO - Started process (PID=59797) to work on /home/hp/miniconda3/envs/airflow_env/lib/python3.8/site-packages/airflow/example_dags/example_task_group_decorator.py
[2022-07-25 11:01:08,283] {processor.py:641} INFO - Processing file /home/hp/miniconda3/envs/airflow_env/lib/python3.8/site-packages/airflow/example_dags/example_task_group_decorator.py for tasks to queue
[2022-07-25 11:01:08,284] {logging_mixin.py:115} INFO - [2022-07-25 11:01:08,284] {dagbag.py:508} INFO - Filling up the DagBag from /home/hp/miniconda3/envs/airflow_env/lib/python3.8/site-packages/airflow/example_dags/example_task_group_decorator.py
[2022-07-25 11:01:08,296] {processor.py:651} INFO - DAG(s) dict_keys(['example_task_group_decorator']) retrieved from /home/hp/miniconda3/envs/airflow_env/lib/python3.8/site-packages/airflow/example_dags/example_task_group_decorator.py
[2022-07-25 11:01:08,322] {logging_mixin.py:115} INFO - [2022-07-25 11:01:08,322] {dag.py:2420} INFO - Sync 1 DAGs
[2022-07-25 11:01:08,330] {logging_mixin.py:115} INFO - [2022-07-25 11:01:08,330] {dag.py:2968} INFO - Setting next_dagrun for example_task_group_decorator to 2022-07-24T08:01:08.330222+00:00, run_after=2022-07-25T08:01:08.330222+00:00
[2022-07-25 11:01:08,340] {processor.py:161} INFO - Processing /home/hp/miniconda3/envs/airflow_env/lib/python3.8/site-packages/airflow/example_dags/example_task_group_decorator.py took 0.059 seconds
[2022-07-25 11:01:44,181] {processor.py:153} INFO - Started process (PID=59953) to work on /home/hp/miniconda3/envs/airflow_env/lib/python3.8/site-packages/airflow/example_dags/example_task_group_decorator.py
[2022-07-25 11:01:44,182] {processor.py:641} INFO - Processing file /home/hp/miniconda3/envs/airflow_env/lib/python3.8/site-packages/airflow/example_dags/example_task_group_decorator.py for tasks to queue
[2022-07-25 11:01:44,182] {logging_mixin.py:115} INFO - [2022-07-25 11:01:44,182] {dagbag.py:508} INFO - Filling up the DagBag from /home/hp/miniconda3/envs/airflow_env/lib/python3.8/site-packages/airflow/example_dags/example_task_group_decorator.py
[2022-07-25 11:01:44,201] {processor.py:651} INFO - DAG(s) dict_keys(['example_task_group_decorator']) retrieved from /home/hp/miniconda3/envs/airflow_env/lib/python3.8/site-packages/airflow/example_dags/example_task_group_decorator.py
[2022-07-25 11:01:44,222] {logging_mixin.py:115} INFO - [2022-07-25 11:01:44,222] {dag.py:2420} INFO - Sync 1 DAGs
[2022-07-25 11:01:44,229] {logging_mixin.py:115} INFO - [2022-07-25 11:01:44,229] {dag.py:2968} INFO - Setting next_dagrun for example_task_group_decorator to 2022-07-24T08:01:44.229385+00:00, run_after=2022-07-25T08:01:44.229385+00:00
[2022-07-25 11:01:44,238] {processor.py:161} INFO - Processing /home/hp/miniconda3/envs/airflow_env/lib/python3.8/site-packages/airflow/example_dags/example_task_group_decorator.py took 0.059 seconds
[2022-07-25 11:02:20,337] {processor.py:153} INFO - Started process (PID=60179) to work on /home/hp/miniconda3/envs/airflow_env/lib/python3.8/site-packages/airflow/example_dags/example_task_group_decorator.py
[2022-07-25 11:02:20,338] {processor.py:641} INFO - Processing file /home/hp/miniconda3/envs/airflow_env/lib/python3.8/site-packages/airflow/example_dags/example_task_group_decorator.py for tasks to queue
[2022-07-25 11:02:20,338] {logging_mixin.py:115} INFO - [2022-07-25 11:02:20,338] {dagbag.py:508} INFO - Filling up the DagBag from /home/hp/miniconda3/envs/airflow_env/lib/python3.8/site-packages/airflow/example_dags/example_task_group_decorator.py
[2022-07-25 11:02:20,359] {processor.py:651} INFO - DAG(s) dict_keys(['example_task_group_decorator']) retrieved from /home/hp/miniconda3/envs/airflow_env/lib/python3.8/site-packages/airflow/example_dags/example_task_group_decorator.py
[2022-07-25 11:02:20,379] {logging_mixin.py:115} INFO - [2022-07-25 11:02:20,379] {dag.py:2420} INFO - Sync 1 DAGs
[2022-07-25 11:02:20,389] {logging_mixin.py:115} INFO - [2022-07-25 11:02:20,389] {dag.py:2968} INFO - Setting next_dagrun for example_task_group_decorator to 2022-07-24T08:02:20.388973+00:00, run_after=2022-07-25T08:02:20.388973+00:00
[2022-07-25 11:02:20,400] {processor.py:161} INFO - Processing /home/hp/miniconda3/envs/airflow_env/lib/python3.8/site-packages/airflow/example_dags/example_task_group_decorator.py took 0.065 seconds
[2022-07-25 11:02:55,776] {processor.py:153} INFO - Started process (PID=61577) to work on /home/hp/miniconda3/envs/airflow_env/lib/python3.8/site-packages/airflow/example_dags/example_task_group_decorator.py
[2022-07-25 11:02:55,777] {processor.py:641} INFO - Processing file /home/hp/miniconda3/envs/airflow_env/lib/python3.8/site-packages/airflow/example_dags/example_task_group_decorator.py for tasks to queue
[2022-07-25 11:02:55,778] {logging_mixin.py:115} INFO - [2022-07-25 11:02:55,778] {dagbag.py:508} INFO - Filling up the DagBag from /home/hp/miniconda3/envs/airflow_env/lib/python3.8/site-packages/airflow/example_dags/example_task_group_decorator.py
[2022-07-25 11:02:55,795] {processor.py:651} INFO - DAG(s) dict_keys(['example_task_group_decorator']) retrieved from /home/hp/miniconda3/envs/airflow_env/lib/python3.8/site-packages/airflow/example_dags/example_task_group_decorator.py
[2022-07-25 11:02:55,803] {logging_mixin.py:115} INFO - [2022-07-25 11:02:55,803] {dag.py:2420} INFO - Sync 1 DAGs
[2022-07-25 11:02:55,812] {logging_mixin.py:115} INFO - [2022-07-25 11:02:55,812] {dag.py:2968} INFO - Setting next_dagrun for example_task_group_decorator to 2022-07-24T08:02:55.812161+00:00, run_after=2022-07-25T08:02:55.812161+00:00
[2022-07-25 11:02:55,822] {processor.py:161} INFO - Processing /home/hp/miniconda3/envs/airflow_env/lib/python3.8/site-packages/airflow/example_dags/example_task_group_decorator.py took 0.050 seconds
[2022-07-25 11:03:31,642] {processor.py:153} INFO - Started process (PID=61799) to work on /home/hp/miniconda3/envs/airflow_env/lib/python3.8/site-packages/airflow/example_dags/example_task_group_decorator.py
[2022-07-25 11:03:31,643] {processor.py:641} INFO - Processing file /home/hp/miniconda3/envs/airflow_env/lib/python3.8/site-packages/airflow/example_dags/example_task_group_decorator.py for tasks to queue
[2022-07-25 11:03:31,644] {logging_mixin.py:115} INFO - [2022-07-25 11:03:31,644] {dagbag.py:508} INFO - Filling up the DagBag from /home/hp/miniconda3/envs/airflow_env/lib/python3.8/site-packages/airflow/example_dags/example_task_group_decorator.py
[2022-07-25 11:03:31,662] {processor.py:651} INFO - DAG(s) dict_keys(['example_task_group_decorator']) retrieved from /home/hp/miniconda3/envs/airflow_env/lib/python3.8/site-packages/airflow/example_dags/example_task_group_decorator.py
[2022-07-25 11:03:31,683] {logging_mixin.py:115} INFO - [2022-07-25 11:03:31,683] {dag.py:2420} INFO - Sync 1 DAGs
[2022-07-25 11:03:31,690] {logging_mixin.py:115} INFO - [2022-07-25 11:03:31,690] {dag.py:2968} INFO - Setting next_dagrun for example_task_group_decorator to 2022-07-24T08:03:31.689977+00:00, run_after=2022-07-25T08:03:31.689977+00:00
[2022-07-25 11:03:31,699] {processor.py:161} INFO - Processing /home/hp/miniconda3/envs/airflow_env/lib/python3.8/site-packages/airflow/example_dags/example_task_group_decorator.py took 0.061 seconds
[2022-07-25 11:04:08,805] {processor.py:153} INFO - Started process (PID=62043) to work on /home/hp/miniconda3/envs/airflow_env/lib/python3.8/site-packages/airflow/example_dags/example_task_group_decorator.py
[2022-07-25 11:04:08,805] {processor.py:641} INFO - Processing file /home/hp/miniconda3/envs/airflow_env/lib/python3.8/site-packages/airflow/example_dags/example_task_group_decorator.py for tasks to queue
[2022-07-25 11:04:08,806] {logging_mixin.py:115} INFO - [2022-07-25 11:04:08,806] {dagbag.py:508} INFO - Filling up the DagBag from /home/hp/miniconda3/envs/airflow_env/lib/python3.8/site-packages/airflow/example_dags/example_task_group_decorator.py
[2022-07-25 11:04:08,823] {processor.py:651} INFO - DAG(s) dict_keys(['example_task_group_decorator']) retrieved from /home/hp/miniconda3/envs/airflow_env/lib/python3.8/site-packages/airflow/example_dags/example_task_group_decorator.py
[2022-07-25 11:04:08,848] {logging_mixin.py:115} INFO - [2022-07-25 11:04:08,848] {dag.py:2420} INFO - Sync 1 DAGs
[2022-07-25 11:04:08,860] {logging_mixin.py:115} INFO - [2022-07-25 11:04:08,859] {dag.py:2968} INFO - Setting next_dagrun for example_task_group_decorator to 2022-07-24T08:04:08.859836+00:00, run_after=2022-07-25T08:04:08.859836+00:00
[2022-07-25 11:04:08,870] {processor.py:161} INFO - Processing /home/hp/miniconda3/envs/airflow_env/lib/python3.8/site-packages/airflow/example_dags/example_task_group_decorator.py took 0.069 seconds
[2022-07-25 11:04:41,436] {processor.py:153} INFO - Started process (PID=62291) to work on /home/hp/miniconda3/envs/airflow_env/lib/python3.8/site-packages/airflow/example_dags/example_task_group_decorator.py
[2022-07-25 11:04:41,436] {processor.py:641} INFO - Processing file /home/hp/miniconda3/envs/airflow_env/lib/python3.8/site-packages/airflow/example_dags/example_task_group_decorator.py for tasks to queue
[2022-07-25 11:04:41,436] {logging_mixin.py:115} INFO - [2022-07-25 11:04:41,436] {dagbag.py:508} INFO - Filling up the DagBag from /home/hp/miniconda3/envs/airflow_env/lib/python3.8/site-packages/airflow/example_dags/example_task_group_decorator.py
[2022-07-25 11:04:41,448] {processor.py:651} INFO - DAG(s) dict_keys(['example_task_group_decorator']) retrieved from /home/hp/miniconda3/envs/airflow_env/lib/python3.8/site-packages/airflow/example_dags/example_task_group_decorator.py
[2022-07-25 11:04:41,457] {logging_mixin.py:115} INFO - [2022-07-25 11:04:41,457] {dag.py:2420} INFO - Sync 1 DAGs
[2022-07-25 11:04:41,466] {logging_mixin.py:115} INFO - [2022-07-25 11:04:41,466] {dag.py:2968} INFO - Setting next_dagrun for example_task_group_decorator to 2022-07-24T08:04:41.466743+00:00, run_after=2022-07-25T08:04:41.466743+00:00
[2022-07-25 11:04:41,475] {processor.py:161} INFO - Processing /home/hp/miniconda3/envs/airflow_env/lib/python3.8/site-packages/airflow/example_dags/example_task_group_decorator.py took 0.041 seconds
[2022-07-25 11:05:18,118] {processor.py:153} INFO - Started process (PID=62571) to work on /home/hp/miniconda3/envs/airflow_env/lib/python3.8/site-packages/airflow/example_dags/example_task_group_decorator.py
[2022-07-25 11:05:18,119] {processor.py:641} INFO - Processing file /home/hp/miniconda3/envs/airflow_env/lib/python3.8/site-packages/airflow/example_dags/example_task_group_decorator.py for tasks to queue
[2022-07-25 11:05:18,120] {logging_mixin.py:115} INFO - [2022-07-25 11:05:18,120] {dagbag.py:508} INFO - Filling up the DagBag from /home/hp/miniconda3/envs/airflow_env/lib/python3.8/site-packages/airflow/example_dags/example_task_group_decorator.py
[2022-07-25 11:05:18,134] {processor.py:651} INFO - DAG(s) dict_keys(['example_task_group_decorator']) retrieved from /home/hp/miniconda3/envs/airflow_env/lib/python3.8/site-packages/airflow/example_dags/example_task_group_decorator.py
[2022-07-25 11:05:18,142] {logging_mixin.py:115} INFO - [2022-07-25 11:05:18,142] {dag.py:2420} INFO - Sync 1 DAGs
[2022-07-25 11:05:18,150] {logging_mixin.py:115} INFO - [2022-07-25 11:05:18,150] {dag.py:2968} INFO - Setting next_dagrun for example_task_group_decorator to 2022-07-24T08:05:18.150738+00:00, run_after=2022-07-25T08:05:18.150738+00:00
[2022-07-25 11:05:18,159] {processor.py:161} INFO - Processing /home/hp/miniconda3/envs/airflow_env/lib/python3.8/site-packages/airflow/example_dags/example_task_group_decorator.py took 0.042 seconds
[2022-07-25 11:05:51,208] {processor.py:153} INFO - Started process (PID=62810) to work on /home/hp/miniconda3/envs/airflow_env/lib/python3.8/site-packages/airflow/example_dags/example_task_group_decorator.py
[2022-07-25 11:05:51,209] {processor.py:641} INFO - Processing file /home/hp/miniconda3/envs/airflow_env/lib/python3.8/site-packages/airflow/example_dags/example_task_group_decorator.py for tasks to queue
[2022-07-25 11:05:51,209] {logging_mixin.py:115} INFO - [2022-07-25 11:05:51,209] {dagbag.py:508} INFO - Filling up the DagBag from /home/hp/miniconda3/envs/airflow_env/lib/python3.8/site-packages/airflow/example_dags/example_task_group_decorator.py
[2022-07-25 11:05:51,221] {processor.py:651} INFO - DAG(s) dict_keys(['example_task_group_decorator']) retrieved from /home/hp/miniconda3/envs/airflow_env/lib/python3.8/site-packages/airflow/example_dags/example_task_group_decorator.py
[2022-07-25 11:05:51,229] {logging_mixin.py:115} INFO - [2022-07-25 11:05:51,229] {dag.py:2420} INFO - Sync 1 DAGs
[2022-07-25 11:05:51,238] {logging_mixin.py:115} INFO - [2022-07-25 11:05:51,238] {dag.py:2968} INFO - Setting next_dagrun for example_task_group_decorator to 2022-07-24T08:05:51.238014+00:00, run_after=2022-07-25T08:05:51.238014+00:00
[2022-07-25 11:05:51,246] {processor.py:161} INFO - Processing /home/hp/miniconda3/envs/airflow_env/lib/python3.8/site-packages/airflow/example_dags/example_task_group_decorator.py took 0.039 seconds
[2022-07-25 11:06:26,354] {processor.py:153} INFO - Started process (PID=63079) to work on /home/hp/miniconda3/envs/airflow_env/lib/python3.8/site-packages/airflow/example_dags/example_task_group_decorator.py
[2022-07-25 11:06:26,354] {processor.py:641} INFO - Processing file /home/hp/miniconda3/envs/airflow_env/lib/python3.8/site-packages/airflow/example_dags/example_task_group_decorator.py for tasks to queue
[2022-07-25 11:06:26,355] {logging_mixin.py:115} INFO - [2022-07-25 11:06:26,355] {dagbag.py:508} INFO - Filling up the DagBag from /home/hp/miniconda3/envs/airflow_env/lib/python3.8/site-packages/airflow/example_dags/example_task_group_decorator.py
[2022-07-25 11:06:26,373] {processor.py:651} INFO - DAG(s) dict_keys(['example_task_group_decorator']) retrieved from /home/hp/miniconda3/envs/airflow_env/lib/python3.8/site-packages/airflow/example_dags/example_task_group_decorator.py
[2022-07-25 11:06:26,406] {logging_mixin.py:115} INFO - [2022-07-25 11:06:26,406] {dag.py:2420} INFO - Sync 1 DAGs
[2022-07-25 11:06:26,419] {logging_mixin.py:115} INFO - [2022-07-25 11:06:26,419] {dag.py:2968} INFO - Setting next_dagrun for example_task_group_decorator to 2022-07-24T08:06:26.419240+00:00, run_after=2022-07-25T08:06:26.419240+00:00
[2022-07-25 11:06:26,437] {processor.py:161} INFO - Processing /home/hp/miniconda3/envs/airflow_env/lib/python3.8/site-packages/airflow/example_dags/example_task_group_decorator.py took 0.086 seconds
[2022-07-25 11:07:01,822] {processor.py:153} INFO - Started process (PID=63370) to work on /home/hp/miniconda3/envs/airflow_env/lib/python3.8/site-packages/airflow/example_dags/example_task_group_decorator.py
[2022-07-25 11:07:01,823] {processor.py:641} INFO - Processing file /home/hp/miniconda3/envs/airflow_env/lib/python3.8/site-packages/airflow/example_dags/example_task_group_decorator.py for tasks to queue
[2022-07-25 11:07:01,824] {logging_mixin.py:115} INFO - [2022-07-25 11:07:01,824] {dagbag.py:508} INFO - Filling up the DagBag from /home/hp/miniconda3/envs/airflow_env/lib/python3.8/site-packages/airflow/example_dags/example_task_group_decorator.py
[2022-07-25 11:07:01,842] {processor.py:651} INFO - DAG(s) dict_keys(['example_task_group_decorator']) retrieved from /home/hp/miniconda3/envs/airflow_env/lib/python3.8/site-packages/airflow/example_dags/example_task_group_decorator.py
[2022-07-25 11:07:01,850] {logging_mixin.py:115} INFO - [2022-07-25 11:07:01,850] {dag.py:2420} INFO - Sync 1 DAGs
[2022-07-25 11:07:01,858] {logging_mixin.py:115} INFO - [2022-07-25 11:07:01,858] {dag.py:2968} INFO - Setting next_dagrun for example_task_group_decorator to 2022-07-24T08:07:01.858738+00:00, run_after=2022-07-25T08:07:01.858738+00:00
[2022-07-25 11:07:01,868] {processor.py:161} INFO - Processing /home/hp/miniconda3/envs/airflow_env/lib/python3.8/site-packages/airflow/example_dags/example_task_group_decorator.py took 0.050 seconds
[2022-07-25 11:07:36,508] {processor.py:153} INFO - Started process (PID=63689) to work on /home/hp/miniconda3/envs/airflow_env/lib/python3.8/site-packages/airflow/example_dags/example_task_group_decorator.py
[2022-07-25 11:07:36,509] {processor.py:641} INFO - Processing file /home/hp/miniconda3/envs/airflow_env/lib/python3.8/site-packages/airflow/example_dags/example_task_group_decorator.py for tasks to queue
[2022-07-25 11:07:36,509] {logging_mixin.py:115} INFO - [2022-07-25 11:07:36,509] {dagbag.py:508} INFO - Filling up the DagBag from /home/hp/miniconda3/envs/airflow_env/lib/python3.8/site-packages/airflow/example_dags/example_task_group_decorator.py
[2022-07-25 11:07:36,525] {processor.py:651} INFO - DAG(s) dict_keys(['example_task_group_decorator']) retrieved from /home/hp/miniconda3/envs/airflow_env/lib/python3.8/site-packages/airflow/example_dags/example_task_group_decorator.py
[2022-07-25 11:07:36,548] {logging_mixin.py:115} INFO - [2022-07-25 11:07:36,548] {dag.py:2420} INFO - Sync 1 DAGs
[2022-07-25 11:07:36,555] {logging_mixin.py:115} INFO - [2022-07-25 11:07:36,555] {dag.py:2968} INFO - Setting next_dagrun for example_task_group_decorator to 2022-07-24T08:07:36.555473+00:00, run_after=2022-07-25T08:07:36.555473+00:00
[2022-07-25 11:07:36,565] {processor.py:161} INFO - Processing /home/hp/miniconda3/envs/airflow_env/lib/python3.8/site-packages/airflow/example_dags/example_task_group_decorator.py took 0.062 seconds
[2022-07-25 11:08:11,074] {processor.py:153} INFO - Started process (PID=63989) to work on /home/hp/miniconda3/envs/airflow_env/lib/python3.8/site-packages/airflow/example_dags/example_task_group_decorator.py
[2022-07-25 11:08:11,075] {processor.py:641} INFO - Processing file /home/hp/miniconda3/envs/airflow_env/lib/python3.8/site-packages/airflow/example_dags/example_task_group_decorator.py for tasks to queue
[2022-07-25 11:08:11,075] {logging_mixin.py:115} INFO - [2022-07-25 11:08:11,075] {dagbag.py:508} INFO - Filling up the DagBag from /home/hp/miniconda3/envs/airflow_env/lib/python3.8/site-packages/airflow/example_dags/example_task_group_decorator.py
[2022-07-25 11:08:11,088] {processor.py:651} INFO - DAG(s) dict_keys(['example_task_group_decorator']) retrieved from /home/hp/miniconda3/envs/airflow_env/lib/python3.8/site-packages/airflow/example_dags/example_task_group_decorator.py
[2022-07-25 11:08:11,112] {logging_mixin.py:115} INFO - [2022-07-25 11:08:11,111] {dag.py:2420} INFO - Sync 1 DAGs
[2022-07-25 11:08:11,120] {logging_mixin.py:115} INFO - [2022-07-25 11:08:11,120] {dag.py:2968} INFO - Setting next_dagrun for example_task_group_decorator to 2022-07-24T08:08:11.119918+00:00, run_after=2022-07-25T08:08:11.119918+00:00
[2022-07-25 11:08:11,130] {processor.py:161} INFO - Processing /home/hp/miniconda3/envs/airflow_env/lib/python3.8/site-packages/airflow/example_dags/example_task_group_decorator.py took 0.058 seconds
                                                                                                                                                                                                                                                                                                                                                                                                                                                                                                                                                                                                                                                                                                                                                                                                                                                                                                                                                                                                                                                                                                                                                                                                                                                                                                                                                                                                                                                                                                           