[2022-07-25 03:02:42,601] {processor.py:153} INFO - Started process (PID=20737) to work on /home/hp/miniconda3/envs/airflow_env/lib/python3.8/site-packages/airflow/example_dags/example_branch_labels.py
[2022-07-25 03:02:42,601] {processor.py:641} INFO - Processing file /home/hp/miniconda3/envs/airflow_env/lib/python3.8/site-packages/airflow/example_dags/example_branch_labels.py for tasks to queue
[2022-07-25 03:02:42,602] {logging_mixin.py:115} INFO - [2022-07-25 03:02:42,602] {dagbag.py:508} INFO - Filling up the DagBag from /home/hp/miniconda3/envs/airflow_env/lib/python3.8/site-packages/airflow/example_dags/example_branch_labels.py
[2022-07-25 03:02:42,609] {processor.py:651} INFO - DAG(s) dict_keys(['example_branch_labels']) retrieved from /home/hp/miniconda3/envs/airflow_env/lib/python3.8/site-packages/airflow/example_dags/example_branch_labels.py
[2022-07-25 03:02:42,624] {logging_mixin.py:115} INFO - [2022-07-25 03:02:42,624] {dag.py:2420} INFO - Sync 1 DAGs
[2022-07-25 03:02:42,643] {logging_mixin.py:115} INFO - [2022-07-25 03:02:42,643] {dag.py:2968} INFO - Setting next_dagrun for example_branch_labels to 2022-07-24T00:00:00+00:00, run_after=2022-07-25T00:00:00+00:00
[2022-07-25 03:02:42,667] {processor.py:161} INFO - Processing /home/hp/miniconda3/envs/airflow_env/lib/python3.8/site-packages/airflow/example_dags/example_branch_labels.py took 0.081 seconds
[2022-07-25 03:07:22,952] {processor.py:153} INFO - Started process (PID=21441) to work on /home/hp/miniconda3/envs/airflow_env/lib/python3.8/site-packages/airflow/example_dags/example_branch_labels.py
[2022-07-25 03:07:22,954] {processor.py:641} INFO - Processing file /home/hp/miniconda3/envs/airflow_env/lib/python3.8/site-packages/airflow/example_dags/example_branch_labels.py for tasks to queue
[2022-07-25 03:07:22,955] {logging_mixin.py:115} INFO - [2022-07-25 03:07:22,955] {dagbag.py:508} INFO - Filling up the DagBag from /home/hp/miniconda3/envs/airflow_env/lib/python3.8/site-packages/airflow/example_dags/example_branch_labels.py
[2022-07-25 03:07:22,963] {processor.py:651} INFO - DAG(s) dict_keys(['example_branch_labels']) retrieved from /home/hp/miniconda3/envs/airflow_env/lib/python3.8/site-packages/airflow/example_dags/example_branch_labels.py
[2022-07-25 03:07:22,972] {logging_mixin.py:115} INFO - [2022-07-25 03:07:22,972] {dag.py:2420} INFO - Sync 1 DAGs
[2022-07-25 03:07:22,982] {logging_mixin.py:115} INFO - [2022-07-25 03:07:22,982] {dag.py:2968} INFO - Setting next_dagrun for example_branch_labels to 2022-07-24T00:00:00+00:00, run_after=2022-07-25T00:00:00+00:00
[2022-07-25 03:07:22,992] {processor.py:161} INFO - Processing /home/hp/miniconda3/envs/airflow_env/lib/python3.8/site-packages/airflow/example_dags/example_branch_labels.py took 0.044 seconds
[2022-07-25 03:12:49,770] {processor.py:153} INFO - Started process (PID=21914) to work on /home/hp/miniconda3/envs/airflow_env/lib/python3.8/site-packages/airflow/example_dags/example_branch_labels.py
[2022-07-25 03:12:49,772] {processor.py:641} INFO - Processing file /home/hp/miniconda3/envs/airflow_env/lib/python3.8/site-packages/airflow/example_dags/example_branch_labels.py for tasks to queue
[2022-07-25 03:12:49,772] {logging_mixin.py:115} INFO - [2022-07-25 03:12:49,772] {dagbag.py:508} INFO - Filling up the DagBag from /home/hp/miniconda3/envs/airflow_env/lib/python3.8/site-packages/airflow/example_dags/example_branch_labels.py
[2022-07-25 03:12:49,780] {processor.py:651} INFO - DAG(s) dict_keys(['example_branch_labels']) retrieved from /home/hp/miniconda3/envs/airflow_env/lib/python3.8/site-packages/airflow/example_dags/example_branch_labels.py
[2022-07-25 03:12:49,788] {logging_mixin.py:115} INFO - [2022-07-25 03:12:49,788] {dag.py:2420} INFO - Sync 1 DAGs
[2022-07-25 03:12:49,800] {logging_mixin.py:115} INFO - [2022-07-25 03:12:49,800] {dag.py:2968} INFO - Setting next_dagrun for example_branch_labels to 2022-07-24T00:00:00+00:00, run_after=2022-07-25T00:00:00+00:00
[2022-07-25 03:12:49,809] {processor.py:161} INFO - Processing /home/hp/miniconda3/envs/airflow_env/lib/python3.8/site-packages/airflow/example_dags/example_branch_labels.py took 0.042 seconds
[2022-07-25 03:18:12,049] {processor.py:153} INFO - Started process (PID=22365) to work on /home/hp/miniconda3/envs/airflow_env/lib/python3.8/site-packages/airflow/example_dags/example_branch_labels.py
[2022-07-25 03:18:12,050] {processor.py:641} INFO - Processing file /home/hp/miniconda3/envs/airflow_env/lib/python3.8/site-packages/airflow/example_dags/example_branch_labels.py for tasks to queue
[2022-07-25 03:18:12,051] {logging_mixin.py:115} INFO - [2022-07-25 03:18:12,051] {dagbag.py:508} INFO - Filling up the DagBag from /home/hp/miniconda3/envs/airflow_env/lib/python3.8/site-packages/airflow/example_dags/example_branch_labels.py
[2022-07-25 03:18:12,060] {processor.py:651} INFO - DAG(s) dict_keys(['example_branch_labels']) retrieved from /home/hp/miniconda3/envs/airflow_env/lib/python3.8/site-packages/airflow/example_dags/example_branch_labels.py
[2022-07-25 03:18:12,069] {logging_mixin.py:115} INFO - [2022-07-25 03:18:12,069] {dag.py:2420} INFO - Sync 1 DAGs
[2022-07-25 03:18:12,080] {logging_mixin.py:115} INFO - [2022-07-25 03:18:12,080] {dag.py:2968} INFO - Setting next_dagrun for example_branch_labels to 2022-07-24T00:00:00+00:00, run_after=2022-07-25T00:00:00+00:00
[2022-07-25 03:18:12,088] {processor.py:161} INFO - Processing /home/hp/miniconda3/envs/airflow_env/lib/python3.8/site-packages/airflow/example_dags/example_branch_labels.py took 0.043 seconds
[2022-07-25 03:23:33,772] {processor.py:153} INFO - Started process (PID=22836) to work on /home/hp/miniconda3/envs/airflow_env/lib/python3.8/site-packages/airflow/example_dags/example_branch_labels.py
[2022-07-25 03:23:33,773] {processor.py:641} INFO - Processing file /home/hp/miniconda3/envs/airflow_env/lib/python3.8/site-packages/airflow/example_dags/example_branch_labels.py for tasks to queue
[2022-07-25 03:23:33,774] {logging_mixin.py:115} INFO - [2022-07-25 03:23:33,774] {dagbag.py:508} INFO - Filling up the DagBag from /home/hp/miniconda3/envs/airflow_env/lib/python3.8/site-packages/airflow/example_dags/example_branch_labels.py
[2022-07-25 03:23:33,783] {processor.py:651} INFO - DAG(s) dict_keys(['example_branch_labels']) retrieved from /home/hp/miniconda3/envs/airflow_env/lib/python3.8/site-packages/airflow/example_dags/example_branch_labels.py
[2022-07-25 03:23:33,793] {logging_mixin.py:115} INFO - [2022-07-25 03:23:33,793] {dag.py:2420} INFO - Sync 1 DAGs
[2022-07-25 03:23:33,804] {logging_mixin.py:115} INFO - [2022-07-25 03:23:33,804] {dag.py:2968} INFO - Setting next_dagrun for example_branch_labels to 2022-07-24T00:00:00+00:00, run_after=2022-07-25T00:00:00+00:00
[2022-07-25 03:23:33,813] {processor.py:161} INFO - Processing /home/hp/miniconda3/envs/airflow_env/lib/python3.8/site-packages/airflow/example_dags/example_branch_labels.py took 0.045 seconds
[2022-07-25 03:30:34,296] {processor.py:153} INFO - Started process (PID=23428) to work on /home/hp/miniconda3/envs/airflow_env/lib/python3.8/site-packages/airflow/example_dags/example_branch_labels.py
[2022-07-25 03:30:34,298] {processor.py:641} INFO - Processing file /home/hp/miniconda3/envs/airflow_env/lib/python3.8/site-packages/airflow/example_dags/example_branch_labels.py for tasks to queue
[2022-07-25 03:30:34,298] {logging_mixin.py:115} INFO - [2022-07-25 03:30:34,298] {dagbag.py:508} INFO - Filling up the DagBag from /home/hp/miniconda3/envs/airflow_env/lib/python3.8/site-packages/airflow/example_dags/example_branch_labels.py
[2022-07-25 03:30:34,304] {processor.py:651} INFO - DAG(s) dict_keys(['example_branch_labels']) retrieved from /home/hp/miniconda3/envs/airflow_env/lib/python3.8/site-packages/airflow/example_dags/example_branch_labels.py
[2022-07-25 03:30:34,314] {logging_mixin.py:115} INFO - [2022-07-25 03:30:34,314] {dag.py:2420} INFO - Sync 1 DAGs
[2022-07-25 03:30:34,324] {logging_mixin.py:115} INFO - [2022-07-25 03:30:34,324] {dag.py:2968} INFO - Setting next_dagrun for example_branch_labels to 2022-07-24T00:00:00+00:00, run_after=2022-07-25T00:00:00+00:00
[2022-07-25 03:30:34,334] {processor.py:161} INFO - Processing /home/hp/miniconda3/envs/airflow_env/lib/python3.8/site-packages/airflow/example_dags/example_branch_labels.py took 0.042 seconds
[2022-07-25 03:33:52,656] {processor.py:153} INFO - Started process (PID=23969) to work on /home/hp/miniconda3/envs/airflow_env/lib/python3.8/site-packages/airflow/example_dags/example_branch_labels.py
[2022-07-25 03:33:52,656] {processor.py:641} INFO - Processing file /home/hp/miniconda3/envs/airflow_env/lib/python3.8/site-packages/airflow/example_dags/example_branch_labels.py for tasks to queue
[2022-07-25 03:33:52,657] {logging_mixin.py:115} INFO - [2022-07-25 03:33:52,657] {dagbag.py:508} INFO - Filling up the DagBag from /home/hp/miniconda3/envs/airflow_env/lib/python3.8/site-packages/airflow/example_dags/example_branch_labels.py
[2022-07-25 03:33:52,665] {processor.py:651} INFO - DAG(s) dict_keys(['example_branch_labels']) retrieved from /home/hp/miniconda3/envs/airflow_env/lib/python3.8/site-packages/airflow/example_dags/example_branch_labels.py
[2022-07-25 03:33:52,675] {logging_mixin.py:115} INFO - [2022-07-25 03:33:52,675] {dag.py:2420} INFO - Sync 1 DAGs
[2022-07-25 03:33:52,687] {logging_mixin.py:115} INFO - [2022-07-25 03:33:52,687] {dag.py:2968} INFO - Setting next_dagrun for example_branch_labels to 2022-07-24T00:00:00+00:00, run_after=2022-07-25T00:00:00+00:00
[2022-07-25 03:33:52,697] {processor.py:161} INFO - Processing /home/hp/miniconda3/envs/airflow_env/lib/python3.8/site-packages/airflow/example_dags/example_branch_labels.py took 0.045 seconds
[2022-07-25 03:39:16,940] {processor.py:153} INFO - Started process (PID=24399) to work on /home/hp/miniconda3/envs/airflow_env/lib/python3.8/site-packages/airflow/example_dags/example_branch_labels.py
[2022-07-25 03:39:16,941] {processor.py:641} INFO - Processing file /home/hp/miniconda3/envs/airflow_env/lib/python3.8/site-packages/airflow/example_dags/example_branch_labels.py for tasks to queue
[2022-07-25 03:39:16,942] {logging_mixin.py:115} INFO - [2022-07-25 03:39:16,942] {dagbag.py:508} INFO - Filling up the DagBag from /home/hp/miniconda3/envs/airflow_env/lib/python3.8/site-packages/airflow/example_dags/example_branch_labels.py
[2022-07-25 03:39:16,950] {processor.py:651} INFO - DAG(s) dict_keys(['example_branch_labels']) retrieved from /home/hp/miniconda3/envs/airflow_env/lib/python3.8/site-packages/airflow/example_dags/example_branch_labels.py
[2022-07-25 03:39:16,961] {logging_mixin.py:115} INFO - [2022-07-25 03:39:16,961] {dag.py:2420} INFO - Sync 1 DAGs
[2022-07-25 03:39:16,970] {logging_mixin.py:115} INFO - [2022-07-25 03:39:16,970] {dag.py:2968} INFO - Setting next_dagrun for example_branch_labels to 2022-07-24T00:00:00+00:00, run_after=2022-07-25T00:00:00+00:00
[2022-07-25 03:39:16,981] {processor.py:161} INFO - Processing /home/hp/miniconda3/envs/airflow_env/lib/python3.8/site-packages/airflow/example_dags/example_branch_labels.py took 0.045 seconds
[2022-07-25 03:44:40,288] {processor.py:153} INFO - Started process (PID=24863) to work on /home/hp/miniconda3/envs/airflow_env/lib/python3.8/site-packages/airflow/example_dags/example_branch_labels.py
[2022-07-25 03:44:40,289] {processor.py:641} INFO - Processing file /home/hp/miniconda3/envs/airflow_env/lib/python3.8/site-packages/airflow/example_dags/example_branch_labels.py for tasks to queue
[2022-07-25 03:44:40,290] {logging_mixin.py:115} INFO - [2022-07-25 03:44:40,290] {dagbag.py:508} INFO - Filling up the DagBag from /home/hp/miniconda3/envs/airflow_env/lib/python3.8/site-packages/airflow/example_dags/example_branch_labels.py
[2022-07-25 03:44:40,297] {processor.py:651} INFO - DAG(s) dict_keys(['example_branch_labels']) retrieved from /home/hp/miniconda3/envs/airflow_env/lib/python3.8/site-packages/airflow/example_dags/example_branch_labels.py
[2022-07-25 03:44:40,307] {logging_mixin.py:115} INFO - [2022-07-25 03:44:40,306] {dag.py:2420} INFO - Sync 1 DAGs
[2022-07-25 03:44:40,316] {logging_mixin.py:115} INFO - [2022-07-25 03:44:40,316] {dag.py:2968} INFO - Setting next_dagrun for example_branch_labels to 2022-07-24T00:00:00+00:00, run_after=2022-07-25T00:00:00+00:00
[2022-07-25 03:44:40,326] {processor.py:161} INFO - Processing /home/hp/miniconda3/envs/airflow_env/lib/python3.8/site-packages/airflow/example_dags/example_branch_labels.py took 0.042 seconds
[2022-07-25 03:50:02,933] {processor.py:153} INFO - Started process (PID=25212) to work on /home/hp/miniconda3/envs/airflow_env/lib/python3.8/site-packages/airflow/example_dags/example_branch_labels.py
[2022-07-25 03:50:02,934] {processor.py:641} INFO - Processing file /home/hp/miniconda3/envs/airflow_env/lib/python3.8/site-packages/airflow/example_dags/example_branch_labels.py for tasks to queue
[2022-07-25 03:50:02,934] {logging_mixin.py:115} INFO - [2022-07-25 03:50:02,934] {dagbag.py:508} INFO - Filling up the DagBag from /home/hp/miniconda3/envs/airflow_env/lib/python3.8/site-packages/airflow/example_dags/example_branch_labels.py
[2022-07-25 03:50:02,941] {processor.py:651} INFO - DAG(s) dict_keys(['example_branch_labels']) retrieved from /home/hp/miniconda3/envs/airflow_env/lib/python3.8/site-packages/airflow/example_dags/example_branch_labels.py
[2022-07-25 03:50:02,950] {logging_mixin.py:115} INFO - [2022-07-25 03:50:02,950] {dag.py:2420} INFO - Sync 1 DAGs
[2022-07-25 03:50:02,961] {logging_mixin.py:115} INFO - [2022-07-25 03:50:02,961] {dag.py:2968} INFO - Setting next_dagrun for example_branch_labels to 2022-07-24T00:00:00+00:00, run_after=2022-07-25T00:00:00+00:00
[2022-07-25 03:50:02,970] {processor.py:161} INFO - Processing /home/hp/miniconda3/envs/airflow_env/lib/python3.8/site-packages/airflow/example_dags/example_branch_labels.py took 0.041 seconds
[2022-07-25 04:00:14,053] {processor.py:153} INFO - Started process (PID=25696) to work on /home/hp/miniconda3/envs/airflow_env/lib/python3.8/site-packages/airflow/example_dags/example_branch_labels.py
[2022-07-25 04:00:14,054] {processor.py:641} INFO - Processing file /home/hp/miniconda3/envs/airflow_env/lib/python3.8/site-packages/airflow/example_dags/example_branch_labels.py for tasks to queue
[2022-07-25 04:00:14,054] {logging_mixin.py:115} INFO - [2022-07-25 04:00:14,054] {dagbag.py:508} INFO - Filling up the DagBag from /home/hp/miniconda3/envs/airflow_env/lib/python3.8/site-packages/airflow/example_dags/example_branch_labels.py
[2022-07-25 04:00:14,062] {processor.py:651} INFO - DAG(s) dict_keys(['example_branch_labels']) retrieved from /home/hp/miniconda3/envs/airflow_env/lib/python3.8/site-packages/airflow/example_dags/example_branch_labels.py
[2022-07-25 04:00:14,072] {logging_mixin.py:115} INFO - [2022-07-25 04:00:14,072] {dag.py:2420} INFO - Sync 1 DAGs
[2022-07-25 04:00:14,083] {logging_mixin.py:115} INFO - [2022-07-25 04:00:14,083] {dag.py:2968} INFO - Setting next_dagrun for example_branch_labels to 2022-07-24T00:00:00+00:00, run_after=2022-07-25T00:00:00+00:00
[2022-07-25 04:00:14,093] {processor.py:161} INFO - Processing /home/hp/miniconda3/envs/airflow_env/lib/python3.8/site-packages/airflow/example_dags/example_branch_labels.py took 0.044 seconds
[2022-07-25 04:00:52,991] {processor.py:153} INFO - Started process (PID=25964) to work on /home/hp/miniconda3/envs/airflow_env/lib/python3.8/site-packages/airflow/example_dags/example_branch_labels.py
[2022-07-25 04:00:52,992] {processor.py:641} INFO - Processing file /home/hp/miniconda3/envs/airflow_env/lib/python3.8/site-packages/airflow/example_dags/example_branch_labels.py for tasks to queue
[2022-07-25 04:00:52,992] {logging_mixin.py:115} INFO - [2022-07-25 04:00:52,992] {dagbag.py:508} INFO - Filling up the DagBag from /home/hp/miniconda3/envs/airflow_env/lib/python3.8/site-packages/airflow/example_dags/example_branch_labels.py
[2022-07-25 04:00:53,001] {processor.py:651} INFO - DAG(s) dict_keys(['example_branch_labels']) retrieved from /home/hp/miniconda3/envs/airflow_env/lib/python3.8/site-packages/airflow/example_dags/example_branch_labels.py
[2022-07-25 04:00:53,012] {logging_mixin.py:115} INFO - [2022-07-25 04:00:53,012] {dag.py:2420} INFO - Sync 1 DAGs
[2022-07-25 04:00:53,021] {logging_mixin.py:115} INFO - [2022-07-25 04:00:53,021] {dag.py:2968} INFO - Setting next_dagrun for example_branch_labels to 2022-07-24T00:00:00+00:00, run_after=2022-07-25T00:00:00+00:00
[2022-07-25 04:00:53,032] {processor.py:161} INFO - Processing /home/hp/miniconda3/envs/airflow_env/lib/python3.8/site-packages/airflow/example_dags/example_branch_labels.py took 0.045 seconds
[2022-07-25 04:02:08,275] {processor.py:153} INFO - Started process (PID=26372) to work on /home/hp/miniconda3/envs/airflow_env/lib/python3.8/site-packages/airflow/example_dags/example_branch_labels.py
[2022-07-25 04:02:08,278] {processor.py:641} INFO - Processing file /home/hp/miniconda3/envs/airflow_env/lib/python3.8/site-packages/airflow/example_dags/example_branch_labels.py for tasks to queue
[2022-07-25 04:02:08,287] {logging_mixin.py:115} INFO - [2022-07-25 04:02:08,286] {dagbag.py:508} INFO - Filling up the DagBag from /home/hp/miniconda3/envs/airflow_env/lib/python3.8/site-packages/airflow/example_dags/example_branch_labels.py
[2022-07-25 04:02:08,533] {processor.py:651} INFO - DAG(s) dict_keys(['example_branch_labels']) retrieved from /home/hp/miniconda3/envs/airflow_env/lib/python3.8/site-packages/airflow/example_dags/example_branch_labels.py
[2022-07-25 04:02:08,723] {logging_mixin.py:115} INFO - [2022-07-25 04:02:08,723] {dag.py:2420} INFO - Sync 1 DAGs
[2022-07-25 04:02:08,816] {logging_mixin.py:115} INFO - [2022-07-25 04:02:08,815] {dag.py:2968} INFO - Setting next_dagrun for example_branch_labels to 2022-07-24T00:00:00+00:00, run_after=2022-07-25T00:00:00+00:00
[2022-07-25 04:02:08,839] {processor.py:161} INFO - Processing /home/hp/miniconda3/envs/airflow_env/lib/python3.8/site-packages/airflow/example_dags/example_branch_labels.py took 0.571 seconds
[2022-07-25 04:05:37,316] {processor.py:153} INFO - Started process (PID=26752) to work on /home/hp/miniconda3/envs/airflow_env/lib/python3.8/site-packages/airflow/example_dags/example_branch_labels.py
[2022-07-25 04:05:37,317] {processor.py:641} INFO - Processing file /home/hp/miniconda3/envs/airflow_env/lib/python3.8/site-packages/airflow/example_dags/example_branch_labels.py for tasks to queue
[2022-07-25 04:05:37,317] {logging_mixin.py:115} INFO - [2022-07-25 04:05:37,317] {dagbag.py:508} INFO - Filling up the DagBag from /home/hp/miniconda3/envs/airflow_env/lib/python3.8/site-packages/airflow/example_dags/example_branch_labels.py
[2022-07-25 04:05:37,325] {processor.py:651} INFO - DAG(s) dict_keys(['example_branch_labels']) retrieved from /home/hp/miniconda3/envs/airflow_env/lib/python3.8/site-packages/airflow/example_dags/example_branch_labels.py
[2022-07-25 04:05:37,335] {logging_mixin.py:115} INFO - [2022-07-25 04:05:37,335] {dag.py:2420} INFO - Sync 1 DAGs
[2022-07-25 04:05:37,344] {logging_mixin.py:115} INFO - [2022-07-25 04:05:37,344] {dag.py:2968} INFO - Setting next_dagrun for example_branch_labels to 2022-07-24T00:00:00+00:00, run_after=2022-07-25T00:00:00+00:00
[2022-07-25 04:05:37,354] {processor.py:161} INFO - Processing /home/hp/miniconda3/envs/airflow_env/lib/python3.8/site-packages/airflow/example_dags/example_branch_labels.py took 0.042 seconds
[2022-07-25 04:11:01,511] {processor.py:153} INFO - Started process (PID=27041) to work on /home/hp/miniconda3/envs/airflow_env/lib/python3.8/site-packages/airflow/example_dags/example_branch_labels.py
[2022-07-25 04:11:01,512] {processor.py:641} INFO - Processing file /home/hp/miniconda3/envs/airflow_env/lib/python3.8/site-packages/airflow/example_dags/example_branch_labels.py for tasks to queue
[2022-07-25 04:11:01,513] {logging_mixin.py:115} INFO - [2022-07-25 04:11:01,513] {dagbag.py:508} INFO - Filling up the DagBag from /home/hp/miniconda3/envs/airflow_env/lib/python3.8/site-packages/airflow/example_dags/example_branch_labels.py
[2022-07-25 04:11:01,521] {processor.py:651} INFO - DAG(s) dict_keys(['example_branch_labels']) retrieved from /home/hp/miniconda3/envs/airflow_env/lib/python3.8/site-packages/airflow/example_dags/example_branch_labels.py
[2022-07-25 04:11:01,529] {logging_mixin.py:115} INFO - [2022-07-25 04:11:01,529] {dag.py:2420} INFO - Sync 1 DAGs
[2022-07-25 04:11:01,539] {logging_mixin.py:115} INFO - [2022-07-25 04:11:01,539] {dag.py:2968} INFO - Setting next_dagrun for example_branch_labels to 2022-07-24T00:00:00+00:00, run_after=2022-07-25T00:00:00+00:00
[2022-07-25 04:11:01,549] {processor.py:161} INFO - Processing /home/hp/miniconda3/envs/airflow_env/lib/python3.8/site-packages/airflow/example_dags/example_branch_labels.py took 0.042 seconds
[2022-07-25 04:16:24,238] {processor.py:153} INFO - Started process (PID=27336) to work on /home/hp/miniconda3/envs/airflow_env/lib/python3.8/site-packages/airflow/example_dags/example_branch_labels.py
[2022-07-25 04:16:24,239] {processor.py:641} INFO - Processing file /home/hp/miniconda3/envs/airflow_env/lib/python3.8/site-packages/airflow/example_dags/example_branch_labels.py for tasks to queue
[2022-07-25 04:16:24,240] {logging_mixin.py:115} INFO - [2022-07-25 04:16:24,240] {dagbag.py:508} INFO - Filling up the DagBag from /home/hp/miniconda3/envs/airflow_env/lib/python3.8/site-packages/airflow/example_dags/example_branch_labels.py
[2022-07-25 04:16:24,249] {processor.py:651} INFO - DAG(s) dict_keys(['example_branch_labels']) retrieved from /home/hp/miniconda3/envs/airflow_env/lib/python3.8/site-packages/airflow/example_dags/example_branch_labels.py
[2022-07-25 04:16:24,259] {logging_mixin.py:115} INFO - [2022-07-25 04:16:24,259] {dag.py:2420} INFO - Sync 1 DAGs
[2022-07-25 04:16:24,271] {logging_mixin.py:115} INFO - [2022-07-25 04:16:24,270] {dag.py:2968} INFO - Setting next_dagrun for example_branch_labels to 2022-07-24T00:00:00+00:00, run_after=2022-07-25T00:00:00+00:00
[2022-07-25 04:16:24,281] {processor.py:161} INFO - Processing /home/hp/miniconda3/envs/airflow_env/lib/python3.8/site-packages/airflow/example_dags/example_branch_labels.py took 0.047 seconds
[2022-07-25 04:21:48,864] {processor.py:153} INFO - Started process (PID=27607) to work on /home/hp/miniconda3/envs/airflow_env/lib/python3.8/site-packages/airflow/example_dags/example_branch_labels.py
[2022-07-25 04:21:48,865] {processor.py:641} INFO - Processing file /home/hp/miniconda3/envs/airflow_env/lib/python3.8/site-packages/airflow/example_dags/example_branch_labels.py for tasks to queue
[2022-07-25 04:21:48,866] {logging_mixin.py:115} INFO - [2022-07-25 04:21:48,866] {dagbag.py:508} INFO - Filling up the DagBag from /home/hp/miniconda3/envs/airflow_env/lib/python3.8/site-packages/airflow/example_dags/example_branch_labels.py
[2022-07-25 04:21:48,870] {processor.py:651} INFO - DAG(s) dict_keys(['example_branch_labels']) retrieved from /home/hp/miniconda3/envs/airflow_env/lib/python3.8/site-packages/airflow/example_dags/example_branch_labels.py
[2022-07-25 04:21:48,880] {logging_mixin.py:115} INFO - [2022-07-25 04:21:48,880] {dag.py:2420} INFO - Sync 1 DAGs
[2022-07-25 04:21:48,894] {logging_mixin.py:115} INFO - [2022-07-25 04:21:48,894] {dag.py:2968} INFO - Setting next_dagrun for example_branch_labels to 2022-07-24T00:00:00+00:00, run_after=2022-07-25T00:00:00+00:00
[2022-07-25 04:21:48,911] {processor.py:161} INFO - Processing /home/hp/miniconda3/envs/airflow_env/lib/python3.8/site-packages/airflow/example_dags/example_branch_labels.py took 0.048 seconds
[2022-07-25 04:31:58,885] {processor.py:153} INFO - Started process (PID=28060) to work on /home/hp/miniconda3/envs/airflow_env/lib/python3.8/site-packages/airflow/example_dags/example_branch_labels.py
[2022-07-25 04:31:58,886] {processor.py:641} INFO - Processing file /home/hp/miniconda3/envs/airflow_env/lib/python3.8/site-packages/airflow/example_dags/example_branch_labels.py for tasks to queue
[2022-07-25 04:31:58,887] {logging_mixin.py:115} INFO - [2022-07-25 04:31:58,887] {dagbag.py:508} INFO - Filling up the DagBag from /home/hp/miniconda3/envs/airflow_env/lib/python3.8/site-packages/airflow/example_dags/example_branch_labels.py
[2022-07-25 04:31:58,894] {processor.py:651} INFO - DAG(s) dict_keys(['example_branch_labels']) retrieved from /home/hp/miniconda3/envs/airflow_env/lib/python3.8/site-packages/airflow/example_dags/example_branch_labels.py
[2022-07-25 04:31:58,903] {logging_mixin.py:115} INFO - [2022-07-25 04:31:58,903] {dag.py:2420} INFO - Sync 1 DAGs
[2022-07-25 04:31:58,914] {logging_mixin.py:115} INFO - [2022-07-25 04:31:58,914] {dag.py:2968} INFO - Setting next_dagrun for example_branch_labels to 2022-07-24T00:00:00+00:00, run_after=2022-07-25T00:00:00+00:00
[2022-07-25 04:31:58,925] {processor.py:161} INFO - Processing /home/hp/miniconda3/envs/airflow_env/lib/python3.8/site-packages/airflow/example_dags/example_branch_labels.py took 0.044 seconds
[2022-07-25 04:37:23,560] {processor.py:153} INFO - Started process (PID=28400) to work on /home/hp/miniconda3/envs/airflow_env/lib/python3.8/site-packages/airflow/example_dags/example_branch_labels.py
[2022-07-25 04:37:23,561] {processor.py:641} INFO - Processing file /home/hp/miniconda3/envs/airflow_env/lib/python3.8/site-packages/airflow/example_dags/example_branch_labels.py for tasks to queue
[2022-07-25 04:37:23,562] {logging_mixin.py:115} INFO - [2022-07-25 04:37:23,562] {dagbag.py:508} INFO - Filling up the DagBag from /home/hp/miniconda3/envs/airflow_env/lib/python3.8/site-packages/airflow/example_dags/example_branch_labels.py
[2022-07-25 04:37:23,571] {processor.py:651} INFO - DAG(s) dict_keys(['example_branch_labels']) retrieved from /home/hp/miniconda3/envs/airflow_env/lib/python3.8/site-packages/airflow/example_dags/example_branch_labels.py
[2022-07-25 04:37:23,580] {logging_mixin.py:115} INFO - [2022-07-25 04:37:23,580] {dag.py:2420} INFO - Sync 1 DAGs
[2022-07-25 04:37:23,589] {logging_mixin.py:115} INFO - [2022-07-25 04:37:23,589] {dag.py:2968} INFO - Setting next_dagrun for example_branch_labels to 2022-07-24T00:00:00+00:00, run_after=2022-07-25T00:00:00+00:00
[2022-07-25 04:37:23,598] {processor.py:161} INFO - Processing /home/hp/miniconda3/envs/airflow_env/lib/python3.8/site-packages/airflow/example_dags/example_branch_labels.py took 0.042 seconds
[2022-07-25 10:58:33,950] {processor.py:153} INFO - Started process (PID=57278) to work on /home/hp/miniconda3/envs/airflow_env/lib/python3.8/site-packages/airflow/example_dags/example_branch_labels.py
[2022-07-25 10:58:33,951] {processor.py:641} INFO - Processing file /home/hp/miniconda3/envs/airflow_env/lib/python3.8/site-packages/airflow/example_dags/example_branch_labels.py for tasks to queue
[2022-07-25 10:58:33,951] {logging_mixin.py:115} INFO - [2022-07-25 10:58:33,951] {dagbag.py:508} INFO - Filling up the DagBag from /home/hp/miniconda3/envs/airflow_env/lib/python3.8/site-packages/airflow/example_dags/example_branch_labels.py
[2022-07-25 10:58:33,955] {processor.py:651} INFO - DAG(s) dict_keys(['example_branch_labels']) retrieved from /home/hp/miniconda3/envs/airflow_env/lib/python3.8/site-packages/airflow/example_dags/example_branch_labels.py
[2022-07-25 10:58:33,962] {logging_mixin.py:115} INFO - [2022-07-25 10:58:33,962] {dag.py:2420} INFO - Sync 1 DAGs
[2022-07-25 10:58:33,971] {logging_mixin.py:115} INFO - [2022-07-25 10:58:33,971] {dag.py:2968} INFO - Setting next_dagrun for example_branch_labels to 2022-07-24T00:00:00+00:00, run_after=2022-07-25T00:00:00+00:00
[2022-07-25 10:58:33,979] {processor.py:161} INFO - Processing /home/hp/miniconda3/envs/airflow_env/lib/python3.8/site-packages/airflow/example_dags/example_branch_labels.py took 0.032 seconds
[2022-07-25 10:59:09,951] {processor.py:153} INFO - Started process (PID=57588) to work on /home/hp/miniconda3/envs/airflow_env/lib/python3.8/site-packages/airflow/example_dags/example_branch_labels.py
[2022-07-25 10:59:09,952] {processor.py:641} INFO - Processing file /home/hp/miniconda3/envs/airflow_env/lib/python3.8/site-packages/airflow/example_dags/example_branch_labels.py for tasks to queue
[2022-07-25 10:59:09,952] {logging_mixin.py:115} INFO - [2022-07-25 10:59:09,952] {dagbag.py:508} INFO - Filling up the DagBag from /home/hp/miniconda3/envs/airflow_env/lib/python3.8/site-packages/airflow/example_dags/example_branch_labels.py
[2022-07-25 10:59:09,957] {processor.py:651} INFO - DAG(s) dict_keys(['example_branch_labels']) retrieved from /home/hp/miniconda3/envs/airflow_env/lib/python3.8/site-packages/airflow/example_dags/example_branch_labels.py
[2022-07-25 10:59:09,967] {logging_mixin.py:115} INFO - [2022-07-25 10:59:09,967] {dag.py:2420} INFO - Sync 1 DAGs
[2022-07-25 10:59:09,978] {logging_mixin.py:115} INFO - [2022-07-25 10:59:09,977] {dag.py:2968} INFO - Setting next_dagrun for example_branch_labels to 2022-07-24T00:00:00+00:00, run_after=2022-07-25T00:00:00+00:00
[2022-07-25 10:59:09,986] {processor.py:161} INFO - Processing /home/hp/miniconda3/envs/airflow_env/lib/python3.8/site-packages/airflow/example_dags/example_branch_labels.py took 0.037 seconds
[2022-07-25 10:59:43,653] {processor.py:153} INFO - Started process (PID=57844) to work on /home/hp/miniconda3/envs/airflow_env/lib/python3.8/site-packages/airflow/example_dags/example_branch_labels.py
[2022-07-25 10:59:43,654] {processor.py:641} INFO - Processing file /home/hp/miniconda3/envs/airflow_env/lib/python3.8/site-packages/airflow/example_dags/example_branch_labels.py for tasks to queue
[2022-07-25 10:59:43,655] {logging_mixin.py:115} INFO - [2022-07-25 10:59:43,655] {dagbag.py:508} INFO - Filling up the DagBag from /home/hp/miniconda3/envs/airflow_env/lib/python3.8/site-packages/airflow/example_dags/example_branch_labels.py
[2022-07-25 10:59:43,658] {processor.py:651} INFO - DAG(s) dict_keys(['example_branch_labels']) retrieved from /home/hp/miniconda3/envs/airflow_env/lib/python3.8/site-packages/airflow/example_dags/example_branch_labels.py
[2022-07-25 10:59:43,667] {logging_mixin.py:115} INFO - [2022-07-25 10:59:43,667] {dag.py:2420} INFO - Sync 1 DAGs
[2022-07-25 10:59:43,676] {logging_mixin.py:115} INFO - [2022-07-25 10:59:43,676] {dag.py:2968} INFO - Setting next_dagrun for example_branch_labels to 2022-07-24T00:00:00+00:00, run_after=2022-07-25T00:00:00+00:00
[2022-07-25 10:59:43,685] {processor.py:161} INFO - Processing /home/hp/miniconda3/envs/airflow_env/lib/python3.8/site-packages/airflow/example_dags/example_branch_labels.py took 0.036 seconds
[2022-07-25 11:00:18,731] {processor.py:153} INFO - Started process (PID=59203) to work on /home/hp/miniconda3/envs/airflow_env/lib/python3.8/site-packages/airflow/example_dags/example_branch_labels.py
[2022-07-25 11:00:18,732] {processor.py:641} INFO - Processing file /home/hp/miniconda3/envs/airflow_env/lib/python3.8/site-packages/airflow/example_dags/example_branch_labels.py for tasks to queue
[2022-07-25 11:00:18,732] {logging_mixin.py:115} INFO - [2022-07-25 11:00:18,732] {dagbag.py:508} INFO - Filling up the DagBag from /home/hp/miniconda3/envs/airflow_env/lib/python3.8/site-packages/airflow/example_dags/example_branch_labels.py
[2022-07-25 11:00:18,739] {processor.py:651} INFO - DAG(s) dict_keys(['example_branch_labels']) retrieved from /home/hp/miniconda3/envs/airflow_env/lib/python3.8/site-packages/airflow/example_dags/example_branch_labels.py
[2022-07-25 11:00:18,749] {logging_mixin.py:115} INFO - [2022-07-25 11:00:18,749] {dag.py:2420} INFO - Sync 1 DAGs
[2022-07-25 11:00:18,758] {logging_mixin.py:115} INFO - [2022-07-25 11:00:18,758] {dag.py:2968} INFO - Setting next_dagrun for example_branch_labels to 2022-07-24T00:00:00+00:00, run_after=2022-07-25T00:00:00+00:00
[2022-07-25 11:00:18,766] {processor.py:161} INFO - Processing /home/hp/miniconda3/envs/airflow_env/lib/python3.8/site-packages/airflow/example_dags/example_branch_labels.py took 0.037 seconds
[2022-07-25 11:00:53,597] {processor.py:153} INFO - Started process (PID=59715) to work on /home/hp/miniconda3/envs/airflow_env/lib/python3.8/site-packages/airflow/example_dags/example_branch_labels.py
[2022-07-25 11:00:53,598] {processor.py:641} INFO - Processing file /home/hp/miniconda3/envs/airflow_env/lib/python3.8/site-packages/airflow/example_dags/example_branch_labels.py for tasks to queue
[2022-07-25 11:00:53,598] {logging_mixin.py:115} INFO - [2022-07-25 11:00:53,598] {dagbag.py:508} INFO - Filling up the DagBag from /home/hp/miniconda3/envs/airflow_env/lib/python3.8/site-packages/airflow/example_dags/example_branch_labels.py
[2022-07-25 11:00:53,607] {processor.py:651} INFO - DAG(s) dict_keys(['example_branch_labels']) retrieved from /home/hp/miniconda3/envs/airflow_env/lib/python3.8/site-packages/airflow/example_dags/example_branch_labels.py
[2022-07-25 11:00:53,617] {logging_mixin.py:115} INFO - [2022-07-25 11:00:53,617] {dag.py:2420} INFO - Sync 1 DAGs
[2022-07-25 11:00:53,625] {logging_mixin.py:115} INFO - [2022-07-25 11:00:53,625] {dag.py:2968} INFO - Setting next_dagrun for example_branch_labels to 2022-07-24T00:00:00+00:00, run_after=2022-07-25T00:00:00+00:00
[2022-07-25 11:00:53,633] {processor.py:161} INFO - Processing /home/hp/miniconda3/envs/airflow_env/lib/python3.8/site-packages/airflow/example_dags/example_branch_labels.py took 0.038 seconds
[2022-07-25 11:01:27,604] {processor.py:153} INFO - Started process (PID=59900) to work on /home/hp/miniconda3/envs/airflow_env/lib/python3.8/site-packages/airflow/example_dags/example_branch_labels.py
[2022-07-25 11:01:27,605] {processor.py:641} INFO - Processing file /home/hp/miniconda3/envs/airflow_env/lib/python3.8/site-packages/airflow/example_dags/example_branch_labels.py for tasks to queue
[2022-07-25 11:01:27,605] {logging_mixin.py:115} INFO - [2022-07-25 11:01:27,605] {dagbag.py:508} INFO - Filling up the DagBag from /home/hp/miniconda3/envs/airflow_env/lib/python3.8/site-packages/airflow/example_dags/example_branch_labels.py
[2022-07-25 11:01:27,610] {processor.py:651} INFO - DAG(s) dict_keys(['example_branch_labels']) retrieved from /home/hp/miniconda3/envs/airflow_env/lib/python3.8/site-packages/airflow/example_dags/example_branch_labels.py
[2022-07-25 11:01:27,620] {logging_mixin.py:115} INFO - [2022-07-25 11:01:27,620] {dag.py:2420} INFO - Sync 1 DAGs
[2022-07-25 11:01:27,628] {logging_mixin.py:115} INFO - [2022-07-25 11:01:27,628] {dag.py:2968} INFO - Setting next_dagrun for example_branch_labels to 2022-07-24T00:00:00+00:00, run_after=2022-07-25T00:00:00+00:00
[2022-07-25 11:01:27,636] {processor.py:161} INFO - Processing /home/hp/miniconda3/envs/airflow_env/lib/python3.8/site-packages/airflow/example_dags/example_branch_labels.py took 0.034 seconds
[2022-07-25 11:02:04,612] {processor.py:153} INFO - Started process (PID=60109) to work on /home/hp/miniconda3/envs/airflow_env/lib/python3.8/site-packages/airflow/example_dags/example_branch_labels.py
[2022-07-25 11:02:04,613] {processor.py:641} INFO - Processing file /home/hp/miniconda3/envs/airflow_env/lib/python3.8/site-packages/airflow/example_dags/example_branch_labels.py for tasks to queue
[2022-07-25 11:02:04,614] {logging_mixin.py:115} INFO - [2022-07-25 11:02:04,614] {dagbag.py:508} INFO - Filling up the DagBag from /home/hp/miniconda3/envs/airflow_env/lib/python3.8/site-packages/airflow/example_dags/example_branch_labels.py
[2022-07-25 11:02:04,619] {processor.py:651} INFO - DAG(s) dict_keys(['example_branch_labels']) retrieved from /home/hp/miniconda3/envs/airflow_env/lib/python3.8/site-packages/airflow/example_dags/example_branch_labels.py
[2022-07-25 11:02:04,629] {logging_mixin.py:115} INFO - [2022-07-25 11:02:04,628] {dag.py:2420} INFO - Sync 1 DAGs
[2022-07-25 11:02:04,640] {logging_mixin.py:115} INFO - [2022-07-25 11:02:04,640] {dag.py:2968} INFO - Setting next_dagrun for example_branch_labels to 2022-07-24T00:00:00+00:00, run_after=2022-07-25T00:00:00+00:00
[2022-07-25 11:02:04,648] {processor.py:161} INFO - Processing /home/hp/miniconda3/envs/airflow_env/lib/python3.8/site-packages/airflow/example_dags/example_branch_labels.py took 0.038 seconds
[2022-07-25 11:02:38,462] {processor.py:153} INFO - Started process (PID=60741) to work on /home/hp/miniconda3/envs/airflow_env/lib/python3.8/site-packages/airflow/example_dags/example_branch_labels.py
[2022-07-25 11:02:38,463] {processor.py:641} INFO - Processing file /home/hp/miniconda3/envs/airflow_env/lib/python3.8/site-packages/airflow/example_dags/example_branch_labels.py for tasks to queue
[2022-07-25 11:02:38,464] {logging_mixin.py:115} INFO - [2022-07-25 11:02:38,463] {dagbag.py:508} INFO - Filling up the DagBag from /home/hp/miniconda3/envs/airflow_env/lib/python3.8/site-packages/airflow/example_dags/example_branch_labels.py
[2022-07-25 11:02:38,471] {processor.py:651} INFO - DAG(s) dict_keys(['example_branch_labels']) retrieved from /home/hp/miniconda3/envs/airflow_env/lib/python3.8/site-packages/airflow/example_dags/example_branch_labels.py
[2022-07-25 11:02:38,479] {logging_mixin.py:115} INFO - [2022-07-25 11:02:38,479] {dag.py:2420} INFO - Sync 1 DAGs
[2022-07-25 11:02:38,487] {logging_mixin.py:115} INFO - [2022-07-25 11:02:38,487] {dag.py:2968} INFO - Setting next_dagrun for example_branch_labels to 2022-07-24T00:00:00+00:00, run_after=2022-07-25T00:00:00+00:00
[2022-07-25 11:02:38,495] {processor.py:161} INFO - Processing /home/hp/miniconda3/envs/airflow_env/lib/python3.8/site-packages/airflow/example_dags/example_branch_labels.py took 0.038 seconds
[2022-07-25 11:03:15,212] {processor.py:153} INFO - Started process (PID=61667) to work on /home/hp/miniconda3/envs/airflow_env/lib/python3.8/site-packages/airflow/example_dags/example_branch_labels.py
[2022-07-25 11:03:15,213] {processor.py:641} INFO - Processing file /home/hp/miniconda3/envs/airflow_env/lib/python3.8/site-packages/airflow/example_dags/example_branch_labels.py for tasks to queue
[2022-07-25 11:03:15,214] {logging_mixin.py:115} INFO - [2022-07-25 11:03:15,214] {dagbag.py:508} INFO - Filling up the DagBag from /home/hp/miniconda3/envs/airflow_env/lib/python3.8/site-packages/airflow/example_dags/example_branch_labels.py
[2022-07-25 11:03:15,220] {processor.py:651} INFO - DAG(s) dict_keys(['example_branch_labels']) retrieved from /home/hp/miniconda3/envs/airflow_env/lib/python3.8/site-packages/airflow/example_dags/example_branch_labels.py
[2022-07-25 11:03:15,228] {logging_mixin.py:115} INFO - [2022-07-25 11:03:15,228] {dag.py:2420} INFO - Sync 1 DAGs
[2022-07-25 11:03:15,237] {logging_mixin.py:115} INFO - [2022-07-25 11:03:15,237] {dag.py:2968} INFO - Setting next_dagrun for example_branch_labels to 2022-07-24T00:00:00+00:00, run_after=2022-07-25T00:00:00+00:00
[2022-07-25 11:03:15,245] {processor.py:161} INFO - Processing /home/hp/miniconda3/envs/airflow_env/lib/python3.8/site-packages/airflow/example_dags/example_branch_labels.py took 0.034 seconds
[2022-07-25 11:03:51,906] {processor.py:153} INFO - Started process (PID=61893) to work on /home/hp/miniconda3/envs/airflow_env/lib/python3.8/site-packages/airflow/example_dags/example_branch_labels.py
[2022-07-25 11:03:51,907] {processor.py:641} INFO - Processing file /home/hp/miniconda3/envs/airflow_env/lib/python3.8/site-packages/airflow/example_dags/example_branch_labels.py for tasks to queue
[2022-07-25 11:03:51,907] {logging_mixin.py:115} INFO - [2022-07-25 11:03:51,907] {dagbag.py:508} INFO - Filling up the DagBag from /home/hp/miniconda3/envs/airflow_env/lib/python3.8/site-packages/airflow/example_dags/example_branch_labels.py
[2022-07-25 11:03:51,911] {processor.py:651} INFO - DAG(s) dict_keys(['example_branch_labels']) retrieved from /home/hp/miniconda3/envs/airflow_env/lib/python3.8/site-packages/airflow/example_dags/example_branch_labels.py
[2022-07-25 11:03:51,920] {logging_mixin.py:115} INFO - [2022-07-25 11:03:51,920] {dag.py:2420} INFO - Sync 1 DAGs
[2022-07-25 11:03:51,933] {logging_mixin.py:115} INFO - [2022-07-25 11:03:51,933] {dag.py:2968} INFO - Setting next_dagrun for example_branch_labels to 2022-07-24T00:00:00+00:00, run_after=2022-07-25T00:00:00+00:00
[2022-07-25 11:03:51,947] {processor.py:161} INFO - Processing /home/hp/miniconda3/envs/airflow_env/lib/python3.8/site-packages/airflow/example_dags/example_branch_labels.py took 0.043 seconds
[2022-07-25 11:04:27,018] {processor.py:153} INFO - Started process (PID=62171) to work on /home/hp/miniconda3/envs/airflow_env/lib/python3.8/site-packages/airflow/example_dags/example_branch_labels.py
[2022-07-25 11:04:27,019] {processor.py:641} INFO - Processing file /home/hp/miniconda3/envs/airflow_env/lib/python3.8/site-packages/airflow/example_dags/example_branch_labels.py for tasks to queue
[2022-07-25 11:04:27,019] {logging_mixin.py:115} INFO - [2022-07-25 11:04:27,019] {dagbag.py:508} INFO - Filling up the DagBag from /home/hp/miniconda3/envs/airflow_env/lib/python3.8/site-packages/airflow/example_dags/example_branch_labels.py
[2022-07-25 11:04:27,025] {processor.py:651} INFO - DAG(s) dict_keys(['example_branch_labels']) retrieved from /home/hp/miniconda3/envs/airflow_env/lib/python3.8/site-packages/airflow/example_dags/example_branch_labels.py
[2022-07-25 11:04:27,035] {logging_mixin.py:115} INFO - [2022-07-25 11:04:27,035] {dag.py:2420} INFO - Sync 1 DAGs
[2022-07-25 11:04:27,044] {logging_mixin.py:115} INFO - [2022-07-25 11:04:27,044] {dag.py:2968} INFO - Setting next_dagrun for example_branch_labels to 2022-07-24T00:00:00+00:00, run_after=2022-07-25T00:00:00+00:00
[2022-07-25 11:04:27,053] {processor.py:161} INFO - Processing /home/hp/miniconda3/envs/airflow_env/lib/python3.8/site-packages/airflow/example_dags/example_branch_labels.py took 0.037 seconds
[2022-07-25 11:05:01,704] {processor.py:153} INFO - Started process (PID=62506) to work on /home/hp/miniconda3/envs/airflow_env/lib/python3.8/site-packages/airflow/example_dags/example_branch_labels.py
[2022-07-25 11:05:01,705] {processor.py:641} INFO - Processing file /home/hp/miniconda3/envs/airflow_env/lib/python3.8/site-packages/airflow/example_dags/example_branch_labels.py for tasks to queue
[2022-07-25 11:05:01,705] {logging_mixin.py:115} INFO - [2022-07-25 11:05:01,705] {dagbag.py:508} INFO - Filling up the DagBag from /home/hp/miniconda3/envs/airflow_env/lib/python3.8/site-packages/airflow/example_dags/example_branch_labels.py
[2022-07-25 11:05:01,708] {processor.py:651} INFO - DAG(s) dict_keys(['example_branch_labels']) retrieved from /home/hp/miniconda3/envs/airflow_env/lib/python3.8/site-packages/airflow/example_dags/example_branch_labels.py
[2022-07-25 11:05:01,716] {logging_mixin.py:115} INFO - [2022-07-25 11:05:01,716] {dag.py:2420} INFO - Sync 1 DAGs
[2022-07-25 11:05:01,724] {logging_mixin.py:115} INFO - [2022-07-25 11:05:01,724] {dag.py:2968} INFO - Setting next_dagrun for example_branch_labels to 2022-07-24T00:00:00+00:00, run_after=2022-07-25T00:00:00+00:00
[2022-07-25 11:05:01,734] {processor.py:161} INFO - Processing /home/hp/miniconda3/envs/airflow_env/lib/python3.8/site-packages/airflow/example_dags/example_branch_labels.py took 0.031 seconds
[2022-07-25 11:05:35,810] {processor.py:153} INFO - Started process (PID=62735) to work on /home/hp/miniconda3/envs/airflow_env/lib/python3.8/site-packages/airflow/example_dags/example_branch_labels.py
[2022-07-25 11:05:35,811] {processor.py:641} INFO - Processing file /home/hp/miniconda3/envs/airflow_env/lib/python3.8/site-packages/airflow/example_dags/example_branch_labels.py for tasks to queue
[2022-07-25 11:05:35,811] {logging_mixin.py:115} INFO - [2022-07-25 11:05:35,811] {dagbag.py:508} INFO - Filling up the DagBag from /home/hp/miniconda3/envs/airflow_env/lib/python3.8/site-packages/airflow/example_dags/example_branch_labels.py
[2022-07-25 11:05:35,815] {processor.py:651} INFO - DAG(s) dict_keys(['example_branch_labels']) retrieved from /home/hp/miniconda3/envs/airflow_env/lib/python3.8/site-packages/airflow/example_dags/example_branch_labels.py
[2022-07-25 11:05:35,826] {logging_mixin.py:115} INFO - [2022-07-25 11:05:35,826] {dag.py:2420} INFO - Sync 1 DAGs
[2022-07-25 11:05:35,834] {logging_mixin.py:115} INFO - [2022-07-25 11:05:35,834] {dag.py:2968} INFO - Setting next_dagrun for example_branch_labels to 2022-07-24T00:00:00+00:00, run_after=2022-07-25T00:00:00+00:00
[2022-07-25 11:05:35,844] {processor.py:161} INFO - Processing /home/hp/miniconda3/envs/airflow_env/lib/python3.8/site-packages/airflow/example_dags/example_branch_labels.py took 0.037 seconds
[2022-07-25 11:06:11,215] {processor.py:153} INFO - Started process (PID=62949) to work on /home/hp/miniconda3/envs/airflow_env/lib/python3.8/site-packages/airflow/example_dags/example_branch_labels.py
[2022-07-25 11:06:11,216] {processor.py:641} INFO - Processing file /home/hp/miniconda3/envs/airflow_env/lib/python3.8/site-packages/airflow/example_dags/example_branch_labels.py for tasks to queue
[2022-07-25 11:06:11,216] {logging_mixin.py:115} INFO - [2022-07-25 11:06:11,216] {dagbag.py:508} INFO - Filling up the DagBag from /home/hp/miniconda3/envs/airflow_env/lib/python3.8/site-packages/airflow/example_dags/example_branch_labels.py
[2022-07-25 11:06:11,220] {processor.py:651} INFO - DAG(s) dict_keys(['example_branch_labels']) retrieved from /home/hp/miniconda3/envs/airflow_env/lib/python3.8/site-packages/airflow/example_dags/example_branch_labels.py
[2022-07-25 11:06:11,229] {logging_mixin.py:115} INFO - [2022-07-25 11:06:11,229] {dag.py:2420} INFO - Sync 1 DAGs
[2022-07-25 11:06:11,239] {logging_mixin.py:115} INFO - [2022-07-25 11:06:11,239] {dag.py:2968} INFO - Setting next_dagrun for example_branch_labels to 2022-07-24T00:00:00+00:00, run_after=2022-07-25T00:00:00+00:00
[2022-07-25 11:06:11,248] {processor.py:161} INFO - Processing /home/hp/miniconda3/envs/airflow_env/lib/python3.8/site-packages/airflow/example_dags/example_branch_labels.py took 0.036 seconds
[2022-07-25 11:06:46,418] {processor.py:153} INFO - Started process (PID=63237) to work on /home/hp/miniconda3/envs/airflow_env/lib/python3.8/site-packages/airflow/example_dags/example_branch_labels.py
[2022-07-25 11:06:46,419] {processor.py:641} INFO - Processing file /home/hp/miniconda3/envs/airflow_env/lib/python3.8/site-packages/airflow/example_dags/example_branch_labels.py for tasks to queue
[2022-07-25 11:06:46,419] {logging_mixin.py:115} INFO - [2022-07-25 11:06:46,419] {dagbag.py:508} INFO - Filling up the DagBag from /home/hp/miniconda3/envs/airflow_env/lib/python3.8/site-packages/airflow/example_dags/example_branch_labels.py
[2022-07-25 11:06:46,425] {processor.py:651} INFO - DAG(s) dict_keys(['example_branch_labels']) retrieved from /home/hp/miniconda3/envs/airflow_env/lib/python3.8/site-packages/airflow/example_dags/example_branch_labels.py
[2022-07-25 11:06:46,435] {logging_mixin.py:115} INFO - [2022-07-25 11:06:46,434] {dag.py:2420} INFO - Sync 1 DAGs
[2022-07-25 11:06:46,446] {logging_mixin.py:115} INFO - [2022-07-25 11:06:46,446] {dag.py:2968} INFO - Setting next_dagrun for example_branch_labels to 2022-07-24T00:00:00+00:00, run_after=2022-07-25T00:00:00+00:00
[2022-07-25 11:06:46,457] {processor.py:161} INFO - Processing /home/hp/miniconda3/envs/airflow_env/lib/python3.8/site-packages/airflow/example_dags/example_branch_labels.py took 0.041 seconds
[2022-07-25 11:07:20,085] {processor.py:153} INFO - Started process (PID=63505) to work on /home/hp/miniconda3/envs/airflow_env/lib/python3.8/site-packages/airflow/example_dags/example_branch_labels.py
[2022-07-25 11:07:20,085] {processor.py:641} INFO - Processing file /home/hp/miniconda3/envs/airflow_env/lib/python3.8/site-packages/airflow/example_dags/example_branch_labels.py for tasks to queue
[2022-07-25 11:07:20,085] {logging_mixin.py:115} INFO - [2022-07-25 11:07:20,085] {dagbag.py:508} INFO - Filling up the DagBag from /home/hp/miniconda3/envs/airflow_env/lib/python3.8/site-packages/airflow/example_dags/example_branch_labels.py
[2022-07-25 11:07:20,088] {processor.py:651} INFO - DAG(s) dict_keys(['example_branch_labels']) retrieved from /home/hp/miniconda3/envs/airflow_env/lib/python3.8/site-packages/airflow/example_dags/example_branch_labels.py
[2022-07-25 11:07:20,096] {logging_mixin.py:115} INFO - [2022-07-25 11:07:20,096] {dag.py:2420} INFO - Sync 1 DAGs
[2022-07-25 11:07:20,106] {logging_mixin.py:115} INFO - [2022-07-25 11:07:20,106] {dag.py:2968} INFO - Setting next_dagrun for example_branch_labels to 2022-07-24T00:00:00+00:00, run_after=2022-07-25T00:00:00+00:00
[2022-07-25 11:07:20,116] {processor.py:161} INFO - Processing /home/hp/miniconda3/envs/airflow_env/lib/python3.8/site-packages/airflow/example_dags/example_branch_labels.py took 0.033 seconds
[2022-07-25 11:07:55,942] {processor.py:153} INFO - Started process (PID=63851) to work on /home/hp/miniconda3/envs/airflow_env/lib/python3.8/site-packages/airflow/example_dags/example_branch_labels.py
[2022-07-25 11:07:55,943] {processor.py:641} INFO - Processing file /home/hp/miniconda3/envs/airflow_env/lib/python3.8/site-packages/airflow/example_dags/example_branch_labels.py for tasks to queue
[2022-07-25 11:07:55,943] {logging_mixin.py:115} INFO - [2022-07-25 11:07:55,943] {dagbag.py:508} INFO - Filling up the DagBag from /home/hp/miniconda3/envs/airflow_env/lib/python3.8/site-packages/airflow/example_dags/example_branch_labels.py
[2022-07-25 11:07:55,948] {processor.py:651} INFO - DAG(s) dict_keys(['example_branch_labels']) retrieved from /home/hp/miniconda3/envs/airflow_env/lib/python3.8/site-packages/airflow/example_dags/example_branch_labels.py
[2022-07-25 11:07:55,956] {logging_mixin.py:115} INFO - [2022-07-25 11:07:55,955] {dag.py:2420} INFO - Sync 1 DAGs
[2022-07-25 11:07:55,965] {logging_mixin.py:115} INFO - [2022-07-25 11:07:55,965] {dag.py:2968} INFO - Setting next_dagrun for example_branch_labels to 2022-07-24T00:00:00+00:00, run_after=2022-07-25T00:00:00+00:00
[2022-07-25 11:07:55,976] {processor.py:161} INFO - Processing /home/hp/miniconda3/envs/airflow_env/lib/python3.8/site-packages/airflow/example_dags/example_branch_labels.py took 0.037 seconds
                                                                                                                                                                                                                                                                                                                                                                                                                                                                                                                                                                                                                                                                                                                                                                                                                                                                                                                                                                                                                                                                                                                                                                                                                                                                                                                                                                                                                                            