[2022-07-25 03:07:20,684] {processor.py:153} INFO - Started process (PID=21382) to work on /home/hp/miniconda3/envs/airflow_env/lib/python3.8/site-packages/airflow/example_dags/example_branch_day_of_week_operator.py
[2022-07-25 03:07:20,684] {processor.py:641} INFO - Processing file /home/hp/miniconda3/envs/airflow_env/lib/python3.8/site-packages/airflow/example_dags/example_branch_day_of_week_operator.py for tasks to queue
[2022-07-25 03:07:20,684] {logging_mixin.py:115} INFO - [2022-07-25 03:07:20,684] {dagbag.py:508} INFO - Filling up the DagBag from /home/hp/miniconda3/envs/airflow_env/lib/python3.8/site-packages/airflow/example_dags/example_branch_day_of_week_operator.py
[2022-07-25 03:07:20,690] {processor.py:651} INFO - DAG(s) dict_keys(['example_weekday_branch_operator']) retrieved from /home/hp/miniconda3/envs/airflow_env/lib/python3.8/site-packages/airflow/example_dags/example_branch_day_of_week_operator.py
[2022-07-25 03:07:20,699] {logging_mixin.py:115} INFO - [2022-07-25 03:07:20,699] {dag.py:2420} INFO - Sync 1 DAGs
[2022-07-25 03:07:20,712] {logging_mixin.py:115} INFO - [2022-07-25 03:07:20,712] {dag.py:2968} INFO - Setting next_dagrun for example_weekday_branch_operator to 2022-07-24T00:00:00+00:00, run_after=2022-07-25T00:00:00+00:00
[2022-07-25 03:07:20,725] {processor.py:161} INFO - Processing /home/hp/miniconda3/envs/airflow_env/lib/python3.8/site-packages/airflow/example_dags/example_branch_day_of_week_operator.py took 0.043 seconds
[2022-07-25 03:12:47,494] {processor.py:153} INFO - Started process (PID=21871) to work on /home/hp/miniconda3/envs/airflow_env/lib/python3.8/site-packages/airflow/example_dags/example_branch_day_of_week_operator.py
[2022-07-25 03:12:47,496] {processor.py:641} INFO - Processing file /home/hp/miniconda3/envs/airflow_env/lib/python3.8/site-packages/airflow/example_dags/example_branch_day_of_week_operator.py for tasks to queue
[2022-07-25 03:12:47,496] {logging_mixin.py:115} INFO - [2022-07-25 03:12:47,496] {dagbag.py:508} INFO - Filling up the DagBag from /home/hp/miniconda3/envs/airflow_env/lib/python3.8/site-packages/airflow/example_dags/example_branch_day_of_week_operator.py
[2022-07-25 03:12:47,506] {processor.py:651} INFO - DAG(s) dict_keys(['example_weekday_branch_operator']) retrieved from /home/hp/miniconda3/envs/airflow_env/lib/python3.8/site-packages/airflow/example_dags/example_branch_day_of_week_operator.py
[2022-07-25 03:12:47,516] {logging_mixin.py:115} INFO - [2022-07-25 03:12:47,516] {dag.py:2420} INFO - Sync 1 DAGs
[2022-07-25 03:12:47,526] {logging_mixin.py:115} INFO - [2022-07-25 03:12:47,525] {dag.py:2968} INFO - Setting next_dagrun for example_weekday_branch_operator to 2022-07-24T00:00:00+00:00, run_after=2022-07-25T00:00:00+00:00
[2022-07-25 03:12:47,535] {processor.py:161} INFO - Processing /home/hp/miniconda3/envs/airflow_env/lib/python3.8/site-packages/airflow/example_dags/example_branch_day_of_week_operator.py took 0.045 seconds
[2022-07-25 03:18:10,440] {processor.py:153} INFO - Started process (PID=22363) to work on /home/hp/miniconda3/envs/airflow_env/lib/python3.8/site-packages/airflow/example_dags/example_branch_day_of_week_operator.py
[2022-07-25 03:18:10,442] {processor.py:641} INFO - Processing file /home/hp/miniconda3/envs/airflow_env/lib/python3.8/site-packages/airflow/example_dags/example_branch_day_of_week_operator.py for tasks to queue
[2022-07-25 03:18:10,442] {logging_mixin.py:115} INFO - [2022-07-25 03:18:10,442] {dagbag.py:508} INFO - Filling up the DagBag from /home/hp/miniconda3/envs/airflow_env/lib/python3.8/site-packages/airflow/example_dags/example_branch_day_of_week_operator.py
[2022-07-25 03:18:10,451] {processor.py:651} INFO - DAG(s) dict_keys(['example_weekday_branch_operator']) retrieved from /home/hp/miniconda3/envs/airflow_env/lib/python3.8/site-packages/airflow/example_dags/example_branch_day_of_week_operator.py
[2022-07-25 03:18:10,462] {logging_mixin.py:115} INFO - [2022-07-25 03:18:10,462] {dag.py:2420} INFO - Sync 1 DAGs
[2022-07-25 03:18:10,473] {logging_mixin.py:115} INFO - [2022-07-25 03:18:10,473] {dag.py:2968} INFO - Setting next_dagrun for example_weekday_branch_operator to 2022-07-24T00:00:00+00:00, run_after=2022-07-25T00:00:00+00:00
[2022-07-25 03:18:10,483] {processor.py:161} INFO - Processing /home/hp/miniconda3/envs/airflow_env/lib/python3.8/site-packages/airflow/example_dags/example_branch_day_of_week_operator.py took 0.047 seconds
[2022-07-25 03:23:32,481] {processor.py:153} INFO - Started process (PID=22822) to work on /home/hp/miniconda3/envs/airflow_env/lib/python3.8/site-packages/airflow/example_dags/example_branch_day_of_week_operator.py
[2022-07-25 03:23:32,483] {processor.py:641} INFO - Processing file /home/hp/miniconda3/envs/airflow_env/lib/python3.8/site-packages/airflow/example_dags/example_branch_day_of_week_operator.py for tasks to queue
[2022-07-25 03:23:32,483] {logging_mixin.py:115} INFO - [2022-07-25 03:23:32,483] {dagbag.py:508} INFO - Filling up the DagBag from /home/hp/miniconda3/envs/airflow_env/lib/python3.8/site-packages/airflow/example_dags/example_branch_day_of_week_operator.py
[2022-07-25 03:23:32,492] {processor.py:651} INFO - DAG(s) dict_keys(['example_weekday_branch_operator']) retrieved from /home/hp/miniconda3/envs/airflow_env/lib/python3.8/site-packages/airflow/example_dags/example_branch_day_of_week_operator.py
[2022-07-25 03:23:32,501] {logging_mixin.py:115} INFO - [2022-07-25 03:23:32,501] {dag.py:2420} INFO - Sync 1 DAGs
[2022-07-25 03:23:32,512] {logging_mixin.py:115} INFO - [2022-07-25 03:23:32,512] {dag.py:2968} INFO - Setting next_dagrun for example_weekday_branch_operator to 2022-07-24T00:00:00+00:00, run_after=2022-07-25T00:00:00+00:00
[2022-07-25 03:23:32,521] {processor.py:161} INFO - Processing /home/hp/miniconda3/envs/airflow_env/lib/python3.8/site-packages/airflow/example_dags/example_branch_day_of_week_operator.py took 0.043 seconds
[2022-07-25 03:30:31,923] {processor.py:153} INFO - Started process (PID=23369) to work on /home/hp/miniconda3/envs/airflow_env/lib/python3.8/site-packages/airflow/example_dags/example_branch_day_of_week_operator.py
[2022-07-25 03:30:31,928] {processor.py:641} INFO - Processing file /home/hp/miniconda3/envs/airflow_env/lib/python3.8/site-packages/airflow/example_dags/example_branch_day_of_week_operator.py for tasks to queue
[2022-07-25 03:30:31,928] {logging_mixin.py:115} INFO - [2022-07-25 03:30:31,928] {dagbag.py:508} INFO - Filling up the DagBag from /home/hp/miniconda3/envs/airflow_env/lib/python3.8/site-packages/airflow/example_dags/example_branch_day_of_week_operator.py
[2022-07-25 03:30:31,939] {processor.py:651} INFO - DAG(s) dict_keys(['example_weekday_branch_operator']) retrieved from /home/hp/miniconda3/envs/airflow_env/lib/python3.8/site-packages/airflow/example_dags/example_branch_day_of_week_operator.py
[2022-07-25 03:30:31,968] {logging_mixin.py:115} INFO - [2022-07-25 03:30:31,968] {dag.py:2420} INFO - Sync 1 DAGs
[2022-07-25 03:30:32,003] {logging_mixin.py:115} INFO - [2022-07-25 03:30:32,003] {dag.py:2968} INFO - Setting next_dagrun for example_weekday_branch_operator to 2022-07-24T00:00:00+00:00, run_after=2022-07-25T00:00:00+00:00
[2022-07-25 03:30:32,026] {processor.py:161} INFO - Processing /home/hp/miniconda3/envs/airflow_env/lib/python3.8/site-packages/airflow/example_dags/example_branch_day_of_week_operator.py took 0.106 seconds
[2022-07-25 03:33:50,383] {processor.py:153} INFO - Started process (PID=23962) to work on /home/hp/miniconda3/envs/airflow_env/lib/python3.8/site-packages/airflow/example_dags/example_branch_day_of_week_operator.py
[2022-07-25 03:33:50,384] {processor.py:641} INFO - Processing file /home/hp/miniconda3/envs/airflow_env/lib/python3.8/site-packages/airflow/example_dags/example_branch_day_of_week_operator.py for tasks to queue
[2022-07-25 03:33:50,384] {logging_mixin.py:115} INFO - [2022-07-25 03:33:50,384] {dagbag.py:508} INFO - Filling up the DagBag from /home/hp/miniconda3/envs/airflow_env/lib/python3.8/site-packages/airflow/example_dags/example_branch_day_of_week_operator.py
[2022-07-25 03:33:50,394] {processor.py:651} INFO - DAG(s) dict_keys(['example_weekday_branch_operator']) retrieved from /home/hp/miniconda3/envs/airflow_env/lib/python3.8/site-packages/airflow/example_dags/example_branch_day_of_week_operator.py
[2022-07-25 03:33:50,403] {logging_mixin.py:115} INFO - [2022-07-25 03:33:50,403] {dag.py:2420} INFO - Sync 1 DAGs
[2022-07-25 03:33:50,415] {logging_mixin.py:115} INFO - [2022-07-25 03:33:50,415] {dag.py:2968} INFO - Setting next_dagrun for example_weekday_branch_operator to 2022-07-24T00:00:00+00:00, run_after=2022-07-25T00:00:00+00:00
[2022-07-25 03:33:50,424] {processor.py:161} INFO - Processing /home/hp/miniconda3/envs/airflow_env/lib/python3.8/site-packages/airflow/example_dags/example_branch_day_of_week_operator.py took 0.045 seconds
[2022-07-25 03:39:14,794] {processor.py:153} INFO - Started process (PID=24363) to work on /home/hp/miniconda3/envs/airflow_env/lib/python3.8/site-packages/airflow/example_dags/example_branch_day_of_week_operator.py
[2022-07-25 03:39:14,795] {processor.py:641} INFO - Processing file /home/hp/miniconda3/envs/airflow_env/lib/python3.8/site-packages/airflow/example_dags/example_branch_day_of_week_operator.py for tasks to queue
[2022-07-25 03:39:14,796] {logging_mixin.py:115} INFO - [2022-07-25 03:39:14,796] {dagbag.py:508} INFO - Filling up the DagBag from /home/hp/miniconda3/envs/airflow_env/lib/python3.8/site-packages/airflow/example_dags/example_branch_day_of_week_operator.py
[2022-07-25 03:39:14,800] {processor.py:651} INFO - DAG(s) dict_keys(['example_weekday_branch_operator']) retrieved from /home/hp/miniconda3/envs/airflow_env/lib/python3.8/site-packages/airflow/example_dags/example_branch_day_of_week_operator.py
[2022-07-25 03:39:14,809] {logging_mixin.py:115} INFO - [2022-07-25 03:39:14,809] {dag.py:2420} INFO - Sync 1 DAGs
[2022-07-25 03:39:14,819] {logging_mixin.py:115} INFO - [2022-07-25 03:39:14,819] {dag.py:2968} INFO - Setting next_dagrun for example_weekday_branch_operator to 2022-07-24T00:00:00+00:00, run_after=2022-07-25T00:00:00+00:00
[2022-07-25 03:39:14,831] {processor.py:161} INFO - Processing /home/hp/miniconda3/envs/airflow_env/lib/python3.8/site-packages/airflow/example_dags/example_branch_day_of_week_operator.py took 0.039 seconds
[2022-07-25 03:44:38,484] {processor.py:153} INFO - Started process (PID=24861) to work on /home/hp/miniconda3/envs/airflow_env/lib/python3.8/site-packages/airflow/example_dags/example_branch_day_of_week_operator.py
[2022-07-25 03:44:38,486] {processor.py:641} INFO - Processing file /home/hp/miniconda3/envs/airflow_env/lib/python3.8/site-packages/airflow/example_dags/example_branch_day_of_week_operator.py for tasks to queue
[2022-07-25 03:44:38,486] {logging_mixin.py:115} INFO - [2022-07-25 03:44:38,486] {dagbag.py:508} INFO - Filling up the DagBag from /home/hp/miniconda3/envs/airflow_env/lib/python3.8/site-packages/airflow/example_dags/example_branch_day_of_week_operator.py
[2022-07-25 03:44:38,496] {processor.py:651} INFO - DAG(s) dict_keys(['example_weekday_branch_operator']) retrieved from /home/hp/miniconda3/envs/airflow_env/lib/python3.8/site-packages/airflow/example_dags/example_branch_day_of_week_operator.py
[2022-07-25 03:44:38,506] {logging_mixin.py:115} INFO - [2022-07-25 03:44:38,506] {dag.py:2420} INFO - Sync 1 DAGs
[2022-07-25 03:44:38,516] {logging_mixin.py:115} INFO - [2022-07-25 03:44:38,516] {dag.py:2968} INFO - Setting next_dagrun for example_weekday_branch_operator to 2022-07-24T00:00:00+00:00, run_after=2022-07-25T00:00:00+00:00
[2022-07-25 03:44:38,526] {processor.py:161} INFO - Processing /home/hp/miniconda3/envs/airflow_env/lib/python3.8/site-packages/airflow/example_dags/example_branch_day_of_week_operator.py took 0.046 seconds
[2022-07-25 03:50:00,836] {processor.py:153} INFO - Started process (PID=25208) to work on /home/hp/miniconda3/envs/airflow_env/lib/python3.8/site-packages/airflow/example_dags/example_branch_day_of_week_operator.py
[2022-07-25 03:50:00,837] {processor.py:641} INFO - Processing file /home/hp/miniconda3/envs/airflow_env/lib/python3.8/site-packages/airflow/example_dags/example_branch_day_of_week_operator.py for tasks to queue
[2022-07-25 03:50:00,837] {logging_mixin.py:115} INFO - [2022-07-25 03:50:00,837] {dagbag.py:508} INFO - Filling up the DagBag from /home/hp/miniconda3/envs/airflow_env/lib/python3.8/site-packages/airflow/example_dags/example_branch_day_of_week_operator.py
[2022-07-25 03:50:00,847] {processor.py:651} INFO - DAG(s) dict_keys(['example_weekday_branch_operator']) retrieved from /home/hp/miniconda3/envs/airflow_env/lib/python3.8/site-packages/airflow/example_dags/example_branch_day_of_week_operator.py
[2022-07-25 03:50:00,858] {logging_mixin.py:115} INFO - [2022-07-25 03:50:00,858] {dag.py:2420} INFO - Sync 1 DAGs
[2022-07-25 03:50:00,867] {logging_mixin.py:115} INFO - [2022-07-25 03:50:00,867] {dag.py:2968} INFO - Setting next_dagrun for example_weekday_branch_operator to 2022-07-24T00:00:00+00:00, run_after=2022-07-25T00:00:00+00:00
[2022-07-25 03:50:00,877] {processor.py:161} INFO - Processing /home/hp/miniconda3/envs/airflow_env/lib/python3.8/site-packages/airflow/example_dags/example_branch_day_of_week_operator.py took 0.045 seconds
[2022-07-25 04:00:12,139] {processor.py:153} INFO - Started process (PID=25664) to work on /home/hp/miniconda3/envs/airflow_env/lib/python3.8/site-packages/airflow/example_dags/example_branch_day_of_week_operator.py
[2022-07-25 04:00:12,140] {processor.py:641} INFO - Processing file /home/hp/miniconda3/envs/airflow_env/lib/python3.8/site-packages/airflow/example_dags/example_branch_day_of_week_operator.py for tasks to queue
[2022-07-25 04:00:12,140] {logging_mixin.py:115} INFO - [2022-07-25 04:00:12,140] {dagbag.py:508} INFO - Filling up the DagBag from /home/hp/miniconda3/envs/airflow_env/lib/python3.8/site-packages/airflow/example_dags/example_branch_day_of_week_operator.py
[2022-07-25 04:00:12,147] {processor.py:651} INFO - DAG(s) dict_keys(['example_weekday_branch_operator']) retrieved from /home/hp/miniconda3/envs/airflow_env/lib/python3.8/site-packages/airflow/example_dags/example_branch_day_of_week_operator.py
[2022-07-25 04:00:12,157] {logging_mixin.py:115} INFO - [2022-07-25 04:00:12,157] {dag.py:2420} INFO - Sync 1 DAGs
[2022-07-25 04:00:12,170] {logging_mixin.py:115} INFO - [2022-07-25 04:00:12,170] {dag.py:2968} INFO - Setting next_dagrun for example_weekday_branch_operator to 2022-07-24T00:00:00+00:00, run_after=2022-07-25T00:00:00+00:00
[2022-07-25 04:00:12,180] {processor.py:161} INFO - Processing /home/hp/miniconda3/envs/airflow_env/lib/python3.8/site-packages/airflow/example_dags/example_branch_day_of_week_operator.py took 0.043 seconds
[2022-07-25 04:00:50,707] {processor.py:153} INFO - Started process (PID=25960) to work on /home/hp/miniconda3/envs/airflow_env/lib/python3.8/site-packages/airflow/example_dags/example_branch_day_of_week_operator.py
[2022-07-25 04:00:50,708] {processor.py:641} INFO - Processing file /home/hp/miniconda3/envs/airflow_env/lib/python3.8/site-packages/airflow/example_dags/example_branch_day_of_week_operator.py for tasks to queue
[2022-07-25 04:00:50,708] {logging_mixin.py:115} INFO - [2022-07-25 04:00:50,708] {dagbag.py:508} INFO - Filling up the DagBag from /home/hp/miniconda3/envs/airflow_env/lib/python3.8/site-packages/airflow/example_dags/example_branch_day_of_week_operator.py
[2022-07-25 04:00:50,720] {processor.py:651} INFO - DAG(s) dict_keys(['example_weekday_branch_operator']) retrieved from /home/hp/miniconda3/envs/airflow_env/lib/python3.8/site-packages/airflow/example_dags/example_branch_day_of_week_operator.py
[2022-07-25 04:00:50,729] {logging_mixin.py:115} INFO - [2022-07-25 04:00:50,729] {dag.py:2420} INFO - Sync 1 DAGs
[2022-07-25 04:00:50,738] {logging_mixin.py:115} INFO - [2022-07-25 04:00:50,738] {dag.py:2968} INFO - Setting next_dagrun for example_weekday_branch_operator to 2022-07-24T00:00:00+00:00, run_after=2022-07-25T00:00:00+00:00
[2022-07-25 04:00:50,749] {processor.py:161} INFO - Processing /home/hp/miniconda3/envs/airflow_env/lib/python3.8/site-packages/airflow/example_dags/example_branch_day_of_week_operator.py took 0.047 seconds
[2022-07-25 04:02:02,056] {processor.py:153} INFO - Started process (PID=26309) to work on /home/hp/miniconda3/envs/airflow_env/lib/python3.8/site-packages/airflow/example_dags/example_branch_day_of_week_operator.py
[2022-07-25 04:02:02,057] {processor.py:641} INFO - Processing file /home/hp/miniconda3/envs/airflow_env/lib/python3.8/site-packages/airflow/example_dags/example_branch_day_of_week_operator.py for tasks to queue
[2022-07-25 04:02:02,058] {logging_mixin.py:115} INFO - [2022-07-25 04:02:02,058] {dagbag.py:508} INFO - Filling up the DagBag from /home/hp/miniconda3/envs/airflow_env/lib/python3.8/site-packages/airflow/example_dags/example_branch_day_of_week_operator.py
[2022-07-25 04:02:02,069] {processor.py:651} INFO - DAG(s) dict_keys(['example_weekday_branch_operator']) retrieved from /home/hp/miniconda3/envs/airflow_env/lib/python3.8/site-packages/airflow/example_dags/example_branch_day_of_week_operator.py
[2022-07-25 04:02:02,078] {logging_mixin.py:115} INFO - [2022-07-25 04:02:02,078] {dag.py:2420} INFO - Sync 1 DAGs
[2022-07-25 04:02:02,088] {logging_mixin.py:115} INFO - [2022-07-25 04:02:02,088] {dag.py:2968} INFO - Setting next_dagrun for example_weekday_branch_operator to 2022-07-24T00:00:00+00:00, run_after=2022-07-25T00:00:00+00:00
[2022-07-25 04:02:02,097] {processor.py:161} INFO - Processing /home/hp/miniconda3/envs/airflow_env/lib/python3.8/site-packages/airflow/example_dags/example_branch_day_of_week_operator.py took 0.044 seconds
[2022-07-25 04:05:35,041] {processor.py:153} INFO - Started process (PID=26748) to work on /home/hp/miniconda3/envs/airflow_env/lib/python3.8/site-packages/airflow/example_dags/example_branch_day_of_week_operator.py
[2022-07-25 04:05:35,042] {processor.py:641} INFO - Processing file /home/hp/miniconda3/envs/airflow_env/lib/python3.8/site-packages/airflow/example_dags/example_branch_day_of_week_operator.py for tasks to queue
[2022-07-25 04:05:35,043] {logging_mixin.py:115} INFO - [2022-07-25 04:05:35,043] {dagbag.py:508} INFO - Filling up the DagBag from /home/hp/miniconda3/envs/airflow_env/lib/python3.8/site-packages/airflow/example_dags/example_branch_day_of_week_operator.py
[2022-07-25 04:05:35,053] {processor.py:651} INFO - DAG(s) dict_keys(['example_weekday_branch_operator']) retrieved from /home/hp/miniconda3/envs/airflow_env/lib/python3.8/site-packages/airflow/example_dags/example_branch_day_of_week_operator.py
[2022-07-25 04:05:35,061] {logging_mixin.py:115} INFO - [2022-07-25 04:05:35,061] {dag.py:2420} INFO - Sync 1 DAGs
[2022-07-25 04:05:35,073] {logging_mixin.py:115} INFO - [2022-07-25 04:05:35,072] {dag.py:2968} INFO - Setting next_dagrun for example_weekday_branch_operator to 2022-07-24T00:00:00+00:00, run_after=2022-07-25T00:00:00+00:00
[2022-07-25 04:05:35,083] {processor.py:161} INFO - Processing /home/hp/miniconda3/envs/airflow_env/lib/python3.8/site-packages/airflow/example_dags/example_branch_day_of_week_operator.py took 0.046 seconds
[2022-07-25 04:10:59,373] {processor.py:153} INFO - Started process (PID=27033) to work on /home/hp/miniconda3/envs/airflow_env/lib/python3.8/site-packages/airflow/example_dags/example_branch_day_of_week_operator.py
[2022-07-25 04:10:59,374] {processor.py:641} INFO - Processing file /home/hp/miniconda3/envs/airflow_env/lib/python3.8/site-packages/airflow/example_dags/example_branch_day_of_week_operator.py for tasks to queue
[2022-07-25 04:10:59,374] {logging_mixin.py:115} INFO - [2022-07-25 04:10:59,374] {dagbag.py:508} INFO - Filling up the DagBag from /home/hp/miniconda3/envs/airflow_env/lib/python3.8/site-packages/airflow/example_dags/example_branch_day_of_week_operator.py
[2022-07-25 04:10:59,384] {processor.py:651} INFO - DAG(s) dict_keys(['example_weekday_branch_operator']) retrieved from /home/hp/miniconda3/envs/airflow_env/lib/python3.8/site-packages/airflow/example_dags/example_branch_day_of_week_operator.py
[2022-07-25 04:10:59,392] {logging_mixin.py:115} INFO - [2022-07-25 04:10:59,392] {dag.py:2420} INFO - Sync 1 DAGs
[2022-07-25 04:10:59,404] {logging_mixin.py:115} INFO - [2022-07-25 04:10:59,404] {dag.py:2968} INFO - Setting next_dagrun for example_weekday_branch_operator to 2022-07-24T00:00:00+00:00, run_after=2022-07-25T00:00:00+00:00
[2022-07-25 04:10:59,414] {processor.py:161} INFO - Processing /home/hp/miniconda3/envs/airflow_env/lib/python3.8/site-packages/airflow/example_dags/example_branch_day_of_week_operator.py took 0.046 seconds
[2022-07-25 04:16:22,766] {processor.py:153} INFO - Started process (PID=27333) to work on /home/hp/miniconda3/envs/airflow_env/lib/python3.8/site-packages/airflow/example_dags/example_branch_day_of_week_operator.py
[2022-07-25 04:16:22,767] {processor.py:641} INFO - Processing file /home/hp/miniconda3/envs/airflow_env/lib/python3.8/site-packages/airflow/example_dags/example_branch_day_of_week_operator.py for tasks to queue
[2022-07-25 04:16:22,768] {logging_mixin.py:115} INFO - [2022-07-25 04:16:22,768] {dagbag.py:508} INFO - Filling up the DagBag from /home/hp/miniconda3/envs/airflow_env/lib/python3.8/site-packages/airflow/example_dags/example_branch_day_of_week_operator.py
[2022-07-25 04:16:22,782] {processor.py:651} INFO - DAG(s) dict_keys(['example_weekday_branch_operator']) retrieved from /home/hp/miniconda3/envs/airflow_env/lib/python3.8/site-packages/airflow/example_dags/example_branch_day_of_week_operator.py
[2022-07-25 04:16:22,793] {logging_mixin.py:115} INFO - [2022-07-25 04:16:22,793] {dag.py:2420} INFO - Sync 1 DAGs
[2022-07-25 04:16:22,803] {logging_mixin.py:115} INFO - [2022-07-25 04:16:22,803] {dag.py:2968} INFO - Setting next_dagrun for example_weekday_branch_operator to 2022-07-24T00:00:00+00:00, run_after=2022-07-25T00:00:00+00:00
[2022-07-25 04:16:22,814] {processor.py:161} INFO - Processing /home/hp/miniconda3/envs/airflow_env/lib/python3.8/site-packages/airflow/example_dags/example_branch_day_of_week_operator.py took 0.052 seconds
[2022-07-25 04:21:46,633] {processor.py:153} INFO - Started process (PID=27605) to work on /home/hp/miniconda3/envs/airflow_env/lib/python3.8/site-packages/airflow/example_dags/example_branch_day_of_week_operator.py
[2022-07-25 04:21:46,634] {processor.py:641} INFO - Processing file /home/hp/miniconda3/envs/airflow_env/lib/python3.8/site-packages/airflow/example_dags/example_branch_day_of_week_operator.py for tasks to queue
[2022-07-25 04:21:46,634] {logging_mixin.py:115} INFO - [2022-07-25 04:21:46,634] {dagbag.py:508} INFO - Filling up the DagBag from /home/hp/miniconda3/envs/airflow_env/lib/python3.8/site-packages/airflow/example_dags/example_branch_day_of_week_operator.py
[2022-07-25 04:21:46,644] {processor.py:651} INFO - DAG(s) dict_keys(['example_weekday_branch_operator']) retrieved from /home/hp/miniconda3/envs/airflow_env/lib/python3.8/site-packages/airflow/example_dags/example_branch_day_of_week_operator.py
[2022-07-25 04:21:46,654] {logging_mixin.py:115} INFO - [2022-07-25 04:21:46,654] {dag.py:2420} INFO - Sync 1 DAGs
[2022-07-25 04:21:46,664] {logging_mixin.py:115} INFO - [2022-07-25 04:21:46,664] {dag.py:2968} INFO - Setting next_dagrun for example_weekday_branch_operator to 2022-07-24T00:00:00+00:00, run_after=2022-07-25T00:00:00+00:00
[2022-07-25 04:21:46,677] {processor.py:161} INFO - Processing /home/hp/miniconda3/envs/airflow_env/lib/python3.8/site-packages/airflow/example_dags/example_branch_day_of_week_operator.py took 0.049 seconds
[2022-07-25 04:31:57,552] {processor.py:153} INFO - Started process (PID=28053) to work on /home/hp/miniconda3/envs/airflow_env/lib/python3.8/site-packages/airflow/example_dags/example_branch_day_of_week_operator.py
[2022-07-25 04:31:57,553] {processor.py:641} INFO - Processing file /home/hp/miniconda3/envs/airflow_env/lib/python3.8/site-packages/airflow/example_dags/example_branch_day_of_week_operator.py for tasks to queue
[2022-07-25 04:31:57,554] {logging_mixin.py:115} INFO - [2022-07-25 04:31:57,554] {dagbag.py:508} INFO - Filling up the DagBag from /home/hp/miniconda3/envs/airflow_env/lib/python3.8/site-packages/airflow/example_dags/example_branch_day_of_week_operator.py
[2022-07-25 04:31:57,563] {processor.py:651} INFO - DAG(s) dict_keys(['example_weekday_branch_operator']) retrieved from /home/hp/miniconda3/envs/airflow_env/lib/python3.8/site-packages/airflow/example_dags/example_branch_day_of_week_operator.py
[2022-07-25 04:31:57,579] {logging_mixin.py:115} INFO - [2022-07-25 04:31:57,579] {dag.py:2420} INFO - Sync 1 DAGs
[2022-07-25 04:31:57,601] {logging_mixin.py:115} INFO - [2022-07-25 04:31:57,600] {dag.py:2968} INFO - Setting next_dagrun for example_weekday_branch_operator to 2022-07-24T00:00:00+00:00, run_after=2022-07-25T00:00:00+00:00
[2022-07-25 04:31:57,618] {processor.py:161} INFO - Processing /home/hp/miniconda3/envs/airflow_env/lib/python3.8/site-packages/airflow/example_dags/example_branch_day_of_week_operator.py took 0.069 seconds
[2022-07-25 04:37:21,279] {processor.py:153} INFO - Started process (PID=28398) to work on /home/hp/miniconda3/envs/airflow_env/lib/python3.8/site-packages/airflow/example_dags/example_branch_day_of_week_operator.py
[2022-07-25 04:37:21,280] {processor.py:641} INFO - Processing file /home/hp/miniconda3/envs/airflow_env/lib/python3.8/site-packages/airflow/example_dags/example_branch_day_of_week_operator.py for tasks to queue
[2022-07-25 04:37:21,280] {logging_mixin.py:115} INFO - [2022-07-25 04:37:21,280] {dagbag.py:508} INFO - Filling up the DagBag from /home/hp/miniconda3/envs/airflow_env/lib/python3.8/site-packages/airflow/example_dags/example_branch_day_of_week_operator.py
[2022-07-25 04:37:21,287] {processor.py:651} INFO - DAG(s) dict_keys(['example_weekday_branch_operator']) retrieved from /home/hp/miniconda3/envs/airflow_env/lib/python3.8/site-packages/airflow/example_dags/example_branch_day_of_week_operator.py
[2022-07-25 04:37:21,297] {logging_mixin.py:115} INFO - [2022-07-25 04:37:21,297] {dag.py:2420} INFO - Sync 1 DAGs
[2022-07-25 04:37:21,306] {logging_mixin.py:115} INFO - [2022-07-25 04:37:21,306] {dag.py:2968} INFO - Setting next_dagrun for example_weekday_branch_operator to 2022-07-24T00:00:00+00:00, run_after=2022-07-25T00:00:00+00:00
[2022-07-25 04:37:21,316] {processor.py:161} INFO - Processing /home/hp/miniconda3/envs/airflow_env/lib/python3.8/site-packages/airflow/example_dags/example_branch_day_of_week_operator.py took 0.039 seconds
[2022-07-25 10:58:31,672] {processor.py:153} INFO - Started process (PID=57261) to work on /home/hp/miniconda3/envs/airflow_env/lib/python3.8/site-packages/airflow/example_dags/example_branch_day_of_week_operator.py
[2022-07-25 10:58:31,673] {processor.py:641} INFO - Processing file /home/hp/miniconda3/envs/airflow_env/lib/python3.8/site-packages/airflow/example_dags/example_branch_day_of_week_operator.py for tasks to queue
[2022-07-25 10:58:31,674] {logging_mixin.py:115} INFO - [2022-07-25 10:58:31,674] {dagbag.py:508} INFO - Filling up the DagBag from /home/hp/miniconda3/envs/airflow_env/lib/python3.8/site-packages/airflow/example_dags/example_branch_day_of_week_operator.py
[2022-07-25 10:58:31,683] {processor.py:651} INFO - DAG(s) dict_keys(['example_weekday_branch_operator']) retrieved from /home/hp/miniconda3/envs/airflow_env/lib/python3.8/site-packages/airflow/example_dags/example_branch_day_of_week_operator.py
[2022-07-25 10:58:31,690] {logging_mixin.py:115} INFO - [2022-07-25 10:58:31,690] {dag.py:2420} INFO - Sync 1 DAGs
[2022-07-25 10:58:31,699] {logging_mixin.py:115} INFO - [2022-07-25 10:58:31,699] {dag.py:2968} INFO - Setting next_dagrun for example_weekday_branch_operator to 2022-07-24T00:00:00+00:00, run_after=2022-07-25T00:00:00+00:00
[2022-07-25 10:58:31,708] {processor.py:161} INFO - Processing /home/hp/miniconda3/envs/airflow_env/lib/python3.8/site-packages/airflow/example_dags/example_branch_day_of_week_operator.py took 0.039 seconds
[2022-07-25 10:59:07,684] {processor.py:153} INFO - Started process (PID=57584) to work on /home/hp/miniconda3/envs/airflow_env/lib/python3.8/site-packages/airflow/example_dags/example_branch_day_of_week_operator.py
[2022-07-25 10:59:07,685] {processor.py:641} INFO - Processing file /home/hp/miniconda3/envs/airflow_env/lib/python3.8/site-packages/airflow/example_dags/example_branch_day_of_week_operator.py for tasks to queue
[2022-07-25 10:59:07,686] {logging_mixin.py:115} INFO - [2022-07-25 10:59:07,686] {dagbag.py:508} INFO - Filling up the DagBag from /home/hp/miniconda3/envs/airflow_env/lib/python3.8/site-packages/airflow/example_dags/example_branch_day_of_week_operator.py
[2022-07-25 10:59:07,695] {processor.py:651} INFO - DAG(s) dict_keys(['example_weekday_branch_operator']) retrieved from /home/hp/miniconda3/envs/airflow_env/lib/python3.8/site-packages/airflow/example_dags/example_branch_day_of_week_operator.py
[2022-07-25 10:59:07,702] {logging_mixin.py:115} INFO - [2022-07-25 10:59:07,702] {dag.py:2420} INFO - Sync 1 DAGs
[2022-07-25 10:59:07,712] {logging_mixin.py:115} INFO - [2022-07-25 10:59:07,712] {dag.py:2968} INFO - Setting next_dagrun for example_weekday_branch_operator to 2022-07-24T00:00:00+00:00, run_after=2022-07-25T00:00:00+00:00
[2022-07-25 10:59:07,722] {processor.py:161} INFO - Processing /home/hp/miniconda3/envs/airflow_env/lib/python3.8/site-packages/airflow/example_dags/example_branch_day_of_week_operator.py took 0.041 seconds
[2022-07-25 10:59:41,916] {processor.py:153} INFO - Started process (PID=57837) to work on /home/hp/miniconda3/envs/airflow_env/lib/python3.8/site-packages/airflow/example_dags/example_branch_day_of_week_operator.py
[2022-07-25 10:59:41,917] {processor.py:641} INFO - Processing file /home/hp/miniconda3/envs/airflow_env/lib/python3.8/site-packages/airflow/example_dags/example_branch_day_of_week_operator.py for tasks to queue
[2022-07-25 10:59:41,917] {logging_mixin.py:115} INFO - [2022-07-25 10:59:41,917] {dagbag.py:508} INFO - Filling up the DagBag from /home/hp/miniconda3/envs/airflow_env/lib/python3.8/site-packages/airflow/example_dags/example_branch_day_of_week_operator.py
[2022-07-25 10:59:41,927] {processor.py:651} INFO - DAG(s) dict_keys(['example_weekday_branch_operator']) retrieved from /home/hp/miniconda3/envs/airflow_env/lib/python3.8/site-packages/airflow/example_dags/example_branch_day_of_week_operator.py
[2022-07-25 10:59:41,937] {logging_mixin.py:115} INFO - [2022-07-25 10:59:41,937] {dag.py:2420} INFO - Sync 1 DAGs
[2022-07-25 10:59:41,953] {logging_mixin.py:115} INFO - [2022-07-25 10:59:41,953] {dag.py:2968} INFO - Setting next_dagrun for example_weekday_branch_operator to 2022-07-24T00:00:00+00:00, run_after=2022-07-25T00:00:00+00:00
[2022-07-25 10:59:41,967] {processor.py:161} INFO - Processing /home/hp/miniconda3/envs/airflow_env/lib/python3.8/site-packages/airflow/example_dags/example_branch_day_of_week_operator.py took 0.055 seconds
[2022-07-25 11:00:16,776] {processor.py:153} INFO - Started process (PID=59181) to work on /home/hp/miniconda3/envs/airflow_env/lib/python3.8/site-packages/airflow/example_dags/example_branch_day_of_week_operator.py
[2022-07-25 11:00:16,777] {processor.py:641} INFO - Processing file /home/hp/miniconda3/envs/airflow_env/lib/python3.8/site-packages/airflow/example_dags/example_branch_day_of_week_operator.py for tasks to queue
[2022-07-25 11:00:16,778] {logging_mixin.py:115} INFO - [2022-07-25 11:00:16,777] {dagbag.py:508} INFO - Filling up the DagBag from /home/hp/miniconda3/envs/airflow_env/lib/python3.8/site-packages/airflow/example_dags/example_branch_day_of_week_operator.py
[2022-07-25 11:00:16,781] {processor.py:651} INFO - DAG(s) dict_keys(['example_weekday_branch_operator']) retrieved from /home/hp/miniconda3/envs/airflow_env/lib/python3.8/site-packages/airflow/example_dags/example_branch_day_of_week_operator.py
[2022-07-25 11:00:16,789] {logging_mixin.py:115} INFO - [2022-07-25 11:00:16,788] {dag.py:2420} INFO - Sync 1 DAGs
[2022-07-25 11:00:16,797] {logging_mixin.py:115} INFO - [2022-07-25 11:00:16,797] {dag.py:2968} INFO - Setting next_dagrun for example_weekday_branch_operator to 2022-07-24T00:00:00+00:00, run_after=2022-07-25T00:00:00+00:00
[2022-07-25 11:00:16,806] {processor.py:161} INFO - Processing /home/hp/miniconda3/envs/airflow_env/lib/python3.8/site-packages/airflow/example_dags/example_branch_day_of_week_operator.py took 0.031 seconds
[2022-07-25 11:00:51,599] {processor.py:153} INFO - Started process (PID=59682) to work on /home/hp/miniconda3/envs/airflow_env/lib/python3.8/site-packages/airflow/example_dags/example_branch_day_of_week_operator.py
[2022-07-25 11:00:51,600] {processor.py:641} INFO - Processing file /home/hp/miniconda3/envs/airflow_env/lib/python3.8/site-packages/airflow/example_dags/example_branch_day_of_week_operator.py for tasks to queue
[2022-07-25 11:00:51,601] {logging_mixin.py:115} INFO - [2022-07-25 11:00:51,601] {dagbag.py:508} INFO - Filling up the DagBag from /home/hp/miniconda3/envs/airflow_env/lib/python3.8/site-packages/airflow/example_dags/example_branch_day_of_week_operator.py
[2022-07-25 11:00:51,611] {processor.py:651} INFO - DAG(s) dict_keys(['example_weekday_branch_operator']) retrieved from /home/hp/miniconda3/envs/airflow_env/lib/python3.8/site-packages/airflow/example_dags/example_branch_day_of_week_operator.py
[2022-07-25 11:00:51,619] {logging_mixin.py:115} INFO - [2022-07-25 11:00:51,619] {dag.py:2420} INFO - Sync 1 DAGs
[2022-07-25 11:00:51,627] {logging_mixin.py:115} INFO - [2022-07-25 11:00:51,627] {dag.py:2968} INFO - Setting next_dagrun for example_weekday_branch_operator to 2022-07-24T00:00:00+00:00, run_after=2022-07-25T00:00:00+00:00
[2022-07-25 11:00:51,635] {processor.py:161} INFO - Processing /home/hp/miniconda3/envs/airflow_env/lib/python3.8/site-packages/airflow/example_dags/example_branch_day_of_week_operator.py took 0.041 seconds
[2022-07-25 11:01:26,149] {processor.py:153} INFO - Started process (PID=59898) to work on /home/hp/miniconda3/envs/airflow_env/lib/python3.8/site-packages/airflow/example_dags/example_branch_day_of_week_operator.py
[2022-07-25 11:01:26,149] {processor.py:641} INFO - Processing file /home/hp/miniconda3/envs/airflow_env/lib/python3.8/site-packages/airflow/example_dags/example_branch_day_of_week_operator.py for tasks to queue
[2022-07-25 11:01:26,150] {logging_mixin.py:115} INFO - [2022-07-25 11:01:26,150] {dagbag.py:508} INFO - Filling up the DagBag from /home/hp/miniconda3/envs/airflow_env/lib/python3.8/site-packages/airflow/example_dags/example_branch_day_of_week_operator.py
[2022-07-25 11:01:26,156] {processor.py:651} INFO - DAG(s) dict_keys(['example_weekday_branch_operator']) retrieved from /home/hp/miniconda3/envs/airflow_env/lib/python3.8/site-packages/airflow/example_dags/example_branch_day_of_week_operator.py
[2022-07-25 11:01:26,163] {logging_mixin.py:115} INFO - [2022-07-25 11:01:26,163] {dag.py:2420} INFO - Sync 1 DAGs
[2022-07-25 11:01:26,171] {logging_mixin.py:115} INFO - [2022-07-25 11:01:26,171] {dag.py:2968} INFO - Setting next_dagrun for example_weekday_branch_operator to 2022-07-24T00:00:00+00:00, run_after=2022-07-25T00:00:00+00:00
[2022-07-25 11:01:26,180] {processor.py:161} INFO - Processing /home/hp/miniconda3/envs/airflow_env/lib/python3.8/site-packages/airflow/example_dags/example_branch_day_of_week_operator.py took 0.033 seconds
[2022-07-25 11:02:02,335] {processor.py:153} INFO - Started process (PID=60105) to work on /home/hp/miniconda3/envs/airflow_env/lib/python3.8/site-packages/airflow/example_dags/example_branch_day_of_week_operator.py
[2022-07-25 11:02:02,336] {processor.py:641} INFO - Processing file /home/hp/miniconda3/envs/airflow_env/lib/python3.8/site-packages/airflow/example_dags/example_branch_day_of_week_operator.py for tasks to queue
[2022-07-25 11:02:02,336] {logging_mixin.py:115} INFO - [2022-07-25 11:02:02,336] {dagbag.py:508} INFO - Filling up the DagBag from /home/hp/miniconda3/envs/airflow_env/lib/python3.8/site-packages/airflow/example_dags/example_branch_day_of_week_operator.py
[2022-07-25 11:02:02,341] {processor.py:651} INFO - DAG(s) dict_keys(['example_weekday_branch_operator']) retrieved from /home/hp/miniconda3/envs/airflow_env/lib/python3.8/site-packages/airflow/example_dags/example_branch_day_of_week_operator.py
[2022-07-25 11:02:02,349] {logging_mixin.py:115} INFO - [2022-07-25 11:02:02,349] {dag.py:2420} INFO - Sync 1 DAGs
[2022-07-25 11:02:02,358] {logging_mixin.py:115} INFO - [2022-07-25 11:02:02,358] {dag.py:2968} INFO - Setting next_dagrun for example_weekday_branch_operator to 2022-07-24T00:00:00+00:00, run_after=2022-07-25T00:00:00+00:00
[2022-07-25 11:02:02,366] {processor.py:161} INFO - Processing /home/hp/miniconda3/envs/airflow_env/lib/python3.8/site-packages/airflow/example_dags/example_branch_day_of_week_operator.py took 0.033 seconds
[2022-07-25 11:02:37,540] {processor.py:153} INFO - Started process (PID=60739) to work on /home/hp/miniconda3/envs/airflow_env/lib/python3.8/site-packages/airflow/example_dags/example_branch_day_of_week_operator.py
[2022-07-25 11:02:37,541] {processor.py:641} INFO - Processing file /home/hp/miniconda3/envs/airflow_env/lib/python3.8/site-packages/airflow/example_dags/example_branch_day_of_week_operator.py for tasks to queue
[2022-07-25 11:02:37,542] {logging_mixin.py:115} INFO - [2022-07-25 11:02:37,542] {dagbag.py:508} INFO - Filling up the DagBag from /home/hp/miniconda3/envs/airflow_env/lib/python3.8/site-packages/airflow/example_dags/example_branch_day_of_week_operator.py
[2022-07-25 11:02:37,550] {processor.py:651} INFO - DAG(s) dict_keys(['example_weekday_branch_operator']) retrieved from /home/hp/miniconda3/envs/airflow_env/lib/python3.8/site-packages/airflow/example_dags/example_branch_day_of_week_operator.py
[2022-07-25 11:02:37,558] {logging_mixin.py:115} INFO - [2022-07-25 11:02:37,557] {dag.py:2420} INFO - Sync 1 DAGs
[2022-07-25 11:02:37,566] {logging_mixin.py:115} INFO - [2022-07-25 11:02:37,566] {dag.py:2968} INFO - Setting next_dagrun for example_weekday_branch_operator to 2022-07-24T00:00:00+00:00, run_after=2022-07-25T00:00:00+00:00
[2022-07-25 11:02:37,574] {processor.py:161} INFO - Processing /home/hp/miniconda3/envs/airflow_env/lib/python3.8/site-packages/airflow/example_dags/example_branch_day_of_week_operator.py took 0.038 seconds
[2022-07-25 11:03:13,638] {processor.py:153} INFO - Started process (PID=61659) to work on /home/hp/miniconda3/envs/airflow_env/lib/python3.8/site-packages/airflow/example_dags/example_branch_day_of_week_operator.py
[2022-07-25 11:03:13,638] {processor.py:641} INFO - Processing file /home/hp/miniconda3/envs/airflow_env/lib/python3.8/site-packages/airflow/example_dags/example_branch_day_of_week_operator.py for tasks to queue
[2022-07-25 11:03:13,639] {logging_mixin.py:115} INFO - [2022-07-25 11:03:13,639] {dagbag.py:508} INFO - Filling up the DagBag from /home/hp/miniconda3/envs/airflow_env/lib/python3.8/site-packages/airflow/example_dags/example_branch_day_of_week_operator.py
[2022-07-25 11:03:13,647] {processor.py:651} INFO - DAG(s) dict_keys(['example_weekday_branch_operator']) retrieved from /home/hp/miniconda3/envs/airflow_env/lib/python3.8/site-packages/airflow/example_dags/example_branch_day_of_week_operator.py
[2022-07-25 11:03:13,656] {logging_mixin.py:115} INFO - [2022-07-25 11:03:13,656] {dag.py:2420} INFO - Sync 1 DAGs
[2022-07-25 11:03:13,664] {logging_mixin.py:115} INFO - [2022-07-25 11:03:13,664] {dag.py:2968} INFO - Setting next_dagrun for example_weekday_branch_operator to 2022-07-24T00:00:00+00:00, run_after=2022-07-25T00:00:00+00:00
[2022-07-25 11:03:13,675] {processor.py:161} INFO - Processing /home/hp/miniconda3/envs/airflow_env/lib/python3.8/site-packages/airflow/example_dags/example_branch_day_of_week_operator.py took 0.038 seconds
[2022-07-25 11:03:50,067] {processor.py:153} INFO - Started process (PID=61869) to work on /home/hp/miniconda3/envs/airflow_env/lib/python3.8/site-packages/airflow/example_dags/example_branch_day_of_week_operator.py
[2022-07-25 11:03:50,068] {processor.py:641} INFO - Processing file /home/hp/miniconda3/envs/airflow_env/lib/python3.8/site-packages/airflow/example_dags/example_branch_day_of_week_operator.py for tasks to queue
[2022-07-25 11:03:50,068] {logging_mixin.py:115} INFO - [2022-07-25 11:03:50,068] {dagbag.py:508} INFO - Filling up the DagBag from /home/hp/miniconda3/envs/airflow_env/lib/python3.8/site-packages/airflow/example_dags/example_branch_day_of_week_operator.py
[2022-07-25 11:03:50,072] {processor.py:651} INFO - DAG(s) dict_keys(['example_weekday_branch_operator']) retrieved from /home/hp/miniconda3/envs/airflow_env/lib/python3.8/site-packages/airflow/example_dags/example_branch_day_of_week_operator.py
[2022-07-25 11:03:50,081] {logging_mixin.py:115} INFO - [2022-07-25 11:03:50,081] {dag.py:2420} INFO - Sync 1 DAGs
[2022-07-25 11:03:50,091] {logging_mixin.py:115} INFO - [2022-07-25 11:03:50,091] {dag.py:2968} INFO - Setting next_dagrun for example_weekday_branch_operator to 2022-07-24T00:00:00+00:00, run_after=2022-07-25T00:00:00+00:00
[2022-07-25 11:03:50,101] {processor.py:161} INFO - Processing /home/hp/miniconda3/envs/airflow_env/lib/python3.8/site-packages/airflow/example_dags/example_branch_day_of_week_operator.py took 0.035 seconds
[2022-07-25 11:04:25,367] {processor.py:153} INFO - Started process (PID=62169) to work on /home/hp/miniconda3/envs/airflow_env/lib/python3.8/site-packages/airflow/example_dags/example_branch_day_of_week_operator.py
[2022-07-25 11:04:25,368] {processor.py:641} INFO - Processing file /home/hp/miniconda3/envs/airflow_env/lib/python3.8/site-packages/airflow/example_dags/example_branch_day_of_week_operator.py for tasks to queue
[2022-07-25 11:04:25,368] {logging_mixin.py:115} INFO - [2022-07-25 11:04:25,368] {dagbag.py:508} INFO - Filling up the DagBag from /home/hp/miniconda3/envs/airflow_env/lib/python3.8/site-packages/airflow/example_dags/example_branch_day_of_week_operator.py
[2022-07-25 11:04:25,378] {processor.py:651} INFO - DAG(s) dict_keys(['example_weekday_branch_operator']) retrieved from /home/hp/miniconda3/envs/airflow_env/lib/python3.8/site-packages/airflow/example_dags/example_branch_day_of_week_operator.py
[2022-07-25 11:04:25,386] {logging_mixin.py:115} INFO - [2022-07-25 11:04:25,386] {dag.py:2420} INFO - Sync 1 DAGs
[2022-07-25 11:04:25,394] {logging_mixin.py:115} INFO - [2022-07-25 11:04:25,394] {dag.py:2968} INFO - Setting next_dagrun for example_weekday_branch_operator to 2022-07-24T00:00:00+00:00, run_after=2022-07-25T00:00:00+00:00
[2022-07-25 11:04:25,405] {processor.py:161} INFO - Processing /home/hp/miniconda3/envs/airflow_env/lib/python3.8/site-packages/airflow/example_dags/example_branch_day_of_week_operator.py took 0.040 seconds
[2022-07-25 11:05:00,117] {processor.py:153} INFO - Started process (PID=62477) to work on /home/hp/miniconda3/envs/airflow_env/lib/python3.8/site-packages/airflow/example_dags/example_branch_day_of_week_operator.py
[2022-07-25 11:05:00,118] {processor.py:641} INFO - Processing file /home/hp/miniconda3/envs/airflow_env/lib/python3.8/site-packages/airflow/example_dags/example_branch_day_of_week_operator.py for tasks to queue
[2022-07-25 11:05:00,118] {logging_mixin.py:115} INFO - [2022-07-25 11:05:00,118] {dagbag.py:508} INFO - Filling up the DagBag from /home/hp/miniconda3/envs/airflow_env/lib/python3.8/site-packages/airflow/example_dags/example_branch_day_of_week_operator.py
[2022-07-25 11:05:00,125] {processor.py:651} INFO - DAG(s) dict_keys(['example_weekday_branch_operator']) retrieved from /home/hp/miniconda3/envs/airflow_env/lib/python3.8/site-packages/airflow/example_dags/example_branch_day_of_week_operator.py
[2022-07-25 11:05:00,133] {logging_mixin.py:115} INFO - [2022-07-25 11:05:00,133] {dag.py:2420} INFO - Sync 1 DAGs
[2022-07-25 11:05:00,141] {logging_mixin.py:115} INFO - [2022-07-25 11:05:00,141] {dag.py:2968} INFO - Setting next_dagrun for example_weekday_branch_operator to 2022-07-24T00:00:00+00:00, run_after=2022-07-25T00:00:00+00:00
[2022-07-25 11:05:00,150] {processor.py:161} INFO - Processing /home/hp/miniconda3/envs/airflow_env/lib/python3.8/site-packages/airflow/example_dags/example_branch_day_of_week_operator.py took 0.036 seconds
[2022-07-25 11:05:33,540] {processor.py:153} INFO - Started process (PID=62733) to work on /home/hp/miniconda3/envs/airflow_env/lib/python3.8/site-packages/airflow/example_dags/example_branch_day_of_week_operator.py
[2022-07-25 11:05:33,541] {processor.py:641} INFO - Processing file /home/hp/miniconda3/envs/airflow_env/lib/python3.8/site-packages/airflow/example_dags/example_branch_day_of_week_operator.py for tasks to queue
[2022-07-25 11:05:33,541] {logging_mixin.py:115} INFO - [2022-07-25 11:05:33,541] {dagbag.py:508} INFO - Filling up the DagBag from /home/hp/miniconda3/envs/airflow_env/lib/python3.8/site-packages/airflow/example_dags/example_branch_day_of_week_operator.py
[2022-07-25 11:05:33,550] {processor.py:651} INFO - DAG(s) dict_keys(['example_weekday_branch_operator']) retrieved from /home/hp/miniconda3/envs/airflow_env/lib/python3.8/site-packages/airflow/example_dags/example_branch_day_of_week_operator.py
[2022-07-25 11:05:33,559] {logging_mixin.py:115} INFO - [2022-07-25 11:05:33,559] {dag.py:2420} INFO - Sync 1 DAGs
[2022-07-25 11:05:33,567] {logging_mixin.py:115} INFO - [2022-07-25 11:05:33,567] {dag.py:2968} INFO - Setting next_dagrun for example_weekday_branch_operator to 2022-07-24T00:00:00+00:00, run_after=2022-07-25T00:00:00+00:00
[2022-07-25 11:05:33,577] {processor.py:161} INFO - Processing /home/hp/miniconda3/envs/airflow_env/lib/python3.8/site-packages/airflow/example_dags/example_branch_day_of_week_operator.py took 0.038 seconds
[2022-07-25 11:06:09,479] {processor.py:153} INFO - Started process (PID=62938) to work on /home/hp/miniconda3/envs/airflow_env/lib/python3.8/site-packages/airflow/example_dags/example_branch_day_of_week_operator.py
[2022-07-25 11:06:09,479] {processor.py:641} INFO - Processing file /home/hp/miniconda3/envs/airflow_env/lib/python3.8/site-packages/airflow/example_dags/example_branch_day_of_week_operator.py for tasks to queue
[2022-07-25 11:06:09,480] {logging_mixin.py:115} INFO - [2022-07-25 11:06:09,480] {dagbag.py:508} INFO - Filling up the DagBag from /home/hp/miniconda3/envs/airflow_env/lib/python3.8/site-packages/airflow/example_dags/example_branch_day_of_week_operator.py
[2022-07-25 11:06:09,485] {processor.py:651} INFO - DAG(s) dict_keys(['example_weekday_branch_operator']) retrieved from /home/hp/miniconda3/envs/airflow_env/lib/python3.8/site-packages/airflow/example_dags/example_branch_day_of_week_operator.py
[2022-07-25 11:06:09,493] {logging_mixin.py:115} INFO - [2022-07-25 11:06:09,493] {dag.py:2420} INFO - Sync 1 DAGs
[2022-07-25 11:06:09,501] {logging_mixin.py:115} INFO - [2022-07-25 11:06:09,501] {dag.py:2968} INFO - Setting next_dagrun for example_weekday_branch_operator to 2022-07-24T00:00:00+00:00, run_after=2022-07-25T00:00:00+00:00
[2022-07-25 11:06:09,511] {processor.py:161} INFO - Processing /home/hp/miniconda3/envs/airflow_env/lib/python3.8/site-packages/airflow/example_dags/example_branch_day_of_week_operator.py took 0.034 seconds
[2022-07-25 11:06:44,154] {processor.py:153} INFO - Started process (PID=63235) to work on /home/hp/miniconda3/envs/airflow_env/lib/python3.8/site-packages/airflow/example_dags/example_branch_day_of_week_operator.py
[2022-07-25 11:06:44,154] {processor.py:641} INFO - Processing file /home/hp/miniconda3/envs/airflow_env/lib/python3.8/site-packages/airflow/example_dags/example_branch_day_of_week_operator.py for tasks to queue
[2022-07-25 11:06:44,154] {logging_mixin.py:115} INFO - [2022-07-25 11:06:44,154] {dagbag.py:508} INFO - Filling up the DagBag from /home/hp/miniconda3/envs/airflow_env/lib/python3.8/site-packages/airflow/example_dags/example_branch_day_of_week_operator.py
[2022-07-25 11:06:44,163] {processor.py:651} INFO - DAG(s) dict_keys(['example_weekday_branch_operator']) retrieved from /home/hp/miniconda3/envs/airflow_env/lib/python3.8/site-packages/airflow/example_dags/example_branch_day_of_week_operator.py
[2022-07-25 11:06:44,171] {logging_mixin.py:115} INFO - [2022-07-25 11:06:44,171] {dag.py:2420} INFO - Sync 1 DAGs
[2022-07-25 11:06:44,180] {logging_mixin.py:115} INFO - [2022-07-25 11:06:44,180] {dag.py:2968} INFO - Setting next_dagrun for example_weekday_branch_operator to 2022-07-24T00:00:00+00:00, run_after=2022-07-25T00:00:00+00:00
[2022-07-25 11:06:44,190] {processor.py:161} INFO - Processing /home/hp/miniconda3/envs/airflow_env/lib/python3.8/site-packages/airflow/example_dags/example_branch_day_of_week_operator.py took 0.039 seconds
[2022-07-25 11:07:18,347] {processor.py:153} INFO - Started process (PID=63491) to work on /home/hp/miniconda3/envs/airflow_env/lib/python3.8/site-packages/airflow/example_dags/example_branch_day_of_week_operator.py
[2022-07-25 11:07:18,348] {processor.py:641} INFO - Processing file /home/hp/miniconda3/envs/airflow_env/lib/python3.8/site-packages/airflow/example_dags/example_branch_day_of_week_operator.py for tasks to queue
[2022-07-25 11:07:18,348] {logging_mixin.py:115} INFO - [2022-07-25 11:07:18,348] {dagbag.py:508} INFO - Filling up the DagBag from /home/hp/miniconda3/envs/airflow_env/lib/python3.8/site-packages/airflow/example_dags/example_branch_day_of_week_operator.py
[2022-07-25 11:07:18,353] {processor.py:651} INFO - DAG(s) dict_keys(['example_weekday_branch_operator']) retrieved from /home/hp/miniconda3/envs/airflow_env/lib/python3.8/site-packages/airflow/example_dags/example_branch_day_of_week_operator.py
[2022-07-25 11:07:18,361] {logging_mixin.py:115} INFO - [2022-07-25 11:07:18,361] {dag.py:2420} INFO - Sync 1 DAGs
[2022-07-25 11:07:18,369] {logging_mixin.py:115} INFO - [2022-07-25 11:07:18,369] {dag.py:2968} INFO - Setting next_dagrun for example_weekday_branch_operator to 2022-07-24T00:00:00+00:00, run_after=2022-07-25T00:00:00+00:00
[2022-07-25 11:07:18,380] {processor.py:161} INFO - Processing /home/hp/miniconda3/envs/airflow_env/lib/python3.8/site-packages/airflow/example_dags/example_branch_day_of_week_operator.py took 0.036 seconds
[2022-07-25 11:07:53,893] {processor.py:153} INFO - Started process (PID=63837) to work on /home/hp/miniconda3/envs/airflow_env/lib/python3.8/site-packages/airflow/example_dags/example_branch_day_of_week_operator.py
[2022-07-25 11:07:53,894] {processor.py:641} INFO - Processing file /home/hp/miniconda3/envs/airflow_env/lib/python3.8/site-packages/airflow/example_dags/example_branch_day_of_week_operator.py for tasks to queue
[2022-07-25 11:07:53,894] {logging_mixin.py:115} INFO - [2022-07-25 11:07:53,894] {dagbag.py:508} INFO - Filling up the DagBag from /home/hp/miniconda3/envs/airflow_env/lib/python3.8/site-packages/airflow/example_dags/example_branch_day_of_week_operator.py
[2022-07-25 11:07:53,898] {processor.py:651} INFO - DAG(s) dict_keys(['example_weekday_branch_operator']) retrieved from /home/hp/miniconda3/envs/airflow_env/lib/python3.8/site-packages/airflow/example_dags/example_branch_day_of_week_operator.py
[2022-07-25 11:07:53,906] {logging_mixin.py:115} INFO - [2022-07-25 11:07:53,906] {dag.py:2420} INFO - Sync 1 DAGs
[2022-07-25 11:07:53,914] {logging_mixin.py:115} INFO - [2022-07-25 11:07:53,914] {dag.py:2968} INFO - Setting next_dagrun for example_weekday_branch_operator to 2022-07-24T00:00:00+00:00, run_after=2022-07-25T00:00:00+00:00
[2022-07-25 11:07:53,924] {processor.py:161} INFO - Processing /home/hp/miniconda3/envs/airflow_env/lib/python3.8/site-packages/airflow/example_dags/example_branch_day_of_week_operator.py took 0.033 seconds
[2022-07-25 11:08:27,853] {processor.py:153} INFO - Started process (PID=64067) to work on /home/hp/miniconda3/envs/airflow_env/lib/python3.8/site-packages/airflow/example_dags/example_branch_day_of_week_operator.py
[2022-07-25 11:08:27,854] {processor.py:641} INFO - Processing file /home/hp/miniconda3/envs/airflow_env/lib/python3.8/site-packages/airflow/example_dags/example_branch_day_of_week_operator.py for tasks to queue
[2022-07-25 11:08:27,854] {logging_mixin.py:115} INFO - [2022-07-25 11:08:27,854] {dagbag.py:508} INFO - Filling up the DagBag from /home/hp/miniconda3/envs/airflow_env/lib/python3.8/site-packages/airflow/example_dags/example_branch_day_of_week_operator.py
[2022-07-25 11:08:27,862] {processor.py:651} INFO - DAG(s) dict_keys(['example_weekday_branch_operator']) retrieved from /home/hp/miniconda3/envs/airflow_env/lib/python3.8/site-packages/airflow/example_dags/example_branch_day_of_week_operator.py
[2022-07-25 11:08:27,871] {logging_mixin.py:115} INFO - [2022-07-25 11:08:27,871] {dag.py:2420} INFO - Sync 1 DAGs
[2022-07-25 11:08:27,879] {logging_mixin.py:115} INFO - [2022-07-25 11:08:27,879] {dag.py:2968} INFO - Setting next_dagrun for example_weekday_branch_operator to 2022-07-24T00:00:00+00:00, run_after=2022-07-25T00:00:00+00:00
[2022-07-25 11:08:27,891] {processor.py:161} INFO - Processing /home/hp/miniconda3/envs/airflow_env/lib/python3.8/site-packages/airflow/example_dags/example_branch_day_of_week_operator.py took 0.039 seconds
