[2022-07-25 03:03:11,798] {processor.py:153} INFO - Started process (PID=21139) to work on /home/hp/miniconda3/envs/airflow_env/lib/python3.8/site-packages/airflow/example_dags/example_nested_branch_dag.py
[2022-07-25 03:03:11,799] {processor.py:641} INFO - Processing file /home/hp/miniconda3/envs/airflow_env/lib/python3.8/site-packages/airflow/example_dags/example_nested_branch_dag.py for tasks to queue
[2022-07-25 03:03:11,800] {logging_mixin.py:115} INFO - [2022-07-25 03:03:11,800] {dagbag.py:508} INFO - Filling up the DagBag from /home/hp/miniconda3/envs/airflow_env/lib/python3.8/site-packages/airflow/example_dags/example_nested_branch_dag.py
[2022-07-25 03:03:11,810] {processor.py:651} INFO - DAG(s) dict_keys(['example_nested_branch_dag']) retrieved from /home/hp/miniconda3/envs/airflow_env/lib/python3.8/site-packages/airflow/example_dags/example_nested_branch_dag.py
[2022-07-25 03:03:11,819] {logging_mixin.py:115} INFO - [2022-07-25 03:03:11,819] {dag.py:2420} INFO - Sync 1 DAGs
[2022-07-25 03:07:14,418] {logging_mixin.py:115} INFO - [2022-07-25 03:07:14,418] {dag.py:2968} INFO - Setting next_dagrun for example_nested_branch_dag to 2022-07-24T00:00:00+00:00, run_after=2022-07-25T00:00:00+00:00
[2022-07-25 03:07:14,450] {processor.py:161} INFO - Processing /home/hp/miniconda3/envs/airflow_env/lib/python3.8/site-packages/airflow/example_dags/example_nested_branch_dag.py took 4.845 seconds
[2022-07-25 03:12:41,683] {processor.py:153} INFO - Started process (PID=21827) to work on /home/hp/miniconda3/envs/airflow_env/lib/python3.8/site-packages/airflow/example_dags/example_nested_branch_dag.py
[2022-07-25 03:12:41,684] {processor.py:641} INFO - Processing file /home/hp/miniconda3/envs/airflow_env/lib/python3.8/site-packages/airflow/example_dags/example_nested_branch_dag.py for tasks to queue
[2022-07-25 03:12:41,684] {logging_mixin.py:115} INFO - [2022-07-25 03:12:41,684] {dagbag.py:508} INFO - Filling up the DagBag from /home/hp/miniconda3/envs/airflow_env/lib/python3.8/site-packages/airflow/example_dags/example_nested_branch_dag.py
[2022-07-25 03:12:41,691] {processor.py:651} INFO - DAG(s) dict_keys(['example_nested_branch_dag']) retrieved from /home/hp/miniconda3/envs/airflow_env/lib/python3.8/site-packages/airflow/example_dags/example_nested_branch_dag.py
[2022-07-25 03:12:41,700] {logging_mixin.py:115} INFO - [2022-07-25 03:12:41,700] {dag.py:2420} INFO - Sync 1 DAGs
[2022-07-25 03:12:41,713] {logging_mixin.py:115} INFO - [2022-07-25 03:12:41,713] {dag.py:2968} INFO - Setting next_dagrun for example_nested_branch_dag to 2022-07-24T00:00:00+00:00, run_after=2022-07-25T00:00:00+00:00
[2022-07-25 03:12:41,726] {processor.py:161} INFO - Processing /home/hp/miniconda3/envs/airflow_env/lib/python3.8/site-packages/airflow/example_dags/example_nested_branch_dag.py took 0.045 seconds
[2022-07-25 03:18:05,290] {processor.py:153} INFO - Started process (PID=22292) to work on /home/hp/miniconda3/envs/airflow_env/lib/python3.8/site-packages/airflow/example_dags/example_nested_branch_dag.py
[2022-07-25 03:18:05,292] {processor.py:641} INFO - Processing file /home/hp/miniconda3/envs/airflow_env/lib/python3.8/site-packages/airflow/example_dags/example_nested_branch_dag.py for tasks to queue
[2022-07-25 03:18:05,292] {logging_mixin.py:115} INFO - [2022-07-25 03:18:05,292] {dagbag.py:508} INFO - Filling up the DagBag from /home/hp/miniconda3/envs/airflow_env/lib/python3.8/site-packages/airflow/example_dags/example_nested_branch_dag.py
[2022-07-25 03:18:05,302] {processor.py:651} INFO - DAG(s) dict_keys(['example_nested_branch_dag']) retrieved from /home/hp/miniconda3/envs/airflow_env/lib/python3.8/site-packages/airflow/example_dags/example_nested_branch_dag.py
[2022-07-25 03:18:05,310] {logging_mixin.py:115} INFO - [2022-07-25 03:18:05,310] {dag.py:2420} INFO - Sync 1 DAGs
[2022-07-25 03:18:05,322] {logging_mixin.py:115} INFO - [2022-07-25 03:18:05,322] {dag.py:2968} INFO - Setting next_dagrun for example_nested_branch_dag to 2022-07-24T00:00:00+00:00, run_after=2022-07-25T00:00:00+00:00
[2022-07-25 03:18:05,331] {processor.py:161} INFO - Processing /home/hp/miniconda3/envs/airflow_env/lib/python3.8/site-packages/airflow/example_dags/example_nested_branch_dag.py took 0.045 seconds
[2022-07-25 03:23:26,895] {processor.py:153} INFO - Started process (PID=22806) to work on /home/hp/miniconda3/envs/airflow_env/lib/python3.8/site-packages/airflow/example_dags/example_nested_branch_dag.py
[2022-07-25 03:23:26,896] {processor.py:641} INFO - Processing file /home/hp/miniconda3/envs/airflow_env/lib/python3.8/site-packages/airflow/example_dags/example_nested_branch_dag.py for tasks to queue
[2022-07-25 03:23:26,897] {logging_mixin.py:115} INFO - [2022-07-25 03:23:26,897] {dagbag.py:508} INFO - Filling up the DagBag from /home/hp/miniconda3/envs/airflow_env/lib/python3.8/site-packages/airflow/example_dags/example_nested_branch_dag.py
[2022-07-25 03:23:26,908] {processor.py:651} INFO - DAG(s) dict_keys(['example_nested_branch_dag']) retrieved from /home/hp/miniconda3/envs/airflow_env/lib/python3.8/site-packages/airflow/example_dags/example_nested_branch_dag.py
[2022-07-25 03:23:26,916] {logging_mixin.py:115} INFO - [2022-07-25 03:23:26,916] {dag.py:2420} INFO - Sync 1 DAGs
[2022-07-25 03:23:26,928] {logging_mixin.py:115} INFO - [2022-07-25 03:23:26,928] {dag.py:2968} INFO - Setting next_dagrun for example_nested_branch_dag to 2022-07-24T00:00:00+00:00, run_after=2022-07-25T00:00:00+00:00
[2022-07-25 03:23:26,938] {processor.py:161} INFO - Processing /home/hp/miniconda3/envs/airflow_env/lib/python3.8/site-packages/airflow/example_dags/example_nested_branch_dag.py took 0.047 seconds
[2022-07-25 03:28:50,318] {processor.py:153} INFO - Started process (PID=23191) to work on /home/hp/miniconda3/envs/airflow_env/lib/python3.8/site-packages/airflow/example_dags/example_nested_branch_dag.py
[2022-07-25 03:28:50,319] {processor.py:641} INFO - Processing file /home/hp/miniconda3/envs/airflow_env/lib/python3.8/site-packages/airflow/example_dags/example_nested_branch_dag.py for tasks to queue
[2022-07-25 03:28:50,319] {logging_mixin.py:115} INFO - [2022-07-25 03:28:50,319] {dagbag.py:508} INFO - Filling up the DagBag from /home/hp/miniconda3/envs/airflow_env/lib/python3.8/site-packages/airflow/example_dags/example_nested_branch_dag.py
[2022-07-25 03:28:50,331] {processor.py:651} INFO - DAG(s) dict_keys(['example_nested_branch_dag']) retrieved from /home/hp/miniconda3/envs/airflow_env/lib/python3.8/site-packages/airflow/example_dags/example_nested_branch_dag.py
[2022-07-25 03:28:50,341] {logging_mixin.py:115} INFO - [2022-07-25 03:28:50,340] {dag.py:2420} INFO - Sync 1 DAGs
[2022-07-25 03:28:50,351] {logging_mixin.py:115} INFO - [2022-07-25 03:28:50,351] {dag.py:2968} INFO - Setting next_dagrun for example_nested_branch_dag to 2022-07-24T00:00:00+00:00, run_after=2022-07-25T00:00:00+00:00
[2022-07-25 03:28:50,363] {processor.py:161} INFO - Processing /home/hp/miniconda3/envs/airflow_env/lib/python3.8/site-packages/airflow/example_dags/example_nested_branch_dag.py took 0.049 seconds
[2022-07-25 03:33:44,125] {processor.py:153} INFO - Started process (PID=23858) to work on /home/hp/miniconda3/envs/airflow_env/lib/python3.8/site-packages/airflow/example_dags/example_nested_branch_dag.py
[2022-07-25 03:33:44,126] {processor.py:641} INFO - Processing file /home/hp/miniconda3/envs/airflow_env/lib/python3.8/site-packages/airflow/example_dags/example_nested_branch_dag.py for tasks to queue
[2022-07-25 03:33:44,127] {logging_mixin.py:115} INFO - [2022-07-25 03:33:44,127] {dagbag.py:508} INFO - Filling up the DagBag from /home/hp/miniconda3/envs/airflow_env/lib/python3.8/site-packages/airflow/example_dags/example_nested_branch_dag.py
[2022-07-25 03:33:44,138] {processor.py:651} INFO - DAG(s) dict_keys(['example_nested_branch_dag']) retrieved from /home/hp/miniconda3/envs/airflow_env/lib/python3.8/site-packages/airflow/example_dags/example_nested_branch_dag.py
[2022-07-25 03:33:44,170] {logging_mixin.py:115} INFO - [2022-07-25 03:33:44,170] {dag.py:2420} INFO - Sync 1 DAGs
[2022-07-25 03:33:44,201] {logging_mixin.py:115} INFO - [2022-07-25 03:33:44,201] {dag.py:2968} INFO - Setting next_dagrun for example_nested_branch_dag to 2022-07-24T00:00:00+00:00, run_after=2022-07-25T00:00:00+00:00
[2022-07-25 03:33:44,222] {processor.py:161} INFO - Processing /home/hp/miniconda3/envs/airflow_env/lib/python3.8/site-packages/airflow/example_dags/example_nested_branch_dag.py took 0.099 seconds
[2022-07-25 03:39:08,947] {processor.py:153} INFO - Started process (PID=24311) to work on /home/hp/miniconda3/envs/airflow_env/lib/python3.8/site-packages/airflow/example_dags/example_nested_branch_dag.py
[2022-07-25 03:39:08,948] {processor.py:641} INFO - Processing file /home/hp/miniconda3/envs/airflow_env/lib/python3.8/site-packages/airflow/example_dags/example_nested_branch_dag.py for tasks to queue
[2022-07-25 03:39:08,949] {logging_mixin.py:115} INFO - [2022-07-25 03:39:08,949] {dagbag.py:508} INFO - Filling up the DagBag from /home/hp/miniconda3/envs/airflow_env/lib/python3.8/site-packages/airflow/example_dags/example_nested_branch_dag.py
[2022-07-25 03:39:08,958] {processor.py:651} INFO - DAG(s) dict_keys(['example_nested_branch_dag']) retrieved from /home/hp/miniconda3/envs/airflow_env/lib/python3.8/site-packages/airflow/example_dags/example_nested_branch_dag.py
[2022-07-25 03:39:08,966] {logging_mixin.py:115} INFO - [2022-07-25 03:39:08,966] {dag.py:2420} INFO - Sync 1 DAGs
[2022-07-25 03:39:08,978] {logging_mixin.py:115} INFO - [2022-07-25 03:39:08,978] {dag.py:2968} INFO - Setting next_dagrun for example_nested_branch_dag to 2022-07-24T00:00:00+00:00, run_after=2022-07-25T00:00:00+00:00
[2022-07-25 03:39:08,989] {processor.py:161} INFO - Processing /home/hp/miniconda3/envs/airflow_env/lib/python3.8/site-packages/airflow/example_dags/example_nested_branch_dag.py took 0.045 seconds
[2022-07-25 03:44:32,609] {processor.py:153} INFO - Started process (PID=24820) to work on /home/hp/miniconda3/envs/airflow_env/lib/python3.8/site-packages/airflow/example_dags/example_nested_branch_dag.py
[2022-07-25 03:44:32,610] {processor.py:641} INFO - Processing file /home/hp/miniconda3/envs/airflow_env/lib/python3.8/site-packages/airflow/example_dags/example_nested_branch_dag.py for tasks to queue
[2022-07-25 03:44:32,611] {logging_mixin.py:115} INFO - [2022-07-25 03:44:32,610] {dagbag.py:508} INFO - Filling up the DagBag from /home/hp/miniconda3/envs/airflow_env/lib/python3.8/site-packages/airflow/example_dags/example_nested_branch_dag.py
[2022-07-25 03:44:32,622] {processor.py:651} INFO - DAG(s) dict_keys(['example_nested_branch_dag']) retrieved from /home/hp/miniconda3/envs/airflow_env/lib/python3.8/site-packages/airflow/example_dags/example_nested_branch_dag.py
[2022-07-25 03:44:32,631] {logging_mixin.py:115} INFO - [2022-07-25 03:44:32,631] {dag.py:2420} INFO - Sync 1 DAGs
[2022-07-25 03:44:32,642] {logging_mixin.py:115} INFO - [2022-07-25 03:44:32,642] {dag.py:2968} INFO - Setting next_dagrun for example_nested_branch_dag to 2022-07-24T00:00:00+00:00, run_after=2022-07-25T00:00:00+00:00
[2022-07-25 03:44:32,653] {processor.py:161} INFO - Processing /home/hp/miniconda3/envs/airflow_env/lib/python3.8/site-packages/airflow/example_dags/example_nested_branch_dag.py took 0.048 seconds
[2022-07-25 03:49:55,295] {processor.py:153} INFO - Started process (PID=25177) to work on /home/hp/miniconda3/envs/airflow_env/lib/python3.8/site-packages/airflow/example_dags/example_nested_branch_dag.py
[2022-07-25 03:49:55,297] {processor.py:641} INFO - Processing file /home/hp/miniconda3/envs/airflow_env/lib/python3.8/site-packages/airflow/example_dags/example_nested_branch_dag.py for tasks to queue
[2022-07-25 03:49:55,297] {logging_mixin.py:115} INFO - [2022-07-25 03:49:55,297] {dagbag.py:508} INFO - Filling up the DagBag from /home/hp/miniconda3/envs/airflow_env/lib/python3.8/site-packages/airflow/example_dags/example_nested_branch_dag.py
[2022-07-25 03:49:55,308] {processor.py:651} INFO - DAG(s) dict_keys(['example_nested_branch_dag']) retrieved from /home/hp/miniconda3/envs/airflow_env/lib/python3.8/site-packages/airflow/example_dags/example_nested_branch_dag.py
[2022-07-25 03:49:55,318] {logging_mixin.py:115} INFO - [2022-07-25 03:49:55,318] {dag.py:2420} INFO - Sync 1 DAGs
[2022-07-25 03:49:55,328] {logging_mixin.py:115} INFO - [2022-07-25 03:49:55,328] {dag.py:2968} INFO - Setting next_dagrun for example_nested_branch_dag to 2022-07-24T00:00:00+00:00, run_after=2022-07-25T00:00:00+00:00
[2022-07-25 03:49:55,338] {processor.py:161} INFO - Processing /home/hp/miniconda3/envs/airflow_env/lib/python3.8/site-packages/airflow/example_dags/example_nested_branch_dag.py took 0.046 seconds
[2022-07-25 03:55:18,865] {processor.py:153} INFO - Started process (PID=25479) to work on /home/hp/miniconda3/envs/airflow_env/lib/python3.8/site-packages/airflow/example_dags/example_nested_branch_dag.py
[2022-07-25 03:55:18,866] {processor.py:641} INFO - Processing file /home/hp/miniconda3/envs/airflow_env/lib/python3.8/site-packages/airflow/example_dags/example_nested_branch_dag.py for tasks to queue
[2022-07-25 03:55:18,866] {logging_mixin.py:115} INFO - [2022-07-25 03:55:18,866] {dagbag.py:508} INFO - Filling up the DagBag from /home/hp/miniconda3/envs/airflow_env/lib/python3.8/site-packages/airflow/example_dags/example_nested_branch_dag.py
[2022-07-25 03:55:18,878] {processor.py:651} INFO - DAG(s) dict_keys(['example_nested_branch_dag']) retrieved from /home/hp/miniconda3/envs/airflow_env/lib/python3.8/site-packages/airflow/example_dags/example_nested_branch_dag.py
[2022-07-25 03:55:18,888] {logging_mixin.py:115} INFO - [2022-07-25 03:55:18,888] {dag.py:2420} INFO - Sync 1 DAGs
[2022-07-25 03:55:18,897] {logging_mixin.py:115} INFO - [2022-07-25 03:55:18,897] {dag.py:2968} INFO - Setting next_dagrun for example_nested_branch_dag to 2022-07-24T00:00:00+00:00, run_after=2022-07-25T00:00:00+00:00
[2022-07-25 03:55:18,908] {processor.py:161} INFO - Processing /home/hp/miniconda3/envs/airflow_env/lib/python3.8/site-packages/airflow/example_dags/example_nested_branch_dag.py took 0.047 seconds
[2022-07-25 04:00:45,307] {processor.py:153} INFO - Started process (PID=25927) to work on /home/hp/miniconda3/envs/airflow_env/lib/python3.8/site-packages/airflow/example_dags/example_nested_branch_dag.py
[2022-07-25 04:00:45,309] {processor.py:641} INFO - Processing file /home/hp/miniconda3/envs/airflow_env/lib/python3.8/site-packages/airflow/example_dags/example_nested_branch_dag.py for tasks to queue
[2022-07-25 04:00:45,309] {logging_mixin.py:115} INFO - [2022-07-25 04:00:45,309] {dagbag.py:508} INFO - Filling up the DagBag from /home/hp/miniconda3/envs/airflow_env/lib/python3.8/site-packages/airflow/example_dags/example_nested_branch_dag.py
[2022-07-25 04:00:45,321] {processor.py:651} INFO - DAG(s) dict_keys(['example_nested_branch_dag']) retrieved from /home/hp/miniconda3/envs/airflow_env/lib/python3.8/site-packages/airflow/example_dags/example_nested_branch_dag.py
[2022-07-25 04:00:45,329] {logging_mixin.py:115} INFO - [2022-07-25 04:00:45,329] {dag.py:2420} INFO - Sync 1 DAGs
[2022-07-25 04:00:45,341] {logging_mixin.py:115} INFO - [2022-07-25 04:00:45,341] {dag.py:2968} INFO - Setting next_dagrun for example_nested_branch_dag to 2022-07-24T00:00:00+00:00, run_after=2022-07-25T00:00:00+00:00
[2022-07-25 04:00:45,353] {processor.py:161} INFO - Processing /home/hp/miniconda3/envs/airflow_env/lib/python3.8/site-packages/airflow/example_dags/example_nested_branch_dag.py took 0.050 seconds
[2022-07-25 04:01:55,775] {processor.py:153} INFO - Started process (PID=26267) to work on /home/hp/miniconda3/envs/airflow_env/lib/python3.8/site-packages/airflow/example_dags/example_nested_branch_dag.py
[2022-07-25 04:01:55,776] {processor.py:641} INFO - Processing file /home/hp/miniconda3/envs/airflow_env/lib/python3.8/site-packages/airflow/example_dags/example_nested_branch_dag.py for tasks to queue
[2022-07-25 04:01:55,777] {logging_mixin.py:115} INFO - [2022-07-25 04:01:55,777] {dagbag.py:508} INFO - Filling up the DagBag from /home/hp/miniconda3/envs/airflow_env/lib/python3.8/site-packages/airflow/example_dags/example_nested_branch_dag.py
[2022-07-25 04:01:55,788] {processor.py:651} INFO - DAG(s) dict_keys(['example_nested_branch_dag']) retrieved from /home/hp/miniconda3/envs/airflow_env/lib/python3.8/site-packages/airflow/example_dags/example_nested_branch_dag.py
[2022-07-25 04:01:55,797] {logging_mixin.py:115} INFO - [2022-07-25 04:01:55,797] {dag.py:2420} INFO - Sync 1 DAGs
[2022-07-25 04:01:55,808] {logging_mixin.py:115} INFO - [2022-07-25 04:01:55,808] {dag.py:2968} INFO - Setting next_dagrun for example_nested_branch_dag to 2022-07-24T00:00:00+00:00, run_after=2022-07-25T00:00:00+00:00
[2022-07-25 04:01:55,817] {processor.py:161} INFO - Processing /home/hp/miniconda3/envs/airflow_env/lib/python3.8/site-packages/airflow/example_dags/example_nested_branch_dag.py took 0.046 seconds
[2022-07-25 04:05:28,745] {processor.py:153} INFO - Started process (PID=26621) to work on /home/hp/miniconda3/envs/airflow_env/lib/python3.8/site-packages/airflow/example_dags/example_nested_branch_dag.py
[2022-07-25 04:05:28,745] {processor.py:641} INFO - Processing file /home/hp/miniconda3/envs/airflow_env/lib/python3.8/site-packages/airflow/example_dags/example_nested_branch_dag.py for tasks to queue
[2022-07-25 04:05:28,746] {logging_mixin.py:115} INFO - [2022-07-25 04:05:28,746] {dagbag.py:508} INFO - Filling up the DagBag from /home/hp/miniconda3/envs/airflow_env/lib/python3.8/site-packages/airflow/example_dags/example_nested_branch_dag.py
[2022-07-25 04:05:28,753] {processor.py:651} INFO - DAG(s) dict_keys(['example_nested_branch_dag']) retrieved from /home/hp/miniconda3/envs/airflow_env/lib/python3.8/site-packages/airflow/example_dags/example_nested_branch_dag.py
[2022-07-25 04:05:28,765] {logging_mixin.py:115} INFO - [2022-07-25 04:05:28,765] {dag.py:2420} INFO - Sync 1 DAGs
[2022-07-25 04:05:28,779] {logging_mixin.py:115} INFO - [2022-07-25 04:05:28,779] {dag.py:2968} INFO - Setting next_dagrun for example_nested_branch_dag to 2022-07-24T00:00:00+00:00, run_after=2022-07-25T00:00:00+00:00
[2022-07-25 04:05:28,794] {processor.py:161} INFO - Processing /home/hp/miniconda3/envs/airflow_env/lib/python3.8/site-packages/airflow/example_dags/example_nested_branch_dag.py took 0.051 seconds
[2022-07-25 04:10:53,521] {processor.py:153} INFO - Started process (PID=27003) to work on /home/hp/miniconda3/envs/airflow_env/lib/python3.8/site-packages/airflow/example_dags/example_nested_branch_dag.py
[2022-07-25 04:10:53,522] {processor.py:641} INFO - Processing file /home/hp/miniconda3/envs/airflow_env/lib/python3.8/site-packages/airflow/example_dags/example_nested_branch_dag.py for tasks to queue
[2022-07-25 04:10:53,522] {logging_mixin.py:115} INFO - [2022-07-25 04:10:53,522] {dagbag.py:508} INFO - Filling up the DagBag from /home/hp/miniconda3/envs/airflow_env/lib/python3.8/site-packages/airflow/example_dags/example_nested_branch_dag.py
[2022-07-25 04:10:53,534] {processor.py:651} INFO - DAG(s) dict_keys(['example_nested_branch_dag']) retrieved from /home/hp/miniconda3/envs/airflow_env/lib/python3.8/site-packages/airflow/example_dags/example_nested_branch_dag.py
[2022-07-25 04:10:53,543] {logging_mixin.py:115} INFO - [2022-07-25 04:10:53,543] {dag.py:2420} INFO - Sync 1 DAGs
[2022-07-25 04:10:53,555] {logging_mixin.py:115} INFO - [2022-07-25 04:10:53,555] {dag.py:2968} INFO - Setting next_dagrun for example_nested_branch_dag to 2022-07-24T00:00:00+00:00, run_after=2022-07-25T00:00:00+00:00
[2022-07-25 04:10:53,565] {processor.py:161} INFO - Processing /home/hp/miniconda3/envs/airflow_env/lib/python3.8/site-packages/airflow/example_dags/example_nested_branch_dag.py took 0.049 seconds
[2022-07-25 04:16:17,364] {processor.py:153} INFO - Started process (PID=27324) to work on /home/hp/miniconda3/envs/airflow_env/lib/python3.8/site-packages/airflow/example_dags/example_nested_branch_dag.py
[2022-07-25 04:16:17,365] {processor.py:641} INFO - Processing file /home/hp/miniconda3/envs/airflow_env/lib/python3.8/site-packages/airflow/example_dags/example_nested_branch_dag.py for tasks to queue
[2022-07-25 04:16:17,366] {logging_mixin.py:115} INFO - [2022-07-25 04:16:17,366] {dagbag.py:508} INFO - Filling up the DagBag from /home/hp/miniconda3/envs/airflow_env/lib/python3.8/site-packages/airflow/example_dags/example_nested_branch_dag.py
[2022-07-25 04:16:17,375] {processor.py:651} INFO - DAG(s) dict_keys(['example_nested_branch_dag']) retrieved from /home/hp/miniconda3/envs/airflow_env/lib/python3.8/site-packages/airflow/example_dags/example_nested_branch_dag.py
[2022-07-25 04:16:17,383] {logging_mixin.py:115} INFO - [2022-07-25 04:16:17,383] {dag.py:2420} INFO - Sync 1 DAGs
[2022-07-25 04:16:17,394] {logging_mixin.py:115} INFO - [2022-07-25 04:16:17,394] {dag.py:2968} INFO - Setting next_dagrun for example_nested_branch_dag to 2022-07-24T00:00:00+00:00, run_after=2022-07-25T00:00:00+00:00
[2022-07-25 04:16:17,404] {processor.py:161} INFO - Processing /home/hp/miniconda3/envs/airflow_env/lib/python3.8/site-packages/airflow/example_dags/example_nested_branch_dag.py took 0.044 seconds
[2022-07-25 04:21:40,518] {processor.py:153} INFO - Started process (PID=27592) to work on /home/hp/miniconda3/envs/airflow_env/lib/python3.8/site-packages/airflow/example_dags/example_nested_branch_dag.py
[2022-07-25 04:21:40,520] {processor.py:641} INFO - Processing file /home/hp/miniconda3/envs/airflow_env/lib/python3.8/site-packages/airflow/example_dags/example_nested_branch_dag.py for tasks to queue
[2022-07-25 04:21:40,520] {logging_mixin.py:115} INFO - [2022-07-25 04:21:40,520] {dagbag.py:508} INFO - Filling up the DagBag from /home/hp/miniconda3/envs/airflow_env/lib/python3.8/site-packages/airflow/example_dags/example_nested_branch_dag.py
[2022-07-25 04:21:40,532] {processor.py:651} INFO - DAG(s) dict_keys(['example_nested_branch_dag']) retrieved from /home/hp/miniconda3/envs/airflow_env/lib/python3.8/site-packages/airflow/example_dags/example_nested_branch_dag.py
[2022-07-25 04:21:40,541] {logging_mixin.py:115} INFO - [2022-07-25 04:21:40,540] {dag.py:2420} INFO - Sync 1 DAGs
[2022-07-25 04:21:40,551] {logging_mixin.py:115} INFO - [2022-07-25 04:21:40,551] {dag.py:2968} INFO - Setting next_dagrun for example_nested_branch_dag to 2022-07-24T00:00:00+00:00, run_after=2022-07-25T00:00:00+00:00
[2022-07-25 04:21:40,560] {processor.py:161} INFO - Processing /home/hp/miniconda3/envs/airflow_env/lib/python3.8/site-packages/airflow/example_dags/example_nested_branch_dag.py took 0.046 seconds
[2022-07-25 04:27:03,559] {processor.py:153} INFO - Started process (PID=27883) to work on /home/hp/miniconda3/envs/airflow_env/lib/python3.8/site-packages/airflow/example_dags/example_nested_branch_dag.py
[2022-07-25 04:27:03,561] {processor.py:641} INFO - Processing file /home/hp/miniconda3/envs/airflow_env/lib/python3.8/site-packages/airflow/example_dags/example_nested_branch_dag.py for tasks to queue
[2022-07-25 04:27:03,562] {logging_mixin.py:115} INFO - [2022-07-25 04:27:03,562] {dagbag.py:508} INFO - Filling up the DagBag from /home/hp/miniconda3/envs/airflow_env/lib/python3.8/site-packages/airflow/example_dags/example_nested_branch_dag.py
[2022-07-25 04:27:03,577] {processor.py:651} INFO - DAG(s) dict_keys(['example_nested_branch_dag']) retrieved from /home/hp/miniconda3/envs/airflow_env/lib/python3.8/site-packages/airflow/example_dags/example_nested_branch_dag.py
[2022-07-25 04:27:03,587] {logging_mixin.py:115} INFO - [2022-07-25 04:27:03,587] {dag.py:2420} INFO - Sync 1 DAGs
[2022-07-25 04:27:03,598] {logging_mixin.py:115} INFO - [2022-07-25 04:27:03,598] {dag.py:2968} INFO - Setting next_dagrun for example_nested_branch_dag to 2022-07-24T00:00:00+00:00, run_after=2022-07-25T00:00:00+00:00
[2022-07-25 04:27:03,608] {processor.py:161} INFO - Processing /home/hp/miniconda3/envs/airflow_env/lib/python3.8/site-packages/airflow/example_dags/example_nested_branch_dag.py took 0.053 seconds
[2022-07-25 04:37:16,147] {processor.py:153} INFO - Started process (PID=28332) to work on /home/hp/miniconda3/envs/airflow_env/lib/python3.8/site-packages/airflow/example_dags/example_nested_branch_dag.py
[2022-07-25 04:37:16,148] {processor.py:641} INFO - Processing file /home/hp/miniconda3/envs/airflow_env/lib/python3.8/site-packages/airflow/example_dags/example_nested_branch_dag.py for tasks to queue
[2022-07-25 04:37:16,148] {logging_mixin.py:115} INFO - [2022-07-25 04:37:16,148] {dagbag.py:508} INFO - Filling up the DagBag from /home/hp/miniconda3/envs/airflow_env/lib/python3.8/site-packages/airflow/example_dags/example_nested_branch_dag.py
[2022-07-25 04:37:16,160] {processor.py:651} INFO - DAG(s) dict_keys(['example_nested_branch_dag']) retrieved from /home/hp/miniconda3/envs/airflow_env/lib/python3.8/site-packages/airflow/example_dags/example_nested_branch_dag.py
[2022-07-25 04:37:16,178] {logging_mixin.py:115} INFO - [2022-07-25 04:37:16,178] {dag.py:2420} INFO - Sync 1 DAGs
[2022-07-25 04:37:16,198] {logging_mixin.py:115} INFO - [2022-07-25 04:37:16,198] {dag.py:2968} INFO - Setting next_dagrun for example_nested_branch_dag to 2022-07-24T00:00:00+00:00, run_after=2022-07-25T00:00:00+00:00
[2022-07-25 04:37:16,215] {processor.py:161} INFO - Processing /home/hp/miniconda3/envs/airflow_env/lib/python3.8/site-packages/airflow/example_dags/example_nested_branch_dag.py took 0.070 seconds
[2022-07-25 10:58:26,375] {processor.py:153} INFO - Started process (PID=57210) to work on /home/hp/miniconda3/envs/airflow_env/lib/python3.8/site-packages/airflow/example_dags/example_nested_branch_dag.py
[2022-07-25 10:58:26,376] {processor.py:641} INFO - Processing file /home/hp/miniconda3/envs/airflow_env/lib/python3.8/site-packages/airflow/example_dags/example_nested_branch_dag.py for tasks to queue
[2022-07-25 10:58:26,377] {logging_mixin.py:115} INFO - [2022-07-25 10:58:26,376] {dagbag.py:508} INFO - Filling up the DagBag from /home/hp/miniconda3/envs/airflow_env/lib/python3.8/site-packages/airflow/example_dags/example_nested_branch_dag.py
[2022-07-25 10:58:26,381] {processor.py:651} INFO - DAG(s) dict_keys(['example_nested_branch_dag']) retrieved from /home/hp/miniconda3/envs/airflow_env/lib/python3.8/site-packages/airflow/example_dags/example_nested_branch_dag.py
[2022-07-25 10:58:26,389] {logging_mixin.py:115} INFO - [2022-07-25 10:58:26,389] {dag.py:2420} INFO - Sync 1 DAGs
[2022-07-25 10:58:26,399] {logging_mixin.py:115} INFO - [2022-07-25 10:58:26,399] {dag.py:2968} INFO - Setting next_dagrun for example_nested_branch_dag to 2022-07-24T00:00:00+00:00, run_after=2022-07-25T00:00:00+00:00
[2022-07-25 10:58:26,413] {processor.py:161} INFO - Processing /home/hp/miniconda3/envs/airflow_env/lib/python3.8/site-packages/airflow/example_dags/example_nested_branch_dag.py took 0.040 seconds
[2022-07-25 10:59:01,917] {processor.py:153} INFO - Started process (PID=57554) to work on /home/hp/miniconda3/envs/airflow_env/lib/python3.8/site-packages/airflow/example_dags/example_nested_branch_dag.py
[2022-07-25 10:59:01,918] {processor.py:641} INFO - Processing file /home/hp/miniconda3/envs/airflow_env/lib/python3.8/site-packages/airflow/example_dags/example_nested_branch_dag.py for tasks to queue
[2022-07-25 10:59:01,919] {logging_mixin.py:115} INFO - [2022-07-25 10:59:01,919] {dagbag.py:508} INFO - Filling up the DagBag from /home/hp/miniconda3/envs/airflow_env/lib/python3.8/site-packages/airflow/example_dags/example_nested_branch_dag.py
[2022-07-25 10:59:01,927] {processor.py:651} INFO - DAG(s) dict_keys(['example_nested_branch_dag']) retrieved from /home/hp/miniconda3/envs/airflow_env/lib/python3.8/site-packages/airflow/example_dags/example_nested_branch_dag.py
[2022-07-25 10:59:01,935] {logging_mixin.py:115} INFO - [2022-07-25 10:59:01,935] {dag.py:2420} INFO - Sync 1 DAGs
[2022-07-25 10:59:01,945] {logging_mixin.py:115} INFO - [2022-07-25 10:59:01,945] {dag.py:2968} INFO - Setting next_dagrun for example_nested_branch_dag to 2022-07-24T00:00:00+00:00, run_after=2022-07-25T00:00:00+00:00
[2022-07-25 10:59:01,955] {processor.py:161} INFO - Processing /home/hp/miniconda3/envs/airflow_env/lib/python3.8/site-packages/airflow/example_dags/example_nested_branch_dag.py took 0.042 seconds
[2022-07-25 10:59:36,778] {processor.py:153} INFO - Started process (PID=57785) to work on /home/hp/miniconda3/envs/airflow_env/lib/python3.8/site-packages/airflow/example_dags/example_nested_branch_dag.py
[2022-07-25 10:59:36,779] {processor.py:641} INFO - Processing file /home/hp/miniconda3/envs/airflow_env/lib/python3.8/site-packages/airflow/example_dags/example_nested_branch_dag.py for tasks to queue
[2022-07-25 10:59:36,780] {logging_mixin.py:115} INFO - [2022-07-25 10:59:36,780] {dagbag.py:508} INFO - Filling up the DagBag from /home/hp/miniconda3/envs/airflow_env/lib/python3.8/site-packages/airflow/example_dags/example_nested_branch_dag.py
[2022-07-25 10:59:36,785] {processor.py:651} INFO - DAG(s) dict_keys(['example_nested_branch_dag']) retrieved from /home/hp/miniconda3/envs/airflow_env/lib/python3.8/site-packages/airflow/example_dags/example_nested_branch_dag.py
[2022-07-25 10:59:36,793] {logging_mixin.py:115} INFO - [2022-07-25 10:59:36,793] {dag.py:2420} INFO - Sync 1 DAGs
[2022-07-25 10:59:36,802] {logging_mixin.py:115} INFO - [2022-07-25 10:59:36,802] {dag.py:2968} INFO - Setting next_dagrun for example_nested_branch_dag to 2022-07-24T00:00:00+00:00, run_after=2022-07-25T00:00:00+00:00
[2022-07-25 10:59:36,811] {processor.py:161} INFO - Processing /home/hp/miniconda3/envs/airflow_env/lib/python3.8/site-packages/airflow/example_dags/example_nested_branch_dag.py took 0.035 seconds
[2022-07-25 11:00:10,500] {processor.py:153} INFO - Started process (PID=58945) to work on /home/hp/miniconda3/envs/airflow_env/lib/python3.8/site-packages/airflow/example_dags/example_nested_branch_dag.py
[2022-07-25 11:00:10,501] {processor.py:641} INFO - Processing file /home/hp/miniconda3/envs/airflow_env/lib/python3.8/site-packages/airflow/example_dags/example_nested_branch_dag.py for tasks to queue
[2022-07-25 11:00:10,501] {logging_mixin.py:115} INFO - [2022-07-25 11:00:10,501] {dagbag.py:508} INFO - Filling up the DagBag from /home/hp/miniconda3/envs/airflow_env/lib/python3.8/site-packages/airflow/example_dags/example_nested_branch_dag.py
[2022-07-25 11:00:10,511] {processor.py:651} INFO - DAG(s) dict_keys(['example_nested_branch_dag']) retrieved from /home/hp/miniconda3/envs/airflow_env/lib/python3.8/site-packages/airflow/example_dags/example_nested_branch_dag.py
[2022-07-25 11:00:10,523] {logging_mixin.py:115} INFO - [2022-07-25 11:00:10,523] {dag.py:2420} INFO - Sync 1 DAGs
[2022-07-25 11:00:10,540] {logging_mixin.py:115} INFO - [2022-07-25 11:00:10,540] {dag.py:2968} INFO - Setting next_dagrun for example_nested_branch_dag to 2022-07-24T00:00:00+00:00, run_after=2022-07-25T00:00:00+00:00
[2022-07-25 11:00:10,557] {processor.py:161} INFO - Processing /home/hp/miniconda3/envs/airflow_env/lib/python3.8/site-packages/airflow/example_dags/example_nested_branch_dag.py took 0.059 seconds
[2022-07-25 11:00:46,440] {processor.py:153} INFO - Started process (PID=59600) to work on /home/hp/miniconda3/envs/airflow_env/lib/python3.8/site-packages/airflow/example_dags/example_nested_branch_dag.py
[2022-07-25 11:00:46,441] {processor.py:641} INFO - Processing file /home/hp/miniconda3/envs/airflow_env/lib/python3.8/site-packages/airflow/example_dags/example_nested_branch_dag.py for tasks to queue
[2022-07-25 11:00:46,441] {logging_mixin.py:115} INFO - [2022-07-25 11:00:46,441] {dagbag.py:508} INFO - Filling up the DagBag from /home/hp/miniconda3/envs/airflow_env/lib/python3.8/site-packages/airflow/example_dags/example_nested_branch_dag.py
[2022-07-25 11:00:46,446] {processor.py:651} INFO - DAG(s) dict_keys(['example_nested_branch_dag']) retrieved from /home/hp/miniconda3/envs/airflow_env/lib/python3.8/site-packages/airflow/example_dags/example_nested_branch_dag.py
[2022-07-25 11:00:46,453] {logging_mixin.py:115} INFO - [2022-07-25 11:00:46,453] {dag.py:2420} INFO - Sync 1 DAGs
[2022-07-25 11:00:46,465] {logging_mixin.py:115} INFO - [2022-07-25 11:00:46,465] {dag.py:2968} INFO - Setting next_dagrun for example_nested_branch_dag to 2022-07-24T00:00:00+00:00, run_after=2022-07-25T00:00:00+00:00
[2022-07-25 11:00:46,475] {processor.py:161} INFO - Processing /home/hp/miniconda3/envs/airflow_env/lib/python3.8/site-packages/airflow/example_dags/example_nested_branch_dag.py took 0.036 seconds
[2022-07-25 11:01:20,675] {processor.py:153} INFO - Started process (PID=59860) to work on /home/hp/miniconda3/envs/airflow_env/lib/python3.8/site-packages/airflow/example_dags/example_nested_branch_dag.py
[2022-07-25 11:01:20,676] {processor.py:641} INFO - Processing file /home/hp/miniconda3/envs/airflow_env/lib/python3.8/site-packages/airflow/example_dags/example_nested_branch_dag.py for tasks to queue
[2022-07-25 11:01:20,677] {logging_mixin.py:115} INFO - [2022-07-25 11:01:20,677] {dagbag.py:508} INFO - Filling up the DagBag from /home/hp/miniconda3/envs/airflow_env/lib/python3.8/site-packages/airflow/example_dags/example_nested_branch_dag.py
[2022-07-25 11:01:20,689] {processor.py:651} INFO - DAG(s) dict_keys(['example_nested_branch_dag']) retrieved from /home/hp/miniconda3/envs/airflow_env/lib/python3.8/site-packages/airflow/example_dags/example_nested_branch_dag.py
[2022-07-25 11:01:20,696] {logging_mixin.py:115} INFO - [2022-07-25 11:01:20,696] {dag.py:2420} INFO - Sync 1 DAGs
[2022-07-25 11:01:20,705] {logging_mixin.py:115} INFO - [2022-07-25 11:01:20,705] {dag.py:2968} INFO - Setting next_dagrun for example_nested_branch_dag to 2022-07-24T00:00:00+00:00, run_after=2022-07-25T00:00:00+00:00
[2022-07-25 11:01:20,721] {processor.py:161} INFO - Processing /home/hp/miniconda3/envs/airflow_env/lib/python3.8/site-packages/airflow/example_dags/example_nested_branch_dag.py took 0.050 seconds
[2022-07-25 11:01:56,424] {processor.py:153} INFO - Started process (PID=60084) to work on /home/hp/miniconda3/envs/airflow_env/lib/python3.8/site-packages/airflow/example_dags/example_nested_branch_dag.py
[2022-07-25 11:01:56,425] {processor.py:641} INFO - Processing file /home/hp/miniconda3/envs/airflow_env/lib/python3.8/site-packages/airflow/example_dags/example_nested_branch_dag.py for tasks to queue
[2022-07-25 11:01:56,425] {logging_mixin.py:115} INFO - [2022-07-25 11:01:56,425] {dagbag.py:508} INFO - Filling up the DagBag from /home/hp/miniconda3/envs/airflow_env/lib/python3.8/site-packages/airflow/example_dags/example_nested_branch_dag.py
[2022-07-25 11:01:56,436] {processor.py:651} INFO - DAG(s) dict_keys(['example_nested_branch_dag']) retrieved from /home/hp/miniconda3/envs/airflow_env/lib/python3.8/site-packages/airflow/example_dags/example_nested_branch_dag.py
[2022-07-25 11:01:56,443] {logging_mixin.py:115} INFO - [2022-07-25 11:01:56,443] {dag.py:2420} INFO - Sync 1 DAGs
[2022-07-25 11:01:56,452] {logging_mixin.py:115} INFO - [2022-07-25 11:01:56,452] {dag.py:2968} INFO - Setting next_dagrun for example_nested_branch_dag to 2022-07-24T00:00:00+00:00, run_after=2022-07-25T00:00:00+00:00
[2022-07-25 11:01:56,461] {processor.py:161} INFO - Processing /home/hp/miniconda3/envs/airflow_env/lib/python3.8/site-packages/airflow/example_dags/example_nested_branch_dag.py took 0.042 seconds
[2022-07-25 11:02:31,589] {processor.py:153} INFO - Started process (PID=60683) to work on /home/hp/miniconda3/envs/airflow_env/lib/python3.8/site-packages/airflow/example_dags/example_nested_branch_dag.py
[2022-07-25 11:02:31,589] {processor.py:641} INFO - Processing file /home/hp/miniconda3/envs/airflow_env/lib/python3.8/site-packages/airflow/example_dags/example_nested_branch_dag.py for tasks to queue
[2022-07-25 11:02:31,590] {logging_mixin.py:115} INFO - [2022-07-25 11:02:31,590] {dagbag.py:508} INFO - Filling up the DagBag from /home/hp/miniconda3/envs/airflow_env/lib/python3.8/site-packages/airflow/example_dags/example_nested_branch_dag.py
[2022-07-25 11:02:31,598] {processor.py:651} INFO - DAG(s) dict_keys(['example_nested_branch_dag']) retrieved from /home/hp/miniconda3/envs/airflow_env/lib/python3.8/site-packages/airflow/example_dags/example_nested_branch_dag.py
[2022-07-25 11:02:31,605] {logging_mixin.py:115} INFO - [2022-07-25 11:02:31,605] {dag.py:2420} INFO - Sync 1 DAGs
[2022-07-25 11:02:31,614] {logging_mixin.py:115} INFO - [2022-07-25 11:02:31,613] {dag.py:2968} INFO - Setting next_dagrun for example_nested_branch_dag to 2022-07-24T00:00:00+00:00, run_after=2022-07-25T00:00:00+00:00
[2022-07-25 11:02:31,623] {processor.py:161} INFO - Processing /home/hp/miniconda3/envs/airflow_env/lib/python3.8/site-packages/airflow/example_dags/example_nested_branch_dag.py took 0.038 seconds
[2022-07-25 11:03:08,535] {processor.py:153} INFO - Started process (PID=61652) to work on /home/hp/miniconda3/envs/airflow_env/lib/python3.8/site-packages/airflow/example_dags/example_nested_branch_dag.py
[2022-07-25 11:03:08,536] {processor.py:641} INFO - Processing file /home/hp/miniconda3/envs/airflow_env/lib/python3.8/site-packages/airflow/example_dags/example_nested_branch_dag.py for tasks to queue
[2022-07-25 11:03:08,537] {logging_mixin.py:115} INFO - [2022-07-25 11:03:08,536] {dagbag.py:508} INFO - Filling up the DagBag from /home/hp/miniconda3/envs/airflow_env/lib/python3.8/site-packages/airflow/example_dags/example_nested_branch_dag.py
[2022-07-25 11:03:08,544] {processor.py:651} INFO - DAG(s) dict_keys(['example_nested_branch_dag']) retrieved from /home/hp/miniconda3/envs/airflow_env/lib/python3.8/site-packages/airflow/example_dags/example_nested_branch_dag.py
[2022-07-25 11:03:08,551] {logging_mixin.py:115} INFO - [2022-07-25 11:03:08,551] {dag.py:2420} INFO - Sync 1 DAGs
[2022-07-25 11:03:08,561] {logging_mixin.py:115} INFO - [2022-07-25 11:03:08,561] {dag.py:2968} INFO - Setting next_dagrun for example_nested_branch_dag to 2022-07-24T00:00:00+00:00, run_after=2022-07-25T00:00:00+00:00
[2022-07-25 11:03:08,569] {processor.py:161} INFO - Processing /home/hp/miniconda3/envs/airflow_env/lib/python3.8/site-packages/airflow/example_dags/example_nested_branch_dag.py took 0.037 seconds
[2022-07-25 11:03:44,047] {processor.py:153} INFO - Started process (PID=61835) to work on /home/hp/miniconda3/envs/airflow_env/lib/python3.8/site-packages/airflow/example_dags/example_nested_branch_dag.py
[2022-07-25 11:03:44,048] {processor.py:641} INFO - Processing file /home/hp/miniconda3/envs/airflow_env/lib/python3.8/site-packages/airflow/example_dags/example_nested_branch_dag.py for tasks to queue
[2022-07-25 11:03:44,048] {logging_mixin.py:115} INFO - [2022-07-25 11:03:44,048] {dagbag.py:508} INFO - Filling up the DagBag from /home/hp/miniconda3/envs/airflow_env/lib/python3.8/site-packages/airflow/example_dags/example_nested_branch_dag.py
[2022-07-25 11:03:44,057] {processor.py:651} INFO - DAG(s) dict_keys(['example_nested_branch_dag']) retrieved from /home/hp/miniconda3/envs/airflow_env/lib/python3.8/site-packages/airflow/example_dags/example_nested_branch_dag.py
[2022-07-25 11:03:44,066] {logging_mixin.py:115} INFO - [2022-07-25 11:03:44,065] {dag.py:2420} INFO - Sync 1 DAGs
[2022-07-25 11:03:44,075] {logging_mixin.py:115} INFO - [2022-07-25 11:03:44,075] {dag.py:2968} INFO - Setting next_dagrun for example_nested_branch_dag to 2022-07-24T00:00:00+00:00, run_after=2022-07-25T00:00:00+00:00
[2022-07-25 11:03:44,083] {processor.py:161} INFO - Processing /home/hp/miniconda3/envs/airflow_env/lib/python3.8/site-packages/airflow/example_dags/example_nested_branch_dag.py took 0.039 seconds
[2022-07-25 11:04:20,106] {processor.py:153} INFO - Started process (PID=62104) to work on /home/hp/miniconda3/envs/airflow_env/lib/python3.8/site-packages/airflow/example_dags/example_nested_branch_dag.py
[2022-07-25 11:04:20,107] {processor.py:641} INFO - Processing file /home/hp/miniconda3/envs/airflow_env/lib/python3.8/site-packages/airflow/example_dags/example_nested_branch_dag.py for tasks to queue
[2022-07-25 11:04:20,107] {logging_mixin.py:115} INFO - [2022-07-25 11:04:20,107] {dagbag.py:508} INFO - Filling up the DagBag from /home/hp/miniconda3/envs/airflow_env/lib/python3.8/site-packages/airflow/example_dags/example_nested_branch_dag.py
[2022-07-25 11:04:20,113] {processor.py:651} INFO - DAG(s) dict_keys(['example_nested_branch_dag']) retrieved from /home/hp/miniconda3/envs/airflow_env/lib/python3.8/site-packages/airflow/example_dags/example_nested_branch_dag.py
[2022-07-25 11:04:20,121] {logging_mixin.py:115} INFO - [2022-07-25 11:04:20,121] {dag.py:2420} INFO - Sync 1 DAGs
[2022-07-25 11:04:20,132] {logging_mixin.py:115} INFO - [2022-07-25 11:04:20,132] {dag.py:2968} INFO - Setting next_dagrun for example_nested_branch_dag to 2022-07-24T00:00:00+00:00, run_after=2022-07-25T00:00:00+00:00
[2022-07-25 11:04:20,140] {processor.py:161} INFO - Processing /home/hp/miniconda3/envs/airflow_env/lib/python3.8/site-packages/airflow/example_dags/example_nested_branch_dag.py took 0.036 seconds
[2022-07-25 11:04:53,842] {processor.py:153} INFO - Started process (PID=62396) to work on /home/hp/miniconda3/envs/airflow_env/lib/python3.8/site-packages/airflow/example_dags/example_nested_branch_dag.py
[2022-07-25 11:04:53,843] {processor.py:641} INFO - Processing file /home/hp/miniconda3/envs/airflow_env/lib/python3.8/site-packages/airflow/example_dags/example_nested_branch_dag.py for tasks to queue
[2022-07-25 11:04:53,843] {logging_mixin.py:115} INFO - [2022-07-25 11:04:53,843] {dagbag.py:508} INFO - Filling up the DagBag from /home/hp/miniconda3/envs/airflow_env/lib/python3.8/site-packages/airflow/example_dags/example_nested_branch_dag.py
[2022-07-25 11:04:53,848] {processor.py:651} INFO - DAG(s) dict_keys(['example_nested_branch_dag']) retrieved from /home/hp/miniconda3/envs/airflow_env/lib/python3.8/site-packages/airflow/example_dags/example_nested_branch_dag.py
[2022-07-25 11:04:53,858] {logging_mixin.py:115} INFO - [2022-07-25 11:04:53,858] {dag.py:2420} INFO - Sync 1 DAGs
[2022-07-25 11:04:53,874] {logging_mixin.py:115} INFO - [2022-07-25 11:04:53,874] {dag.py:2968} INFO - Setting next_dagrun for example_nested_branch_dag to 2022-07-24T00:00:00+00:00, run_after=2022-07-25T00:00:00+00:00
[2022-07-25 11:04:53,885] {processor.py:161} INFO - Processing /home/hp/miniconda3/envs/airflow_env/lib/python3.8/site-packages/airflow/example_dags/example_nested_branch_dag.py took 0.045 seconds
[2022-07-25 11:05:28,399] {processor.py:153} INFO - Started process (PID=62662) to work on /home/hp/miniconda3/envs/airflow_env/lib/python3.8/site-packages/airflow/example_dags/example_nested_branch_dag.py
[2022-07-25 11:05:28,399] {processor.py:641} INFO - Processing file /home/hp/miniconda3/envs/airflow_env/lib/python3.8/site-packages/airflow/example_dags/example_nested_branch_dag.py for tasks to queue
[2022-07-25 11:05:28,399] {logging_mixin.py:115} INFO - [2022-07-25 11:05:28,399] {dagbag.py:508} INFO - Filling up the DagBag from /home/hp/miniconda3/envs/airflow_env/lib/python3.8/site-packages/airflow/example_dags/example_nested_branch_dag.py
[2022-07-25 11:05:28,410] {processor.py:651} INFO - DAG(s) dict_keys(['example_nested_branch_dag']) retrieved from /home/hp/miniconda3/envs/airflow_env/lib/python3.8/site-packages/airflow/example_dags/example_nested_branch_dag.py
[2022-07-25 11:05:28,418] {logging_mixin.py:115} INFO - [2022-07-25 11:05:28,418] {dag.py:2420} INFO - Sync 1 DAGs
[2022-07-25 11:05:28,428] {logging_mixin.py:115} INFO - [2022-07-25 11:05:28,428] {dag.py:2968} INFO - Setting next_dagrun for example_nested_branch_dag to 2022-07-24T00:00:00+00:00, run_after=2022-07-25T00:00:00+00:00
[2022-07-25 11:05:28,436] {processor.py:161} INFO - Processing /home/hp/miniconda3/envs/airflow_env/lib/python3.8/site-packages/airflow/example_dags/example_nested_branch_dag.py took 0.041 seconds
[2022-07-25 11:06:03,214] {processor.py:153} INFO - Started process (PID=62916) to work on /home/hp/miniconda3/envs/airflow_env/lib/python3.8/site-packages/airflow/example_dags/example_nested_branch_dag.py
[2022-07-25 11:06:03,215] {processor.py:641} INFO - Processing file /home/hp/miniconda3/envs/airflow_env/lib/python3.8/site-packages/airflow/example_dags/example_nested_branch_dag.py for tasks to queue
[2022-07-25 11:06:03,215] {logging_mixin.py:115} INFO - [2022-07-25 11:06:03,215] {dagbag.py:508} INFO - Filling up the DagBag from /home/hp/miniconda3/envs/airflow_env/lib/python3.8/site-packages/airflow/example_dags/example_nested_branch_dag.py
[2022-07-25 11:06:03,225] {processor.py:651} INFO - DAG(s) dict_keys(['example_nested_branch_dag']) retrieved from /home/hp/miniconda3/envs/airflow_env/lib/python3.8/site-packages/airflow/example_dags/example_nested_branch_dag.py
[2022-07-25 11:06:03,234] {logging_mixin.py:115} INFO - [2022-07-25 11:06:03,234] {dag.py:2420} INFO - Sync 1 DAGs
[2022-07-25 11:06:03,244] {logging_mixin.py:115} INFO - [2022-07-25 11:06:03,244] {dag.py:2968} INFO - Setting next_dagrun for example_nested_branch_dag to 2022-07-24T00:00:00+00:00, run_after=2022-07-25T00:00:00+00:00
[2022-07-25 11:06:03,252] {processor.py:161} INFO - Processing /home/hp/miniconda3/envs/airflow_env/lib/python3.8/site-packages/airflow/example_dags/example_nested_branch_dag.py took 0.040 seconds
[2022-07-25 11:06:38,542] {processor.py:153} INFO - Started process (PID=63206) to work on /home/hp/miniconda3/envs/airflow_env/lib/python3.8/site-packages/airflow/example_dags/example_nested_branch_dag.py
[2022-07-25 11:06:38,542] {processor.py:641} INFO - Processing file /home/hp/miniconda3/envs/airflow_env/lib/python3.8/site-packages/airflow/example_dags/example_nested_branch_dag.py for tasks to queue
[2022-07-25 11:06:38,543] {logging_mixin.py:115} INFO - [2022-07-25 11:06:38,543] {dagbag.py:508} INFO - Filling up the DagBag from /home/hp/miniconda3/envs/airflow_env/lib/python3.8/site-packages/airflow/example_dags/example_nested_branch_dag.py
[2022-07-25 11:06:38,553] {processor.py:651} INFO - DAG(s) dict_keys(['example_nested_branch_dag']) retrieved from /home/hp/miniconda3/envs/airflow_env/lib/python3.8/site-packages/airflow/example_dags/example_nested_branch_dag.py
[2022-07-25 11:06:38,560] {logging_mixin.py:115} INFO - [2022-07-25 11:06:38,560] {dag.py:2420} INFO - Sync 1 DAGs
[2022-07-25 11:06:38,571] {logging_mixin.py:115} INFO - [2022-07-25 11:06:38,571] {dag.py:2968} INFO - Setting next_dagrun for example_nested_branch_dag to 2022-07-24T00:00:00+00:00, run_after=2022-07-25T00:00:00+00:00
[2022-07-25 11:06:38,580] {processor.py:161} INFO - Processing /home/hp/miniconda3/envs/airflow_env/lib/python3.8/site-packages/airflow/example_dags/example_nested_branch_dag.py took 0.042 seconds
[2022-07-25 11:07:12,834] {processor.py:153} INFO - Started process (PID=63419) to work on /home/hp/miniconda3/envs/airflow_env/lib/python3.8/site-packages/airflow/example_dags/example_nested_branch_dag.py
[2022-07-25 11:07:12,834] {processor.py:641} INFO - Processing file /home/hp/miniconda3/envs/airflow_env/lib/python3.8/site-packages/airflow/example_dags/example_nested_branch_dag.py for tasks to queue
[2022-07-25 11:07:12,835] {logging_mixin.py:115} INFO - [2022-07-25 11:07:12,835] {dagbag.py:508} INFO - Filling up the DagBag from /home/hp/miniconda3/envs/airflow_env/lib/python3.8/site-packages/airflow/example_dags/example_nested_branch_dag.py
[2022-07-25 11:07:12,842] {processor.py:651} INFO - DAG(s) dict_keys(['example_nested_branch_dag']) retrieved from /home/hp/miniconda3/envs/airflow_env/lib/python3.8/site-packages/airflow/example_dags/example_nested_branch_dag.py
[2022-07-25 11:07:12,850] {logging_mixin.py:115} INFO - [2022-07-25 11:07:12,850] {dag.py:2420} INFO - Sync 1 DAGs
[2022-07-25 11:07:12,860] {logging_mixin.py:115} INFO - [2022-07-25 11:07:12,860] {dag.py:2968} INFO - Setting next_dagrun for example_nested_branch_dag to 2022-07-24T00:00:00+00:00, run_after=2022-07-25T00:00:00+00:00
[2022-07-25 11:07:12,869] {processor.py:161} INFO - Processing /home/hp/miniconda3/envs/airflow_env/lib/python3.8/site-packages/airflow/example_dags/example_nested_branch_dag.py took 0.039 seconds
[2022-07-25 11:07:47,941] {processor.py:153} INFO - Started process (PID=63787) to work on /home/hp/miniconda3/envs/airflow_env/lib/python3.8/site-packages/airflow/example_dags/example_nested_branch_dag.py
[2022-07-25 11:07:47,941] {processor.py:641} INFO - Processing file /home/hp/miniconda3/envs/airflow_env/lib/python3.8/site-packages/airflow/example_dags/example_nested_branch_dag.py for tasks to queue
[2022-07-25 11:07:47,942] {logging_mixin.py:115} INFO - [2022-07-25 11:07:47,942] {dagbag.py:508} INFO - Filling up the DagBag from /home/hp/miniconda3/envs/airflow_env/lib/python3.8/site-packages/airflow/example_dags/example_nested_branch_dag.py
[2022-07-25 11:07:47,949] {processor.py:651} INFO - DAG(s) dict_keys(['example_nested_branch_dag']) retrieved from /home/hp/miniconda3/envs/airflow_env/lib/python3.8/site-packages/airflow/example_dags/example_nested_branch_dag.py
[2022-07-25 11:07:47,958] {logging_mixin.py:115} INFO - [2022-07-25 11:07:47,958] {dag.py:2420} INFO - Sync 1 DAGs
[2022-07-25 11:07:47,969] {logging_mixin.py:115} INFO - [2022-07-25 11:07:47,969] {dag.py:2968} INFO - Setting next_dagrun for example_nested_branch_dag to 2022-07-24T00:00:00+00:00, run_after=2022-07-25T00:00:00+00:00
[2022-07-25 11:07:47,978] {processor.py:161} INFO - Processing /home/hp/miniconda3/envs/airflow_env/lib/python3.8/site-packages/airflow/example_dags/example_nested_branch_dag.py took 0.040 seconds
[2022-07-25 11:08:22,701] {processor.py:153} INFO - Started process (PID=64039) to work on /home/hp/miniconda3/envs/airflow_env/lib/python3.8/site-packages/airflow/example_dags/example_nested_branch_dag.py
[2022-07-25 11:08:22,701] {processor.py:641} INFO - Processing file /home/hp/miniconda3/envs/airflow_env/lib/python3.8/site-packages/airflow/example_dags/example_nested_branch_dag.py for tasks to queue
[2022-07-25 11:08:22,702] {logging_mixin.py:115} INFO - [2022-07-25 11:08:22,702] {dagbag.py:508} INFO - Filling up the DagBag from /home/hp/miniconda3/envs/airflow_env/lib/python3.8/site-packages/airflow/example_dags/example_nested_branch_dag.py
[2022-07-25 11:08:22,709] {processor.py:651} INFO - DAG(s) dict_keys(['example_nested_branch_dag']) retrieved from /home/hp/miniconda3/envs/airflow_env/lib/python3.8/site-packages/airflow/example_dags/example_nested_branch_dag.py
[2022-07-25 11:08:22,717] {logging_mixin.py:115} INFO - [2022-07-25 11:08:22,717] {dag.py:2420} INFO - Sync 1 DAGs
[2022-07-25 11:08:22,727] {logging_mixin.py:115} INFO - [2022-07-25 11:08:22,727] {dag.py:2968} INFO - Setting next_dagrun for example_nested_branch_dag to 2022-07-24T00:00:00+00:00, run_after=2022-07-25T00:00:00+00:00
[2022-07-25 11:08:22,736] {processor.py:161} INFO - Processing /home/hp/miniconda3/envs/airflow_env/lib/python3.8/site-packages/airflow/example_dags/example_nested_branch_dag.py took 0.037 seconds
                                                                                                                                                                                                                                                                                                                                                                                                                                                                                                                                                                                                                                                                                                                                                                                                                                                                                                                                                                                                                                                                                                                                                                                                                                                                                                                                                                                                                                                                        