[2022-07-25 03:07:18,441] {processor.py:153} INFO - Started process (PID=21331) to work on /home/hp/miniconda3/envs/airflow_env/lib/python3.8/site-packages/airflow/example_dags/example_branch_python_dop_operator_3.py
[2022-07-25 03:07:18,442] {processor.py:641} INFO - Processing file /home/hp/miniconda3/envs/airflow_env/lib/python3.8/site-packages/airflow/example_dags/example_branch_python_dop_operator_3.py for tasks to queue
[2022-07-25 03:07:18,442] {logging_mixin.py:115} INFO - [2022-07-25 03:07:18,442] {dagbag.py:508} INFO - Filling up the DagBag from /home/hp/miniconda3/envs/airflow_env/lib/python3.8/site-packages/airflow/example_dags/example_branch_python_dop_operator_3.py
[2022-07-25 03:07:18,473] {processor.py:651} INFO - DAG(s) dict_keys(['example_branch_dop_operator_v3']) retrieved from /home/hp/miniconda3/envs/airflow_env/lib/python3.8/site-packages/airflow/example_dags/example_branch_python_dop_operator_3.py
[2022-07-25 03:07:18,519] {logging_mixin.py:115} INFO - [2022-07-25 03:07:18,519] {dag.py:2420} INFO - Sync 1 DAGs
[2022-07-25 03:07:18,586] {logging_mixin.py:115} INFO - [2022-07-25 03:07:18,585] {dag.py:2968} INFO - Setting next_dagrun for example_branch_dop_operator_v3 to 2022-07-25T00:06:00+00:00, run_after=2022-07-25T00:07:00+00:00
[2022-07-25 03:07:18,606] {processor.py:161} INFO - Processing /home/hp/miniconda3/envs/airflow_env/lib/python3.8/site-packages/airflow/example_dags/example_branch_python_dop_operator_3.py took 0.168 seconds
[2022-07-25 03:12:46,228] {processor.py:153} INFO - Started process (PID=21869) to work on /home/hp/miniconda3/envs/airflow_env/lib/python3.8/site-packages/airflow/example_dags/example_branch_python_dop_operator_3.py
[2022-07-25 03:12:46,229] {processor.py:641} INFO - Processing file /home/hp/miniconda3/envs/airflow_env/lib/python3.8/site-packages/airflow/example_dags/example_branch_python_dop_operator_3.py for tasks to queue
[2022-07-25 03:12:46,230] {logging_mixin.py:115} INFO - [2022-07-25 03:12:46,230] {dagbag.py:508} INFO - Filling up the DagBag from /home/hp/miniconda3/envs/airflow_env/lib/python3.8/site-packages/airflow/example_dags/example_branch_python_dop_operator_3.py
[2022-07-25 03:12:46,240] {processor.py:651} INFO - DAG(s) dict_keys(['example_branch_dop_operator_v3']) retrieved from /home/hp/miniconda3/envs/airflow_env/lib/python3.8/site-packages/airflow/example_dags/example_branch_python_dop_operator_3.py
[2022-07-25 03:12:46,250] {logging_mixin.py:115} INFO - [2022-07-25 03:12:46,250] {dag.py:2420} INFO - Sync 1 DAGs
[2022-07-25 03:12:46,266] {logging_mixin.py:115} INFO - [2022-07-25 03:12:46,266] {dag.py:2968} INFO - Setting next_dagrun for example_branch_dop_operator_v3 to 2022-07-25T00:11:00+00:00, run_after=2022-07-25T00:12:00+00:00
[2022-07-25 03:12:46,276] {processor.py:161} INFO - Processing /home/hp/miniconda3/envs/airflow_env/lib/python3.8/site-packages/airflow/example_dags/example_branch_python_dop_operator_3.py took 0.052 seconds
[2022-07-25 03:18:08,932] {processor.py:153} INFO - Started process (PID=22360) to work on /home/hp/miniconda3/envs/airflow_env/lib/python3.8/site-packages/airflow/example_dags/example_branch_python_dop_operator_3.py
[2022-07-25 03:18:08,933] {processor.py:641} INFO - Processing file /home/hp/miniconda3/envs/airflow_env/lib/python3.8/site-packages/airflow/example_dags/example_branch_python_dop_operator_3.py for tasks to queue
[2022-07-25 03:18:08,934] {logging_mixin.py:115} INFO - [2022-07-25 03:18:08,933] {dagbag.py:508} INFO - Filling up the DagBag from /home/hp/miniconda3/envs/airflow_env/lib/python3.8/site-packages/airflow/example_dags/example_branch_python_dop_operator_3.py
[2022-07-25 03:18:08,943] {processor.py:651} INFO - DAG(s) dict_keys(['example_branch_dop_operator_v3']) retrieved from /home/hp/miniconda3/envs/airflow_env/lib/python3.8/site-packages/airflow/example_dags/example_branch_python_dop_operator_3.py
[2022-07-25 03:18:08,951] {logging_mixin.py:115} INFO - [2022-07-25 03:18:08,951] {dag.py:2420} INFO - Sync 1 DAGs
[2022-07-25 03:18:08,968] {logging_mixin.py:115} INFO - [2022-07-25 03:18:08,967] {dag.py:2968} INFO - Setting next_dagrun for example_branch_dop_operator_v3 to 2022-07-25T00:17:00+00:00, run_after=2022-07-25T00:18:00+00:00
[2022-07-25 03:18:08,978] {processor.py:161} INFO - Processing /home/hp/miniconda3/envs/airflow_env/lib/python3.8/site-packages/airflow/example_dags/example_branch_python_dop_operator_3.py took 0.050 seconds
[2022-07-25 03:23:30,918] {processor.py:153} INFO - Started process (PID=22819) to work on /home/hp/miniconda3/envs/airflow_env/lib/python3.8/site-packages/airflow/example_dags/example_branch_python_dop_operator_3.py
[2022-07-25 03:23:30,919] {processor.py:641} INFO - Processing file /home/hp/miniconda3/envs/airflow_env/lib/python3.8/site-packages/airflow/example_dags/example_branch_python_dop_operator_3.py for tasks to queue
[2022-07-25 03:23:30,920] {logging_mixin.py:115} INFO - [2022-07-25 03:23:30,919] {dagbag.py:508} INFO - Filling up the DagBag from /home/hp/miniconda3/envs/airflow_env/lib/python3.8/site-packages/airflow/example_dags/example_branch_python_dop_operator_3.py
[2022-07-25 03:23:30,930] {processor.py:651} INFO - DAG(s) dict_keys(['example_branch_dop_operator_v3']) retrieved from /home/hp/miniconda3/envs/airflow_env/lib/python3.8/site-packages/airflow/example_dags/example_branch_python_dop_operator_3.py
[2022-07-25 03:23:30,938] {logging_mixin.py:115} INFO - [2022-07-25 03:23:30,938] {dag.py:2420} INFO - Sync 1 DAGs
[2022-07-25 03:23:30,951] {logging_mixin.py:115} INFO - [2022-07-25 03:23:30,951] {dag.py:2968} INFO - Setting next_dagrun for example_branch_dop_operator_v3 to 2022-07-25T00:22:00+00:00, run_after=2022-07-25T00:23:00+00:00
[2022-07-25 03:23:30,964] {processor.py:161} INFO - Processing /home/hp/miniconda3/envs/airflow_env/lib/python3.8/site-packages/airflow/example_dags/example_branch_python_dop_operator_3.py took 0.051 seconds
[2022-07-25 03:30:29,959] {processor.py:153} INFO - Started process (PID=23298) to work on /home/hp/miniconda3/envs/airflow_env/lib/python3.8/site-packages/airflow/example_dags/example_branch_python_dop_operator_3.py
[2022-07-25 03:30:29,960] {processor.py:641} INFO - Processing file /home/hp/miniconda3/envs/airflow_env/lib/python3.8/site-packages/airflow/example_dags/example_branch_python_dop_operator_3.py for tasks to queue
[2022-07-25 03:30:29,960] {logging_mixin.py:115} INFO - [2022-07-25 03:30:29,960] {dagbag.py:508} INFO - Filling up the DagBag from /home/hp/miniconda3/envs/airflow_env/lib/python3.8/site-packages/airflow/example_dags/example_branch_python_dop_operator_3.py
[2022-07-25 03:30:29,971] {processor.py:651} INFO - DAG(s) dict_keys(['example_branch_dop_operator_v3']) retrieved from /home/hp/miniconda3/envs/airflow_env/lib/python3.8/site-packages/airflow/example_dags/example_branch_python_dop_operator_3.py
[2022-07-25 03:30:29,987] {logging_mixin.py:115} INFO - [2022-07-25 03:30:29,987] {dag.py:2420} INFO - Sync 1 DAGs
[2022-07-25 03:30:30,016] {logging_mixin.py:115} INFO - [2022-07-25 03:30:30,016] {dag.py:2968} INFO - Setting next_dagrun for example_branch_dop_operator_v3 to 2022-07-25T00:29:00+00:00, run_after=2022-07-25T00:30:00+00:00
[2022-07-25 03:30:30,036] {processor.py:161} INFO - Processing /home/hp/miniconda3/envs/airflow_env/lib/python3.8/site-packages/airflow/example_dags/example_branch_python_dop_operator_3.py took 0.079 seconds
[2022-07-25 03:33:48,104] {processor.py:153} INFO - Started process (PID=23931) to work on /home/hp/miniconda3/envs/airflow_env/lib/python3.8/site-packages/airflow/example_dags/example_branch_python_dop_operator_3.py
[2022-07-25 03:33:48,105] {processor.py:641} INFO - Processing file /home/hp/miniconda3/envs/airflow_env/lib/python3.8/site-packages/airflow/example_dags/example_branch_python_dop_operator_3.py for tasks to queue
[2022-07-25 03:33:48,106] {logging_mixin.py:115} INFO - [2022-07-25 03:33:48,106] {dagbag.py:508} INFO - Filling up the DagBag from /home/hp/miniconda3/envs/airflow_env/lib/python3.8/site-packages/airflow/example_dags/example_branch_python_dop_operator_3.py
[2022-07-25 03:33:48,117] {processor.py:651} INFO - DAG(s) dict_keys(['example_branch_dop_operator_v3']) retrieved from /home/hp/miniconda3/envs/airflow_env/lib/python3.8/site-packages/airflow/example_dags/example_branch_python_dop_operator_3.py
[2022-07-25 03:33:48,126] {logging_mixin.py:115} INFO - [2022-07-25 03:33:48,126] {dag.py:2420} INFO - Sync 1 DAGs
[2022-07-25 03:33:48,139] {logging_mixin.py:115} INFO - [2022-07-25 03:33:48,138] {dag.py:2968} INFO - Setting next_dagrun for example_branch_dop_operator_v3 to 2022-07-25T00:32:00+00:00, run_after=2022-07-25T00:33:00+00:00
[2022-07-25 03:33:48,150] {processor.py:161} INFO - Processing /home/hp/miniconda3/envs/airflow_env/lib/python3.8/site-packages/airflow/example_dags/example_branch_python_dop_operator_3.py took 0.050 seconds
[2022-07-25 03:39:12,934] {processor.py:153} INFO - Started process (PID=24335) to work on /home/hp/miniconda3/envs/airflow_env/lib/python3.8/site-packages/airflow/example_dags/example_branch_python_dop_operator_3.py
[2022-07-25 03:39:12,935] {processor.py:641} INFO - Processing file /home/hp/miniconda3/envs/airflow_env/lib/python3.8/site-packages/airflow/example_dags/example_branch_python_dop_operator_3.py for tasks to queue
[2022-07-25 03:39:12,935] {logging_mixin.py:115} INFO - [2022-07-25 03:39:12,935] {dagbag.py:508} INFO - Filling up the DagBag from /home/hp/miniconda3/envs/airflow_env/lib/python3.8/site-packages/airflow/example_dags/example_branch_python_dop_operator_3.py
[2022-07-25 03:39:12,943] {processor.py:651} INFO - DAG(s) dict_keys(['example_branch_dop_operator_v3']) retrieved from /home/hp/miniconda3/envs/airflow_env/lib/python3.8/site-packages/airflow/example_dags/example_branch_python_dop_operator_3.py
[2022-07-25 03:39:12,953] {logging_mixin.py:115} INFO - [2022-07-25 03:39:12,953] {dag.py:2420} INFO - Sync 1 DAGs
[2022-07-25 03:39:12,968] {logging_mixin.py:115} INFO - [2022-07-25 03:39:12,968] {dag.py:2968} INFO - Setting next_dagrun for example_branch_dop_operator_v3 to 2022-07-25T00:38:00+00:00, run_after=2022-07-25T00:39:00+00:00
[2022-07-25 03:39:12,978] {processor.py:161} INFO - Processing /home/hp/miniconda3/envs/airflow_env/lib/python3.8/site-packages/airflow/example_dags/example_branch_python_dop_operator_3.py took 0.045 seconds
[2022-07-25 03:44:36,289] {processor.py:153} INFO - Started process (PID=24827) to work on /home/hp/miniconda3/envs/airflow_env/lib/python3.8/site-packages/airflow/example_dags/example_branch_python_dop_operator_3.py
[2022-07-25 03:44:36,290] {processor.py:641} INFO - Processing file /home/hp/miniconda3/envs/airflow_env/lib/python3.8/site-packages/airflow/example_dags/example_branch_python_dop_operator_3.py for tasks to queue
[2022-07-25 03:44:36,291] {logging_mixin.py:115} INFO - [2022-07-25 03:44:36,291] {dagbag.py:508} INFO - Filling up the DagBag from /home/hp/miniconda3/envs/airflow_env/lib/python3.8/site-packages/airflow/example_dags/example_branch_python_dop_operator_3.py
[2022-07-25 03:44:36,302] {processor.py:651} INFO - DAG(s) dict_keys(['example_branch_dop_operator_v3']) retrieved from /home/hp/miniconda3/envs/airflow_env/lib/python3.8/site-packages/airflow/example_dags/example_branch_python_dop_operator_3.py
[2022-07-25 03:44:36,311] {logging_mixin.py:115} INFO - [2022-07-25 03:44:36,311] {dag.py:2420} INFO - Sync 1 DAGs
[2022-07-25 03:44:36,323] {logging_mixin.py:115} INFO - [2022-07-25 03:44:36,323] {dag.py:2968} INFO - Setting next_dagrun for example_branch_dop_operator_v3 to 2022-07-25T00:43:00+00:00, run_after=2022-07-25T00:44:00+00:00
[2022-07-25 03:44:36,334] {processor.py:161} INFO - Processing /home/hp/miniconda3/envs/airflow_env/lib/python3.8/site-packages/airflow/example_dags/example_branch_python_dop_operator_3.py took 0.049 seconds
[2022-07-25 03:49:58,933] {processor.py:153} INFO - Started process (PID=25195) to work on /home/hp/miniconda3/envs/airflow_env/lib/python3.8/site-packages/airflow/example_dags/example_branch_python_dop_operator_3.py
[2022-07-25 03:49:58,934] {processor.py:641} INFO - Processing file /home/hp/miniconda3/envs/airflow_env/lib/python3.8/site-packages/airflow/example_dags/example_branch_python_dop_operator_3.py for tasks to queue
[2022-07-25 03:49:58,935] {logging_mixin.py:115} INFO - [2022-07-25 03:49:58,934] {dagbag.py:508} INFO - Filling up the DagBag from /home/hp/miniconda3/envs/airflow_env/lib/python3.8/site-packages/airflow/example_dags/example_branch_python_dop_operator_3.py
[2022-07-25 03:49:58,944] {processor.py:651} INFO - DAG(s) dict_keys(['example_branch_dop_operator_v3']) retrieved from /home/hp/miniconda3/envs/airflow_env/lib/python3.8/site-packages/airflow/example_dags/example_branch_python_dop_operator_3.py
[2022-07-25 03:49:58,954] {logging_mixin.py:115} INFO - [2022-07-25 03:49:58,954] {dag.py:2420} INFO - Sync 1 DAGs
[2022-07-25 03:49:58,966] {logging_mixin.py:115} INFO - [2022-07-25 03:49:58,965] {dag.py:2968} INFO - Setting next_dagrun for example_branch_dop_operator_v3 to 2022-07-25T00:48:00+00:00, run_after=2022-07-25T00:49:00+00:00
[2022-07-25 03:49:58,976] {processor.py:161} INFO - Processing /home/hp/miniconda3/envs/airflow_env/lib/python3.8/site-packages/airflow/example_dags/example_branch_python_dop_operator_3.py took 0.047 seconds
[2022-07-25 04:00:09,865] {processor.py:153} INFO - Started process (PID=25593) to work on /home/hp/miniconda3/envs/airflow_env/lib/python3.8/site-packages/airflow/example_dags/example_branch_python_dop_operator_3.py
[2022-07-25 04:00:09,866] {processor.py:641} INFO - Processing file /home/hp/miniconda3/envs/airflow_env/lib/python3.8/site-packages/airflow/example_dags/example_branch_python_dop_operator_3.py for tasks to queue
[2022-07-25 04:00:09,866] {logging_mixin.py:115} INFO - [2022-07-25 04:00:09,866] {dagbag.py:508} INFO - Filling up the DagBag from /home/hp/miniconda3/envs/airflow_env/lib/python3.8/site-packages/airflow/example_dags/example_branch_python_dop_operator_3.py
[2022-07-25 04:00:09,876] {processor.py:651} INFO - DAG(s) dict_keys(['example_branch_dop_operator_v3']) retrieved from /home/hp/miniconda3/envs/airflow_env/lib/python3.8/site-packages/airflow/example_dags/example_branch_python_dop_operator_3.py
[2022-07-25 04:00:09,886] {logging_mixin.py:115} INFO - [2022-07-25 04:00:09,886] {dag.py:2420} INFO - Sync 1 DAGs
[2022-07-25 04:00:09,904] {logging_mixin.py:115} INFO - [2022-07-25 04:00:09,904] {dag.py:2968} INFO - Setting next_dagrun for example_branch_dop_operator_v3 to 2022-07-25T00:59:00+00:00, run_after=2022-07-25T01:00:00+00:00
[2022-07-25 04:00:09,916] {processor.py:161} INFO - Processing /home/hp/miniconda3/envs/airflow_env/lib/python3.8/site-packages/airflow/example_dags/example_branch_python_dop_operator_3.py took 0.053 seconds
[2022-07-25 04:00:49,210] {processor.py:153} INFO - Started process (PID=25957) to work on /home/hp/miniconda3/envs/airflow_env/lib/python3.8/site-packages/airflow/example_dags/example_branch_python_dop_operator_3.py
[2022-07-25 04:00:49,211] {processor.py:641} INFO - Processing file /home/hp/miniconda3/envs/airflow_env/lib/python3.8/site-packages/airflow/example_dags/example_branch_python_dop_operator_3.py for tasks to queue
[2022-07-25 04:00:49,212] {logging_mixin.py:115} INFO - [2022-07-25 04:00:49,212] {dagbag.py:508} INFO - Filling up the DagBag from /home/hp/miniconda3/envs/airflow_env/lib/python3.8/site-packages/airflow/example_dags/example_branch_python_dop_operator_3.py
[2022-07-25 04:00:49,224] {processor.py:651} INFO - DAG(s) dict_keys(['example_branch_dop_operator_v3']) retrieved from /home/hp/miniconda3/envs/airflow_env/lib/python3.8/site-packages/airflow/example_dags/example_branch_python_dop_operator_3.py
[2022-07-25 04:00:49,232] {logging_mixin.py:115} INFO - [2022-07-25 04:00:49,232] {dag.py:2420} INFO - Sync 1 DAGs
[2022-07-25 04:00:49,245] {logging_mixin.py:115} INFO - [2022-07-25 04:00:49,245] {dag.py:2968} INFO - Setting next_dagrun for example_branch_dop_operator_v3 to 2022-07-25T00:59:00+00:00, run_after=2022-07-25T01:00:00+00:00
[2022-07-25 04:00:49,255] {processor.py:161} INFO - Processing /home/hp/miniconda3/envs/airflow_env/lib/python3.8/site-packages/airflow/example_dags/example_branch_python_dop_operator_3.py took 0.051 seconds
[2022-07-25 04:01:59,775] {processor.py:153} INFO - Started process (PID=26292) to work on /home/hp/miniconda3/envs/airflow_env/lib/python3.8/site-packages/airflow/example_dags/example_branch_python_dop_operator_3.py
[2022-07-25 04:01:59,776] {processor.py:641} INFO - Processing file /home/hp/miniconda3/envs/airflow_env/lib/python3.8/site-packages/airflow/example_dags/example_branch_python_dop_operator_3.py for tasks to queue
[2022-07-25 04:01:59,776] {logging_mixin.py:115} INFO - [2022-07-25 04:01:59,776] {dagbag.py:508} INFO - Filling up the DagBag from /home/hp/miniconda3/envs/airflow_env/lib/python3.8/site-packages/airflow/example_dags/example_branch_python_dop_operator_3.py
[2022-07-25 04:01:59,788] {processor.py:651} INFO - DAG(s) dict_keys(['example_branch_dop_operator_v3']) retrieved from /home/hp/miniconda3/envs/airflow_env/lib/python3.8/site-packages/airflow/example_dags/example_branch_python_dop_operator_3.py
[2022-07-25 04:01:59,797] {logging_mixin.py:115} INFO - [2022-07-25 04:01:59,797] {dag.py:2420} INFO - Sync 1 DAGs
[2022-07-25 04:01:59,809] {logging_mixin.py:115} INFO - [2022-07-25 04:01:59,809] {dag.py:2968} INFO - Setting next_dagrun for example_branch_dop_operator_v3 to 2022-07-25T01:00:00+00:00, run_after=2022-07-25T01:01:00+00:00
[2022-07-25 04:01:59,819] {processor.py:161} INFO - Processing /home/hp/miniconda3/envs/airflow_env/lib/python3.8/site-packages/airflow/example_dags/example_branch_python_dop_operator_3.py took 0.048 seconds
[2022-07-25 04:05:32,751] {processor.py:153} INFO - Started process (PID=26716) to work on /home/hp/miniconda3/envs/airflow_env/lib/python3.8/site-packages/airflow/example_dags/example_branch_python_dop_operator_3.py
[2022-07-25 04:05:32,752] {processor.py:641} INFO - Processing file /home/hp/miniconda3/envs/airflow_env/lib/python3.8/site-packages/airflow/example_dags/example_branch_python_dop_operator_3.py for tasks to queue
[2022-07-25 04:05:32,753] {logging_mixin.py:115} INFO - [2022-07-25 04:05:32,753] {dagbag.py:508} INFO - Filling up the DagBag from /home/hp/miniconda3/envs/airflow_env/lib/python3.8/site-packages/airflow/example_dags/example_branch_python_dop_operator_3.py
[2022-07-25 04:05:32,765] {processor.py:651} INFO - DAG(s) dict_keys(['example_branch_dop_operator_v3']) retrieved from /home/hp/miniconda3/envs/airflow_env/lib/python3.8/site-packages/airflow/example_dags/example_branch_python_dop_operator_3.py
[2022-07-25 04:05:32,774] {logging_mixin.py:115} INFO - [2022-07-25 04:05:32,774] {dag.py:2420} INFO - Sync 1 DAGs
[2022-07-25 04:05:32,786] {logging_mixin.py:115} INFO - [2022-07-25 04:05:32,786] {dag.py:2968} INFO - Setting next_dagrun for example_branch_dop_operator_v3 to 2022-07-25T01:04:00+00:00, run_after=2022-07-25T01:05:00+00:00
[2022-07-25 04:05:32,797] {processor.py:161} INFO - Processing /home/hp/miniconda3/envs/airflow_env/lib/python3.8/site-packages/airflow/example_dags/example_branch_python_dop_operator_3.py took 0.050 seconds
[2022-07-25 04:10:57,511] {processor.py:153} INFO - Started process (PID=27027) to work on /home/hp/miniconda3/envs/airflow_env/lib/python3.8/site-packages/airflow/example_dags/example_branch_python_dop_operator_3.py
[2022-07-25 04:10:57,512] {processor.py:641} INFO - Processing file /home/hp/miniconda3/envs/airflow_env/lib/python3.8/site-packages/airflow/example_dags/example_branch_python_dop_operator_3.py for tasks to queue
[2022-07-25 04:10:57,513] {logging_mixin.py:115} INFO - [2022-07-25 04:10:57,513] {dagbag.py:508} INFO - Filling up the DagBag from /home/hp/miniconda3/envs/airflow_env/lib/python3.8/site-packages/airflow/example_dags/example_branch_python_dop_operator_3.py
[2022-07-25 04:10:57,524] {processor.py:651} INFO - DAG(s) dict_keys(['example_branch_dop_operator_v3']) retrieved from /home/hp/miniconda3/envs/airflow_env/lib/python3.8/site-packages/airflow/example_dags/example_branch_python_dop_operator_3.py
[2022-07-25 04:10:57,533] {logging_mixin.py:115} INFO - [2022-07-25 04:10:57,533] {dag.py:2420} INFO - Sync 1 DAGs
[2022-07-25 04:10:57,543] {logging_mixin.py:115} INFO - [2022-07-25 04:10:57,543] {dag.py:2968} INFO - Setting next_dagrun for example_branch_dop_operator_v3 to 2022-07-25T01:09:00+00:00, run_after=2022-07-25T01:10:00+00:00
[2022-07-25 04:10:57,553] {processor.py:161} INFO - Processing /home/hp/miniconda3/envs/airflow_env/lib/python3.8/site-packages/airflow/example_dags/example_branch_python_dop_operator_3.py took 0.047 seconds
[2022-07-25 04:16:21,378] {processor.py:153} INFO - Started process (PID=27331) to work on /home/hp/miniconda3/envs/airflow_env/lib/python3.8/site-packages/airflow/example_dags/example_branch_python_dop_operator_3.py
[2022-07-25 04:16:21,379] {processor.py:641} INFO - Processing file /home/hp/miniconda3/envs/airflow_env/lib/python3.8/site-packages/airflow/example_dags/example_branch_python_dop_operator_3.py for tasks to queue
[2022-07-25 04:16:21,380] {logging_mixin.py:115} INFO - [2022-07-25 04:16:21,380] {dagbag.py:508} INFO - Filling up the DagBag from /home/hp/miniconda3/envs/airflow_env/lib/python3.8/site-packages/airflow/example_dags/example_branch_python_dop_operator_3.py
[2022-07-25 04:16:21,390] {processor.py:651} INFO - DAG(s) dict_keys(['example_branch_dop_operator_v3']) retrieved from /home/hp/miniconda3/envs/airflow_env/lib/python3.8/site-packages/airflow/example_dags/example_branch_python_dop_operator_3.py
[2022-07-25 04:16:21,399] {logging_mixin.py:115} INFO - [2022-07-25 04:16:21,399] {dag.py:2420} INFO - Sync 1 DAGs
[2022-07-25 04:16:21,411] {logging_mixin.py:115} INFO - [2022-07-25 04:16:21,411] {dag.py:2968} INFO - Setting next_dagrun for example_branch_dop_operator_v3 to 2022-07-25T01:15:00+00:00, run_after=2022-07-25T01:16:00+00:00
[2022-07-25 04:16:21,420] {processor.py:161} INFO - Processing /home/hp/miniconda3/envs/airflow_env/lib/python3.8/site-packages/airflow/example_dags/example_branch_python_dop_operator_3.py took 0.046 seconds
[2022-07-25 04:21:44,357] {processor.py:153} INFO - Started process (PID=27603) to work on /home/hp/miniconda3/envs/airflow_env/lib/python3.8/site-packages/airflow/example_dags/example_branch_python_dop_operator_3.py
[2022-07-25 04:21:44,358] {processor.py:641} INFO - Processing file /home/hp/miniconda3/envs/airflow_env/lib/python3.8/site-packages/airflow/example_dags/example_branch_python_dop_operator_3.py for tasks to queue
[2022-07-25 04:21:44,359] {logging_mixin.py:115} INFO - [2022-07-25 04:21:44,359] {dagbag.py:508} INFO - Filling up the DagBag from /home/hp/miniconda3/envs/airflow_env/lib/python3.8/site-packages/airflow/example_dags/example_branch_python_dop_operator_3.py
[2022-07-25 04:21:44,369] {processor.py:651} INFO - DAG(s) dict_keys(['example_branch_dop_operator_v3']) retrieved from /home/hp/miniconda3/envs/airflow_env/lib/python3.8/site-packages/airflow/example_dags/example_branch_python_dop_operator_3.py
[2022-07-25 04:21:44,377] {logging_mixin.py:115} INFO - [2022-07-25 04:21:44,377] {dag.py:2420} INFO - Sync 1 DAGs
[2022-07-25 04:21:44,389] {logging_mixin.py:115} INFO - [2022-07-25 04:21:44,389] {dag.py:2968} INFO - Setting next_dagrun for example_branch_dop_operator_v3 to 2022-07-25T01:20:00+00:00, run_after=2022-07-25T01:21:00+00:00
[2022-07-25 04:21:44,398] {processor.py:161} INFO - Processing /home/hp/miniconda3/envs/airflow_env/lib/python3.8/site-packages/airflow/example_dags/example_branch_python_dop_operator_3.py took 0.046 seconds
[2022-07-25 04:31:55,678] {processor.py:153} INFO - Started process (PID=28000) to work on /home/hp/miniconda3/envs/airflow_env/lib/python3.8/site-packages/airflow/example_dags/example_branch_python_dop_operator_3.py
[2022-07-25 04:31:55,682] {processor.py:641} INFO - Processing file /home/hp/miniconda3/envs/airflow_env/lib/python3.8/site-packages/airflow/example_dags/example_branch_python_dop_operator_3.py for tasks to queue
[2022-07-25 04:31:55,682] {logging_mixin.py:115} INFO - [2022-07-25 04:31:55,682] {dagbag.py:508} INFO - Filling up the DagBag from /home/hp/miniconda3/envs/airflow_env/lib/python3.8/site-packages/airflow/example_dags/example_branch_python_dop_operator_3.py
[2022-07-25 04:31:55,690] {processor.py:651} INFO - DAG(s) dict_keys(['example_branch_dop_operator_v3']) retrieved from /home/hp/miniconda3/envs/airflow_env/lib/python3.8/site-packages/airflow/example_dags/example_branch_python_dop_operator_3.py
[2022-07-25 04:31:55,698] {logging_mixin.py:115} INFO - [2022-07-25 04:31:55,698] {dag.py:2420} INFO - Sync 1 DAGs
[2022-07-25 04:31:55,712] {logging_mixin.py:115} INFO - [2022-07-25 04:31:55,712] {dag.py:2968} INFO - Setting next_dagrun for example_branch_dop_operator_v3 to 2022-07-25T01:30:00+00:00, run_after=2022-07-25T01:31:00+00:00
[2022-07-25 04:31:55,724] {processor.py:161} INFO - Processing /home/hp/miniconda3/envs/airflow_env/lib/python3.8/site-packages/airflow/example_dags/example_branch_python_dop_operator_3.py took 0.048 seconds
[2022-07-25 04:37:19,166] {processor.py:153} INFO - Started process (PID=28365) to work on /home/hp/miniconda3/envs/airflow_env/lib/python3.8/site-packages/airflow/example_dags/example_branch_python_dop_operator_3.py
[2022-07-25 04:37:19,167] {processor.py:641} INFO - Processing file /home/hp/miniconda3/envs/airflow_env/lib/python3.8/site-packages/airflow/example_dags/example_branch_python_dop_operator_3.py for tasks to queue
[2022-07-25 04:37:19,167] {logging_mixin.py:115} INFO - [2022-07-25 04:37:19,167] {dagbag.py:508} INFO - Filling up the DagBag from /home/hp/miniconda3/envs/airflow_env/lib/python3.8/site-packages/airflow/example_dags/example_branch_python_dop_operator_3.py
[2022-07-25 04:37:19,177] {processor.py:651} INFO - DAG(s) dict_keys(['example_branch_dop_operator_v3']) retrieved from /home/hp/miniconda3/envs/airflow_env/lib/python3.8/site-packages/airflow/example_dags/example_branch_python_dop_operator_3.py
[2022-07-25 04:37:19,186] {logging_mixin.py:115} INFO - [2022-07-25 04:37:19,186] {dag.py:2420} INFO - Sync 1 DAGs
[2022-07-25 04:37:19,198] {logging_mixin.py:115} INFO - [2022-07-25 04:37:19,198] {dag.py:2968} INFO - Setting next_dagrun for example_branch_dop_operator_v3 to 2022-07-25T01:36:00+00:00, run_after=2022-07-25T01:37:00+00:00
[2022-07-25 04:37:19,210] {processor.py:161} INFO - Processing /home/hp/miniconda3/envs/airflow_env/lib/python3.8/site-packages/airflow/example_dags/example_branch_python_dop_operator_3.py took 0.045 seconds
[2022-07-25 10:58:29,945] {processor.py:153} INFO - Started process (PID=57249) to work on /home/hp/miniconda3/envs/airflow_env/lib/python3.8/site-packages/airflow/example_dags/example_branch_python_dop_operator_3.py
[2022-07-25 10:58:29,946] {processor.py:641} INFO - Processing file /home/hp/miniconda3/envs/airflow_env/lib/python3.8/site-packages/airflow/example_dags/example_branch_python_dop_operator_3.py for tasks to queue
[2022-07-25 10:58:29,947] {logging_mixin.py:115} INFO - [2022-07-25 10:58:29,947] {dagbag.py:508} INFO - Filling up the DagBag from /home/hp/miniconda3/envs/airflow_env/lib/python3.8/site-packages/airflow/example_dags/example_branch_python_dop_operator_3.py
[2022-07-25 10:58:29,953] {processor.py:651} INFO - DAG(s) dict_keys(['example_branch_dop_operator_v3']) retrieved from /home/hp/miniconda3/envs/airflow_env/lib/python3.8/site-packages/airflow/example_dags/example_branch_python_dop_operator_3.py
[2022-07-25 10:58:29,961] {logging_mixin.py:115} INFO - [2022-07-25 10:58:29,961] {dag.py:2420} INFO - Sync 1 DAGs
[2022-07-25 10:58:29,973] {logging_mixin.py:115} INFO - [2022-07-25 10:58:29,972] {dag.py:2968} INFO - Setting next_dagrun for example_branch_dop_operator_v3 to 2022-07-25T07:57:00+00:00, run_after=2022-07-25T07:58:00+00:00
[2022-07-25 10:58:29,983] {processor.py:161} INFO - Processing /home/hp/miniconda3/envs/airflow_env/lib/python3.8/site-packages/airflow/example_dags/example_branch_python_dop_operator_3.py took 0.042 seconds
[2022-07-25 10:59:05,949] {processor.py:153} INFO - Started process (PID=57561) to work on /home/hp/miniconda3/envs/airflow_env/lib/python3.8/site-packages/airflow/example_dags/example_branch_python_dop_operator_3.py
[2022-07-25 10:59:05,950] {processor.py:641} INFO - Processing file /home/hp/miniconda3/envs/airflow_env/lib/python3.8/site-packages/airflow/example_dags/example_branch_python_dop_operator_3.py for tasks to queue
[2022-07-25 10:59:05,951] {logging_mixin.py:115} INFO - [2022-07-25 10:59:05,951] {dagbag.py:508} INFO - Filling up the DagBag from /home/hp/miniconda3/envs/airflow_env/lib/python3.8/site-packages/airflow/example_dags/example_branch_python_dop_operator_3.py
[2022-07-25 10:59:05,961] {processor.py:651} INFO - DAG(s) dict_keys(['example_branch_dop_operator_v3']) retrieved from /home/hp/miniconda3/envs/airflow_env/lib/python3.8/site-packages/airflow/example_dags/example_branch_python_dop_operator_3.py
[2022-07-25 10:59:05,969] {logging_mixin.py:115} INFO - [2022-07-25 10:59:05,969] {dag.py:2420} INFO - Sync 1 DAGs
[2022-07-25 10:59:05,979] {logging_mixin.py:115} INFO - [2022-07-25 10:59:05,979] {dag.py:2968} INFO - Setting next_dagrun for example_branch_dop_operator_v3 to 2022-07-25T07:58:00+00:00, run_after=2022-07-25T07:59:00+00:00
[2022-07-25 10:59:05,988] {processor.py:161} INFO - Processing /home/hp/miniconda3/envs/airflow_env/lib/python3.8/site-packages/airflow/example_dags/example_branch_python_dop_operator_3.py took 0.044 seconds
[2022-07-25 10:59:39,653] {processor.py:153} INFO - Started process (PID=57803) to work on /home/hp/miniconda3/envs/airflow_env/lib/python3.8/site-packages/airflow/example_dags/example_branch_python_dop_operator_3.py
[2022-07-25 10:59:39,654] {processor.py:641} INFO - Processing file /home/hp/miniconda3/envs/airflow_env/lib/python3.8/site-packages/airflow/example_dags/example_branch_python_dop_operator_3.py for tasks to queue
[2022-07-25 10:59:39,654] {logging_mixin.py:115} INFO - [2022-07-25 10:59:39,654] {dagbag.py:508} INFO - Filling up the DagBag from /home/hp/miniconda3/envs/airflow_env/lib/python3.8/site-packages/airflow/example_dags/example_branch_python_dop_operator_3.py
[2022-07-25 10:59:39,661] {processor.py:651} INFO - DAG(s) dict_keys(['example_branch_dop_operator_v3']) retrieved from /home/hp/miniconda3/envs/airflow_env/lib/python3.8/site-packages/airflow/example_dags/example_branch_python_dop_operator_3.py
[2022-07-25 10:59:39,667] {logging_mixin.py:115} INFO - [2022-07-25 10:59:39,667] {dag.py:2420} INFO - Sync 1 DAGs
[2022-07-25 10:59:39,678] {logging_mixin.py:115} INFO - [2022-07-25 10:59:39,678] {dag.py:2968} INFO - Setting next_dagrun for example_branch_dop_operator_v3 to 2022-07-25T07:58:00+00:00, run_after=2022-07-25T07:59:00+00:00
[2022-07-25 10:59:39,687] {processor.py:161} INFO - Processing /home/hp/miniconda3/envs/airflow_env/lib/python3.8/site-packages/airflow/example_dags/example_branch_python_dop_operator_3.py took 0.038 seconds
[2022-07-25 11:00:14,499] {processor.py:153} INFO - Started process (PID=59131) to work on /home/hp/miniconda3/envs/airflow_env/lib/python3.8/site-packages/airflow/example_dags/example_branch_python_dop_operator_3.py
[2022-07-25 11:00:14,499] {processor.py:641} INFO - Processing file /home/hp/miniconda3/envs/airflow_env/lib/python3.8/site-packages/airflow/example_dags/example_branch_python_dop_operator_3.py for tasks to queue
[2022-07-25 11:00:14,499] {logging_mixin.py:115} INFO - [2022-07-25 11:00:14,499] {dagbag.py:508} INFO - Filling up the DagBag from /home/hp/miniconda3/envs/airflow_env/lib/python3.8/site-packages/airflow/example_dags/example_branch_python_dop_operator_3.py
[2022-07-25 11:00:14,504] {processor.py:651} INFO - DAG(s) dict_keys(['example_branch_dop_operator_v3']) retrieved from /home/hp/miniconda3/envs/airflow_env/lib/python3.8/site-packages/airflow/example_dags/example_branch_python_dop_operator_3.py
[2022-07-25 11:00:14,511] {logging_mixin.py:115} INFO - [2022-07-25 11:00:14,511] {dag.py:2420} INFO - Sync 1 DAGs
[2022-07-25 11:00:14,522] {logging_mixin.py:115} INFO - [2022-07-25 11:00:14,522] {dag.py:2968} INFO - Setting next_dagrun for example_branch_dop_operator_v3 to 2022-07-25T07:59:00+00:00, run_after=2022-07-25T08:00:00+00:00
[2022-07-25 11:00:14,532] {processor.py:161} INFO - Processing /home/hp/miniconda3/envs/airflow_env/lib/python3.8/site-packages/airflow/example_dags/example_branch_python_dop_operator_3.py took 0.035 seconds
[2022-07-25 11:00:50,284] {processor.py:153} INFO - Started process (PID=59674) to work on /home/hp/miniconda3/envs/airflow_env/lib/python3.8/site-packages/airflow/example_dags/example_branch_python_dop_operator_3.py
[2022-07-25 11:00:50,286] {processor.py:641} INFO - Processing file /home/hp/miniconda3/envs/airflow_env/lib/python3.8/site-packages/airflow/example_dags/example_branch_python_dop_operator_3.py for tasks to queue
[2022-07-25 11:00:50,286] {logging_mixin.py:115} INFO - [2022-07-25 11:00:50,286] {dagbag.py:508} INFO - Filling up the DagBag from /home/hp/miniconda3/envs/airflow_env/lib/python3.8/site-packages/airflow/example_dags/example_branch_python_dop_operator_3.py
[2022-07-25 11:00:50,294] {processor.py:651} INFO - DAG(s) dict_keys(['example_branch_dop_operator_v3']) retrieved from /home/hp/miniconda3/envs/airflow_env/lib/python3.8/site-packages/airflow/example_dags/example_branch_python_dop_operator_3.py
[2022-07-25 11:00:50,301] {logging_mixin.py:115} INFO - [2022-07-25 11:00:50,301] {dag.py:2420} INFO - Sync 1 DAGs
[2022-07-25 11:00:50,311] {logging_mixin.py:115} INFO - [2022-07-25 11:00:50,311] {dag.py:2968} INFO - Setting next_dagrun for example_branch_dop_operator_v3 to 2022-07-25T07:59:00+00:00, run_after=2022-07-25T08:00:00+00:00
[2022-07-25 11:00:50,320] {processor.py:161} INFO - Processing /home/hp/miniconda3/envs/airflow_env/lib/python3.8/site-packages/airflow/example_dags/example_branch_python_dop_operator_3.py took 0.038 seconds
[2022-07-25 11:01:23,898] {processor.py:153} INFO - Started process (PID=59880) to work on /home/hp/miniconda3/envs/airflow_env/lib/python3.8/site-packages/airflow/example_dags/example_branch_python_dop_operator_3.py
[2022-07-25 11:01:23,899] {processor.py:641} INFO - Processing file /home/hp/miniconda3/envs/airflow_env/lib/python3.8/site-packages/airflow/example_dags/example_branch_python_dop_operator_3.py for tasks to queue
[2022-07-25 11:01:23,899] {logging_mixin.py:115} INFO - [2022-07-25 11:01:23,899] {dagbag.py:508} INFO - Filling up the DagBag from /home/hp/miniconda3/envs/airflow_env/lib/python3.8/site-packages/airflow/example_dags/example_branch_python_dop_operator_3.py
[2022-07-25 11:01:23,909] {processor.py:651} INFO - DAG(s) dict_keys(['example_branch_dop_operator_v3']) retrieved from /home/hp/miniconda3/envs/airflow_env/lib/python3.8/site-packages/airflow/example_dags/example_branch_python_dop_operator_3.py
[2022-07-25 11:01:23,917] {logging_mixin.py:115} INFO - [2022-07-25 11:01:23,917] {dag.py:2420} INFO - Sync 1 DAGs
[2022-07-25 11:01:23,927] {logging_mixin.py:115} INFO - [2022-07-25 11:01:23,927] {dag.py:2968} INFO - Setting next_dagrun for example_branch_dop_operator_v3 to 2022-07-25T08:00:00+00:00, run_after=2022-07-25T08:01:00+00:00
[2022-07-25 11:01:23,937] {processor.py:161} INFO - Processing /home/hp/miniconda3/envs/airflow_env/lib/python3.8/site-packages/airflow/example_dags/example_branch_python_dop_operator_3.py took 0.040 seconds
[2022-07-25 11:02:00,071] {processor.py:153} INFO - Started process (PID=60092) to work on /home/hp/miniconda3/envs/airflow_env/lib/python3.8/site-packages/airflow/example_dags/example_branch_python_dop_operator_3.py
[2022-07-25 11:02:00,072] {processor.py:641} INFO - Processing file /home/hp/miniconda3/envs/airflow_env/lib/python3.8/site-packages/airflow/example_dags/example_branch_python_dop_operator_3.py for tasks to queue
[2022-07-25 11:02:00,072] {logging_mixin.py:115} INFO - [2022-07-25 11:02:00,072] {dagbag.py:508} INFO - Filling up the DagBag from /home/hp/miniconda3/envs/airflow_env/lib/python3.8/site-packages/airflow/example_dags/example_branch_python_dop_operator_3.py
[2022-07-25 11:02:00,078] {processor.py:651} INFO - DAG(s) dict_keys(['example_branch_dop_operator_v3']) retrieved from /home/hp/miniconda3/envs/airflow_env/lib/python3.8/site-packages/airflow/example_dags/example_branch_python_dop_operator_3.py
[2022-07-25 11:02:00,086] {logging_mixin.py:115} INFO - [2022-07-25 11:02:00,086] {dag.py:2420} INFO - Sync 1 DAGs
[2022-07-25 11:02:00,097] {logging_mixin.py:115} INFO - [2022-07-25 11:02:00,097] {dag.py:2968} INFO - Setting next_dagrun for example_branch_dop_operator_v3 to 2022-07-25T08:01:00+00:00, run_after=2022-07-25T08:02:00+00:00
[2022-07-25 11:02:00,106] {processor.py:161} INFO - Processing /home/hp/miniconda3/envs/airflow_env/lib/python3.8/site-packages/airflow/example_dags/example_branch_python_dop_operator_3.py took 0.037 seconds
[2022-07-25 11:02:35,279] {processor.py:153} INFO - Started process (PID=60707) to work on /home/hp/miniconda3/envs/airflow_env/lib/python3.8/site-packages/airflow/example_dags/example_branch_python_dop_operator_3.py
[2022-07-25 11:02:35,280] {processor.py:641} INFO - Processing file /home/hp/miniconda3/envs/airflow_env/lib/python3.8/site-packages/airflow/example_dags/example_branch_python_dop_operator_3.py for tasks to queue
[2022-07-25 11:02:35,281] {logging_mixin.py:115} INFO - [2022-07-25 11:02:35,281] {dagbag.py:508} INFO - Filling up the DagBag from /home/hp/miniconda3/envs/airflow_env/lib/python3.8/site-packages/airflow/example_dags/example_branch_python_dop_operator_3.py
[2022-07-25 11:02:35,293] {processor.py:651} INFO - DAG(s) dict_keys(['example_branch_dop_operator_v3']) retrieved from /home/hp/miniconda3/envs/airflow_env/lib/python3.8/site-packages/airflow/example_dags/example_branch_python_dop_operator_3.py
[2022-07-25 11:02:35,301] {logging_mixin.py:115} INFO - [2022-07-25 11:02:35,301] {dag.py:2420} INFO - Sync 1 DAGs
[2022-07-25 11:02:35,311] {logging_mixin.py:115} INFO - [2022-07-25 11:02:35,311] {dag.py:2968} INFO - Setting next_dagrun for example_branch_dop_operator_v3 to 2022-07-25T08:01:00+00:00, run_after=2022-07-25T08:02:00+00:00
[2022-07-25 11:02:35,320] {processor.py:161} INFO - Processing /home/hp/miniconda3/envs/airflow_env/lib/python3.8/site-packages/airflow/example_dags/example_branch_python_dop_operator_3.py took 0.044 seconds
[2022-07-25 11:03:11,371] {processor.py:153} INFO - Started process (PID=61657) to work on /home/hp/miniconda3/envs/airflow_env/lib/python3.8/site-packages/airflow/example_dags/example_branch_python_dop_operator_3.py
[2022-07-25 11:03:11,372] {processor.py:641} INFO - Processing file /home/hp/miniconda3/envs/airflow_env/lib/python3.8/site-packages/airflow/example_dags/example_branch_python_dop_operator_3.py for tasks to queue
[2022-07-25 11:03:11,373] {logging_mixin.py:115} INFO - [2022-07-25 11:03:11,373] {dagbag.py:508} INFO - Filling up the DagBag from /home/hp/miniconda3/envs/airflow_env/lib/python3.8/site-packages/airflow/example_dags/example_branch_python_dop_operator_3.py
[2022-07-25 11:03:11,380] {processor.py:651} INFO - DAG(s) dict_keys(['example_branch_dop_operator_v3']) retrieved from /home/hp/miniconda3/envs/airflow_env/lib/python3.8/site-packages/airflow/example_dags/example_branch_python_dop_operator_3.py
[2022-07-25 11:03:11,387] {logging_mixin.py:115} INFO - [2022-07-25 11:03:11,387] {dag.py:2420} INFO - Sync 1 DAGs
[2022-07-25 11:03:11,397] {logging_mixin.py:115} INFO - [2022-07-25 11:03:11,397] {dag.py:2968} INFO - Setting next_dagrun for example_branch_dop_operator_v3 to 2022-07-25T08:02:00+00:00, run_after=2022-07-25T08:03:00+00:00
[2022-07-25 11:03:11,406] {processor.py:161} INFO - Processing /home/hp/miniconda3/envs/airflow_env/lib/python3.8/site-packages/airflow/example_dags/example_branch_python_dop_operator_3.py took 0.038 seconds
[2022-07-25 11:03:48,333] {processor.py:153} INFO - Started process (PID=61862) to work on /home/hp/miniconda3/envs/airflow_env/lib/python3.8/site-packages/airflow/example_dags/example_branch_python_dop_operator_3.py
[2022-07-25 11:03:48,334] {processor.py:641} INFO - Processing file /home/hp/miniconda3/envs/airflow_env/lib/python3.8/site-packages/airflow/example_dags/example_branch_python_dop_operator_3.py for tasks to queue
[2022-07-25 11:03:48,335] {logging_mixin.py:115} INFO - [2022-07-25 11:03:48,335] {dagbag.py:508} INFO - Filling up the DagBag from /home/hp/miniconda3/envs/airflow_env/lib/python3.8/site-packages/airflow/example_dags/example_branch_python_dop_operator_3.py
[2022-07-25 11:03:48,344] {processor.py:651} INFO - DAG(s) dict_keys(['example_branch_dop_operator_v3']) retrieved from /home/hp/miniconda3/envs/airflow_env/lib/python3.8/site-packages/airflow/example_dags/example_branch_python_dop_operator_3.py
[2022-07-25 11:03:48,352] {logging_mixin.py:115} INFO - [2022-07-25 11:03:48,352] {dag.py:2420} INFO - Sync 1 DAGs
[2022-07-25 11:03:48,363] {logging_mixin.py:115} INFO - [2022-07-25 11:03:48,363] {dag.py:2968} INFO - Setting next_dagrun for example_branch_dop_operator_v3 to 2022-07-25T08:02:00+00:00, run_after=2022-07-25T08:03:00+00:00
[2022-07-25 11:03:48,374] {processor.py:161} INFO - Processing /home/hp/miniconda3/envs/airflow_env/lib/python3.8/site-packages/airflow/example_dags/example_branch_python_dop_operator_3.py took 0.046 seconds
[2022-07-25 11:04:23,440] {processor.py:153} INFO - Started process (PID=62114) to work on /home/hp/miniconda3/envs/airflow_env/lib/python3.8/site-packages/airflow/example_dags/example_branch_python_dop_operator_3.py
[2022-07-25 11:04:23,441] {processor.py:641} INFO - Processing file /home/hp/miniconda3/envs/airflow_env/lib/python3.8/site-packages/airflow/example_dags/example_branch_python_dop_operator_3.py for tasks to queue
[2022-07-25 11:04:23,441] {logging_mixin.py:115} INFO - [2022-07-25 11:04:23,441] {dagbag.py:508} INFO - Filling up the DagBag from /home/hp/miniconda3/envs/airflow_env/lib/python3.8/site-packages/airflow/example_dags/example_branch_python_dop_operator_3.py
[2022-07-25 11:04:23,445] {processor.py:651} INFO - DAG(s) dict_keys(['example_branch_dop_operator_v3']) retrieved from /home/hp/miniconda3/envs/airflow_env/lib/python3.8/site-packages/airflow/example_dags/example_branch_python_dop_operator_3.py
[2022-07-25 11:04:23,453] {logging_mixin.py:115} INFO - [2022-07-25 11:04:23,453] {dag.py:2420} INFO - Sync 1 DAGs
[2022-07-25 11:04:23,464] {logging_mixin.py:115} INFO - [2022-07-25 11:04:23,464] {dag.py:2968} INFO - Setting next_dagrun for example_branch_dop_operator_v3 to 2022-07-25T08:03:00+00:00, run_after=2022-07-25T08:04:00+00:00
[2022-07-25 11:04:23,474] {processor.py:161} INFO - Processing /home/hp/miniconda3/envs/airflow_env/lib/python3.8/site-packages/airflow/example_dags/example_branch_python_dop_operator_3.py took 0.036 seconds
[2022-07-25 11:04:57,845] {processor.py:153} INFO - Started process (PID=62460) to work on /home/hp/miniconda3/envs/airflow_env/lib/python3.8/site-packages/airflow/example_dags/example_branch_python_dop_operator_3.py
[2022-07-25 11:04:57,846] {processor.py:641} INFO - Processing file /home/hp/miniconda3/envs/airflow_env/lib/python3.8/site-packages/airflow/example_dags/example_branch_python_dop_operator_3.py for tasks to queue
[2022-07-25 11:04:57,847] {logging_mixin.py:115} INFO - [2022-07-25 11:04:57,847] {dagbag.py:508} INFO - Filling up the DagBag from /home/hp/miniconda3/envs/airflow_env/lib/python3.8/site-packages/airflow/example_dags/example_branch_python_dop_operator_3.py
[2022-07-25 11:04:57,858] {processor.py:651} INFO - DAG(s) dict_keys(['example_branch_dop_operator_v3']) retrieved from /home/hp/miniconda3/envs/airflow_env/lib/python3.8/site-packages/airflow/example_dags/example_branch_python_dop_operator_3.py
[2022-07-25 11:04:57,866] {logging_mixin.py:115} INFO - [2022-07-25 11:04:57,866] {dag.py:2420} INFO - Sync 1 DAGs
[2022-07-25 11:04:57,876] {logging_mixin.py:115} INFO - [2022-07-25 11:04:57,876] {dag.py:2968} INFO - Setting next_dagrun for example_branch_dop_operator_v3 to 2022-07-25T08:03:00+00:00, run_after=2022-07-25T08:04:00+00:00
[2022-07-25 11:04:57,886] {processor.py:161} INFO - Processing /home/hp/miniconda3/envs/airflow_env/lib/python3.8/site-packages/airflow/example_dags/example_branch_python_dop_operator_3.py took 0.045 seconds
[2022-07-25 11:05:32,116] {processor.py:153} INFO - Started process (PID=62730) to work on /home/hp/miniconda3/envs/airflow_env/lib/python3.8/site-packages/airflow/example_dags/example_branch_python_dop_operator_3.py
[2022-07-25 11:05:32,117] {processor.py:641} INFO - Processing file /home/hp/miniconda3/envs/airflow_env/lib/python3.8/site-packages/airflow/example_dags/example_branch_python_dop_operator_3.py for tasks to queue
[2022-07-25 11:05:32,118] {logging_mixin.py:115} INFO - [2022-07-25 11:05:32,118] {dagbag.py:508} INFO - Filling up the DagBag from /home/hp/miniconda3/envs/airflow_env/lib/python3.8/site-packages/airflow/example_dags/example_branch_python_dop_operator_3.py
[2022-07-25 11:05:32,130] {processor.py:651} INFO - DAG(s) dict_keys(['example_branch_dop_operator_v3']) retrieved from /home/hp/miniconda3/envs/airflow_env/lib/python3.8/site-packages/airflow/example_dags/example_branch_python_dop_operator_3.py
[2022-07-25 11:05:32,138] {logging_mixin.py:115} INFO - [2022-07-25 11:05:32,138] {dag.py:2420} INFO - Sync 1 DAGs
[2022-07-25 11:05:32,148] {logging_mixin.py:115} INFO - [2022-07-25 11:05:32,148] {dag.py:2968} INFO - Setting next_dagrun for example_branch_dop_operator_v3 to 2022-07-25T08:04:00+00:00, run_after=2022-07-25T08:05:00+00:00
[2022-07-25 11:05:32,157] {processor.py:161} INFO - Processing /home/hp/miniconda3/envs/airflow_env/lib/python3.8/site-packages/airflow/example_dags/example_branch_python_dop_operator_3.py took 0.042 seconds
[2022-07-25 11:06:07,745] {processor.py:153} INFO - Started process (PID=62921) to work on /home/hp/miniconda3/envs/airflow_env/lib/python3.8/site-packages/airflow/example_dags/example_branch_python_dop_operator_3.py
[2022-07-25 11:06:07,746] {processor.py:641} INFO - Processing file /home/hp/miniconda3/envs/airflow_env/lib/python3.8/site-packages/airflow/example_dags/example_branch_python_dop_operator_3.py for tasks to queue
[2022-07-25 11:06:07,746] {logging_mixin.py:115} INFO - [2022-07-25 11:06:07,746] {dagbag.py:508} INFO - Filling up the DagBag from /home/hp/miniconda3/envs/airflow_env/lib/python3.8/site-packages/airflow/example_dags/example_branch_python_dop_operator_3.py
[2022-07-25 11:06:07,751] {processor.py:651} INFO - DAG(s) dict_keys(['example_branch_dop_operator_v3']) retrieved from /home/hp/miniconda3/envs/airflow_env/lib/python3.8/site-packages/airflow/example_dags/example_branch_python_dop_operator_3.py
[2022-07-25 11:06:07,758] {logging_mixin.py:115} INFO - [2022-07-25 11:06:07,758] {dag.py:2420} INFO - Sync 1 DAGs
[2022-07-25 11:06:07,770] {logging_mixin.py:115} INFO - [2022-07-25 11:06:07,770] {dag.py:2968} INFO - Setting next_dagrun for example_branch_dop_operator_v3 to 2022-07-25T08:05:00+00:00, run_after=2022-07-25T08:06:00+00:00
[2022-07-25 11:06:07,782] {processor.py:161} INFO - Processing /home/hp/miniconda3/envs/airflow_env/lib/python3.8/site-packages/airflow/example_dags/example_branch_python_dop_operator_3.py took 0.039 seconds
[2022-07-25 11:06:42,561] {processor.py:153} INFO - Started process (PID=63233) to work on /home/hp/miniconda3/envs/airflow_env/lib/python3.8/site-packages/airflow/example_dags/example_branch_python_dop_operator_3.py
[2022-07-25 11:06:42,562] {processor.py:641} INFO - Processing file /home/hp/miniconda3/envs/airflow_env/lib/python3.8/site-packages/airflow/example_dags/example_branch_python_dop_operator_3.py for tasks to queue
[2022-07-25 11:06:42,562] {logging_mixin.py:115} INFO - [2022-07-25 11:06:42,562] {dagbag.py:508} INFO - Filling up the DagBag from /home/hp/miniconda3/envs/airflow_env/lib/python3.8/site-packages/airflow/example_dags/example_branch_python_dop_operator_3.py
[2022-07-25 11:06:42,569] {processor.py:651} INFO - DAG(s) dict_keys(['example_branch_dop_operator_v3']) retrieved from /home/hp/miniconda3/envs/airflow_env/lib/python3.8/site-packages/airflow/example_dags/example_branch_python_dop_operator_3.py
[2022-07-25 11:06:42,579] {logging_mixin.py:115} INFO - [2022-07-25 11:06:42,579] {dag.py:2420} INFO - Sync 1 DAGs
[2022-07-25 11:06:42,593] {logging_mixin.py:115} INFO - [2022-07-25 11:06:42,592] {dag.py:2968} INFO - Setting next_dagrun for example_branch_dop_operator_v3 to 2022-07-25T08:05:00+00:00, run_after=2022-07-25T08:06:00+00:00
[2022-07-25 11:06:42,605] {processor.py:161} INFO - Processing /home/hp/miniconda3/envs/airflow_env/lib/python3.8/site-packages/airflow/example_dags/example_branch_python_dop_operator_3.py took 0.046 seconds
[2022-07-25 11:07:16,091] {processor.py:153} INFO - Started process (PID=63488) to work on /home/hp/miniconda3/envs/airflow_env/lib/python3.8/site-packages/airflow/example_dags/example_branch_python_dop_operator_3.py
[2022-07-25 11:07:16,092] {processor.py:641} INFO - Processing file /home/hp/miniconda3/envs/airflow_env/lib/python3.8/site-packages/airflow/example_dags/example_branch_python_dop_operator_3.py for tasks to queue
[2022-07-25 11:07:16,092] {logging_mixin.py:115} INFO - [2022-07-25 11:07:16,092] {dagbag.py:508} INFO - Filling up the DagBag from /home/hp/miniconda3/envs/airflow_env/lib/python3.8/site-packages/airflow/example_dags/example_branch_python_dop_operator_3.py
[2022-07-25 11:07:16,096] {processor.py:651} INFO - DAG(s) dict_keys(['example_branch_dop_operator_v3']) retrieved from /home/hp/miniconda3/envs/airflow_env/lib/python3.8/site-packages/airflow/example_dags/example_branch_python_dop_operator_3.py
[2022-07-25 11:07:16,105] {logging_mixin.py:115} INFO - [2022-07-25 11:07:16,105] {dag.py:2420} INFO - Sync 1 DAGs
[2022-07-25 11:07:16,116] {logging_mixin.py:115} INFO - [2022-07-25 11:07:16,116] {dag.py:2968} INFO - Setting next_dagrun for example_branch_dop_operator_v3 to 2022-07-25T08:06:00+00:00, run_after=2022-07-25T08:07:00+00:00
[2022-07-25 11:07:16,127] {processor.py:161} INFO - Processing /home/hp/miniconda3/envs/airflow_env/lib/python3.8/site-packages/airflow/example_dags/example_branch_python_dop_operator_3.py took 0.039 seconds
[2022-07-25 11:07:51,943] {processor.py:153} INFO - Started process (PID=63832) to work on /home/hp/miniconda3/envs/airflow_env/lib/python3.8/site-packages/airflow/example_dags/example_branch_python_dop_operator_3.py
[2022-07-25 11:07:51,943] {processor.py:641} INFO - Processing file /home/hp/miniconda3/envs/airflow_env/lib/python3.8/site-packages/airflow/example_dags/example_branch_python_dop_operator_3.py for tasks to queue
[2022-07-25 11:07:51,943] {logging_mixin.py:115} INFO - [2022-07-25 11:07:51,943] {dagbag.py:508} INFO - Filling up the DagBag from /home/hp/miniconda3/envs/airflow_env/lib/python3.8/site-packages/airflow/example_dags/example_branch_python_dop_operator_3.py
[2022-07-25 11:07:51,948] {processor.py:651} INFO - DAG(s) dict_keys(['example_branch_dop_operator_v3']) retrieved from /home/hp/miniconda3/envs/airflow_env/lib/python3.8/site-packages/airflow/example_dags/example_branch_python_dop_operator_3.py
[2022-07-25 11:07:51,956] {logging_mixin.py:115} INFO - [2022-07-25 11:07:51,956] {dag.py:2420} INFO - Sync 1 DAGs
[2022-07-25 11:07:51,968] {logging_mixin.py:115} INFO - [2022-07-25 11:07:51,968] {dag.py:2968} INFO - Setting next_dagrun for example_branch_dop_operator_v3 to 2022-07-25T08:06:00+00:00, run_after=2022-07-25T08:07:00+00:00
[2022-07-25 11:07:51,979] {processor.py:161} INFO - Processing /home/hp/miniconda3/envs/airflow_env/lib/python3.8/site-packages/airflow/example_dags/example_branch_python_dop_operator_3.py took 0.038 seconds
[2022-07-25 11:08:26,217] {processor.py:153} INFO - Started process (PID=64056) to work on /home/hp/miniconda3/envs/airflow_env/lib/python3.8/site-packages/airflow/example_dags/example_branch_python_dop_operator_3.py
[2022-07-25 11:08:26,219] {processor.py:641} INFO - Processing file /home/hp/miniconda3/envs/airflow_env/lib/python3.8/site-packages/airflow/example_dags/example_branch_python_dop_operator_3.py for tasks to queue
[2022-07-25 11:08:26,219] {logging_mixin.py:115} INFO - [2022-07-25 11:08:26,219] {dagbag.py:508} INFO - Filling up the DagBag from /home/hp/miniconda3/envs/airflow_env/lib/python3.8/site-packages/airflow/example_dags/example_branch_python_dop_operator_3.py
[2022-07-25 11:08:26,230] {processor.py:651} INFO - DAG(s) dict_keys(['example_branch_dop_operator_v3']) retrieved from /home/hp/miniconda3/envs/airflow_env/lib/python3.8/site-packages/airflow/example_dags/example_branch_python_dop_operator_3.py
[2022-07-25 11:08:26,238] {logging_mixin.py:115} INFO - [2022-07-25 11:08:26,238] {dag.py:2420} INFO - Sync 1 DAGs
[2022-07-25 11:08:26,250] {logging_mixin.py:115} INFO - [2022-07-25 11:08:26,250] {dag.py:2968} INFO - Setting next_dagrun for example_branch_dop_operator_v3 to 2022-07-25T08:07:00+00:00, run_after=2022-07-25T08:08:00+00:00
[2022-07-25 11:08:26,259] {processor.py:161} INFO - Processing /home/hp/miniconda3/envs/airflow_env/lib/python3.8/site-packages/airflow/exam