[2022-07-25 03:07:21,817] {processor.py:153} INFO - Started process (PID=21416) to work on /home/hp/miniconda3/envs/airflow_env/lib/python3.8/site-packages/airflow/example_dags/example_branch_operator_decorator.py
[2022-07-25 03:07:21,817] {processor.py:641} INFO - Processing file /home/hp/miniconda3/envs/airflow_env/lib/python3.8/site-packages/airflow/example_dags/example_branch_operator_decorator.py for tasks to queue
[2022-07-25 03:07:21,818] {logging_mixin.py:115} INFO - [2022-07-25 03:07:21,818] {dagbag.py:508} INFO - Filling up the DagBag from /home/hp/miniconda3/envs/airflow_env/lib/python3.8/site-packages/airflow/example_dags/example_branch_operator_decorator.py
[2022-07-25 03:07:21,832] {processor.py:651} INFO - DAG(s) dict_keys(['example_branch_python_operator_decorator']) retrieved from /home/hp/miniconda3/envs/airflow_env/lib/python3.8/site-packages/airflow/example_dags/example_branch_operator_decorator.py
[2022-07-25 03:07:21,841] {logging_mixin.py:115} INFO - [2022-07-25 03:07:21,841] {dag.py:2420} INFO - Sync 1 DAGs
[2022-07-25 03:07:21,852] {logging_mixin.py:115} INFO - [2022-07-25 03:07:21,852] {dag.py:2968} INFO - Setting next_dagrun for example_branch_python_operator_decorator to 2022-07-24T00:00:00+00:00, run_after=2022-07-25T00:00:00+00:00
[2022-07-25 03:07:21,862] {processor.py:161} INFO - Processing /home/hp/miniconda3/envs/airflow_env/lib/python3.8/site-packages/airflow/example_dags/example_branch_operator_decorator.py took 0.049 seconds
[2022-07-25 03:12:48,634] {processor.py:153} INFO - Started process (PID=21887) to work on /home/hp/miniconda3/envs/airflow_env/lib/python3.8/site-packages/airflow/example_dags/example_branch_operator_decorator.py
[2022-07-25 03:12:48,635] {processor.py:641} INFO - Processing file /home/hp/miniconda3/envs/airflow_env/lib/python3.8/site-packages/airflow/example_dags/example_branch_operator_decorator.py for tasks to queue
[2022-07-25 03:12:48,636] {logging_mixin.py:115} INFO - [2022-07-25 03:12:48,636] {dagbag.py:508} INFO - Filling up the DagBag from /home/hp/miniconda3/envs/airflow_env/lib/python3.8/site-packages/airflow/example_dags/example_branch_operator_decorator.py
[2022-07-25 03:12:48,653] {processor.py:651} INFO - DAG(s) dict_keys(['example_branch_python_operator_decorator']) retrieved from /home/hp/miniconda3/envs/airflow_env/lib/python3.8/site-packages/airflow/example_dags/example_branch_operator_decorator.py
[2022-07-25 03:12:48,663] {logging_mixin.py:115} INFO - [2022-07-25 03:12:48,663] {dag.py:2420} INFO - Sync 1 DAGs
[2022-07-25 03:12:48,676] {logging_mixin.py:115} INFO - [2022-07-25 03:12:48,675] {dag.py:2968} INFO - Setting next_dagrun for example_branch_python_operator_decorator to 2022-07-24T00:00:00+00:00, run_after=2022-07-25T00:00:00+00:00
[2022-07-25 03:12:48,685] {processor.py:161} INFO - Processing /home/hp/miniconda3/envs/airflow_env/lib/python3.8/site-packages/airflow/example_dags/example_branch_operator_decorator.py took 0.055 seconds
[2022-07-25 03:18:11,590] {processor.py:153} INFO - Started process (PID=22364) to work on /home/hp/miniconda3/envs/airflow_env/lib/python3.8/site-packages/airflow/example_dags/example_branch_operator_decorator.py
[2022-07-25 03:18:11,591] {processor.py:641} INFO - Processing file /home/hp/miniconda3/envs/airflow_env/lib/python3.8/site-packages/airflow/example_dags/example_branch_operator_decorator.py for tasks to queue
[2022-07-25 03:18:11,592] {logging_mixin.py:115} INFO - [2022-07-25 03:18:11,592] {dagbag.py:508} INFO - Filling up the DagBag from /home/hp/miniconda3/envs/airflow_env/lib/python3.8/site-packages/airflow/example_dags/example_branch_operator_decorator.py
[2022-07-25 03:18:11,609] {processor.py:651} INFO - DAG(s) dict_keys(['example_branch_python_operator_decorator']) retrieved from /home/hp/miniconda3/envs/airflow_env/lib/python3.8/site-packages/airflow/example_dags/example_branch_operator_decorator.py
[2022-07-25 03:18:11,617] {logging_mixin.py:115} INFO - [2022-07-25 03:18:11,617] {dag.py:2420} INFO - Sync 1 DAGs
[2022-07-25 03:18:11,629] {logging_mixin.py:115} INFO - [2022-07-25 03:18:11,628] {dag.py:2968} INFO - Setting next_dagrun for example_branch_python_operator_decorator to 2022-07-24T00:00:00+00:00, run_after=2022-07-25T00:00:00+00:00
[2022-07-25 03:18:11,637] {processor.py:161} INFO - Processing /home/hp/miniconda3/envs/airflow_env/lib/python3.8/site-packages/airflow/example_dags/example_branch_operator_decorator.py took 0.051 seconds
[2022-07-25 03:23:32,628] {processor.py:153} INFO - Started process (PID=22823) to work on /home/hp/miniconda3/envs/airflow_env/lib/python3.8/site-packages/airflow/example_dags/example_branch_operator_decorator.py
[2022-07-25 03:23:32,629] {processor.py:641} INFO - Processing file /home/hp/miniconda3/envs/airflow_env/lib/python3.8/site-packages/airflow/example_dags/example_branch_operator_decorator.py for tasks to queue
[2022-07-25 03:23:32,630] {logging_mixin.py:115} INFO - [2022-07-25 03:23:32,630] {dagbag.py:508} INFO - Filling up the DagBag from /home/hp/miniconda3/envs/airflow_env/lib/python3.8/site-packages/airflow/example_dags/example_branch_operator_decorator.py
[2022-07-25 03:23:32,646] {processor.py:651} INFO - DAG(s) dict_keys(['example_branch_python_operator_decorator']) retrieved from /home/hp/miniconda3/envs/airflow_env/lib/python3.8/site-packages/airflow/example_dags/example_branch_operator_decorator.py
[2022-07-25 03:23:32,654] {logging_mixin.py:115} INFO - [2022-07-25 03:23:32,654] {dag.py:2420} INFO - Sync 1 DAGs
[2022-07-25 03:23:32,666] {logging_mixin.py:115} INFO - [2022-07-25 03:23:32,666] {dag.py:2968} INFO - Setting next_dagrun for example_branch_python_operator_decorator to 2022-07-24T00:00:00+00:00, run_after=2022-07-25T00:00:00+00:00
[2022-07-25 03:23:32,676] {processor.py:161} INFO - Processing /home/hp/miniconda3/envs/airflow_env/lib/python3.8/site-packages/airflow/example_dags/example_branch_operator_decorator.py took 0.052 seconds
[2022-07-25 03:30:33,163] {processor.py:153} INFO - Started process (PID=23399) to work on /home/hp/miniconda3/envs/airflow_env/lib/python3.8/site-packages/airflow/example_dags/example_branch_operator_decorator.py
[2022-07-25 03:30:33,164] {processor.py:641} INFO - Processing file /home/hp/miniconda3/envs/airflow_env/lib/python3.8/site-packages/airflow/example_dags/example_branch_operator_decorator.py for tasks to queue
[2022-07-25 03:30:33,164] {logging_mixin.py:115} INFO - [2022-07-25 03:30:33,164] {dagbag.py:508} INFO - Filling up the DagBag from /home/hp/miniconda3/envs/airflow_env/lib/python3.8/site-packages/airflow/example_dags/example_branch_operator_decorator.py
[2022-07-25 03:30:33,178] {processor.py:651} INFO - DAG(s) dict_keys(['example_branch_python_operator_decorator']) retrieved from /home/hp/miniconda3/envs/airflow_env/lib/python3.8/site-packages/airflow/example_dags/example_branch_operator_decorator.py
[2022-07-25 03:30:33,191] {logging_mixin.py:115} INFO - [2022-07-25 03:30:33,191] {dag.py:2420} INFO - Sync 1 DAGs
[2022-07-25 03:30:33,205] {logging_mixin.py:115} INFO - [2022-07-25 03:30:33,205] {dag.py:2968} INFO - Setting next_dagrun for example_branch_python_operator_decorator to 2022-07-24T00:00:00+00:00, run_after=2022-07-25T00:00:00+00:00
[2022-07-25 03:30:33,217] {processor.py:161} INFO - Processing /home/hp/miniconda3/envs/airflow_env/lib/python3.8/site-packages/airflow/example_dags/example_branch_operator_decorator.py took 0.056 seconds
[2022-07-25 03:33:51,520] {processor.py:153} INFO - Started process (PID=23966) to work on /home/hp/miniconda3/envs/airflow_env/lib/python3.8/site-packages/airflow/example_dags/example_branch_operator_decorator.py
[2022-07-25 03:33:51,522] {processor.py:641} INFO - Processing file /home/hp/miniconda3/envs/airflow_env/lib/python3.8/site-packages/airflow/example_dags/example_branch_operator_decorator.py for tasks to queue
[2022-07-25 03:33:51,522] {logging_mixin.py:115} INFO - [2022-07-25 03:33:51,522] {dagbag.py:508} INFO - Filling up the DagBag from /home/hp/miniconda3/envs/airflow_env/lib/python3.8/site-packages/airflow/example_dags/example_branch_operator_decorator.py
[2022-07-25 03:33:51,543] {processor.py:651} INFO - DAG(s) dict_keys(['example_branch_python_operator_decorator']) retrieved from /home/hp/miniconda3/envs/airflow_env/lib/python3.8/site-packages/airflow/example_dags/example_branch_operator_decorator.py
[2022-07-25 03:33:51,553] {logging_mixin.py:115} INFO - [2022-07-25 03:33:51,552] {dag.py:2420} INFO - Sync 1 DAGs
[2022-07-25 03:33:51,563] {logging_mixin.py:115} INFO - [2022-07-25 03:33:51,563] {dag.py:2968} INFO - Setting next_dagrun for example_branch_python_operator_decorator to 2022-07-24T00:00:00+00:00, run_after=2022-07-25T00:00:00+00:00
[2022-07-25 03:33:51,574] {processor.py:161} INFO - Processing /home/hp/miniconda3/envs/airflow_env/lib/python3.8/site-packages/airflow/example_dags/example_branch_operator_decorator.py took 0.057 seconds
[2022-07-25 03:39:15,939] {processor.py:153} INFO - Started process (PID=24364) to work on /home/hp/miniconda3/envs/airflow_env/lib/python3.8/site-packages/airflow/example_dags/example_branch_operator_decorator.py
[2022-07-25 03:39:15,940] {processor.py:641} INFO - Processing file /home/hp/miniconda3/envs/airflow_env/lib/python3.8/site-packages/airflow/example_dags/example_branch_operator_decorator.py for tasks to queue
[2022-07-25 03:39:15,941] {logging_mixin.py:115} INFO - [2022-07-25 03:39:15,941] {dagbag.py:508} INFO - Filling up the DagBag from /home/hp/miniconda3/envs/airflow_env/lib/python3.8/site-packages/airflow/example_dags/example_branch_operator_decorator.py
[2022-07-25 03:39:15,957] {processor.py:651} INFO - DAG(s) dict_keys(['example_branch_python_operator_decorator']) retrieved from /home/hp/miniconda3/envs/airflow_env/lib/python3.8/site-packages/airflow/example_dags/example_branch_operator_decorator.py
[2022-07-25 03:39:15,967] {logging_mixin.py:115} INFO - [2022-07-25 03:39:15,967] {dag.py:2420} INFO - Sync 1 DAGs
[2022-07-25 03:39:15,977] {logging_mixin.py:115} INFO - [2022-07-25 03:39:15,977] {dag.py:2968} INFO - Setting next_dagrun for example_branch_python_operator_decorator to 2022-07-24T00:00:00+00:00, run_after=2022-07-25T00:00:00+00:00
[2022-07-25 03:39:15,986] {processor.py:161} INFO - Processing /home/hp/miniconda3/envs/airflow_env/lib/python3.8/site-packages/airflow/example_dags/example_branch_operator_decorator.py took 0.052 seconds
[2022-07-25 03:44:39,633] {processor.py:153} INFO - Started process (PID=24862) to work on /home/hp/miniconda3/envs/airflow_env/lib/python3.8/site-packages/airflow/example_dags/example_branch_operator_decorator.py
[2022-07-25 03:44:39,634] {processor.py:641} INFO - Processing file /home/hp/miniconda3/envs/airflow_env/lib/python3.8/site-packages/airflow/example_dags/example_branch_operator_decorator.py for tasks to queue
[2022-07-25 03:44:39,635] {logging_mixin.py:115} INFO - [2022-07-25 03:44:39,634] {dagbag.py:508} INFO - Filling up the DagBag from /home/hp/miniconda3/envs/airflow_env/lib/python3.8/site-packages/airflow/example_dags/example_branch_operator_decorator.py
[2022-07-25 03:44:39,653] {processor.py:651} INFO - DAG(s) dict_keys(['example_branch_python_operator_decorator']) retrieved from /home/hp/miniconda3/envs/airflow_env/lib/python3.8/site-packages/airflow/example_dags/example_branch_operator_decorator.py
[2022-07-25 03:44:39,662] {logging_mixin.py:115} INFO - [2022-07-25 03:44:39,662] {dag.py:2420} INFO - Sync 1 DAGs
[2022-07-25 03:44:39,672] {logging_mixin.py:115} INFO - [2022-07-25 03:44:39,672] {dag.py:2968} INFO - Setting next_dagrun for example_branch_python_operator_decorator to 2022-07-24T00:00:00+00:00, run_after=2022-07-25T00:00:00+00:00
[2022-07-25 03:44:39,682] {processor.py:161} INFO - Processing /home/hp/miniconda3/envs/airflow_env/lib/python3.8/site-packages/airflow/example_dags/example_branch_operator_decorator.py took 0.053 seconds
[2022-07-25 03:50:01,969] {processor.py:153} INFO - Started process (PID=25211) to work on /home/hp/miniconda3/envs/airflow_env/lib/python3.8/site-packages/airflow/example_dags/example_branch_operator_decorator.py
[2022-07-25 03:50:01,970] {processor.py:641} INFO - Processing file /home/hp/miniconda3/envs/airflow_env/lib/python3.8/site-packages/airflow/example_dags/example_branch_operator_decorator.py for tasks to queue
[2022-07-25 03:50:01,971] {logging_mixin.py:115} INFO - [2022-07-25 03:50:01,971] {dagbag.py:508} INFO - Filling up the DagBag from /home/hp/miniconda3/envs/airflow_env/lib/python3.8/site-packages/airflow/example_dags/example_branch_operator_decorator.py
[2022-07-25 03:50:01,989] {processor.py:651} INFO - DAG(s) dict_keys(['example_branch_python_operator_decorator']) retrieved from /home/hp/miniconda3/envs/airflow_env/lib/python3.8/site-packages/airflow/example_dags/example_branch_operator_decorator.py
[2022-07-25 03:50:01,997] {logging_mixin.py:115} INFO - [2022-07-25 03:50:01,997] {dag.py:2420} INFO - Sync 1 DAGs
[2022-07-25 03:50:02,007] {logging_mixin.py:115} INFO - [2022-07-25 03:50:02,007] {dag.py:2968} INFO - Setting next_dagrun for example_branch_python_operator_decorator to 2022-07-24T00:00:00+00:00, run_after=2022-07-25T00:00:00+00:00
[2022-07-25 03:50:02,017] {processor.py:161} INFO - Processing /home/hp/miniconda3/envs/airflow_env/lib/python3.8/site-packages/airflow/example_dags/example_branch_operator_decorator.py took 0.051 seconds
[2022-07-25 04:00:12,912] {processor.py:153} INFO - Started process (PID=25665) to work on /home/hp/miniconda3/envs/airflow_env/lib/python3.8/site-packages/airflow/example_dags/example_branch_operator_decorator.py
[2022-07-25 04:00:12,913] {processor.py:641} INFO - Processing file /home/hp/miniconda3/envs/airflow_env/lib/python3.8/site-packages/airflow/example_dags/example_branch_operator_decorator.py for tasks to queue
[2022-07-25 04:00:12,914] {logging_mixin.py:115} INFO - [2022-07-25 04:00:12,914] {dagbag.py:508} INFO - Filling up the DagBag from /home/hp/miniconda3/envs/airflow_env/lib/python3.8/site-packages/airflow/example_dags/example_branch_operator_decorator.py
[2022-07-25 04:00:12,930] {processor.py:651} INFO - DAG(s) dict_keys(['example_branch_python_operator_decorator']) retrieved from /home/hp/miniconda3/envs/airflow_env/lib/python3.8/site-packages/airflow/example_dags/example_branch_operator_decorator.py
[2022-07-25 04:00:12,939] {logging_mixin.py:115} INFO - [2022-07-25 04:00:12,938] {dag.py:2420} INFO - Sync 1 DAGs
[2022-07-25 04:00:12,948] {logging_mixin.py:115} INFO - [2022-07-25 04:00:12,948] {dag.py:2968} INFO - Setting next_dagrun for example_branch_python_operator_decorator to 2022-07-24T00:00:00+00:00, run_after=2022-07-25T00:00:00+00:00
[2022-07-25 04:00:12,959] {processor.py:161} INFO - Processing /home/hp/miniconda3/envs/airflow_env/lib/python3.8/site-packages/airflow/example_dags/example_branch_operator_decorator.py took 0.051 seconds
[2022-07-25 04:00:51,845] {processor.py:153} INFO - Started process (PID=25963) to work on /home/hp/miniconda3/envs/airflow_env/lib/python3.8/site-packages/airflow/example_dags/example_branch_operator_decorator.py
[2022-07-25 04:00:51,846] {processor.py:641} INFO - Processing file /home/hp/miniconda3/envs/airflow_env/lib/python3.8/site-packages/airflow/example_dags/example_branch_operator_decorator.py for tasks to queue
[2022-07-25 04:00:51,847] {logging_mixin.py:115} INFO - [2022-07-25 04:00:51,846] {dagbag.py:508} INFO - Filling up the DagBag from /home/hp/miniconda3/envs/airflow_env/lib/python3.8/site-packages/airflow/example_dags/example_branch_operator_decorator.py
[2022-07-25 04:00:51,860] {processor.py:651} INFO - DAG(s) dict_keys(['example_branch_python_operator_decorator']) retrieved from /home/hp/miniconda3/envs/airflow_env/lib/python3.8/site-packages/airflow/example_dags/example_branch_operator_decorator.py
[2022-07-25 04:00:51,868] {logging_mixin.py:115} INFO - [2022-07-25 04:00:51,868] {dag.py:2420} INFO - Sync 1 DAGs
[2022-07-25 04:00:51,878] {logging_mixin.py:115} INFO - [2022-07-25 04:00:51,878] {dag.py:2968} INFO - Setting next_dagrun for example_branch_python_operator_decorator to 2022-07-24T00:00:00+00:00, run_after=2022-07-25T00:00:00+00:00
[2022-07-25 04:00:51,888] {processor.py:161} INFO - Processing /home/hp/miniconda3/envs/airflow_env/lib/python3.8/site-packages/airflow/example_dags/example_branch_operator_decorator.py took 0.044 seconds
[2022-07-25 04:02:03,193] {processor.py:153} INFO - Started process (PID=26310) to work on /home/hp/miniconda3/envs/airflow_env/lib/python3.8/site-packages/airflow/example_dags/example_branch_operator_decorator.py
[2022-07-25 04:02:03,194] {processor.py:641} INFO - Processing file /home/hp/miniconda3/envs/airflow_env/lib/python3.8/site-packages/airflow/example_dags/example_branch_operator_decorator.py for tasks to queue
[2022-07-25 04:02:03,195] {logging_mixin.py:115} INFO - [2022-07-25 04:02:03,195] {dagbag.py:508} INFO - Filling up the DagBag from /home/hp/miniconda3/envs/airflow_env/lib/python3.8/site-packages/airflow/example_dags/example_branch_operator_decorator.py
[2022-07-25 04:02:03,213] {processor.py:651} INFO - DAG(s) dict_keys(['example_branch_python_operator_decorator']) retrieved from /home/hp/miniconda3/envs/airflow_env/lib/python3.8/site-packages/airflow/example_dags/example_branch_operator_decorator.py
[2022-07-25 04:02:03,221] {logging_mixin.py:115} INFO - [2022-07-25 04:02:03,221] {dag.py:2420} INFO - Sync 1 DAGs
[2022-07-25 04:02:03,231] {logging_mixin.py:115} INFO - [2022-07-25 04:02:03,231] {dag.py:2968} INFO - Setting next_dagrun for example_branch_python_operator_decorator to 2022-07-24T00:00:00+00:00, run_after=2022-07-25T00:00:00+00:00
[2022-07-25 04:02:03,240] {processor.py:161} INFO - Processing /home/hp/miniconda3/envs/airflow_env/lib/python3.8/site-packages/airflow/example_dags/example_branch_operator_decorator.py took 0.052 seconds
[2022-07-25 04:05:36,178] {processor.py:153} INFO - Started process (PID=26750) to work on /home/hp/miniconda3/envs/airflow_env/lib/python3.8/site-packages/airflow/example_dags/example_branch_operator_decorator.py
[2022-07-25 04:05:36,179] {processor.py:641} INFO - Processing file /home/hp/miniconda3/envs/airflow_env/lib/python3.8/site-packages/airflow/example_dags/example_branch_operator_decorator.py for tasks to queue
[2022-07-25 04:05:36,180] {logging_mixin.py:115} INFO - [2022-07-25 04:05:36,180] {dagbag.py:508} INFO - Filling up the DagBag from /home/hp/miniconda3/envs/airflow_env/lib/python3.8/site-packages/airflow/example_dags/example_branch_operator_decorator.py
[2022-07-25 04:05:36,195] {processor.py:651} INFO - DAG(s) dict_keys(['example_branch_python_operator_decorator']) retrieved from /home/hp/miniconda3/envs/airflow_env/lib/python3.8/site-packages/airflow/example_dags/example_branch_operator_decorator.py
[2022-07-25 04:05:36,205] {logging_mixin.py:115} INFO - [2022-07-25 04:05:36,205] {dag.py:2420} INFO - Sync 1 DAGs
[2022-07-25 04:05:36,215] {logging_mixin.py:115} INFO - [2022-07-25 04:05:36,215] {dag.py:2968} INFO - Setting next_dagrun for example_branch_python_operator_decorator to 2022-07-24T00:00:00+00:00, run_after=2022-07-25T00:00:00+00:00
[2022-07-25 04:05:36,226] {processor.py:161} INFO - Processing /home/hp/miniconda3/envs/airflow_env/lib/python3.8/site-packages/airflow/example_dags/example_branch_operator_decorator.py took 0.052 seconds
[2022-07-25 04:11:00,513] {processor.py:153} INFO - Started process (PID=27040) to work on /home/hp/miniconda3/envs/airflow_env/lib/python3.8/site-packages/airflow/example_dags/example_branch_operator_decorator.py
[2022-07-25 04:11:00,514] {processor.py:641} INFO - Processing file /home/hp/miniconda3/envs/airflow_env/lib/python3.8/site-packages/airflow/example_dags/example_branch_operator_decorator.py for tasks to queue
[2022-07-25 04:11:00,515] {logging_mixin.py:115} INFO - [2022-07-25 04:11:00,514] {dagbag.py:508} INFO - Filling up the DagBag from /home/hp/miniconda3/envs/airflow_env/lib/python3.8/site-packages/airflow/example_dags/example_branch_operator_decorator.py
[2022-07-25 04:11:00,531] {processor.py:651} INFO - DAG(s) dict_keys(['example_branch_python_operator_decorator']) retrieved from /home/hp/miniconda3/envs/airflow_env/lib/python3.8/site-packages/airflow/example_dags/example_branch_operator_decorator.py
[2022-07-25 04:11:00,540] {logging_mixin.py:115} INFO - [2022-07-25 04:11:00,540] {dag.py:2420} INFO - Sync 1 DAGs
[2022-07-25 04:11:00,550] {logging_mixin.py:115} INFO - [2022-07-25 04:11:00,550] {dag.py:2968} INFO - Setting next_dagrun for example_branch_python_operator_decorator to 2022-07-24T00:00:00+00:00, run_after=2022-07-25T00:00:00+00:00
[2022-07-25 04:11:00,560] {processor.py:161} INFO - Processing /home/hp/miniconda3/envs/airflow_env/lib/python3.8/site-packages/airflow/example_dags/example_branch_operator_decorator.py took 0.051 seconds
[2022-07-25 04:16:23,905] {processor.py:153} INFO - Started process (PID=27335) to work on /home/hp/miniconda3/envs/airflow_env/lib/python3.8/site-packages/airflow/example_dags/example_branch_operator_decorator.py
[2022-07-25 04:16:23,906] {processor.py:641} INFO - Processing file /home/hp/miniconda3/envs/airflow_env/lib/python3.8/site-packages/airflow/example_dags/example_branch_operator_decorator.py for tasks to queue
[2022-07-25 04:16:23,906] {logging_mixin.py:115} INFO - [2022-07-25 04:16:23,906] {dagbag.py:508} INFO - Filling up the DagBag from /home/hp/miniconda3/envs/airflow_env/lib/python3.8/site-packages/airflow/example_dags/example_branch_operator_decorator.py
[2022-07-25 04:16:23,923] {processor.py:651} INFO - DAG(s) dict_keys(['example_branch_python_operator_decorator']) retrieved from /home/hp/miniconda3/envs/airflow_env/lib/python3.8/site-packages/airflow/example_dags/example_branch_operator_decorator.py
[2022-07-25 04:16:23,932] {logging_mixin.py:115} INFO - [2022-07-25 04:16:23,932] {dag.py:2420} INFO - Sync 1 DAGs
[2022-07-25 04:16:23,942] {logging_mixin.py:115} INFO - [2022-07-25 04:16:23,942] {dag.py:2968} INFO - Setting next_dagrun for example_branch_python_operator_decorator to 2022-07-24T00:00:00+00:00, run_after=2022-07-25T00:00:00+00:00
[2022-07-25 04:16:23,951] {processor.py:161} INFO - Processing /home/hp/miniconda3/envs/airflow_env/lib/python3.8/site-packages/airflow/example_dags/example_branch_operator_decorator.py took 0.051 seconds
[2022-07-25 04:21:47,722] {processor.py:153} INFO - Started process (PID=27606) to work on /home/hp/miniconda3/envs/airflow_env/lib/python3.8/site-packages/airflow/example_dags/example_branch_operator_decorator.py
[2022-07-25 04:21:47,723] {processor.py:641} INFO - Processing file /home/hp/miniconda3/envs/airflow_env/lib/python3.8/site-packages/airflow/example_dags/example_branch_operator_decorator.py for tasks to queue
[2022-07-25 04:21:47,724] {logging_mixin.py:115} INFO - [2022-07-25 04:21:47,724] {dagbag.py:508} INFO - Filling up the DagBag from /home/hp/miniconda3/envs/airflow_env/lib/python3.8/site-packages/airflow/example_dags/example_branch_operator_decorator.py
[2022-07-25 04:21:47,740] {processor.py:651} INFO - DAG(s) dict_keys(['example_branch_python_operator_decorator']) retrieved from /home/hp/miniconda3/envs/airflow_env/lib/python3.8/site-packages/airflow/example_dags/example_branch_operator_decorator.py
[2022-07-25 04:21:47,752] {logging_mixin.py:115} INFO - [2022-07-25 04:21:47,752] {dag.py:2420} INFO - Sync 1 DAGs
[2022-07-25 04:21:47,761] {logging_mixin.py:115} INFO - [2022-07-25 04:21:47,761] {dag.py:2968} INFO - Setting next_dagrun for example_branch_python_operator_decorator to 2022-07-24T00:00:00+00:00, run_after=2022-07-25T00:00:00+00:00
[2022-07-25 04:21:47,772] {processor.py:161} INFO - Processing /home/hp/miniconda3/envs/airflow_env/lib/python3.8/site-packages/airflow/example_dags/example_branch_operator_decorator.py took 0.054 seconds
[2022-07-25 04:31:58,696] {processor.py:153} INFO - Started process (PID=28059) to work on /home/hp/miniconda3/envs/airflow_env/lib/python3.8/site-packages/airflow/example_dags/example_branch_operator_decorator.py
[2022-07-25 04:31:58,697] {processor.py:641} INFO - Processing file /home/hp/miniconda3/envs/airflow_env/lib/python3.8/site-packages/airflow/example_dags/example_branch_operator_decorator.py for tasks to queue
[2022-07-25 04:31:58,697] {logging_mixin.py:115} INFO - [2022-07-25 04:31:58,697] {dagbag.py:508} INFO - Filling up the DagBag from /home/hp/miniconda3/envs/airflow_env/lib/python3.8/site-packages/airflow/example_dags/example_branch_operator_decorator.py
[2022-07-25 04:31:58,716] {processor.py:651} INFO - DAG(s) dict_keys(['example_branch_python_operator_decorator']) retrieved from /home/hp/miniconda3/envs/airflow_env/lib/python3.8/site-packages/airflow/example_dags/example_branch_operator_decorator.py
[2022-07-25 04:31:58,725] {logging_mixin.py:115} INFO - [2022-07-25 04:31:58,725] {dag.py:2420} INFO - Sync 1 DAGs
[2022-07-25 04:31:58,735] {logging_mixin.py:115} INFO - [2022-07-25 04:31:58,735] {dag.py:2968} INFO - Setting next_dagrun for example_branch_python_operator_decorator to 2022-07-24T00:00:00+00:00, run_after=2022-07-25T00:00:00+00:00
[2022-07-25 04:31:58,746] {processor.py:161} INFO - Processing /home/hp/miniconda3/envs/airflow_env/lib/python3.8/site-packages/airflow/example_dags/example_branch_operator_decorator.py took 0.054 seconds
[2022-07-25 04:37:22,424] {processor.py:153} INFO - Started process (PID=28399) to work on /home/hp/miniconda3/envs/airflow_env/lib/python3.8/site-packages/airflow/example_dags/example_branch_operator_decorator.py
[2022-07-25 04:37:22,425] {processor.py:641} INFO - Processing file /home/hp/miniconda3/envs/airflow_env/lib/python3.8/site-packages/airflow/example_dags/example_branch_operator_decorator.py for tasks to queue
[2022-07-25 04:37:22,426] {logging_mixin.py:115} INFO - [2022-07-25 04:37:22,426] {dagbag.py:508} INFO - Filling up the DagBag from /home/hp/miniconda3/envs/airflow_env/lib/python3.8/site-packages/airflow/example_dags/example_branch_operator_decorator.py
[2022-07-25 04:37:22,441] {processor.py:651} INFO - DAG(s) dict_keys(['example_branch_python_operator_decorator']) retrieved from /home/hp/miniconda3/envs/airflow_env/lib/python3.8/site-packages/airflow/example_dags/example_branch_operator_decorator.py
[2022-07-25 04:37:22,450] {logging_mixin.py:115} INFO - [2022-07-25 04:37:22,450] {dag.py:2420} INFO - Sync 1 DAGs
[2022-07-25 04:37:22,460] {logging_mixin.py:115} INFO - [2022-07-25 04:37:22,459] {dag.py:2968} INFO - Setting next_dagrun for example_branch_python_operator_decorator to 2022-07-24T00:00:00+00:00, run_after=2022-07-25T00:00:00+00:00
[2022-07-25 04:37:22,469] {processor.py:161} INFO - Processing /home/hp/miniconda3/envs/airflow_env/lib/python3.8/site-packages/airflow/example_dags/example_branch_operator_decorator.py took 0.050 seconds
[2022-07-25 10:58:32,814] {processor.py:153} INFO - Started process (PID=57262) to work on /home/hp/miniconda3/envs/airflow_env/lib/python3.8/site-packages/airflow/example_dags/example_branch_operator_decorator.py
[2022-07-25 10:58:32,815] {processor.py:641} INFO - Processing file /home/hp/miniconda3/envs/airflow_env/lib/python3.8/site-packages/airflow/example_dags/example_branch_operator_decorator.py for tasks to queue
[2022-07-25 10:58:32,815] {logging_mixin.py:115} INFO - [2022-07-25 10:58:32,815] {dagbag.py:508} INFO - Filling up the DagBag from /home/hp/miniconda3/envs/airflow_env/lib/python3.8/site-packages/airflow/example_dags/example_branch_operator_decorator.py
[2022-07-25 10:58:32,833] {processor.py:651} INFO - DAG(s) dict_keys(['example_branch_python_operator_decorator']) retrieved from /home/hp/miniconda3/envs/airflow_env/lib/python3.8/site-packages/airflow/example_dags/example_branch_operator_decorator.py
[2022-07-25 10:58:32,840] {logging_mixin.py:115} INFO - [2022-07-25 10:58:32,840] {dag.py:2420} INFO - Sync 1 DAGs
[2022-07-25 10:58:32,850] {logging_mixin.py:115} INFO - [2022-07-25 10:58:32,850] {dag.py:2968} INFO - Setting next_dagrun for example_branch_python_operator_decorator to 2022-07-24T00:00:00+00:00, run_after=2022-07-25T00:00:00+00:00
[2022-07-25 10:58:32,858] {processor.py:161} INFO - Processing /home/hp/miniconda3/envs/airflow_env/lib/python3.8/site-packages/airflow/example_dags/example_branch_operator_decorator.py took 0.046 seconds
[2022-07-25 10:59:08,825] {processor.py:153} INFO - Started process (PID=57586) to work on /home/hp/miniconda3/envs/airflow_env/lib/python3.8/site-packages/airflow/example_dags/example_branch_operator_decorator.py
[2022-07-25 10:59:08,826] {processor.py:641} INFO - Processing file /home/hp/miniconda3/envs/airflow_env/lib/python3.8/site-packages/airflow/example_dags/example_branch_operator_decorator.py for tasks to queue
[2022-07-25 10:59:08,827] {logging_mixin.py:115} INFO - [2022-07-25 10:59:08,827] {dagbag.py:508} INFO - Filling up the DagBag from /home/hp/miniconda3/envs/airflow_env/lib/python3.8/site-packages/airflow/example_dags/example_branch_operator_decorator.py
[2022-07-25 10:59:08,842] {processor.py:651} INFO - DAG(s) dict_keys(['example_branch_python_operator_decorator']) retrieved from /home/hp/miniconda3/envs/airflow_env/lib/python3.8/site-packages/airflow/example_dags/example_branch_operator_decorator.py
[2022-07-25 10:59:08,850] {logging_mixin.py:115} INFO - [2022-07-25 10:59:08,850] {dag.py:2420} INFO - Sync 1 DAGs
[2022-07-25 10:59:08,860] {logging_mixin.py:115} INFO - [2022-07-25 10:59:08,860] {dag.py:2968} INFO - Setting next_dagrun for example_branch_python_operator_decorator to 2022-07-24T00:00:00+00:00, run_after=2022-07-25T00:00:00+00:00
[2022-07-25 10:59:08,870] {processor.py:161} INFO - Processing /home/hp/miniconda3/envs/airflow_env/lib/python3.8/site-packages/airflow/example_dags/example_branch_operator_decorator.py took 0.048 seconds
[2022-07-25 10:59:43,047] {processor.py:153} INFO - Started process (PID=57841) to work on /home/hp/miniconda3/envs/airflow_env/lib/python3.8/site-packages/airflow/example_dags/example_branch_operator_decorator.py
[2022-07-25 10:59:43,047] {processor.py:641} INFO - Processing file /home/hp/miniconda3/envs/airflow_env/lib/python3.8/site-packages/airflow/example_dags/example_branch_operator_decorator.py for tasks to queue
[2022-07-25 10:59:43,047] {logging_mixin.py:115} INFO - [2022-07-25 10:59:43,047] {dagbag.py:508} INFO - Filling up the DagBag from /home/hp/miniconda3/envs/airflow_env/lib/python3.8/site-packages/airflow/example_dags/example_branch_operator_decorator.py
[2022-07-25 10:59:43,056] {processor.py:651} INFO - DAG(s) dict_keys(['example_branch_python_operator_decorator']) retrieved from /home/hp/miniconda3/envs/airflow_env/lib/python3.8/site-packages/airflow/example_dags/example_branch_operator_decorator.py
[2022-07-25 10:59:43,063] {logging_mixin.py:115} INFO - [2022-07-25 10:59:43,063] {dag.py:2420} INFO - Sync 1 DAGs
[2022-07-25 10:59:43,073] {logging_mixin.py:115} INFO - [2022-07-25 10:59:43,073] {dag.py:2968} INFO - Setting next_dagrun for example_branch_python_operator_decorator to 2022-07-24T00:00:00+00:00, run_after=2022-07-25T00:00:00+00:00
[2022-07-25 10:59:43,082] {processor.py:161} INFO - Processing /home/hp/miniconda3/envs/airflow_env/lib/python3.8/site-packages/airflow/example_dags/example_branch_operator_decorator.py took 0.037 seconds
[2022-07-25 11:00:17,604] {processor.py:153} INFO - Started process (PID=59197) to work on /home/hp/miniconda3/envs/airflow_env/lib/python3.8/site-packages/airflow/example_dags/example_branch_operator_decorator.py
[2022-07-25 11:00:17,605] {processor.py:641} INFO - Processing file /home/hp/miniconda3/envs/airflow_env/lib/python3.8/site-packages/airflow/example_dags/example_branch_operator_decorator.py for tasks to queue
[2022-07-25 11:00:17,605] {logging_mixin.py:115} INFO - [2022-07-25 11:00:17,605] {dagbag.py:508} INFO - Filling up the DagBag from /home/hp/miniconda3/envs/airflow_env/lib/python3.8/site-packages/airflow/example_dags/example_branch_operator_decorator.py
[2022-07-25 11:00:17,622] {processor.py:651} INFO - DAG(s) dict_keys(['example_branch_python_operator_decorator']) retrieved from /home/hp/miniconda3/envs/airflow_env/lib/python3.8/site-packages/airflow/example_dags/example_branch_operator_decorator.py
[2022-07-25 11:00:17,629] {logging_mixin.py:115} INFO - [2022-07-25 11:00:17,629] {dag.py:2420} INFO - Sync 1 DAGs
[2022-07-25 11:00:17,638] {logging_mixin.py:115} INFO - [2022-07-25 11:00:17,638] {dag.py:2968} INFO - Setting next_dagrun for example_branch_python_operator_decorator to 2022-07-24T00:00:00+00:00, run_after=2022-07-25T00:00:00+00:00
[2022-07-25 11:00:17,647] {processor.py:161} INFO - Processing /home/hp/miniconda3/envs/airflow_env/lib/python3.8/site-packages/airflow/example_dags/example_branch_operator_decorator.py took 0.045 seconds
[2022-07-25 11:00:52,471] {processor.py:153} INFO - Started process (PID=59698) to work on /home/hp/miniconda3/envs/airflow_env/lib/python3.8/site-packages/airflow/example_dags/example_branch_operator_decorator.py
[2022-07-25 11:00:52,472] {processor.py:641} INFO - Processing file /home/hp/miniconda3/envs/airflow_env/lib/python3.8/site-packages/airflow/example_dags/example_branch_operator_decorator.py for tasks to queue
[2022-07-25 11:00:52,472] {logging_mixin.py:115} INFO - [2022-07-25 11:00:52,472] {dagbag.py:508} INFO - Filling up the DagBag from /home/hp/miniconda3/envs/airflow_env/lib/python3.8/site-packages/airflow/example_dags/example_branch_operator_decorator.py
[2022-07-25 11:00:52,488] {processor.py:651} INFO - DAG(s) dict_keys(['example_branch_python_operator_decorator']) retrieved from /home/hp/miniconda3/envs/airflow_env/lib/python3.8/site-packages/airflow/example_dags/example_branch_operator_decorator.py
[2022-07-25 11:00:52,496] {logging_mixin.py:115} INFO - [2022-07-25 11:00:52,496] {dag.py:2420} INFO - Sync 1 DAGs
[2022-07-25 11:00:52,505] {logging_mixin.py:115} INFO - [2022-07-25 11:00:52,505] {dag.py:2968} INFO - Setting next_dagrun for example_branch_python_operator_decorator to 2022-07-24T00:00:00+00:00, run_after=2022-07-25T00:00:00+00:00
[2022-07-25 11:00:52,513] {processor.py:161} INFO - Processing /home/hp/miniconda3/envs/airflow_env/lib/python3.8/site-packages/airflow/example_dags/example_branch_operator_decorator.py took 0.047 seconds
[2022-07-25 11:01:26,447] {processor.py:153} INFO - Started process (PID=59899) to work on /home/hp/miniconda3/envs/airflow_env/lib/python3.8/site-packages/airflow/example_dags/example_branch_operator_decorator.py
[2022-07-25 11:01:26,447] {processor.py:641} INFO - Processing file /home/hp/miniconda3/envs/airflow_env/lib/python3.8/site-packages/airflow/example_dags/example_branch_operator_decorator.py for tasks to queue
[2022-07-25 11:01:26,447] {logging_mixin.py:115} INFO - [2022-07-25 11:01:26,447] {dagbag.py:508} INFO - Filling up the DagBag from /home/hp/miniconda3/envs/airflow_env/lib/python3.8/site-packages/airflow/example_dags/example_branch_operator_decorator.py
[2022-07-25 11:01:26,456] {processor.py:651} INFO - DAG(s) dict_keys(['example_branch_python_operator_decorator']) retrieved from /home/hp/miniconda3/envs/airflow_env/lib/python3.8/site-packages/airflow/example_dags/example_branch_operator_decorator.py
[2022-07-25 11:01:26,464] {logging_mixin.py:115} INFO - [2022-07-25 11:01:26,463] {dag.py:2420} INFO - Sync 1 DAGs
[2022-07-25 11:01:26,473] {logging_mixin.py:115} INFO - [2022-07-25 11:01:26,473] {dag.py:2968} INFO - Setting next_dagrun for example_branch_python_operator_decorator to 2022-07-24T00:00:00+00:00, run_after=2022-07-25T00:00:00+00:00
[2022-07-25 11:01:26,482] {processor.py:161} INFO - Processing /home/hp/miniconda3/envs/airflow_env/lib/python3.8/site-packages/airflow/example_dags/example_branch_operator_decorator.py took 0.037 seconds
[2022-07-25 11:02:03,490] {processor.py:153} INFO - Started process (PID=60107) to work on /home/hp/miniconda3/envs/airflow_env/lib/python3.8/site-packages/airflow/example_dags/example_branch_operator_decorator.py
[2022-07-25 11:02:03,491] {processor.py:641} INFO - Processing file /home/hp/miniconda3/envs/airflow_env/lib/python3.8/site-packages/airflow/example_dags/example_branch_operator_decorator.py for tasks to queue
[2022-07-25 11:02:03,491] {logging_mixin.py:115} INFO - [2022-07-25 11:02:03,491] {dagbag.py:508} INFO - Filling up the DagBag from /home/hp/miniconda3/envs/airflow_env/lib/python3.8/site-packages/airflow/example_dags/example_branch_operator_decorator.py
[2022-07-25 11:02:03,504] {processor.py:651} INFO - DAG(s) dict_keys(['example_branch_python_operator_decorator']) retrieved from /home/hp/miniconda3/envs/airflow_env/lib/python3.8/site-packages/airflow/example_dags/example_branch_operator_decorator.py
[2022-07-25 11:02:03,512] {logging_mixin.py:115} INFO - [2022-07-25 11:02:03,512] {dag.py:2420} INFO - Sync 1 DAGs
[2022-07-25 11:02:03,523] {logging_mixin.py:115} INFO - [2022-07-25 11:02:03,523] {dag.py:2968} INFO - Setting next_dagrun for example_branch_python_operator_decorator to 2022-07-24T00:00:00+00:00, run_after=2022-07-25T00:00:00+00:00
[2022-07-25 11:02:03,532] {processor.py:161} INFO - Processing /home/hp/miniconda3/envs/airflow_env/lib/python3.8/site-packages/airflow/example_dags/example_branch_operator_decorator.py took 0.047 seconds
[2022-07-25 11:02:38,149] {processor.py:153} INFO - Started process (PID=60740) to work on /home/hp/miniconda3/envs/airflow_env/lib/python3.8/site-packages/airflow/example_dags/example_branch_operator_decorator.py
[2022-07-25 11:02:38,150] {processor.py:641} INFO - Processing file /home/hp/miniconda3/envs/airflow_env/lib/python3.8/site-packages/airflow/example_dags/example_branch_operator_decorator.py for tasks to queue
[2022-07-25 11:02:38,151] {logging_mixin.py:115} INFO - [2022-07-25 11:02:38,151] {dagbag.py:508} INFO - Filling up the DagBag from /home/hp/miniconda3/envs/airflow_env/lib/python3.8/site-packages/airflow/example_dags/example_branch_operator_decorator.py
[2022-07-25 11:02:38,166] {processor.py:651} INFO - DAG(s) dict_keys(['example_branch_python_operator_decorator']) retrieved from /home/hp/miniconda3/envs/airflow_env/lib/python3.8/site-packages/airflow/example_dags/example_branch_operator_decorator.py
[2022-07-25 11:02:38,174] {logging_mixin.py:115} INFO - [2022-07-25 11:02:38,174] {dag.py:2420} INFO - Sync 1 DAGs
[2022-07-25 11:02:38,183] {logging_mixin.py:115} INFO - [2022-07-25 11:02:38,183] {dag.py:2968} INFO - Setting next_dagrun for example_branch_python_operator_decorator to 2022-07-24T00:00:00+00:00, run_after=2022-07-25T00:00:00+00:00
[2022-07-25 11:02:38,191] {processor.py:161} INFO - Processing /home/hp/miniconda3/envs/airflow_env/lib/python3.8/site-packages/airflow/example_dags/example_branch_operator_decorator.py took 0.045 seconds
[2022-07-25 11:03:14,071] {processor.py:153} INFO - Started process (PID=61660) to work on /home/hp/miniconda3/envs/airflow_env/lib/python3.8/site-packages/airflow/example_dags/example_branch_operator_decorator.py
[2022-07-25 11:03:14,072] {processor.py:641} INFO - Processing file /home/hp/miniconda3/envs/airflow_env/lib/python3.8/site-packages/airflow/example_dags/example_branch_operator_decorator.py for tasks to queue
[2022-07-25 11:03:14,073] {logging_mixin.py:115} INFO - [2022-07-25 11:03:14,072] {dagbag.py:508} INFO - Filling up the DagBag from /home/hp/miniconda3/envs/airflow_env/lib/python3.8/site-packages/airflow/example_dags/example_branch_operator_decorator.py
[2022-07-25 11:03:14,091] {processor.py:651} INFO - DAG(s) dict_keys(['example_branch_python_operator_decorator']) retrieved from /home/hp/miniconda3/envs/airflow_env/lib/python3.8/site-packages/airflow/example_dags/example_branch_operator_decorator.py
[2022-07-25 11:03:14,098] {logging_mixin.py:115} INFO - [2022-07-25 11:03:14,098] {dag.py:2420} INFO - Sync 1 DAGs
[2022-07-25 11:03:14,107] {logging_mixin.py:115} INFO - [2022-07-25 11:03:14,107] {dag.py:2968} INFO - Setting next_dagrun for example_branch_python_operator_decorator to 2022-07-24T00:00:00+00:00, run_after=2022-07-25T00:00:00+00:00
[2022-07-25 11:03:14,115] {processor.py:161} INFO - Processing /home/hp/miniconda3/envs/airflow_env/lib/python3.8/site-packages/airflow/example_dags/example_branch_operator_decorator.py took 0.046 seconds
[2022-07-25 11:03:50,774] {processor.py:153} INFO - Started process (PID=61882) to work on /home/hp/miniconda3/envs/airflow_env/lib/python3.8/site-packages/airflow/example_dags/example_branch_operator_decorator.py
[2022-07-25 11:03:50,775] {processor.py:641} INFO - Processing file /home/hp/miniconda3/envs/airflow_env/lib/python3.8/site-packages/airflow/example_dags/example_branch_operator_decorator.py for tasks to queue
[2022-07-25 11:03:50,775] {logging_mixin.py:115} INFO - [2022-07-25 11:03:50,775] {dagbag.py:508} INFO - Filling up the DagBag from /home/hp/miniconda3/envs/airflow_env/lib/python3.8/site-packages/airflow/example_dags/example_branch_operator_decorator.py
[2022-07-25 11:03:50,787] {processor.py:651} INFO - DAG(s) dict_keys(['example_branch_python_operator_decorator']) retrieved from /home/hp/miniconda3/envs/airflow_env/lib/python3.8/site-packages/airflow/example_dags/example_branch_operator_decorator.py
[2022-07-25 11:03:50,795] {logging_mixin.py:115} INFO - [2022-07-25 11:03:50,794] {dag.py:2420} INFO - Sync 1 DAGs
[2022-07-25 11:03:50,804] {logging_mixin.py:115} INFO - [2022-07-25 11:03:50,804] {dag.py:2968} INFO - Setting next_dagrun for example_branch_python_operator_decorator to 2022-07-24T00:00:00+00:00, run_after=2022-07-25T00:00:00+00:00
[2022-07-25 11:03:50,814] {processor.py:161} INFO - Processing /home/hp/miniconda3/envs/airflow_env/lib/python3.8/site-packages/airflow/example_dags/example_branch_operator_decorator.py took 0.041 seconds
[2022-07-25 11:04:25,865] {processor.py:153} INFO - Started process (PID=62170) to work on /home/hp/miniconda3/envs/airflow_env/lib/python3.8/site-packages/airflow/example_dags/example_branch_operator_decorator.py
[2022-07-25 11:04:25,866] {processor.py:641} INFO - Processing file /home/hp/miniconda3/envs/airflow_env/lib/python3.8/site-packages/airflow/example_dags/example_branch_operator_decorator.py for tasks to queue
[2022-07-25 11:04:25,866] {logging_mixin.py:115} INFO - [2022-07-25 11:04:25,866] {dagbag.py:508} INFO - Filling up the DagBag from /home/hp/miniconda3/envs/airflow_env/lib/python3.8/site-packages/airflow/example_dags/example_branch_operator_decorator.py
[2022-07-25 11:04:25,875] {processor.py:651} INFO - DAG(s) dict_keys(['example_branch_python_operator_decorator']) retrieved from /home/hp/miniconda3/envs/airflow_env/lib/python3.8/site-packages/airflow/example_dags/example_branch_operator_decorator.py
[2022-07-25 11:04:25,883] {logging_mixin.py:115} INFO - [2022-07-25 11:04:25,883] {dag.py:2420} INFO - Sync 1 DAGs
[2022-07-25 11:04:25,893] {logging_mixin.py:115} INFO - [2022-07-25 11:04:25,893] {dag.py:2968} INFO - Setting next_dagrun for example_branch_python_operator_decorator to 2022-07-24T00:00:00+00:00, run_after=2022-07-25T00:00:00+00:00
[2022-07-25 11:04:25,903] {processor.py:161} INFO - Processing /home/hp/miniconda3/envs/airflow_env/lib/python3.8/site-packages/airflow/example_dags/example_branch_operator_decorator.py took 0.040 seconds
[2022-07-25 11:05:01,250] {processor.py:153} INFO - Started process (PID=62501) to work on /home/hp/miniconda3/envs/airflow_env/lib/python3.8/site-packages/airflow/example_dags/example_branch_operator_decorator.py
[2022-07-25 11:05:01,250] {processor.py:641} INFO - Processing file /home/hp/miniconda3/envs/airflow_env/lib/python3.8/site-packages/airflow/example_dags/example_branch_operator_decorator.py for tasks to queue
[2022-07-25 11:05:01,251] {logging_mixin.py:115} INFO - [2022-07-25 11:05:01,250] {dagbag.py:508} INFO - Filling up the DagBag from /home/hp/miniconda3/envs/airflow_env/lib/python3.8/site-packages/airflow/example_dags/example_branch_operator_decorator.py
[2022-07-25 11:05:01,260] {processor.py:651} INFO - DAG(s) dict_keys(['example_branch_python_operator_decorator']) retrieved from /home/hp/miniconda3/envs/airflow_env/lib/python3.8/site-packages/airflow/example_dags/example_branch_operator_decorator.py
[2022-07-25 11:05:01,268] {logging_mixin.py:115} INFO - [2022-07-25 11:05:01,268] {dag.py:2420} INFO - Sync 1 DAGs
[2022-07-25 11:05:01,279] {logging_mixin.py:115} INFO - [2022-07-25 11:05:01,279] {dag.py:2968} INFO - Setting next_dagrun for example_branch_python_operator_decorator to 2022-07-24T00:00:00+00:00, run_after=2022-07-25T00:00:00+00:00
[2022-07-25 11:05:01,288] {processor.py:161} INFO - Processing /home/hp/miniconda3/envs/airflow_env/lib/python3.8/site-packages/airflow/example_dags/example_branch_operator_decorator.py took 0.040 seconds
[2022-07-25 11:05:34,679] {processor.py:153} INFO - Started process (PID=62734) to work on /home/hp/miniconda3/envs/airflow_env/lib/python3.8/site-packages/airflow/example_dags/example_branch_operator_decorator.py
[2022-07-25 11:05:34,680] {processor.py:641} INFO - Processing file /home/hp/miniconda3/envs/airflow_env/lib/python3.8/site-packages/airflow/example_dags/example_branch_operator_decorator.py for tasks to queue
[2022-07-25 11:05:34,681] {logging_mixin.py:115} INFO - [2022-07-25 11:05:34,681] {dagbag.py:508} INFO - Filling up the DagBag from /home/hp/miniconda3/envs/airflow_env/lib/python3.8/site-packages/airflow/example_dags/example_branch_operator_decorator.py
[2022-07-25 11:05:34,692] {processor.py:651} INFO - DAG(s) dict_keys(['example_branch_python_operator_decorator']) retrieved from /home/hp/miniconda3/envs/airflow_env/lib/python3.8/site-packages/airflow/example_dags/example_branch_operator_decorator.py
[2022-07-25 11:05:34,699] {logging_mixin.py:115} INFO - [2022-07-25 11:05:34,699] {dag.py:2420} INFO - Sync 1 DAGs
[2022-07-25 11:05:34,709] {logging_mixin.py:115} INFO - [2022-07-25 11:05:34,709] {dag.py:2968} INFO - Setting next_dagrun for example_branch_python_operator_decorator to 2022-07-24T00:00:00+00:00, run_after=2022-07-25T00:00:00+00:00
[2022-07-25 11:05:34,719] {processor.py:161} INFO - Processing /home/hp/miniconda3/envs/airflow_env/lib/python3.8/site-packages/airflow/example_dags/example_branch_operator_decorator.py took 0.042 seconds
[2022-07-25 11:06:10,084] {processor.py:153} INFO - Started process (PID=62948) to work on /home/hp/miniconda3/envs/airflow_env/lib/python3.8/site-packages/airflow/example_dags/example_branch_operator_decorator.py
[2022-07-25 11:06:10,085] {processor.py:641} INFO - Processing file /home/hp/miniconda3/envs/airflow_env/lib/python3.8/site-packages/airflow/example_dags/example_branch_operator_decorator.py for tasks to queue
[2022-07-25 11:06:10,086] {logging_mixin.py:115} INFO - [2022-07-25 11:06:10,086] {dagbag.py:508} INFO - Filling up the DagBag from /home/hp/miniconda3/envs/airflow_env/lib/python3.8/site-packages/airflow/example_dags/example_branch_operator_decorator.py
[2022-07-25 11:06:10,097] {processor.py:651} INFO - DAG(s) dict_keys(['example_branch_python_operator_decorator']) retrieved from /home/hp/miniconda3/envs/airflow_env/lib/python3.8/site-packages/airflow/example_dags/example_branch_operator_decorator.py
[2022-07-25 11:06:10,105] {logging_mixin.py:115} INFO - [2022-07-25 11:06:10,105] {dag.py:2420} INFO - Sync 1 DAGs
[2022-07-25 11:06:10,116] {logging_mixin.py:115} INFO - [2022-07-25 11:06:10,116] {dag.py:2968} INFO - Setting next_dagrun for example_branch_python_operator_decorator to 2022-07-24T00:00:00+00:00, run_after=2022-07-25T00:00:00+00:00
[2022-07-25 11:06:10,124] {processor.py:161} INFO - Processing /home/hp/miniconda3/envs/airflow_env/lib/python3.8/site-packages/airflow/example_dags/example_branch_operator_decorator.py took 0.044 seconds
[2022-07-25 11:06:45,292] {processor.py:153} INFO - Started process (PID=63236) to work on /home/hp/miniconda3/envs/airflow_env/lib/python3.8/site-packages/airflow/example_dags/example_branch_operator_decorator.py
[2022-07-25 11:06:45,293] {processor.py:641} INFO - Processing file /home/hp/miniconda3/envs/airflow_env/lib/python3.8/site-packages/airflow/example_dags/example_branch_operator_decorator.py for tasks to queue
[2022-07-25 11:06:45,293] {logging_mixin.py:115} INFO - [2022-07-25 11:06:45,293] {dagbag.py:508} INFO - Filling up the DagBag from /home/hp/miniconda3/envs/airflow_env/lib/python3.8/site-packages/airflow/example_dags/example_branch_operator_decorator.py
[2022-07-25 11:06:45,304] {processor.py:651} INFO - DAG(s) dict_keys(['example_branch_python_operator_decorator']) retrieved from /home/hp/miniconda3/envs/airflow_env/lib/python3.8/site-packages/airflow/example_dags/example_branch_operator_decorator.py
[2022-07-25 11:06:45,312] {logging_mixin.py:115} INFO - [2022-07-25 11:06:45,312] {dag.py:2420} INFO - Sync 1 DAGs
[2022-07-25 11:06:45,324] {logging_mixin.py:115} INFO - [2022-07-25 11:06:45,324] {dag.py:2968} INFO - Setting next_dagrun for example_branch_python_operator_decorator to 2022-07-24T00:00:00+00:00, run_after=2022-07-25T00:00:00+00:00
[2022-07-25 11:06:45,333] {processor.py:161} INFO - Processing /home/hp/miniconda3/envs/airflow_env/lib/python3.8/site-packages/airflow/example_dags/example_branch_operator_decorator.py took 0.045 seconds
[2022-07-25 11:07:19,464] {processor.py:153} INFO - Started process (PID=63492) to work on /home/hp/miniconda3/envs/airflow_env/lib/python3.8/site-packages/airflow/example_dags/example_branch_operator_decorator.py
[2022-07-25 11:07:19,464] {processor.py:641} INFO - Processing file /home/hp/miniconda3/envs/airflow_env/lib/python3.8/site-packages/airflow/example_dags/example_branch_operator_decorator.py for tasks to queue
[2022-07-25 11:07:19,465] {logging_mixin.py:115} INFO - [2022-07-25 11:07:19,465] {dagbag.py:508} INFO - Filling up the DagBag from /home/hp/miniconda3/envs/airflow_env/lib/python3.8/site-packages/airflow/example_dags/example_branch_operator_decorator.py
[2022-07-25 11:07:19,473] {processor.py:651} INFO - DAG(s) dict_keys(['example_branch_python_operator_decorator']) retrieved from /home/hp/miniconda3/envs/airflow_env/lib/python3.8/site-packages/airflow/example_dags/example_branch_operator_decorator.py
[2022-07-25 11:07:19,481] {logging_mixin.py:115} INFO - [2022-07-25 11:07:19,481] {dag.py:2420} INFO - Sync 1 DAGs
[2022-07-25 11:07:19,491] {logging_mixin.py:115} INFO - [2022-07-25 11:07:19,490] {dag.py:2968} INFO - Setting next_dagrun for example_branch_python_operator_decorator to 2022-07-24T00:00:00+00:00, run_after=2022-07-25T00:00:00+00:00
[2022-07-25 11:07:19,500] {processor.py:161} INFO - Processing /home/hp/miniconda3/envs/airflow_env/lib/python3.8/site-packages/airflow/example_dags/example_branch_operator_decorator.py took 0.037 seconds
[2022-07-25 11:07:55,014] {processor.py:153} INFO - Started process (PID=63838) to work on /home/hp/miniconda3/envs/airflow_env/lib/python3.8/site-packages/airflow/example_dags/example_branch_operator_decorator.py
[2022-07-25 11:07:55,015] {processor.py:641} INFO - Processing file /home/hp/miniconda3/envs/airflow_env/lib/python3.8/site-packages/airflow/example_dags/example_branch_operator_decorator.py for tasks to queue
[2022-07-25 11:07:55,015] {logging_mixin.py:115} INFO - [2022-07-25 11:07:55,015] {dagbag.py:508} INFO - Filling up the DagBag from /home/hp/miniconda3/envs/airflow_env/lib/python3.8/site-packages/airflow/example_dags/example_branch_operator_decorator.py
[2022-07-25 11:07:55,025] {processor.py:651} INFO - DAG(s) dict_keys(['example_branch_python_operator_decorator']) retrieved from /home/hp/miniconda3/envs/airflow_env/lib/python3.8/site-packages/airflow/example_dags/example_branch_operator_decorator.py
[2022-07-25 11:07:55,034] {logging_mixin.py:115} INFO - [2022-07-25 11:07:55,034] {dag.py:2420} INFO - Sync 1 DAGs
[2022-07-25 11:07:55,045] {logging_mixin.py:115} INFO - [2022-07-25 11:07:55,045] {dag.py:2968} INFO - Setting next_dagrun for example_branch_python_operator_decorator to 2022-07-24T00:00:00+00:00, run_after=2022-07-25T00:00:00+00:00
[2022-07-25 11:07:55,055] {processor.py:161} INFO - Processing /home/hp/miniconda3/envs/airflow_env/lib/python3.8/site-packages/airflow/example_dags/example_branch_operator_decorator.py took 0.042 seconds
                                                                                                                                                                                                                                                                                                                                                                                                                                                                                                                                                                                                                                                                                                                                                                                                                                                                                                                                                                                                                                                                                                                                                                                                                                                                                      