[2022-07-25 03:02:55,151] {processor.py:153} INFO - Started process (PID=21018) to work on /home/hp/miniconda3/envs/airflow_env/lib/python3.8/site-packages/airflow/example_dags/example_subdag_operator.py
[2022-07-25 03:02:55,151] {processor.py:641} INFO - Processing file /home/hp/miniconda3/envs/airflow_env/lib/python3.8/site-packages/airflow/example_dags/example_subdag_operator.py for tasks to queue
[2022-07-25 03:02:55,152] {logging_mixin.py:115} INFO - [2022-07-25 03:02:55,152] {dagbag.py:508} INFO - Filling up the DagBag from /home/hp/miniconda3/envs/airflow_env/lib/python3.8/site-packages/airflow/example_dags/example_subdag_operator.py
[2022-07-25 03:02:55,169] {processor.py:651} INFO - DAG(s) dict_keys(['example_subdag_operator.section-1', 'example_subdag_operator.section-2', 'example_subdag_operator']) retrieved from /home/hp/miniconda3/envs/airflow_env/lib/python3.8/site-packages/airflow/example_dags/example_subdag_operator.py
[2022-07-25 03:02:55,186] {logging_mixin.py:115} INFO - [2022-07-25 03:02:55,186] {dag.py:2420} INFO - Sync 3 DAGs
[2022-07-25 03:02:55,198] {logging_mixin.py:115} INFO - [2022-07-25 03:02:55,198] {dag.py:2968} INFO - Setting next_dagrun for example_subdag_operator to 2022-01-01T00:00:00+00:00, run_after=2022-01-01T00:00:00+00:00
[2022-07-25 03:02:55,198] {logging_mixin.py:115} INFO - [2022-07-25 03:02:55,198] {dag.py:2968} INFO - Setting next_dagrun for example_subdag_operator.section-1 to None, run_after=None
[2022-07-25 03:02:55,198] {logging_mixin.py:115} INFO - [2022-07-25 03:02:55,198] {dag.py:2968} INFO - Setting next_dagrun for example_subdag_operator.section-2 to None, run_after=None
[2022-07-25 03:02:55,202] {logging_mixin.py:115} INFO - [2022-07-25 03:02:55,202] {dag.py:2420} INFO - Sync 2 DAGs
[2022-07-25 03:02:55,204] {logging_mixin.py:115} INFO - [2022-07-25 03:02:55,204] {dag.py:2968} INFO - Setting next_dagrun for example_subdag_operator.section-1 to None, run_after=None
[2022-07-25 03:02:55,204] {logging_mixin.py:115} INFO - [2022-07-25 03:02:55,204] {dag.py:2968} INFO - Setting next_dagrun for example_subdag_operator.section-2 to None, run_after=None
[2022-07-25 03:02:55,221] {processor.py:161} INFO - Processing /home/hp/miniconda3/envs/airflow_env/lib/python3.8/site-packages/airflow/example_dags/example_subdag_operator.py took 0.074 seconds
[2022-07-25 03:07:34,828] {processor.py:153} INFO - Started process (PID=21501) to work on /home/hp/miniconda3/envs/airflow_env/lib/python3.8/site-packages/airflow/example_dags/example_subdag_operator.py
[2022-07-25 03:07:34,829] {processor.py:641} INFO - Processing file /home/hp/miniconda3/envs/airflow_env/lib/python3.8/site-packages/airflow/example_dags/example_subdag_operator.py for tasks to queue
[2022-07-25 03:07:34,830] {logging_mixin.py:115} INFO - [2022-07-25 03:07:34,830] {dagbag.py:508} INFO - Filling up the DagBag from /home/hp/miniconda3/envs/airflow_env/lib/python3.8/site-packages/airflow/example_dags/example_subdag_operator.py
[2022-07-25 03:07:34,841] {processor.py:651} INFO - DAG(s) dict_keys(['example_subdag_operator.section-1', 'example_subdag_operator.section-2', 'example_subdag_operator']) retrieved from /home/hp/miniconda3/envs/airflow_env/lib/python3.8/site-packages/airflow/example_dags/example_subdag_operator.py
[2022-07-25 03:07:34,854] {logging_mixin.py:115} INFO - [2022-07-25 03:07:34,854] {dag.py:2420} INFO - Sync 3 DAGs
[2022-07-25 03:07:34,865] {logging_mixin.py:115} INFO - [2022-07-25 03:07:34,865] {dag.py:2968} INFO - Setting next_dagrun for example_subdag_operator to 2022-01-01T00:00:00+00:00, run_after=2022-01-01T00:00:00+00:00
[2022-07-25 03:07:34,865] {logging_mixin.py:115} INFO - [2022-07-25 03:07:34,865] {dag.py:2968} INFO - Setting next_dagrun for example_subdag_operator.section-1 to None, run_after=None
[2022-07-25 03:07:34,865] {logging_mixin.py:115} INFO - [2022-07-25 03:07:34,865] {dag.py:2968} INFO - Setting next_dagrun for example_subdag_operator.section-2 to None, run_after=None
[2022-07-25 03:07:34,868] {logging_mixin.py:115} INFO - [2022-07-25 03:07:34,868] {dag.py:2420} INFO - Sync 2 DAGs
[2022-07-25 03:07:34,870] {logging_mixin.py:115} INFO - [2022-07-25 03:07:34,869] {dag.py:2968} INFO - Setting next_dagrun for example_subdag_operator.section-1 to None, run_after=None
[2022-07-25 03:07:34,870] {logging_mixin.py:115} INFO - [2022-07-25 03:07:34,870] {dag.py:2968} INFO - Setting next_dagrun for example_subdag_operator.section-2 to None, run_after=None
[2022-07-25 03:07:34,877] {processor.py:161} INFO - Processing /home/hp/miniconda3/envs/airflow_env/lib/python3.8/site-packages/airflow/example_dags/example_subdag_operator.py took 0.051 seconds
[2022-07-25 03:17:49,877] {processor.py:153} INFO - Started process (PID=22086) to work on /home/hp/miniconda3/envs/airflow_env/lib/python3.8/site-packages/airflow/example_dags/example_subdag_operator.py
[2022-07-25 03:17:49,879] {processor.py:641} INFO - Processing file /home/hp/miniconda3/envs/airflow_env/lib/python3.8/site-packages/airflow/example_dags/example_subdag_operator.py for tasks to queue
[2022-07-25 03:17:49,879] {logging_mixin.py:115} INFO - [2022-07-25 03:17:49,879] {dagbag.py:508} INFO - Filling up the DagBag from /home/hp/miniconda3/envs/airflow_env/lib/python3.8/site-packages/airflow/example_dags/example_subdag_operator.py
[2022-07-25 03:17:49,897] {processor.py:651} INFO - DAG(s) dict_keys(['example_subdag_operator.section-1', 'example_subdag_operator.section-2', 'example_subdag_operator']) retrieved from /home/hp/miniconda3/envs/airflow_env/lib/python3.8/site-packages/airflow/example_dags/example_subdag_operator.py
[2022-07-25 03:17:49,909] {logging_mixin.py:115} INFO - [2022-07-25 03:17:49,909] {dag.py:2420} INFO - Sync 3 DAGs
[2022-07-25 03:17:49,920] {logging_mixin.py:115} INFO - [2022-07-25 03:17:49,920] {dag.py:2968} INFO - Setting next_dagrun for example_subdag_operator to 2022-01-01T00:00:00+00:00, run_after=2022-01-01T00:00:00+00:00
[2022-07-25 03:17:49,920] {logging_mixin.py:115} INFO - [2022-07-25 03:17:49,920] {dag.py:2968} INFO - Setting next_dagrun for example_subdag_operator.section-1 to None, run_after=None
[2022-07-25 03:17:49,920] {logging_mixin.py:115} INFO - [2022-07-25 03:17:49,920] {dag.py:2968} INFO - Setting next_dagrun for example_subdag_operator.section-2 to None, run_after=None
[2022-07-25 03:17:49,923] {logging_mixin.py:115} INFO - [2022-07-25 03:17:49,923] {dag.py:2420} INFO - Sync 2 DAGs
[2022-07-25 03:17:49,924] {logging_mixin.py:115} INFO - [2022-07-25 03:17:49,924] {dag.py:2968} INFO - Setting next_dagrun for example_subdag_operator.section-1 to None, run_after=None
[2022-07-25 03:17:49,925] {logging_mixin.py:115} INFO - [2022-07-25 03:17:49,925] {dag.py:2968} INFO - Setting next_dagrun for example_subdag_operator.section-2 to None, run_after=None
[2022-07-25 03:17:49,932] {processor.py:161} INFO - Processing /home/hp/miniconda3/envs/airflow_env/lib/python3.8/site-packages/airflow/example_dags/example_subdag_operator.py took 0.059 seconds
[2022-07-25 03:23:12,050] {processor.py:153} INFO - Started process (PID=22609) to work on /home/hp/miniconda3/envs/airflow_env/lib/python3.8/site-packages/airflow/example_dags/example_subdag_operator.py
[2022-07-25 03:23:12,051] {processor.py:641} INFO - Processing file /home/hp/miniconda3/envs/airflow_env/lib/python3.8/site-packages/airflow/example_dags/example_subdag_operator.py for tasks to queue
[2022-07-25 03:23:12,052] {logging_mixin.py:115} INFO - [2022-07-25 03:23:12,052] {dagbag.py:508} INFO - Filling up the DagBag from /home/hp/miniconda3/envs/airflow_env/lib/python3.8/site-packages/airflow/example_dags/example_subdag_operator.py
[2022-07-25 03:23:12,069] {processor.py:651} INFO - DAG(s) dict_keys(['example_subdag_operator.section-1', 'example_subdag_operator.section-2', 'example_subdag_operator']) retrieved from /home/hp/miniconda3/envs/airflow_env/lib/python3.8/site-packages/airflow/example_dags/example_subdag_operator.py
[2022-07-25 03:23:12,083] {logging_mixin.py:115} INFO - [2022-07-25 03:23:12,083] {dag.py:2420} INFO - Sync 3 DAGs
[2022-07-25 03:23:12,092] {logging_mixin.py:115} INFO - [2022-07-25 03:23:12,092] {dag.py:2968} INFO - Setting next_dagrun for example_subdag_operator to 2022-01-01T00:00:00+00:00, run_after=2022-01-01T00:00:00+00:00
[2022-07-25 03:23:12,092] {logging_mixin.py:115} INFO - [2022-07-25 03:23:12,092] {dag.py:2968} INFO - Setting next_dagrun for example_subdag_operator.section-1 to None, run_after=None
[2022-07-25 03:23:12,092] {logging_mixin.py:115} INFO - [2022-07-25 03:23:12,092] {dag.py:2968} INFO - Setting next_dagrun for example_subdag_operator.section-2 to None, run_after=None
[2022-07-25 03:23:12,094] {logging_mixin.py:115} INFO - [2022-07-25 03:23:12,094] {dag.py:2420} INFO - Sync 2 DAGs
[2022-07-25 03:23:12,097] {logging_mixin.py:115} INFO - [2022-07-25 03:23:12,097] {dag.py:2968} INFO - Setting next_dagrun for example_subdag_operator.section-1 to None, run_after=None
[2022-07-25 03:23:12,097] {logging_mixin.py:115} INFO - [2022-07-25 03:23:12,097] {dag.py:2968} INFO - Setting next_dagrun for example_subdag_operator.section-2 to None, run_after=None
[2022-07-25 03:23:12,106] {processor.py:161} INFO - Processing /home/hp/miniconda3/envs/airflow_env/lib/python3.8/site-packages/airflow/example_dags/example_subdag_operator.py took 0.060 seconds
[2022-07-25 03:28:34,772] {processor.py:153} INFO - Started process (PID=23082) to work on /home/hp/miniconda3/envs/airflow_env/lib/python3.8/site-packages/airflow/example_dags/example_subdag_operator.py
[2022-07-25 03:28:34,773] {processor.py:641} INFO - Processing file /home/hp/miniconda3/envs/airflow_env/lib/python3.8/site-packages/airflow/example_dags/example_subdag_operator.py for tasks to queue
[2022-07-25 03:28:34,774] {logging_mixin.py:115} INFO - [2022-07-25 03:28:34,774] {dagbag.py:508} INFO - Filling up the DagBag from /home/hp/miniconda3/envs/airflow_env/lib/python3.8/site-packages/airflow/example_dags/example_subdag_operator.py
[2022-07-25 03:28:34,789] {processor.py:651} INFO - DAG(s) dict_keys(['example_subdag_operator.section-1', 'example_subdag_operator.section-2', 'example_subdag_operator']) retrieved from /home/hp/miniconda3/envs/airflow_env/lib/python3.8/site-packages/airflow/example_dags/example_subdag_operator.py
[2022-07-25 03:28:34,804] {logging_mixin.py:115} INFO - [2022-07-25 03:28:34,804] {dag.py:2420} INFO - Sync 3 DAGs
[2022-07-25 03:28:34,813] {logging_mixin.py:115} INFO - [2022-07-25 03:28:34,813] {dag.py:2968} INFO - Setting next_dagrun for example_subdag_operator to 2022-01-01T00:00:00+00:00, run_after=2022-01-01T00:00:00+00:00
[2022-07-25 03:28:34,813] {logging_mixin.py:115} INFO - [2022-07-25 03:28:34,813] {dag.py:2968} INFO - Setting next_dagrun for example_subdag_operator.section-1 to None, run_after=None
[2022-07-25 03:28:34,813] {logging_mixin.py:115} INFO - [2022-07-25 03:28:34,813] {dag.py:2968} INFO - Setting next_dagrun for example_subdag_operator.section-2 to None, run_after=None
[2022-07-25 03:28:34,816] {logging_mixin.py:115} INFO - [2022-07-25 03:28:34,816] {dag.py:2420} INFO - Sync 2 DAGs
[2022-07-25 03:28:34,818] {logging_mixin.py:115} INFO - [2022-07-25 03:28:34,818] {dag.py:2968} INFO - Setting next_dagrun for example_subdag_operator.section-1 to None, run_after=None
[2022-07-25 03:28:34,818] {logging_mixin.py:115} INFO - [2022-07-25 03:28:34,818] {dag.py:2968} INFO - Setting next_dagrun for example_subdag_operator.section-2 to None, run_after=None
[2022-07-25 03:28:34,828] {processor.py:161} INFO - Processing /home/hp/miniconda3/envs/airflow_env/lib/python3.8/site-packages/airflow/example_dags/example_subdag_operator.py took 0.060 seconds
[2022-07-25 03:30:45,127] {processor.py:153} INFO - Started process (PID=23553) to work on /home/hp/miniconda3/envs/airflow_env/lib/python3.8/site-packages/airflow/example_dags/example_subdag_operator.py
[2022-07-25 03:30:45,129] {processor.py:641} INFO - Processing file /home/hp/miniconda3/envs/airflow_env/lib/python3.8/site-packages/airflow/example_dags/example_subdag_operator.py for tasks to queue
[2022-07-25 03:30:45,129] {logging_mixin.py:115} INFO - [2022-07-25 03:30:45,129] {dagbag.py:508} INFO - Filling up the DagBag from /home/hp/miniconda3/envs/airflow_env/lib/python3.8/site-packages/airflow/example_dags/example_subdag_operator.py
[2022-07-25 03:30:45,144] {processor.py:651} INFO - DAG(s) dict_keys(['example_subdag_operator.section-1', 'example_subdag_operator.section-2', 'example_subdag_operator']) retrieved from /home/hp/miniconda3/envs/airflow_env/lib/python3.8/site-packages/airflow/example_dags/example_subdag_operator.py
[2022-07-25 03:30:45,158] {logging_mixin.py:115} INFO - [2022-07-25 03:30:45,158] {dag.py:2420} INFO - Sync 3 DAGs
[2022-07-25 03:30:45,168] {logging_mixin.py:115} INFO - [2022-07-25 03:30:45,167] {dag.py:2968} INFO - Setting next_dagrun for example_subdag_operator to 2022-01-01T00:00:00+00:00, run_after=2022-01-01T00:00:00+00:00
[2022-07-25 03:30:45,168] {logging_mixin.py:115} INFO - [2022-07-25 03:30:45,168] {dag.py:2968} INFO - Setting next_dagrun for example_subdag_operator.section-1 to None, run_after=None
[2022-07-25 03:30:45,168] {logging_mixin.py:115} INFO - [2022-07-25 03:30:45,168] {dag.py:2968} INFO - Setting next_dagrun for example_subdag_operator.section-2 to None, run_after=None
[2022-07-25 03:30:45,170] {logging_mixin.py:115} INFO - [2022-07-25 03:30:45,170] {dag.py:2420} INFO - Sync 2 DAGs
[2022-07-25 03:30:45,172] {logging_mixin.py:115} INFO - [2022-07-25 03:30:45,172] {dag.py:2968} INFO - Setting next_dagrun for example_subdag_operator.section-1 to None, run_after=None
[2022-07-25 03:30:45,173] {logging_mixin.py:115} INFO - [2022-07-25 03:30:45,173] {dag.py:2968} INFO - Setting next_dagrun for example_subdag_operator.section-2 to None, run_after=None
[2022-07-25 03:30:45,180] {processor.py:161} INFO - Processing /home/hp/miniconda3/envs/airflow_env/lib/python3.8/site-packages/airflow/example_dags/example_subdag_operator.py took 0.057 seconds
[2022-07-25 03:34:03,530] {processor.py:153} INFO - Started process (PID=24046) to work on /home/hp/miniconda3/envs/airflow_env/lib/python3.8/site-packages/airflow/example_dags/example_subdag_operator.py
[2022-07-25 03:34:03,532] {processor.py:641} INFO - Processing file /home/hp/miniconda3/envs/airflow_env/lib/python3.8/site-packages/airflow/example_dags/example_subdag_operator.py for tasks to queue
[2022-07-25 03:34:03,532] {logging_mixin.py:115} INFO - [2022-07-25 03:34:03,532] {dagbag.py:508} INFO - Filling up the DagBag from /home/hp/miniconda3/envs/airflow_env/lib/python3.8/site-packages/airflow/example_dags/example_subdag_operator.py
[2022-07-25 03:34:03,549] {processor.py:651} INFO - DAG(s) dict_keys(['example_subdag_operator.section-1', 'example_subdag_operator.section-2', 'example_subdag_operator']) retrieved from /home/hp/miniconda3/envs/airflow_env/lib/python3.8/site-packages/airflow/example_dags/example_subdag_operator.py
[2022-07-25 03:34:03,564] {logging_mixin.py:115} INFO - [2022-07-25 03:34:03,563] {dag.py:2420} INFO - Sync 3 DAGs
[2022-07-25 03:34:03,572] {logging_mixin.py:115} INFO - [2022-07-25 03:34:03,572] {dag.py:2968} INFO - Setting next_dagrun for example_subdag_operator to 2022-01-01T00:00:00+00:00, run_after=2022-01-01T00:00:00+00:00
[2022-07-25 03:34:03,572] {logging_mixin.py:115} INFO - [2022-07-25 03:34:03,572] {dag.py:2968} INFO - Setting next_dagrun for example_subdag_operator.section-1 to None, run_after=None
[2022-07-25 03:34:03,572] {logging_mixin.py:115} INFO - [2022-07-25 03:34:03,572] {dag.py:2968} INFO - Setting next_dagrun for example_subdag_operator.section-2 to None, run_after=None
[2022-07-25 03:34:03,574] {logging_mixin.py:115} INFO - [2022-07-25 03:34:03,574] {dag.py:2420} INFO - Sync 2 DAGs
[2022-07-25 03:34:03,576] {logging_mixin.py:115} INFO - [2022-07-25 03:34:03,576] {dag.py:2968} INFO - Setting next_dagrun for example_subdag_operator.section-1 to None, run_after=None
[2022-07-25 03:34:03,576] {logging_mixin.py:115} INFO - [2022-07-25 03:34:03,576] {dag.py:2968} INFO - Setting next_dagrun for example_subdag_operator.section-2 to None, run_after=None
[2022-07-25 03:34:03,585] {processor.py:161} INFO - Processing /home/hp/miniconda3/envs/airflow_env/lib/python3.8/site-packages/airflow/example_dags/example_subdag_operator.py took 0.058 seconds
[2022-07-25 03:44:17,777] {processor.py:153} INFO - Started process (PID=24553) to work on /home/hp/miniconda3/envs/airflow_env/lib/python3.8/site-packages/airflow/example_dags/example_subdag_operator.py
[2022-07-25 03:44:17,778] {processor.py:641} INFO - Processing file /home/hp/miniconda3/envs/airflow_env/lib/python3.8/site-packages/airflow/example_dags/example_subdag_operator.py for tasks to queue
[2022-07-25 03:44:17,779] {logging_mixin.py:115} INFO - [2022-07-25 03:44:17,778] {dagbag.py:508} INFO - Filling up the DagBag from /home/hp/miniconda3/envs/airflow_env/lib/python3.8/site-packages/airflow/example_dags/example_subdag_operator.py
[2022-07-25 03:44:17,800] {processor.py:651} INFO - DAG(s) dict_keys(['example_subdag_operator.section-1', 'example_subdag_operator.section-2', 'example_subdag_operator']) retrieved from /home/hp/miniconda3/envs/airflow_env/lib/python3.8/site-packages/airflow/example_dags/example_subdag_operator.py
[2022-07-25 03:44:17,829] {logging_mixin.py:115} INFO - [2022-07-25 03:44:17,829] {dag.py:2420} INFO - Sync 3 DAGs
[2022-07-25 03:44:17,848] {logging_mixin.py:115} INFO - [2022-07-25 03:44:17,848] {dag.py:2968} INFO - Setting next_dagrun for example_subdag_operator to 2022-01-01T00:00:00+00:00, run_after=2022-01-01T00:00:00+00:00
[2022-07-25 03:44:17,849] {logging_mixin.py:115} INFO - [2022-07-25 03:44:17,849] {dag.py:2968} INFO - Setting next_dagrun for example_subdag_operator.section-1 to None, run_after=None
[2022-07-25 03:44:17,849] {logging_mixin.py:115} INFO - [2022-07-25 03:44:17,849] {dag.py:2968} INFO - Setting next_dagrun for example_subdag_operator.section-2 to None, run_after=None
[2022-07-25 03:44:17,856] {logging_mixin.py:115} INFO - [2022-07-25 03:44:17,856] {dag.py:2420} INFO - Sync 2 DAGs
[2022-07-25 03:44:17,861] {logging_mixin.py:115} INFO - [2022-07-25 03:44:17,861] {dag.py:2968} INFO - Setting next_dagrun for example_subdag_operator.section-1 to None, run_after=None
[2022-07-25 03:44:17,861] {logging_mixin.py:115} INFO - [2022-07-25 03:44:17,861] {dag.py:2968} INFO - Setting next_dagrun for example_subdag_operator.section-2 to None, run_after=None
[2022-07-25 03:44:17,874] {processor.py:161} INFO - Processing /home/hp/miniconda3/envs/airflow_env/lib/python3.8/site-packages/airflow/example_dags/example_subdag_operator.py took 0.099 seconds
[2022-07-25 03:49:39,421] {processor.py:153} INFO - Started process (PID=25073) to work on /home/hp/miniconda3/envs/airflow_env/lib/python3.8/site-packages/airflow/example_dags/example_subdag_operator.py
[2022-07-25 03:49:39,422] {processor.py:641} INFO - Processing file /home/hp/miniconda3/envs/airflow_env/lib/python3.8/site-packages/airflow/example_dags/example_subdag_operator.py for tasks to queue
[2022-07-25 03:49:39,423] {logging_mixin.py:115} INFO - [2022-07-25 03:49:39,423] {dagbag.py:508} INFO - Filling up the DagBag from /home/hp/miniconda3/envs/airflow_env/lib/python3.8/site-packages/airflow/example_dags/example_subdag_operator.py
[2022-07-25 03:49:39,439] {processor.py:651} INFO - DAG(s) dict_keys(['example_subdag_operator.section-1', 'example_subdag_operator.section-2', 'example_subdag_operator']) retrieved from /home/hp/miniconda3/envs/airflow_env/lib/python3.8/site-packages/airflow/example_dags/example_subdag_operator.py
[2022-07-25 03:49:39,453] {logging_mixin.py:115} INFO - [2022-07-25 03:49:39,453] {dag.py:2420} INFO - Sync 3 DAGs
[2022-07-25 03:49:39,463] {logging_mixin.py:115} INFO - [2022-07-25 03:49:39,463] {dag.py:2968} INFO - Setting next_dagrun for example_subdag_operator to 2022-01-01T00:00:00+00:00, run_after=2022-01-01T00:00:00+00:00
[2022-07-25 03:49:39,463] {logging_mixin.py:115} INFO - [2022-07-25 03:49:39,463] {dag.py:2968} INFO - Setting next_dagrun for example_subdag_operator.section-1 to None, run_after=None
[2022-07-25 03:49:39,463] {logging_mixin.py:115} INFO - [2022-07-25 03:49:39,463] {dag.py:2968} INFO - Setting next_dagrun for example_subdag_operator.section-2 to None, run_after=None
[2022-07-25 03:49:39,466] {logging_mixin.py:115} INFO - [2022-07-25 03:49:39,466] {dag.py:2420} INFO - Sync 2 DAGs
[2022-07-25 03:49:39,468] {logging_mixin.py:115} INFO - [2022-07-25 03:49:39,468] {dag.py:2968} INFO - Setting next_dagrun for example_subdag_operator.section-1 to None, run_after=None
[2022-07-25 03:49:39,468] {logging_mixin.py:115} INFO - [2022-07-25 03:49:39,468] {dag.py:2968} INFO - Setting next_dagrun for example_subdag_operator.section-2 to None, run_after=None
[2022-07-25 03:49:39,476] {processor.py:161} INFO - Processing /home/hp/miniconda3/envs/airflow_env/lib/python3.8/site-packages/airflow/example_dags/example_subdag_operator.py took 0.059 seconds
[2022-07-25 03:55:03,103] {processor.py:153} INFO - Started process (PID=25451) to work on /home/hp/miniconda3/envs/airflow_env/lib/python3.8/site-packages/airflow/example_dags/example_subdag_operator.py
[2022-07-25 03:55:03,105] {processor.py:641} INFO - Processing file /home/hp/miniconda3/envs/airflow_env/lib/python3.8/site-packages/airflow/example_dags/example_subdag_operator.py for tasks to queue
[2022-07-25 03:55:03,105] {logging_mixin.py:115} INFO - [2022-07-25 03:55:03,105] {dagbag.py:508} INFO - Filling up the DagBag from /home/hp/miniconda3/envs/airflow_env/lib/python3.8/site-packages/airflow/example_dags/example_subdag_operator.py
[2022-07-25 03:55:03,122] {processor.py:651} INFO - DAG(s) dict_keys(['example_subdag_operator.section-1', 'example_subdag_operator.section-2', 'example_subdag_operator']) retrieved from /home/hp/miniconda3/envs/airflow_env/lib/python3.8/site-packages/airflow/example_dags/example_subdag_operator.py
[2022-07-25 03:55:03,136] {logging_mixin.py:115} INFO - [2022-07-25 03:55:03,136] {dag.py:2420} INFO - Sync 3 DAGs
[2022-07-25 03:55:03,145] {logging_mixin.py:115} INFO - [2022-07-25 03:55:03,145] {dag.py:2968} INFO - Setting next_dagrun for example_subdag_operator to 2022-01-01T00:00:00+00:00, run_after=2022-01-01T00:00:00+00:00
[2022-07-25 03:55:03,146] {logging_mixin.py:115} INFO - [2022-07-25 03:55:03,146] {dag.py:2968} INFO - Setting next_dagrun for example_subdag_operator.section-1 to None, run_after=None
[2022-07-25 03:55:03,146] {logging_mixin.py:115} INFO - [2022-07-25 03:55:03,146] {dag.py:2968} INFO - Setting next_dagrun for example_subdag_operator.section-2 to None, run_after=None
[2022-07-25 03:55:03,148] {logging_mixin.py:115} INFO - [2022-07-25 03:55:03,148] {dag.py:2420} INFO - Sync 2 DAGs
[2022-07-25 03:55:03,150] {logging_mixin.py:115} INFO - [2022-07-25 03:55:03,150] {dag.py:2968} INFO - Setting next_dagrun for example_subdag_operator.section-1 to None, run_after=None
[2022-07-25 03:55:03,150] {logging_mixin.py:115} INFO - [2022-07-25 03:55:03,150] {dag.py:2968} INFO - Setting next_dagrun for example_subdag_operator.section-2 to None, run_after=None
[2022-07-25 03:55:03,158] {processor.py:161} INFO - Processing /home/hp/miniconda3/envs/airflow_env/lib/python3.8/site-packages/airflow/example_dags/example_subdag_operator.py took 0.058 seconds
[2022-07-25 04:00:24,486] {processor.py:153} INFO - Started process (PID=25746) to work on /home/hp/miniconda3/envs/airflow_env/lib/python3.8/site-packages/airflow/example_dags/example_subdag_operator.py
[2022-07-25 04:00:24,487] {processor.py:641} INFO - Processing file /home/hp/miniconda3/envs/airflow_env/lib/python3.8/site-packages/airflow/example_dags/example_subdag_operator.py for tasks to queue
[2022-07-25 04:00:24,488] {logging_mixin.py:115} INFO - [2022-07-25 04:00:24,488] {dagbag.py:508} INFO - Filling up the DagBag from /home/hp/miniconda3/envs/airflow_env/lib/python3.8/site-packages/airflow/example_dags/example_subdag_operator.py
[2022-07-25 04:00:24,505] {processor.py:651} INFO - DAG(s) dict_keys(['example_subdag_operator.section-1', 'example_subdag_operator.section-2', 'example_subdag_operator']) retrieved from /home/hp/miniconda3/envs/airflow_env/lib/python3.8/site-packages/airflow/example_dags/example_subdag_operator.py
[2022-07-25 04:00:24,518] {logging_mixin.py:115} INFO - [2022-07-25 04:00:24,518] {dag.py:2420} INFO - Sync 3 DAGs
[2022-07-25 04:00:24,527] {logging_mixin.py:115} INFO - [2022-07-25 04:00:24,526] {dag.py:2968} INFO - Setting next_dagrun for example_subdag_operator to 2022-01-01T00:00:00+00:00, run_after=2022-01-01T00:00:00+00:00
[2022-07-25 04:00:24,527] {logging_mixin.py:115} INFO - [2022-07-25 04:00:24,527] {dag.py:2968} INFO - Setting next_dagrun for example_subdag_operator.section-1 to None, run_after=None
[2022-07-25 04:00:24,527] {logging_mixin.py:115} INFO - [2022-07-25 04:00:24,527] {dag.py:2968} INFO - Setting next_dagrun for example_subdag_operator.section-2 to None, run_after=None
[2022-07-25 04:00:24,529] {logging_mixin.py:115} INFO - [2022-07-25 04:00:24,529] {dag.py:2420} INFO - Sync 2 DAGs
[2022-07-25 04:00:24,532] {logging_mixin.py:115} INFO - [2022-07-25 04:00:24,532] {dag.py:2968} INFO - Setting next_dagrun for example_subdag_operator.section-1 to None, run_after=None
[2022-07-25 04:00:24,532] {logging_mixin.py:115} INFO - [2022-07-25 04:00:24,532] {dag.py:2968} INFO - Setting next_dagrun for example_subdag_operator.section-2 to None, run_after=None
[2022-07-25 04:00:24,539] {processor.py:161} INFO - Processing /home/hp/miniconda3/envs/airflow_env/lib/python3.8/site-packages/airflow/example_dags/example_subdag_operator.py took 0.058 seconds
[2022-07-25 04:01:04,706] {processor.py:153} INFO - Started process (PID=26018) to work on /home/hp/miniconda3/envs/airflow_env/lib/python3.8/site-packages/airflow/example_dags/example_subdag_operator.py
[2022-07-25 04:01:04,707] {processor.py:641} INFO - Processing file /home/hp/miniconda3/envs/airflow_env/lib/python3.8/site-packages/airflow/example_dags/example_subdag_operator.py for tasks to queue
[2022-07-25 04:01:04,708] {logging_mixin.py:115} INFO - [2022-07-25 04:01:04,708] {dagbag.py:508} INFO - Filling up the DagBag from /home/hp/miniconda3/envs/airflow_env/lib/python3.8/site-packages/airflow/example_dags/example_subdag_operator.py
[2022-07-25 04:01:04,727] {processor.py:651} INFO - DAG(s) dict_keys(['example_subdag_operator.section-1', 'example_subdag_operator.section-2', 'example_subdag_operator']) retrieved from /home/hp/miniconda3/envs/airflow_env/lib/python3.8/site-packages/airflow/example_dags/example_subdag_operator.py
[2022-07-25 04:01:04,740] {logging_mixin.py:115} INFO - [2022-07-25 04:01:04,740] {dag.py:2420} INFO - Sync 3 DAGs
[2022-07-25 04:01:04,750] {logging_mixin.py:115} INFO - [2022-07-25 04:01:04,750] {dag.py:2968} INFO - Setting next_dagrun for example_subdag_operator to 2022-01-01T00:00:00+00:00, run_after=2022-01-01T00:00:00+00:00
[2022-07-25 04:01:04,750] {logging_mixin.py:115} INFO - [2022-07-25 04:01:04,750] {dag.py:2968} INFO - Setting next_dagrun for example_subdag_operator.section-1 to None, run_after=None
[2022-07-25 04:01:04,750] {logging_mixin.py:115} INFO - [2022-07-25 04:01:04,750] {dag.py:2968} INFO - Setting next_dagrun for example_subdag_operator.section-2 to None, run_after=None
[2022-07-25 04:01:04,754] {logging_mixin.py:115} INFO - [2022-07-25 04:01:04,754] {dag.py:2420} INFO - Sync 2 DAGs
[2022-07-25 04:01:04,756] {logging_mixin.py:115} INFO - [2022-07-25 04:01:04,756] {dag.py:2968} INFO - Setting next_dagrun for example_subdag_operator.section-1 to None, run_after=None
[2022-07-25 04:01:04,756] {logging_mixin.py:115} INFO - [2022-07-25 04:01:04,756] {dag.py:2968} INFO - Setting next_dagrun for example_subdag_operator.section-2 to None, run_after=None
[2022-07-25 04:01:04,764] {processor.py:161} INFO - Processing /home/hp/miniconda3/envs/airflow_env/lib/python3.8/site-packages/airflow/example_dags/example_subdag_operator.py took 0.062 seconds
[2022-07-25 04:02:20,359] {processor.py:153} INFO - Started process (PID=26477) to work on /home/hp/miniconda3/envs/airflow_env/lib/python3.8/site-packages/airflow/example_dags/example_subdag_operator.py
[2022-07-25 04:02:20,360] {processor.py:641} INFO - Processing file /home/hp/miniconda3/envs/airflow_env/lib/python3.8/site-packages/airflow/example_dags/example_subdag_operator.py for tasks to queue
[2022-07-25 04:02:20,361] {logging_mixin.py:115} INFO - [2022-07-25 04:02:20,360] {dagbag.py:508} INFO - Filling up the DagBag from /home/hp/miniconda3/envs/airflow_env/lib/python3.8/site-packages/airflow/example_dags/example_subdag_operator.py
[2022-07-25 04:02:20,381] {processor.py:651} INFO - DAG(s) dict_keys(['example_subdag_operator.section-1', 'example_subdag_operator.section-2', 'example_subdag_operator']) retrieved from /home/hp/miniconda3/envs/airflow_env/lib/python3.8/site-packages/airflow/example_dags/example_subdag_operator.py
[2022-07-25 04:02:20,395] {logging_mixin.py:115} INFO - [2022-07-25 04:02:20,395] {dag.py:2420} INFO - Sync 3 DAGs
[2022-07-25 04:02:20,404] {logging_mixin.py:115} INFO - [2022-07-25 04:02:20,404] {dag.py:2968} INFO - Setting next_dagrun for example_subdag_operator to 2022-01-01T00:00:00+00:00, run_after=2022-01-01T00:00:00+00:00
[2022-07-25 04:02:20,404] {logging_mixin.py:115} INFO - [2022-07-25 04:02:20,404] {dag.py:2968} INFO - Setting next_dagrun for example_subdag_operator.section-1 to None, run_after=None
[2022-07-25 04:02:20,405] {logging_mixin.py:115} INFO - [2022-07-25 04:02:20,404] {dag.py:2968} INFO - Setting next_dagrun for example_subdag_operator.section-2 to None, run_after=None
[2022-07-25 04:02:20,407] {logging_mixin.py:115} INFO - [2022-07-25 04:02:20,407] {dag.py:2420} INFO - Sync 2 DAGs
[2022-07-25 04:02:20,409] {logging_mixin.py:115} INFO - [2022-07-25 04:02:20,409] {dag.py:2968} INFO - Setting next_dagrun for example_subdag_operator.section-1 to None, run_after=None
[2022-07-25 04:02:20,409] {logging_mixin.py:115} INFO - [2022-07-25 04:02:20,409] {dag.py:2968} INFO - Setting next_dagrun for example_subdag_operator.section-2 to None, run_after=None
[2022-07-25 04:02:20,417] {processor.py:161} INFO - Processing /home/hp/miniconda3/envs/airflow_env/lib/python3.8/site-packages/airflow/example_dags/example_subdag_operator.py took 0.063 seconds
[2022-07-25 04:05:49,293] {processor.py:153} INFO - Started process (PID=26787) to work on /home/hp/miniconda3/envs/airflow_env/lib/python3.8/site-packages/airflow/example_dags/example_subdag_operator.py
[2022-07-25 04:05:49,294] {processor.py:641} INFO - Processing file /home/hp/miniconda3/envs/airflow_env/lib/python3.8/site-packages/airflow/example_dags/example_subdag_operator.py for tasks to queue
[2022-07-25 04:05:49,294] {logging_mixin.py:115} INFO - [2022-07-25 04:05:49,294] {dagbag.py:508} INFO - Filling up the DagBag from /home/hp/miniconda3/envs/airflow_env/lib/python3.8/site-packages/airflow/example_dags/example_subdag_operator.py
[2022-07-25 04:05:49,310] {processor.py:651} INFO - DAG(s) dict_keys(['example_subdag_operator.section-1', 'example_subdag_operator.section-2', 'example_subdag_operator']) retrieved from /home/hp/miniconda3/envs/airflow_env/lib/python3.8/site-packages/airflow/example_dags/example_subdag_operator.py
[2022-07-25 04:05:49,326] {logging_mixin.py:115} INFO - [2022-07-25 04:05:49,326] {dag.py:2420} INFO - Sync 3 DAGs
[2022-07-25 04:05:49,336] {logging_mixin.py:115} INFO - [2022-07-25 04:05:49,336] {dag.py:2968} INFO - Setting next_dagrun for example_subdag_operator to 2022-01-01T00:00:00+00:00, run_after=2022-01-01T00:00:00+00:00
[2022-07-25 04:05:49,336] {logging_mixin.py:115} INFO - [2022-07-25 04:05:49,336] {dag.py:2968} INFO - Setting next_dagrun for example_subdag_operator.section-1 to None, run_after=None
[2022-07-25 04:05:49,336] {logging_mixin.py:115} INFO - [2022-07-25 04:05:49,336] {dag.py:2968} INFO - Setting next_dagrun for example_subdag_operator.section-2 to None, run_after=None
[2022-07-25 04:05:49,340] {logging_mixin.py:115} INFO - [2022-07-25 04:05:49,340] {dag.py:2420} INFO - Sync 2 DAGs
[2022-07-25 04:05:49,342] {logging_mixin.py:115} INFO - [2022-07-25 04:05:49,341] {dag.py:2968} INFO - Setting next_dagrun for example_subdag_operator.section-1 to None, run_after=None
[2022-07-25 04:05:49,342] {logging_mixin.py:115} INFO - [2022-07-25 04:05:49,342] {dag.py:2968} INFO - Setting next_dagrun for example_subdag_operator.section-2 to None, run_after=None
[2022-07-25 04:05:49,349] {processor.py:161} INFO - Processing /home/hp/miniconda3/envs/airflow_env/lib/python3.8/site-packages/airflow/example_dags/example_subdag_operator.py took 0.060 seconds
[2022-07-25 04:11:14,179] {processor.py:153} INFO - Started process (PID=27068) to work on /home/hp/miniconda3/envs/airflow_env/lib/python3.8/site-packages/airflow/example_dags/example_subdag_operator.py
[2022-07-25 04:11:14,181] {processor.py:641} INFO - Processing file /home/hp/miniconda3/envs/airflow_env/lib/python3.8/site-packages/airflow/example_dags/example_subdag_operator.py for tasks to queue
[2022-07-25 04:11:14,181] {logging_mixin.py:115} INFO - [2022-07-25 04:11:14,181] {dagbag.py:508} INFO - Filling up the DagBag from /home/hp/miniconda3/envs/airflow_env/lib/python3.8/site-packages/airflow/example_dags/example_subdag_operator.py
[2022-07-25 04:11:14,197] {processor.py:651} INFO - DAG(s) dict_keys(['example_subdag_operator.section-1', 'example_subdag_operator.section-2', 'example_subdag_operator']) retrieved from /home/hp/miniconda3/envs/airflow_env/lib/python3.8/site-packages/airflow/example_dags/example_subdag_operator.py
[2022-07-25 04:11:14,210] {logging_mixin.py:115} INFO - [2022-07-25 04:11:14,210] {dag.py:2420} INFO - Sync 3 DAGs
[2022-07-25 04:11:14,219] {logging_mixin.py:115} INFO - [2022-07-25 04:11:14,219] {dag.py:2968} INFO - Setting next_dagrun for example_subdag_operator to 2022-01-01T00:00:00+00:00, run_after=2022-01-01T00:00:00+00:00
[2022-07-25 04:11:14,219] {logging_mixin.py:115} INFO - [2022-07-25 04:11:14,219] {dag.py:2968} INFO - Setting next_dagrun for example_subdag_operator.section-1 to None, run_after=None
[2022-07-25 04:11:14,219] {logging_mixin.py:115} INFO - [2022-07-25 04:11:14,219] {dag.py:2968} INFO - Setting next_dagrun for example_subdag_operator.section-2 to None, run_after=None
[2022-07-25 04:11:14,222] {logging_mixin.py:115} INFO - [2022-07-25 04:11:14,222] {dag.py:2420} INFO - Sync 2 DAGs
[2022-07-25 04:11:14,224] {logging_mixin.py:115} INFO - [2022-07-25 04:11:14,224] {dag.py:2968} INFO - Setting next_dagrun for example_subdag_operator.section-1 to None, run_after=None
[2022-07-25 04:11:14,224] {logging_mixin.py:115} INFO - [2022-07-25 04:11:14,224] {dag.py:2968} INFO - Setting next_dagrun for example_subdag_operator.section-2 to None, run_after=None
[2022-07-25 04:11:14,232] {processor.py:161} INFO - Processing /home/hp/miniconda3/envs/airflow_env/lib/python3.8/site-packages/airflow/example_dags/example_subdag_operator.py took 0.056 seconds
[2022-07-25 04:21:24,237] {processor.py:153} INFO - Started process (PID=27521) to work on /home/hp/miniconda3/envs/airflow_env/lib/python3.8/site-packages/airflow/example_dags/example_subdag_operator.py
[2022-07-25 04:21:24,238] {processor.py:641} INFO - Processing file /home/hp/miniconda3/envs/airflow_env/lib/python3.8/site-packages/airflow/example_dags/example_subdag_operator.py for tasks to queue
[2022-07-25 04:21:24,239] {logging_mixin.py:115} INFO - [2022-07-25 04:21:24,239] {dagbag.py:508} INFO - Filling up the DagBag from /home/hp/miniconda3/envs/airflow_env/lib/python3.8/site-packages/airflow/example_dags/example_subdag_operator.py
[2022-07-25 04:21:24,256] {processor.py:651} INFO - DAG(s) dict_keys(['example_subdag_operator.section-1', 'example_subdag_operator.section-2', 'example_subdag_operator']) retrieved from /home/hp/miniconda3/envs/airflow_env/lib/python3.8/site-packages/airflow/example_dags/example_subdag_operator.py
[2022-07-25 04:21:24,269] {logging_mixin.py:115} INFO - [2022-07-25 04:21:24,269] {dag.py:2420} INFO - Sync 3 DAGs
[2022-07-25 04:21:24,278] {logging_mixin.py:115} INFO - [2022-07-25 04:21:24,278] {dag.py:2968} INFO - Setting next_dagrun for example_subdag_operator to 2022-01-01T00:00:00+00:00, run_after=2022-01-01T00:00:00+00:00
[2022-07-25 04:21:24,279] {logging_mixin.py:115} INFO - [2022-07-25 04:21:24,279] {dag.py:2968} INFO - Setting next_dagrun for example_subdag_operator.section-1 to None, run_after=None
[2022-07-25 04:21:24,279] {logging_mixin.py:115} INFO - [2022-07-25 04:21:24,279] {dag.py:2968} INFO - Setting next_dagrun for example_subdag_operator.section-2 to None, run_after=None
[2022-07-25 04:21:24,281] {logging_mixin.py:115} INFO - [2022-07-25 04:21:24,281] {dag.py:2420} INFO - Sync 2 DAGs
[2022-07-25 04:21:24,283] {logging_mixin.py:115} INFO - [2022-07-25 04:21:24,283] {dag.py:2968} INFO - Setting next_dagrun for example_subdag_operator.section-1 to None, run_after=None
[2022-07-25 04:21:24,283] {logging_mixin.py:115} INFO - [2022-07-25 04:21:24,283] {dag.py:2968} INFO - Setting next_dagrun for example_subdag_operator.section-2 to None, run_after=None
[2022-07-25 04:21:24,291] {processor.py:161} INFO - Processing /home/hp/miniconda3/envs/airflow_env/lib/python3.8/site-packages/airflow/example_dags/example_subdag_operator.py took 0.058 seconds
[2022-07-25 04:26:49,097] {processor.py:153} INFO - Started process (PID=27857) to work on /home/hp/miniconda3/envs/airflow_env/lib/python3.8/site-packages/airflow/example_dags/example_subdag_operator.py
[2022-07-25 04:26:49,098] {processor.py:641} INFO - Processing file /home/hp/miniconda3/envs/airflow_env/lib/python3.8/site-packages/airflow/example_dags/example_subdag_operator.py for tasks to queue
[2022-07-25 04:26:49,099] {logging_mixin.py:115} INFO - [2022-07-25 04:26:49,099] {dagbag.py:508} INFO - Filling up the DagBag from /home/hp/miniconda3/envs/airflow_env/lib/python3.8/site-packages/airflow/example_dags/example_subdag_operator.py
[2022-07-25 04:26:49,115] {processor.py:651} INFO - DAG(s) dict_keys(['example_subdag_operator.section-1', 'example_subdag_operator.section-2', 'example_subdag_operator']) retrieved from /home/hp/miniconda3/envs/airflow_env/lib/python3.8/site-packages/airflow/example_dags/example_subdag_operator.py
[2022-07-25 04:26:49,128] {logging_mixin.py:115} INFO - [2022-07-25 04:26:49,128] {dag.py:2420} INFO - Sync 3 DAGs
[2022-07-25 04:26:49,137] {logging_mixin.py:115} INFO - [2022-07-25 04:26:49,137] {dag.py:2968} INFO - Setting next_dagrun for example_subdag_operator to 2022-01-01T00:00:00+00:00, run_after=2022-01-01T00:00:00+00:00
[2022-07-25 04:26:49,137] {logging_mixin.py:115} INFO - [2022-07-25 04:26:49,137] {dag.py:2968} INFO - Setting next_dagrun for example_subdag_operator.section-1 to None, run_after=None
[2022-07-25 04:26:49,137] {logging_mixin.py:115} INFO - [2022-07-25 04:26:49,137] {dag.py:2968} INFO - Setting next_dagrun for example_subdag_operator.section-2 to None, run_after=None
[2022-07-25 04:26:49,140] {logging_mixin.py:115} INFO - [2022-07-25 04:26:49,140] {dag.py:2420} INFO - Sync 2 DAGs
[2022-07-25 04:26:49,142] {logging_mixin.py:115} INFO - [2022-07-25 04:26:49,142] {dag.py:2968} INFO - Setting next_dagrun for example_subdag_operator.section-1 to None, run_after=None
[2022-07-25 04:26:49,142] {logging_mixin.py:115} INFO - [2022-07-25 04:26:49,142] {dag.py:2968} INFO - Setting next_dagrun for example_subdag_operator.section-2 to None, run_after=None
[2022-07-25 04:26:49,151] {processor.py:161} INFO - Processing /home/hp/miniconda3/envs/airflow_env/lib/python3.8/site-packages/airflow/example_dags/example_subdag_operator.py took 0.059 seconds
[2022-07-25 04:32:11,355] {processor.py:153} INFO - Started process (PID=28132) to work on /home/hp/miniconda3/envs/airflow_env/lib/python3.8/site-packages/airflow/example_dags/example_subdag_operator.py
[2022-07-25 04:32:11,356] {processor.py:641} INFO - Processing file /home/hp/miniconda3/envs/airflow_env/lib/python3.8/site-packages/airflow/example_dags/example_subdag_operator.py for tasks to queue
[2022-07-25 04:32:11,357] {logging_mixin.py:115} INFO - [2022-07-25 04:32:11,357] {dagbag.py:508} INFO - Filling up the DagBag from /home/hp/miniconda3/envs/airflow_env/lib/python3.8/site-packages/airflow/example_dags/example_subdag_operator.py
[2022-07-25 04:32:11,373] {processor.py:651} INFO - DAG(s) dict_keys(['example_subdag_operator.section-1', 'example_subdag_operator.section-2', 'example_subdag_operator']) retrieved from /home/hp/miniconda3/envs/airflow_env/lib/python3.8/site-packages/airflow/example_dags/example_subdag_operator.py
[2022-07-25 04:32:11,387] {logging_mixin.py:115} INFO - [2022-07-25 04:32:11,387] {dag.py:2420} INFO - Sync 3 DAGs
[2022-07-25 04:32:11,396] {logging_mixin.py:115} INFO - [2022-07-25 04:32:11,396] {dag.py:2968} INFO - Setting next_dagrun for example_subdag_operator to 2022-01-01T00:00:00+00:00, run_after=2022-01-01T00:00:00+00:00
[2022-07-25 04:32:11,396] {logging_mixin.py:115} INFO - [2022-07-25 04:32:11,396] {dag.py:2968} INFO - Setting next_dagrun for example_subdag_operator.section-1 to None, run_after=None
[2022-07-25 04:32:11,396] {logging_mixin.py:115} INFO - [2022-07-25 04:32:11,396] {dag.py:2968} INFO - Setting next_dagrun for example_subdag_operator.section-2 to None, run_after=None
[2022-07-25 04:32:11,399] {logging_mixin.py:115} INFO - [2022-07-25 04:32:11,399] {dag.py:2420} INFO - Sync 2 DAGs
[2022-07-25 04:32:11,401] {logging_mixin.py:115} INFO - [2022-07-25 04:32:11,401] {dag.py:2968} INFO - Setting next_dagrun for example_subdag_operator.section-1 to None, run_after=None
[2022-07-25 04:32:11,401] {logging_mixin.py:115} INFO - [2022-07-25 04:32:11,401] {dag.py:2968} INFO - Setting next_dagrun for example_subdag_operator.section-2 to None, run_after=None
[2022-07-25 04:32:11,412] {processor.py:161} INFO - Processing /home/hp/miniconda3/envs/airflow_env/lib/python3.8/site-packages/airflow/example_dags/example_subdag_operator.py took 0.061 seconds
[2022-07-25 04:37:35,274] {processor.py:153} INFO - Started process (PID=28423) to work on /home/hp/miniconda3/envs/airflow_env/lib/python3.8/site-packages/airflow/example_dags/example_subdag_operator.py
[2022-07-25 04:37:35,275] {processor.py:641} INFO - Processing file /home/hp/miniconda3/envs/airflow_env/lib/python3.8/site-packages/airflow/example_dags/example_subdag_operator.py for tasks to queue
[2022-07-25 04:37:35,276] {logging_mixin.py:115} INFO - [2022-07-25 04:37:35,276] {dagbag.py:508} INFO - Filling up the DagBag from /home/hp/miniconda3/envs/airflow_env/lib/python3.8/site-packages/airflow/example_dags/example_subdag_operator.py
[2022-07-25 04:37:35,293] {processor.py:651} INFO - DAG(s) dict_keys(['example_subdag_operator.section-1', 'example_subdag_operator.section-2', 'example_subdag_operator']) retrieved from /home/hp/miniconda3/envs/airflow_env/lib/python3.8/site-packages/airflow/example_dags/example_subdag_operator.py
[2022-07-25 04:37:35,305] {logging_mixin.py:115} INFO - [2022-07-25 04:37:35,305] {dag.py:2420} INFO - Sync 3 DAGs
[2022-07-25 04:37:35,314] {logging_mixin.py:115} INFO - [2022-07-25 04:37:35,314] {dag.py:2968} INFO - Setting next_dagrun for example_subdag_operator to 2022-01-01T00:00:00+00:00, run_after=2022-01-01T00:00:00+00:00
[2022-07-25 04:37:35,315] {logging_mixin.py:115} INFO - [2022-07-25 04:37:35,315] {dag.py:2968} INFO - Setting next_dagrun for example_subdag_operator.section-1 to None, run_after=None
[2022-07-25 04:37:35,315] {logging_mixin.py:115} INFO - [2022-07-25 04:37:35,315] {dag.py:2968} INFO - Setting next_dagrun for example_subdag_operator.section-2 to None, run_after=None
[2022-07-25 04:37:35,318] {logging_mixin.py:115} INFO - [2022-07-25 04:37:35,318] {dag.py:2420} INFO - Sync 2 DAGs
[2022-07-25 04:37:35,320] {logging_mixin.py:115} INFO - [2022-07-25 04:37:35,320] {dag.py:2968} INFO - Setting next_dagrun for example_subdag_operator.section-1 to None, run_after=None
[2022-07-25 04:37:35,320] {logging_mixin.py:115} INFO - [2022-07-25 04:37:35,320] {dag.py:2968} INFO - Setting next_dagrun for example_subdag_operator.section-2 to None, run_after=None
[2022-07-25 04:37:35,328] {processor.py:161} INFO - Processing /home/hp/miniconda3/envs/airflow_env/lib/python3.8/site-packages/airflow/example_dags/example_subdag_operator.py took 0.058 seconds
[2022-07-25 10:58:11,229] {processor.py:153} INFO - Started process (PID=56961) to work on /home/hp/miniconda3/envs/airflow_env/lib/python3.8/site-packages/airflow/example_dags/example_subdag_operator.py
[2022-07-25 10:58:11,230] {processor.py:641} INFO - Processing file /home/hp/miniconda3/envs/airflow_env/lib/python3.8/site-packages/airflow/example_dags/example_subdag_operator.py for tasks to queue
[2022-07-25 10:58:11,230] {logging_mixin.py:115} INFO - [2022-07-25 10:58:11,230] {dagbag.py:508} INFO - Filling up the DagBag from /home/hp/miniconda3/envs/airflow_env/lib/python3.8/site-packages/airflow/example_dags/example_subdag_operator.py
[2022-07-25 10:58:11,243] {processor.py:651} INFO - DAG(s) dict_keys(['example_subdag_operator.section-1', 'example_subdag_operator.section-2', 'example_subdag_operator']) retrieved from /home/hp/miniconda3/envs/airflow_env/lib/python3.8/site-packages/airflow/example_dags/example_subdag_operator.py
[2022-07-25 10:58:11,267] {logging_mixin.py:115} INFO - [2022-07-25 10:58:11,267] {dag.py:2420} INFO - Sync 3 DAGs
[2022-07-25 10:58:11,283] {logging_mixin.py:115} INFO - [2022-07-25 10:58:11,283] {dag.py:2968} INFO - Setting next_dagrun for example_subdag_operator to 2022-01-01T00:00:00+00:00, run_after=2022-01-01T00:00:00+00:00
[2022-07-25 10:58:11,283] {logging_mixin.py:115} INFO - [2022-07-25 10:58:11,283] {dag.py:2968} INFO - Setting next_dagrun for example_subdag_operator.section-1 to None, run_after=None
[2022-07-25 10:58:11,284] {logging_mixin.py:115} INFO - [2022-07-25 10:58:11,284] {dag.py:2968} INFO - Setting next_dagrun for example_subdag_operator.section-2 to None, run_after=None
[2022-07-25 10:58:11,290] {logging_mixin.py:115} INFO - [2022-07-25 10:58:11,290] {dag.py:2420} INFO - Sync 2 DAGs
[2022-07-25 10:58:11,294] {logging_mixin.py:115} INFO - [2022-07-25 10:58:11,294] {dag.py:2968} INFO - Setting next_dagrun for example_subdag_operator.section-1 to None, run_after=None
[2022-07-25 10:58:11,294] {logging_mixin.py:115} INFO - [2022-07-25 10:58:11,294] {dag.py:2968} INFO - Setting next_dagrun for example_subdag_operator.section-2 to None, run_after=None
[2022-07-25 10:58:11,305] {processor.py:161} INFO - Processing /home/hp/miniconda3/envs/airflow_env/lib/python3.8/site-packages/airflow/example_dags/example_subdag_operator.py took 0.078 seconds
[2022-07-25 10:58:45,358] {processor.py:153} INFO - Started process (PID=57413) to work on /home/hp/miniconda3/envs/airflow_env/lib/python3.8/site-packages/airflow/example_dags/example_subdag_operator.py
[2022-07-25 10:58:45,359] {processor.py:641} INFO - Processing file /home/hp/miniconda3/envs/airflow_env/lib/python3.8/site-packages/airflow/example_dags/example_subdag_operator.py for tasks to queue
[2022-07-25 10:58:45,360] {logging_mixin.py:115} INFO - [2022-07-25 10:58:45,360] {dagbag.py:508} INFO - Filling up the DagBag from /home/hp/miniconda3/envs/airflow_env/lib/python3.8/site-packages/airflow/example_dags/example_subdag_operator.py
[2022-07-25 10:58:45,373] {processor.py:651} INFO - DAG(s) dict_keys(['example_subdag_operator.section-1', 'example_subdag_operator.section-2', 'example_subdag_operator']) retrieved from /home/hp/miniconda3/envs/airflow_env/lib/python3.8/site-packages/airflow/example_dags/example_subdag_operator.py
[2022-07-25 10:58:45,381] {logging_mixin.py:115} INFO - [2022-07-25 10:58:45,381] {dag.py:2420} INFO - Sync 3 DAGs
[2022-07-25 10:58:45,388] {logging_mixin.py:115} INFO - [2022-07-25 10:58:45,388] {dag.py:2968} INFO - Setting next_dagrun for example_subdag_operator to 2022-01-01T00:00:00+00:00, run_after=2022-01-01T00:00:00+00:00
[2022-07-25 10:58:45,389] {logging_mixin.py:115} INFO - [2022-07-25 10:58:45,389] {dag.py:2968} INFO - Setting next_dagrun for example_subdag_operator.section-1 to None, run_after=None
[2022-07-25 10:58:45,389] {logging_mixin.py:115} INFO - [2022-07-25 10:58:45,389] {dag.py:2968} INFO - Setting next_dagrun for example_subdag_operator.section-2 to None, run_after=None
[2022-07-25 10:58:45,392] {logging_mixin.py:115} INFO - [2022-07-25 10:58:45,392] {dag.py:2420} INFO - Sync 2 DAGs
[2022-07-25 10:58:45,394] {logging_mixin.py:115} INFO - [2022-07-25 10:58:45,394] {dag.py:2968} INFO - Setting next_dagrun for example_subdag_operator.section-1 to None, run_after=None
[2022-07-25 10:58:45,394] {logging_mixin.py:115} INFO - [2022-07-25 10:58:45,394] {dag.py:2968} INFO - Setting next_dagrun for example_subdag_operator.section-2 to None, run_after=None
[2022-07-25 10:58:45,400] {processor.py:161} INFO - Processing /home/hp/miniconda3/envs/airflow_env/lib/python3.8/site-packages/airflow/example_dags/example_subdag_operator.py took 0.045 seconds
[2022-07-25 10:59:21,792] {processor.py:153} INFO - Started process (PID=57721) to work on /home/hp/miniconda3/envs/airflow_env/lib/python3.8/site-packages/airflow/example_dags/example_subdag_operator.py
[2022-07-25 10:59:21,793] {processor.py:641} INFO - Processing file /home/hp/miniconda3/envs/airflow_env/lib/python3.8/site-packages/airflow/example_dags/example_subdag_operator.py for tasks to queue
[2022-07-25 10:59:21,794] {logging_mixin.py:115} INFO - [2022-07-25 10:59:21,794] {dagbag.py:508} INFO - Filling up the DagBag from /home/hp/miniconda3/envs/airflow_env/lib/python3.8/site-packages/airflow/example_dags/example_subdag_operator.py
[2022-07-25 10:59:21,806] {processor.py:651} INFO - DAG(s) dict_keys(['example_subdag_operator.section-1', 'example_subdag_operator.section-2', 'example_subdag_operator']) retrieved from /home/hp/miniconda3/envs/airflow_env/lib/python3.8/site-packages/airflow/example_dags/example_subdag_operator.py
[2022-07-25 10:59:21,815] {logging_mixin.py:115} INFO - [2022-07-25 10:59:21,815] {dag.py:2420} INFO - Sync 3 DAGs
[2022-07-25 10:59:21,823] {logging_mixin.py:115} INFO - [2022-07-25 10:59:21,823] {dag.py:2968} INFO - Setting next_dagrun for example_subdag_operator to 2022-01-01T00:00:00+00:00, run_after=2022-01-01T00:00:00+00:00
[2022-07-25 10:59:21,823] {logging_mixin.py:115} INFO - [2022-07-25 10:59:21,823] {dag.py:2968} INFO - Setting next_dagrun for example_subdag_operator.section-1 to None, run_after=None
[2022-07-25 10:59:21,823] {logging_mixin.py:115} INFO - [2022-07-25 10:59:21,823] {dag.py:2968} INFO - Setting next_dagrun for example_subdag_operator.section-2 to None, run_after=None
[2022-07-25 10:59:21,826] {logging_mixin.py:115} INFO - [2022-07-25 10:59:21,826] {dag.py:2420} INFO - Sync 2 DAGs
[2022-07-25 10:59:21,828] {logging_mixin.py:115} INFO - [2022-07-25 10:59:21,828] {dag.py:2968} INFO - Setting next_dagrun for example_subdag_operator.section-1 to None, run_after=None
[2022-07-25 10:59:21,828] {logging_mixin.py:115} INFO - [2022-07-25 10:59:21,828] {dag.py:2968} INFO - Setting next_dagrun for example_subdag_operator.section-2 to None, run_after=None
[2022-07-25 10:59:21,835] {processor.py:161} INFO - Processing /home/hp/miniconda3/envs/airflow_env/lib/python3.8/site-packages/airflow/example_dags/example_subdag_operator.py took 0.043 seconds
[2022-07-25 10:59:55,065] {processor.py:153} INFO - Started process (PID=58089) to work on /home/hp/miniconda3/envs/airflow_env/lib/python3.8/site-packages/airflow/example_dags/example_subdag_operator.py
[2022-07-25 10:59:55,066] {processor.py:641} INFO - Processing file /home/hp/miniconda3/envs/airflow_env/lib/python3.8/site-packages/airflow/example_dags/example_subdag_operator.py for tasks to queue
[2022-07-25 10:59:55,066] {logging_mixin.py:115} INFO - [2022-07-25 10:59:55,066] {dagbag.py:508} INFO - Filling up the DagBag from /home/hp/miniconda3/envs/airflow_env/lib/python3.8/site-packages/airflow/example_dags/example_subdag_operator.py
[2022-07-25 10:59:55,077] {processor.py:651} INFO - DAG(s) dict_keys(['example_subdag_operator.section-1', 'example_subdag_operator.section-2', 'example_subdag_operator']) retrieved from /home/hp/miniconda3/envs/airflow_env/lib/python3.8/site-packages/airflow/example_dags/example_subdag_operator.py
[2022-07-25 10:59:55,085] {logging_mixin.py:115} INFO - [2022-07-25 10:59:55,085] {dag.py:2420} INFO - Sync 3 DAGs
[2022-07-25 10:59:55,093] {logging_mixin.py:115} INFO - [2022-07-25 10:59:55,093] {dag.py:2968} INFO - Setting next_dagrun for example_subdag_operator to 2022-01-01T00:00:00+00:00, run_after=2022-01-01T00:00:00+00:00
[2022-07-25 10:59:55,093] {logging_mixin.py:115} INFO - [2022-07-25 10:59:55,093] {dag.py:2968} INFO - Setting next_dagrun for example_subdag_operator.section-1 to None, run_after=None
[2022-07-25 10:59:55,093] {logging_mixin.py:115} INFO - [2022-07-25 10:59:55,093] {dag.py:2968} INFO - Setting next_dagrun for example_subdag_operator.section-2 to None, run_after=None
[2022-07-25 10:59:55,096] {logging_mixin.py:115} INFO - [2022-07-25 10:59:55,096] {dag.py:2420} INFO - Sync 2 DAGs
[2022-07-25 10:59:55,098] {logging_mixin.py:115} INFO - [2022-07-25 10:59:55,098] {dag.py:2968} INFO - Setting next_dagrun for example_subdag_operator.section-1 to None, run_after=None
[2022-07-25 10:59:55,098] {logging_mixin.py:115} INFO - [2022-07-25 10:59:55,098] {dag.py:2968} INFO - Setting next_dagrun for example_subdag_operator.section-2 to None, run_after=None
[2022-07-25 10:59:55,105] {processor.py:161} INFO - Processing /home/hp/miniconda3/envs/airflow_env/lib/python3.8/site-packages/airflow/example_dags/example_subdag_operator.py took 0.041 seconds
[2022-07-25 11:00:29,952] {processor.py:153} INFO - Started process (PID=59532) to work on /home/hp/miniconda3/envs/airflow_env/lib/python3.8/site-packages/airflow/example_dags/example_subdag_operator.py
[2022-07-25 11:00:29,952] {processor.py:641} INFO - Processing file /home/hp/miniconda3/envs/airflow_env/lib/python3.8/site-packages/airflow/example_dags/example_subdag_operator.py for tasks to queue
[2022-07-25 11:00:29,953] {logging_mixin.py:115} INFO - [2022-07-25 11:00:29,953] {dagbag.py:508} INFO - Filling up the DagBag from /home/hp/miniconda3/envs/airflow_env/lib/python3.8/site-packages/airflow/example_dags/example_subdag_operator.py
[2022-07-25 11:00:29,969] {processor.py:651} INFO - DAG(s) dict_keys(['example_subdag_operator.section-1', 'example_subdag_operator.section-2', 'example_subdag_operator']) retrieved from /home/hp/miniconda3/envs/airflow_env/lib/python3.8/site-packages/airflow/example_dags/example_subdag_operator.py
[2022-07-25 11:00:29,978] {logging_mixin.py:115} INFO - [2022-07-25 11:00:29,978] {dag.py:2420} INFO - Sync 3 DAGs
[2022-07-25 11:00:29,985] {logging_mixin.py:115} INFO - [2022-07-25 11:00:29,985] {dag.py:2968} INFO - Setting next_dagrun for example_subdag_operator to 2022-01-01T00:00:00+00:00, run_after=2022-01-01T00:00:00+00:00
[2022-07-25 11:00:29,985] {logging_mixin.py:115} INFO - [2022-07-25 11:00:29,985] {dag.py:2968} INFO - Setting next_dagrun for example_subdag_operator.section-1 to None, run_after=None
[2022-07-25 11:00:29,986] {logging_mixin.py:115} INFO - [2022-07-25 11:00:29,986] {dag.py:2968} INFO - Setting next_dagrun for example_subdag_operator.section-2 to None, run_after=None
[2022-07-25 11:00:29,989] {logging_mixin.py:115} INFO - [2022-07-25 11:00:29,989] {dag.py:2420} INFO - Sync 2 DAGs
[2022-07-25 11:00:29,990] {logging_mixin.py:115} INFO - [2022-07-25 11:00:29,990] {dag.py:2968} INFO - Setting next_dagrun for example_subdag_operator.section-1 to None, run_after=None
[2022-07-25 11:00:29,991] {logging_mixin.py:115} INFO - [2022-07-25 11:00:29,990] {dag.py:2968} INFO - Setting next_dagrun for example_subdag_operator.section-2 to None, run_after=None
[2022-07-25 11:00:29,997] {processor.py:161} INFO - Processing /home/hp/miniconda3/envs/airflow_env/lib/python3.8/site-packages/airflow/example_dags/example_subdag_operator.py took 0.048 seconds
[2022-07-25 11:01:05,301] {processor.py:153} INFO - Started process (PID=59776) to work on /home/hp/miniconda3/envs/airflow_env/lib/python3.8/site-packages/airflow/example_dags/example_subdag_operator.py
[2022-07-25 11:01:05,303] {processor.py:641} INFO - Processing file /home/hp/miniconda3/envs/airflow_env/lib/python3.8/site-packages/airflow/example_dags/example_subdag_operator.py for tasks to queue
[2022-07-25 11:01:05,303] {logging_mixin.py:115} INFO - [2022-07-25 11:01:05,303] {dagbag.py:508} INFO - Filling up the DagBag from /home/hp/miniconda3/envs/airflow_env/lib/python3.8/site-packages/airflow/example_dags/example_subdag_operator.py
[2022-07-25 11:01:05,317] {processor.py:651} INFO - DAG(s) dict_keys(['example_subdag_operator.section-1', 'example_subdag_operator.section-2', 'example_subdag_operator']) retrieved from /home/hp/miniconda3/envs/airflow_env/lib/python3.8/site-packages/airflow/example_dags/example_subdag_operator.py
[2022-07-25 11:01:05,327] {logging_mixin.py:115} INFO - [2022-07-25 11:01:05,327] {dag.py:2420} INFO - Sync 3 DAGs
[2022-07-25 11:01:05,335] {logging_mixin.py:115} INFO - [2022-07-25 11:01:05,335] {dag.py:2968} INFO - Setting next_dagrun for example_subdag_operator to 2022-01-01T00:00:00+00:00, run_after=2022-01-01T00:00:00+00:00
[2022-07-25 11:01:05,335] {logging_mixin.py:115} INFO - [2022-07-25 11:01:05,335] {dag.py:2968} INFO - Setting next_dagrun for example_subdag_operator.section-1 to None, run_after=None
[2022-07-25 11:01:05,335] {logging_mixin.py:115} INFO - [2022-07-25 11:01:05,335] {dag.py:2968} INFO - Setting next_dagrun for example_subdag_operator.section-2 to None, run_after=None
[2022-07-25 11:01:05,339] {logging_mixin.py:115} INFO - [2022-07-25 11:01:05,339] {dag.py:2420} INFO - Sync 2 DAGs
[2022-07-25 11:01:05,340] {logging_mixin.py:115} INFO - [2022-07-25 11:01:05,340] {dag.py:2968} INFO - Setting next_dagrun for example_subdag_operator.section-1 to None, run_after=None
[2022-07-25 11:01:05,341] {logging_mixin.py:115} INFO - [2022-07-25 11:01:05,340] {dag.py:2968} INFO - Setting next_dagrun for example_subdag_operator.section-2 to None, run_after=None
[2022-07-25 11:01:05,347] {processor.py:161} INFO - Processing /home/hp/miniconda3/envs/airflow_env/lib/python3.8/site-packages/airflow/example_dags/example_subdag_operator.py took 0.050 seconds
[2022-07-25 11:01:39,808] {processor.py:153} INFO - Started process (PID=59927) to work on /home/hp/miniconda3/envs/airflow_env/lib/python3.8/site-packages/airflow/example_dags/example_subdag_operator.py
[2022-07-25 11:01:39,808] {processor.py:641} INFO - Processing file /home/hp/miniconda3/envs/airflow_env/lib/python3.8/site-packages/airflow/example_dags/example_subdag_operator.py for tasks to queue
[2022-07-25 11:01:39,809] {logging_mixin.py:115} INFO - [2022-07-25 11:01:39,809] {dagbag.py:508} INFO - Filling up the DagBag from /home/hp/miniconda3/envs/airflow_env/lib/python3.8/site-packages/airflow/example_dags/example_subdag_operator.py
[2022-07-25 11:01:39,820] {processor.py:651} INFO - DAG(s) dict_keys(['example_subdag_operator.section-1', 'example_subdag_operator.section-2', 'example_subdag_operator']) retrieved from /home/hp/miniconda3/envs/airflow_env/lib/python3.8/site-packages/airflow/example_dags/example_subdag_operator.py
[2022-07-25 11:01:39,829] {logging_mixin.py:115} INFO - [2022-07-25 11:01:39,829] {dag.py:2420} INFO - Sync 3 DAGs
[2022-07-25 11:01:39,837] {logging_mixin.py:115} INFO - [2022-07-25 11:01:39,837] {dag.py:2968} INFO - Setting next_dagrun for example_subdag_operator to 2022-01-01T00:00:00+00:00, run_after=2022-01-01T00:00:00+00:00
[2022-07-25 11:01:39,837] {logging_mixin.py:115} INFO - [2022-07-25 11:01:39,837] {dag.py:2968} INFO - Setting next_dagrun for example_subdag_operator.section-1 to None, run_after=None
[2022-07-25 11:01:39,837] {logging_mixin.py:115} INFO - [2022-07-25 11:01:39,837] {dag.py:2968} INFO - Setting next_dagrun for example_subdag_operator.section-2 to None, run_after=None
[2022-07-25 11:01:39,840] {logging_mixin.py:115} INFO - [2022-07-25 11:01:39,840] {dag.py:2420} INFO - Sync 2 DAGs
[2022-07-25 11:01:39,842] {logging_mixin.py:115} INFO - [2022-07-25 11:01:39,842] {dag.py:2968} INFO - Setting next_dagrun for example_subdag_operator.section-1 to None, run_after=None
[2022-07-25 11:01:39,842] {logging_mixin.py:115} INFO - [2022-07-25 11:01:39,842] {dag.py:2968} INFO - Setting next_dagrun for example_subdag_operator.section-2 to None, run_after=None
[2022-07-25 11:01:39,849] {processor.py:161} INFO - Processing /home/hp/miniconda3/envs/airflow_env/lib/python3.8/site-packages/airflow/example_dags/example_subdag_operator.py took 0.043 seconds
[2022-07-25 11:02:17,048] {processor.py:153} INFO - Started process (PID=60152) to work on /home/hp/miniconda3/envs/airflow_env/lib/python3.8/site-packages/airflow/example_dags/example_subdag_operator.py
[2022-07-25 11:02:17,049] {processor.py:641} INFO - Processing file /home/hp/miniconda3/envs/airflow_env/lib/python3.8/site-packages/airflow/example_dags/example_subdag_operator.py for tasks to queue
[2022-07-25 11:02:17,050] {logging_mixin.py:115} INFO - [2022-07-25 11:02:17,050] {dagbag.py:508} INFO - Filling up the DagBag from /home/hp/miniconda3/envs/airflow_env/lib/python3.8/site-packages/airflow/example_dags/example_subdag_operator.py
[2022-07-25 11:02:17,065] {processor.py:651} INFO - DAG(s) dict_keys(['example_subdag_operator.section-1', 'example_subdag_operator.section-2', 'example_subdag_operator']) retrieved from /home/hp/miniconda3/envs/airflow_env/lib/python3.8/site-packages/airflow/example_dags/example_subdag_operator.py
[2022-07-25 11:02:17,074] {logging_mixin.py:115} INFO - [2022-07-25 11:02:17,074] {dag.py:2420} INFO - Sync 3 DAGs
[2022-07-25 11:02:17,082] {logging_mixin.py:115} INFO - [2022-07-25 11:02:17,081] {dag.py:2968} INFO - Setting next_dagrun for example_subdag_operator to 2022-01-01T00:00:00+00:00, run_after=2022-01-01T00:00:00+00:00
[2022-07-25 11:02:17,082] {logging_mixin.py:115} INFO - [2022-07-25 11:02:17,082] {dag.py:2968} INFO - Setting next_dagrun for example_subdag_operator.section-1 to None, run_after=None
[2022-07-25 11:02:17,082] {logging_mixin.py:115} INFO - [2022-07-25 11:02:17,082] {dag.py:2968} INFO - Setting next_dagrun for example_subdag_operator.section-2 to None, run_after=None
[2022-07-25 11:02:17,085] {logging_mixin.py:115} INFO - [2022-07-25 11:02:17,085] {dag.py:2420} INFO - Sync 2 DAGs
[2022-07-25 11:02:17,087] {logging_mixin.py:115} INFO - [2022-07-25 11:02:17,087] {dag.py:2968} INFO - Setting next_dagrun for example_subdag_operator.section-1 to None, run_after=None
[2022-07-25 11:02:17,087] {logging_mixin.py:115} INFO - [2022-07-25 11:02:17,087] {dag.py:2968} INFO - Setting next_dagrun for example_subdag_operator.section-2 to None, run_after=None
[2022-07-25 11:02:17,093] {processor.py:161} INFO - Processing /home/hp/miniconda3/envs/airflow_env/lib/python3.8/site-packages/airflow/example_dags/example_subdag_operator.py took 0.049 seconds
[2022-07-25 11:02:51,214] {processor.py:153} INFO - Started process (PID=61521) to work on /home/hp/miniconda3/envs/airflow_env/lib/python3.8/site-packages/airflow/example_dags/example_subdag_operator.py
[2022-07-25 11:02:51,215] {processor.py:641} INFO - Processing file /home/hp/miniconda3/envs/airflow_env/lib/python3.8/site-packages/airflow/example_dags/example_subdag_operator.py for tasks to queue
[2022-07-25 11:02:51,216] {logging_mixin.py:115} INFO - [2022-07-25 11:02:51,216] {dagbag.py:508} INFO - Filling up the DagBag from /home/hp/miniconda3/envs/airflow_env/lib/python3.8/site-packages/airflow/example_dags/example_subdag_operator.py
[2022-07-25 11:02:51,233] {processor.py:651} INFO - DAG(s) dict_keys(['example_subdag_operator.section-1', 'example_subdag_operator.section-2', 'example_subdag_operator']) retrieved from /home/hp/miniconda3/envs/airflow_env/lib/python3.8/site-packages/airflow/example_dags/example_subdag_operator.py
[2022-07-25 11:02:51,241] {logging_mixin.py:115} INFO - [2022-07-25 11:02:51,241] {dag.py:2420} INFO - Sync 3 DAGs
[2022-07-25 11:02:51,249] {logging_mixin.py:115} INFO - [2022-07-25 11:02:51,249] {dag.py:2968} INFO - Setting next_dagrun for example_subdag_operator to 2022-01-01T00:00:00+00:00, run_after=2022-01-01T00:00:00+00:00
[2022-07-25 11:02:51,249] {logging_mixin.py:115} INFO - [2022-07-25 11:02:51,249] {dag.py:2968} INFO - Setting next_dagrun for example_subdag_operator.section-1 to None, run_after=None
[2022-07-25 11:02:51,249] {logging_mixin.py:115} INFO - [2022-07-25 11:02:51,249] {dag.py:2968} INFO - Setting next_dagrun for example_subdag_operator.section-2 to None, run_after=None
[2022-07-25 11:02:51,254] {logging_mixin.py:115} INFO - [2022-07-25 11:02:51,253] {dag.py:2420} INFO - Sync 2 DAGs
[2022-07-25 11:02:51,256] {logging_mixin.py:115} INFO - [2022-07-25 11:02:51,256] {dag.py:2968} INFO - Setting next_dagrun for example_subdag_operator.section-1 to None, run_after=None
[2022-07-25 11:02:51,256] {logging_mixin.py:115} INFO - [2022-07-25 11:02:51,256] {dag.py:2968} INFO - Setting next_dagrun for example_subdag_operator.section-2 to None, run_after=None
[2022-07-25 11:02:51,264] {processor.py:161} INFO - Processing /home/hp/miniconda3/envs/airflow_env/lib/python3.8/site-packages/airflow/example_dags/example_subdag_operator.py took 0.051 seconds
[2022-07-25 11:03:27,785] {processor.py:153} INFO - Started process (PID=61784) to work on /home/hp/miniconda3/envs/airflow_env/lib/python3.8/site-packages/airflow/example_dags/example_subdag_operator.py
[2022-07-25 11:03:27,786] {processor.py:641} INFO - Processing file /home/hp/miniconda3/envs/airflow_env/lib/python3.8/site-packages/airflow/example_dags/example_subdag_operator.py for tasks to queue
[2022-07-25 11:03:27,787] {logging_mixin.py:115} INFO - [2022-07-25 11:03:27,787] {dagbag.py:508} INFO - Filling up the DagBag from /home/hp/miniconda3/envs/airflow_env/lib/python3.8/site-packages/airflow/example_dags/example_subdag_operator.py
[2022-07-25 11:03:27,802] {processor.py:651} INFO - DAG(s) dict_keys(['example_subdag_operator.section-1', 'example_subdag_operator.section-2', 'example_subdag_operator']) retrieved from /home/hp/miniconda3/envs/airflow_env/lib/python3.8/site-packages/airflow/example_dags/example_subdag_operator.py
[2022-07-25 11:03:27,810] {logging_mixin.py:115} INFO - [2022-07-25 11:03:27,810] {dag.py:2420} INFO - Sync 3 DAGs
[2022-07-25 11:03:27,819] {logging_mixin.py:115} INFO - [2022-07-25 11:03:27,819] {dag.py:2968} INFO - Setting next_dagrun for example_subdag_operator to 2022-01-01T00:00:00+00:00, run_after=2022-01-01T00:00:00+00:00
[2022-07-25 11:03:27,819] {logging_mixin.py:115} INFO - [2022-07-25 11:03:27,819] {dag.py:2968} INFO - Setting next_dagrun for example_subdag_operator.section-1 to None, run_after=None
[2022-07-25 11:03:27,819] {logging_mixin.py:115} INFO - [2022-07-25 11:03:27,819] {dag.py:2968} INFO - Setting next_dagrun for example_subdag_operator.section-2 to None, run_after=None
[2022-07-25 11:03:27,821] {logging_mixin.py:115} INFO - [2022-07-25 11:03:27,821] {dag.py:2420} INFO - Sync 2 DAGs
[2022-07-25 11:03:27,823] {logging_mixin.py:115} INFO - [2022-07-25 11:03:27,823] {dag.py:2968} INFO - Setting next_dagrun for example_subdag_operator.section-1 to None, run_after=None
[2022-07-25 11:03:27,823] {logging_mixin.py:115} INFO - [2022-07-25 11:03:27,823] {dag.py:2968} INFO - Setting next_dagrun for example_subdag_operator.section-2 to None, run_after=None
[2022-07-25 11:03:27,832] {processor.py:161} INFO - Processing /home/hp/miniconda3/envs/airflow_env/lib/python3.8/site-packages/airflow/example_dags/example_subdag_operator.py took 0.051 seconds
[2022-07-25 11:04:04,314] {processor.py:153} INFO - Started process (PID=62033) to work on /home/hp/miniconda3/envs/airflow_env/lib/python3.8/site-packages/airflow/example_dags/example_subdag_operator.py
[2022-07-25 11:04:04,315] {processor.py:641} INFO - Processing file /home/hp/miniconda3/envs/airflow_env/lib/python3.8/site-packages/airflow/example_dags/example_subdag_operator.py for tasks to queue
[2022-07-25 11:04:04,316] {logging_mixin.py:115} INFO - [2022-07-25 11:04:04,316] {dagbag.py:508} INFO - Filling up the DagBag from /home/hp/miniconda3/envs/airflow_env/lib/python3.8/site-packages/airflow/example_dags/example_subdag_operator.py
[2022-07-25 11:04:04,333] {processor.py:651} INFO - DAG(s) dict_keys(['example_subdag_operator.section-1', 'example_subdag_operator.section-2', 'example_subdag_operator']) retrieved from /home/hp/miniconda3/envs/airflow_env/lib/python3.8/site-packages/airflow/example_dags/example_subdag_operator.py
[2022-07-25 11:04:04,341] {logging_mixin.py:115} INFO - [2022-07-25 11:04:04,341] {dag.py:2420} INFO - Sync 3 DAGs
[2022-07-25 11:04:04,350] {logging_mixin.py:115} INFO - [2022-07-25 11:04:04,350] {dag.py:2968} INFO - Setting next_dagrun for example_subdag_operator to 2022-01-01T00:00:00+00:00, run_after=2022-01-01T00:00:00+00:00
[2022-07-25 11:04:04,350] {logging_mixin.py:115} INFO - [2022-07-25 11:04:04,350] {dag.py:2968} INFO - Setting next_dagrun for example_subdag_operator.section-1 to None, run_after=None
[2022-07-25 11:04:04,350] {logging_mixin.py:115} INFO - [2022-07-25 11:04:04,350] {dag.py:2968} INFO - Setting next_dagrun for example_subdag_operator.section-2 to None, run_after=None
[2022-07-25 11:04:04,352] {logging_mixin.py:115} INFO - [2022-07-25 11:04:04,352] {dag.py:2420} INFO - Sync 2 DAGs
[2022-07-25 11:04:04,354] {logging_mixin.py:115} INFO - [2022-07-25 11:04:04,354] {dag.py:2968} INFO - Setting next_dagrun for example_subdag_operator.section-1 to None, run_after=None
[2022-07-25 11:04:04,354] {logging_mixin.py:115} INFO - [2022-07-25 11:04:04,354] {dag.py:2968} INFO - Setting next_dagrun for example_subdag_operator.section-2 to None, run_after=None
[2022-07-25 11:04:04,361] {processor.py:161} INFO - Processing /home/hp/miniconda3/envs/airflow_env/lib/python3.8/site-packages/airflow/example_dags/example_subdag_operator.py took 0.051 seconds
[2022-07-25 11:04:38,444] {processor.py:153} INFO - Started process (PID=62249) to work on /home/hp/miniconda3/envs/airflow_env/lib/python3.8/site-packages/airflow/example_dags/example_subdag_operator.py
[2022-07-25 11:04:38,445] {processor.py:641} INFO - Processing file /home/hp/miniconda3/envs/airflow_env/lib/python3.8/site-packages/airflow/example_dags/example_subdag_operator.py for tasks to queue
[2022-07-25 11:04:38,445] {logging_mixin.py:115} INFO - [2022-07-25 11:04:38,445] {dagbag.py:508} INFO - Filling up the DagBag from /home/hp/miniconda3/envs/airflow_env/lib/python3.8/site-packages/airflow/example_dags/example_subdag_operator.py
[2022-07-25 11:04:38,455] {processor.py:651} INFO - DAG(s) dict_keys(['example_subdag_operator.section-1', 'example_subdag_operator.section-2', 'example_subdag_operator']) retrieved from /home/hp/miniconda3/envs/airflow_env/lib/python3.8/site-packages/airflow/example_dags/example_subdag_operator.py
[2022-07-25 11:04:38,465] {logging_mixin.py:115} INFO - [2022-07-25 11:04:38,464] {dag.py:2420} INFO - Sync 3 DAGs
[2022-07-25 11:04:38,474] {logging_mixin.py:115} INFO - [2022-07-25 11:04:38,474] {dag.py:2968} INFO - Setting next_dagrun for example_subdag_operator to 2022-01-01T00:00:00+00:00, run_after=2022-01-01T00:00:00+00:00
[2022-07-25 11:04:38,474] {logging_mixin.py:115} INFO - [2022-07-25 11:04:38,474] {dag.py:2968} INFO - Setting next_dagrun for example_subdag_operator.section-1 to None, run_after=None
[2022-07-25 11:04:38,474] {logging_mixin.py:115} INFO - [2022-07-25 11:04:38,474] {dag.py:2968} INFO - Setting next_dagrun for example_subdag_operator.section-2 to None, run_after=None
[2022-07-25 11:04:38,476] {logging_mixin.py:115} INFO - [2022-07-25 11:04:38,476] {dag.py:2420} INFO - Sync 2 DAGs
[2022-07-25 11:04:38,478] {logging_mixin.py:115} INFO - [2022-07-25 11:04:38,478] {dag.py:2968} INFO - Setting next_dagrun for example_subdag_operator.section-1 to None, run_after=None
[2022-07-25 11:04:38,478] {logging_mixin.py:115} INFO - [2022-07-25 11:04:38,478] {dag.py:2968} INFO - Setting next_dagrun for example_subdag_operator.section-2 to None, run_after=None
[2022-07-25 11:04:38,489] {processor.py:161} INFO - Processing /home/hp/miniconda3/envs/airflow_env/lib/python3.8/site-packages/airflow/example_dags/example_subdag_operator.py took 0.047 seconds
[2022-07-25 11:05:14,129] {processor.py:153} INFO - Started process (PID=62567) to work on /home/hp/miniconda3/envs/airflow_env/lib/python3.8/site-packages/airflow/example_dags/example_subdag_operator.py
[2022-07-25 11:05:14,129] {processor.py:641} INFO - Processing file /home/hp/miniconda3/envs/airflow_env/lib/python3.8/site-packages/airflow/example_dags/example_subdag_operator.py for tasks to queue
[2022-07-25 11:05:14,130] {logging_mixin.py:115} INFO - [2022-07-25 11:05:14,130] {dagbag.py:508} INFO - Filling up the DagBag from /home/hp/miniconda3/envs/airflow_env/lib/python3.8/site-packages/airflow/example_dags/example_subdag_operator.py
[2022-07-25 11:05:14,148] {processor.py:651} INFO - DAG(s) dict_keys(['example_subdag_operator.section-1', 'example_subdag_operator.section-2', 'example_subdag_operator']) retrieved from /home/hp/miniconda3/envs/airflow_env/lib/python3.8/site-packages/airflow/example_dags/example_subdag_operator.py
[2022-07-25 11:05:14,157] {logging_mixin.py:115} INFO - [2022-07-25 11:05:14,157] {dag.py:2420} INFO - Sync 3 DAGs
[2022-07-25 11:05:14,166] {logging_mixin.py:115} INFO - [2022-07-25 11:05:14,166] {dag.py:2968} INFO - Setting next_dagrun for example_subdag_operator to 2022-01-01T00:00:00+00:00, run_after=2022-01-01T00:00:00+00:00
[2022-07-25 11:05:14,166] {logging_mixin.py:115} INFO - [2022-07-25 11:05:14,166] {dag.py:2968} INFO - Setting next_dagrun for example_subdag_operator.section-1 to None, run_after=None
[2022-07-25 11:05:14,166] {logging_mixin.py:115} INFO - [2022-07-25 11:05:14,166] {dag.py:2968} INFO - Setting next_dagrun for example_subdag_operator.section-2 to None, run_after=None
[2022-07-25 11:05:14,168] {logging_mixin.py:115} INFO - [2022-07-25 11:05:14,168] {dag.py:2420} INFO - Sync 2 DAGs
[2022-07-25 11:05:14,170] {logging_mixin.py:115} INFO - [2022-07-25 11:05:14,170] {dag.py:2968} INFO - Setting next_dagrun for example_subdag_operator.section-1 to None, run_after=None
[2022-07-25 11:05:14,170] {logging_mixin.py:115} INFO - [2022-07-25 11:05:14,170] {dag.py:2968} INFO - Setting next_dagrun for example_subdag_operator.section-2 to None, run_after=None
[2022-07-25 11:05:14,176] {processor.py:161} INFO - Processing /home/hp/miniconda3/envs/airflow_env/lib/python3.8/site-packages/airflow/example_dags/example_subdag_operator.py took 0.051 seconds
[2022-07-25 11:05:47,227] {processor.py:153} INFO - Started process (PID=62764) to work on /home/hp/miniconda3/envs/airflow_env/lib/python3.8/site-packages/airflow/example_dags/example_subdag_operator.py
[2022-07-25 11:05:47,228] {processor.py:641} INFO - Processing file /home/hp/miniconda3/envs/airflow_env/lib/python3.8/site-packages/airflow/example_dags/example_subdag_operator.py for tasks to queue
[2022-07-25 11:05:47,228] {logging_mixin.py:115} INFO - [2022-07-25 11:05:47,228] {dagbag.py:508} INFO - Filling up the DagBag from /home/hp/miniconda3/envs/airflow_env/lib/python3.8/site-packages/airflow/example_dags/example_subdag_operator.py
[2022-07-25 11:05:47,241] {processor.py:651} INFO - DAG(s) dict_keys(['example_subdag_operator.section-1', 'example_subdag_operator.section-2', 'example_subdag_operator']) retrieved from /home/hp/miniconda3/envs/airflow_env/lib/python3.8/site-packages/airflow/example_dags/example_subdag_operator.py
[2022-07-25 11:05:47,250] {logging_mixin.py:115} INFO - [2022-07-25 11:05:47,250] {dag.py:2420} INFO - Sync 3 DAGs
[2022-07-25 11:05:47,258] {logging_mixin.py:115} INFO - [2022-07-25 11:05:47,258] {dag.py:2968} INFO - Setting next_dagrun for example_subdag_operator to 2022-01-01T00:00:00+00:00, run_after=2022-01-01T00:00:00+00:00
[2022-07-25 11:05:47,258] {logging_mixin.py:115} INFO - [2022-07-25 11:05:47,258] {dag.py:2968} INFO - Setting next_dagrun for example_subdag_operator.section-1 to None, run_after=None
[2022-07-25 11:05:47,259] {logging_mixin.py:115} INFO - [2022-07-25 11:05:47,259] {dag.py:2968} INFO - Setting next_dagrun for example_subdag_operator.section-2 to None, run_after=None
[2022-07-25 11:05:47,261] {logging_mixin.py:115} INFO - [2022-07-25 11:05:47,261] {dag.py:2420} INFO - Sync 2 DAGs
[2022-07-25 11:05:47,262] {logging_mixin.py:115} INFO - [2022-07-25 11:05:47,262] {dag.py:2968} INFO - Setting next_dagrun for example_subdag_operator.section-1 to None, run_after=None
[2022-07-25 11:05:47,263] {logging_mixin.py:115} INFO - [2022-07-25 11:05:47,263] {dag.py:2968} INFO - Setting next_dagrun for example_subdag_operator.section-2 to None, run_after=None
[2022-07-25 11:05:47,269] {processor.py:161} INFO - Processing /home/hp/miniconda3/envs/airflow_env/lib/python3.8/site-packages/airflow/example_dags/example_subdag_operator.py took 0.044 seconds
[2022-07-25 11:06:22,761] {processor.py:153} INFO - Started process (PID=63017) to work on /home/hp/miniconda3/envs/airflow_env/lib/python3.8/site-packages/airflow/example_dags/example_subdag_operator.py
[2022-07-25 11:06:22,762] {processor.py:641} INFO - Processing file /home/hp/miniconda3/envs/airflow_env/lib/python3.8/site-packages/airflow/example_dags/example_subdag_operator.py for tasks to queue
[2022-07-25 11:06:22,763] {logging_mixin.py:115} INFO - [2022-07-25 11:06:22,763] {dagbag.py:508} INFO - Filling up the DagBag from /home/hp/miniconda3/envs/airflow_env/lib/python3.8/site-packages/airflow/example_dags/example_subdag_operator.py
[2022-07-25 11:06:22,780] {processor.py:651} INFO - DAG(s) dict_keys(['example_subdag_operator.section-1', 'example_subdag_operator.section-2', 'example_subdag_operator']) retrieved from /home/hp/miniconda3/envs/airflow_env/lib/python3.8/site-packages/airflow/example_dags/example_subdag_operator.py
[2022-07-25 11:06:22,789] {logging_mixin.py:115} INFO - [2022-07-25 11:06:22,789] {dag.py:2420} INFO - Sync 3 DAGs
[2022-07-25 11:06:22,797] {logging_mixin.py:115} INFO - [2022-07-25 11:06:22,797] {dag.py:2968} INFO - Setting next_dagrun for example_subdag_operator to 2022-01-01T00:00:00+00:00, run_after=2022-01-01T00:00:00+00:00
[2022-07-25 11:06:22,797] {logging_mixin.py:115} INFO - [2022-07-25 11:06:22,797] {dag.py:2968} INFO - Setting next_dagrun for example_subdag_operator.section-1 to None, run_after=None
[2022-07-25 11:06:22,797] {logging_mixin.py:115} INFO - [2022-07-25 11:06:22,797] {dag.py:2968} INFO - Setting next_dagrun for example_subdag_operator.section-2 to None, run_after=None
[2022-07-25 11:06:22,799] {logging_mixin.py:115} INFO - [2022-07-25 11:06:22,799] {dag.py:2420} INFO - Sync 2 DAGs
[2022-07-25 11:06:22,801] {logging_mixin.py:115} INFO - [2022-07-25 11:06:22,801] {dag.py:2968} INFO - Setting next_dagrun for example_subdag_operator.section-1 to None, run_after=None
[2022-07-25 11:06:22,801] {logging_mixin.py:115} INFO - [2022-07-25 11:06:22,801] {dag.py:2968} INFO - Setting next_dagrun for example_subdag_operator.section-2 to None, run_after=None
[2022-07-25 11:06:22,808] {processor.py:161} INFO - Processing /home/hp/miniconda3/envs/airflow_env/lib/python3.8/site-packages/airflow/example_dags/example_subdag_operator.py took 0.051 seconds
[2022-07-25 11:06:57,677] {processor.py:153} INFO - Started process (PID=63333) to work on /home/hp/miniconda3/envs/airflow_env/lib/python3.8/site-packages/airflow/example_dags/example_subdag_operator.py
[2022-07-25 11:06:57,678] {processor.py:641} INFO - Processing file /home/hp/miniconda3/envs/airflow_env/lib/python3.8/site-packages/airflow/example_dags/example_subdag_operator.py for tasks to queue
[2022-07-25 11:06:57,678] {logging_mixin.py:115} INFO - [2022-07-25 11:06:57,678] {dagbag.py:508} INFO - Filling up the DagBag from /home/hp/miniconda3/envs/airflow_env/lib/python3.8/site-packages/airflow/example_dags/example_subdag_operator.py
[2022-07-25 11:06:57,690] {processor.py:651} INFO - DAG(s) dict_keys(['example_subdag_operator.section-1', 'example_subdag_operator.section-2', 'example_subdag_operator']) retrieved from /home/hp/miniconda3/envs/airflow_env/lib/python3.8/site-packages/airflow/example_dags/example_subdag_operator.py
[2022-07-25 11:06:57,703] {logging_mixin.py:115} INFO - [2022-07-25 11:06:57,703] {dag.py:2420} INFO - Sync 3 DAGs
[2022-07-25 11:06:57,715] {logging_mixin.py:115} INFO - [2022-07-25 11:06:57,715] {dag.py:2968} INFO - Setting next_dagrun for example_subdag_operator to 2022-01-01T00:00:00+00:00, run_after=2022-01-01T00:00:00+00:00
[2022-07-25 11:06:57,715] {logging_mixin.py:115} INFO - [2022-07-25 11:06:57,715] {dag.py:2968} INFO - Setting next_dagrun for example_subdag_operator.section-1 to None, run_after=None
[2022-07-25 11:06:57,715] {logging_mixin.py:115} INFO - [2022-07-25 11:06:57,715] {dag.py:2968} INFO - Setting next_dagrun for example_subdag_operator.section-2 to None, run_after=None
[2022-07-25 11:06:57,719] {logging_mixin.py:115} INFO - [2022-07-25 11:06:57,718] {dag.py:2420} INFO - Sync 2 DAGs
[2022-07-25 11:06:57,722] {logging_mixin.py:115} INFO - [2022-07-25 11:06:57,722] {dag.py:2968} INFO - Setting next_dagrun for example_subdag_operator.section-1 to None, run_after=None
[2022-07-25 11:06:57,723] {logging_mixin.py:115} INFO - [2022-07-25 11:06:57,723] {dag.py:2968} INFO - Setting next_dagrun for example_subdag_operator.section-2 to None, run_after=None
[2022-07-25 11:06:57,731] {processor.py:161} INFO - Processing /home/hp/miniconda3/envs/airflow_env/lib/python3.8/site-packages/airflow/example_dags/example_subdag_operator.py took 0.055 seconds
[2022-07-25 11:07:32,489] {processor.py:153} INFO - Started process (PID=63627) to work on /home/hp/miniconda3/envs/airflow_env/lib/python3.8/site-packages/airflow/example_dags/example_subdag_operator.py
[2022-07-25 11:07:32,490] {processor.py:641} INFO - Processing file /home/hp/miniconda3/envs/airflow_env/lib/python3.8/site-packages/airflow/example_dags/example_subdag_operator.py for tasks to queue
[2022-07-25 11:07:32,490] {logging_mixin.py:115} INFO - [2022-07-25 11:07:32,490] {dagbag.py:508} INFO - Filling up the DagBag from /home/hp/miniconda3/envs/airflow_env/lib/python3.8/site-packages/airflow/example_dags/example_subdag_operator.py
[2022-07-25 11:07:32,501] {processor.py:651} INFO - DAG(s) dict_keys(['example_subdag_operator.section-1', 'example_subdag_operator.section-2', 'example_subdag_operator']) retrieved from /home/hp/miniconda3/envs/airflow_env/lib/python3.8/site-packages/airflow/example_dags/example_subdag_operator.py
[2022-07-25 11:07:32,510] {logging_mixin.py:115} INFO - [2022-07-25 11:07:32,510] {dag.py:2420} INFO - Sync 3 DAGs
[2022-07-25 11:07:32,519] {logging_mixin.py:115} INFO - [2022-07-25 11:07:32,519] {dag.py:2968} INFO - Setting next_dagrun for example_subdag_operator to 2022-01-01T00:00:00+00:00, run_after=2022-01-01T00:00:00+00:00
[2022-07-25 11:07:32,519] {logging_mixin.py:115} INFO - [2022-07-25 11:07:32,519] {dag.py:2968} INFO - Setting next_dagrun for example_subdag_operator.section-1 to None, run_after=None
[2022-07-25 11:07:32,519] {logging_mixin.py:115} INFO - [2022-07-25 11:07:32,519] {dag.py:2968} INFO - Setting next_dagrun for example_subdag_operator.section-2 to None, run_after=None
[2022-07-25 11:07:32,521] {logging_mixin.py:115} INFO - [2022-07-25 11:07:32,521] {dag.py:2420} INFO - Sync 2 DAGs
[2022-07-25 11:07:32,523] {logging_mixin.py:115} INFO - [2022-07-25 11:07:32,523] {dag.py:2968} INFO - Setting next_dagrun for example_subdag_operator.section-1 to None, run_after=None
[2022-07-25 11:07:32,523] {logging_mixin.py:115} INFO - [2022-07-25 11:07:32,523] {dag.py:2968} INFO - Setting next_dagrun for example_subdag_operator.section-2 to None, run_after=None
[2022-07-25 11:07:32,532] {processor.py:161} INFO - Processing /home/hp/miniconda3/envs/airflow_env/lib/python3.8/site-packages/airflow/example_dags/example_subdag_operator.py took 0.046 seconds
[2022-07-25 11:08:07,516] {processor.py:153} INFO - Started process (PID=63960) to work on /home/hp/miniconda3/envs/airflow_env/lib/python3.8/site-packages/airflow/example_dags/example_subdag_operator.py
[2022-07-25 11:08:07,517] {processor.py:641} INFO - Processing file /home/hp/miniconda3/envs/airflow_env/lib/python3.8/site-packages/airflow/example_dags/example_subdag_operator.py for tasks to queue
[2022-07-25 11:08:07,517] {logging_mixin.py:115} INFO - [2022-07-25 11:08:07,517] {dagbag.py:508} INFO - Filling up the DagBag from /home/hp/miniconda3/envs/airflow_env/lib/python3.8/site-packages/airflow/example_dags/example_subdag_operator.py
[2022-07-25 11:08:07,527] {processor.py:651} INFO - DAG(s) dict_keys(['example_subdag_operator.section-1', 'example_subdag_operator.section-2', 'example_subdag_operator']) retrieved from /home/hp/miniconda3/envs/airflow_env/lib/python3.8/site-packages/airflow/example_dags/example_subdag_operator.py
[2022-07-25 11:08:07,537] {logging_mixin.py:115} INFO - [2022-07-25 11:08:07,536] {dag.py:2420} INFO - Sync 3 DAGs
[2022-07-25 11:08:07,546] {logging_mixin.py:115} INFO - [2022-07-25 11:08:07,545] {dag.py:2968} INFO - Setting next_dagrun for example_subdag_operator to 2022-01-01T00:00:00+00:00, run_after=2022-01-01T00:00:00+00:00
[2022-07-25 11:08:07,546] {logging_mixin.py:115} INFO - [2022-07-25 11:08:07,546] {dag.py:2968} INFO - Setting next_dagrun for example_subdag_operator.section-1 to None, run_after=None
[2022-07-25 11:08:07,546] {logging_mixin.py:115} INFO - [2022-07-25 11:08:07,546] {dag.py:2968} INFO - Setting next_dagrun for example_subdag_operator.section-2 to None, run_after=None
[2022-07-25 11:08:07,548] {logging_mixin.py:115} INFO - [2022-07-25 11:08:07,548] {dag.py:2420} INFO - Sync 2 DAGs
[2022-07-25 11:08:07,550] {logging_mixin.py:115} INFO - [2022-07-25 11:08:07,550] {dag.py:2968} INFO - Setting next_dagrun for example_subdag_operator.section-1 to None, run_after=None
[2022-07-25 11:08:07,550] {logging_mixin.py:115} INFO - [2022-07-25 11:08:07,550] {dag.py:2968} INFO - Setting next_dagrun for example_subdag_operator.section-2 to None, run_after=None
[2022-07-25 11:08:07,558] {processor.py:161} INFO - Processing /home/hp/miniconda3/envs/airflow_env/lib/python3.8/site-packages/airflow/example_dags/example_subdag_operator.py took 0.044 seconds
                                                                                                                                                                                                                                                                                                                                                                                                                                                                                                                                                                                                                                                                                                                                                                                                                                                                                                                                                                                                                                                                                                                                                                                                                                                                                                                                                                                                                                                                                                                                                                                                                                                                                                                                                                                                                                                                                                                                                                                                                                                                                                                                                                                                                                                                                                                                                                                                                           