[2022-07-25 03:02:46,859] {processor.py:153} INFO - Started process (PID=20851) to work on /home/hp/miniconda3/envs/airflow_env/lib/python3.8/site-packages/airflow/example_dags/example_bash_operator.py
[2022-07-25 03:02:46,859] {processor.py:641} INFO - Processing file /home/hp/miniconda3/envs/airflow_env/lib/python3.8/site-packages/airflow/example_dags/example_bash_operator.py for tasks to queue
[2022-07-25 03:02:46,860] {logging_mixin.py:115} INFO - [2022-07-25 03:02:46,860] {dagbag.py:508} INFO - Filling up the DagBag from /home/hp/miniconda3/envs/airflow_env/lib/python3.8/site-packages/airflow/example_dags/example_bash_operator.py
[2022-07-25 03:02:46,867] {processor.py:651} INFO - DAG(s) dict_keys(['example_bash_operator']) retrieved from /home/hp/miniconda3/envs/airflow_env/lib/python3.8/site-packages/airflow/example_dags/example_bash_operator.py
[2022-07-25 03:02:46,877] {logging_mixin.py:115} INFO - [2022-07-25 03:02:46,877] {dag.py:2420} INFO - Sync 1 DAGs
[2022-07-25 03:02:46,899] {logging_mixin.py:115} INFO - [2022-07-25 03:02:46,898] {dag.py:2968} INFO - Setting next_dagrun for example_bash_operator to 2022-07-24T00:00:00+00:00, run_after=2022-07-25T00:00:00+00:00
[2022-07-25 03:02:46,924] {processor.py:161} INFO - Processing /home/hp/miniconda3/envs/airflow_env/lib/python3.8/site-packages/airflow/example_dags/example_bash_operator.py took 0.066 seconds
[2022-07-25 03:07:24,690] {processor.py:153} INFO - Started process (PID=21444) to work on /home/hp/miniconda3/envs/airflow_env/lib/python3.8/site-packages/airflow/example_dags/example_bash_operator.py
[2022-07-25 03:07:24,691] {processor.py:641} INFO - Processing file /home/hp/miniconda3/envs/airflow_env/lib/python3.8/site-packages/airflow/example_dags/example_bash_operator.py for tasks to queue
[2022-07-25 03:07:24,692] {logging_mixin.py:115} INFO - [2022-07-25 03:07:24,692] {dagbag.py:508} INFO - Filling up the DagBag from /home/hp/miniconda3/envs/airflow_env/lib/python3.8/site-packages/airflow/example_dags/example_bash_operator.py
[2022-07-25 03:07:24,707] {processor.py:651} INFO - DAG(s) dict_keys(['example_bash_operator']) retrieved from /home/hp/miniconda3/envs/airflow_env/lib/python3.8/site-packages/airflow/example_dags/example_bash_operator.py
[2022-07-25 03:07:24,717] {logging_mixin.py:115} INFO - [2022-07-25 03:07:24,717] {dag.py:2420} INFO - Sync 1 DAGs
[2022-07-25 03:07:24,727] {logging_mixin.py:115} INFO - [2022-07-25 03:07:24,727] {dag.py:2968} INFO - Setting next_dagrun for example_bash_operator to 2022-07-24T00:00:00+00:00, run_after=2022-07-25T00:00:00+00:00
[2022-07-25 03:07:24,737] {processor.py:161} INFO - Processing /home/hp/miniconda3/envs/airflow_env/lib/python3.8/site-packages/airflow/example_dags/example_bash_operator.py took 0.051 seconds
[2022-07-25 03:12:51,973] {processor.py:153} INFO - Started process (PID=21948) to work on /home/hp/miniconda3/envs/airflow_env/lib/python3.8/site-packages/airflow/example_dags/example_bash_operator.py
[2022-07-25 03:12:51,975] {processor.py:641} INFO - Processing file /home/hp/miniconda3/envs/airflow_env/lib/python3.8/site-packages/airflow/example_dags/example_bash_operator.py for tasks to queue
[2022-07-25 03:12:51,975] {logging_mixin.py:115} INFO - [2022-07-25 03:12:51,975] {dagbag.py:508} INFO - Filling up the DagBag from /home/hp/miniconda3/envs/airflow_env/lib/python3.8/site-packages/airflow/example_dags/example_bash_operator.py
[2022-07-25 03:12:51,986] {processor.py:651} INFO - DAG(s) dict_keys(['example_bash_operator']) retrieved from /home/hp/miniconda3/envs/airflow_env/lib/python3.8/site-packages/airflow/example_dags/example_bash_operator.py
[2022-07-25 03:12:51,995] {logging_mixin.py:115} INFO - [2022-07-25 03:12:51,995] {dag.py:2420} INFO - Sync 1 DAGs
[2022-07-25 03:12:52,006] {logging_mixin.py:115} INFO - [2022-07-25 03:12:52,006] {dag.py:2968} INFO - Setting next_dagrun for example_bash_operator to 2022-07-24T00:00:00+00:00, run_after=2022-07-25T00:00:00+00:00
[2022-07-25 03:12:52,015] {processor.py:161} INFO - Processing /home/hp/miniconda3/envs/airflow_env/lib/python3.8/site-packages/airflow/example_dags/example_bash_operator.py took 0.046 seconds
[2022-07-25 03:18:14,330] {processor.py:153} INFO - Started process (PID=22367) to work on /home/hp/miniconda3/envs/airflow_env/lib/python3.8/site-packages/airflow/example_dags/example_bash_operator.py
[2022-07-25 03:18:14,331] {processor.py:641} INFO - Processing file /home/hp/miniconda3/envs/airflow_env/lib/python3.8/site-packages/airflow/example_dags/example_bash_operator.py for tasks to queue
[2022-07-25 03:18:14,332] {logging_mixin.py:115} INFO - [2022-07-25 03:18:14,332] {dagbag.py:508} INFO - Filling up the DagBag from /home/hp/miniconda3/envs/airflow_env/lib/python3.8/site-packages/airflow/example_dags/example_bash_operator.py
[2022-07-25 03:18:14,343] {processor.py:651} INFO - DAG(s) dict_keys(['example_bash_operator']) retrieved from /home/hp/miniconda3/envs/airflow_env/lib/python3.8/site-packages/airflow/example_dags/example_bash_operator.py
[2022-07-25 03:18:14,352] {logging_mixin.py:115} INFO - [2022-07-25 03:18:14,352] {dag.py:2420} INFO - Sync 1 DAGs
[2022-07-25 03:18:14,363] {logging_mixin.py:115} INFO - [2022-07-25 03:18:14,363] {dag.py:2968} INFO - Setting next_dagrun for example_bash_operator to 2022-07-24T00:00:00+00:00, run_after=2022-07-25T00:00:00+00:00
[2022-07-25 03:18:14,373] {processor.py:161} INFO - Processing /home/hp/miniconda3/envs/airflow_env/lib/python3.8/site-packages/airflow/example_dags/example_bash_operator.py took 0.044 seconds
[2022-07-25 03:28:24,598] {processor.py:153} INFO - Started process (PID=22922) to work on /home/hp/miniconda3/envs/airflow_env/lib/python3.8/site-packages/airflow/example_dags/example_bash_operator.py
[2022-07-25 03:28:24,599] {processor.py:641} INFO - Processing file /home/hp/miniconda3/envs/airflow_env/lib/python3.8/site-packages/airflow/example_dags/example_bash_operator.py for tasks to queue
[2022-07-25 03:28:24,599] {logging_mixin.py:115} INFO - [2022-07-25 03:28:24,599] {dagbag.py:508} INFO - Filling up the DagBag from /home/hp/miniconda3/envs/airflow_env/lib/python3.8/site-packages/airflow/example_dags/example_bash_operator.py
[2022-07-25 03:28:24,606] {processor.py:651} INFO - DAG(s) dict_keys(['example_bash_operator']) retrieved from /home/hp/miniconda3/envs/airflow_env/lib/python3.8/site-packages/airflow/example_dags/example_bash_operator.py
[2022-07-25 03:28:24,621] {logging_mixin.py:115} INFO - [2022-07-25 03:28:24,620] {dag.py:2420} INFO - Sync 1 DAGs
[2022-07-25 03:28:24,640] {logging_mixin.py:115} INFO - [2022-07-25 03:28:24,639] {dag.py:2968} INFO - Setting next_dagrun for example_bash_operator to 2022-07-24T00:00:00+00:00, run_after=2022-07-25T00:00:00+00:00
[2022-07-25 03:28:24,677] {processor.py:161} INFO - Processing /home/hp/miniconda3/envs/airflow_env/lib/python3.8/site-packages/airflow/example_dags/example_bash_operator.py took 0.080 seconds
[2022-07-25 03:30:35,924] {processor.py:153} INFO - Started process (PID=23449) to work on /home/hp/miniconda3/envs/airflow_env/lib/python3.8/site-packages/airflow/example_dags/example_bash_operator.py
[2022-07-25 03:30:35,925] {processor.py:641} INFO - Processing file /home/hp/miniconda3/envs/airflow_env/lib/python3.8/site-packages/airflow/example_dags/example_bash_operator.py for tasks to queue
[2022-07-25 03:30:35,926] {logging_mixin.py:115} INFO - [2022-07-25 03:30:35,925] {dagbag.py:508} INFO - Filling up the DagBag from /home/hp/miniconda3/envs/airflow_env/lib/python3.8/site-packages/airflow/example_dags/example_bash_operator.py
[2022-07-25 03:30:35,935] {processor.py:651} INFO - DAG(s) dict_keys(['example_bash_operator']) retrieved from /home/hp/miniconda3/envs/airflow_env/lib/python3.8/site-packages/airflow/example_dags/example_bash_operator.py
[2022-07-25 03:30:35,943] {logging_mixin.py:115} INFO - [2022-07-25 03:30:35,943] {dag.py:2420} INFO - Sync 1 DAGs
[2022-07-25 03:30:35,954] {logging_mixin.py:115} INFO - [2022-07-25 03:30:35,954] {dag.py:2968} INFO - Setting next_dagrun for example_bash_operator to 2022-07-24T00:00:00+00:00, run_after=2022-07-25T00:00:00+00:00
[2022-07-25 03:30:35,963] {processor.py:161} INFO - Processing /home/hp/miniconda3/envs/airflow_env/lib/python3.8/site-packages/airflow/example_dags/example_bash_operator.py took 0.043 seconds
[2022-07-25 03:33:54,375] {processor.py:153} INFO - Started process (PID=23987) to work on /home/hp/miniconda3/envs/airflow_env/lib/python3.8/site-packages/airflow/example_dags/example_bash_operator.py
[2022-07-25 03:33:54,376] {processor.py:641} INFO - Processing file /home/hp/miniconda3/envs/airflow_env/lib/python3.8/site-packages/airflow/example_dags/example_bash_operator.py for tasks to queue
[2022-07-25 03:33:54,376] {logging_mixin.py:115} INFO - [2022-07-25 03:33:54,376] {dagbag.py:508} INFO - Filling up the DagBag from /home/hp/miniconda3/envs/airflow_env/lib/python3.8/site-packages/airflow/example_dags/example_bash_operator.py
[2022-07-25 03:33:54,383] {processor.py:651} INFO - DAG(s) dict_keys(['example_bash_operator']) retrieved from /home/hp/miniconda3/envs/airflow_env/lib/python3.8/site-packages/airflow/example_dags/example_bash_operator.py
[2022-07-25 03:33:54,394] {logging_mixin.py:115} INFO - [2022-07-25 03:33:54,394] {dag.py:2420} INFO - Sync 1 DAGs
[2022-07-25 03:33:54,407] {logging_mixin.py:115} INFO - [2022-07-25 03:33:54,407] {dag.py:2968} INFO - Setting next_dagrun for example_bash_operator to 2022-07-24T00:00:00+00:00, run_after=2022-07-25T00:00:00+00:00
[2022-07-25 03:33:54,417] {processor.py:161} INFO - Processing /home/hp/miniconda3/envs/airflow_env/lib/python3.8/site-packages/airflow/example_dags/example_bash_operator.py took 0.043 seconds
[2022-07-25 03:39:19,218] {processor.py:153} INFO - Started process (PID=24434) to work on /home/hp/miniconda3/envs/airflow_env/lib/python3.8/site-packages/airflow/example_dags/example_bash_operator.py
[2022-07-25 03:39:19,220] {processor.py:641} INFO - Processing file /home/hp/miniconda3/envs/airflow_env/lib/python3.8/site-packages/airflow/example_dags/example_bash_operator.py for tasks to queue
[2022-07-25 03:39:19,220] {logging_mixin.py:115} INFO - [2022-07-25 03:39:19,220] {dagbag.py:508} INFO - Filling up the DagBag from /home/hp/miniconda3/envs/airflow_env/lib/python3.8/site-packages/airflow/example_dags/example_bash_operator.py
[2022-07-25 03:39:19,231] {processor.py:651} INFO - DAG(s) dict_keys(['example_bash_operator']) retrieved from /home/hp/miniconda3/envs/airflow_env/lib/python3.8/site-packages/airflow/example_dags/example_bash_operator.py
[2022-07-25 03:39:19,240] {logging_mixin.py:115} INFO - [2022-07-25 03:39:19,240] {dag.py:2420} INFO - Sync 1 DAGs
[2022-07-25 03:39:19,252] {logging_mixin.py:115} INFO - [2022-07-25 03:39:19,252] {dag.py:2968} INFO - Setting next_dagrun for example_bash_operator to 2022-07-24T00:00:00+00:00, run_after=2022-07-25T00:00:00+00:00
[2022-07-25 03:39:19,262] {processor.py:161} INFO - Processing /home/hp/miniconda3/envs/airflow_env/lib/python3.8/site-packages/airflow/example_dags/example_bash_operator.py took 0.048 seconds
[2022-07-25 03:44:42,579] {processor.py:153} INFO - Started process (PID=24865) to work on /home/hp/miniconda3/envs/airflow_env/lib/python3.8/site-packages/airflow/example_dags/example_bash_operator.py
[2022-07-25 03:44:42,580] {processor.py:641} INFO - Processing file /home/hp/miniconda3/envs/airflow_env/lib/python3.8/site-packages/airflow/example_dags/example_bash_operator.py for tasks to queue
[2022-07-25 03:44:42,581] {logging_mixin.py:115} INFO - [2022-07-25 03:44:42,581] {dagbag.py:508} INFO - Filling up the DagBag from /home/hp/miniconda3/envs/airflow_env/lib/python3.8/site-packages/airflow/example_dags/example_bash_operator.py
[2022-07-25 03:44:42,592] {processor.py:651} INFO - DAG(s) dict_keys(['example_bash_operator']) retrieved from /home/hp/miniconda3/envs/airflow_env/lib/python3.8/site-packages/airflow/example_dags/example_bash_operator.py
[2022-07-25 03:44:42,601] {logging_mixin.py:115} INFO - [2022-07-25 03:44:42,601] {dag.py:2420} INFO - Sync 1 DAGs
[2022-07-25 03:44:42,611] {logging_mixin.py:115} INFO - [2022-07-25 03:44:42,611] {dag.py:2968} INFO - Setting next_dagrun for example_bash_operator to 2022-07-24T00:00:00+00:00, run_after=2022-07-25T00:00:00+00:00
[2022-07-25 03:44:42,622] {processor.py:161} INFO - Processing /home/hp/miniconda3/envs/airflow_env/lib/python3.8/site-packages/airflow/example_dags/example_bash_operator.py took 0.047 seconds
[2022-07-25 03:54:53,789] {processor.py:153} INFO - Started process (PID=25342) to work on /home/hp/miniconda3/envs/airflow_env/lib/python3.8/site-packages/airflow/example_dags/example_bash_operator.py
[2022-07-25 03:54:53,790] {processor.py:641} INFO - Processing file /home/hp/miniconda3/envs/airflow_env/lib/python3.8/site-packages/airflow/example_dags/example_bash_operator.py for tasks to queue
[2022-07-25 03:54:53,791] {logging_mixin.py:115} INFO - [2022-07-25 03:54:53,791] {dagbag.py:508} INFO - Filling up the DagBag from /home/hp/miniconda3/envs/airflow_env/lib/python3.8/site-packages/airflow/example_dags/example_bash_operator.py
[2022-07-25 03:54:53,804] {processor.py:651} INFO - DAG(s) dict_keys(['example_bash_operator']) retrieved from /home/hp/miniconda3/envs/airflow_env/lib/python3.8/site-packages/airflow/example_dags/example_bash_operator.py
[2022-07-25 03:54:53,822] {logging_mixin.py:115} INFO - [2022-07-25 03:54:53,822] {dag.py:2420} INFO - Sync 1 DAGs
[2022-07-25 03:54:53,842] {logging_mixin.py:115} INFO - [2022-07-25 03:54:53,842] {dag.py:2968} INFO - Setting next_dagrun for example_bash_operator to 2022-07-24T00:00:00+00:00, run_after=2022-07-25T00:00:00+00:00
[2022-07-25 03:54:53,856] {processor.py:161} INFO - Processing /home/hp/miniconda3/envs/airflow_env/lib/python3.8/site-packages/airflow/example_dags/example_bash_operator.py took 0.070 seconds
[2022-07-25 04:00:14,837] {processor.py:153} INFO - Started process (PID=25700) to work on /home/hp/miniconda3/envs/airflow_env/lib/python3.8/site-packages/airflow/example_dags/example_bash_operator.py
[2022-07-25 04:00:14,838] {processor.py:641} INFO - Processing file /home/hp/miniconda3/envs/airflow_env/lib/python3.8/site-packages/airflow/example_dags/example_bash_operator.py for tasks to queue
[2022-07-25 04:00:14,838] {logging_mixin.py:115} INFO - [2022-07-25 04:00:14,838] {dagbag.py:508} INFO - Filling up the DagBag from /home/hp/miniconda3/envs/airflow_env/lib/python3.8/site-packages/airflow/example_dags/example_bash_operator.py
[2022-07-25 04:00:14,850] {processor.py:651} INFO - DAG(s) dict_keys(['example_bash_operator']) retrieved from /home/hp/miniconda3/envs/airflow_env/lib/python3.8/site-packages/airflow/example_dags/example_bash_operator.py
[2022-07-25 04:00:14,859] {logging_mixin.py:115} INFO - [2022-07-25 04:00:14,859] {dag.py:2420} INFO - Sync 1 DAGs
[2022-07-25 04:00:14,869] {logging_mixin.py:115} INFO - [2022-07-25 04:00:14,869] {dag.py:2968} INFO - Setting next_dagrun for example_bash_operator to 2022-07-24T00:00:00+00:00, run_after=2022-07-25T00:00:00+00:00
[2022-07-25 04:00:14,878] {processor.py:161} INFO - Processing /home/hp/miniconda3/envs/airflow_env/lib/python3.8/site-packages/airflow/example_dags/example_bash_operator.py took 0.045 seconds
[2022-07-25 04:00:54,461] {processor.py:153} INFO - Started process (PID=25966) to work on /home/hp/miniconda3/envs/airflow_env/lib/python3.8/site-packages/airflow/example_dags/example_bash_operator.py
[2022-07-25 04:00:54,462] {processor.py:641} INFO - Processing file /home/hp/miniconda3/envs/airflow_env/lib/python3.8/site-packages/airflow/example_dags/example_bash_operator.py for tasks to queue
[2022-07-25 04:00:54,463] {logging_mixin.py:115} INFO - [2022-07-25 04:00:54,463] {dagbag.py:508} INFO - Filling up the DagBag from /home/hp/miniconda3/envs/airflow_env/lib/python3.8/site-packages/airflow/example_dags/example_bash_operator.py
[2022-07-25 04:00:54,475] {processor.py:651} INFO - DAG(s) dict_keys(['example_bash_operator']) retrieved from /home/hp/miniconda3/envs/airflow_env/lib/python3.8/site-packages/airflow/example_dags/example_bash_operator.py
[2022-07-25 04:00:54,484] {logging_mixin.py:115} INFO - [2022-07-25 04:00:54,484] {dag.py:2420} INFO - Sync 1 DAGs
[2022-07-25 04:00:54,494] {logging_mixin.py:115} INFO - [2022-07-25 04:00:54,494] {dag.py:2968} INFO - Setting next_dagrun for example_bash_operator to 2022-07-24T00:00:00+00:00, run_after=2022-07-25T00:00:00+00:00
[2022-07-25 04:00:54,504] {processor.py:161} INFO - Processing /home/hp/miniconda3/envs/airflow_env/lib/python3.8/site-packages/airflow/example_dags/example_bash_operator.py took 0.047 seconds
[2022-07-25 04:02:10,688] {processor.py:153} INFO - Started process (PID=26418) to work on /home/hp/miniconda3/envs/airflow_env/lib/python3.8/site-packages/airflow/example_dags/example_bash_operator.py
[2022-07-25 04:02:10,689] {processor.py:641} INFO - Processing file /home/hp/miniconda3/envs/airflow_env/lib/python3.8/site-packages/airflow/example_dags/example_bash_operator.py for tasks to queue
[2022-07-25 04:02:10,689] {logging_mixin.py:115} INFO - [2022-07-25 04:02:10,689] {dagbag.py:508} INFO - Filling up the DagBag from /home/hp/miniconda3/envs/airflow_env/lib/python3.8/site-packages/airflow/example_dags/example_bash_operator.py
[2022-07-25 04:02:10,707] {processor.py:651} INFO - DAG(s) dict_keys(['example_bash_operator']) retrieved from /home/hp/miniconda3/envs/airflow_env/lib/python3.8/site-packages/airflow/example_dags/example_bash_operator.py
[2022-07-25 04:02:10,716] {logging_mixin.py:115} INFO - [2022-07-25 04:02:10,716] {dag.py:2420} INFO - Sync 1 DAGs
[2022-07-25 04:02:10,725] {logging_mixin.py:115} INFO - [2022-07-25 04:02:10,725] {dag.py:2968} INFO - Setting next_dagrun for example_bash_operator to 2022-07-24T00:00:00+00:00, run_after=2022-07-25T00:00:00+00:00
[2022-07-25 04:02:10,734] {processor.py:161} INFO - Processing /home/hp/miniconda3/envs/airflow_env/lib/python3.8/site-packages/airflow/example_dags/example_bash_operator.py took 0.051 seconds
[2022-07-25 04:05:39,053] {processor.py:153} INFO - Started process (PID=26769) to work on /home/hp/miniconda3/envs/airflow_env/lib/python3.8/site-packages/airflow/example_dags/example_bash_operator.py
[2022-07-25 04:05:39,054] {processor.py:641} INFO - Processing file /home/hp/miniconda3/envs/airflow_env/lib/python3.8/site-packages/airflow/example_dags/example_bash_operator.py for tasks to queue
[2022-07-25 04:05:39,055] {logging_mixin.py:115} INFO - [2022-07-25 04:05:39,055] {dagbag.py:508} INFO - Filling up the DagBag from /home/hp/miniconda3/envs/airflow_env/lib/python3.8/site-packages/airflow/example_dags/example_bash_operator.py
[2022-07-25 04:05:39,067] {processor.py:651} INFO - DAG(s) dict_keys(['example_bash_operator']) retrieved from /home/hp/miniconda3/envs/airflow_env/lib/python3.8/site-packages/airflow/example_dags/example_bash_operator.py
[2022-07-25 04:05:39,076] {logging_mixin.py:115} INFO - [2022-07-25 04:05:39,076] {dag.py:2420} INFO - Sync 1 DAGs
[2022-07-25 04:05:39,086] {logging_mixin.py:115} INFO - [2022-07-25 04:05:39,086] {dag.py:2968} INFO - Setting next_dagrun for example_bash_operator to 2022-07-24T00:00:00+00:00, run_after=2022-07-25T00:00:00+00:00
[2022-07-25 04:05:39,097] {processor.py:161} INFO - Processing /home/hp/miniconda3/envs/airflow_env/lib/python3.8/site-packages/airflow/example_dags/example_bash_operator.py took 0.048 seconds
[2022-07-25 04:11:03,795] {processor.py:153} INFO - Started process (PID=27044) to work on /home/hp/miniconda3/envs/airflow_env/lib/python3.8/site-packages/airflow/example_dags/example_bash_operator.py
[2022-07-25 04:11:03,796] {processor.py:641} INFO - Processing file /home/hp/miniconda3/envs/airflow_env/lib/python3.8/site-packages/airflow/example_dags/example_bash_operator.py for tasks to queue
[2022-07-25 04:11:03,797] {logging_mixin.py:115} INFO - [2022-07-25 04:11:03,797] {dagbag.py:508} INFO - Filling up the DagBag from /home/hp/miniconda3/envs/airflow_env/lib/python3.8/site-packages/airflow/example_dags/example_bash_operator.py
[2022-07-25 04:11:03,808] {processor.py:651} INFO - DAG(s) dict_keys(['example_bash_operator']) retrieved from /home/hp/miniconda3/envs/airflow_env/lib/python3.8/site-packages/airflow/example_dags/example_bash_operator.py
[2022-07-25 04:11:03,819] {logging_mixin.py:115} INFO - [2022-07-25 04:11:03,819] {dag.py:2420} INFO - Sync 1 DAGs
[2022-07-25 04:11:03,830] {logging_mixin.py:115} INFO - [2022-07-25 04:11:03,829] {dag.py:2968} INFO - Setting next_dagrun for example_bash_operator to 2022-07-24T00:00:00+00:00, run_after=2022-07-25T00:00:00+00:00
[2022-07-25 04:11:03,840] {processor.py:161} INFO - Processing /home/hp/miniconda3/envs/airflow_env/lib/python3.8/site-packages/airflow/example_dags/example_bash_operator.py took 0.049 seconds
[2022-07-25 04:16:26,364] {processor.py:153} INFO - Started process (PID=27339) to work on /home/hp/miniconda3/envs/airflow_env/lib/python3.8/site-packages/airflow/example_dags/example_bash_operator.py
[2022-07-25 04:16:26,365] {processor.py:641} INFO - Processing file /home/hp/miniconda3/envs/airflow_env/lib/python3.8/site-packages/airflow/example_dags/example_bash_operator.py for tasks to queue
[2022-07-25 04:16:26,366] {logging_mixin.py:115} INFO - [2022-07-25 04:16:26,366] {dagbag.py:508} INFO - Filling up the DagBag from /home/hp/miniconda3/envs/airflow_env/lib/python3.8/site-packages/airflow/example_dags/example_bash_operator.py
[2022-07-25 04:16:26,375] {processor.py:651} INFO - DAG(s) dict_keys(['example_bash_operator']) retrieved from /home/hp/miniconda3/envs/airflow_env/lib/python3.8/site-packages/airflow/example_dags/example_bash_operator.py
[2022-07-25 04:16:26,385] {logging_mixin.py:115} INFO - [2022-07-25 04:16:26,385] {dag.py:2420} INFO - Sync 1 DAGs
[2022-07-25 04:16:26,397] {logging_mixin.py:115} INFO - [2022-07-25 04:16:26,397] {dag.py:2968} INFO - Setting next_dagrun for example_bash_operator to 2022-07-24T00:00:00+00:00, run_after=2022-07-25T00:00:00+00:00
[2022-07-25 04:16:26,407] {processor.py:161} INFO - Processing /home/hp/miniconda3/envs/airflow_env/lib/python3.8/site-packages/airflow/example_dags/example_bash_operator.py took 0.047 seconds
[2022-07-25 04:26:38,675] {processor.py:153} INFO - Started process (PID=27714) to work on /home/hp/miniconda3/envs/airflow_env/lib/python3.8/site-packages/airflow/example_dags/example_bash_operator.py
[2022-07-25 04:26:38,676] {processor.py:641} INFO - Processing file /home/hp/miniconda3/envs/airflow_env/lib/python3.8/site-packages/airflow/example_dags/example_bash_operator.py for tasks to queue
[2022-07-25 04:26:38,677] {logging_mixin.py:115} INFO - [2022-07-25 04:26:38,677] {dagbag.py:508} INFO - Filling up the DagBag from /home/hp/miniconda3/envs/airflow_env/lib/python3.8/site-packages/airflow/example_dags/example_bash_operator.py
[2022-07-25 04:26:38,688] {processor.py:651} INFO - DAG(s) dict_keys(['example_bash_operator']) retrieved from /home/hp/miniconda3/envs/airflow_env/lib/python3.8/site-packages/airflow/example_dags/example_bash_operator.py
[2022-07-25 04:26:38,711] {logging_mixin.py:115} INFO - [2022-07-25 04:26:38,710] {dag.py:2420} INFO - Sync 1 DAGs
[2022-07-25 04:26:38,731] {logging_mixin.py:115} INFO - [2022-07-25 04:26:38,731] {dag.py:2968} INFO - Setting next_dagrun for example_bash_operator to 2022-07-24T00:00:00+00:00, run_after=2022-07-25T00:00:00+00:00
[2022-07-25 04:26:38,746] {processor.py:161} INFO - Processing /home/hp/miniconda3/envs/airflow_env/lib/python3.8/site-packages/airflow/example_dags/example_bash_operator.py took 0.074 seconds
[2022-07-25 04:32:01,164] {processor.py:153} INFO - Started process (PID=28103) to work on /home/hp/miniconda3/envs/airflow_env/lib/python3.8/site-packages/airflow/example_dags/example_bash_operator.py
[2022-07-25 04:32:01,166] {processor.py:641} INFO - Processing file /home/hp/miniconda3/envs/airflow_env/lib/python3.8/site-packages/airflow/example_dags/example_bash_operator.py for tasks to queue
[2022-07-25 04:32:01,166] {logging_mixin.py:115} INFO - [2022-07-25 04:32:01,166] {dagbag.py:508} INFO - Filling up the DagBag from /home/hp/miniconda3/envs/airflow_env/lib/python3.8/site-packages/airflow/example_dags/example_bash_operator.py
[2022-07-25 04:32:01,182] {processor.py:651} INFO - DAG(s) dict_keys(['example_bash_operator']) retrieved from /home/hp/miniconda3/envs/airflow_env/lib/python3.8/site-packages/airflow/example_dags/example_bash_operator.py
[2022-07-25 04:32:01,202] {logging_mixin.py:115} INFO - [2022-07-25 04:32:01,202] {dag.py:2420} INFO - Sync 1 DAGs
[2022-07-25 04:32:01,215] {logging_mixin.py:115} INFO - [2022-07-25 04:32:01,215] {dag.py:2968} INFO - Setting next_dagrun for example_bash_operator to 2022-07-24T00:00:00+00:00, run_after=2022-07-25T00:00:00+00:00
[2022-07-25 04:32:01,226] {processor.py:161} INFO - Processing /home/hp/miniconda3/envs/airflow_env/lib/python3.8/site-packages/airflow/example_dags/example_bash_operator.py took 0.065 seconds
[2022-07-25 04:37:25,833] {processor.py:153} INFO - Started process (PID=28405) to work on /home/hp/miniconda3/envs/airflow_env/lib/python3.8/site-packages/airflow/example_dags/example_bash_operator.py
[2022-07-25 04:37:25,834] {processor.py:641} INFO - Processing file /home/hp/miniconda3/envs/airflow_env/lib/python3.8/site-packages/airflow/example_dags/example_bash_operator.py for tasks to queue
[2022-07-25 04:37:25,835] {logging_mixin.py:115} INFO - [2022-07-25 04:37:25,834] {dagbag.py:508} INFO - Filling up the DagBag from /home/hp/miniconda3/envs/airflow_env/lib/python3.8/site-packages/airflow/example_dags/example_bash_operator.py
[2022-07-25 04:37:25,847] {processor.py:651} INFO - DAG(s) dict_keys(['example_bash_operator']) retrieved from /home/hp/miniconda3/envs/airflow_env/lib/python3.8/site-packages/airflow/example_dags/example_bash_operator.py
[2022-07-25 04:37:25,856] {logging_mixin.py:115} INFO - [2022-07-25 04:37:25,856] {dag.py:2420} INFO - Sync 1 DAGs
[2022-07-25 04:37:25,866] {logging_mixin.py:115} INFO - [2022-07-25 04:37:25,866] {dag.py:2968} INFO - Setting next_dagrun for example_bash_operator to 2022-07-24T00:00:00+00:00, run_after=2022-07-25T00:00:00+00:00
[2022-07-25 04:37:25,875] {processor.py:161} INFO - Processing /home/hp/miniconda3/envs/airflow_env/lib/python3.8/site-packages/airflow/example_dags/example_bash_operator.py took 0.047 seconds
[2022-07-25 10:58:36,223] {processor.py:153} INFO - Started process (PID=57296) to work on /home/hp/miniconda3/envs/airflow_env/lib/python3.8/site-packages/airflow/example_dags/example_bash_operator.py
[2022-07-25 10:58:36,224] {processor.py:641} INFO - Processing file /home/hp/miniconda3/envs/airflow_env/lib/python3.8/site-packages/airflow/example_dags/example_bash_operator.py for tasks to queue
[2022-07-25 10:58:36,225] {logging_mixin.py:115} INFO - [2022-07-25 10:58:36,225] {dagbag.py:508} INFO - Filling up the DagBag from /home/hp/miniconda3/envs/airflow_env/lib/python3.8/site-packages/airflow/example_dags/example_bash_operator.py
[2022-07-25 10:58:36,234] {processor.py:651} INFO - DAG(s) dict_keys(['example_bash_operator']) retrieved from /home/hp/miniconda3/envs/airflow_env/lib/python3.8/site-packages/airflow/example_dags/example_bash_operator.py
[2022-07-25 10:58:36,242] {logging_mixin.py:115} INFO - [2022-07-25 10:58:36,241] {dag.py:2420} INFO - Sync 1 DAGs
[2022-07-25 10:58:36,250] {logging_mixin.py:115} INFO - [2022-07-25 10:58:36,250] {dag.py:2968} INFO - Setting next_dagrun for example_bash_operator to 2022-07-24T00:00:00+00:00, run_after=2022-07-25T00:00:00+00:00
[2022-07-25 10:58:36,260] {processor.py:161} INFO - Processing /home/hp/miniconda3/envs/airflow_env/lib/python3.8/site-packages/airflow/example_dags/example_bash_operator.py took 0.041 seconds
[2022-07-25 10:59:12,217] {processor.py:153} INFO - Started process (PID=57602) to work on /home/hp/miniconda3/envs/airflow_env/lib/python3.8/site-packages/airflow/example_dags/example_bash_operator.py
[2022-07-25 10:59:12,218] {processor.py:641} INFO - Processing file /home/hp/miniconda3/envs/airflow_env/lib/python3.8/site-packages/airflow/example_dags/example_bash_operator.py for tasks to queue
[2022-07-25 10:59:12,218] {logging_mixin.py:115} INFO - [2022-07-25 10:59:12,218] {dagbag.py:508} INFO - Filling up the DagBag from /home/hp/miniconda3/envs/airflow_env/lib/python3.8/site-packages/airflow/example_dags/example_bash_operator.py
[2022-07-25 10:59:12,226] {processor.py:651} INFO - DAG(s) dict_keys(['example_bash_operator']) retrieved from /home/hp/miniconda3/envs/airflow_env/lib/python3.8/site-packages/airflow/example_dags/example_bash_operator.py
[2022-07-25 10:59:12,234] {logging_mixin.py:115} INFO - [2022-07-25 10:59:12,234] {dag.py:2420} INFO - Sync 1 DAGs
[2022-07-25 10:59:12,242] {logging_mixin.py:115} INFO - [2022-07-25 10:59:12,242] {dag.py:2968} INFO - Setting next_dagrun for example_bash_operator to 2022-07-24T00:00:00+00:00, run_after=2022-07-25T00:00:00+00:00
[2022-07-25 10:59:12,252] {processor.py:161} INFO - Processing /home/hp/miniconda3/envs/airflow_env/lib/python3.8/site-packages/airflow/example_dags/example_bash_operator.py took 0.037 seconds
[2022-07-25 10:59:45,909] {processor.py:153} INFO - Started process (PID=57886) to work on /home/hp/miniconda3/envs/airflow_env/lib/python3.8/site-packages/airflow/example_dags/example_bash_operator.py
[2022-07-25 10:59:45,910] {processor.py:641} INFO - Processing file /home/hp/miniconda3/envs/airflow_env/lib/python3.8/site-packages/airflow/example_dags/example_bash_operator.py for tasks to queue
[2022-07-25 10:59:45,911] {logging_mixin.py:115} INFO - [2022-07-25 10:59:45,911] {dagbag.py:508} INFO - Filling up the DagBag from /home/hp/miniconda3/envs/airflow_env/lib/python3.8/site-packages/airflow/example_dags/example_bash_operator.py
[2022-07-25 10:59:45,924] {processor.py:651} INFO - DAG(s) dict_keys(['example_bash_operator']) retrieved from /home/hp/miniconda3/envs/airflow_env/lib/python3.8/site-packages/airflow/example_dags/example_bash_operator.py
[2022-07-25 10:59:45,932] {logging_mixin.py:115} INFO - [2022-07-25 10:59:45,932] {dag.py:2420} INFO - Sync 1 DAGs
[2022-07-25 10:59:45,940] {logging_mixin.py:115} INFO - [2022-07-25 10:59:45,940] {dag.py:2968} INFO - Setting next_dagrun for example_bash_operator to 2022-07-24T00:00:00+00:00, run_after=2022-07-25T00:00:00+00:00
[2022-07-25 10:59:45,950] {processor.py:161} INFO - Processing /home/hp/miniconda3/envs/airflow_env/lib/python3.8/site-packages/airflow/example_dags/example_bash_operator.py took 0.042 seconds
[2022-07-25 11:00:20,799] {processor.py:153} INFO - Started process (PID=59319) to work on /home/hp/miniconda3/envs/airflow_env/lib/python3.8/site-packages/airflow/example_dags/example_bash_operator.py
[2022-07-25 11:00:20,800] {processor.py:641} INFO - Processing file /home/hp/miniconda3/envs/airflow_env/lib/python3.8/site-packages/airflow/example_dags/example_bash_operator.py for tasks to queue
[2022-07-25 11:00:20,800] {logging_mixin.py:115} INFO - [2022-07-25 11:00:20,800] {dagbag.py:508} INFO - Filling up the DagBag from /home/hp/miniconda3/envs/airflow_env/lib/python3.8/site-packages/airflow/example_dags/example_bash_operator.py
[2022-07-25 11:00:20,811] {processor.py:651} INFO - DAG(s) dict_keys(['example_bash_operator']) retrieved from /home/hp/miniconda3/envs/airflow_env/lib/python3.8/site-packages/airflow/example_dags/example_bash_operator.py
[2022-07-25 11:00:20,819] {logging_mixin.py:115} INFO - [2022-07-25 11:00:20,819] {dag.py:2420} INFO - Sync 1 DAGs
[2022-07-25 11:00:20,827] {logging_mixin.py:115} INFO - [2022-07-25 11:00:20,827] {dag.py:2968} INFO - Setting next_dagrun for example_bash_operator to 2022-07-24T00:00:00+00:00, run_after=2022-07-25T00:00:00+00:00
[2022-07-25 11:00:20,837] {processor.py:161} INFO - Processing /home/hp/miniconda3/envs/airflow_env/lib/python3.8/site-packages/airflow/example_dags/example_bash_operator.py took 0.040 seconds
[2022-07-25 11:00:55,596] {processor.py:153} INFO - Started process (PID=59731) to work on /home/hp/miniconda3/envs/airflow_env/lib/python3.8/site-packages/airflow/example_dags/example_bash_operator.py
[2022-07-25 11:00:55,597] {processor.py:641} INFO - Processing file /home/hp/miniconda3/envs/airflow_env/lib/python3.8/site-packages/airflow/example_dags/example_bash_operator.py for tasks to queue
[2022-07-25 11:00:55,597] {logging_mixin.py:115} INFO - [2022-07-25 11:00:55,597] {dagbag.py:508} INFO - Filling up the DagBag from /home/hp/miniconda3/envs/airflow_env/lib/python3.8/site-packages/airflow/example_dags/example_bash_operator.py
[2022-07-25 11:00:55,610] {processor.py:651} INFO - DAG(s) dict_keys(['example_bash_operator']) retrieved from /home/hp/miniconda3/envs/airflow_env/lib/python3.8/site-packages/airflow/example_dags/example_bash_operator.py
[2022-07-25 11:00:55,621] {logging_mixin.py:115} INFO - [2022-07-25 11:00:55,621] {dag.py:2420} INFO - Sync 1 DAGs
[2022-07-25 11:00:55,630] {logging_mixin.py:115} INFO - [2022-07-25 11:00:55,630] {dag.py:2968} INFO - Setting next_dagrun for example_bash_operator to 2022-07-24T00:00:00+00:00, run_after=2022-07-25T00:00:00+00:00
[2022-07-25 11:00:55,642] {processor.py:161} INFO - Processing /home/hp/miniconda3/envs/airflow_env/lib/python3.8/site-packages/airflow/example_dags/example_bash_operator.py took 0.047 seconds
[2022-07-25 11:01:29,670] {processor.py:153} INFO - Started process (PID=59902) to work on /home/hp/miniconda3/envs/airflow_env/lib/python3.8/site-packages/airflow/example_dags/example_bash_operator.py
[2022-07-25 11:01:29,671] {processor.py:641} INFO - Processing file /home/hp/miniconda3/envs/airflow_env/lib/python3.8/site-packages/airflow/example_dags/example_bash_operator.py for tasks to queue
[2022-07-25 11:01:29,671] {logging_mixin.py:115} INFO - [2022-07-25 11:01:29,671] {dagbag.py:508} INFO - Filling up the DagBag from /home/hp/miniconda3/envs/airflow_env/lib/python3.8/site-packages/airflow/example_dags/example_bash_operator.py
[2022-07-25 11:01:29,683] {processor.py:651} INFO - DAG(s) dict_keys(['example_bash_operator']) retrieved from /home/hp/miniconda3/envs/airflow_env/lib/python3.8/site-packages/airflow/example_dags/example_bash_operator.py
[2022-07-25 11:01:29,691] {logging_mixin.py:115} INFO - [2022-07-25 11:01:29,691] {dag.py:2420} INFO - Sync 1 DAGs
[2022-07-25 11:01:29,699] {logging_mixin.py:115} INFO - [2022-07-25 11:01:29,699] {dag.py:2968} INFO - Setting next_dagrun for example_bash_operator to 2022-07-24T00:00:00+00:00, run_after=2022-07-25T00:00:00+00:00
[2022-07-25 11:01:29,708] {processor.py:161} INFO - Processing /home/hp/miniconda3/envs/airflow_env/lib/python3.8/site-packages/airflow/example_dags/example_bash_operator.py took 0.040 seconds
[2022-07-25 11:02:06,884] {processor.py:153} INFO - Started process (PID=60113) to work on /home/hp/miniconda3/envs/airflow_env/lib/python3.8/site-packages/airflow/example_dags/example_bash_operator.py
[2022-07-25 11:02:06,886] {processor.py:641} INFO - Processing file /home/hp/miniconda3/envs/airflow_env/lib/python3.8/site-packages/airflow/example_dags/example_bash_operator.py for tasks to queue
[2022-07-25 11:02:06,886] {logging_mixin.py:115} INFO - [2022-07-25 11:02:06,886] {dagbag.py:508} INFO - Filling up the DagBag from /home/hp/miniconda3/envs/airflow_env/lib/python3.8/site-packages/airflow/example_dags/example_bash_operator.py
[2022-07-25 11:02:06,896] {processor.py:651} INFO - DAG(s) dict_keys(['example_bash_operator']) retrieved from /home/hp/miniconda3/envs/airflow_env/lib/python3.8/site-packages/airflow/example_dags/example_bash_operator.py
[2022-07-25 11:02:06,904] {logging_mixin.py:115} INFO - [2022-07-25 11:02:06,904] {dag.py:2420} INFO - Sync 1 DAGs
[2022-07-25 11:02:06,913] {logging_mixin.py:115} INFO - [2022-07-25 11:02:06,913] {dag.py:2968} INFO - Setting next_dagrun for example_bash_operator to 2022-07-24T00:00:00+00:00, run_after=2022-07-25T00:00:00+00:00
[2022-07-25 11:02:06,924] {processor.py:161} INFO - Processing /home/hp/miniconda3/envs/airflow_env/lib/python3.8/site-packages/airflow/example_dags/example_bash_operator.py took 0.043 seconds
[2022-07-25 11:02:41,085] {processor.py:153} INFO - Started process (PID=60752) to work on /home/hp/miniconda3/envs/airflow_env/lib/python3.8/site-packages/airflow/example_dags/example_bash_operator.py
[2022-07-25 11:02:41,086] {processor.py:641} INFO - Processing file /home/hp/miniconda3/envs/airflow_env/lib/python3.8/site-packages/airflow/example_dags/example_bash_operator.py for tasks to queue
[2022-07-25 11:02:41,086] {logging_mixin.py:115} INFO - [2022-07-25 11:02:41,086] {dagbag.py:508} INFO - Filling up the DagBag from /home/hp/miniconda3/envs/airflow_env/lib/python3.8/site-packages/airflow/example_dags/example_bash_operator.py
[2022-07-25 11:02:41,092] {processor.py:651} INFO - DAG(s) dict_keys(['example_bash_operator']) retrieved from /home/hp/miniconda3/envs/airflow_env/lib/python3.8/site-packages/airflow/example_dags/example_bash_operator.py
[2022-07-25 11:02:41,099] {logging_mixin.py:115} INFO - [2022-07-25 11:02:41,099] {dag.py:2420} INFO - Sync 1 DAGs
[2022-07-25 11:02:41,107] {logging_mixin.py:115} INFO - [2022-07-25 11:02:41,107] {dag.py:2968} INFO - Setting next_dagrun for example_bash_operator to 2022-07-24T00:00:00+00:00, run_after=2022-07-25T00:00:00+00:00
[2022-07-25 11:02:41,164] {processor.py:161} INFO - Processing /home/hp/miniconda3/envs/airflow_env/lib/python3.8/site-packages/airflow/example_dags/example_bash_operator.py took 0.080 seconds
[2022-07-25 11:03:17,480] {processor.py:153} INFO - Started process (PID=61669) to work on /home/hp/miniconda3/envs/airflow_env/lib/python3.8/site-packages/airflow/example_dags/example_bash_operator.py
[2022-07-25 11:03:17,481] {processor.py:641} INFO - Processing file /home/hp/miniconda3/envs/airflow_env/lib/python3.8/site-packages/airflow/example_dags/example_bash_operator.py for tasks to queue
[2022-07-25 11:03:17,481] {logging_mixin.py:115} INFO - [2022-07-25 11:03:17,481] {dagbag.py:508} INFO - Filling up the DagBag from /home/hp/miniconda3/envs/airflow_env/lib/python3.8/site-packages/airflow/example_dags/example_bash_operator.py
[2022-07-25 11:03:17,495] {processor.py:651} INFO - DAG(s) dict_keys(['example_bash_operator']) retrieved from /home/hp/miniconda3/envs/airflow_env/lib/python3.8/site-packages/airflow/example_dags/example_bash_operator.py
[2022-07-25 11:03:17,503] {logging_mixin.py:115} INFO - [2022-07-25 11:03:17,503] {dag.py:2420} INFO - Sync 1 DAGs
[2022-07-25 11:03:17,512] {logging_mixin.py:115} INFO - [2022-07-25 11:03:17,512] {dag.py:2968} INFO - Setting next_dagrun for example_bash_operator to 2022-07-24T00:00:00+00:00, run_after=2022-07-25T00:00:00+00:00
[2022-07-25 11:03:17,520] {processor.py:161} INFO - Processing /home/hp/miniconda3/envs/airflow_env/lib/python3.8/site-packages/airflow/example_dags/example_bash_operator.py took 0.043 seconds
[2022-07-25 11:03:53,956] {processor.py:153} INFO - Started process (PID=61926) to work on /home/hp/miniconda3/envs/airflow_env/lib/python3.8/site-packages/airflow/example_dags/example_bash_operator.py
[2022-07-25 11:03:53,957] {processor.py:641} INFO - Processing file /home/hp/miniconda3/envs/airflow_env/lib/python3.8/site-packages/airflow/example_dags/example_bash_operator.py for tasks to queue
[2022-07-25 11:03:53,958] {logging_mixin.py:115} INFO - [2022-07-25 11:03:53,958] {dagbag.py:508} INFO - Filling up the DagBag from /home/hp/miniconda3/envs/airflow_env/lib/python3.8/site-packages/airflow/example_dags/example_bash_operator.py
[2022-07-25 11:03:53,970] {processor.py:651} INFO - DAG(s) dict_keys(['example_bash_operator']) retrieved from /home/hp/miniconda3/envs/airflow_env/lib/python3.8/site-packages/airflow/example_dags/example_bash_operator.py
[2022-07-25 11:03:53,978] {logging_mixin.py:115} INFO - [2022-07-25 11:03:53,978] {dag.py:2420} INFO - Sync 1 DAGs
[2022-07-25 11:03:53,987] {logging_mixin.py:115} INFO - [2022-07-25 11:03:53,986] {dag.py:2968} INFO - Setting next_dagrun for example_bash_operator to 2022-07-24T00:00:00+00:00, run_after=2022-07-25T00:00:00+00:00
[2022-07-25 11:03:53,995] {processor.py:161} INFO - Processing /home/hp/miniconda3/envs/airflow_env/lib/python3.8/site-packages/airflow/example_dags/example_bash_operator.py took 0.043 seconds
[2022-07-25 11:04:29,290] {processor.py:153} INFO - Started process (PID=62205) to work on /home/hp/miniconda3/envs/airflow_env/lib/python3.8/site-packages/airflow/example_dags/example_bash_operator.py
[2022-07-25 11:04:29,291] {processor.py:641} INFO - Processing file /home/hp/miniconda3/envs/airflow_env/lib/python3.8/site-packages/airflow/example_dags/example_bash_operator.py for tasks to queue
[2022-07-25 11:04:29,291] {logging_mixin.py:115} INFO - [2022-07-25 11:04:29,291] {dagbag.py:508} INFO - Filling up the DagBag from /home/hp/miniconda3/envs/airflow_env/lib/python3.8/site-packages/airflow/example_dags/example_bash_operator.py
[2022-07-25 11:04:29,304] {processor.py:651} INFO - DAG(s) dict_keys(['example_bash_operator']) retrieved from /home/hp/miniconda3/envs/airflow_env/lib/python3.8/site-packages/airflow/example_dags/example_bash_operator.py
[2022-07-25 11:04:29,311] {logging_mixin.py:115} INFO - [2022-07-25 11:04:29,311] {dag.py:2420} INFO - Sync 1 DAGs
[2022-07-25 11:04:29,320] {logging_mixin.py:115} INFO - [2022-07-25 11:04:29,320] {dag.py:2968} INFO - Setting next_dagrun for example_bash_operator to 2022-07-24T00:00:00+00:00, run_after=2022-07-25T00:00:00+00:00
[2022-07-25 11:04:29,329] {processor.py:161} INFO - Processing /home/hp/miniconda3/envs/airflow_env/lib/python3.8/site-packages/airflow/example_dags/example_bash_operator.py took 0.042 seconds
[2022-07-25 11:05:03,990] {processor.py:153} INFO - Started process (PID=62529) to work on /home/hp/miniconda3/envs/airflow_env/lib/python3.8/site-packages/airflow/example_dags/example_bash_operator.py
[2022-07-25 11:05:03,991] {processor.py:641} INFO - Processing file /home/hp/miniconda3/envs/airflow_env/lib/python3.8/site-packages/airflow/example_dags/example_bash_operator.py for tasks to queue
[2022-07-25 11:05:03,991] {logging_mixin.py:115} INFO - [2022-07-25 11:05:03,991] {dagbag.py:508} INFO - Filling up the DagBag from /home/hp/miniconda3/envs/airflow_env/lib/python3.8/site-packages/airflow/example_dags/example_bash_operator.py
[2022-07-25 11:05:04,000] {processor.py:651} INFO - DAG(s) dict_keys(['example_bash_operator']) retrieved from /home/hp/miniconda3/envs/airflow_env/lib/python3.8/site-packages/airflow/example_dags/example_bash_operator.py
[2022-07-25 11:05:04,008] {logging_mixin.py:115} INFO - [2022-07-25 11:05:04,008] {dag.py:2420} INFO - Sync 1 DAGs
[2022-07-25 11:05:04,017] {logging_mixin.py:115} INFO - [2022-07-25 11:05:04,017] {dag.py:2968} INFO - Setting next_dagrun for example_bash_operator to 2022-07-24T00:00:00+00:00, run_after=2022-07-25T00:00:00+00:00
[2022-07-25 11:05:04,025] {processor.py:161} INFO - Processing /home/hp/miniconda3/envs/airflow_env/lib/python3.8/site-packages/airflow/example_dags/example_bash_operator.py took 0.036 seconds
[2022-07-25 11:05:37,539] {processor.py:153} INFO - Started process (PID=62737) to work on /home/hp/miniconda3/envs/airflow_env/lib/python3.8/site-packages/airflow/example_dags/example_bash_operator.py
[2022-07-25 11:05:37,540] {processor.py:641} INFO - Processing file /home/hp/miniconda3/envs/airflow_env/lib/python3.8/site-packages/airflow/example_dags/example_bash_operator.py for tasks to queue
[2022-07-25 11:05:37,540] {logging_mixin.py:115} INFO - [2022-07-25 11:05:37,540] {dagbag.py:508} INFO - Filling up the DagBag from /home/hp/miniconda3/envs/airflow_env/lib/python3.8/site-packages/airflow/example_dags/example_bash_operator.py
[2022-07-25 11:05:37,552] {processor.py:651} INFO - DAG(s) dict_keys(['example_bash_operator']) retrieved from /home/hp/miniconda3/envs/airflow_env/lib/python3.8/site-packages/airflow/example_dags/example_bash_operator.py
[2022-07-25 11:05:37,560] {logging_mixin.py:115} INFO - [2022-07-25 11:05:37,560] {dag.py:2420} INFO - Sync 1 DAGs
[2022-07-25 11:05:37,569] {logging_mixin.py:115} INFO - [2022-07-25 11:05:37,569] {dag.py:2968} INFO - Setting next_dagrun for example_bash_operator to 2022-07-24T00:00:00+00:00, run_after=2022-07-25T00:00:00+00:00
[2022-07-25 11:05:37,577] {processor.py:161} INFO - Processing /home/hp/miniconda3/envs/airflow_env/lib/python3.8/site-packages/airflow/example_dags/example_bash_operator.py took 0.040 seconds
[2022-07-25 11:06:12,631] {processor.py:153} INFO - Started process (PID=62952) to work on /home/hp/miniconda3/envs/airflow_env/lib/python3.8/site-packages/airflow/example_dags/example_bash_operator.py
[2022-07-25 11:06:12,632] {processor.py:641} INFO - Processing file /home/hp/miniconda3/envs/airflow_env/lib/python3.8/site-packages/airflow/example_dags/example_bash_operator.py for tasks to queue
[2022-07-25 11:06:12,633] {logging_mixin.py:115} INFO - [2022-07-25 11:06:12,633] {dagbag.py:508} INFO - Filling up the DagBag from /home/hp/miniconda3/envs/airflow_env/lib/python3.8/site-packages/airflow/example_dags/example_bash_operator.py
[2022-07-25 11:06:12,641] {processor.py:651} INFO - DAG(s) dict_keys(['example_bash_operator']) retrieved from /home/hp/miniconda3/envs/airflow_env/lib/python3.8/site-packages/airflow/example_dags/example_bash_operator.py
[2022-07-25 11:06:12,649] {logging_mixin.py:115} INFO - [2022-07-25 11:06:12,649] {dag.py:2420} INFO - Sync 1 DAGs
[2022-07-25 11:06:12,659] {logging_mixin.py:115} INFO - [2022-07-25 11:06:12,659] {dag.py:2968} INFO - Setting next_dagrun for example_bash_operator to 2022-07-24T00:00:00+00:00, run_after=2022-07-25T00:00:00+00:00
[2022-07-25 11:06:12,668] {processor.py:161} INFO - Processing /home/hp/miniconda3/envs/airflow_env/lib/python3.8/site-packages/airflow/example_dags/example_bash_operator.py took 0.041 seconds
[2022-07-25 11:06:48,693] {processor.py:153} INFO - Started process (PID=63264) to work on /home/hp/miniconda3/envs/airflow_env/lib/python3.8/site-packages/airflow/example_dags/example_bash_operator.py
[2022-07-25 11:06:48,695] {processor.py:641} INFO - Processing file /home/hp/miniconda3/envs/airflow_env/lib/python3.8/site-packages/airflow/example_dags/example_bash_operator.py for tasks to queue
[2022-07-25 11:06:48,695] {logging_mixin.py:115} INFO - [2022-07-25 11:06:48,695] {dagbag.py:508} INFO - Filling up the DagBag from /home/hp/miniconda3/envs/airflow_env/lib/python3.8/site-packages/airflow/example_dags/example_bash_operator.py
[2022-07-25 11:06:48,704] {processor.py:651} INFO - DAG(s) dict_keys(['example_bash_operator']) retrieved from /home/hp/miniconda3/envs/airflow_env/lib/python3.8/site-packages/airflow/example_dags/example_bash_operator.py
[2022-07-25 11:06:48,712] {logging_mixin.py:115} INFO - [2022-07-25 11:06:48,712] {dag.py:2420} INFO - Sync 1 DAGs
[2022-07-25 11:06:48,721] {logging_mixin.py:115} INFO - [2022-07-25 11:06:48,721] {dag.py:2968} INFO - Setting next_dagrun for example_bash_operator to 2022-07-24T00:00:00+00:00, run_after=2022-07-25T00:00:00+00:00
[2022-07-25 11:06:48,730] {processor.py:161} INFO - Processing /home/hp/miniconda3/envs/airflow_env/lib/python3.8/site-packages/airflow/example_dags/example_bash_operator.py took 0.041 seconds
[2022-07-25 11:07:22,349] {processor.py:153} INFO - Started process (PID=63522) to work on /home/hp/miniconda3/envs/airflow_env/lib/python3.8/site-packages/airflow/example_dags/example_bash_operator.py
[2022-07-25 11:07:22,350] {processor.py:641} INFO - Processing file /home/hp/miniconda3/envs/airflow_env/lib/python3.8/site-packages/airflow/example_dags/example_bash_operator.py for tasks to queue
[2022-07-25 11:07:22,350] {logging_mixin.py:115} INFO - [2022-07-25 11:07:22,350] {dagbag.py:508} INFO - Filling up the DagBag from /home/hp/miniconda3/envs/airflow_env/lib/python3.8/site-packages/airflow/example_dags/example_bash_operator.py
[2022-07-25 11:07:22,364] {processor.py:651} INFO - DAG(s) dict_keys(['example_bash_operator']) retrieved from /home/hp/miniconda3/envs/airflow_env/lib/python3.8/site-packages/airflow/example_dags/example_bash_operator.py
[2022-07-25 11:07:22,372] {logging_mixin.py:115} INFO - [2022-07-25 11:07:22,372] {dag.py:2420} INFO - Sync 1 DAGs
[2022-07-25 11:07:22,381] {logging_mixin.py:115} INFO - [2022-07-25 11:07:22,381] {dag.py:2968} INFO - Setting next_dagrun for example_bash_operator to 2022-07-24T00:00:00+00:00, run_after=2022-07-25T00:00:00+00:00
[2022-07-25 11:07:22,390] {processor.py:161} INFO - Processing /home/hp/miniconda3/envs/airflow_env/lib/python3.8/site-packages/airflow/example_dags/example_bash_operator.py took 0.042 seconds
[2022-07-25 11:07:58,198] {processor.py:153} INFO - Started process (PID=63869) to work on /home/hp/miniconda3/envs/airflow_env/lib/python3.8/site-packages/airflow/example_dags/example_bash_operator.py
[2022-07-25 11:07:58,198] {processor.py:641} INFO - Processing file /home/hp/miniconda3/envs/airflow_env/lib/python3.8/site-packages/airflow/example_dags/example_bash_operator.py for tasks to queue
[2022-07-25 11:07:58,199] {logging_mixin.py:115} INFO - [2022-07-25 11:07:58,199] {dagbag.py:508} INFO - Filling up the DagBag from /home/hp/miniconda3/envs/airflow_env/lib/python3.8/site-packages/airflow/example_dags/example_bash_operator.py
[2022-07-25 11:07:58,204] {processor.py:651} INFO - DAG(s) dict_keys(['example_bash_operator']) retrieved from /home/hp/miniconda3/envs/airflow_env/lib/python3.8/site-packages/airflow/example_dags/example_bash_operator.py
[2022-07-25 11:07:58,212] {logging_mixin.py:115} INFO - [2022-07-25 11:07:58,212] {dag.py:2420} INFO - Sync 1 DAGs
[2022-07-25 11:07:58,221] {logging_mixin.py:115} INFO - [2022-07-25 11:07:58,221] {dag.py:2968} INFO - Setting next_dagrun for example_bash_operator to 2022-07-24T00:00:00+00:00, run_after=2022-07-25T00:00:00+00:00
[2022-07-25 11:07:58,230] {processor.py:161} INFO - Processing /home/hp/miniconda3/envs/airflow_env/lib/python3.8/site-packages/airflow/example_dags/example_bash_operator.py took 0.034 seconds
                                                                                                                                                                                                                                                                                                                                                                                                                                                                                                                                                                                                                                                                                                                                                                                                                                                                                                                                                                                                                                                                                                                                                                                                                                                                                                                                                                                                                                            