[2022-07-25 03:03:00,305] {processor.py:153} INFO - Started process (PID=21023) to work on /home/hp/miniconda3/envs/airflow_env/lib/python3.8/site-packages/airflow/example_dags/example_trigger_controller_dag.py
[2022-07-25 03:03:00,306] {processor.py:641} INFO - Processing file /home/hp/miniconda3/envs/airflow_env/lib/python3.8/site-packages/airflow/example_dags/example_trigger_controller_dag.py for tasks to queue
[2022-07-25 03:03:00,306] {logging_mixin.py:115} INFO - [2022-07-25 03:03:00,306] {dagbag.py:508} INFO - Filling up the DagBag from /home/hp/miniconda3/envs/airflow_env/lib/python3.8/site-packages/airflow/example_dags/example_trigger_controller_dag.py
[2022-07-25 03:03:00,310] {processor.py:651} INFO - DAG(s) dict_keys(['example_trigger_controller_dag']) retrieved from /home/hp/miniconda3/envs/airflow_env/lib/python3.8/site-packages/airflow/example_dags/example_trigger_controller_dag.py
[2022-07-25 03:03:00,322] {logging_mixin.py:115} INFO - [2022-07-25 03:03:00,322] {dag.py:2420} INFO - Sync 1 DAGs
[2022-07-25 03:03:00,330] {logging_mixin.py:115} INFO - [2022-07-25 03:03:00,330] {dag.py:2968} INFO - Setting next_dagrun for example_trigger_controller_dag to 2021-01-01T00:00:00+00:00, run_after=2021-01-01T00:00:00+00:00
[2022-07-25 03:03:00,351] {processor.py:161} INFO - Processing /home/hp/miniconda3/envs/airflow_env/lib/python3.8/site-packages/airflow/example_dags/example_trigger_controller_dag.py took 0.050 seconds
[2022-07-25 03:07:39,316] {processor.py:153} INFO - Started process (PID=21506) to work on /home/hp/miniconda3/envs/airflow_env/lib/python3.8/site-packages/airflow/example_dags/example_trigger_controller_dag.py
[2022-07-25 03:07:39,318] {processor.py:641} INFO - Processing file /home/hp/miniconda3/envs/airflow_env/lib/python3.8/site-packages/airflow/example_dags/example_trigger_controller_dag.py for tasks to queue
[2022-07-25 03:07:39,319] {logging_mixin.py:115} INFO - [2022-07-25 03:07:39,318] {dagbag.py:508} INFO - Filling up the DagBag from /home/hp/miniconda3/envs/airflow_env/lib/python3.8/site-packages/airflow/example_dags/example_trigger_controller_dag.py
[2022-07-25 03:07:39,322] {processor.py:651} INFO - DAG(s) dict_keys(['example_trigger_controller_dag']) retrieved from /home/hp/miniconda3/envs/airflow_env/lib/python3.8/site-packages/airflow/example_dags/example_trigger_controller_dag.py
[2022-07-25 03:07:39,335] {logging_mixin.py:115} INFO - [2022-07-25 03:07:39,335] {dag.py:2420} INFO - Sync 1 DAGs
[2022-07-25 03:07:39,343] {logging_mixin.py:115} INFO - [2022-07-25 03:07:39,343] {dag.py:2968} INFO - Setting next_dagrun for example_trigger_controller_dag to 2021-01-01T00:00:00+00:00, run_after=2021-01-01T00:00:00+00:00
[2022-07-25 03:07:39,352] {processor.py:161} INFO - Processing /home/hp/miniconda3/envs/airflow_env/lib/python3.8/site-packages/airflow/example_dags/example_trigger_controller_dag.py took 0.040 seconds
[2022-07-25 03:17:55,015] {processor.py:153} INFO - Started process (PID=22194) to work on /home/hp/miniconda3/envs/airflow_env/lib/python3.8/site-packages/airflow/example_dags/example_trigger_controller_dag.py
[2022-07-25 03:17:55,016] {processor.py:641} INFO - Processing file /home/hp/miniconda3/envs/airflow_env/lib/python3.8/site-packages/airflow/example_dags/example_trigger_controller_dag.py for tasks to queue
[2022-07-25 03:17:55,017] {logging_mixin.py:115} INFO - [2022-07-25 03:17:55,017] {dagbag.py:508} INFO - Filling up the DagBag from /home/hp/miniconda3/envs/airflow_env/lib/python3.8/site-packages/airflow/example_dags/example_trigger_controller_dag.py
[2022-07-25 03:17:55,021] {processor.py:651} INFO - DAG(s) dict_keys(['example_trigger_controller_dag']) retrieved from /home/hp/miniconda3/envs/airflow_env/lib/python3.8/site-packages/airflow/example_dags/example_trigger_controller_dag.py
[2022-07-25 03:17:55,033] {logging_mixin.py:115} INFO - [2022-07-25 03:17:55,033] {dag.py:2420} INFO - Sync 1 DAGs
[2022-07-25 03:17:55,043] {logging_mixin.py:115} INFO - [2022-07-25 03:17:55,042] {dag.py:2968} INFO - Setting next_dagrun for example_trigger_controller_dag to 2021-01-01T00:00:00+00:00, run_after=2021-01-01T00:00:00+00:00
[2022-07-25 03:17:55,052] {processor.py:161} INFO - Processing /home/hp/miniconda3/envs/airflow_env/lib/python3.8/site-packages/airflow/example_dags/example_trigger_controller_dag.py took 0.041 seconds
[2022-07-25 03:23:15,873] {processor.py:153} INFO - Started process (PID=22676) to work on /home/hp/miniconda3/envs/airflow_env/lib/python3.8/site-packages/airflow/example_dags/example_trigger_controller_dag.py
[2022-07-25 03:23:15,874] {processor.py:641} INFO - Processing file /home/hp/miniconda3/envs/airflow_env/lib/python3.8/site-packages/airflow/example_dags/example_trigger_controller_dag.py for tasks to queue
[2022-07-25 03:23:15,875] {logging_mixin.py:115} INFO - [2022-07-25 03:23:15,875] {dagbag.py:508} INFO - Filling up the DagBag from /home/hp/miniconda3/envs/airflow_env/lib/python3.8/site-packages/airflow/example_dags/example_trigger_controller_dag.py
[2022-07-25 03:23:15,879] {processor.py:651} INFO - DAG(s) dict_keys(['example_trigger_controller_dag']) retrieved from /home/hp/miniconda3/envs/airflow_env/lib/python3.8/site-packages/airflow/example_dags/example_trigger_controller_dag.py
[2022-07-25 03:23:15,890] {logging_mixin.py:115} INFO - [2022-07-25 03:23:15,890] {dag.py:2420} INFO - Sync 1 DAGs
[2022-07-25 03:23:15,901] {logging_mixin.py:115} INFO - [2022-07-25 03:23:15,901] {dag.py:2968} INFO - Setting next_dagrun for example_trigger_controller_dag to 2021-01-01T00:00:00+00:00, run_after=2021-01-01T00:00:00+00:00
[2022-07-25 03:23:15,910] {processor.py:161} INFO - Processing /home/hp/miniconda3/envs/airflow_env/lib/python3.8/site-packages/airflow/example_dags/example_trigger_controller_dag.py took 0.041 seconds
[2022-07-25 03:28:40,177] {processor.py:153} INFO - Started process (PID=23137) to work on /home/hp/miniconda3/envs/airflow_env/lib/python3.8/site-packages/airflow/example_dags/example_trigger_controller_dag.py
[2022-07-25 03:28:40,179] {processor.py:641} INFO - Processing file /home/hp/miniconda3/envs/airflow_env/lib/python3.8/site-packages/airflow/example_dags/example_trigger_controller_dag.py for tasks to queue
[2022-07-25 03:28:40,179] {logging_mixin.py:115} INFO - [2022-07-25 03:28:40,179] {dagbag.py:508} INFO - Filling up the DagBag from /home/hp/miniconda3/envs/airflow_env/lib/python3.8/site-packages/airflow/example_dags/example_trigger_controller_dag.py
[2022-07-25 03:28:40,183] {processor.py:651} INFO - DAG(s) dict_keys(['example_trigger_controller_dag']) retrieved from /home/hp/miniconda3/envs/airflow_env/lib/python3.8/site-packages/airflow/example_dags/example_trigger_controller_dag.py
[2022-07-25 03:28:40,193] {logging_mixin.py:115} INFO - [2022-07-25 03:28:40,193] {dag.py:2420} INFO - Sync 1 DAGs
[2022-07-25 03:28:40,204] {logging_mixin.py:115} INFO - [2022-07-25 03:28:40,204] {dag.py:2968} INFO - Setting next_dagrun for example_trigger_controller_dag to 2021-01-01T00:00:00+00:00, run_after=2021-01-01T00:00:00+00:00
[2022-07-25 03:28:40,215] {processor.py:161} INFO - Processing /home/hp/miniconda3/envs/airflow_env/lib/python3.8/site-packages/airflow/example_dags/example_trigger_controller_dag.py took 0.042 seconds
[2022-07-25 03:30:50,729] {processor.py:153} INFO - Started process (PID=23635) to work on /home/hp/miniconda3/envs/airflow_env/lib/python3.8/site-packages/airflow/example_dags/example_trigger_controller_dag.py
[2022-07-25 03:30:50,731] {processor.py:641} INFO - Processing file /home/hp/miniconda3/envs/airflow_env/lib/python3.8/site-packages/airflow/example_dags/example_trigger_controller_dag.py for tasks to queue
[2022-07-25 03:30:50,731] {logging_mixin.py:115} INFO - [2022-07-25 03:30:50,731] {dagbag.py:508} INFO - Filling up the DagBag from /home/hp/miniconda3/envs/airflow_env/lib/python3.8/site-packages/airflow/example_dags/example_trigger_controller_dag.py
[2022-07-25 03:30:50,735] {processor.py:651} INFO - DAG(s) dict_keys(['example_trigger_controller_dag']) retrieved from /home/hp/miniconda3/envs/airflow_env/lib/python3.8/site-packages/airflow/example_dags/example_trigger_controller_dag.py
[2022-07-25 03:30:50,747] {logging_mixin.py:115} INFO - [2022-07-25 03:30:50,747] {dag.py:2420} INFO - Sync 1 DAGs
[2022-07-25 03:30:50,758] {logging_mixin.py:115} INFO - [2022-07-25 03:30:50,758] {dag.py:2968} INFO - Setting next_dagrun for example_trigger_controller_dag to 2021-01-01T00:00:00+00:00, run_after=2021-01-01T00:00:00+00:00
[2022-07-25 03:30:50,768] {processor.py:161} INFO - Processing /home/hp/miniconda3/envs/airflow_env/lib/python3.8/site-packages/airflow/example_dags/example_trigger_controller_dag.py took 0.042 seconds
[2022-07-25 03:34:08,679] {processor.py:153} INFO - Started process (PID=24053) to work on /home/hp/miniconda3/envs/airflow_env/lib/python3.8/site-packages/airflow/example_dags/example_trigger_controller_dag.py
[2022-07-25 03:34:08,681] {processor.py:641} INFO - Processing file /home/hp/miniconda3/envs/airflow_env/lib/python3.8/site-packages/airflow/example_dags/example_trigger_controller_dag.py for tasks to queue
[2022-07-25 03:34:08,681] {logging_mixin.py:115} INFO - [2022-07-25 03:34:08,681] {dagbag.py:508} INFO - Filling up the DagBag from /home/hp/miniconda3/envs/airflow_env/lib/python3.8/site-packages/airflow/example_dags/example_trigger_controller_dag.py
[2022-07-25 03:34:08,685] {processor.py:651} INFO - DAG(s) dict_keys(['example_trigger_controller_dag']) retrieved from /home/hp/miniconda3/envs/airflow_env/lib/python3.8/site-packages/airflow/example_dags/example_trigger_controller_dag.py
[2022-07-25 03:34:08,697] {logging_mixin.py:115} INFO - [2022-07-25 03:34:08,697] {dag.py:2420} INFO - Sync 1 DAGs
[2022-07-25 03:34:08,707] {logging_mixin.py:115} INFO - [2022-07-25 03:34:08,707] {dag.py:2968} INFO - Setting next_dagrun for example_trigger_controller_dag to 2021-01-01T00:00:00+00:00, run_after=2021-01-01T00:00:00+00:00
[2022-07-25 03:34:08,717] {processor.py:161} INFO - Processing /home/hp/miniconda3/envs/airflow_env/lib/python3.8/site-packages/airflow/example_dags/example_trigger_controller_dag.py took 0.041 seconds
[2022-07-25 03:44:22,469] {processor.py:153} INFO - Started process (PID=24704) to work on /home/hp/miniconda3/envs/airflow_env/lib/python3.8/site-packages/airflow/example_dags/example_trigger_controller_dag.py
[2022-07-25 03:44:22,470] {processor.py:641} INFO - Processing file /home/hp/miniconda3/envs/airflow_env/lib/python3.8/site-packages/airflow/example_dags/example_trigger_controller_dag.py for tasks to queue
[2022-07-25 03:44:22,471] {logging_mixin.py:115} INFO - [2022-07-25 03:44:22,471] {dagbag.py:508} INFO - Filling up the DagBag from /home/hp/miniconda3/envs/airflow_env/lib/python3.8/site-packages/airflow/example_dags/example_trigger_controller_dag.py
[2022-07-25 03:44:22,476] {processor.py:651} INFO - DAG(s) dict_keys(['example_trigger_controller_dag']) retrieved from /home/hp/miniconda3/envs/airflow_env/lib/python3.8/site-packages/airflow/example_dags/example_trigger_controller_dag.py
[2022-07-25 03:44:22,491] {logging_mixin.py:115} INFO - [2022-07-25 03:44:22,491] {dag.py:2420} INFO - Sync 1 DAGs
[2022-07-25 03:44:22,501] {logging_mixin.py:115} INFO - [2022-07-25 03:44:22,501] {dag.py:2968} INFO - Setting next_dagrun for example_trigger_controller_dag to 2021-01-01T00:00:00+00:00, run_after=2021-01-01T00:00:00+00:00
[2022-07-25 03:44:22,512] {processor.py:161} INFO - Processing /home/hp/miniconda3/envs/airflow_env/lib/python3.8/site-packages/airflow/example_dags/example_trigger_controller_dag.py took 0.047 seconds
[2022-07-25 03:49:44,628] {processor.py:153} INFO - Started process (PID=25104) to work on /home/hp/miniconda3/envs/airflow_env/lib/python3.8/site-packages/airflow/example_dags/example_trigger_controller_dag.py
[2022-07-25 03:49:44,628] {processor.py:641} INFO - Processing file /home/hp/miniconda3/envs/airflow_env/lib/python3.8/site-packages/airflow/example_dags/example_trigger_controller_dag.py for tasks to queue
[2022-07-25 03:49:44,629] {logging_mixin.py:115} INFO - [2022-07-25 03:49:44,628] {dagbag.py:508} INFO - Filling up the DagBag from /home/hp/miniconda3/envs/airflow_env/lib/python3.8/site-packages/airflow/example_dags/example_trigger_controller_dag.py
[2022-07-25 03:49:44,630] {processor.py:651} INFO - DAG(s) dict_keys(['example_trigger_controller_dag']) retrieved from /home/hp/miniconda3/envs/airflow_env/lib/python3.8/site-packages/airflow/example_dags/example_trigger_controller_dag.py
[2022-07-25 03:49:44,641] {logging_mixin.py:115} INFO - [2022-07-25 03:49:44,641] {dag.py:2420} INFO - Sync 1 DAGs
[2022-07-25 03:49:44,652] {logging_mixin.py:115} INFO - [2022-07-25 03:49:44,652] {dag.py:2968} INFO - Setting next_dagrun for example_trigger_controller_dag to 2021-01-01T00:00:00+00:00, run_after=2021-01-01T00:00:00+00:00
[2022-07-25 03:49:44,661] {processor.py:161} INFO - Processing /home/hp/miniconda3/envs/airflow_env/lib/python3.8/site-packages/airflow/example_dags/example_trigger_controller_dag.py took 0.036 seconds
[2022-07-25 03:55:07,589] {processor.py:153} INFO - Started process (PID=25464) to work on /home/hp/miniconda3/envs/airflow_env/lib/python3.8/site-packages/airflow/example_dags/example_trigger_controller_dag.py
[2022-07-25 03:55:07,590] {processor.py:641} INFO - Processing file /home/hp/miniconda3/envs/airflow_env/lib/python3.8/site-packages/airflow/example_dags/example_trigger_controller_dag.py for tasks to queue
[2022-07-25 03:55:07,590] {logging_mixin.py:115} INFO - [2022-07-25 03:55:07,590] {dagbag.py:508} INFO - Filling up the DagBag from /home/hp/miniconda3/envs/airflow_env/lib/python3.8/site-packages/airflow/example_dags/example_trigger_controller_dag.py
[2022-07-25 03:55:07,594] {processor.py:651} INFO - DAG(s) dict_keys(['example_trigger_controller_dag']) retrieved from /home/hp/miniconda3/envs/airflow_env/lib/python3.8/site-packages/airflow/example_dags/example_trigger_controller_dag.py
[2022-07-25 03:55:07,606] {logging_mixin.py:115} INFO - [2022-07-25 03:55:07,606] {dag.py:2420} INFO - Sync 1 DAGs
[2022-07-25 03:55:07,616] {logging_mixin.py:115} INFO - [2022-07-25 03:55:07,616] {dag.py:2968} INFO - Setting next_dagrun for example_trigger_controller_dag to 2021-01-01T00:00:00+00:00, run_after=2021-01-01T00:00:00+00:00
[2022-07-25 03:55:07,625] {processor.py:161} INFO - Processing /home/hp/miniconda3/envs/airflow_env/lib/python3.8/site-packages/airflow/example_dags/example_trigger_controller_dag.py took 0.041 seconds
[2022-07-25 04:00:29,565] {processor.py:153} INFO - Started process (PID=25803) to work on /home/hp/miniconda3/envs/airflow_env/lib/python3.8/site-packages/airflow/example_dags/example_trigger_controller_dag.py
[2022-07-25 04:00:29,566] {processor.py:641} INFO - Processing file /home/hp/miniconda3/envs/airflow_env/lib/python3.8/site-packages/airflow/example_dags/example_trigger_controller_dag.py for tasks to queue
[2022-07-25 04:00:29,566] {logging_mixin.py:115} INFO - [2022-07-25 04:00:29,566] {dagbag.py:508} INFO - Filling up the DagBag from /home/hp/miniconda3/envs/airflow_env/lib/python3.8/site-packages/airflow/example_dags/example_trigger_controller_dag.py
[2022-07-25 04:00:29,570] {processor.py:651} INFO - DAG(s) dict_keys(['example_trigger_controller_dag']) retrieved from /home/hp/miniconda3/envs/airflow_env/lib/python3.8/site-packages/airflow/example_dags/example_trigger_controller_dag.py
[2022-07-25 04:00:29,583] {logging_mixin.py:115} INFO - [2022-07-25 04:00:29,583] {dag.py:2420} INFO - Sync 1 DAGs
[2022-07-25 04:00:29,592] {logging_mixin.py:115} INFO - [2022-07-25 04:00:29,592] {dag.py:2968} INFO - Setting next_dagrun for example_trigger_controller_dag to 2021-01-01T00:00:00+00:00, run_after=2021-01-01T00:00:00+00:00
[2022-07-25 04:00:29,602] {processor.py:161} INFO - Processing /home/hp/miniconda3/envs/airflow_env/lib/python3.8/site-packages/airflow/example_dags/example_trigger_controller_dag.py took 0.042 seconds
[2022-07-25 04:01:09,490] {processor.py:153} INFO - Started process (PID=26033) to work on /home/hp/miniconda3/envs/airflow_env/lib/python3.8/site-packages/airflow/example_dags/example_trigger_controller_dag.py
[2022-07-25 04:01:09,491] {processor.py:641} INFO - Processing file /home/hp/miniconda3/envs/airflow_env/lib/python3.8/site-packages/airflow/example_dags/example_trigger_controller_dag.py for tasks to queue
[2022-07-25 04:01:09,492] {logging_mixin.py:115} INFO - [2022-07-25 04:01:09,492] {dagbag.py:508} INFO - Filling up the DagBag from /home/hp/miniconda3/envs/airflow_env/lib/python3.8/site-packages/airflow/example_dags/example_trigger_controller_dag.py
[2022-07-25 04:01:09,496] {processor.py:651} INFO - DAG(s) dict_keys(['example_trigger_controller_dag']) retrieved from /home/hp/miniconda3/envs/airflow_env/lib/python3.8/site-packages/airflow/example_dags/example_trigger_controller_dag.py
[2022-07-25 04:01:09,507] {logging_mixin.py:115} INFO - [2022-07-25 04:01:09,507] {dag.py:2420} INFO - Sync 1 DAGs
[2022-07-25 04:01:09,517] {logging_mixin.py:115} INFO - [2022-07-25 04:01:09,517] {dag.py:2968} INFO - Setting next_dagrun for example_trigger_controller_dag to 2021-01-01T00:00:00+00:00, run_after=2021-01-01T00:00:00+00:00
[2022-07-25 04:01:09,528] {processor.py:161} INFO - Processing /home/hp/miniconda3/envs/airflow_env/lib/python3.8/site-packages/airflow/example_dags/example_trigger_controller_dag.py took 0.042 seconds
[2022-07-25 04:02:24,679] {processor.py:153} INFO - Started process (PID=26482) to work on /home/hp/miniconda3/envs/airflow_env/lib/python3.8/site-packages/airflow/example_dags/example_trigger_controller_dag.py
[2022-07-25 04:02:24,681] {processor.py:641} INFO - Processing file /home/hp/miniconda3/envs/airflow_env/lib/python3.8/site-packages/airflow/example_dags/example_trigger_controller_dag.py for tasks to queue
[2022-07-25 04:02:24,681] {logging_mixin.py:115} INFO - [2022-07-25 04:02:24,681] {dagbag.py:508} INFO - Filling up the DagBag from /home/hp/miniconda3/envs/airflow_env/lib/python3.8/site-packages/airflow/example_dags/example_trigger_controller_dag.py
[2022-07-25 04:02:24,686] {processor.py:651} INFO - DAG(s) dict_keys(['example_trigger_controller_dag']) retrieved from /home/hp/miniconda3/envs/airflow_env/lib/python3.8/site-packages/airflow/example_dags/example_trigger_controller_dag.py
[2022-07-25 04:02:24,698] {logging_mixin.py:115} INFO - [2022-07-25 04:02:24,698] {dag.py:2420} INFO - Sync 1 DAGs
[2022-07-25 04:02:24,708] {logging_mixin.py:115} INFO - [2022-07-25 04:02:24,708] {dag.py:2968} INFO - Setting next_dagrun for example_trigger_controller_dag to 2021-01-01T00:00:00+00:00, run_after=2021-01-01T00:00:00+00:00
[2022-07-25 04:02:24,718] {processor.py:161} INFO - Processing /home/hp/miniconda3/envs/airflow_env/lib/python3.8/site-packages/airflow/example_dags/example_trigger_controller_dag.py took 0.042 seconds
[2022-07-25 04:05:54,541] {processor.py:153} INFO - Started process (PID=26793) to work on /home/hp/miniconda3/envs/airflow_env/lib/python3.8/site-packages/airflow/example_dags/example_trigger_controller_dag.py
[2022-07-25 04:05:54,542] {processor.py:641} INFO - Processing file /home/hp/miniconda3/envs/airflow_env/lib/python3.8/site-packages/airflow/example_dags/example_trigger_controller_dag.py for tasks to queue
[2022-07-25 04:05:54,543] {logging_mixin.py:115} INFO - [2022-07-25 04:05:54,543] {dagbag.py:508} INFO - Filling up the DagBag from /home/hp/miniconda3/envs/airflow_env/lib/python3.8/site-packages/airflow/example_dags/example_trigger_controller_dag.py
[2022-07-25 04:05:54,547] {processor.py:651} INFO - DAG(s) dict_keys(['example_trigger_controller_dag']) retrieved from /home/hp/miniconda3/envs/airflow_env/lib/python3.8/site-packages/airflow/example_dags/example_trigger_controller_dag.py
[2022-07-25 04:05:54,564] {logging_mixin.py:115} INFO - [2022-07-25 04:05:54,564] {dag.py:2420} INFO - Sync 1 DAGs
[2022-07-25 04:05:54,573] {logging_mixin.py:115} INFO - [2022-07-25 04:05:54,573] {dag.py:2968} INFO - Setting next_dagrun for example_trigger_controller_dag to 2021-01-01T00:00:00+00:00, run_after=2021-01-01T00:00:00+00:00
[2022-07-25 04:05:54,585] {processor.py:161} INFO - Processing /home/hp/miniconda3/envs/airflow_env/lib/python3.8/site-packages/airflow/example_dags/example_trigger_controller_dag.py took 0.048 seconds
[2022-07-25 04:16:06,176] {processor.py:153} INFO - Started process (PID=27241) to work on /home/hp/miniconda3/envs/airflow_env/lib/python3.8/site-packages/airflow/example_dags/example_trigger_controller_dag.py
[2022-07-25 04:16:06,177] {processor.py:641} INFO - Processing file /home/hp/miniconda3/envs/airflow_env/lib/python3.8/site-packages/airflow/example_dags/example_trigger_controller_dag.py for tasks to queue
[2022-07-25 04:16:06,177] {logging_mixin.py:115} INFO - [2022-07-25 04:16:06,177] {dagbag.py:508} INFO - Filling up the DagBag from /home/hp/miniconda3/envs/airflow_env/lib/python3.8/site-packages/airflow/example_dags/example_trigger_controller_dag.py
[2022-07-25 04:16:06,182] {processor.py:651} INFO - DAG(s) dict_keys(['example_trigger_controller_dag']) retrieved from /home/hp/miniconda3/envs/airflow_env/lib/python3.8/site-packages/airflow/example_dags/example_trigger_controller_dag.py
[2022-07-25 04:16:06,193] {logging_mixin.py:115} INFO - [2022-07-25 04:16:06,192] {dag.py:2420} INFO - Sync 1 DAGs
[2022-07-25 04:16:06,202] {logging_mixin.py:115} INFO - [2022-07-25 04:16:06,202] {dag.py:2968} INFO - Setting next_dagrun for example_trigger_controller_dag to 2021-01-01T00:00:00+00:00, run_after=2021-01-01T00:00:00+00:00
[2022-07-25 04:16:06,211] {processor.py:161} INFO - Processing /home/hp/miniconda3/envs/airflow_env/lib/python3.8/site-packages/airflow/example_dags/example_trigger_controller_dag.py took 0.040 seconds
[2022-07-25 04:21:29,524] {processor.py:153} INFO - Started process (PID=27567) to work on /home/hp/miniconda3/envs/airflow_env/lib/python3.8/site-packages/airflow/example_dags/example_trigger_controller_dag.py
[2022-07-25 04:21:29,526] {processor.py:641} INFO - Processing file /home/hp/miniconda3/envs/airflow_env/lib/python3.8/site-packages/airflow/example_dags/example_trigger_controller_dag.py for tasks to queue
[2022-07-25 04:21:29,526] {logging_mixin.py:115} INFO - [2022-07-25 04:21:29,526] {dagbag.py:508} INFO - Filling up the DagBag from /home/hp/miniconda3/envs/airflow_env/lib/python3.8/site-packages/airflow/example_dags/example_trigger_controller_dag.py
[2022-07-25 04:21:29,530] {processor.py:651} INFO - DAG(s) dict_keys(['example_trigger_controller_dag']) retrieved from /home/hp/miniconda3/envs/airflow_env/lib/python3.8/site-packages/airflow/example_dags/example_trigger_controller_dag.py
[2022-07-25 04:21:29,542] {logging_mixin.py:115} INFO - [2022-07-25 04:21:29,542] {dag.py:2420} INFO - Sync 1 DAGs
[2022-07-25 04:21:29,551] {logging_mixin.py:115} INFO - [2022-07-25 04:21:29,551] {dag.py:2968} INFO - Setting next_dagrun for example_trigger_controller_dag to 2021-01-01T00:00:00+00:00, run_after=2021-01-01T00:00:00+00:00
[2022-07-25 04:21:29,560] {processor.py:161} INFO - Processing /home/hp/miniconda3/envs/airflow_env/lib/python3.8/site-packages/airflow/example_dags/example_trigger_controller_dag.py took 0.040 seconds
[2022-07-25 04:26:53,515] {processor.py:153} INFO - Started process (PID=27867) to work on /home/hp/miniconda3/envs/airflow_env/lib/python3.8/site-packages/airflow/example_dags/example_trigger_controller_dag.py
[2022-07-25 04:26:53,516] {processor.py:641} INFO - Processing file /home/hp/miniconda3/envs/airflow_env/lib/python3.8/site-packages/airflow/example_dags/example_trigger_controller_dag.py for tasks to queue
[2022-07-25 04:26:53,516] {logging_mixin.py:115} INFO - [2022-07-25 04:26:53,516] {dagbag.py:508} INFO - Filling up the DagBag from /home/hp/miniconda3/envs/airflow_env/lib/python3.8/site-packages/airflow/example_dags/example_trigger_controller_dag.py
[2022-07-25 04:26:53,521] {processor.py:651} INFO - DAG(s) dict_keys(['example_trigger_controller_dag']) retrieved from /home/hp/miniconda3/envs/airflow_env/lib/python3.8/site-packages/airflow/example_dags/example_trigger_controller_dag.py
[2022-07-25 04:26:53,537] {logging_mixin.py:115} INFO - [2022-07-25 04:26:53,537] {dag.py:2420} INFO - Sync 1 DAGs
[2022-07-25 04:26:53,546] {logging_mixin.py:115} INFO - [2022-07-25 04:26:53,546] {dag.py:2968} INFO - Setting next_dagrun for example_trigger_controller_dag to 2021-01-01T00:00:00+00:00, run_after=2021-01-01T00:00:00+00:00
[2022-07-25 04:26:53,557] {processor.py:161} INFO - Processing /home/hp/miniconda3/envs/airflow_env/lib/python3.8/site-packages/airflow/example_dags/example_trigger_controller_dag.py took 0.046 seconds
[2022-07-25 04:32:16,209] {processor.py:153} INFO - Started process (PID=28150) to work on /home/hp/miniconda3/envs/airflow_env/lib/python3.8/site-packages/airflow/example_dags/example_trigger_controller_dag.py
[2022-07-25 04:32:16,210] {processor.py:641} INFO - Processing file /home/hp/miniconda3/envs/airflow_env/lib/python3.8/site-packages/airflow/example_dags/example_trigger_controller_dag.py for tasks to queue
[2022-07-25 04:32:16,211] {logging_mixin.py:115} INFO - [2022-07-25 04:32:16,211] {dagbag.py:508} INFO - Filling up the DagBag from /home/hp/miniconda3/envs/airflow_env/lib/python3.8/site-packages/airflow/example_dags/example_trigger_controller_dag.py
[2022-07-25 04:32:16,216] {processor.py:651} INFO - DAG(s) dict_keys(['example_trigger_controller_dag']) retrieved from /home/hp/miniconda3/envs/airflow_env/lib/python3.8/site-packages/airflow/example_dags/example_trigger_controller_dag.py
[2022-07-25 04:32:16,227] {logging_mixin.py:115} INFO - [2022-07-25 04:32:16,227] {dag.py:2420} INFO - Sync 1 DAGs
[2022-07-25 04:32:16,237] {logging_mixin.py:115} INFO - [2022-07-25 04:32:16,237] {dag.py:2968} INFO - Setting next_dagrun for example_trigger_controller_dag to 2021-01-01T00:00:00+00:00, run_after=2021-01-01T00:00:00+00:00
[2022-07-25 04:32:16,248] {processor.py:161} INFO - Processing /home/hp/miniconda3/envs/airflow_env/lib/python3.8/site-packages/airflow/example_dags/example_trigger_controller_dag.py took 0.043 seconds
[2022-07-25 04:37:39,548] {processor.py:153} INFO - Started process (PID=28462) to work on /home/hp/miniconda3/envs/airflow_env/lib/python3.8/site-packages/airflow/example_dags/example_trigger_controller_dag.py
[2022-07-25 04:37:39,549] {processor.py:641} INFO - Processing file /home/hp/miniconda3/envs/airflow_env/lib/python3.8/site-packages/airflow/example_dags/example_trigger_controller_dag.py for tasks to queue
[2022-07-25 04:37:39,550] {logging_mixin.py:115} INFO - [2022-07-25 04:37:39,550] {dagbag.py:508} INFO - Filling up the DagBag from /home/hp/miniconda3/envs/airflow_env/lib/python3.8/site-packages/airflow/example_dags/example_trigger_controller_dag.py
[2022-07-25 04:37:39,554] {processor.py:651} INFO - DAG(s) dict_keys(['example_trigger_controller_dag']) retrieved from /home/hp/miniconda3/envs/airflow_env/lib/python3.8/site-packages/airflow/example_dags/example_trigger_controller_dag.py
[2022-07-25 04:37:39,564] {logging_mixin.py:115} INFO - [2022-07-25 04:37:39,564] {dag.py:2420} INFO - Sync 1 DAGs
[2022-07-25 04:37:39,575] {logging_mixin.py:115} INFO - [2022-07-25 04:37:39,575] {dag.py:2968} INFO - Setting next_dagrun for example_trigger_controller_dag to 2021-01-01T00:00:00+00:00, run_after=2021-01-01T00:00:00+00:00
[2022-07-25 04:37:39,584] {processor.py:161} INFO - Processing /home/hp/miniconda3/envs/airflow_env/lib/python3.8/site-packages/airflow/example_dags/example_trigger_controller_dag.py took 0.040 seconds
[2022-07-25 10:58:16,237] {processor.py:153} INFO - Started process (PID=57038) to work on /home/hp/miniconda3/envs/airflow_env/lib/python3.8/site-packages/airflow/example_dags/example_trigger_controller_dag.py
[2022-07-25 10:58:16,238] {processor.py:641} INFO - Processing file /home/hp/miniconda3/envs/airflow_env/lib/python3.8/site-packages/airflow/example_dags/example_trigger_controller_dag.py for tasks to queue
[2022-07-25 10:58:16,239] {logging_mixin.py:115} INFO - [2022-07-25 10:58:16,238] {dagbag.py:508} INFO - Filling up the DagBag from /home/hp/miniconda3/envs/airflow_env/lib/python3.8/site-packages/airflow/example_dags/example_trigger_controller_dag.py
[2022-07-25 10:58:16,242] {processor.py:651} INFO - DAG(s) dict_keys(['example_trigger_controller_dag']) retrieved from /home/hp/miniconda3/envs/airflow_env/lib/python3.8/site-packages/airflow/example_dags/example_trigger_controller_dag.py
[2022-07-25 10:58:16,251] {logging_mixin.py:115} INFO - [2022-07-25 10:58:16,251] {dag.py:2420} INFO - Sync 1 DAGs
[2022-07-25 10:58:16,259] {logging_mixin.py:115} INFO - [2022-07-25 10:58:16,259] {dag.py:2968} INFO - Setting next_dagrun for example_trigger_controller_dag to 2021-01-01T00:00:00+00:00, run_after=2021-01-01T00:00:00+00:00
[2022-07-25 10:58:16,268] {processor.py:161} INFO - Processing /home/hp/miniconda3/envs/airflow_env/lib/python3.8/site-packages/airflow/example_dags/example_trigger_controller_dag.py took 0.035 seconds
[2022-07-25 10:58:50,516] {processor.py:153} INFO - Started process (PID=57484) to work on /home/hp/miniconda3/envs/airflow_env/lib/python3.8/site-packages/airflow/example_dags/example_trigger_controller_dag.py
[2022-07-25 10:58:50,517] {processor.py:641} INFO - Processing file /home/hp/miniconda3/envs/airflow_env/lib/python3.8/site-packages/airflow/example_dags/example_trigger_controller_dag.py for tasks to queue
[2022-07-25 10:58:50,518] {logging_mixin.py:115} INFO - [2022-07-25 10:58:50,518] {dagbag.py:508} INFO - Filling up the DagBag from /home/hp/miniconda3/envs/airflow_env/lib/python3.8/site-packages/airflow/example_dags/example_trigger_controller_dag.py
[2022-07-25 10:58:50,521] {processor.py:651} INFO - DAG(s) dict_keys(['example_trigger_controller_dag']) retrieved from /home/hp/miniconda3/envs/airflow_env/lib/python3.8/site-packages/airflow/example_dags/example_trigger_controller_dag.py
[2022-07-25 10:58:50,533] {logging_mixin.py:115} INFO - [2022-07-25 10:58:50,533] {dag.py:2420} INFO - Sync 1 DAGs
[2022-07-25 10:58:50,541] {logging_mixin.py:115} INFO - [2022-07-25 10:58:50,541] {dag.py:2968} INFO - Setting next_dagrun for example_trigger_controller_dag to 2021-01-01T00:00:00+00:00, run_after=2021-01-01T00:00:00+00:00
[2022-07-25 10:58:50,549] {processor.py:161} INFO - Processing /home/hp/miniconda3/envs/airflow_env/lib/python3.8/site-packages/airflow/example_dags/example_trigger_controller_dag.py took 0.037 seconds
[2022-07-25 10:59:26,481] {processor.py:153} INFO - Started process (PID=57731) to work on /home/hp/miniconda3/envs/airflow_env/lib/python3.8/site-packages/airflow/example_dags/example_trigger_controller_dag.py
[2022-07-25 10:59:26,483] {processor.py:641} INFO - Processing file /home/hp/miniconda3/envs/airflow_env/lib/python3.8/site-packages/airflow/example_dags/example_trigger_controller_dag.py for tasks to queue
[2022-07-25 10:59:26,483] {logging_mixin.py:115} INFO - [2022-07-25 10:59:26,483] {dagbag.py:508} INFO - Filling up the DagBag from /home/hp/miniconda3/envs/airflow_env/lib/python3.8/site-packages/airflow/example_dags/example_trigger_controller_dag.py
[2022-07-25 10:59:26,486] {processor.py:651} INFO - DAG(s) dict_keys(['example_trigger_controller_dag']) retrieved from /home/hp/miniconda3/envs/airflow_env/lib/python3.8/site-packages/airflow/example_dags/example_trigger_controller_dag.py
[2022-07-25 10:59:26,493] {logging_mixin.py:115} INFO - [2022-07-25 10:59:26,493] {dag.py:2420} INFO - Sync 1 DAGs
[2022-07-25 10:59:26,502] {logging_mixin.py:115} INFO - [2022-07-25 10:59:26,502] {dag.py:2968} INFO - Setting next_dagrun for example_trigger_controller_dag to 2021-01-01T00:00:00+00:00, run_after=2021-01-01T00:00:00+00:00
[2022-07-25 10:59:26,510] {processor.py:161} INFO - Processing /home/hp/miniconda3/envs/airflow_env/lib/python3.8/site-packages/airflow/example_dags/example_trigger_controller_dag.py took 0.032 seconds
[2022-07-25 11:00:00,219] {processor.py:153} INFO - Started process (PID=58255) to work on /home/hp/miniconda3/envs/airflow_env/lib/python3.8/site-packages/airflow/example_dags/example_trigger_controller_dag.py
[2022-07-25 11:00:00,220] {processor.py:641} INFO - Processing file /home/hp/miniconda3/envs/airflow_env/lib/python3.8/site-packages/airflow/example_dags/example_trigger_controller_dag.py for tasks to queue
[2022-07-25 11:00:00,221] {logging_mixin.py:115} INFO - [2022-07-25 11:00:00,221] {dagbag.py:508} INFO - Filling up the DagBag from /home/hp/miniconda3/envs/airflow_env/lib/python3.8/site-packages/airflow/example_dags/example_trigger_controller_dag.py
[2022-07-25 11:00:00,224] {processor.py:651} INFO - DAG(s) dict_keys(['example_trigger_controller_dag']) retrieved from /home/hp/miniconda3/envs/airflow_env/lib/python3.8/site-packages/airflow/example_dags/example_trigger_controller_dag.py
[2022-07-25 11:00:00,235] {logging_mixin.py:115} INFO - [2022-07-25 11:00:00,235] {dag.py:2420} INFO - Sync 1 DAGs
[2022-07-25 11:00:00,244] {logging_mixin.py:115} INFO - [2022-07-25 11:00:00,243] {dag.py:2968} INFO - Setting next_dagrun for example_trigger_controller_dag to 2021-01-01T00:00:00+00:00, run_after=2021-01-01T00:00:00+00:00
[2022-07-25 11:00:00,252] {processor.py:161} INFO - Processing /home/hp/miniconda3/envs/airflow_env/lib/python3.8/site-packages/airflow/example_dags/example_trigger_controller_dag.py took 0.037 seconds
[2022-07-25 11:00:35,098] {processor.py:153} INFO - Started process (PID=59559) to work on /home/hp/miniconda3/envs/airflow_env/lib/python3.8/site-packages/airflow/example_dags/example_trigger_controller_dag.py
[2022-07-25 11:00:35,099] {processor.py:641} INFO - Processing file /home/hp/miniconda3/envs/airflow_env/lib/python3.8/site-packages/airflow/example_dags/example_trigger_controller_dag.py for tasks to queue
[2022-07-25 11:00:35,100] {logging_mixin.py:115} INFO - [2022-07-25 11:00:35,100] {dagbag.py:508} INFO - Filling up the DagBag from /home/hp/miniconda3/envs/airflow_env/lib/python3.8/site-packages/airflow/example_dags/example_trigger_controller_dag.py
[2022-07-25 11:00:35,104] {processor.py:651} INFO - DAG(s) dict_keys(['example_trigger_controller_dag']) retrieved from /home/hp/miniconda3/envs/airflow_env/lib/python3.8/site-packages/airflow/example_dags/example_trigger_controller_dag.py
[2022-07-25 11:00:35,111] {logging_mixin.py:115} INFO - [2022-07-25 11:00:35,111] {dag.py:2420} INFO - Sync 1 DAGs
[2022-07-25 11:00:35,119] {logging_mixin.py:115} INFO - [2022-07-25 11:00:35,119] {dag.py:2968} INFO - Setting next_dagrun for example_trigger_controller_dag to 2021-01-01T00:00:00+00:00, run_after=2021-01-01T00:00:00+00:00
[2022-07-25 11:00:35,127] {processor.py:161} INFO - Processing /home/hp/miniconda3/envs/airflow_env/lib/python3.8/site-packages/airflow/example_dags/example_trigger_controller_dag.py took 0.031 seconds
[2022-07-25 11:01:09,422] {processor.py:153} INFO - Started process (PID=59811) to work on /home/hp/miniconda3/envs/airflow_env/lib/python3.8/site-packages/airflow/example_dags/example_trigger_controller_dag.py
[2022-07-25 11:01:09,423] {processor.py:641} INFO - Processing file /home/hp/miniconda3/envs/airflow_env/lib/python3.8/site-packages/airflow/example_dags/example_trigger_controller_dag.py for tasks to queue
[2022-07-25 11:01:09,423] {logging_mixin.py:115} INFO - [2022-07-25 11:01:09,423] {dagbag.py:508} INFO - Filling up the DagBag from /home/hp/miniconda3/envs/airflow_env/lib/python3.8/site-packages/airflow/example_dags/example_trigger_controller_dag.py
[2022-07-25 11:01:09,427] {processor.py:651} INFO - DAG(s) dict_keys(['example_trigger_controller_dag']) retrieved from /home/hp/miniconda3/envs/airflow_env/lib/python3.8/site-packages/airflow/example_dags/example_trigger_controller_dag.py
[2022-07-25 11:01:09,436] {logging_mixin.py:115} INFO - [2022-07-25 11:01:09,436] {dag.py:2420} INFO - Sync 1 DAGs
[2022-07-25 11:01:09,445] {logging_mixin.py:115} INFO - [2022-07-25 11:01:09,444] {dag.py:2968} INFO - Setting next_dagrun for example_trigger_controller_dag to 2021-01-01T00:00:00+00:00, run_after=2021-01-01T00:00:00+00:00
[2022-07-25 11:01:09,453] {processor.py:161} INFO - Processing /home/hp/miniconda3/envs/airflow_env/lib/python3.8/site-packages/airflow/example_dags/example_trigger_controller_dag.py took 0.036 seconds
[2022-07-25 11:01:45,309] {processor.py:153} INFO - Started process (PID=59954) to work on /home/hp/miniconda3/envs/airflow_env/lib/python3.8/site-packages/airflow/example_dags/example_trigger_controller_dag.py
[2022-07-25 11:01:45,309] {processor.py:641} INFO - Processing file /home/hp/miniconda3/envs/airflow_env/lib/python3.8/site-packages/airflow/example_dags/example_trigger_controller_dag.py for tasks to queue
[2022-07-25 11:01:45,310] {logging_mixin.py:115} INFO - [2022-07-25 11:01:45,310] {dagbag.py:508} INFO - Filling up the DagBag from /home/hp/miniconda3/envs/airflow_env/lib/python3.8/site-packages/airflow/example_dags/example_trigger_controller_dag.py
[2022-07-25 11:01:45,313] {processor.py:651} INFO - DAG(s) dict_keys(['example_trigger_controller_dag']) retrieved from /home/hp/miniconda3/envs/airflow_env/lib/python3.8/site-packages/airflow/example_dags/example_trigger_controller_dag.py
[2022-07-25 11:01:45,326] {logging_mixin.py:115} INFO - [2022-07-25 11:01:45,326] {dag.py:2420} INFO - Sync 1 DAGs
[2022-07-25 11:01:45,334] {logging_mixin.py:115} INFO - [2022-07-25 11:01:45,333] {dag.py:2968} INFO - Setting next_dagrun for example_trigger_controller_dag to 2021-01-01T00:00:00+00:00, run_after=2021-01-01T00:00:00+00:00
[2022-07-25 11:01:45,342] {processor.py:161} INFO - Processing /home/hp/miniconda3/envs/airflow_env/lib/python3.8/site-packages/airflow/example_dags/example_trigger_controller_dag.py took 0.035 seconds
[2022-07-25 11:02:21,478] {processor.py:153} INFO - Started process (PID=60206) to work on /home/hp/miniconda3/envs/airflow_env/lib/python3.8/site-packages/airflow/example_dags/example_trigger_controller_dag.py
[2022-07-25 11:02:21,479] {processor.py:641} INFO - Processing file /home/hp/miniconda3/envs/airflow_env/lib/python3.8/site-packages/airflow/example_dags/example_trigger_controller_dag.py for tasks to queue
[2022-07-25 11:02:21,479] {logging_mixin.py:115} INFO - [2022-07-25 11:02:21,479] {dagbag.py:508} INFO - Filling up the DagBag from /home/hp/miniconda3/envs/airflow_env/lib/python3.8/site-packages/airflow/example_dags/example_trigger_controller_dag.py
[2022-07-25 11:02:21,483] {processor.py:651} INFO - DAG(s) dict_keys(['example_trigger_controller_dag']) retrieved from /home/hp/miniconda3/envs/airflow_env/lib/python3.8/site-packages/airflow/example_dags/example_trigger_controller_dag.py
[2022-07-25 11:02:21,495] {logging_mixin.py:115} INFO - [2022-07-25 11:02:21,495] {dag.py:2420} INFO - Sync 1 DAGs
[2022-07-25 11:02:21,503] {logging_mixin.py:115} INFO - [2022-07-25 11:02:21,503] {dag.py:2968} INFO - Setting next_dagrun for example_trigger_controller_dag to 2021-01-01T00:00:00+00:00, run_after=2021-01-01T00:00:00+00:00
[2022-07-25 11:02:21,511] {processor.py:161} INFO - Processing /home/hp/miniconda3/envs/airflow_env/lib/python3.8/site-packages/airflow/example_dags/example_trigger_controller_dag.py took 0.037 seconds
[2022-07-25 11:02:56,903] {processor.py:153} INFO - Started process (PID=61593) to work on /home/hp/miniconda3/envs/airflow_env/lib/python3.8/site-packages/airflow/example_dags/example_trigger_controller_dag.py
[2022-07-25 11:02:56,904] {processor.py:641} INFO - Processing file /home/hp/miniconda3/envs/airflow_env/lib/python3.8/site-packages/airflow/example_dags/example_trigger_controller_dag.py for tasks to queue
[2022-07-25 11:02:56,904] {logging_mixin.py:115} INFO - [2022-07-25 11:02:56,904] {dagbag.py:508} INFO - Filling up the DagBag from /home/hp/miniconda3/envs/airflow_env/lib/python3.8/site-packages/airflow/example_dags/example_trigger_controller_dag.py
[2022-07-25 11:02:56,908] {processor.py:651} INFO - DAG(s) dict_keys(['example_trigger_controller_dag']) retrieved from /home/hp/miniconda3/envs/airflow_env/lib/python3.8/site-packages/airflow/example_dags/example_trigger_controller_dag.py
[2022-07-25 11:02:56,921] {logging_mixin.py:115} INFO - [2022-07-25 11:02:56,921] {dag.py:2420} INFO - Sync 1 DAGs
[2022-07-25 11:02:56,929] {logging_mixin.py:115} INFO - [2022-07-25 11:02:56,929] {dag.py:2968} INFO - Setting next_dagrun for example_trigger_controller_dag to 2021-01-01T00:00:00+00:00, run_after=2021-01-01T00:00:00+00:00
[2022-07-25 11:02:56,937] {processor.py:161} INFO - Processing /home/hp/miniconda3/envs/airflow_env/lib/python3.8/site-packages/airflow/example_dags/example_trigger_controller_dag.py took 0.036 seconds
[2022-07-25 11:03:32,777] {processor.py:153} INFO - Started process (PID=61803) to work on /home/hp/miniconda3/envs/airflow_env/lib/python3.8/site-packages/airflow/example_dags/example_trigger_controller_dag.py
[2022-07-25 11:03:32,778] {processor.py:641} INFO - Processing file /home/hp/miniconda3/envs/airflow_env/lib/python3.8/site-packages/airflow/example_dags/example_trigger_controller_dag.py for tasks to queue
[2022-07-25 11:03:32,778] {logging_mixin.py:115} INFO - [2022-07-25 11:03:32,778] {dagbag.py:508} INFO - Filling up the DagBag from /home/hp/miniconda3/envs/airflow_env/lib/python3.8/site-packages/airflow/example_dags/example_trigger_controller_dag.py
[2022-07-25 11:03:32,782] {processor.py:651} INFO - DAG(s) dict_keys(['example_trigger_controller_dag']) retrieved from /home/hp/miniconda3/envs/airflow_env/lib/python3.8/site-packages/airflow/example_dags/example_trigger_controller_dag.py
[2022-07-25 11:03:32,793] {logging_mixin.py:115} INFO - [2022-07-25 11:03:32,792] {dag.py:2420} INFO - Sync 1 DAGs
[2022-07-25 11:03:32,800] {logging_mixin.py:115} INFO - [2022-07-25 11:03:32,800] {dag.py:2968} INFO - Setting next_dagrun for example_trigger_controller_dag to 2021-01-01T00:00:00+00:00, run_after=2021-01-01T00:00:00+00:00
[2022-07-25 11:03:32,810] {processor.py:161} INFO - Processing /home/hp/miniconda3/envs/airflow_env/lib/python3.8/site-packages/airflow/example_dags/example_trigger_controller_dag.py took 0.037 seconds
[2022-07-25 11:04:09,087] {processor.py:153} INFO - Started process (PID=62044) to work on /home/hp/miniconda3/envs/airflow_env/lib/python3.8/site-packages/airflow/example_dags/example_trigger_controller_dag.py
[2022-07-25 11:04:09,088] {processor.py:641} INFO - Processing file /home/hp/miniconda3/envs/airflow_env/lib/python3.8/site-packages/airflow/example_dags/example_trigger_controller_dag.py for tasks to queue
[2022-07-25 11:04:09,088] {logging_mixin.py:115} INFO - [2022-07-25 11:04:09,088] {dagbag.py:508} INFO - Filling up the DagBag from /home/hp/miniconda3/envs/airflow_env/lib/python3.8/site-packages/airflow/example_dags/example_trigger_controller_dag.py
[2022-07-25 11:04:09,092] {processor.py:651} INFO - DAG(s) dict_keys(['example_trigger_controller_dag']) retrieved from /home/hp/miniconda3/envs/airflow_env/lib/python3.8/site-packages/airflow/example_dags/example_trigger_controller_dag.py
[2022-07-25 11:04:09,100] {logging_mixin.py:115} INFO - [2022-07-25 11:04:09,100] {dag.py:2420} INFO - Sync 1 DAGs
[2022-07-25 11:04:09,108] {logging_mixin.py:115} INFO - [2022-07-25 11:04:09,108] {dag.py:2968} INFO - Setting next_dagrun for example_trigger_controller_dag to 2021-01-01T00:00:00+00:00, run_after=2021-01-01T00:00:00+00:00
[2022-07-25 11:04:09,117] {processor.py:161} INFO - Processing /home/hp/miniconda3/envs/airflow_env/lib/python3.8/site-packages/airflow/example_dags/example_trigger_controller_dag.py took 0.035 seconds
[2022-07-25 11:04:42,575] {processor.py:153} INFO - Started process (PID=62311) to work on /home/hp/miniconda3/envs/airflow_env/lib/python3.8/site-packages/airflow/example_dags/example_trigger_controller_dag.py
[2022-07-25 11:04:42,576] {processor.py:641} INFO - Processing file /home/hp/miniconda3/envs/airflow_env/lib/python3.8/site-packages/airflow/example_dags/example_trigger_controller_dag.py for tasks to queue
[2022-07-25 11:04:42,577] {logging_mixin.py:115} INFO - [2022-07-25 11:04:42,577] {dagbag.py:508} INFO - Filling up the DagBag from /home/hp/miniconda3/envs/airflow_env/lib/python3.8/site-packages/airflow/example_dags/example_trigger_controller_dag.py
[2022-07-25 11:04:42,580] {processor.py:651} INFO - DAG(s) dict_keys(['example_trigger_controller_dag']) retrieved from /home/hp/miniconda3/envs/airflow_env/lib/python3.8/site-packages/airflow/example_dags/example_trigger_controller_dag.py
[2022-07-25 11:04:42,591] {logging_mixin.py:115} INFO - [2022-07-25 11:04:42,591] {dag.py:2420} INFO - Sync 1 DAGs
[2022-07-25 11:04:42,599] {logging_mixin.py:115} INFO - [2022-07-25 11:04:42,599] {dag.py:2968} INFO - Setting next_dagrun for example_trigger_controller_dag to 2021-01-01T00:00:00+00:00, run_after=2021-01-01T00:00:00+00:00
[2022-07-25 11:04:42,609] {processor.py:161} INFO - Processing /home/hp/miniconda3/envs/airflow_env/lib/python3.8/site-packages/airflow/example_dags/example_trigger_controller_dag.py took 0.037 seconds
[2022-07-25 11:05:19,254] {processor.py:153} INFO - Started process (PID=62572) to work on /home/hp/miniconda3/envs/airflow_env/lib/python3.8/site-packages/airflow/example_dags/example_trigger_controller_dag.py
[2022-07-25 11:05:19,255] {processor.py:641} INFO - Processing file /home/hp/miniconda3/envs/airflow_env/lib/python3.8/site-packages/airflow/example_dags/example_trigger_controller_dag.py for tasks to queue
[2022-07-25 11:05:19,255] {logging_mixin.py:115} INFO - [2022-07-25 11:05:19,255] {dagbag.py:508} INFO - Filling up the DagBag from /home/hp/miniconda3/envs/airflow_env/lib/python3.8/site-packages/airflow/example_dags/example_trigger_controller_dag.py
[2022-07-25 11:05:19,258] {processor.py:651} INFO - DAG(s) dict_keys(['example_trigger_controller_dag']) retrieved from /home/hp/miniconda3/envs/airflow_env/lib/python3.8/site-packages/airflow/example_dags/example_trigger_controller_dag.py
[2022-07-25 11:05:19,270] {logging_mixin.py:115} INFO - [2022-07-25 11:05:19,270] {dag.py:2420} INFO - Sync 1 DAGs
[2022-07-25 11:05:19,277] {logging_mixin.py:115} INFO - [2022-07-25 11:05:19,277] {dag.py:2968} INFO - Setting next_dagrun for example_trigger_controller_dag to 2021-01-01T00:00:00+00:00, run_after=2021-01-01T00:00:00+00:00
[2022-07-25 11:05:19,287] {processor.py:161} INFO - Processing /home/hp/miniconda3/envs/airflow_env/lib/python3.8/site-packages/airflow/example_dags/example_trigger_controller_dag.py took 0.035 seconds
[2022-07-25 11:05:52,347] {processor.py:153} INFO - Started process (PID=62817) to work on /home/hp/miniconda3/envs/airflow_env/lib/python3.8/site-packages/airflow/example_dags/example_trigger_controller_dag.py
[2022-07-25 11:05:52,348] {processor.py:641} INFO - Processing file /home/hp/miniconda3/envs/airflow_env/lib/python3.8/site-packages/airflow/example_dags/example_trigger_controller_dag.py for tasks to queue
[2022-07-25 11:05:52,349] {logging_mixin.py:115} INFO - [2022-07-25 11:05:52,349] {dagbag.py:508} INFO - Filling up the DagBag from /home/hp/miniconda3/envs/airflow_env/lib/python3.8/site-packages/airflow/example_dags/example_trigger_controller_dag.py
[2022-07-25 11:05:52,353] {processor.py:651} INFO - DAG(s) dict_keys(['example_trigger_controller_dag']) retrieved from /home/hp/miniconda3/envs/airflow_env/lib/python3.8/site-packages/airflow/example_dags/example_trigger_controller_dag.py
[2022-07-25 11:05:52,360] {logging_mixin.py:115} INFO - [2022-07-25 11:05:52,360] {dag.py:2420} INFO - Sync 1 DAGs
[2022-07-25 11:05:52,368] {logging_mixin.py:115} INFO - [2022-07-25 11:05:52,368] {dag.py:2968} INFO - Setting next_dagrun for example_trigger_controller_dag to 2021-01-01T00:00:00+00:00, run_after=2021-01-01T00:00:00+00:00
[2022-07-25 11:05:52,377] {processor.py:161} INFO - Processing /home/hp/miniconda3/envs/airflow_env/lib/python3.8/site-packages/airflow/example_dags/example_trigger_controller_dag.py took 0.033 seconds
[2022-07-25 11:06:27,474] {processor.py:153} INFO - Started process (PID=63113) to work on /home/hp/miniconda3/envs/airflow_env/lib/python3.8/site-packages/airflow/example_dags/example_trigger_controller_dag.py
[2022-07-25 11:06:27,474] {processor.py:641} INFO - Processing file /home/hp/miniconda3/envs/airflow_env/lib/python3.8/site-packages/airflow/example_dags/example_trigger_controller_dag.py for tasks to queue
[2022-07-25 11:06:27,475] {logging_mixin.py:115} INFO - [2022-07-25 11:06:27,475] {dagbag.py:508} INFO - Filling up the DagBag from /home/hp/miniconda3/envs/airflow_env/lib/python3.8/site-packages/airflow/example_dags/example_trigger_controller_dag.py
[2022-07-25 11:06:27,476] {processor.py:651} INFO - DAG(s) dict_keys(['example_trigger_controller_dag']) retrieved from /home/hp/miniconda3/envs/airflow_env/lib/python3.8/site-packages/airflow/example_dags/example_trigger_controller_dag.py
[2022-07-25 11:06:27,484] {logging_mixin.py:115} INFO - [2022-07-25 11:06:27,483] {dag.py:2420} INFO - Sync 1 DAGs
[2022-07-25 11:06:27,492] {logging_mixin.py:115} INFO - [2022-07-25 11:06:27,492] {dag.py:2968} INFO - Setting next_dagrun for example_trigger_controller_dag to 2021-01-01T00:00:00+00:00, run_after=2021-01-01T00:00:00+00:00
[2022-07-25 11:06:27,503] {processor.py:161} INFO - Processing /home/hp/miniconda3/envs/airflow_env/lib/python3.8/site-packages/airflow/example_dags/example_trigger_controller_dag.py took 0.031 seconds
[2022-07-25 11:07:02,959] {processor.py:153} INFO - Started process (PID=63371) to work on /home/hp/miniconda3/envs/airflow_env/lib/python3.8/site-packages/airflow/example_dags/example_trigger_controller_dag.py
[2022-07-25 11:07:02,960] {processor.py:641} INFO - Processing file /home/hp/miniconda3/envs/airflow_env/lib/python3.8/site-packages/airflow/example_dags/example_trigger_controller_dag.py for tasks to queue
[2022-07-25 11:07:02,961] {logging_mixin.py:115} INFO - [2022-07-25 11:07:02,961] {dagbag.py:508} INFO - Filling up the DagBag from /home/hp/miniconda3/envs/airflow_env/lib/python3.8/site-packages/airflow/example_dags/example_trigger_controller_dag.py
[2022-07-25 11:07:02,964] {processor.py:651} INFO - DAG(s) dict_keys(['example_trigger_controller_dag']) retrieved from /home/hp/miniconda3/envs/airflow_env/lib/python3.8/site-packages/airflow/example_dags/example_trigger_controller_dag.py
[2022-07-25 11:07:02,976] {logging_mixin.py:115} INFO - [2022-07-25 11:07:02,976] {dag.py:2420} INFO - Sync 1 DAGs
[2022-07-25 11:07:02,984] {logging_mixin.py:115} INFO - [2022-07-25 11:07:02,984] {dag.py:2968} INFO - Setting next_dagrun for example_trigger_controller_dag to 2021-01-01T00:00:00+00:00, run_after=2021-01-01T00:00:00+00:00
[2022-07-25 11:07:02,994] {processor.py:161} INFO - Processing /home/hp/miniconda3/envs/airflow_env/lib/python3.8/site-packages/airflow/example_dags/example_trigger_controller_dag.py took 0.039 seconds
[2022-07-25 11:07:37,645] {processor.py:153} INFO - Started process (PID=63698) to work on /home/hp/miniconda3/envs/airflow_env/lib/python3.8/site-packages/airflow/example_dags/example_trigger_controller_dag.py
[2022-07-25 11:07:37,646] {processor.py:641} INFO - Processing file /home/hp/miniconda3/envs/airflow_env/lib/python3.8/site-packages/airflow/example_dags/example_trigger_controller_dag.py for tasks to queue
[2022-07-25 11:07:37,647] {logging_mixin.py:115} INFO - [2022-07-25 11:07:37,647] {dagbag.py:508} INFO - Filling up the DagBag from /home/hp/miniconda3/envs/airflow_env/lib/python3.8/site-packages/airflow/example_dags/example_trigger_controller_dag.py
[2022-07-25 11:07:37,649] {processor.py:651} INFO - DAG(s) dict_keys(['example_trigger_controller_dag']) retrieved from /home/hp/miniconda3/envs/airflow_env/lib/python3.8/site-packages/airflow/example_dags/example_trigger_controller_dag.py
[2022-07-25 11:07:37,658] {logging_mixin.py:115} INFO - [2022-07-25 11:07:37,658] {dag.py:2420} INFO - Sync 1 DAGs
[2022-07-25 11:07:37,667] {logging_mixin.py:115} INFO - [2022-07-25 11:07:37,667] {dag.py:2968} INFO - Setting next_dagrun for example_trigger_controller_dag to 2021-01-01T00:00:00+00:00, run_after=2021-01-01T00:00:00+00:00
[2022-07-25 11:07:37,680] {processor.py:161} INFO - Processing /home/hp/miniconda3/envs/airflow_env/lib/python3.8/site-packages/airflow/example_dags/example_trigger_controller_dag.py took 0.039 seconds
[2022-07-25 11:08:11,358] {processor.py:153} INFO - Started process (PID=63991) to work on /home/hp/miniconda3/envs/airflow_env/lib/python3.8/site-packages/airflow/example_dags/example_trigger_controller_dag.py
[2022-07-25 11:08:11,358] {processor.py:641} INFO - Processing file /home/hp/miniconda3/envs/airflow_env/lib/python3.8/site-packages/airflow/example_dags/example_trigger_controller_dag.py for tasks to queue
[2022-07-25 11:08:11,359] {logging_mixin.py:115} INFO - [2022-07-25 11:08:11,359] {dagbag.py:508} INFO - Filling up the DagBag from /home/hp/miniconda3/envs/airflow_env/lib/python3.8/site-packages/airflow/example_dags/example_trigger_controller_dag.py
[2022-07-25 11:08:11,363] {processor.py:651} INFO - DAG(s) dict_keys(['example_trigger_controller_dag']) retrieved from /home/hp/miniconda3/envs/airflow_env/lib/python3.8/site-packages/airflow/example_dags/example_trigger_controller_dag.py
[2022-07-25 11:08:11,373] {logging_mixin.py:115} INFO - [2022-07-25 11:08:11,372] {dag.py:2420} INFO - Sync 1 DAGs
[2022-07-25 11:08:11,380] {logging_mixin.py:115} INFO - [2022-07-25 11:08:11,380] {dag.py:2968} INFO - Setting next_dagrun for example_trigger_controller_dag to 2021-01-01T00:00:00+00:00, run_after=2021-01-01T00:00:00+00:00
[2022-07-25 11:08:11,391] {processor.py:161} INFO - Processing /home/hp/miniconda3/envs/airflow_env/lib/python3.8/site-packages/airflow/example_dags/example_trigger_controller_dag.py took 0.037 seconds
                                                                                                                                                                                                                                                                                                                                                                                                                                                                                                                                                                                                                                                                                                                                                                                                                                                                                                                                                                                                                                                                                                                                                                                                                                                                                                                                                                                                                                                                                                           