[2022-07-25 03:02:44,983] {processor.py:153} INFO - Started process (PID=20840) to work on /home/hp/miniconda3/envs/airflow_env/lib/python3.8/site-packages/airflow/example_dags/example_branch_datetime_operator.py
[2022-07-25 03:02:44,984] {processor.py:641} INFO - Processing file /home/hp/miniconda3/envs/airflow_env/lib/python3.8/site-packages/airflow/example_dags/example_branch_datetime_operator.py for tasks to queue
[2022-07-25 03:02:44,984] {logging_mixin.py:115} INFO - [2022-07-25 03:02:44,984] {dagbag.py:508} INFO - Filling up the DagBag from /home/hp/miniconda3/envs/airflow_env/lib/python3.8/site-packages/airflow/example_dags/example_branch_datetime_operator.py
[2022-07-25 03:02:44,994] {processor.py:651} INFO - DAG(s) dict_keys(['example_branch_datetime_operator', 'example_branch_datetime_operator_2']) retrieved from /home/hp/miniconda3/envs/airflow_env/lib/python3.8/site-packages/airflow/example_dags/example_branch_datetime_operator.py
[2022-07-25 03:02:45,014] {logging_mixin.py:115} INFO - [2022-07-25 03:02:45,014] {dag.py:2420} INFO - Sync 2 DAGs
[2022-07-25 03:02:45,034] {logging_mixin.py:115} INFO - [2022-07-25 03:02:45,034] {dag.py:2968} INFO - Setting next_dagrun for example_branch_datetime_operator to 2022-07-24T00:00:00+00:00, run_after=2022-07-25T00:00:00+00:00
[2022-07-25 03:02:45,037] {logging_mixin.py:115} INFO - [2022-07-25 03:02:45,037] {dag.py:2968} INFO - Setting next_dagrun for example_branch_datetime_operator_2 to 2022-07-24T00:00:00+00:00, run_after=2022-07-25T00:00:00+00:00
[2022-07-25 03:02:45,060] {processor.py:161} INFO - Processing /home/hp/miniconda3/envs/airflow_env/lib/python3.8/site-packages/airflow/example_dags/example_branch_datetime_operator.py took 0.080 seconds
[2022-07-25 03:07:24,090] {processor.py:153} INFO - Started process (PID=21443) to work on /home/hp/miniconda3/envs/airflow_env/lib/python3.8/site-packages/airflow/example_dags/example_branch_datetime_operator.py
[2022-07-25 03:07:24,091] {processor.py:641} INFO - Processing file /home/hp/miniconda3/envs/airflow_env/lib/python3.8/site-packages/airflow/example_dags/example_branch_datetime_operator.py for tasks to queue
[2022-07-25 03:07:24,092] {logging_mixin.py:115} INFO - [2022-07-25 03:07:24,092] {dagbag.py:508} INFO - Filling up the DagBag from /home/hp/miniconda3/envs/airflow_env/lib/python3.8/site-packages/airflow/example_dags/example_branch_datetime_operator.py
[2022-07-25 03:07:24,102] {processor.py:651} INFO - DAG(s) dict_keys(['example_branch_datetime_operator', 'example_branch_datetime_operator_2']) retrieved from /home/hp/miniconda3/envs/airflow_env/lib/python3.8/site-packages/airflow/example_dags/example_branch_datetime_operator.py
[2022-07-25 03:07:24,114] {logging_mixin.py:115} INFO - [2022-07-25 03:07:24,114] {dag.py:2420} INFO - Sync 2 DAGs
[2022-07-25 03:07:24,126] {logging_mixin.py:115} INFO - [2022-07-25 03:07:24,126] {dag.py:2968} INFO - Setting next_dagrun for example_branch_datetime_operator to 2022-07-24T00:00:00+00:00, run_after=2022-07-25T00:00:00+00:00
[2022-07-25 03:07:24,127] {logging_mixin.py:115} INFO - [2022-07-25 03:07:24,127] {dag.py:2968} INFO - Setting next_dagrun for example_branch_datetime_operator_2 to 2022-07-24T00:00:00+00:00, run_after=2022-07-25T00:00:00+00:00
[2022-07-25 03:07:24,136] {processor.py:161} INFO - Processing /home/hp/miniconda3/envs/airflow_env/lib/python3.8/site-packages/airflow/example_dags/example_branch_datetime_operator.py took 0.050 seconds
[2022-07-25 03:12:50,907] {processor.py:153} INFO - Started process (PID=21917) to work on /home/hp/miniconda3/envs/airflow_env/lib/python3.8/site-packages/airflow/example_dags/example_branch_datetime_operator.py
[2022-07-25 03:12:50,908] {processor.py:641} INFO - Processing file /home/hp/miniconda3/envs/airflow_env/lib/python3.8/site-packages/airflow/example_dags/example_branch_datetime_operator.py for tasks to queue
[2022-07-25 03:12:50,909] {logging_mixin.py:115} INFO - [2022-07-25 03:12:50,909] {dagbag.py:508} INFO - Filling up the DagBag from /home/hp/miniconda3/envs/airflow_env/lib/python3.8/site-packages/airflow/example_dags/example_branch_datetime_operator.py
[2022-07-25 03:12:50,919] {processor.py:651} INFO - DAG(s) dict_keys(['example_branch_datetime_operator', 'example_branch_datetime_operator_2']) retrieved from /home/hp/miniconda3/envs/airflow_env/lib/python3.8/site-packages/airflow/example_dags/example_branch_datetime_operator.py
[2022-07-25 03:12:50,930] {logging_mixin.py:115} INFO - [2022-07-25 03:12:50,930] {dag.py:2420} INFO - Sync 2 DAGs
[2022-07-25 03:12:50,941] {logging_mixin.py:115} INFO - [2022-07-25 03:12:50,941] {dag.py:2968} INFO - Setting next_dagrun for example_branch_datetime_operator to 2022-07-24T00:00:00+00:00, run_after=2022-07-25T00:00:00+00:00
[2022-07-25 03:12:50,942] {logging_mixin.py:115} INFO - [2022-07-25 03:12:50,942] {dag.py:2968} INFO - Setting next_dagrun for example_branch_datetime_operator_2 to 2022-07-24T00:00:00+00:00, run_after=2022-07-25T00:00:00+00:00
[2022-07-25 03:12:50,952] {processor.py:161} INFO - Processing /home/hp/miniconda3/envs/airflow_env/lib/python3.8/site-packages/airflow/example_dags/example_branch_datetime_operator.py took 0.049 seconds
[2022-07-25 03:18:13,196] {processor.py:153} INFO - Started process (PID=22366) to work on /home/hp/miniconda3/envs/airflow_env/lib/python3.8/site-packages/airflow/example_dags/example_branch_datetime_operator.py
[2022-07-25 03:18:13,198] {processor.py:641} INFO - Processing file /home/hp/miniconda3/envs/airflow_env/lib/python3.8/site-packages/airflow/example_dags/example_branch_datetime_operator.py for tasks to queue
[2022-07-25 03:18:13,198] {logging_mixin.py:115} INFO - [2022-07-25 03:18:13,198] {dagbag.py:508} INFO - Filling up the DagBag from /home/hp/miniconda3/envs/airflow_env/lib/python3.8/site-packages/airflow/example_dags/example_branch_datetime_operator.py
[2022-07-25 03:18:13,209] {processor.py:651} INFO - DAG(s) dict_keys(['example_branch_datetime_operator', 'example_branch_datetime_operator_2']) retrieved from /home/hp/miniconda3/envs/airflow_env/lib/python3.8/site-packages/airflow/example_dags/example_branch_datetime_operator.py
[2022-07-25 03:18:13,219] {logging_mixin.py:115} INFO - [2022-07-25 03:18:13,219] {dag.py:2420} INFO - Sync 2 DAGs
[2022-07-25 03:18:13,229] {logging_mixin.py:115} INFO - [2022-07-25 03:18:13,229] {dag.py:2968} INFO - Setting next_dagrun for example_branch_datetime_operator to 2022-07-24T00:00:00+00:00, run_after=2022-07-25T00:00:00+00:00
[2022-07-25 03:18:13,230] {logging_mixin.py:115} INFO - [2022-07-25 03:18:13,230] {dag.py:2968} INFO - Setting next_dagrun for example_branch_datetime_operator_2 to 2022-07-24T00:00:00+00:00, run_after=2022-07-25T00:00:00+00:00
[2022-07-25 03:18:13,241] {processor.py:161} INFO - Processing /home/hp/miniconda3/envs/airflow_env/lib/python3.8/site-packages/airflow/example_dags/example_branch_datetime_operator.py took 0.048 seconds
[2022-07-25 03:23:34,910] {processor.py:153} INFO - Started process (PID=22839) to work on /home/hp/miniconda3/envs/airflow_env/lib/python3.8/site-packages/airflow/example_dags/example_branch_datetime_operator.py
[2022-07-25 03:23:34,911] {processor.py:641} INFO - Processing file /home/hp/miniconda3/envs/airflow_env/lib/python3.8/site-packages/airflow/example_dags/example_branch_datetime_operator.py for tasks to queue
[2022-07-25 03:23:34,912] {logging_mixin.py:115} INFO - [2022-07-25 03:23:34,912] {dagbag.py:508} INFO - Filling up the DagBag from /home/hp/miniconda3/envs/airflow_env/lib/python3.8/site-packages/airflow/example_dags/example_branch_datetime_operator.py
[2022-07-25 03:23:34,922] {processor.py:651} INFO - DAG(s) dict_keys(['example_branch_datetime_operator', 'example_branch_datetime_operator_2']) retrieved from /home/hp/miniconda3/envs/airflow_env/lib/python3.8/site-packages/airflow/example_dags/example_branch_datetime_operator.py
[2022-07-25 03:23:34,933] {logging_mixin.py:115} INFO - [2022-07-25 03:23:34,933] {dag.py:2420} INFO - Sync 2 DAGs
[2022-07-25 03:23:34,945] {logging_mixin.py:115} INFO - [2022-07-25 03:23:34,945] {dag.py:2968} INFO - Setting next_dagrun for example_branch_datetime_operator to 2022-07-24T00:00:00+00:00, run_after=2022-07-25T00:00:00+00:00
[2022-07-25 03:23:34,946] {logging_mixin.py:115} INFO - [2022-07-25 03:23:34,946] {dag.py:2968} INFO - Setting next_dagrun for example_branch_datetime_operator_2 to 2022-07-24T00:00:00+00:00, run_after=2022-07-25T00:00:00+00:00
[2022-07-25 03:23:34,956] {processor.py:161} INFO - Processing /home/hp/miniconda3/envs/airflow_env/lib/python3.8/site-packages/airflow/example_dags/example_branch_datetime_operator.py took 0.050 seconds
[2022-07-25 03:30:34,977] {processor.py:153} INFO - Started process (PID=23432) to work on /home/hp/miniconda3/envs/airflow_env/lib/python3.8/site-packages/airflow/example_dags/example_branch_datetime_operator.py
[2022-07-25 03:30:34,978] {processor.py:641} INFO - Processing file /home/hp/miniconda3/envs/airflow_env/lib/python3.8/site-packages/airflow/example_dags/example_branch_datetime_operator.py for tasks to queue
[2022-07-25 03:30:34,979] {logging_mixin.py:115} INFO - [2022-07-25 03:30:34,979] {dagbag.py:508} INFO - Filling up the DagBag from /home/hp/miniconda3/envs/airflow_env/lib/python3.8/site-packages/airflow/example_dags/example_branch_datetime_operator.py
[2022-07-25 03:30:34,989] {processor.py:651} INFO - DAG(s) dict_keys(['example_branch_datetime_operator', 'example_branch_datetime_operator_2']) retrieved from /home/hp/miniconda3/envs/airflow_env/lib/python3.8/site-packages/airflow/example_dags/example_branch_datetime_operator.py
[2022-07-25 03:30:35,000] {logging_mixin.py:115} INFO - [2022-07-25 03:30:35,000] {dag.py:2420} INFO - Sync 2 DAGs
[2022-07-25 03:30:35,011] {logging_mixin.py:115} INFO - [2022-07-25 03:30:35,011] {dag.py:2968} INFO - Setting next_dagrun for example_branch_datetime_operator to 2022-07-24T00:00:00+00:00, run_after=2022-07-25T00:00:00+00:00
[2022-07-25 03:30:35,012] {logging_mixin.py:115} INFO - [2022-07-25 03:30:35,012] {dag.py:2968} INFO - Setting next_dagrun for example_branch_datetime_operator_2 to 2022-07-24T00:00:00+00:00, run_after=2022-07-25T00:00:00+00:00
[2022-07-25 03:30:35,022] {processor.py:161} INFO - Processing /home/hp/miniconda3/envs/airflow_env/lib/python3.8/site-packages/airflow/example_dags/example_branch_datetime_operator.py took 0.048 seconds
[2022-07-25 03:33:53,244] {processor.py:153} INFO - Started process (PID=23970) to work on /home/hp/miniconda3/envs/airflow_env/lib/python3.8/site-packages/airflow/example_dags/example_branch_datetime_operator.py
[2022-07-25 03:33:53,245] {processor.py:641} INFO - Processing file /home/hp/miniconda3/envs/airflow_env/lib/python3.8/site-packages/airflow/example_dags/example_branch_datetime_operator.py for tasks to queue
[2022-07-25 03:33:53,246] {logging_mixin.py:115} INFO - [2022-07-25 03:33:53,245] {dagbag.py:508} INFO - Filling up the DagBag from /home/hp/miniconda3/envs/airflow_env/lib/python3.8/site-packages/airflow/example_dags/example_branch_datetime_operator.py
[2022-07-25 03:33:53,256] {processor.py:651} INFO - DAG(s) dict_keys(['example_branch_datetime_operator', 'example_branch_datetime_operator_2']) retrieved from /home/hp/miniconda3/envs/airflow_env/lib/python3.8/site-packages/airflow/example_dags/example_branch_datetime_operator.py
[2022-07-25 03:33:53,268] {logging_mixin.py:115} INFO - [2022-07-25 03:33:53,268] {dag.py:2420} INFO - Sync 2 DAGs
[2022-07-25 03:33:53,282] {logging_mixin.py:115} INFO - [2022-07-25 03:33:53,281] {dag.py:2968} INFO - Setting next_dagrun for example_branch_datetime_operator to 2022-07-24T00:00:00+00:00, run_after=2022-07-25T00:00:00+00:00
[2022-07-25 03:33:53,282] {logging_mixin.py:115} INFO - [2022-07-25 03:33:53,282] {dag.py:2968} INFO - Setting next_dagrun for example_branch_datetime_operator_2 to 2022-07-24T00:00:00+00:00, run_after=2022-07-25T00:00:00+00:00
[2022-07-25 03:33:53,293] {processor.py:161} INFO - Processing /home/hp/miniconda3/envs/airflow_env/lib/python3.8/site-packages/airflow/example_dags/example_branch_datetime_operator.py took 0.053 seconds
[2022-07-25 03:39:18,080] {processor.py:153} INFO - Started process (PID=24418) to work on /home/hp/miniconda3/envs/airflow_env/lib/python3.8/site-packages/airflow/example_dags/example_branch_datetime_operator.py
[2022-07-25 03:39:18,081] {processor.py:641} INFO - Processing file /home/hp/miniconda3/envs/airflow_env/lib/python3.8/site-packages/airflow/example_dags/example_branch_datetime_operator.py for tasks to queue
[2022-07-25 03:39:18,082] {logging_mixin.py:115} INFO - [2022-07-25 03:39:18,082] {dagbag.py:508} INFO - Filling up the DagBag from /home/hp/miniconda3/envs/airflow_env/lib/python3.8/site-packages/airflow/example_dags/example_branch_datetime_operator.py
[2022-07-25 03:39:18,092] {processor.py:651} INFO - DAG(s) dict_keys(['example_branch_datetime_operator', 'example_branch_datetime_operator_2']) retrieved from /home/hp/miniconda3/envs/airflow_env/lib/python3.8/site-packages/airflow/example_dags/example_branch_datetime_operator.py
[2022-07-25 03:39:18,101] {logging_mixin.py:115} INFO - [2022-07-25 03:39:18,101] {dag.py:2420} INFO - Sync 2 DAGs
[2022-07-25 03:39:18,112] {logging_mixin.py:115} INFO - [2022-07-25 03:39:18,112] {dag.py:2968} INFO - Setting next_dagrun for example_branch_datetime_operator to 2022-07-24T00:00:00+00:00, run_after=2022-07-25T00:00:00+00:00
[2022-07-25 03:39:18,113] {logging_mixin.py:115} INFO - [2022-07-25 03:39:18,113] {dag.py:2968} INFO - Setting next_dagrun for example_branch_datetime_operator_2 to 2022-07-24T00:00:00+00:00, run_after=2022-07-25T00:00:00+00:00
[2022-07-25 03:39:18,123] {processor.py:161} INFO - Processing /home/hp/miniconda3/envs/airflow_env/lib/python3.8/site-packages/airflow/example_dags/example_branch_datetime_operator.py took 0.047 seconds
[2022-07-25 03:44:41,440] {processor.py:153} INFO - Started process (PID=24864) to work on /home/hp/miniconda3/envs/airflow_env/lib/python3.8/site-packages/airflow/example_dags/example_branch_datetime_operator.py
[2022-07-25 03:44:41,441] {processor.py:641} INFO - Processing file /home/hp/miniconda3/envs/airflow_env/lib/python3.8/site-packages/airflow/example_dags/example_branch_datetime_operator.py for tasks to queue
[2022-07-25 03:44:41,442] {logging_mixin.py:115} INFO - [2022-07-25 03:44:41,442] {dagbag.py:508} INFO - Filling up the DagBag from /home/hp/miniconda3/envs/airflow_env/lib/python3.8/site-packages/airflow/example_dags/example_branch_datetime_operator.py
[2022-07-25 03:44:41,452] {processor.py:651} INFO - DAG(s) dict_keys(['example_branch_datetime_operator', 'example_branch_datetime_operator_2']) retrieved from /home/hp/miniconda3/envs/airflow_env/lib/python3.8/site-packages/airflow/example_dags/example_branch_datetime_operator.py
[2022-07-25 03:44:41,463] {logging_mixin.py:115} INFO - [2022-07-25 03:44:41,463] {dag.py:2420} INFO - Sync 2 DAGs
[2022-07-25 03:44:41,473] {logging_mixin.py:115} INFO - [2022-07-25 03:44:41,473] {dag.py:2968} INFO - Setting next_dagrun for example_branch_datetime_operator to 2022-07-24T00:00:00+00:00, run_after=2022-07-25T00:00:00+00:00
[2022-07-25 03:44:41,474] {logging_mixin.py:115} INFO - [2022-07-25 03:44:41,474] {dag.py:2968} INFO - Setting next_dagrun for example_branch_datetime_operator_2 to 2022-07-24T00:00:00+00:00, run_after=2022-07-25T00:00:00+00:00
[2022-07-25 03:44:41,485] {processor.py:161} INFO - Processing /home/hp/miniconda3/envs/airflow_env/lib/python3.8/site-packages/airflow/example_dags/example_branch_datetime_operator.py took 0.048 seconds
[2022-07-25 03:54:52,651] {processor.py:153} INFO - Started process (PID=25293) to work on /home/hp/miniconda3/envs/airflow_env/lib/python3.8/site-packages/airflow/example_dags/example_branch_datetime_operator.py
[2022-07-25 03:54:52,652] {processor.py:641} INFO - Processing file /home/hp/miniconda3/envs/airflow_env/lib/python3.8/site-packages/airflow/example_dags/example_branch_datetime_operator.py for tasks to queue
[2022-07-25 03:54:52,653] {logging_mixin.py:115} INFO - [2022-07-25 03:54:52,653] {dagbag.py:508} INFO - Filling up the DagBag from /home/hp/miniconda3/envs/airflow_env/lib/python3.8/site-packages/airflow/example_dags/example_branch_datetime_operator.py
[2022-07-25 03:54:52,663] {processor.py:651} INFO - DAG(s) dict_keys(['example_branch_datetime_operator', 'example_branch_datetime_operator_2']) retrieved from /home/hp/miniconda3/envs/airflow_env/lib/python3.8/site-packages/airflow/example_dags/example_branch_datetime_operator.py
[2022-07-25 03:54:52,682] {logging_mixin.py:115} INFO - [2022-07-25 03:54:52,682] {dag.py:2420} INFO - Sync 2 DAGs
[2022-07-25 03:54:52,701] {logging_mixin.py:115} INFO - [2022-07-25 03:54:52,701] {dag.py:2968} INFO - Setting next_dagrun for example_branch_datetime_operator to 2022-07-24T00:00:00+00:00, run_after=2022-07-25T00:00:00+00:00
[2022-07-25 03:54:52,703] {logging_mixin.py:115} INFO - [2022-07-25 03:54:52,703] {dag.py:2968} INFO - Setting next_dagrun for example_branch_datetime_operator_2 to 2022-07-24T00:00:00+00:00, run_after=2022-07-25T00:00:00+00:00
[2022-07-25 03:54:52,718] {processor.py:161} INFO - Processing /home/hp/miniconda3/envs/airflow_env/lib/python3.8/site-packages/airflow/example_dags/example_branch_datetime_operator.py took 0.068 seconds
[2022-07-25 04:00:14,349] {processor.py:153} INFO - Started process (PID=25697) to work on /home/hp/miniconda3/envs/airflow_env/lib/python3.8/site-packages/airflow/example_dags/example_branch_datetime_operator.py
[2022-07-25 04:00:14,351] {processor.py:641} INFO - Processing file /home/hp/miniconda3/envs/airflow_env/lib/python3.8/site-packages/airflow/example_dags/example_branch_datetime_operator.py for tasks to queue
[2022-07-25 04:00:14,351] {logging_mixin.py:115} INFO - [2022-07-25 04:00:14,351] {dagbag.py:508} INFO - Filling up the DagBag from /home/hp/miniconda3/envs/airflow_env/lib/python3.8/site-packages/airflow/example_dags/example_branch_datetime_operator.py
[2022-07-25 04:00:14,363] {processor.py:651} INFO - DAG(s) dict_keys(['example_branch_datetime_operator', 'example_branch_datetime_operator_2']) retrieved from /home/hp/miniconda3/envs/airflow_env/lib/python3.8/site-packages/airflow/example_dags/example_branch_datetime_operator.py
[2022-07-25 04:00:14,374] {logging_mixin.py:115} INFO - [2022-07-25 04:00:14,374] {dag.py:2420} INFO - Sync 2 DAGs
[2022-07-25 04:00:14,386] {logging_mixin.py:115} INFO - [2022-07-25 04:00:14,386] {dag.py:2968} INFO - Setting next_dagrun for example_branch_datetime_operator to 2022-07-24T00:00:00+00:00, run_after=2022-07-25T00:00:00+00:00
[2022-07-25 04:00:14,387] {logging_mixin.py:115} INFO - [2022-07-25 04:00:14,387] {dag.py:2968} INFO - Setting next_dagrun for example_branch_datetime_operator_2 to 2022-07-24T00:00:00+00:00, run_after=2022-07-25T00:00:00+00:00
[2022-07-25 04:00:14,398] {processor.py:161} INFO - Processing /home/hp/miniconda3/envs/airflow_env/lib/python3.8/site-packages/airflow/example_dags/example_branch_datetime_operator.py took 0.053 seconds
[2022-07-25 04:00:53,424] {processor.py:153} INFO - Started process (PID=25965) to work on /home/hp/miniconda3/envs/airflow_env/lib/python3.8/site-packages/airflow/example_dags/example_branch_datetime_operator.py
[2022-07-25 04:00:53,425] {processor.py:641} INFO - Processing file /home/hp/miniconda3/envs/airflow_env/lib/python3.8/site-packages/airflow/example_dags/example_branch_datetime_operator.py for tasks to queue
[2022-07-25 04:00:53,426] {logging_mixin.py:115} INFO - [2022-07-25 04:00:53,426] {dagbag.py:508} INFO - Filling up the DagBag from /home/hp/miniconda3/envs/airflow_env/lib/python3.8/site-packages/airflow/example_dags/example_branch_datetime_operator.py
[2022-07-25 04:00:53,436] {processor.py:651} INFO - DAG(s) dict_keys(['example_branch_datetime_operator', 'example_branch_datetime_operator_2']) retrieved from /home/hp/miniconda3/envs/airflow_env/lib/python3.8/site-packages/airflow/example_dags/example_branch_datetime_operator.py
[2022-07-25 04:00:53,447] {logging_mixin.py:115} INFO - [2022-07-25 04:00:53,446] {dag.py:2420} INFO - Sync 2 DAGs
[2022-07-25 04:00:53,457] {logging_mixin.py:115} INFO - [2022-07-25 04:00:53,457] {dag.py:2968} INFO - Setting next_dagrun for example_branch_datetime_operator to 2022-07-24T00:00:00+00:00, run_after=2022-07-25T00:00:00+00:00
[2022-07-25 04:00:53,458] {logging_mixin.py:115} INFO - [2022-07-25 04:00:53,458] {dag.py:2968} INFO - Setting next_dagrun for example_branch_datetime_operator_2 to 2022-07-24T00:00:00+00:00, run_after=2022-07-25T00:00:00+00:00
[2022-07-25 04:00:53,469] {processor.py:161} INFO - Processing /home/hp/miniconda3/envs/airflow_env/lib/python3.8/site-packages/airflow/example_dags/example_branch_datetime_operator.py took 0.049 seconds
[2022-07-25 04:02:09,539] {processor.py:153} INFO - Started process (PID=26413) to work on /home/hp/miniconda3/envs/airflow_env/lib/python3.8/site-packages/airflow/example_dags/example_branch_datetime_operator.py
[2022-07-25 04:02:09,540] {processor.py:641} INFO - Processing file /home/hp/miniconda3/envs/airflow_env/lib/python3.8/site-packages/airflow/example_dags/example_branch_datetime_operator.py for tasks to queue
[2022-07-25 04:02:09,540] {logging_mixin.py:115} INFO - [2022-07-25 04:02:09,540] {dagbag.py:508} INFO - Filling up the DagBag from /home/hp/miniconda3/envs/airflow_env/lib/python3.8/site-packages/airflow/example_dags/example_branch_datetime_operator.py
[2022-07-25 04:02:09,551] {processor.py:651} INFO - DAG(s) dict_keys(['example_branch_datetime_operator', 'example_branch_datetime_operator_2']) retrieved from /home/hp/miniconda3/envs/airflow_env/lib/python3.8/site-packages/airflow/example_dags/example_branch_datetime_operator.py
[2022-07-25 04:02:09,565] {logging_mixin.py:115} INFO - [2022-07-25 04:02:09,565] {dag.py:2420} INFO - Sync 2 DAGs
[2022-07-25 04:02:09,579] {logging_mixin.py:115} INFO - [2022-07-25 04:02:09,579] {dag.py:2968} INFO - Setting next_dagrun for example_branch_datetime_operator to 2022-07-24T00:00:00+00:00, run_after=2022-07-25T00:00:00+00:00
[2022-07-25 04:02:09,581] {logging_mixin.py:115} INFO - [2022-07-25 04:02:09,581] {dag.py:2968} INFO - Setting next_dagrun for example_branch_datetime_operator_2 to 2022-07-24T00:00:00+00:00, run_after=2022-07-25T00:00:00+00:00
[2022-07-25 04:02:09,593] {processor.py:161} INFO - Processing /home/hp/miniconda3/envs/airflow_env/lib/python3.8/site-packages/airflow/example_dags/example_branch_datetime_operator.py took 0.055 seconds
[2022-07-25 04:05:37,901] {processor.py:153} INFO - Started process (PID=26768) to work on /home/hp/miniconda3/envs/airflow_env/lib/python3.8/site-packages/airflow/example_dags/example_branch_datetime_operator.py
[2022-07-25 04:05:37,903] {processor.py:641} INFO - Processing file /home/hp/miniconda3/envs/airflow_env/lib/python3.8/site-packages/airflow/example_dags/example_branch_datetime_operator.py for tasks to queue
[2022-07-25 04:05:37,903] {logging_mixin.py:115} INFO - [2022-07-25 04:05:37,903] {dagbag.py:508} INFO - Filling up the DagBag from /home/hp/miniconda3/envs/airflow_env/lib/python3.8/site-packages/airflow/example_dags/example_branch_datetime_operator.py
[2022-07-25 04:05:37,913] {processor.py:651} INFO - DAG(s) dict_keys(['example_branch_datetime_operator', 'example_branch_datetime_operator_2']) retrieved from /home/hp/miniconda3/envs/airflow_env/lib/python3.8/site-packages/airflow/example_dags/example_branch_datetime_operator.py
[2022-07-25 04:05:37,925] {logging_mixin.py:115} INFO - [2022-07-25 04:05:37,924] {dag.py:2420} INFO - Sync 2 DAGs
[2022-07-25 04:05:37,935] {logging_mixin.py:115} INFO - [2022-07-25 04:05:37,934] {dag.py:2968} INFO - Setting next_dagrun for example_branch_datetime_operator to 2022-07-24T00:00:00+00:00, run_after=2022-07-25T00:00:00+00:00
[2022-07-25 04:05:37,935] {logging_mixin.py:115} INFO - [2022-07-25 04:05:37,935] {dag.py:2968} INFO - Setting next_dagrun for example_branch_datetime_operator_2 to 2022-07-24T00:00:00+00:00, run_after=2022-07-25T00:00:00+00:00
[2022-07-25 04:05:37,947] {processor.py:161} INFO - Processing /home/hp/miniconda3/envs/airflow_env/lib/python3.8/site-packages/airflow/example_dags/example_branch_datetime_operator.py took 0.050 seconds
[2022-07-25 04:11:02,660] {processor.py:153} INFO - Started process (PID=27043) to work on /home/hp/miniconda3/envs/airflow_env/lib/python3.8/site-packages/airflow/example_dags/example_branch_datetime_operator.py
[2022-07-25 04:11:02,661] {processor.py:641} INFO - Processing file /home/hp/miniconda3/envs/airflow_env/lib/python3.8/site-packages/airflow/example_dags/example_branch_datetime_operator.py for tasks to queue
[2022-07-25 04:11:02,662] {logging_mixin.py:115} INFO - [2022-07-25 04:11:02,662] {dagbag.py:508} INFO - Filling up the DagBag from /home/hp/miniconda3/envs/airflow_env/lib/python3.8/site-packages/airflow/example_dags/example_branch_datetime_operator.py
[2022-07-25 04:11:02,673] {processor.py:651} INFO - DAG(s) dict_keys(['example_branch_datetime_operator', 'example_branch_datetime_operator_2']) retrieved from /home/hp/miniconda3/envs/airflow_env/lib/python3.8/site-packages/airflow/example_dags/example_branch_datetime_operator.py
[2022-07-25 04:11:02,683] {logging_mixin.py:115} INFO - [2022-07-25 04:11:02,683] {dag.py:2420} INFO - Sync 2 DAGs
[2022-07-25 04:11:02,692] {logging_mixin.py:115} INFO - [2022-07-25 04:11:02,692] {dag.py:2968} INFO - Setting next_dagrun for example_branch_datetime_operator to 2022-07-24T00:00:00+00:00, run_after=2022-07-25T00:00:00+00:00
[2022-07-25 04:11:02,693] {logging_mixin.py:115} INFO - [2022-07-25 04:11:02,693] {dag.py:2968} INFO - Setting next_dagrun for example_branch_datetime_operator_2 to 2022-07-24T00:00:00+00:00, run_after=2022-07-25T00:00:00+00:00
[2022-07-25 04:11:02,702] {processor.py:161} INFO - Processing /home/hp/miniconda3/envs/airflow_env/lib/python3.8/site-packages/airflow/example_dags/example_branch_datetime_operator.py took 0.046 seconds
[2022-07-25 04:16:25,389] {processor.py:153} INFO - Started process (PID=27337) to work on /home/hp/miniconda3/envs/airflow_env/lib/python3.8/site-packages/airflow/example_dags/example_branch_datetime_operator.py
[2022-07-25 04:16:25,390] {processor.py:641} INFO - Processing file /home/hp/miniconda3/envs/airflow_env/lib/python3.8/site-packages/airflow/example_dags/example_branch_datetime_operator.py for tasks to queue
[2022-07-25 04:16:25,391] {logging_mixin.py:115} INFO - [2022-07-25 04:16:25,391] {dagbag.py:508} INFO - Filling up the DagBag from /home/hp/miniconda3/envs/airflow_env/lib/python3.8/site-packages/airflow/example_dags/example_branch_datetime_operator.py
[2022-07-25 04:16:25,403] {processor.py:651} INFO - DAG(s) dict_keys(['example_branch_datetime_operator', 'example_branch_datetime_operator_2']) retrieved from /home/hp/miniconda3/envs/airflow_env/lib/python3.8/site-packages/airflow/example_dags/example_branch_datetime_operator.py
[2022-07-25 04:16:25,416] {logging_mixin.py:115} INFO - [2022-07-25 04:16:25,416] {dag.py:2420} INFO - Sync 2 DAGs
[2022-07-25 04:16:25,428] {logging_mixin.py:115} INFO - [2022-07-25 04:16:25,428] {dag.py:2968} INFO - Setting next_dagrun for example_branch_datetime_operator to 2022-07-24T00:00:00+00:00, run_after=2022-07-25T00:00:00+00:00
[2022-07-25 04:16:25,429] {logging_mixin.py:115} INFO - [2022-07-25 04:16:25,429] {dag.py:2968} INFO - Setting next_dagrun for example_branch_datetime_operator_2 to 2022-07-24T00:00:00+00:00, run_after=2022-07-25T00:00:00+00:00
[2022-07-25 04:16:25,438] {processor.py:161} INFO - Processing /home/hp/miniconda3/envs/airflow_env/lib/python3.8/site-packages/airflow/example_dags/example_branch_datetime_operator.py took 0.054 seconds
[2022-07-25 04:26:37,522] {processor.py:153} INFO - Started process (PID=27686) to work on /home/hp/miniconda3/envs/airflow_env/lib/python3.8/site-packages/airflow/example_dags/example_branch_datetime_operator.py
[2022-07-25 04:26:37,523] {processor.py:641} INFO - Processing file /home/hp/miniconda3/envs/airflow_env/lib/python3.8/site-packages/airflow/example_dags/example_branch_datetime_operator.py for tasks to queue
[2022-07-25 04:26:37,523] {logging_mixin.py:115} INFO - [2022-07-25 04:26:37,523] {dagbag.py:508} INFO - Filling up the DagBag from /home/hp/miniconda3/envs/airflow_env/lib/python3.8/site-packages/airflow/example_dags/example_branch_datetime_operator.py
[2022-07-25 04:26:37,533] {processor.py:651} INFO - DAG(s) dict_keys(['example_branch_datetime_operator', 'example_branch_datetime_operator_2']) retrieved from /home/hp/miniconda3/envs/airflow_env/lib/python3.8/site-packages/airflow/example_dags/example_branch_datetime_operator.py
[2022-07-25 04:26:37,553] {logging_mixin.py:115} INFO - [2022-07-25 04:26:37,553] {dag.py:2420} INFO - Sync 2 DAGs
[2022-07-25 04:26:37,572] {logging_mixin.py:115} INFO - [2022-07-25 04:26:37,572] {dag.py:2968} INFO - Setting next_dagrun for example_branch_datetime_operator to 2022-07-24T00:00:00+00:00, run_after=2022-07-25T00:00:00+00:00
[2022-07-25 04:26:37,573] {logging_mixin.py:115} INFO - [2022-07-25 04:26:37,573] {dag.py:2968} INFO - Setting next_dagrun for example_branch_datetime_operator_2 to 2022-07-24T00:00:00+00:00, run_after=2022-07-25T00:00:00+00:00
[2022-07-25 04:26:37,587] {processor.py:161} INFO - Processing /home/hp/miniconda3/envs/airflow_env/lib/python3.8/site-packages/airflow/example_dags/example_branch_datetime_operator.py took 0.067 seconds
[2022-07-25 04:32:00,027] {processor.py:153} INFO - Started process (PID=28101) to work on /home/hp/miniconda3/envs/airflow_env/lib/python3.8/site-packages/airflow/example_dags/example_branch_datetime_operator.py
[2022-07-25 04:32:00,028] {processor.py:641} INFO - Processing file /home/hp/miniconda3/envs/airflow_env/lib/python3.8/site-packages/airflow/example_dags/example_branch_datetime_operator.py for tasks to queue
[2022-07-25 04:32:00,029] {logging_mixin.py:115} INFO - [2022-07-25 04:32:00,028] {dagbag.py:508} INFO - Filling up the DagBag from /home/hp/miniconda3/envs/airflow_env/lib/python3.8/site-packages/airflow/example_dags/example_branch_datetime_operator.py
[2022-07-25 04:32:00,040] {processor.py:651} INFO - DAG(s) dict_keys(['example_branch_datetime_operator', 'example_branch_datetime_operator_2']) retrieved from /home/hp/miniconda3/envs/airflow_env/lib/python3.8/site-packages/airflow/example_dags/example_branch_datetime_operator.py
[2022-07-25 04:32:00,051] {logging_mixin.py:115} INFO - [2022-07-25 04:32:00,051] {dag.py:2420} INFO - Sync 2 DAGs
[2022-07-25 04:32:00,061] {logging_mixin.py:115} INFO - [2022-07-25 04:32:00,061] {dag.py:2968} INFO - Setting next_dagrun for example_branch_datetime_operator to 2022-07-24T00:00:00+00:00, run_after=2022-07-25T00:00:00+00:00
[2022-07-25 04:32:00,062] {logging_mixin.py:115} INFO - [2022-07-25 04:32:00,062] {dag.py:2968} INFO - Setting next_dagrun for example_branch_datetime_operator_2 to 2022-07-24T00:00:00+00:00, run_after=2022-07-25T00:00:00+00:00
[2022-07-25 04:32:00,074] {processor.py:161} INFO - Processing /home/hp/miniconda3/envs/airflow_env/lib/python3.8/site-packages/airflow/example_dags/example_branch_datetime_operator.py took 0.051 seconds
[2022-07-25 04:37:24,697] {processor.py:153} INFO - Started process (PID=28404) to work on /home/hp/miniconda3/envs/airflow_env/lib/python3.8/site-packages/airflow/example_dags/example_branch_datetime_operator.py
[2022-07-25 04:37:24,698] {processor.py:641} INFO - Processing file /home/hp/miniconda3/envs/airflow_env/lib/python3.8/site-packages/airflow/example_dags/example_branch_datetime_operator.py for tasks to queue
[2022-07-25 04:37:24,699] {logging_mixin.py:115} INFO - [2022-07-25 04:37:24,698] {dagbag.py:508} INFO - Filling up the DagBag from /home/hp/miniconda3/envs/airflow_env/lib/python3.8/site-packages/airflow/example_dags/example_branch_datetime_operator.py
[2022-07-25 04:37:24,709] {processor.py:651} INFO - DAG(s) dict_keys(['example_branch_datetime_operator', 'example_branch_datetime_operator_2']) retrieved from /home/hp/miniconda3/envs/airflow_env/lib/python3.8/site-packages/airflow/example_dags/example_branch_datetime_operator.py
[2022-07-25 04:37:24,720] {logging_mixin.py:115} INFO - [2022-07-25 04:37:24,720] {dag.py:2420} INFO - Sync 2 DAGs
[2022-07-25 04:37:24,730] {logging_mixin.py:115} INFO - [2022-07-25 04:37:24,730] {dag.py:2968} INFO - Setting next_dagrun for example_branch_datetime_operator to 2022-07-24T00:00:00+00:00, run_after=2022-07-25T00:00:00+00:00
[2022-07-25 04:37:24,731] {logging_mixin.py:115} INFO - [2022-07-25 04:37:24,731] {dag.py:2968} INFO - Setting next_dagrun for example_branch_datetime_operator_2 to 2022-07-24T00:00:00+00:00, run_after=2022-07-25T00:00:00+00:00
[2022-07-25 04:37:24,740] {processor.py:161} INFO - Processing /home/hp/miniconda3/envs/airflow_env/lib/python3.8/site-packages/airflow/example_dags/example_branch_datetime_operator.py took 0.048 seconds
[2022-07-25 10:58:35,085] {processor.py:153} INFO - Started process (PID=57294) to work on /home/hp/miniconda3/envs/airflow_env/lib/python3.8/site-packages/airflow/example_dags/example_branch_datetime_operator.py
[2022-07-25 10:58:35,085] {processor.py:641} INFO - Processing file /home/hp/miniconda3/envs/airflow_env/lib/python3.8/site-packages/airflow/example_dags/example_branch_datetime_operator.py for tasks to queue
[2022-07-25 10:58:35,086] {logging_mixin.py:115} INFO - [2022-07-25 10:58:35,086] {dagbag.py:508} INFO - Filling up the DagBag from /home/hp/miniconda3/envs/airflow_env/lib/python3.8/site-packages/airflow/example_dags/example_branch_datetime_operator.py
[2022-07-25 10:58:35,096] {processor.py:651} INFO - DAG(s) dict_keys(['example_branch_datetime_operator', 'example_branch_datetime_operator_2']) retrieved from /home/hp/miniconda3/envs/airflow_env/lib/python3.8/site-packages/airflow/example_dags/example_branch_datetime_operator.py
[2022-07-25 10:58:35,106] {logging_mixin.py:115} INFO - [2022-07-25 10:58:35,105] {dag.py:2420} INFO - Sync 2 DAGs
[2022-07-25 10:58:35,114] {logging_mixin.py:115} INFO - [2022-07-25 10:58:35,114] {dag.py:2968} INFO - Setting next_dagrun for example_branch_datetime_operator to 2022-07-24T00:00:00+00:00, run_after=2022-07-25T00:00:00+00:00
[2022-07-25 10:58:35,115] {logging_mixin.py:115} INFO - [2022-07-25 10:58:35,114] {dag.py:2968} INFO - Setting next_dagrun for example_branch_datetime_operator_2 to 2022-07-24T00:00:00+00:00, run_after=2022-07-25T00:00:00+00:00
[2022-07-25 10:58:35,123] {processor.py:161} INFO - Processing /home/hp/miniconda3/envs/airflow_env/lib/python3.8/site-packages/airflow/example_dags/example_branch_datetime_operator.py took 0.040 seconds
[2022-07-25 10:59:11,089] {processor.py:153} INFO - Started process (PID=57589) to work on /home/hp/miniconda3/envs/airflow_env/lib/python3.8/site-packages/airflow/example_dags/example_branch_datetime_operator.py
[2022-07-25 10:59:11,090] {processor.py:641} INFO - Processing file /home/hp/miniconda3/envs/airflow_env/lib/python3.8/site-packages/airflow/example_dags/example_branch_datetime_operator.py for tasks to queue
[2022-07-25 10:59:11,091] {logging_mixin.py:115} INFO - [2022-07-25 10:59:11,091] {dagbag.py:508} INFO - Filling up the DagBag from /home/hp/miniconda3/envs/airflow_env/lib/python3.8/site-packages/airflow/example_dags/example_branch_datetime_operator.py
[2022-07-25 10:59:11,099] {processor.py:651} INFO - DAG(s) dict_keys(['example_branch_datetime_operator', 'example_branch_datetime_operator_2']) retrieved from /home/hp/miniconda3/envs/airflow_env/lib/python3.8/site-packages/airflow/example_dags/example_branch_datetime_operator.py
[2022-07-25 10:59:11,109] {logging_mixin.py:115} INFO - [2022-07-25 10:59:11,109] {dag.py:2420} INFO - Sync 2 DAGs
[2022-07-25 10:59:11,119] {logging_mixin.py:115} INFO - [2022-07-25 10:59:11,119] {dag.py:2968} INFO - Setting next_dagrun for example_branch_datetime_operator to 2022-07-24T00:00:00+00:00, run_after=2022-07-25T00:00:00+00:00
[2022-07-25 10:59:11,119] {logging_mixin.py:115} INFO - [2022-07-25 10:59:11,119] {dag.py:2968} INFO - Setting next_dagrun for example_branch_datetime_operator_2 to 2022-07-24T00:00:00+00:00, run_after=2022-07-25T00:00:00+00:00
[2022-07-25 10:59:11,128] {processor.py:161} INFO - Processing /home/hp/miniconda3/envs/airflow_env/lib/python3.8/site-packages/airflow/example_dags/example_branch_datetime_operator.py took 0.042 seconds
[2022-07-25 10:59:44,782] {processor.py:153} INFO - Started process (PID=57859) to work on /home/hp/miniconda3/envs/airflow_env/lib/python3.8/site-packages/airflow/example_dags/example_branch_datetime_operator.py
[2022-07-25 10:59:44,783] {processor.py:641} INFO - Processing file /home/hp/miniconda3/envs/airflow_env/lib/python3.8/site-packages/airflow/example_dags/example_branch_datetime_operator.py for tasks to queue
[2022-07-25 10:59:44,784] {logging_mixin.py:115} INFO - [2022-07-25 10:59:44,784] {dagbag.py:508} INFO - Filling up the DagBag from /home/hp/miniconda3/envs/airflow_env/lib/python3.8/site-packages/airflow/example_dags/example_branch_datetime_operator.py
[2022-07-25 10:59:44,789] {processor.py:651} INFO - DAG(s) dict_keys(['example_branch_datetime_operator', 'example_branch_datetime_operator_2']) retrieved from /home/hp/miniconda3/envs/airflow_env/lib/python3.8/site-packages/airflow/example_dags/example_branch_datetime_operator.py
[2022-07-25 10:59:44,802] {logging_mixin.py:115} INFO - [2022-07-25 10:59:44,802] {dag.py:2420} INFO - Sync 2 DAGs
[2022-07-25 10:59:44,814] {logging_mixin.py:115} INFO - [2022-07-25 10:59:44,814] {dag.py:2968} INFO - Setting next_dagrun for example_branch_datetime_operator to 2022-07-24T00:00:00+00:00, run_after=2022-07-25T00:00:00+00:00
[2022-07-25 10:59:44,815] {logging_mixin.py:115} INFO - [2022-07-25 10:59:44,815] {dag.py:2968} INFO - Setting next_dagrun for example_branch_datetime_operator_2 to 2022-07-24T00:00:00+00:00, run_after=2022-07-25T00:00:00+00:00
[2022-07-25 10:59:44,826] {processor.py:161} INFO - Processing /home/hp/miniconda3/envs/airflow_env/lib/python3.8/site-packages/airflow/example_dags/example_branch_datetime_operator.py took 0.046 seconds
[2022-07-25 11:00:19,653] {processor.py:153} INFO - Started process (PID=59211) to work on /home/hp/miniconda3/envs/airflow_env/lib/python3.8/site-packages/airflow/example_dags/example_branch_datetime_operator.py
[2022-07-25 11:00:19,654] {processor.py:641} INFO - Processing file /home/hp/miniconda3/envs/airflow_env/lib/python3.8/site-packages/airflow/example_dags/example_branch_datetime_operator.py for tasks to queue
[2022-07-25 11:00:19,654] {logging_mixin.py:115} INFO - [2022-07-25 11:00:19,654] {dagbag.py:508} INFO - Filling up the DagBag from /home/hp/miniconda3/envs/airflow_env/lib/python3.8/site-packages/airflow/example_dags/example_branch_datetime_operator.py
[2022-07-25 11:00:19,663] {processor.py:651} INFO - DAG(s) dict_keys(['example_branch_datetime_operator', 'example_branch_datetime_operator_2']) retrieved from /home/hp/miniconda3/envs/airflow_env/lib/python3.8/site-packages/airflow/example_dags/example_branch_datetime_operator.py
[2022-07-25 11:00:19,673] {logging_mixin.py:115} INFO - [2022-07-25 11:00:19,673] {dag.py:2420} INFO - Sync 2 DAGs
[2022-07-25 11:00:19,681] {logging_mixin.py:115} INFO - [2022-07-25 11:00:19,681] {dag.py:2968} INFO - Setting next_dagrun for example_branch_datetime_operator to 2022-07-24T00:00:00+00:00, run_after=2022-07-25T00:00:00+00:00
[2022-07-25 11:00:19,682] {logging_mixin.py:115} INFO - [2022-07-25 11:00:19,682] {dag.py:2968} INFO - Setting next_dagrun for example_branch_datetime_operator_2 to 2022-07-24T00:00:00+00:00, run_after=2022-07-25T00:00:00+00:00
[2022-07-25 11:00:19,690] {processor.py:161} INFO - Processing /home/hp/miniconda3/envs/airflow_env/lib/python3.8/site-packages/airflow/example_dags/example_branch_datetime_operator.py took 0.040 seconds
[2022-07-25 11:00:54,736] {processor.py:153} INFO - Started process (PID=59725) to work on /home/hp/miniconda3/envs/airflow_env/lib/python3.8/site-packages/airflow/example_dags/example_branch_datetime_operator.py
[2022-07-25 11:00:54,737] {processor.py:641} INFO - Processing file /home/hp/miniconda3/envs/airflow_env/lib/python3.8/site-packages/airflow/example_dags/example_branch_datetime_operator.py for tasks to queue
[2022-07-25 11:00:54,737] {logging_mixin.py:115} INFO - [2022-07-25 11:00:54,737] {dagbag.py:508} INFO - Filling up the DagBag from /home/hp/miniconda3/envs/airflow_env/lib/python3.8/site-packages/airflow/example_dags/example_branch_datetime_operator.py
[2022-07-25 11:00:54,742] {processor.py:651} INFO - DAG(s) dict_keys(['example_branch_datetime_operator', 'example_branch_datetime_operator_2']) retrieved from /home/hp/miniconda3/envs/airflow_env/lib/python3.8/site-packages/airflow/example_dags/example_branch_datetime_operator.py
[2022-07-25 11:00:54,750] {logging_mixin.py:115} INFO - [2022-07-25 11:00:54,750] {dag.py:2420} INFO - Sync 2 DAGs
[2022-07-25 11:00:54,758] {logging_mixin.py:115} INFO - [2022-07-25 11:00:54,758] {dag.py:2968} INFO - Setting next_dagrun for example_branch_datetime_operator to 2022-07-24T00:00:00+00:00, run_after=2022-07-25T00:00:00+00:00
[2022-07-25 11:00:54,759] {logging_mixin.py:115} INFO - [2022-07-25 11:00:54,759] {dag.py:2968} INFO - Setting next_dagrun for example_branch_datetime_operator_2 to 2022-07-24T00:00:00+00:00, run_after=2022-07-25T00:00:00+00:00
[2022-07-25 11:00:54,768] {processor.py:161} INFO - Processing /home/hp/miniconda3/envs/airflow_env/lib/python3.8/site-packages/airflow/example_dags/example_branch_datetime_operator.py took 0.033 seconds
[2022-07-25 11:01:28,544] {processor.py:153} INFO - Started process (PID=59901) to work on /home/hp/miniconda3/envs/airflow_env/lib/python3.8/site-packages/airflow/example_dags/example_branch_datetime_operator.py
[2022-07-25 11:01:28,545] {processor.py:641} INFO - Processing file /home/hp/miniconda3/envs/airflow_env/lib/python3.8/site-packages/airflow/example_dags/example_branch_datetime_operator.py for tasks to queue
[2022-07-25 11:01:28,545] {logging_mixin.py:115} INFO - [2022-07-25 11:01:28,545] {dagbag.py:508} INFO - Filling up the DagBag from /home/hp/miniconda3/envs/airflow_env/lib/python3.8/site-packages/airflow/example_dags/example_branch_datetime_operator.py
[2022-07-25 11:01:28,557] {processor.py:651} INFO - DAG(s) dict_keys(['example_branch_datetime_operator', 'example_branch_datetime_operator_2']) retrieved from /home/hp/miniconda3/envs/airflow_env/lib/python3.8/site-packages/airflow/example_dags/example_branch_datetime_operator.py
[2022-07-25 11:01:28,566] {logging_mixin.py:115} INFO - [2022-07-25 11:01:28,566] {dag.py:2420} INFO - Sync 2 DAGs
[2022-07-25 11:01:28,575] {logging_mixin.py:115} INFO - [2022-07-25 11:01:28,575] {dag.py:2968} INFO - Setting next_dagrun for example_branch_datetime_operator to 2022-07-24T00:00:00+00:00, run_after=2022-07-25T00:00:00+00:00
[2022-07-25 11:01:28,575] {logging_mixin.py:115} INFO - [2022-07-25 11:01:28,575] {dag.py:2968} INFO - Setting next_dagrun for example_branch_datetime_operator_2 to 2022-07-24T00:00:00+00:00, run_after=2022-07-25T00:00:00+00:00
[2022-07-25 11:01:28,584] {processor.py:161} INFO - Processing /home/hp/miniconda3/envs/airflow_env/lib/python3.8/site-packages/airflow/example_dags/example_branch_datetime_operator.py took 0.041 seconds
[2022-07-25 11:02:05,741] {processor.py:153} INFO - Started process (PID=60112) to work on /home/hp/miniconda3/envs/airflow_env/lib/python3.8/site-packages/airflow/example_dags/example_branch_datetime_operator.py
[2022-07-25 11:02:05,742] {processor.py:641} INFO - Processing file /home/hp/miniconda3/envs/airflow_env/lib/python3.8/site-packages/airflow/example_dags/example_branch_datetime_operator.py for tasks to queue
[2022-07-25 11:02:05,743] {logging_mixin.py:115} INFO - [2022-07-25 11:02:05,743] {dagbag.py:508} INFO - Filling up the DagBag from /home/hp/miniconda3/envs/airflow_env/lib/python3.8/site-packages/airflow/example_dags/example_branch_datetime_operator.py
[2022-07-25 11:02:05,750] {processor.py:651} INFO - DAG(s) dict_keys(['example_branch_datetime_operator', 'example_branch_datetime_operator_2']) retrieved from /home/hp/miniconda3/envs/airflow_env/lib/python3.8/site-packages/airflow/example_dags/example_branch_datetime_operator.py
[2022-07-25 11:02:05,758] {logging_mixin.py:115} INFO - [2022-07-25 11:02:05,758] {dag.py:2420} INFO - Sync 2 DAGs
[2022-07-25 11:02:05,766] {logging_mixin.py:115} INFO - [2022-07-25 11:02:05,766] {dag.py:2968} INFO - Setting next_dagrun for example_branch_datetime_operator to 2022-07-24T00:00:00+00:00, run_after=2022-07-25T00:00:00+00:00
[2022-07-25 11:02:05,767] {logging_mixin.py:115} INFO - [2022-07-25 11:02:05,767] {dag.py:2968} INFO - Setting next_dagrun for example_branch_datetime_operator_2 to 2022-07-24T00:00:00+00:00, run_after=2022-07-25T00:00:00+00:00
[2022-07-25 11:02:05,775] {processor.py:161} INFO - Processing /home/hp/miniconda3/envs/airflow_env/lib/python3.8/site-packages/airflow/example_dags/example_branch_datetime_operator.py took 0.035 seconds
[2022-07-25 11:02:39,459] {processor.py:153} INFO - Started process (PID=60751) to work on /home/hp/miniconda3/envs/airflow_env/lib/python3.8/site-packages/airflow/example_dags/example_branch_datetime_operator.py
[2022-07-25 11:02:39,460] {processor.py:641} INFO - Processing file /home/hp/miniconda3/envs/airflow_env/lib/python3.8/site-packages/airflow/example_dags/example_branch_datetime_operator.py for tasks to queue
[2022-07-25 11:02:39,460] {logging_mixin.py:115} INFO - [2022-07-25 11:02:39,460] {dagbag.py:508} INFO - Filling up the DagBag from /home/hp/miniconda3/envs/airflow_env/lib/python3.8/site-packages/airflow/example_dags/example_branch_datetime_operator.py
[2022-07-25 11:02:39,465] {processor.py:651} INFO - DAG(s) dict_keys(['example_branch_datetime_operator', 'example_branch_datetime_operator_2']) retrieved from /home/hp/miniconda3/envs/airflow_env/lib/python3.8/site-packages/airflow/example_dags/example_branch_datetime_operator.py
[2022-07-25 11:02:39,473] {logging_mixin.py:115} INFO - [2022-07-25 11:02:39,473] {dag.py:2420} INFO - Sync 2 DAGs
[2022-07-25 11:02:39,481] {logging_mixin.py:115} INFO - [2022-07-25 11:02:39,481] {dag.py:2968} INFO - Setting next_dagrun for example_branch_datetime_operator to 2022-07-24T00:00:00+00:00, run_after=2022-07-25T00:00:00+00:00
[2022-07-25 11:02:39,482] {logging_mixin.py:115} INFO - [2022-07-25 11:02:39,482] {dag.py:2968} INFO - Setting next_dagrun for example_branch_datetime_operator_2 to 2022-07-24T00:00:00+00:00, run_after=2022-07-25T00:00:00+00:00
[2022-07-25 11:02:39,989] {processor.py:161} INFO - Processing /home/hp/miniconda3/envs/airflow_env/lib/python3.8/site-packages/airflow/example_dags/example_branch_datetime_operator.py took 0.531 seconds
[2022-07-25 11:03:16,342] {processor.py:153} INFO - Started process (PID=61668) to work on /home/hp/miniconda3/envs/airflow_env/lib/python3.8/site-packages/airflow/example_dags/example_branch_datetime_operator.py
[2022-07-25 11:03:16,343] {processor.py:641} INFO - Processing file /home/hp/miniconda3/envs/airflow_env/lib/python3.8/site-packages/airflow/example_dags/example_branch_datetime_operator.py for tasks to queue
[2022-07-25 11:03:16,343] {logging_mixin.py:115} INFO - [2022-07-25 11:03:16,343] {dagbag.py:508} INFO - Filling up the DagBag from /home/hp/miniconda3/envs/airflow_env/lib/python3.8/site-packages/airflow/example_dags/example_branch_datetime_operator.py
[2022-07-25 11:03:16,353] {processor.py:651} INFO - DAG(s) dict_keys(['example_branch_datetime_operator', 'example_branch_datetime_operator_2']) retrieved from /home/hp/miniconda3/envs/airflow_env/lib/python3.8/site-packages/airflow/example_dags/example_branch_datetime_operator.py
[2022-07-25 11:03:16,363] {logging_mixin.py:115} INFO - [2022-07-25 11:03:16,363] {dag.py:2420} INFO - Sync 2 DAGs
[2022-07-25 11:03:16,371] {logging_mixin.py:115} INFO - [2022-07-25 11:03:16,371] {dag.py:2968} INFO - Setting next_dagrun for example_branch_datetime_operator to 2022-07-24T00:00:00+00:00, run_after=2022-07-25T00:00:00+00:00
[2022-07-25 11:03:16,372] {logging_mixin.py:115} INFO - [2022-07-25 11:03:16,372] {dag.py:2968} INFO - Setting next_dagrun for example_branch_datetime_operator_2 to 2022-07-24T00:00:00+00:00, run_after=2022-07-25T00:00:00+00:00
[2022-07-25 11:03:16,381] {processor.py:161} INFO - Processing /home/hp/miniconda3/envs/airflow_env/lib/python3.8/site-packages/airflow/example_dags/example_branch_datetime_operator.py took 0.041 seconds
[2022-07-25 11:03:53,041] {processor.py:153} INFO - Started process (PID=61909) to work on /home/hp/miniconda3/envs/airflow_env/lib/python3.8/site-packages/airflow/example_dags/example_branch_datetime_operator.py
[2022-07-25 11:03:53,042] {processor.py:641} INFO - Processing file /home/hp/miniconda3/envs/airflow_env/lib/python3.8/site-packages/airflow/example_dags/example_branch_datetime_operator.py for tasks to queue
[2022-07-25 11:03:53,043] {logging_mixin.py:115} INFO - [2022-07-25 11:03:53,043] {dagbag.py:508} INFO - Filling up the DagBag from /home/hp/miniconda3/envs/airflow_env/lib/python3.8/site-packages/airflow/example_dags/example_branch_datetime_operator.py
[2022-07-25 11:03:53,048] {processor.py:651} INFO - DAG(s) dict_keys(['example_branch_datetime_operator', 'example_branch_datetime_operator_2']) retrieved from /home/hp/miniconda3/envs/airflow_env/lib/python3.8/site-packages/airflow/example_dags/example_branch_datetime_operator.py
[2022-07-25 11:03:53,058] {logging_mixin.py:115} INFO - [2022-07-25 11:03:53,058] {dag.py:2420} INFO - Sync 2 DAGs
[2022-07-25 11:03:53,066] {logging_mixin.py:115} INFO - [2022-07-25 11:03:53,066] {dag.py:2968} INFO - Setting next_dagrun for example_branch_datetime_operator to 2022-07-24T00:00:00+00:00, run_after=2022-07-25T00:00:00+00:00
[2022-07-25 11:03:53,067] {logging_mixin.py:115} INFO - [2022-07-25 11:03:53,067] {dag.py:2968} INFO - Setting next_dagrun for example_branch_datetime_operator_2 to 2022-07-24T00:00:00+00:00, run_after=2022-07-25T00:00:00+00:00
[2022-07-25 11:03:53,077] {processor.py:161} INFO - Processing /home/hp/miniconda3/envs/airflow_env/lib/python3.8/site-packages/airflow/example_dags/example_branch_datetime_operator.py took 0.040 seconds
[2022-07-25 11:04:28,149] {processor.py:153} INFO - Started process (PID=62176) to work on /home/hp/miniconda3/envs/airflow_env/lib/python3.8/site-packages/airflow/example_dags/example_branch_datetime_operator.py
[2022-07-25 11:04:28,150] {processor.py:641} INFO - Processing file /home/hp/miniconda3/envs/airflow_env/lib/python3.8/site-packages/airflow/example_dags/example_branch_datetime_operator.py for tasks to queue
[2022-07-25 11:04:28,150] {logging_mixin.py:115} INFO - [2022-07-25 11:04:28,150] {dagbag.py:508} INFO - Filling up the DagBag from /home/hp/miniconda3/envs/airflow_env/lib/python3.8/site-packages/airflow/example_dags/example_branch_datetime_operator.py
[2022-07-25 11:04:28,157] {processor.py:651} INFO - DAG(s) dict_keys(['example_branch_datetime_operator', 'example_branch_datetime_operator_2']) retrieved from /home/hp/miniconda3/envs/airflow_env/lib/python3.8/site-packages/airflow/example_dags/example_branch_datetime_operator.py
[2022-07-25 11:04:28,165] {logging_mixin.py:115} INFO - [2022-07-25 11:04:28,165] {dag.py:2420} INFO - Sync 2 DAGs
[2022-07-25 11:04:28,174] {logging_mixin.py:115} INFO - [2022-07-25 11:04:28,174] {dag.py:2968} INFO - Setting next_dagrun for example_branch_datetime_operator to 2022-07-24T00:00:00+00:00, run_after=2022-07-25T00:00:00+00:00
[2022-07-25 11:04:28,174] {logging_mixin.py:115} INFO - [2022-07-25 11:04:28,174] {dag.py:2968} INFO - Setting next_dagrun for example_branch_datetime_operator_2 to 2022-07-24T00:00:00+00:00, run_after=2022-07-25T00:00:00+00:00
[2022-07-25 11:04:28,184] {processor.py:161} INFO - Processing /home/hp/miniconda3/envs/airflow_env/lib/python3.8/site-packages/airflow/example_dags/example_branch_datetime_operator.py took 0.037 seconds
[2022-07-25 11:05:02,847] {processor.py:153} INFO - Started process (PID=62519) to work on /home/hp/miniconda3/envs/airflow_env/lib/python3.8/site-packages/airflow/example_dags/example_branch_datetime_operator.py
[2022-07-25 11:05:02,849] {processor.py:641} INFO - Processing file /home/hp/miniconda3/envs/airflow_env/lib/python3.8/site-packages/airflow/example_dags/example_branch_datetime_operator.py for tasks to queue
[2022-07-25 11:05:02,849] {logging_mixin.py:115} INFO - [2022-07-25 11:05:02,849] {dagbag.py:508} INFO - Filling up the DagBag from /home/hp/miniconda3/envs/airflow_env/lib/python3.8/site-packages/airflow/example_dags/example_branch_datetime_operator.py
[2022-07-25 11:05:02,858] {processor.py:651} INFO - DAG(s) dict_keys(['example_branch_datetime_operator', 'example_branch_datetime_operator_2']) retrieved from /home/hp/miniconda3/envs/airflow_env/lib/python3.8/site-packages/airflow/example_dags/example_branch_datetime_operator.py
[2022-07-25 11:05:02,868] {logging_mixin.py:115} INFO - [2022-07-25 11:05:02,868] {dag.py:2420} INFO - Sync 2 DAGs
[2022-07-25 11:05:02,877] {logging_mixin.py:115} INFO - [2022-07-25 11:05:02,877] {dag.py:2968} INFO - Setting next_dagrun for example_branch_datetime_operator to 2022-07-24T00:00:00+00:00, run_after=2022-07-25T00:00:00+00:00
[2022-07-25 11:05:02,878] {logging_mixin.py:115} INFO - [2022-07-25 11:05:02,878] {dag.py:2968} INFO - Setting next_dagrun for example_branch_datetime_operator_2 to 2022-07-24T00:00:00+00:00, run_after=2022-07-25T00:00:00+00:00
[2022-07-25 11:05:02,888] {processor.py:161} INFO - Processing /home/hp/miniconda3/envs/airflow_env/lib/python3.8/site-packages/airflow/example_dags/example_branch_datetime_operator.py took 0.045 seconds
[2022-07-25 11:05:36,936] {processor.py:153} INFO - Started process (PID=62736) to work on /home/hp/miniconda3/envs/airflow_env/lib/python3.8/site-packages/airflow/example_dags/example_branch_datetime_operator.py
[2022-07-25 11:05:36,937] {processor.py:641} INFO - Processing file /home/hp/miniconda3/envs/airflow_env/lib/python3.8/site-packages/airflow/example_dags/example_branch_datetime_operator.py for tasks to queue
[2022-07-25 11:05:36,938] {logging_mixin.py:115} INFO - [2022-07-25 11:05:36,938] {dagbag.py:508} INFO - Filling up the DagBag from /home/hp/miniconda3/envs/airflow_env/lib/python3.8/site-packages/airflow/example_dags/example_branch_datetime_operator.py
[2022-07-25 11:05:36,945] {processor.py:651} INFO - DAG(s) dict_keys(['example_branch_datetime_operator', 'example_branch_datetime_operator_2']) retrieved from /home/hp/miniconda3/envs/airflow_env/lib/python3.8/site-packages/airflow/example_dags/example_branch_datetime_operator.py
[2022-07-25 11:05:36,953] {logging_mixin.py:115} INFO - [2022-07-25 11:05:36,953] {dag.py:2420} INFO - Sync 2 DAGs
[2022-07-25 11:05:36,962] {logging_mixin.py:115} INFO - [2022-07-25 11:05:36,962] {dag.py:2968} INFO - Setting next_dagrun for example_branch_datetime_operator to 2022-07-24T00:00:00+00:00, run_after=2022-07-25T00:00:00+00:00
[2022-07-25 11:05:36,963] {logging_mixin.py:115} INFO - [2022-07-25 11:05:36,963] {dag.py:2968} INFO - Setting next_dagrun for example_branch_datetime_operator_2 to 2022-07-24T00:00:00+00:00, run_after=2022-07-25T00:00:00+00:00
[2022-07-25 11:05:36,974] {processor.py:161} INFO - Processing /home/hp/miniconda3/envs/airflow_env/lib/python3.8/site-packages/airflow/example_dags/example_branch_datetime_operator.py took 0.040 seconds
[2022-07-25 11:06:12,353] {processor.py:153} INFO - Started process (PID=62951) to work on /home/hp/miniconda3/envs/airflow_env/lib/python3.8/site-packages/airflow/example_dags/example_branch_datetime_operator.py
[2022-07-25 11:06:12,354] {processor.py:641} INFO - Processing file /home/hp/miniconda3/envs/airflow_env/lib/python3.8/site-packages/airflow/example_dags/example_branch_datetime_operator.py for tasks to queue
[2022-07-25 11:06:12,355] {logging_mixin.py:115} INFO - [2022-07-25 11:06:12,354] {dagbag.py:508} INFO - Filling up the DagBag from /home/hp/miniconda3/envs/airflow_env/lib/python3.8/site-packages/airflow/example_dags/example_branch_datetime_operator.py
[2022-07-25 11:06:12,364] {processor.py:651} INFO - DAG(s) dict_keys(['example_branch_datetime_operator', 'example_branch_datetime_operator_2']) retrieved from /home/hp/miniconda3/envs/airflow_env/lib/python3.8/site-packages/airflow/example_dags/example_branch_datetime_operator.py
[2022-07-25 11:06:12,373] {logging_mixin.py:115} INFO - [2022-07-25 11:06:12,373] {dag.py:2420} INFO - Sync 2 DAGs
[2022-07-25 11:06:12,382] {logging_mixin.py:115} INFO - [2022-07-25 11:06:12,382] {dag.py:2968} INFO - Setting next_dagrun for example_branch_datetime_operator to 2022-07-24T00:00:00+00:00, run_after=2022-07-25T00:00:00+00:00
[2022-07-25 11:06:12,382] {logging_mixin.py:115} INFO - [2022-07-25 11:06:12,382] {dag.py:2968} INFO - Setting next_dagrun for example_branch_datetime_operator_2 to 2022-07-24T00:00:00+00:00, run_after=2022-07-25T00:00:00+00:00
[2022-07-25 11:06:12,392] {processor.py:161} INFO - Processing /home/hp/miniconda3/envs/airflow_env/lib/python3.8/site-packages/airflow/example_dags/example_branch_datetime_operator.py took 0.043 seconds
[2022-07-25 11:06:47,554] {processor.py:153} INFO - Started process (PID=63258) to work on /home/hp/miniconda3/envs/airflow_env/lib/python3.8/site-packages/airflow/example_dags/example_branch_datetime_operator.py
[2022-07-25 11:06:47,555] {processor.py:641} INFO - Processing file /home/hp/miniconda3/envs/airflow_env/lib/python3.8/site-packages/airflow/example_dags/example_branch_datetime_operator.py for tasks to queue
[2022-07-25 11:06:47,556] {logging_mixin.py:115} INFO - [2022-07-25 11:06:47,556] {dagbag.py:508} INFO - Filling up the DagBag from /home/hp/miniconda3/envs/airflow_env/lib/python3.8/site-packages/airflow/example_dags/example_branch_datetime_operator.py
[2022-07-25 11:06:47,566] {processor.py:651} INFO - DAG(s) dict_keys(['example_branch_datetime_operator', 'example_branch_datetime_operator_2']) retrieved from /home/hp/miniconda3/envs/airflow_env/lib/python3.8/site-packages/airflow/example_dags/example_branch_datetime_operator.py
[2022-07-25 11:06:47,576] {logging_mixin.py:115} INFO - [2022-07-25 11:06:47,575] {dag.py:2420} INFO - Sync 2 DAGs
[2022-07-25 11:06:47,584] {logging_mixin.py:115} INFO - [2022-07-25 11:06:47,584] {dag.py:2968} INFO - Setting next_dagrun for example_branch_datetime_operator to 2022-07-24T00:00:00+00:00, run_after=2022-07-25T00:00:00+00:00
[2022-07-25 11:06:47,584] {logging_mixin.py:115} INFO - [2022-07-25 11:06:47,584] {dag.py:2968} INFO - Setting next_dagrun for example_branch_datetime_operator_2 to 2022-07-24T00:00:00+00:00, run_after=2022-07-25T00:00:00+00:00
[2022-07-25 11:06:47,595] {processor.py:161} INFO - Processing /home/hp/miniconda3/envs/airflow_env/lib/python3.8/site-packages/airflow/example_dags/example_branch_datetime_operator.py took 0.045 seconds
[2022-07-25 11:07:21,208] {processor.py:153} INFO - Started process (PID=63516) to work on /home/hp/miniconda3/envs/airflow_env/lib/python3.8/site-packages/airflow/example_dags/example_branch_datetime_operator.py
[2022-07-25 11:07:21,209] {processor.py:641} INFO - Processing file /home/hp/miniconda3/envs/airflow_env/lib/python3.8/site-packages/airflow/example_dags/example_branch_datetime_operator.py for tasks to queue
[2022-07-25 11:07:21,209] {logging_mixin.py:115} INFO - [2022-07-25 11:07:21,209] {dagbag.py:508} INFO - Filling up the DagBag from /home/hp/miniconda3/envs/airflow_env/lib/python3.8/site-packages/airflow/example_dags/example_branch_datetime_operator.py
[2022-07-25 11:07:21,213] {processor.py:651} INFO - DAG(s) dict_keys(['example_branch_datetime_operator', 'example_branch_datetime_operator_2']) retrieved from /home/hp/miniconda3/envs/airflow_env/lib/python3.8/site-packages/airflow/example_dags/example_branch_datetime_operator.py
[2022-07-25 11:07:21,222] {logging_mixin.py:115} INFO - [2022-07-25 11:07:21,222] {dag.py:2420} INFO - Sync 2 DAGs
[2022-07-25 11:07:21,231] {logging_mixin.py:115} INFO - [2022-07-25 11:07:21,231] {dag.py:2968} INFO - Setting next_dagrun for example_branch_datetime_operator to 2022-07-24T00:00:00+00:00, run_after=2022-07-25T00:00:00+00:00
[2022-07-25 11:07:21,232] {logging_mixin.py:115} INFO - [2022-07-25 11:07:21,232] {dag.py:2968} INFO - Setting next_dagrun for example_branch_datetime_operator_2 to 2022-07-24T00:00:00+00:00, run_after=2022-07-25T00:00:00+00:00
[2022-07-25 11:07:21,242] {processor.py:161} INFO - Processing /home/hp/miniconda3/envs/airflow_env/lib/python3.8/site-packages/airflow/example_dags/example_branch_datetime_operator.py took 0.036 seconds
[2022-07-25 11:07:57,075] {processor.py:153} INFO - Started process (PID=63861) to work on /home/hp/miniconda3/envs/airflow_env/lib/python3.8/site-packages/airflow/example_dags/example_branch_datetime_operator.py
[2022-07-25 11:07:57,076] {processor.py:641} INFO - Processing file /home/hp/miniconda3/envs/airflow_env/lib/python3.8/site-packages/airflow/example_dags/example_branch_datetime_operator.py for tasks to queue
[2022-07-25 11:07:57,076] {logging_mixin.py:115} INFO - [2022-07-25 11:07:57,076] {dagbag.py:508} INFO - Filling up the DagBag from /home/hp/miniconda3/envs/airflow_env/lib/python3.8/site-packages/airflow/example_dags/example_branch_datetime_operator.py
[2022-07-25 11:07:57,080] {processor.py:651} INFO - DAG(s) dict_keys(['example_branch_datetime_operator', 'example_branch_datetime_operator_2']) retrieved from /home/hp/miniconda3/envs/airflow_env/lib/python3.8/site-packages/airflow/example_dags/example_branch_datetime_operator.py
[2022-07-25 11:07:57,089] {logging_mixin.py:115} INFO - [2022-07-25 11:07:57,089] {dag.py:2420} INFO - Sync 2 DAGs
[2022-07-25 11:07:57,098] {logging_mixin.py:115} INFO - [2022-07-25 11:07:57,098] {dag.py:2968} INFO - Setting next_dagrun for example_branch_datetime_operator to 2022-07-24T00:00:00+00:00, run_after=2022-07-25T00:00:00+00:00
[2022-07-25 11:07:57,099] {logging_mixin.py:115} INFO - [2022-07-25 11:07:57,099] {dag.py:2968} INFO - Setting next_dagrun for example_branch_datetime_operator_2 to 2022-07-24T00:00:00+00:00, run_after=2022-07-25T00:00:00+00:00
[2022-07-25 11:07:57,110] {processor.py:161} INFO - Processing /home/hp/miniconda3/envs/airflow_env/lib/python3.8/site-packages/airflow/example_dags/example_branch_datetime_operator.py took 0.036 seconds
                                                                                                                                                                                                                                                                                                                                                                                                                                                                                                                                                                                                                                                                                                                                                                                                                                                                                                                                                                                                                                                                                                                                                                                                                                                                                                                                                                                                                                                                                                                                                                                                                                                                                                                                                                                                   