[2022-07-25 03:07:16,669] {processor.py:153} INFO - Started process (PID=21300) to work on /home/hp/miniconda3/envs/airflow_env/lib/python3.8/site-packages/airflow/example_dags/example_latest_only_with_trigger.py
[2022-07-25 03:07:16,669] {processor.py:641} INFO - Processing file /home/hp/miniconda3/envs/airflow_env/lib/python3.8/site-packages/airflow/example_dags/example_latest_only_with_trigger.py for tasks to queue
[2022-07-25 03:07:16,670] {logging_mixin.py:115} INFO - [2022-07-25 03:07:16,669] {dagbag.py:508} INFO - Filling up the DagBag from /home/hp/miniconda3/envs/airflow_env/lib/python3.8/site-packages/airflow/example_dags/example_latest_only_with_trigger.py
[2022-07-25 03:07:16,675] {processor.py:651} INFO - DAG(s) dict_keys(['latest_only_with_trigger']) retrieved from /home/hp/miniconda3/envs/airflow_env/lib/python3.8/site-packages/airflow/example_dags/example_latest_only_with_trigger.py
[2022-07-25 03:07:16,722] {logging_mixin.py:115} INFO - [2022-07-25 03:07:16,722] {dag.py:2420} INFO - Sync 1 DAGs
[2022-07-25 03:07:16,758] {logging_mixin.py:115} INFO - [2022-07-25 03:07:16,758] {dag.py:2968} INFO - Setting next_dagrun for latest_only_with_trigger to 2022-07-24T20:07:16.757739+00:00, run_after=2022-07-25T00:07:16.757739+00:00
[2022-07-25 03:07:16,792] {processor.py:161} INFO - Processing /home/hp/miniconda3/envs/airflow_env/lib/python3.8/site-packages/airflow/example_dags/example_latest_only_with_trigger.py took 0.126 seconds
[2022-07-25 03:12:43,953] {processor.py:153} INFO - Started process (PID=21867) to work on /home/hp/miniconda3/envs/airflow_env/lib/python3.8/site-packages/airflow/example_dags/example_latest_only_with_trigger.py
[2022-07-25 03:12:43,954] {processor.py:641} INFO - Processing file /home/hp/miniconda3/envs/airflow_env/lib/python3.8/site-packages/airflow/example_dags/example_latest_only_with_trigger.py for tasks to queue
[2022-07-25 03:12:43,955] {logging_mixin.py:115} INFO - [2022-07-25 03:12:43,955] {dagbag.py:508} INFO - Filling up the DagBag from /home/hp/miniconda3/envs/airflow_env/lib/python3.8/site-packages/airflow/example_dags/example_latest_only_with_trigger.py
[2022-07-25 03:12:43,961] {processor.py:651} INFO - DAG(s) dict_keys(['latest_only_with_trigger']) retrieved from /home/hp/miniconda3/envs/airflow_env/lib/python3.8/site-packages/airflow/example_dags/example_latest_only_with_trigger.py
[2022-07-25 03:12:43,971] {logging_mixin.py:115} INFO - [2022-07-25 03:12:43,971] {dag.py:2420} INFO - Sync 1 DAGs
[2022-07-25 03:12:43,984] {logging_mixin.py:115} INFO - [2022-07-25 03:12:43,984] {dag.py:2968} INFO - Setting next_dagrun for latest_only_with_trigger to 2022-07-24T20:12:43.984034+00:00, run_after=2022-07-25T00:12:43.984034+00:00
[2022-07-25 03:12:43,995] {processor.py:161} INFO - Processing /home/hp/miniconda3/envs/airflow_env/lib/python3.8/site-packages/airflow/example_dags/example_latest_only_with_trigger.py took 0.045 seconds
[2022-07-25 03:18:06,657] {processor.py:153} INFO - Started process (PID=22339) to work on /home/hp/miniconda3/envs/airflow_env/lib/python3.8/site-packages/airflow/example_dags/example_latest_only_with_trigger.py
[2022-07-25 03:18:06,658] {processor.py:641} INFO - Processing file /home/hp/miniconda3/envs/airflow_env/lib/python3.8/site-packages/airflow/example_dags/example_latest_only_with_trigger.py for tasks to queue
[2022-07-25 03:18:06,659] {logging_mixin.py:115} INFO - [2022-07-25 03:18:06,658] {dagbag.py:508} INFO - Filling up the DagBag from /home/hp/miniconda3/envs/airflow_env/lib/python3.8/site-packages/airflow/example_dags/example_latest_only_with_trigger.py
[2022-07-25 03:18:06,666] {processor.py:651} INFO - DAG(s) dict_keys(['latest_only_with_trigger']) retrieved from /home/hp/miniconda3/envs/airflow_env/lib/python3.8/site-packages/airflow/example_dags/example_latest_only_with_trigger.py
[2022-07-25 03:18:06,676] {logging_mixin.py:115} INFO - [2022-07-25 03:18:06,676] {dag.py:2420} INFO - Sync 1 DAGs
[2022-07-25 03:18:06,685] {logging_mixin.py:115} INFO - [2022-07-25 03:18:06,685] {dag.py:2968} INFO - Setting next_dagrun for latest_only_with_trigger to 2022-07-24T20:18:06.685655+00:00, run_after=2022-07-25T00:18:06.685655+00:00
[2022-07-25 03:18:06,697] {processor.py:161} INFO - Processing /home/hp/miniconda3/envs/airflow_env/lib/python3.8/site-packages/airflow/example_dags/example_latest_only_with_trigger.py took 0.044 seconds
[2022-07-25 03:23:28,630] {processor.py:153} INFO - Started process (PID=22817) to work on /home/hp/miniconda3/envs/airflow_env/lib/python3.8/site-packages/airflow/example_dags/example_latest_only_with_trigger.py
[2022-07-25 03:23:28,631] {processor.py:641} INFO - Processing file /home/hp/miniconda3/envs/airflow_env/lib/python3.8/site-packages/airflow/example_dags/example_latest_only_with_trigger.py for tasks to queue
[2022-07-25 03:23:28,632] {logging_mixin.py:115} INFO - [2022-07-25 03:23:28,632] {dagbag.py:508} INFO - Filling up the DagBag from /home/hp/miniconda3/envs/airflow_env/lib/python3.8/site-packages/airflow/example_dags/example_latest_only_with_trigger.py
[2022-07-25 03:23:28,640] {processor.py:651} INFO - DAG(s) dict_keys(['latest_only_with_trigger']) retrieved from /home/hp/miniconda3/envs/airflow_env/lib/python3.8/site-packages/airflow/example_dags/example_latest_only_with_trigger.py
[2022-07-25 03:23:28,650] {logging_mixin.py:115} INFO - [2022-07-25 03:23:28,650] {dag.py:2420} INFO - Sync 1 DAGs
[2022-07-25 03:23:28,661] {logging_mixin.py:115} INFO - [2022-07-25 03:23:28,661] {dag.py:2968} INFO - Setting next_dagrun for latest_only_with_trigger to 2022-07-24T20:23:28.661168+00:00, run_after=2022-07-25T00:23:28.661168+00:00
[2022-07-25 03:23:28,670] {processor.py:161} INFO - Processing /home/hp/miniconda3/envs/airflow_env/lib/python3.8/site-packages/airflow/example_dags/example_latest_only_with_trigger.py took 0.044 seconds
[2022-07-25 03:28:52,231] {processor.py:153} INFO - Started process (PID=23193) to work on /home/hp/miniconda3/envs/airflow_env/lib/python3.8/site-packages/airflow/example_dags/example_latest_only_with_trigger.py
[2022-07-25 03:28:52,232] {processor.py:641} INFO - Processing file /home/hp/miniconda3/envs/airflow_env/lib/python3.8/site-packages/airflow/example_dags/example_latest_only_with_trigger.py for tasks to queue
[2022-07-25 03:28:52,233] {logging_mixin.py:115} INFO - [2022-07-25 03:28:52,233] {dagbag.py:508} INFO - Filling up the DagBag from /home/hp/miniconda3/envs/airflow_env/lib/python3.8/site-packages/airflow/example_dags/example_latest_only_with_trigger.py
[2022-07-25 03:28:52,240] {processor.py:651} INFO - DAG(s) dict_keys(['latest_only_with_trigger']) retrieved from /home/hp/miniconda3/envs/airflow_env/lib/python3.8/site-packages/airflow/example_dags/example_latest_only_with_trigger.py
[2022-07-25 03:28:52,249] {logging_mixin.py:115} INFO - [2022-07-25 03:28:52,249] {dag.py:2420} INFO - Sync 1 DAGs
[2022-07-25 03:28:52,263] {logging_mixin.py:115} INFO - [2022-07-25 03:28:52,263] {dag.py:2968} INFO - Setting next_dagrun for latest_only_with_trigger to 2022-07-24T20:28:52.263117+00:00, run_after=2022-07-25T00:28:52.263117+00:00
[2022-07-25 03:28:52,273] {processor.py:161} INFO - Processing /home/hp/miniconda3/envs/airflow_env/lib/python3.8/site-packages/airflow/example_dags/example_latest_only_with_trigger.py took 0.047 seconds
[2022-07-25 03:33:46,697] {processor.py:153} INFO - Started process (PID=23897) to work on /home/hp/miniconda3/envs/airflow_env/lib/python3.8/site-packages/airflow/example_dags/example_latest_only_with_trigger.py
[2022-07-25 03:33:46,698] {processor.py:641} INFO - Processing file /home/hp/miniconda3/envs/airflow_env/lib/python3.8/site-packages/airflow/example_dags/example_latest_only_with_trigger.py for tasks to queue
[2022-07-25 03:33:46,699] {logging_mixin.py:115} INFO - [2022-07-25 03:33:46,699] {dagbag.py:508} INFO - Filling up the DagBag from /home/hp/miniconda3/envs/airflow_env/lib/python3.8/site-packages/airflow/example_dags/example_latest_only_with_trigger.py
[2022-07-25 03:33:46,707] {processor.py:651} INFO - DAG(s) dict_keys(['latest_only_with_trigger']) retrieved from /home/hp/miniconda3/envs/airflow_env/lib/python3.8/site-packages/airflow/example_dags/example_latest_only_with_trigger.py
[2022-07-25 03:33:46,720] {logging_mixin.py:115} INFO - [2022-07-25 03:33:46,720] {dag.py:2420} INFO - Sync 1 DAGs
[2022-07-25 03:33:46,730] {logging_mixin.py:115} INFO - [2022-07-25 03:33:46,730] {dag.py:2968} INFO - Setting next_dagrun for latest_only_with_trigger to 2022-07-24T20:33:46.730150+00:00, run_after=2022-07-25T00:33:46.730150+00:00
[2022-07-25 03:33:46,739] {processor.py:161} INFO - Processing /home/hp/miniconda3/envs/airflow_env/lib/python3.8/site-packages/airflow/example_dags/example_latest_only_with_trigger.py took 0.046 seconds
[2022-07-25 03:39:11,232] {processor.py:153} INFO - Started process (PID=24318) to work on /home/hp/miniconda3/envs/airflow_env/lib/python3.8/site-packages/airflow/example_dags/example_latest_only_with_trigger.py
[2022-07-25 03:39:11,233] {processor.py:641} INFO - Processing file /home/hp/miniconda3/envs/airflow_env/lib/python3.8/site-packages/airflow/example_dags/example_latest_only_with_trigger.py for tasks to queue
[2022-07-25 03:39:11,233] {logging_mixin.py:115} INFO - [2022-07-25 03:39:11,233] {dagbag.py:508} INFO - Filling up the DagBag from /home/hp/miniconda3/envs/airflow_env/lib/python3.8/site-packages/airflow/example_dags/example_latest_only_with_trigger.py
[2022-07-25 03:39:11,240] {processor.py:651} INFO - DAG(s) dict_keys(['latest_only_with_trigger']) retrieved from /home/hp/miniconda3/envs/airflow_env/lib/python3.8/site-packages/airflow/example_dags/example_latest_only_with_trigger.py
[2022-07-25 03:39:11,251] {logging_mixin.py:115} INFO - [2022-07-25 03:39:11,251] {dag.py:2420} INFO - Sync 1 DAGs
[2022-07-25 03:39:11,262] {logging_mixin.py:115} INFO - [2022-07-25 03:39:11,262] {dag.py:2968} INFO - Setting next_dagrun for latest_only_with_trigger to 2022-07-24T20:39:11.262638+00:00, run_after=2022-07-25T00:39:11.262638+00:00
[2022-07-25 03:39:11,272] {processor.py:161} INFO - Processing /home/hp/miniconda3/envs/airflow_env/lib/python3.8/site-packages/airflow/example_dags/example_latest_only_with_trigger.py took 0.044 seconds
[2022-07-25 03:44:34,872] {processor.py:153} INFO - Started process (PID=24822) to work on /home/hp/miniconda3/envs/airflow_env/lib/python3.8/site-packages/airflow/example_dags/example_latest_only_with_trigger.py
[2022-07-25 03:44:34,873] {processor.py:641} INFO - Processing file /home/hp/miniconda3/envs/airflow_env/lib/python3.8/site-packages/airflow/example_dags/example_latest_only_with_trigger.py for tasks to queue
[2022-07-25 03:44:34,873] {logging_mixin.py:115} INFO - [2022-07-25 03:44:34,873] {dagbag.py:508} INFO - Filling up the DagBag from /home/hp/miniconda3/envs/airflow_env/lib/python3.8/site-packages/airflow/example_dags/example_latest_only_with_trigger.py
[2022-07-25 03:44:34,877] {processor.py:651} INFO - DAG(s) dict_keys(['latest_only_with_trigger']) retrieved from /home/hp/miniconda3/envs/airflow_env/lib/python3.8/site-packages/airflow/example_dags/example_latest_only_with_trigger.py
[2022-07-25 03:44:34,886] {logging_mixin.py:115} INFO - [2022-07-25 03:44:34,886] {dag.py:2420} INFO - Sync 1 DAGs
[2022-07-25 03:44:34,896] {logging_mixin.py:115} INFO - [2022-07-25 03:44:34,896] {dag.py:2968} INFO - Setting next_dagrun for latest_only_with_trigger to 2022-07-24T20:44:34.896152+00:00, run_after=2022-07-25T00:44:34.896152+00:00
[2022-07-25 03:44:34,907] {processor.py:161} INFO - Processing /home/hp/miniconda3/envs/airflow_env/lib/python3.8/site-packages/airflow/example_dags/example_latest_only_with_trigger.py took 0.037 seconds
[2022-07-25 03:49:57,583] {processor.py:153} INFO - Started process (PID=25183) to work on /home/hp/miniconda3/envs/airflow_env/lib/python3.8/site-packages/airflow/example_dags/example_latest_only_with_trigger.py
[2022-07-25 03:49:57,584] {processor.py:641} INFO - Processing file /home/hp/miniconda3/envs/airflow_env/lib/python3.8/site-packages/airflow/example_dags/example_latest_only_with_trigger.py for tasks to queue
[2022-07-25 03:49:57,585] {logging_mixin.py:115} INFO - [2022-07-25 03:49:57,585] {dagbag.py:508} INFO - Filling up the DagBag from /home/hp/miniconda3/envs/airflow_env/lib/python3.8/site-packages/airflow/example_dags/example_latest_only_with_trigger.py
[2022-07-25 03:49:57,594] {processor.py:651} INFO - DAG(s) dict_keys(['latest_only_with_trigger']) retrieved from /home/hp/miniconda3/envs/airflow_env/lib/python3.8/site-packages/airflow/example_dags/example_latest_only_with_trigger.py
[2022-07-25 03:49:57,609] {logging_mixin.py:115} INFO - [2022-07-25 03:49:57,609] {dag.py:2420} INFO - Sync 1 DAGs
[2022-07-25 03:49:57,618] {logging_mixin.py:115} INFO - [2022-07-25 03:49:57,618] {dag.py:2968} INFO - Setting next_dagrun for latest_only_with_trigger to 2022-07-24T20:49:57.617901+00:00, run_after=2022-07-25T00:49:57.617901+00:00
[2022-07-25 03:49:57,627] {processor.py:161} INFO - Processing /home/hp/miniconda3/envs/airflow_env/lib/python3.8/site-packages/airflow/example_dags/example_latest_only_with_trigger.py took 0.048 seconds
[2022-07-25 03:55:21,143] {processor.py:153} INFO - Started process (PID=25489) to work on /home/hp/miniconda3/envs/airflow_env/lib/python3.8/site-packages/airflow/example_dags/example_latest_only_with_trigger.py
[2022-07-25 03:55:21,144] {processor.py:641} INFO - Processing file /home/hp/miniconda3/envs/airflow_env/lib/python3.8/site-packages/airflow/example_dags/example_latest_only_with_trigger.py for tasks to queue
[2022-07-25 03:55:21,145] {logging_mixin.py:115} INFO - [2022-07-25 03:55:21,144] {dagbag.py:508} INFO - Filling up the DagBag from /home/hp/miniconda3/envs/airflow_env/lib/python3.8/site-packages/airflow/example_dags/example_latest_only_with_trigger.py
[2022-07-25 03:55:21,151] {processor.py:651} INFO - DAG(s) dict_keys(['latest_only_with_trigger']) retrieved from /home/hp/miniconda3/envs/airflow_env/lib/python3.8/site-packages/airflow/example_dags/example_latest_only_with_trigger.py
[2022-07-25 03:55:21,162] {logging_mixin.py:115} INFO - [2022-07-25 03:55:21,162] {dag.py:2420} INFO - Sync 1 DAGs
[2022-07-25 03:55:21,172] {logging_mixin.py:115} INFO - [2022-07-25 03:55:21,172] {dag.py:2968} INFO - Setting next_dagrun for latest_only_with_trigger to 2022-07-24T20:55:21.172187+00:00, run_after=2022-07-25T00:55:21.172187+00:00
[2022-07-25 03:55:21,181] {processor.py:161} INFO - Processing /home/hp/miniconda3/envs/airflow_env/lib/python3.8/site-packages/airflow/example_dags/example_latest_only_with_trigger.py took 0.043 seconds
[2022-07-25 04:00:47,690] {processor.py:153} INFO - Started process (PID=25929) to work on /home/hp/miniconda3/envs/airflow_env/lib/python3.8/site-packages/airflow/example_dags/example_latest_only_with_trigger.py
[2022-07-25 04:00:47,691] {processor.py:641} INFO - Processing file /home/hp/miniconda3/envs/airflow_env/lib/python3.8/site-packages/airflow/example_dags/example_latest_only_with_trigger.py for tasks to queue
[2022-07-25 04:00:47,692] {logging_mixin.py:115} INFO - [2022-07-25 04:00:47,692] {dagbag.py:508} INFO - Filling up the DagBag from /home/hp/miniconda3/envs/airflow_env/lib/python3.8/site-packages/airflow/example_dags/example_latest_only_with_trigger.py
[2022-07-25 04:00:47,700] {processor.py:651} INFO - DAG(s) dict_keys(['latest_only_with_trigger']) retrieved from /home/hp/miniconda3/envs/airflow_env/lib/python3.8/site-packages/airflow/example_dags/example_latest_only_with_trigger.py
[2022-07-25 04:00:47,710] {logging_mixin.py:115} INFO - [2022-07-25 04:00:47,710] {dag.py:2420} INFO - Sync 1 DAGs
[2022-07-25 04:00:47,721] {logging_mixin.py:115} INFO - [2022-07-25 04:00:47,721] {dag.py:2968} INFO - Setting next_dagrun for latest_only_with_trigger to 2022-07-24T21:00:47.721437+00:00, run_after=2022-07-25T01:00:47.721437+00:00
[2022-07-25 04:00:47,732] {processor.py:161} INFO - Processing /home/hp/miniconda3/envs/airflow_env/lib/python3.8/site-packages/airflow/example_dags/example_latest_only_with_trigger.py took 0.044 seconds
[2022-07-25 04:01:58,148] {processor.py:153} INFO - Started process (PID=26285) to work on /home/hp/miniconda3/envs/airflow_env/lib/python3.8/site-packages/airflow/example_dags/example_latest_only_with_trigger.py
[2022-07-25 04:01:58,149] {processor.py:641} INFO - Processing file /home/hp/miniconda3/envs/airflow_env/lib/python3.8/site-packages/airflow/example_dags/example_latest_only_with_trigger.py for tasks to queue
[2022-07-25 04:01:58,150] {logging_mixin.py:115} INFO - [2022-07-25 04:01:58,150] {dagbag.py:508} INFO - Filling up the DagBag from /home/hp/miniconda3/envs/airflow_env/lib/python3.8/site-packages/airflow/example_dags/example_latest_only_with_trigger.py
[2022-07-25 04:01:58,158] {processor.py:651} INFO - DAG(s) dict_keys(['latest_only_with_trigger']) retrieved from /home/hp/miniconda3/envs/airflow_env/lib/python3.8/site-packages/airflow/example_dags/example_latest_only_with_trigger.py
[2022-07-25 04:01:58,167] {logging_mixin.py:115} INFO - [2022-07-25 04:01:58,167] {dag.py:2420} INFO - Sync 1 DAGs
[2022-07-25 04:01:58,176] {logging_mixin.py:115} INFO - [2022-07-25 04:01:58,176] {dag.py:2968} INFO - Setting next_dagrun for latest_only_with_trigger to 2022-07-24T21:01:58.176740+00:00, run_after=2022-07-25T01:01:58.176740+00:00
[2022-07-25 04:01:58,186] {processor.py:161} INFO - Processing /home/hp/miniconda3/envs/airflow_env/lib/python3.8/site-packages/airflow/example_dags/example_latest_only_with_trigger.py took 0.042 seconds
[2022-07-25 04:05:31,193] {processor.py:153} INFO - Started process (PID=26684) to work on /home/hp/miniconda3/envs/airflow_env/lib/python3.8/site-packages/airflow/example_dags/example_latest_only_with_trigger.py
[2022-07-25 04:05:31,194] {processor.py:641} INFO - Processing file /home/hp/miniconda3/envs/airflow_env/lib/python3.8/site-packages/airflow/example_dags/example_latest_only_with_trigger.py for tasks to queue
[2022-07-25 04:05:31,194] {logging_mixin.py:115} INFO - [2022-07-25 04:05:31,194] {dagbag.py:508} INFO - Filling up the DagBag from /home/hp/miniconda3/envs/airflow_env/lib/python3.8/site-packages/airflow/example_dags/example_latest_only_with_trigger.py
[2022-07-25 04:05:31,199] {processor.py:651} INFO - DAG(s) dict_keys(['latest_only_with_trigger']) retrieved from /home/hp/miniconda3/envs/airflow_env/lib/python3.8/site-packages/airflow/example_dags/example_latest_only_with_trigger.py
[2022-07-25 04:05:31,211] {logging_mixin.py:115} INFO - [2022-07-25 04:05:31,211] {dag.py:2420} INFO - Sync 1 DAGs
[2022-07-25 04:05:31,230] {logging_mixin.py:115} INFO - [2022-07-25 04:05:31,230] {dag.py:2968} INFO - Setting next_dagrun for latest_only_with_trigger to 2022-07-24T21:05:31.230140+00:00, run_after=2022-07-25T01:05:31.230140+00:00
[2022-07-25 04:05:31,244] {processor.py:161} INFO - Processing /home/hp/miniconda3/envs/airflow_env/lib/python3.8/site-packages/airflow/example_dags/example_latest_only_with_trigger.py took 0.053 seconds
[2022-07-25 04:10:55,891] {processor.py:153} INFO - Started process (PID=27020) to work on /home/hp/miniconda3/envs/airflow_env/lib/python3.8/site-packages/airflow/example_dags/example_latest_only_with_trigger.py
[2022-07-25 04:10:55,891] {processor.py:641} INFO - Processing file /home/hp/miniconda3/envs/airflow_env/lib/python3.8/site-packages/airflow/example_dags/example_latest_only_with_trigger.py for tasks to queue
[2022-07-25 04:10:55,892] {logging_mixin.py:115} INFO - [2022-07-25 04:10:55,892] {dagbag.py:508} INFO - Filling up the DagBag from /home/hp/miniconda3/envs/airflow_env/lib/python3.8/site-packages/airflow/example_dags/example_latest_only_with_trigger.py
[2022-07-25 04:10:55,897] {processor.py:651} INFO - DAG(s) dict_keys(['latest_only_with_trigger']) retrieved from /home/hp/miniconda3/envs/airflow_env/lib/python3.8/site-packages/airflow/example_dags/example_latest_only_with_trigger.py
[2022-07-25 04:10:55,910] {logging_mixin.py:115} INFO - [2022-07-25 04:10:55,909] {dag.py:2420} INFO - Sync 1 DAGs
[2022-07-25 04:10:55,922] {logging_mixin.py:115} INFO - [2022-07-25 04:10:55,922] {dag.py:2968} INFO - Setting next_dagrun for latest_only_with_trigger to 2022-07-24T21:10:55.922576+00:00, run_after=2022-07-25T01:10:55.922576+00:00
[2022-07-25 04:10:55,934] {processor.py:161} INFO - Processing /home/hp/miniconda3/envs/airflow_env/lib/python3.8/site-packages/airflow/example_dags/example_latest_only_with_trigger.py took 0.045 seconds
[2022-07-25 04:16:19,086] {processor.py:153} INFO - Started process (PID=27327) to work on /home/hp/miniconda3/envs/airflow_env/lib/python3.8/site-packages/airflow/example_dags/example_latest_only_with_trigger.py
[2022-07-25 04:16:19,087] {processor.py:641} INFO - Processing file /home/hp/miniconda3/envs/airflow_env/lib/python3.8/site-packages/airflow/example_dags/example_latest_only_with_trigger.py for tasks to queue
[2022-07-25 04:16:19,088] {logging_mixin.py:115} INFO - [2022-07-25 04:16:19,088] {dagbag.py:508} INFO - Filling up the DagBag from /home/hp/miniconda3/envs/airflow_env/lib/python3.8/site-packages/airflow/example_dags/example_latest_only_with_trigger.py
[2022-07-25 04:16:19,094] {processor.py:651} INFO - DAG(s) dict_keys(['latest_only_with_trigger']) retrieved from /home/hp/miniconda3/envs/airflow_env/lib/python3.8/site-packages/airflow/example_dags/example_latest_only_with_trigger.py
[2022-07-25 04:16:19,104] {logging_mixin.py:115} INFO - [2022-07-25 04:16:19,104] {dag.py:2420} INFO - Sync 1 DAGs
[2022-07-25 04:16:19,113] {logging_mixin.py:115} INFO - [2022-07-25 04:16:19,113] {dag.py:2968} INFO - Setting next_dagrun for latest_only_with_trigger to 2022-07-24T21:16:19.113472+00:00, run_after=2022-07-25T01:16:19.113472+00:00
[2022-07-25 04:16:19,125] {processor.py:161} INFO - Processing /home/hp/miniconda3/envs/airflow_env/lib/python3.8/site-packages/airflow/example_dags/example_latest_only_with_trigger.py took 0.043 seconds
[2022-07-25 04:21:42,573] {processor.py:153} INFO - Started process (PID=27594) to work on /home/hp/miniconda3/envs/airflow_env/lib/python3.8/site-packages/airflow/example_dags/example_latest_only_with_trigger.py
[2022-07-25 04:21:42,574] {processor.py:641} INFO - Processing file /home/hp/miniconda3/envs/airflow_env/lib/python3.8/site-packages/airflow/example_dags/example_latest_only_with_trigger.py for tasks to queue
[2022-07-25 04:21:42,575] {logging_mixin.py:115} INFO - [2022-07-25 04:21:42,575] {dagbag.py:508} INFO - Filling up the DagBag from /home/hp/miniconda3/envs/airflow_env/lib/python3.8/site-packages/airflow/example_dags/example_latest_only_with_trigger.py
[2022-07-25 04:21:42,582] {processor.py:651} INFO - DAG(s) dict_keys(['latest_only_with_trigger']) retrieved from /home/hp/miniconda3/envs/airflow_env/lib/python3.8/site-packages/airflow/example_dags/example_latest_only_with_trigger.py
[2022-07-25 04:21:42,591] {logging_mixin.py:115} INFO - [2022-07-25 04:21:42,591] {dag.py:2420} INFO - Sync 1 DAGs
[2022-07-25 04:21:42,601] {logging_mixin.py:115} INFO - [2022-07-25 04:21:42,601] {dag.py:2968} INFO - Setting next_dagrun for latest_only_with_trigger to 2022-07-24T21:21:42.601434+00:00, run_after=2022-07-25T01:21:42.601434+00:00
[2022-07-25 04:21:42,610] {processor.py:161} INFO - Processing /home/hp/miniconda3/envs/airflow_env/lib/python3.8/site-packages/airflow/example_dags/example_latest_only_with_trigger.py took 0.041 seconds
[2022-07-25 04:27:04,950] {processor.py:153} INFO - Started process (PID=27918) to work on /home/hp/miniconda3/envs/airflow_env/lib/python3.8/site-packages/airflow/example_dags/example_latest_only_with_trigger.py
[2022-07-25 04:27:04,951] {processor.py:641} INFO - Processing file /home/hp/miniconda3/envs/airflow_env/lib/python3.8/site-packages/airflow/example_dags/example_latest_only_with_trigger.py for tasks to queue
[2022-07-25 04:27:04,951] {logging_mixin.py:115} INFO - [2022-07-25 04:27:04,951] {dagbag.py:508} INFO - Filling up the DagBag from /home/hp/miniconda3/envs/airflow_env/lib/python3.8/site-packages/airflow/example_dags/example_latest_only_with_trigger.py
[2022-07-25 04:27:04,958] {processor.py:651} INFO - DAG(s) dict_keys(['latest_only_with_trigger']) retrieved from /home/hp/miniconda3/envs/airflow_env/lib/python3.8/site-packages/airflow/example_dags/example_latest_only_with_trigger.py
[2022-07-25 04:27:04,969] {logging_mixin.py:115} INFO - [2022-07-25 04:27:04,969] {dag.py:2420} INFO - Sync 1 DAGs
[2022-07-25 04:27:04,977] {logging_mixin.py:115} INFO - [2022-07-25 04:27:04,977] {dag.py:2968} INFO - Setting next_dagrun for latest_only_with_trigger to 2022-07-24T21:27:04.977661+00:00, run_after=2022-07-25T01:27:04.977661+00:00
[2022-07-25 04:27:04,987] {processor.py:161} INFO - Processing /home/hp/miniconda3/envs/airflow_env/lib/python3.8/site-packages/airflow/example_dags/example_latest_only_with_trigger.py took 0.042 seconds
[2022-07-25 04:37:16,892] {processor.py:153} INFO - Started process (PID=28334) to work on /home/hp/miniconda3/envs/airflow_env/lib/python3.8/site-packages/airflow/example_dags/example_latest_only_with_trigger.py
[2022-07-25 04:37:16,893] {processor.py:641} INFO - Processing file /home/hp/miniconda3/envs/airflow_env/lib/python3.8/site-packages/airflow/example_dags/example_latest_only_with_trigger.py for tasks to queue
[2022-07-25 04:37:16,893] {logging_mixin.py:115} INFO - [2022-07-25 04:37:16,893] {dagbag.py:508} INFO - Filling up the DagBag from /home/hp/miniconda3/envs/airflow_env/lib/python3.8/site-packages/airflow/example_dags/example_latest_only_with_trigger.py
[2022-07-25 04:37:16,900] {processor.py:651} INFO - DAG(s) dict_keys(['latest_only_with_trigger']) retrieved from /home/hp/miniconda3/envs/airflow_env/lib/python3.8/site-packages/airflow/example_dags/example_latest_only_with_trigger.py
[2022-07-25 04:37:16,911] {logging_mixin.py:115} INFO - [2022-07-25 04:37:16,911] {dag.py:2420} INFO - Sync 1 DAGs
[2022-07-25 04:37:16,921] {logging_mixin.py:115} INFO - [2022-07-25 04:37:16,920] {dag.py:2968} INFO - Setting next_dagrun for latest_only_with_trigger to 2022-07-24T21:37:16.920836+00:00, run_after=2022-07-25T01:37:16.920836+00:00
[2022-07-25 04:37:16,929] {processor.py:161} INFO - Processing /home/hp/miniconda3/envs/airflow_env/lib/python3.8/site-packages/airflow/example_dags/example_latest_only_with_trigger.py took 0.042 seconds
[2022-07-25 10:58:27,674] {processor.py:153} INFO - Started process (PID=57214) to work on /home/hp/miniconda3/envs/airflow_env/lib/python3.8/site-packages/airflow/example_dags/example_latest_only_with_trigger.py
[2022-07-25 10:58:27,675] {processor.py:641} INFO - Processing file /home/hp/miniconda3/envs/airflow_env/lib/python3.8/site-packages/airflow/example_dags/example_latest_only_with_trigger.py for tasks to queue
[2022-07-25 10:58:27,675] {logging_mixin.py:115} INFO - [2022-07-25 10:58:27,675] {dagbag.py:508} INFO - Filling up the DagBag from /home/hp/miniconda3/envs/airflow_env/lib/python3.8/site-packages/airflow/example_dags/example_latest_only_with_trigger.py
[2022-07-25 10:58:27,682] {processor.py:651} INFO - DAG(s) dict_keys(['latest_only_with_trigger']) retrieved from /home/hp/miniconda3/envs/airflow_env/lib/python3.8/site-packages/airflow/example_dags/example_latest_only_with_trigger.py
[2022-07-25 10:58:27,692] {logging_mixin.py:115} INFO - [2022-07-25 10:58:27,692] {dag.py:2420} INFO - Sync 1 DAGs
[2022-07-25 10:58:27,699] {logging_mixin.py:115} INFO - [2022-07-25 10:58:27,699] {dag.py:2968} INFO - Setting next_dagrun for latest_only_with_trigger to 2022-07-25T03:58:27.699670+00:00, run_after=2022-07-25T07:58:27.699670+00:00
[2022-07-25 10:58:27,708] {processor.py:161} INFO - Processing /home/hp/miniconda3/envs/airflow_env/lib/python3.8/site-packages/airflow/example_dags/example_latest_only_with_trigger.py took 0.039 seconds
[2022-07-25 10:59:03,679] {processor.py:153} INFO - Started process (PID=57557) to work on /home/hp/miniconda3/envs/airflow_env/lib/python3.8/site-packages/airflow/example_dags/example_latest_only_with_trigger.py
[2022-07-25 10:59:03,680] {processor.py:641} INFO - Processing file /home/hp/miniconda3/envs/airflow_env/lib/python3.8/site-packages/airflow/example_dags/example_latest_only_with_trigger.py for tasks to queue
[2022-07-25 10:59:03,681] {logging_mixin.py:115} INFO - [2022-07-25 10:59:03,681] {dagbag.py:508} INFO - Filling up the DagBag from /home/hp/miniconda3/envs/airflow_env/lib/python3.8/site-packages/airflow/example_dags/example_latest_only_with_trigger.py
[2022-07-25 10:59:03,689] {processor.py:651} INFO - DAG(s) dict_keys(['latest_only_with_trigger']) retrieved from /home/hp/miniconda3/envs/airflow_env/lib/python3.8/site-packages/airflow/example_dags/example_latest_only_with_trigger.py
[2022-07-25 10:59:03,700] {logging_mixin.py:115} INFO - [2022-07-25 10:59:03,700] {dag.py:2420} INFO - Sync 1 DAGs
[2022-07-25 10:59:03,707] {logging_mixin.py:115} INFO - [2022-07-25 10:59:03,707] {dag.py:2968} INFO - Setting next_dagrun for latest_only_with_trigger to 2022-07-25T03:59:03.707726+00:00, run_after=2022-07-25T07:59:03.707726+00:00
[2022-07-25 10:59:03,715] {processor.py:161} INFO - Processing /home/hp/miniconda3/envs/airflow_env/lib/python3.8/site-packages/airflow/example_dags/example_latest_only_with_trigger.py took 0.038 seconds
[2022-07-25 10:59:38,203] {processor.py:153} INFO - Started process (PID=57787) to work on /home/hp/miniconda3/envs/airflow_env/lib/python3.8/site-packages/airflow/example_dags/example_latest_only_with_trigger.py
[2022-07-25 10:59:38,204] {processor.py:641} INFO - Processing file /home/hp/miniconda3/envs/airflow_env/lib/python3.8/site-packages/airflow/example_dags/example_latest_only_with_trigger.py for tasks to queue
[2022-07-25 10:59:38,204] {logging_mixin.py:115} INFO - [2022-07-25 10:59:38,204] {dagbag.py:508} INFO - Filling up the DagBag from /home/hp/miniconda3/envs/airflow_env/lib/python3.8/site-packages/airflow/example_dags/example_latest_only_with_trigger.py
[2022-07-25 10:59:38,207] {processor.py:651} INFO - DAG(s) dict_keys(['latest_only_with_trigger']) retrieved from /home/hp/miniconda3/envs/airflow_env/lib/python3.8/site-packages/airflow/example_dags/example_latest_only_with_trigger.py
[2022-07-25 10:59:38,217] {logging_mixin.py:115} INFO - [2022-07-25 10:59:38,217] {dag.py:2420} INFO - Sync 1 DAGs
[2022-07-25 10:59:38,225] {logging_mixin.py:115} INFO - [2022-07-25 10:59:38,225] {dag.py:2968} INFO - Setting next_dagrun for latest_only_with_trigger to 2022-07-25T03:59:38.225540+00:00, run_after=2022-07-25T07:59:38.225540+00:00
[2022-07-25 10:59:38,234] {processor.py:161} INFO - Processing /home/hp/miniconda3/envs/airflow_env/lib/python3.8/site-packages/airflow/example_dags/example_latest_only_with_trigger.py took 0.033 seconds
[2022-07-25 11:00:12,759] {processor.py:153} INFO - Started process (PID=59117) to work on /home/hp/miniconda3/envs/airflow_env/lib/python3.8/site-packages/airflow/example_dags/example_latest_only_with_trigger.py
[2022-07-25 11:00:12,760] {processor.py:641} INFO - Processing file /home/hp/miniconda3/envs/airflow_env/lib/python3.8/site-packages/airflow/example_dags/example_latest_only_with_trigger.py for tasks to queue
[2022-07-25 11:00:12,760] {logging_mixin.py:115} INFO - [2022-07-25 11:00:12,760] {dagbag.py:508} INFO - Filling up the DagBag from /home/hp/miniconda3/envs/airflow_env/lib/python3.8/site-packages/airflow/example_dags/example_latest_only_with_trigger.py
[2022-07-25 11:00:12,764] {processor.py:651} INFO - DAG(s) dict_keys(['latest_only_with_trigger']) retrieved from /home/hp/miniconda3/envs/airflow_env/lib/python3.8/site-packages/airflow/example_dags/example_latest_only_with_trigger.py
[2022-07-25 11:00:12,779] {logging_mixin.py:115} INFO - [2022-07-25 11:00:12,779] {dag.py:2420} INFO - Sync 1 DAGs
[2022-07-25 11:00:12,796] {logging_mixin.py:115} INFO - [2022-07-25 11:00:12,796] {dag.py:2968} INFO - Setting next_dagrun for latest_only_with_trigger to 2022-07-25T04:00:12.796268+00:00, run_after=2022-07-25T08:00:12.796268+00:00
[2022-07-25 11:00:12,813] {processor.py:161} INFO - Processing /home/hp/miniconda3/envs/airflow_env/lib/python3.8/site-packages/airflow/example_dags/example_latest_only_with_trigger.py took 0.056 seconds
[2022-07-25 11:00:48,007] {processor.py:153} INFO - Started process (PID=59636) to work on /home/hp/miniconda3/envs/airflow_env/lib/python3.8/site-packages/airflow/example_dags/example_latest_only_with_trigger.py
[2022-07-25 11:00:48,008] {processor.py:641} INFO - Processing file /home/hp/miniconda3/envs/airflow_env/lib/python3.8/site-packages/airflow/example_dags/example_latest_only_with_trigger.py for tasks to queue
[2022-07-25 11:00:48,008] {logging_mixin.py:115} INFO - [2022-07-25 11:00:48,008] {dagbag.py:508} INFO - Filling up the DagBag from /home/hp/miniconda3/envs/airflow_env/lib/python3.8/site-packages/airflow/example_dags/example_latest_only_with_trigger.py
[2022-07-25 11:00:48,011] {processor.py:651} INFO - DAG(s) dict_keys(['latest_only_with_trigger']) retrieved from /home/hp/miniconda3/envs/airflow_env/lib/python3.8/site-packages/airflow/example_dags/example_latest_only_with_trigger.py
[2022-07-25 11:00:48,023] {logging_mixin.py:115} INFO - [2022-07-25 11:00:48,023] {dag.py:2420} INFO - Sync 1 DAGs
[2022-07-25 11:00:48,030] {logging_mixin.py:115} INFO - [2022-07-25 11:00:48,030] {dag.py:2968} INFO - Setting next_dagrun for latest_only_with_trigger to 2022-07-25T04:00:48.030685+00:00, run_after=2022-07-25T08:00:48.030685+00:00
[2022-07-25 11:00:48,039] {processor.py:161} INFO - Processing /home/hp/miniconda3/envs/airflow_env/lib/python3.8/site-packages/airflow/example_dags/example_latest_only_with_trigger.py took 0.034 seconds
[2022-07-25 11:01:22,453] {processor.py:153} INFO - Started process (PID=59862) to work on /home/hp/miniconda3/envs/airflow_env/lib/python3.8/site-packages/airflow/example_dags/example_latest_only_with_trigger.py
[2022-07-25 11:01:22,454] {processor.py:641} INFO - Processing file /home/hp/miniconda3/envs/airflow_env/lib/python3.8/site-packages/airflow/example_dags/example_latest_only_with_trigger.py for tasks to queue
[2022-07-25 11:01:22,454] {logging_mixin.py:115} INFO - [2022-07-25 11:01:22,454] {dagbag.py:508} INFO - Filling up the DagBag from /home/hp/miniconda3/envs/airflow_env/lib/python3.8/site-packages/airflow/example_dags/example_latest_only_with_trigger.py
[2022-07-25 11:01:22,459] {processor.py:651} INFO - DAG(s) dict_keys(['latest_only_with_trigger']) retrieved from /home/hp/miniconda3/envs/airflow_env/lib/python3.8/site-packages/airflow/example_dags/example_latest_only_with_trigger.py
[2022-07-25 11:01:22,470] {logging_mixin.py:115} INFO - [2022-07-25 11:01:22,470] {dag.py:2420} INFO - Sync 1 DAGs
[2022-07-25 11:01:22,478] {logging_mixin.py:115} INFO - [2022-07-25 11:01:22,478] {dag.py:2968} INFO - Setting next_dagrun for latest_only_with_trigger to 2022-07-25T04:01:22.478003+00:00, run_after=2022-07-25T08:01:22.478003+00:00
[2022-07-25 11:01:22,488] {processor.py:161} INFO - Processing /home/hp/miniconda3/envs/airflow_env/lib/python3.8/site-packages/airflow/example_dags/example_latest_only_with_trigger.py took 0.037 seconds
[2022-07-25 11:01:58,468] {processor.py:153} INFO - Started process (PID=60090) to work on /home/hp/miniconda3/envs/airflow_env/lib/python3.8/site-packages/airflow/example_dags/example_latest_only_with_trigger.py
[2022-07-25 11:01:58,469] {processor.py:641} INFO - Processing file /home/hp/miniconda3/envs/airflow_env/lib/python3.8/site-packages/airflow/example_dags/example_latest_only_with_trigger.py for tasks to queue
[2022-07-25 11:01:58,469] {logging_mixin.py:115} INFO - [2022-07-25 11:01:58,469] {dagbag.py:508} INFO - Filling up the DagBag from /home/hp/miniconda3/envs/airflow_env/lib/python3.8/site-packages/airflow/example_dags/example_latest_only_with_trigger.py
[2022-07-25 11:01:58,475] {processor.py:651} INFO - DAG(s) dict_keys(['latest_only_with_trigger']) retrieved from /home/hp/miniconda3/envs/airflow_env/lib/python3.8/site-packages/airflow/example_dags/example_latest_only_with_trigger.py
[2022-07-25 11:01:58,486] {logging_mixin.py:115} INFO - [2022-07-25 11:01:58,486] {dag.py:2420} INFO - Sync 1 DAGs
[2022-07-25 11:01:58,494] {logging_mixin.py:115} INFO - [2022-07-25 11:01:58,494] {dag.py:2968} INFO - Setting next_dagrun for latest_only_with_trigger to 2022-07-25T04:01:58.494363+00:00, run_after=2022-07-25T08:01:58.494363+00:00
[2022-07-25 11:01:58,503] {processor.py:161} INFO - Processing /home/hp/miniconda3/envs/airflow_env/lib/python3.8/site-packages/airflow/example_dags/example_latest_only_with_trigger.py took 0.036 seconds
[2022-07-25 11:02:32,998] {processor.py:153} INFO - Started process (PID=60691) to work on /home/hp/miniconda3/envs/airflow_env/lib/python3.8/site-packages/airflow/example_dags/example_latest_only_with_trigger.py
[2022-07-25 11:02:32,999] {processor.py:641} INFO - Processing file /home/hp/miniconda3/envs/airflow_env/lib/python3.8/site-packages/airflow/example_dags/example_latest_only_with_trigger.py for tasks to queue
[2022-07-25 11:02:32,999] {logging_mixin.py:115} INFO - [2022-07-25 11:02:32,999] {dagbag.py:508} INFO - Filling up the DagBag from /home/hp/miniconda3/envs/airflow_env/lib/python3.8/site-packages/airflow/example_dags/example_latest_only_with_trigger.py
[2022-07-25 11:02:33,006] {processor.py:651} INFO - DAG(s) dict_keys(['latest_only_with_trigger']) retrieved from /home/hp/miniconda3/envs/airflow_env/lib/python3.8/site-packages/airflow/example_dags/example_latest_only_with_trigger.py
[2022-07-25 11:02:33,016] {logging_mixin.py:115} INFO - [2022-07-25 11:02:33,016] {dag.py:2420} INFO - Sync 1 DAGs
[2022-07-25 11:02:33,024] {logging_mixin.py:115} INFO - [2022-07-25 11:02:33,024] {dag.py:2968} INFO - Setting next_dagrun for latest_only_with_trigger to 2022-07-25T04:02:33.024160+00:00, run_after=2022-07-25T08:02:33.024160+00:00
[2022-07-25 11:02:33,032] {processor.py:161} INFO - Processing /home/hp/miniconda3/envs/airflow_env/lib/python3.8/site-packages/airflow/example_dags/example_latest_only_with_trigger.py took 0.035 seconds
[2022-07-25 11:03:10,075] {processor.py:153} INFO - Started process (PID=61655) to work on /home/hp/miniconda3/envs/airflow_env/lib/python3.8/site-packages/airflow/example_dags/example_latest_only_with_trigger.py
[2022-07-25 11:03:10,075] {processor.py:641} INFO - Processing file /home/hp/miniconda3/envs/airflow_env/lib/python3.8/site-packages/airflow/example_dags/example_latest_only_with_trigger.py for tasks to queue
[2022-07-25 11:03:10,076] {logging_mixin.py:115} INFO - [2022-07-25 11:03:10,076] {dagbag.py:508} INFO - Filling up the DagBag from /home/hp/miniconda3/envs/airflow_env/lib/python3.8/site-packages/airflow/example_dags/example_latest_only_with_trigger.py
[2022-07-25 11:03:10,080] {processor.py:651} INFO - DAG(s) dict_keys(['latest_only_with_trigger']) retrieved from /home/hp/miniconda3/envs/airflow_env/lib/python3.8/site-packages/airflow/example_dags/example_latest_only_with_trigger.py
[2022-07-25 11:03:10,091] {logging_mixin.py:115} INFO - [2022-07-25 11:03:10,091] {dag.py:2420} INFO - Sync 1 DAGs
[2022-07-25 11:03:10,099] {logging_mixin.py:115} INFO - [2022-07-25 11:03:10,099] {dag.py:2968} INFO - Setting next_dagrun for latest_only_with_trigger to 2022-07-25T04:03:10.099458+00:00, run_after=2022-07-25T08:03:10.099458+00:00
[2022-07-25 11:03:10,108] {processor.py:161} INFO - Processing /home/hp/miniconda3/envs/airflow_env/lib/python3.8/site-packages/airflow/example_dags/example_latest_only_with_trigger.py took 0.035 seconds
[2022-07-25 11:03:46,075] {processor.py:153} INFO - Started process (PID=61837) to work on /home/hp/miniconda3/envs/airflow_env/lib/python3.8/site-packages/airflow/example_dags/example_latest_only_with_trigger.py
[2022-07-25 11:03:46,076] {processor.py:641} INFO - Processing file /home/hp/miniconda3/envs/airflow_env/lib/python3.8/site-packages/airflow/example_dags/example_latest_only_with_trigger.py for tasks to queue
[2022-07-25 11:03:46,076] {logging_mixin.py:115} INFO - [2022-07-25 11:03:46,076] {dagbag.py:508} INFO - Filling up the DagBag from /home/hp/miniconda3/envs/airflow_env/lib/python3.8/site-packages/airflow/example_dags/example_latest_only_with_trigger.py
[2022-07-25 11:03:46,081] {processor.py:651} INFO - DAG(s) dict_keys(['latest_only_with_trigger']) retrieved from /home/hp/miniconda3/envs/airflow_env/lib/python3.8/site-packages/airflow/example_dags/example_latest_only_with_trigger.py
[2022-07-25 11:03:46,090] {logging_mixin.py:115} INFO - [2022-07-25 11:03:46,090] {dag.py:2420} INFO - Sync 1 DAGs
[2022-07-25 11:03:46,099] {logging_mixin.py:115} INFO - [2022-07-25 11:03:46,099] {dag.py:2968} INFO - Setting next_dagrun for latest_only_with_trigger to 2022-07-25T04:03:46.099230+00:00, run_after=2022-07-25T08:03:46.099230+00:00
[2022-07-25 11:03:46,110] {processor.py:161} INFO - Processing /home/hp/miniconda3/envs/airflow_env/lib/python3.8/site-packages/airflow/example_dags/example_latest_only_with_trigger.py took 0.039 seconds
[2022-07-25 11:04:21,173] {processor.py:153} INFO - Started process (PID=62108) to work on /home/hp/miniconda3/envs/airflow_env/lib/python3.8/site-packages/airflow/example_dags/example_latest_only_with_trigger.py
[2022-07-25 11:04:21,174] {processor.py:641} INFO - Processing file /home/hp/miniconda3/envs/airflow_env/lib/python3.8/site-packages/airflow/example_dags/example_latest_only_with_trigger.py for tasks to queue
[2022-07-25 11:04:21,175] {logging_mixin.py:115} INFO - [2022-07-25 11:04:21,175] {dagbag.py:508} INFO - Filling up the DagBag from /home/hp/miniconda3/envs/airflow_env/lib/python3.8/site-packages/airflow/example_dags/example_latest_only_with_trigger.py
[2022-07-25 11:04:21,180] {processor.py:651} INFO - DAG(s) dict_keys(['latest_only_with_trigger']) retrieved from /home/hp/miniconda3/envs/airflow_env/lib/python3.8/site-packages/airflow/example_dags/example_latest_only_with_trigger.py
[2022-07-25 11:04:21,187] {logging_mixin.py:115} INFO - [2022-07-25 11:04:21,187] {dag.py:2420} INFO - Sync 1 DAGs
[2022-07-25 11:04:21,195] {logging_mixin.py:115} INFO - [2022-07-25 11:04:21,195] {dag.py:2968} INFO - Setting next_dagrun for latest_only_with_trigger to 2022-07-25T04:04:21.195438+00:00, run_after=2022-07-25T08:04:21.195438+00:00
[2022-07-25 11:04:21,204] {processor.py:161} INFO - Processing /home/hp/miniconda3/envs/airflow_env/lib/python3.8/site-packages/airflow/example_dags/example_latest_only_with_trigger.py took 0.033 seconds
[2022-07-25 11:04:55,628] {processor.py:153} INFO - Started process (PID=62447) to work on /home/hp/miniconda3/envs/airflow_env/lib/python3.8/site-packages/airflow/example_dags/example_latest_only_with_trigger.py
[2022-07-25 11:04:55,629] {processor.py:641} INFO - Processing file /home/hp/miniconda3/envs/airflow_env/lib/python3.8/site-packages/airflow/example_dags/example_latest_only_with_trigger.py for tasks to queue
[2022-07-25 11:04:55,630] {logging_mixin.py:115} INFO - [2022-07-25 11:04:55,630] {dagbag.py:508} INFO - Filling up the DagBag from /home/hp/miniconda3/envs/airflow_env/lib/python3.8/site-packages/airflow/example_dags/example_latest_only_with_trigger.py
[2022-07-25 11:04:55,637] {processor.py:651} INFO - DAG(s) dict_keys(['latest_only_with_trigger']) retrieved from /home/hp/miniconda3/envs/airflow_env/lib/python3.8/site-packages/airflow/example_dags/example_latest_only_with_trigger.py
[2022-07-25 11:04:55,647] {logging_mixin.py:115} INFO - [2022-07-25 11:04:55,647] {dag.py:2420} INFO - Sync 1 DAGs
[2022-07-25 11:04:55,655] {logging_mixin.py:115} INFO - [2022-07-25 11:04:55,655] {dag.py:2968} INFO - Setting next_dagrun for latest_only_with_trigger to 2022-07-25T04:04:55.655217+00:00, run_after=2022-07-25T08:04:55.655217+00:00
[2022-07-25 11:04:55,664] {processor.py:161} INFO - Processing /home/hp/miniconda3/envs/airflow_env/lib/python3.8/site-packages/airflow/example_dags/example_latest_only_with_trigger.py took 0.041 seconds
[2022-07-25 11:05:30,676] {processor.py:153} INFO - Started process (PID=62693) to work on /home/hp/miniconda3/envs/airflow_env/lib/python3.8/site-packages/airflow/example_dags/example_latest_only_with_trigger.py
[2022-07-25 11:05:30,677] {processor.py:641} INFO - Processing file /home/hp/miniconda3/envs/airflow_env/lib/python3.8/site-packages/airflow/example_dags/example_latest_only_with_trigger.py for tasks to queue
[2022-07-25 11:05:30,677] {logging_mixin.py:115} INFO - [2022-07-25 11:05:30,677] {dagbag.py:508} INFO - Filling up the DagBag from /home/hp/miniconda3/envs/airflow_env/lib/python3.8/site-packages/airflow/example_dags/example_latest_only_with_trigger.py
[2022-07-25 11:05:30,682] {processor.py:651} INFO - DAG(s) dict_keys(['latest_only_with_trigger']) retrieved from /home/hp/miniconda3/envs/airflow_env/lib/python3.8/site-packages/airflow/example_dags/example_latest_only_with_trigger.py
[2022-07-25 11:05:30,694] {logging_mixin.py:115} INFO - [2022-07-25 11:05:30,694] {dag.py:2420} INFO - Sync 1 DAGs
[2022-07-25 11:05:30,701] {logging_mixin.py:115} INFO - [2022-07-25 11:05:30,701] {dag.py:2968} INFO - Setting next_dagrun for latest_only_with_trigger to 2022-07-25T04:05:30.701807+00:00, run_after=2022-07-25T08:05:30.701807+00:00
[2022-07-25 11:05:30,711] {processor.py:161} INFO - Processing /home/hp/miniconda3/envs/airflow_env/lib/python3.8/site-packages/airflow/example_dags/example_latest_only_with_trigger.py took 0.038 seconds
[2022-07-25 11:06:05,485] {processor.py:153} INFO - Started process (PID=62918) to work on /home/hp/miniconda3/envs/airflow_env/lib/python3.8/site-packages/airflow/example_dags/example_latest_only_with_trigger.py
[2022-07-25 11:06:05,485] {processor.py:641} INFO - Processing file /home/hp/miniconda3/envs/airflow_env/lib/python3.8/site-packages/airflow/example_dags/example_latest_only_with_trigger.py for tasks to queue
[2022-07-25 11:06:05,486] {logging_mixin.py:115} INFO - [2022-07-25 11:06:05,486] {dagbag.py:508} INFO - Filling up the DagBag from /home/hp/miniconda3/envs/airflow_env/lib/python3.8/site-packages/airflow/example_dags/example_latest_only_with_trigger.py
[2022-07-25 11:06:05,490] {processor.py:651} INFO - DAG(s) dict_keys(['latest_only_with_trigger']) retrieved from /home/hp/miniconda3/envs/airflow_env/lib/python3.8/site-packages/airflow/example_dags/example_latest_only_with_trigger.py
[2022-07-25 11:06:05,501] {logging_mixin.py:115} INFO - [2022-07-25 11:06:05,501] {dag.py:2420} INFO - Sync 1 DAGs
[2022-07-25 11:06:05,509] {logging_mixin.py:115} INFO - [2022-07-25 11:06:05,509] {dag.py:2968} INFO - Setting next_dagrun for latest_only_with_trigger to 2022-07-25T04:06:05.508992+00:00, run_after=2022-07-25T08:06:05.508992+00:00
[2022-07-25 11:06:05,518] {processor.py:161} INFO - Processing /home/hp/miniconda3/envs/airflow_env/lib/python3.8/site-packages/airflow/example_dags/example_latest_only_with_trigger.py took 0.036 seconds
[2022-07-25 11:06:40,279] {processor.py:153} INFO - Started process (PID=63211) to work on /home/hp/miniconda3/envs/airflow_env/lib/python3.8/site-packages/airflow/example_dags/example_latest_only_with_trigger.py
[2022-07-25 11:06:40,280] {processor.py:641} INFO - Processing file /home/hp/miniconda3/envs/airflow_env/lib/python3.8/site-packages/airflow/example_dags/example_latest_only_with_trigger.py for tasks to queue
[2022-07-25 11:06:40,281] {logging_mixin.py:115} INFO - [2022-07-25 11:06:40,280] {dagbag.py:508} INFO - Filling up the DagBag from /home/hp/miniconda3/envs/airflow_env/lib/python3.8/site-packages/airflow/example_dags/example_latest_only_with_trigger.py
[2022-07-25 11:06:40,287] {processor.py:651} INFO - DAG(s) dict_keys(['latest_only_with_trigger']) retrieved from /home/hp/miniconda3/envs/airflow_env/lib/python3.8/site-packages/airflow/example_dags/example_latest_only_with_trigger.py
[2022-07-25 11:06:40,298] {logging_mixin.py:115} INFO - [2022-07-25 11:06:40,297] {dag.py:2420} INFO - Sync 1 DAGs
[2022-07-25 11:06:40,306] {logging_mixin.py:115} INFO - [2022-07-25 11:06:40,306] {dag.py:2968} INFO - Setting next_dagrun for latest_only_with_trigger to 2022-07-25T04:06:40.306449+00:00, run_after=2022-07-25T08:06:40.306449+00:00
[2022-07-25 11:06:40,317] {processor.py:161} INFO - Processing /home/hp/miniconda3/envs/airflow_env/lib/python3.8/site-packages/airflow/example_dags/example_latest_only_with_trigger.py took 0.042 seconds
[2022-07-25 11:07:14,560] {processor.py:153} INFO - Started process (PID=63450) to work on /home/hp/miniconda3/envs/airflow_env/lib/python3.8/site-packages/airflow/example_dags/example_latest_only_with_trigger.py
[2022-07-25 11:07:14,560] {processor.py:641} INFO - Processing file /home/hp/miniconda3/envs/airflow_env/lib/python3.8/site-packages/airflow/example_dags/example_latest_only_with_trigger.py for tasks to queue
[2022-07-25 11:07:14,560] {logging_mixin.py:115} INFO - [2022-07-25 11:07:14,560] {dagbag.py:508} INFO - Filling up the DagBag from /home/hp/miniconda3/envs/airflow_env/lib/python3.8/site-packages/airflow/example_dags/example_latest_only_with_trigger.py
[2022-07-25 11:07:14,563] {processor.py:651} INFO - DAG(s) dict_keys(['latest_only_with_trigger']) retrieved from /home/hp/miniconda3/envs/airflow_env/lib/python3.8/site-packages/airflow/example_dags/example_latest_only_with_trigger.py
[2022-07-25 11:07:14,571] {logging_mixin.py:115} INFO - [2022-07-25 11:07:14,571] {dag.py:2420} INFO - Sync 1 DAGs
[2022-07-25 11:07:14,579] {logging_mixin.py:115} INFO - [2022-07-25 11:07:14,579] {dag.py:2968} INFO - Setting next_dagrun for latest_only_with_trigger to 2022-07-25T04:07:14.579220+00:00, run_after=2022-07-25T08:07:14.579220+00:00
[2022-07-25 11:07:14,589] {processor.py:161} INFO - Processing /home/hp/miniconda3/envs/airflow_env/lib/python3.8/site-packages/airflow/example_dags/example_latest_only_with_trigger.py took 0.031 seconds
[2022-07-25 11:07:50,184] {processor.py:153} INFO - Started process (PID=63820) to work on /home/hp/miniconda3/envs/airflow_env/lib/python3.8/site-packages/airflow/example_dags/example_latest_only_with_trigger.py
[2022-07-25 11:07:50,185] {processor.py:641} INFO - Processing file /home/hp/miniconda3/envs/airflow_env/lib/python3.8/site-packages/airflow/example_dags/example_latest_only_with_trigger.py for tasks to queue
[2022-07-25 11:07:50,185] {logging_mixin.py:115} INFO - [2022-07-25 11:07:50,185] {dagbag.py:508} INFO - Filling up the DagBag from /home/hp/miniconda3/envs/airflow_env/lib/python3.8/site-packages/airflow/example_dags/example_latest_only_with_trigger.py
[2022-07-25 11:07:50,188] {processor.py:651} INFO - DAG(s) dict_keys(['latest_only_with_trigger']) retrieved from /home/hp/miniconda3/envs/airflow_env/lib/python3.8/site-packages/airflow/example_dags/example_latest_only_with_trigger.py
[2022-07-25 11:07:50,196] {logging_mixin.py:115} INFO - [2022-07-25 11:07:50,195] {dag.py:2420} INFO - Sync 1 DAGs
[2022-07-25 11:07:50,204] {logging_mixin.py:115} INFO - [2022-07-25 11:07:50,204] {dag.py:2968} INFO - Setting next_dagrun for latest_only_with_trigger to 2022-07-25T04:07:50.204052+00:00, run_after=2022-07-25T08:07:50.204052+00:00
[2022-07-25 11:07:50,215] {processor.py:161} INFO - Processing /home/hp/miniconda3/envs/airflow_env/lib/python3.8/site-packages/airflow/example_dags/example_latest_only_with_trigger.py took 0.032 seconds
[2022-07-25 11:08:24,275] {processor.py:153} INFO - Started process (PID=64042) to work on /home/hp/miniconda3/envs/airflow_env/lib/python3.8/site-packages/airflow/example_dags/example_latest_only_with_trigger.py
[2022-07-25 11:08:24,275] {processor.py:641} INFO - Processing file /home/hp/miniconda3/envs/airflow_env/lib/python3.8/site-packages/airflow/example_dags/example_latest_only_with_trigger.py for tasks to queue
[2022-07-25 11:08:24,276] {logging_mixin.py:115} INFO - [2022-07-25 11:08:24,276] {dagbag.py:508} INFO - Filling up the DagBag from /home/hp/miniconda3/envs/airflow_env/lib/python3.8/site-packages/airflow/example_dags/example_latest_only_with_trigger.py
[2022-07-25 11:08:24,284] {processor.py:651} INFO - DAG(s) dict_keys(['latest_only_with_trigger']) retrieved from /home/hp/miniconda3/envs/airflow_env/lib/python3.8/site-packages/airflow/example_dags/example_latest_only_with_trigger.py
[2022-07-25 11:08:24,293] {logging_mixin.py:115} INFO - [2022-07-25 11:08:24,293] {dag.py:2420} INFO - Sync 1 DAGs
[2022-07-25 11:08:24,301] {logging_mixin.py:115} INFO - [2022-07-25 11:08:24,301] {dag.py:2968} INFO - Setting next_dagrun for latest_only_with_trigger to 2022-07-25T04:08:24.301668+00:00, run_after=2022-07-25T08:08:24.301668+00:00
[2022-07-25 11:08:24,312] {processor.py:161} INFO - Processing /home/hp/miniconda3/envs/airflow_env/lib/python3.8/site-packages/airflow/example_dags/example_latest_only_with_trigger.py took 0.042 seconds
