[2022-07-25 03:02:48,001] {processor.py:153} INFO - Started process (PID=20882) to work on /home/hp/miniconda3/envs/airflow_env/lib/python3.8/site-packages/airflow/example_dags/example_kubernetes_executor.py
[2022-07-25 03:02:48,001] {processor.py:641} INFO - Processing file /home/hp/miniconda3/envs/airflow_env/lib/python3.8/site-packages/airflow/example_dags/example_kubernetes_executor.py for tasks to queue
[2022-07-25 03:02:48,002] {logging_mixin.py:115} INFO - [2022-07-25 03:02:48,002] {dagbag.py:508} INFO - Filling up the DagBag from /home/hp/miniconda3/envs/airflow_env/lib/python3.8/site-packages/airflow/example_dags/example_kubernetes_executor.py
[2022-07-25 03:02:48,012] {logging_mixin.py:115} INFO - [2022-07-25 03:02:48,012] {example_kubernetes_executor.py:39} WARNING - The example_kubernetes_executor example DAG requires the kubernetes provider. Please install it with: pip install apache-airflow[cncf.kubernetes]
[2022-07-25 03:02:48,012] {processor.py:653} WARNING - No viable dags retrieved from /home/hp/miniconda3/envs/airflow_env/lib/python3.8/site-packages/airflow/example_dags/example_kubernetes_executor.py
[2022-07-25 03:02:48,018] {processor.py:161} INFO - Processing /home/hp/miniconda3/envs/airflow_env/lib/python3.8/site-packages/airflow/example_dags/example_kubernetes_executor.py took 0.019 seconds
[2022-07-25 03:07:25,837] {processor.py:153} INFO - Started process (PID=21467) to work on /home/hp/miniconda3/envs/airflow_env/lib/python3.8/site-packages/airflow/example_dags/example_kubernetes_executor.py
[2022-07-25 03:07:25,838] {processor.py:641} INFO - Processing file /home/hp/miniconda3/envs/airflow_env/lib/python3.8/site-packages/airflow/example_dags/example_kubernetes_executor.py for tasks to queue
[2022-07-25 03:07:25,839] {logging_mixin.py:115} INFO - [2022-07-25 03:07:25,839] {dagbag.py:508} INFO - Filling up the DagBag from /home/hp/miniconda3/envs/airflow_env/lib/python3.8/site-packages/airflow/example_dags/example_kubernetes_executor.py
[2022-07-25 03:07:25,852] {logging_mixin.py:115} INFO - [2022-07-25 03:07:25,852] {example_kubernetes_executor.py:39} WARNING - The example_kubernetes_executor example DAG requires the kubernetes provider. Please install it with: pip install apache-airflow[cncf.kubernetes]
[2022-07-25 03:07:25,853] {processor.py:653} WARNING - No viable dags retrieved from /home/hp/miniconda3/envs/airflow_env/lib/python3.8/site-packages/airflow/example_dags/example_kubernetes_executor.py
[2022-07-25 03:07:25,858] {processor.py:161} INFO - Processing /home/hp/miniconda3/envs/airflow_env/lib/python3.8/site-packages/airflow/example_dags/example_kubernetes_executor.py took 0.025 seconds
[2022-07-25 03:12:53,122] {processor.py:153} INFO - Started process (PID=21957) to work on /home/hp/miniconda3/envs/airflow_env/lib/python3.8/site-packages/airflow/example_dags/example_kubernetes_executor.py
[2022-07-25 03:12:53,123] {processor.py:641} INFO - Processing file /home/hp/miniconda3/envs/airflow_env/lib/python3.8/site-packages/airflow/example_dags/example_kubernetes_executor.py for tasks to queue
[2022-07-25 03:12:53,124] {logging_mixin.py:115} INFO - [2022-07-25 03:12:53,124] {dagbag.py:508} INFO - Filling up the DagBag from /home/hp/miniconda3/envs/airflow_env/lib/python3.8/site-packages/airflow/example_dags/example_kubernetes_executor.py
[2022-07-25 03:12:53,137] {logging_mixin.py:115} INFO - [2022-07-25 03:12:53,137] {example_kubernetes_executor.py:39} WARNING - The example_kubernetes_executor example DAG requires the kubernetes provider. Please install it with: pip install apache-airflow[cncf.kubernetes]
[2022-07-25 03:12:53,137] {processor.py:653} WARNING - No viable dags retrieved from /home/hp/miniconda3/envs/airflow_env/lib/python3.8/site-packages/airflow/example_dags/example_kubernetes_executor.py
[2022-07-25 03:12:53,142] {processor.py:161} INFO - Processing /home/hp/miniconda3/envs/airflow_env/lib/python3.8/site-packages/airflow/example_dags/example_kubernetes_executor.py took 0.025 seconds
[2022-07-25 03:18:15,470] {processor.py:153} INFO - Started process (PID=22368) to work on /home/hp/miniconda3/envs/airflow_env/lib/python3.8/site-packages/airflow/example_dags/example_kubernetes_executor.py
[2022-07-25 03:18:15,472] {processor.py:641} INFO - Processing file /home/hp/miniconda3/envs/airflow_env/lib/python3.8/site-packages/airflow/example_dags/example_kubernetes_executor.py for tasks to queue
[2022-07-25 03:18:15,472] {logging_mixin.py:115} INFO - [2022-07-25 03:18:15,472] {dagbag.py:508} INFO - Filling up the DagBag from /home/hp/miniconda3/envs/airflow_env/lib/python3.8/site-packages/airflow/example_dags/example_kubernetes_executor.py
[2022-07-25 03:18:15,485] {logging_mixin.py:115} INFO - [2022-07-25 03:18:15,485] {example_kubernetes_executor.py:39} WARNING - The example_kubernetes_executor example DAG requires the kubernetes provider. Please install it with: pip install apache-airflow[cncf.kubernetes]
[2022-07-25 03:18:15,485] {processor.py:653} WARNING - No viable dags retrieved from /home/hp/miniconda3/envs/airflow_env/lib/python3.8/site-packages/airflow/example_dags/example_kubernetes_executor.py
[2022-07-25 03:18:15,490] {processor.py:161} INFO - Processing /home/hp/miniconda3/envs/airflow_env/lib/python3.8/site-packages/airflow/example_dags/example_kubernetes_executor.py took 0.023 seconds
[2022-07-25 03:28:25,353] {processor.py:153} INFO - Started process (PID=22939) to work on /home/hp/miniconda3/envs/airflow_env/lib/python3.8/site-packages/airflow/example_dags/example_kubernetes_executor.py
[2022-07-25 03:28:25,369] {processor.py:641} INFO - Processing file /home/hp/miniconda3/envs/airflow_env/lib/python3.8/site-packages/airflow/example_dags/example_kubernetes_executor.py for tasks to queue
[2022-07-25 03:28:25,370] {logging_mixin.py:115} INFO - [2022-07-25 03:28:25,370] {dagbag.py:508} INFO - Filling up the DagBag from /home/hp/miniconda3/envs/airflow_env/lib/python3.8/site-packages/airflow/example_dags/example_kubernetes_executor.py
[2022-07-25 03:28:25,403] {logging_mixin.py:115} INFO - [2022-07-25 03:28:25,403] {example_kubernetes_executor.py:39} WARNING - The example_kubernetes_executor example DAG requires the kubernetes provider. Please install it with: pip install apache-airflow[cncf.kubernetes]
[2022-07-25 03:28:25,403] {processor.py:653} WARNING - No viable dags retrieved from /home/hp/miniconda3/envs/airflow_env/lib/python3.8/site-packages/airflow/example_dags/example_kubernetes_executor.py
[2022-07-25 03:28:25,413] {processor.py:161} INFO - Processing /home/hp/miniconda3/envs/airflow_env/lib/python3.8/site-packages/airflow/example_dags/example_kubernetes_executor.py took 0.063 seconds
[2022-07-25 03:30:36,164] {processor.py:153} INFO - Started process (PID=23452) to work on /home/hp/miniconda3/envs/airflow_env/lib/python3.8/site-packages/airflow/example_dags/example_kubernetes_executor.py
[2022-07-25 03:30:36,165] {processor.py:641} INFO - Processing file /home/hp/miniconda3/envs/airflow_env/lib/python3.8/site-packages/airflow/example_dags/example_kubernetes_executor.py for tasks to queue
[2022-07-25 03:30:36,166] {logging_mixin.py:115} INFO - [2022-07-25 03:30:36,165] {dagbag.py:508} INFO - Filling up the DagBag from /home/hp/miniconda3/envs/airflow_env/lib/python3.8/site-packages/airflow/example_dags/example_kubernetes_executor.py
[2022-07-25 03:30:36,178] {logging_mixin.py:115} INFO - [2022-07-25 03:30:36,178] {example_kubernetes_executor.py:39} WARNING - The example_kubernetes_executor example DAG requires the kubernetes provider. Please install it with: pip install apache-airflow[cncf.kubernetes]
[2022-07-25 03:30:36,178] {processor.py:653} WARNING - No viable dags retrieved from /home/hp/miniconda3/envs/airflow_env/lib/python3.8/site-packages/airflow/example_dags/example_kubernetes_executor.py
[2022-07-25 03:30:36,185] {processor.py:161} INFO - Processing /home/hp/miniconda3/envs/airflow_env/lib/python3.8/site-packages/airflow/example_dags/example_kubernetes_executor.py took 0.025 seconds
[2022-07-25 03:33:55,506] {processor.py:153} INFO - Started process (PID=24004) to work on /home/hp/miniconda3/envs/airflow_env/lib/python3.8/site-packages/airflow/example_dags/example_kubernetes_executor.py
[2022-07-25 03:33:55,507] {processor.py:641} INFO - Processing file /home/hp/miniconda3/envs/airflow_env/lib/python3.8/site-packages/airflow/example_dags/example_kubernetes_executor.py for tasks to queue
[2022-07-25 03:33:55,508] {logging_mixin.py:115} INFO - [2022-07-25 03:33:55,508] {dagbag.py:508} INFO - Filling up the DagBag from /home/hp/miniconda3/envs/airflow_env/lib/python3.8/site-packages/airflow/example_dags/example_kubernetes_executor.py
[2022-07-25 03:33:55,522] {logging_mixin.py:115} INFO - [2022-07-25 03:33:55,522] {example_kubernetes_executor.py:39} WARNING - The example_kubernetes_executor example DAG requires the kubernetes provider. Please install it with: pip install apache-airflow[cncf.kubernetes]
[2022-07-25 03:33:55,522] {processor.py:653} WARNING - No viable dags retrieved from /home/hp/miniconda3/envs/airflow_env/lib/python3.8/site-packages/airflow/example_dags/example_kubernetes_executor.py
[2022-07-25 03:33:55,528] {processor.py:161} INFO - Processing /home/hp/miniconda3/envs/airflow_env/lib/python3.8/site-packages/airflow/example_dags/example_kubernetes_executor.py took 0.026 seconds
[2022-07-25 03:39:20,353] {processor.py:153} INFO - Started process (PID=24435) to work on /home/hp/miniconda3/envs/airflow_env/lib/python3.8/site-packages/airflow/example_dags/example_kubernetes_executor.py
[2022-07-25 03:39:20,354] {processor.py:641} INFO - Processing file /home/hp/miniconda3/envs/airflow_env/lib/python3.8/site-packages/airflow/example_dags/example_kubernetes_executor.py for tasks to queue
[2022-07-25 03:39:20,355] {logging_mixin.py:115} INFO - [2022-07-25 03:39:20,355] {dagbag.py:508} INFO - Filling up the DagBag from /home/hp/miniconda3/envs/airflow_env/lib/python3.8/site-packages/airflow/example_dags/example_kubernetes_executor.py
[2022-07-25 03:39:20,366] {logging_mixin.py:115} INFO - [2022-07-25 03:39:20,366] {example_kubernetes_executor.py:39} WARNING - The example_kubernetes_executor example DAG requires the kubernetes provider. Please install it with: pip install apache-airflow[cncf.kubernetes]
[2022-07-25 03:39:20,366] {processor.py:653} WARNING - No viable dags retrieved from /home/hp/miniconda3/envs/airflow_env/lib/python3.8/site-packages/airflow/example_dags/example_kubernetes_executor.py
[2022-07-25 03:39:20,371] {processor.py:161} INFO - Processing /home/hp/miniconda3/envs/airflow_env/lib/python3.8/site-packages/airflow/example_dags/example_kubernetes_executor.py took 0.022 seconds
[2022-07-25 03:44:42,748] {processor.py:153} INFO - Started process (PID=24866) to work on /home/hp/miniconda3/envs/airflow_env/lib/python3.8/site-packages/airflow/example_dags/example_kubernetes_executor.py
[2022-07-25 03:44:42,749] {processor.py:641} INFO - Processing file /home/hp/miniconda3/envs/airflow_env/lib/python3.8/site-packages/airflow/example_dags/example_kubernetes_executor.py for tasks to queue
[2022-07-25 03:44:42,750] {logging_mixin.py:115} INFO - [2022-07-25 03:44:42,750] {dagbag.py:508} INFO - Filling up the DagBag from /home/hp/miniconda3/envs/airflow_env/lib/python3.8/site-packages/airflow/example_dags/example_kubernetes_executor.py
[2022-07-25 03:44:42,763] {logging_mixin.py:115} INFO - [2022-07-25 03:44:42,763] {example_kubernetes_executor.py:39} WARNING - The example_kubernetes_executor example DAG requires the kubernetes provider. Please install it with: pip install apache-airflow[cncf.kubernetes]
[2022-07-25 03:44:42,763] {processor.py:653} WARNING - No viable dags retrieved from /home/hp/miniconda3/envs/airflow_env/lib/python3.8/site-packages/airflow/example_dags/example_kubernetes_executor.py
[2022-07-25 03:44:42,770] {processor.py:161} INFO - Processing /home/hp/miniconda3/envs/airflow_env/lib/python3.8/site-packages/airflow/example_dags/example_kubernetes_executor.py took 0.026 seconds
[2022-07-25 03:54:54,928] {processor.py:153} INFO - Started process (PID=25376) to work on /home/hp/miniconda3/envs/airflow_env/lib/python3.8/site-packages/airflow/example_dags/example_kubernetes_executor.py
[2022-07-25 03:54:54,929] {processor.py:641} INFO - Processing file /home/hp/miniconda3/envs/airflow_env/lib/python3.8/site-packages/airflow/example_dags/example_kubernetes_executor.py for tasks to queue
[2022-07-25 03:54:54,929] {logging_mixin.py:115} INFO - [2022-07-25 03:54:54,929] {dagbag.py:508} INFO - Filling up the DagBag from /home/hp/miniconda3/envs/airflow_env/lib/python3.8/site-packages/airflow/example_dags/example_kubernetes_executor.py
[2022-07-25 03:54:54,947] {logging_mixin.py:115} INFO - [2022-07-25 03:54:54,947] {example_kubernetes_executor.py:39} WARNING - The example_kubernetes_executor example DAG requires the kubernetes provider. Please install it with: pip install apache-airflow[cncf.kubernetes]
[2022-07-25 03:54:54,947] {processor.py:653} WARNING - No viable dags retrieved from /home/hp/miniconda3/envs/airflow_env/lib/python3.8/site-packages/airflow/example_dags/example_kubernetes_executor.py
[2022-07-25 03:54:54,957] {processor.py:161} INFO - Processing /home/hp/miniconda3/envs/airflow_env/lib/python3.8/site-packages/airflow/example_dags/example_kubernetes_executor.py took 0.032 seconds
[2022-07-25 04:00:15,976] {processor.py:153} INFO - Started process (PID=25717) to work on /home/hp/miniconda3/envs/airflow_env/lib/python3.8/site-packages/airflow/example_dags/example_kubernetes_executor.py
[2022-07-25 04:00:15,977] {processor.py:641} INFO - Processing file /home/hp/miniconda3/envs/airflow_env/lib/python3.8/site-packages/airflow/example_dags/example_kubernetes_executor.py for tasks to queue
[2022-07-25 04:00:15,978] {logging_mixin.py:115} INFO - [2022-07-25 04:00:15,978] {dagbag.py:508} INFO - Filling up the DagBag from /home/hp/miniconda3/envs/airflow_env/lib/python3.8/site-packages/airflow/example_dags/example_kubernetes_executor.py
[2022-07-25 04:00:15,994] {logging_mixin.py:115} INFO - [2022-07-25 04:00:15,994] {example_kubernetes_executor.py:39} WARNING - The example_kubernetes_executor example DAG requires the kubernetes provider. Please install it with: pip install apache-airflow[cncf.kubernetes]
[2022-07-25 04:00:15,994] {processor.py:653} WARNING - No viable dags retrieved from /home/hp/miniconda3/envs/airflow_env/lib/python3.8/site-packages/airflow/example_dags/example_kubernetes_executor.py
[2022-07-25 04:00:15,999] {processor.py:161} INFO - Processing /home/hp/miniconda3/envs/airflow_env/lib/python3.8/site-packages/airflow/example_dags/example_kubernetes_executor.py took 0.027 seconds
[2022-07-25 04:00:55,603] {processor.py:153} INFO - Started process (PID=25978) to work on /home/hp/miniconda3/envs/airflow_env/lib/python3.8/site-packages/airflow/example_dags/example_kubernetes_executor.py
[2022-07-25 04:00:55,604] {processor.py:641} INFO - Processing file /home/hp/miniconda3/envs/airflow_env/lib/python3.8/site-packages/airflow/example_dags/example_kubernetes_executor.py for tasks to queue
[2022-07-25 04:00:55,604] {logging_mixin.py:115} INFO - [2022-07-25 04:00:55,604] {dagbag.py:508} INFO - Filling up the DagBag from /home/hp/miniconda3/envs/airflow_env/lib/python3.8/site-packages/airflow/example_dags/example_kubernetes_executor.py
[2022-07-25 04:00:55,617] {logging_mixin.py:115} INFO - [2022-07-25 04:00:55,617] {example_kubernetes_executor.py:39} WARNING - The example_kubernetes_executor example DAG requires the kubernetes provider. Please install it with: pip install apache-airflow[cncf.kubernetes]
[2022-07-25 04:00:55,617] {processor.py:653} WARNING - No viable dags retrieved from /home/hp/miniconda3/envs/airflow_env/lib/python3.8/site-packages/airflow/example_dags/example_kubernetes_executor.py
[2022-07-25 04:00:55,624] {processor.py:161} INFO - Processing /home/hp/miniconda3/envs/airflow_env/lib/python3.8/site-packages/airflow/example_dags/example_kubernetes_executor.py took 0.025 seconds
[2022-07-25 04:02:11,820] {processor.py:153} INFO - Started process (PID=26424) to work on /home/hp/miniconda3/envs/airflow_env/lib/python3.8/site-packages/airflow/example_dags/example_kubernetes_executor.py
[2022-07-25 04:02:11,821] {processor.py:641} INFO - Processing file /home/hp/miniconda3/envs/airflow_env/lib/python3.8/site-packages/airflow/example_dags/example_kubernetes_executor.py for tasks to queue
[2022-07-25 04:02:11,822] {logging_mixin.py:115} INFO - [2022-07-25 04:02:11,822] {dagbag.py:508} INFO - Filling up the DagBag from /home/hp/miniconda3/envs/airflow_env/lib/python3.8/site-packages/airflow/example_dags/example_kubernetes_executor.py
[2022-07-25 04:02:11,848] {logging_mixin.py:115} INFO - [2022-07-25 04:02:11,848] {example_kubernetes_executor.py:39} WARNING - The example_kubernetes_executor example DAG requires the kubernetes provider. Please install it with: pip install apache-airflow[cncf.kubernetes]
[2022-07-25 04:02:11,848] {processor.py:653} WARNING - No viable dags retrieved from /home/hp/miniconda3/envs/airflow_env/lib/python3.8/site-packages/airflow/example_dags/example_kubernetes_executor.py
[2022-07-25 04:02:11,853] {processor.py:161} INFO - Processing /home/hp/miniconda3/envs/airflow_env/lib/python3.8/site-packages/airflow/example_dags/example_kubernetes_executor.py took 0.037 seconds
[2022-07-25 04:05:40,191] {processor.py:153} INFO - Started process (PID=26770) to work on /home/hp/miniconda3/envs/airflow_env/lib/python3.8/site-packages/airflow/example_dags/example_kubernetes_executor.py
[2022-07-25 04:05:40,191] {processor.py:641} INFO - Processing file /home/hp/miniconda3/envs/airflow_env/lib/python3.8/site-packages/airflow/example_dags/example_kubernetes_executor.py for tasks to queue
[2022-07-25 04:05:40,192] {logging_mixin.py:115} INFO - [2022-07-25 04:05:40,192] {dagbag.py:508} INFO - Filling up the DagBag from /home/hp/miniconda3/envs/airflow_env/lib/python3.8/site-packages/airflow/example_dags/example_kubernetes_executor.py
[2022-07-25 04:05:40,203] {logging_mixin.py:115} INFO - [2022-07-25 04:05:40,203] {example_kubernetes_executor.py:39} WARNING - The example_kubernetes_executor example DAG requires the kubernetes provider. Please install it with: pip install apache-airflow[cncf.kubernetes]
[2022-07-25 04:05:40,203] {processor.py:653} WARNING - No viable dags retrieved from /home/hp/miniconda3/envs/airflow_env/lib/python3.8/site-packages/airflow/example_dags/example_kubernetes_executor.py
[2022-07-25 04:05:40,210] {processor.py:161} INFO - Processing /home/hp/miniconda3/envs/airflow_env/lib/python3.8/site-packages/airflow/example_dags/example_kubernetes_executor.py took 0.023 seconds
[2022-07-25 04:11:04,817] {processor.py:153} INFO - Started process (PID=27053) to work on /home/hp/miniconda3/envs/airflow_env/lib/python3.8/site-packages/airflow/example_dags/example_kubernetes_executor.py
[2022-07-25 04:11:04,818] {processor.py:641} INFO - Processing file /home/hp/miniconda3/envs/airflow_env/lib/python3.8/site-packages/airflow/example_dags/example_kubernetes_executor.py for tasks to queue
[2022-07-25 04:11:04,818] {logging_mixin.py:115} INFO - [2022-07-25 04:11:04,818] {dagbag.py:508} INFO - Filling up the DagBag from /home/hp/miniconda3/envs/airflow_env/lib/python3.8/site-packages/airflow/example_dags/example_kubernetes_executor.py
[2022-07-25 04:11:04,830] {logging_mixin.py:115} INFO - [2022-07-25 04:11:04,830] {example_kubernetes_executor.py:39} WARNING - The example_kubernetes_executor example DAG requires the kubernetes provider. Please install it with: pip install apache-airflow[cncf.kubernetes]
[2022-07-25 04:11:04,831] {processor.py:653} WARNING - No viable dags retrieved from /home/hp/miniconda3/envs/airflow_env/lib/python3.8/site-packages/airflow/example_dags/example_kubernetes_executor.py
[2022-07-25 04:11:04,837] {processor.py:161} INFO - Processing /home/hp/miniconda3/envs/airflow_env/lib/python3.8/site-packages/airflow/example_dags/example_kubernetes_executor.py took 0.021 seconds
[2022-07-25 04:16:27,504] {processor.py:153} INFO - Started process (PID=27340) to work on /home/hp/miniconda3/envs/airflow_env/lib/python3.8/site-packages/airflow/example_dags/example_kubernetes_executor.py
[2022-07-25 04:16:27,505] {processor.py:641} INFO - Processing file /home/hp/miniconda3/envs/airflow_env/lib/python3.8/site-packages/airflow/example_dags/example_kubernetes_executor.py for tasks to queue
[2022-07-25 04:16:27,506] {logging_mixin.py:115} INFO - [2022-07-25 04:16:27,505] {dagbag.py:508} INFO - Filling up the DagBag from /home/hp/miniconda3/envs/airflow_env/lib/python3.8/site-packages/airflow/example_dags/example_kubernetes_executor.py
[2022-07-25 04:16:27,519] {logging_mixin.py:115} INFO - [2022-07-25 04:16:27,519] {example_kubernetes_executor.py:39} WARNING - The example_kubernetes_executor example DAG requires the kubernetes provider. Please install it with: pip install apache-airflow[cncf.kubernetes]
[2022-07-25 04:16:27,519] {processor.py:653} WARNING - No viable dags retrieved from /home/hp/miniconda3/envs/airflow_env/lib/python3.8/site-packages/airflow/example_dags/example_kubernetes_executor.py
[2022-07-25 04:16:27,524] {processor.py:161} INFO - Processing /home/hp/miniconda3/envs/airflow_env/lib/python3.8/site-packages/airflow/example_dags/example_kubernetes_executor.py took 0.024 seconds
[2022-07-25 04:26:39,377] {processor.py:153} INFO - Started process (PID=27756) to work on /home/hp/miniconda3/envs/airflow_env/lib/python3.8/site-packages/airflow/example_dags/example_kubernetes_executor.py
[2022-07-25 04:26:39,377] {processor.py:641} INFO - Processing file /home/hp/miniconda3/envs/airflow_env/lib/python3.8/site-packages/airflow/example_dags/example_kubernetes_executor.py for tasks to queue
[2022-07-25 04:26:39,378] {logging_mixin.py:115} INFO - [2022-07-25 04:26:39,378] {dagbag.py:508} INFO - Filling up the DagBag from /home/hp/miniconda3/envs/airflow_env/lib/python3.8/site-packages/airflow/example_dags/example_kubernetes_executor.py
[2022-07-25 04:26:39,394] {logging_mixin.py:115} INFO - [2022-07-25 04:26:39,394] {example_kubernetes_executor.py:39} WARNING - The example_kubernetes_executor example DAG requires the kubernetes provider. Please install it with: pip install apache-airflow[cncf.kubernetes]
[2022-07-25 04:26:39,394] {processor.py:653} WARNING - No viable dags retrieved from /home/hp/miniconda3/envs/airflow_env/lib/python3.8/site-packages/airflow/example_dags/example_kubernetes_executor.py
[2022-07-25 04:26:39,405] {processor.py:161} INFO - Processing /home/hp/miniconda3/envs/airflow_env/lib/python3.8/site-packages/airflow/example_dags/example_kubernetes_executor.py took 0.030 seconds
[2022-07-25 04:32:02,313] {processor.py:153} INFO - Started process (PID=28107) to work on /home/hp/miniconda3/envs/airflow_env/lib/python3.8/site-packages/airflow/example_dags/example_kubernetes_executor.py
[2022-07-25 04:32:02,314] {processor.py:641} INFO - Processing file /home/hp/miniconda3/envs/airflow_env/lib/python3.8/site-packages/airflow/example_dags/example_kubernetes_executor.py for tasks to queue
[2022-07-25 04:32:02,315] {logging_mixin.py:115} INFO - [2022-07-25 04:32:02,315] {dagbag.py:508} INFO - Filling up the DagBag from /home/hp/miniconda3/envs/airflow_env/lib/python3.8/site-packages/airflow/example_dags/example_kubernetes_executor.py
[2022-07-25 04:32:02,330] {logging_mixin.py:115} INFO - [2022-07-25 04:32:02,330] {example_kubernetes_executor.py:39} WARNING - The example_kubernetes_executor example DAG requires the kubernetes provider. Please install it with: pip install apache-airflow[cncf.kubernetes]
[2022-07-25 04:32:02,330] {processor.py:653} WARNING - No viable dags retrieved from /home/hp/miniconda3/envs/airflow_env/lib/python3.8/site-packages/airflow/example_dags/example_kubernetes_executor.py
[2022-07-25 04:32:02,335] {processor.py:161} INFO - Processing /home/hp/miniconda3/envs/airflow_env/lib/python3.8/site-packages/airflow/example_dags/example_kubernetes_executor.py took 0.026 seconds
[2022-07-25 04:37:26,423] {processor.py:153} INFO - Started process (PID=28406) to work on /home/hp/miniconda3/envs/airflow_env/lib/python3.8/site-packages/airflow/example_dags/example_kubernetes_executor.py
[2022-07-25 04:37:26,424] {processor.py:641} INFO - Processing file /home/hp/miniconda3/envs/airflow_env/lib/python3.8/site-packages/airflow/example_dags/example_kubernetes_executor.py for tasks to queue
[2022-07-25 04:37:26,425] {logging_mixin.py:115} INFO - [2022-07-25 04:37:26,425] {dagbag.py:508} INFO - Filling up the DagBag from /home/hp/miniconda3/envs/airflow_env/lib/python3.8/site-packages/airflow/example_dags/example_kubernetes_executor.py
[2022-07-25 04:37:26,438] {logging_mixin.py:115} INFO - [2022-07-25 04:37:26,438] {example_kubernetes_executor.py:39} WARNING - The example_kubernetes_executor example DAG requires the kubernetes provider. Please install it with: pip install apache-airflow[cncf.kubernetes]
[2022-07-25 04:37:26,438] {processor.py:653} WARNING - No viable dags retrieved from /home/hp/miniconda3/envs/airflow_env/lib/python3.8/site-packages/airflow/example_dags/example_kubernetes_executor.py
[2022-07-25 04:37:26,443] {processor.py:161} INFO - Processing /home/hp/miniconda3/envs/airflow_env/lib/python3.8/site-packages/airflow/example_dags/example_kubernetes_executor.py took 0.024 seconds
[2022-07-25 10:58:36,368] {processor.py:153} INFO - Started process (PID=57297) to work on /home/hp/miniconda3/envs/airflow_env/lib/python3.8/site-packages/airflow/example_dags/example_kubernetes_executor.py
[2022-07-25 10:58:36,369] {processor.py:641} INFO - Processing file /home/hp/miniconda3/envs/airflow_env/lib/python3.8/site-packages/airflow/example_dags/example_kubernetes_executor.py for tasks to queue
[2022-07-25 10:58:36,369] {logging_mixin.py:115} INFO - [2022-07-25 10:58:36,369] {dagbag.py:508} INFO - Filling up the DagBag from /home/hp/miniconda3/envs/airflow_env/lib/python3.8/site-packages/airflow/example_dags/example_kubernetes_executor.py
[2022-07-25 10:58:36,378] {logging_mixin.py:115} INFO - [2022-07-25 10:58:36,378] {example_kubernetes_executor.py:39} WARNING - The example_kubernetes_executor example DAG requires the kubernetes provider. Please install it with: pip install apache-airflow[cncf.kubernetes]
[2022-07-25 10:58:36,378] {processor.py:653} WARNING - No viable dags retrieved from /home/hp/miniconda3/envs/airflow_env/lib/python3.8/site-packages/airflow/example_dags/example_kubernetes_executor.py
[2022-07-25 10:58:36,382] {processor.py:161} INFO - Processing /home/hp/miniconda3/envs/airflow_env/lib/python3.8/site-packages/airflow/example_dags/example_kubernetes_executor.py took 0.016 seconds
[2022-07-25 10:59:12,825] {processor.py:153} INFO - Started process (PID=57617) to work on /home/hp/miniconda3/envs/airflow_env/lib/python3.8/site-packages/airflow/example_dags/example_kubernetes_executor.py
[2022-07-25 10:59:12,826] {processor.py:641} INFO - Processing file /home/hp/miniconda3/envs/airflow_env/lib/python3.8/site-packages/airflow/example_dags/example_kubernetes_executor.py for tasks to queue
[2022-07-25 10:59:12,827] {logging_mixin.py:115} INFO - [2022-07-25 10:59:12,827] {dagbag.py:508} INFO - Filling up the DagBag from /home/hp/miniconda3/envs/airflow_env/lib/python3.8/site-packages/airflow/example_dags/example_kubernetes_executor.py
[2022-07-25 10:59:12,841] {logging_mixin.py:115} INFO - [2022-07-25 10:59:12,841] {example_kubernetes_executor.py:39} WARNING - The example_kubernetes_executor example DAG requires the kubernetes provider. Please install it with: pip install apache-airflow[cncf.kubernetes]
[2022-07-25 10:59:12,841] {processor.py:653} WARNING - No viable dags retrieved from /home/hp/miniconda3/envs/airflow_env/lib/python3.8/site-packages/airflow/example_dags/example_kubernetes_executor.py
[2022-07-25 10:59:12,846] {processor.py:161} INFO - Processing /home/hp/miniconda3/envs/airflow_env/lib/python3.8/site-packages/airflow/example_dags/example_kubernetes_executor.py took 0.025 seconds
[2022-07-25 10:59:47,041] {processor.py:153} INFO - Started process (PID=57902) to work on /home/hp/miniconda3/envs/airflow_env/lib/python3.8/site-packages/airflow/example_dags/example_kubernetes_executor.py
[2022-07-25 10:59:47,041] {processor.py:641} INFO - Processing file /home/hp/miniconda3/envs/airflow_env/lib/python3.8/site-packages/airflow/example_dags/example_kubernetes_executor.py for tasks to queue
[2022-07-25 10:59:47,042] {logging_mixin.py:115} INFO - [2022-07-25 10:59:47,042] {dagbag.py:508} INFO - Filling up the DagBag from /home/hp/miniconda3/envs/airflow_env/lib/python3.8/site-packages/airflow/example_dags/example_kubernetes_executor.py
[2022-07-25 10:59:47,056] {logging_mixin.py:115} INFO - [2022-07-25 10:59:47,056] {example_kubernetes_executor.py:39} WARNING - The example_kubernetes_executor example DAG requires the kubernetes provider. Please install it with: pip install apache-airflow[cncf.kubernetes]
[2022-07-25 10:59:47,056] {processor.py:653} WARNING - No viable dags retrieved from /home/hp/miniconda3/envs/airflow_env/lib/python3.8/site-packages/airflow/example_dags/example_kubernetes_executor.py
[2022-07-25 10:59:47,061] {processor.py:161} INFO - Processing /home/hp/miniconda3/envs/airflow_env/lib/python3.8/site-packages/airflow/example_dags/example_kubernetes_executor.py took 0.022 seconds
[2022-07-25 11:00:21,925] {processor.py:153} INFO - Started process (PID=59424) to work on /home/hp/miniconda3/envs/airflow_env/lib/python3.8/site-packages/airflow/example_dags/example_kubernetes_executor.py
[2022-07-25 11:00:21,925] {processor.py:641} INFO - Processing file /home/hp/miniconda3/envs/airflow_env/lib/python3.8/site-packages/airflow/example_dags/example_kubernetes_executor.py for tasks to queue
[2022-07-25 11:00:21,926] {logging_mixin.py:115} INFO - [2022-07-25 11:00:21,926] {dagbag.py:508} INFO - Filling up the DagBag from /home/hp/miniconda3/envs/airflow_env/lib/python3.8/site-packages/airflow/example_dags/example_kubernetes_executor.py
[2022-07-25 11:00:21,935] {logging_mixin.py:115} INFO - [2022-07-25 11:00:21,935] {example_kubernetes_executor.py:39} WARNING - The example_kubernetes_executor example DAG requires the kubernetes provider. Please install it with: pip install apache-airflow[cncf.kubernetes]
[2022-07-25 11:00:21,935] {processor.py:653} WARNING - No viable dags retrieved from /home/hp/miniconda3/envs/airflow_env/lib/python3.8/site-packages/airflow/example_dags/example_kubernetes_executor.py
[2022-07-25 11:00:21,940] {processor.py:161} INFO - Processing /home/hp/miniconda3/envs/airflow_env/lib/python3.8/site-packages/airflow/example_dags/example_kubernetes_executor.py took 0.016 seconds
[2022-07-25 11:00:56,754] {processor.py:153} INFO - Started process (PID=59741) to work on /home/hp/miniconda3/envs/airflow_env/lib/python3.8/site-packages/airflow/example_dags/example_kubernetes_executor.py
[2022-07-25 11:00:56,755] {processor.py:641} INFO - Processing file /home/hp/miniconda3/envs/airflow_env/lib/python3.8/site-packages/airflow/example_dags/example_kubernetes_executor.py for tasks to queue
[2022-07-25 11:00:56,756] {logging_mixin.py:115} INFO - [2022-07-25 11:00:56,756] {dagbag.py:508} INFO - Filling up the DagBag from /home/hp/miniconda3/envs/airflow_env/lib/python3.8/site-packages/airflow/example_dags/example_kubernetes_executor.py
[2022-07-25 11:00:56,765] {logging_mixin.py:115} INFO - [2022-07-25 11:00:56,764] {example_kubernetes_executor.py:39} WARNING - The example_kubernetes_executor example DAG requires the kubernetes provider. Please install it with: pip install apache-airflow[cncf.kubernetes]
[2022-07-25 11:00:56,765] {processor.py:653} WARNING - No viable dags retrieved from /home/hp/miniconda3/envs/airflow_env/lib/python3.8/site-packages/airflow/example_dags/example_kubernetes_executor.py
[2022-07-25 11:00:56,769] {processor.py:161} INFO - Processing /home/hp/miniconda3/envs/airflow_env/lib/python3.8/site-packages/airflow/example_dags/example_kubernetes_executor.py took 0.020 seconds
[2022-07-25 11:01:30,798] {processor.py:153} INFO - Started process (PID=59903) to work on /home/hp/miniconda3/envs/airflow_env/lib/python3.8/site-packages/airflow/example_dags/example_kubernetes_executor.py
[2022-07-25 11:01:30,799] {processor.py:641} INFO - Processing file /home/hp/miniconda3/envs/airflow_env/lib/python3.8/site-packages/airflow/example_dags/example_kubernetes_executor.py for tasks to queue
[2022-07-25 11:01:30,799] {logging_mixin.py:115} INFO - [2022-07-25 11:01:30,799] {dagbag.py:508} INFO - Filling up the DagBag from /home/hp/miniconda3/envs/airflow_env/lib/python3.8/site-packages/airflow/example_dags/example_kubernetes_executor.py
[2022-07-25 11:01:30,809] {logging_mixin.py:115} INFO - [2022-07-25 11:01:30,809] {example_kubernetes_executor.py:39} WARNING - The example_kubernetes_executor example DAG requires the kubernetes provider. Please install it with: pip install apache-airflow[cncf.kubernetes]
[2022-07-25 11:01:30,809] {processor.py:653} WARNING - No viable dags retrieved from /home/hp/miniconda3/envs/airflow_env/lib/python3.8/site-packages/airflow/example_dags/example_kubernetes_executor.py
[2022-07-25 11:01:30,814] {processor.py:161} INFO - Processing /home/hp/miniconda3/envs/airflow_env/lib/python3.8/site-packages/airflow/example_dags/example_kubernetes_executor.py took 0.019 seconds
[2022-07-25 11:02:07,482] {processor.py:153} INFO - Started process (PID=60114) to work on /home/hp/miniconda3/envs/airflow_env/lib/python3.8/site-packages/airflow/example_dags/example_kubernetes_executor.py
[2022-07-25 11:02:07,483] {processor.py:641} INFO - Processing file /home/hp/miniconda3/envs/airflow_env/lib/python3.8/site-packages/airflow/example_dags/example_kubernetes_executor.py for tasks to queue
[2022-07-25 11:02:07,483] {logging_mixin.py:115} INFO - [2022-07-25 11:02:07,483] {dagbag.py:508} INFO - Filling up the DagBag from /home/hp/miniconda3/envs/airflow_env/lib/python3.8/site-packages/airflow/example_dags/example_kubernetes_executor.py
[2022-07-25 11:02:07,494] {logging_mixin.py:115} INFO - [2022-07-25 11:02:07,493] {example_kubernetes_executor.py:39} WARNING - The example_kubernetes_executor example DAG requires the kubernetes provider. Please install it with: pip install apache-airflow[cncf.kubernetes]
[2022-07-25 11:02:07,494] {processor.py:653} WARNING - No viable dags retrieved from /home/hp/miniconda3/envs/airflow_env/lib/python3.8/site-packages/airflow/example_dags/example_kubernetes_executor.py
[2022-07-25 11:02:07,499] {processor.py:161} INFO - Processing /home/hp/miniconda3/envs/airflow_env/lib/python3.8/site-packages/airflow/example_dags/example_kubernetes_executor.py took 0.018 seconds
[2022-07-25 11:02:42,207] {processor.py:153} INFO - Started process (PID=60790) to work on /home/hp/miniconda3/envs/airflow_env/lib/python3.8/site-packages/airflow/example_dags/example_kubernetes_executor.py
[2022-07-25 11:02:42,207] {processor.py:641} INFO - Processing file /home/hp/miniconda3/envs/airflow_env/lib/python3.8/site-packages/airflow/example_dags/example_kubernetes_executor.py for tasks to queue
[2022-07-25 11:02:42,207] {logging_mixin.py:115} INFO - [2022-07-25 11:02:42,207] {dagbag.py:508} INFO - Filling up the DagBag from /home/hp/miniconda3/envs/airflow_env/lib/python3.8/site-packages/airflow/example_dags/example_kubernetes_executor.py
[2022-07-25 11:02:42,214] {logging_mixin.py:115} INFO - [2022-07-25 11:02:42,214] {example_kubernetes_executor.py:39} WARNING - The example_kubernetes_executor example DAG requires the kubernetes provider. Please install it with: pip install apache-airflow[cncf.kubernetes]
[2022-07-25 11:02:42,214] {processor.py:653} WARNING - No viable dags retrieved from /home/hp/miniconda3/envs/airflow_env/lib/python3.8/site-packages/airflow/example_dags/example_kubernetes_executor.py
[2022-07-25 11:02:42,218] {processor.py:161} INFO - Processing /home/hp/miniconda3/envs/airflow_env/lib/python3.8/site-packages/airflow/example_dags/example_kubernetes_executor.py took 0.013 seconds
[2022-07-25 11:03:18,608] {processor.py:153} INFO - Started process (PID=61670) to work on /home/hp/miniconda3/envs/airflow_env/lib/python3.8/site-packages/airflow/example_dags/example_kubernetes_executor.py
[2022-07-25 11:03:18,609] {processor.py:641} INFO - Processing file /home/hp/miniconda3/envs/airflow_env/lib/python3.8/site-packages/airflow/example_dags/example_kubernetes_executor.py for tasks to queue
[2022-07-25 11:03:18,610] {logging_mixin.py:115} INFO - [2022-07-25 11:03:18,610] {dagbag.py:508} INFO - Filling up the DagBag from /home/hp/miniconda3/envs/airflow_env/lib/python3.8/site-packages/airflow/example_dags/example_kubernetes_executor.py
[2022-07-25 11:03:18,620] {logging_mixin.py:115} INFO - [2022-07-25 11:03:18,620] {example_kubernetes_executor.py:39} WARNING - The example_kubernetes_executor example DAG requires the kubernetes provider. Please install it with: pip install apache-airflow[cncf.kubernetes]
[2022-07-25 11:03:18,620] {processor.py:653} WARNING - No viable dags retrieved from /home/hp/miniconda3/envs/airflow_env/lib/python3.8/site-packages/airflow/example_dags/example_kubernetes_executor.py
[2022-07-25 11:03:18,624] {processor.py:161} INFO - Processing /home/hp/miniconda3/envs/airflow_env/lib/python3.8/site-packages/airflow/example_dags/example_kubernetes_executor.py took 0.018 seconds
[2022-07-25 11:03:55,089] {processor.py:153} INFO - Started process (PID=61928) to work on /home/hp/miniconda3/envs/airflow_env/lib/python3.8/site-packages/airflow/example_dags/example_kubernetes_executor.py
[2022-07-25 11:03:55,090] {processor.py:641} INFO - Processing file /home/hp/miniconda3/envs/airflow_env/lib/python3.8/site-packages/airflow/example_dags/example_kubernetes_executor.py for tasks to queue
[2022-07-25 11:03:55,091] {logging_mixin.py:115} INFO - [2022-07-25 11:03:55,091] {dagbag.py:508} INFO - Filling up the DagBag from /home/hp/miniconda3/envs/airflow_env/lib/python3.8/site-packages/airflow/example_dags/example_kubernetes_executor.py
[2022-07-25 11:03:55,104] {logging_mixin.py:115} INFO - [2022-07-25 11:03:55,104] {example_kubernetes_executor.py:39} WARNING - The example_kubernetes_executor example DAG requires the kubernetes provider. Please install it with: pip install apache-airflow[cncf.kubernetes]
[2022-07-25 11:03:55,104] {processor.py:653} WARNING - No viable dags retrieved from /home/hp/miniconda3/envs/airflow_env/lib/python3.8/site-packages/airflow/example_dags/example_kubernetes_executor.py
[2022-07-25 11:03:55,109] {processor.py:161} INFO - Processing /home/hp/miniconda3/envs/airflow_env/lib/python3.8/site-packages/airflow/example_dags/example_kubernetes_executor.py took 0.025 seconds
[2022-07-25 11:04:30,419] {processor.py:153} INFO - Started process (PID=62230) to work on /home/hp/miniconda3/envs/airflow_env/lib/python3.8/site-packages/airflow/example_dags/example_kubernetes_executor.py
[2022-07-25 11:04:30,419] {processor.py:641} INFO - Processing file /home/hp/miniconda3/envs/airflow_env/lib/python3.8/site-packages/airflow/example_dags/example_kubernetes_executor.py for tasks to queue
[2022-07-25 11:04:30,419] {logging_mixin.py:115} INFO - [2022-07-25 11:04:30,419] {dagbag.py:508} INFO - Filling up the DagBag from /home/hp/miniconda3/envs/airflow_env/lib/python3.8/site-packages/airflow/example_dags/example_kubernetes_executor.py
[2022-07-25 11:04:30,430] {logging_mixin.py:115} INFO - [2022-07-25 11:04:30,430] {example_kubernetes_executor.py:39} WARNING - The example_kubernetes_executor example DAG requires the kubernetes provider. Please install it with: pip install apache-airflow[cncf.kubernetes]
[2022-07-25 11:04:30,430] {processor.py:653} WARNING - No viable dags retrieved from /home/hp/miniconda3/envs/airflow_env/lib/python3.8/site-packages/airflow/example_dags/example_kubernetes_executor.py
[2022-07-25 11:04:30,435] {processor.py:161} INFO - Processing /home/hp/miniconda3/envs/airflow_env/lib/python3.8/site-packages/airflow/example_dags/example_kubernetes_executor.py took 0.018 seconds
[2022-07-25 11:05:05,126] {processor.py:153} INFO - Started process (PID=62530) to work on /home/hp/miniconda3/envs/airflow_env/lib/python3.8/site-packages/airflow/example_dags/example_kubernetes_executor.py
[2022-07-25 11:05:05,127] {processor.py:641} INFO - Processing file /home/hp/miniconda3/envs/airflow_env/lib/python3.8/site-packages/airflow/example_dags/example_kubernetes_executor.py for tasks to queue
[2022-07-25 11:05:05,128] {logging_mixin.py:115} INFO - [2022-07-25 11:05:05,128] {dagbag.py:508} INFO - Filling up the DagBag from /home/hp/miniconda3/envs/airflow_env/lib/python3.8/site-packages/airflow/example_dags/example_kubernetes_executor.py
[2022-07-25 11:05:05,138] {logging_mixin.py:115} INFO - [2022-07-25 11:05:05,138] {example_kubernetes_executor.py:39} WARNING - The example_kubernetes_executor example DAG requires the kubernetes provider. Please install it with: pip install apache-airflow[cncf.kubernetes]
[2022-07-25 11:05:05,138] {processor.py:653} WARNING - No viable dags retrieved from /home/hp/miniconda3/envs/airflow_env/lib/python3.8/site-packages/airflow/example_dags/example_kubernetes_executor.py
[2022-07-25 11:05:05,142] {processor.py:161} INFO - Processing /home/hp/miniconda3/envs/airflow_env/lib/python3.8/site-packages/airflow/example_dags/example_kubernetes_executor.py took 0.017 seconds
[2022-07-25 11:05:38,669] {processor.py:153} INFO - Started process (PID=62738) to work on /home/hp/miniconda3/envs/airflow_env/lib/python3.8/site-packages/airflow/example_dags/example_kubernetes_executor.py
[2022-07-25 11:05:38,670] {processor.py:641} INFO - Processing file /home/hp/miniconda3/envs/airflow_env/lib/python3.8/site-packages/airflow/example_dags/example_kubernetes_executor.py for tasks to queue
[2022-07-25 11:05:38,670] {logging_mixin.py:115} INFO - [2022-07-25 11:05:38,670] {dagbag.py:508} INFO - Filling up the DagBag from /home/hp/miniconda3/envs/airflow_env/lib/python3.8/site-packages/airflow/example_dags/example_kubernetes_executor.py
[2022-07-25 11:05:38,680] {logging_mixin.py:115} INFO - [2022-07-25 11:05:38,680] {example_kubernetes_executor.py:39} WARNING - The example_kubernetes_executor example DAG requires the kubernetes provider. Please install it with: pip install apache-airflow[cncf.kubernetes]
[2022-07-25 11:05:38,680] {processor.py:653} WARNING - No viable dags retrieved from /home/hp/miniconda3/envs/airflow_env/lib/python3.8/site-packages/airflow/example_dags/example_kubernetes_executor.py
[2022-07-25 11:05:38,685] {processor.py:161} INFO - Processing /home/hp/miniconda3/envs/airflow_env/lib/python3.8/site-packages/airflow/example_dags/example_kubernetes_executor.py took 0.018 seconds
[2022-07-25 11:06:13,469] {processor.py:153} INFO - Started process (PID=62958) to work on /home/hp/miniconda3/envs/airflow_env/lib/python3.8/site-packages/airflow/example_dags/example_kubernetes_executor.py
[2022-07-25 11:06:13,469] {processor.py:641} INFO - Processing file /home/hp/miniconda3/envs/airflow_env/lib/python3.8/site-packages/airflow/example_dags/example_kubernetes_executor.py for tasks to queue
[2022-07-25 11:06:13,470] {logging_mixin.py:115} INFO - [2022-07-25 11:06:13,470] {dagbag.py:508} INFO - Filling up the DagBag from /home/hp/miniconda3/envs/airflow_env/lib/python3.8/site-packages/airflow/example_dags/example_kubernetes_executor.py
[2022-07-25 11:06:13,476] {logging_mixin.py:115} INFO - [2022-07-25 11:06:13,476] {example_kubernetes_executor.py:39} WARNING - The example_kubernetes_executor example DAG requires the kubernetes provider. Please install it with: pip install apache-airflow[cncf.kubernetes]
[2022-07-25 11:06:13,476] {processor.py:653} WARNING - No viable dags retrieved from /home/hp/miniconda3/envs/airflow_env/lib/python3.8/site-packages/airflow/example_dags/example_kubernetes_executor.py
[2022-07-25 11:06:13,481] {processor.py:161} INFO - Processing /home/hp/miniconda3/envs/airflow_env/lib/python3.8/site-packages/airflow/example_dags/example_kubernetes_executor.py took 0.014 seconds
[2022-07-25 11:06:49,295] {processor.py:153} INFO - Started process (PID=63267) to work on /home/hp/miniconda3/envs/airflow_env/lib/python3.8/site-packages/airflow/example_dags/example_kubernetes_executor.py
[2022-07-25 11:06:49,296] {processor.py:641} INFO - Processing file /home/hp/miniconda3/envs/airflow_env/lib/python3.8/site-packages/airflow/example_dags/example_kubernetes_executor.py for tasks to queue
[2022-07-25 11:06:49,296] {logging_mixin.py:115} INFO - [2022-07-25 11:06:49,296] {dagbag.py:508} INFO - Filling up the DagBag from /home/hp/miniconda3/envs/airflow_env/lib/python3.8/site-packages/airflow/example_dags/example_kubernetes_executor.py
[2022-07-25 11:06:49,308] {logging_mixin.py:115} INFO - [2022-07-25 11:06:49,308] {example_kubernetes_executor.py:39} WARNING - The example_kubernetes_executor example DAG requires the kubernetes provider. Please install it with: pip install apache-airflow[cncf.kubernetes]
[2022-07-25 11:06:49,308] {processor.py:653} WARNING - No viable dags retrieved from /home/hp/miniconda3/envs/airflow_env/lib/python3.8/site-packages/airflow/example_dags/example_kubernetes_executor.py
[2022-07-25 11:06:49,313] {processor.py:161} INFO - Processing /home/hp/miniconda3/envs/airflow_env/lib/python3.8/site-packages/airflow/example_dags/example_kubernetes_executor.py took 0.021 seconds
[2022-07-25 11:07:23,489] {processor.py:153} INFO - Started process (PID=63523) to work on /home/hp/miniconda3/envs/airflow_env/lib/python3.8/site-packages/airflow/example_dags/example_kubernetes_executor.py
[2022-07-25 11:07:23,490] {processor.py:641} INFO - Processing file /home/hp/miniconda3/envs/airflow_env/lib/python3.8/site-packages/airflow/example_dags/example_kubernetes_executor.py for tasks to queue
[2022-07-25 11:07:23,491] {logging_mixin.py:115} INFO - [2022-07-25 11:07:23,491] {dagbag.py:508} INFO - Filling up the DagBag from /home/hp/miniconda3/envs/airflow_env/lib/python3.8/site-packages/airflow/example_dags/example_kubernetes_executor.py
[2022-07-25 11:07:23,505] {logging_mixin.py:115} INFO - [2022-07-25 11:07:23,505] {example_kubernetes_executor.py:39} WARNING - The example_kubernetes_executor example DAG requires the kubernetes provider. Please install it with: pip install apache-airflow[cncf.kubernetes]
[2022-07-25 11:07:23,505] {processor.py:653} WARNING - No viable dags retrieved from /home/hp/miniconda3/envs/airflow_env/lib/python3.8/site-packages/airflow/example_dags/example_kubernetes_executor.py
[2022-07-25 11:07:23,510] {processor.py:161} INFO - Processing /home/hp/miniconda3/envs/airflow_env/lib/python3.8/site-packages/airflow/example_dags/example_kubernetes_executor.py took 0.022 seconds
[2022-07-25 11:07:59,332] {processor.py:153} INFO - Started process (PID=63871) to work on /home/hp/miniconda3/envs/airflow_env/lib/python3.8/site-packages/airflow/example_dags/example_kubernetes_executor.py
[2022-07-25 11:07:59,332] {processor.py:641} INFO - Processing file /home/hp/miniconda3/envs/airflow_env/lib/python3.8/site-packages/airflow/example_dags/example_kubernetes_executor.py for tasks to queue
[2022-07-25 11:07:59,333] {logging_mixin.py:115} INFO - [2022-07-25 11:07:59,333] {dagbag.py:508} INFO - Filling up the DagBag from /home/hp/miniconda3/envs/airflow_env/lib/python3.8/site-packages/airflow/example_dags/example_kubernetes_executor.py
[2022-07-25 11:07:59,339] {logging_mixin.py:115} INFO - [2022-07-25 11:07:59,339] {example_kubernetes_executor.py:39} WARNING - The example_kubernetes_executor example DAG requires the kubernetes provider. Please install it with: pip install apache-airflow[cncf.kubernetes]
[2022-07-25 11:07:59,339] {processor.py:653} WARNING - No viable dags retrieved from /home/hp/miniconda3/envs/airflow_env/lib/python3.8/site-packages/airflow/example_dags/example_kubernetes_executor.py
[2022-07-25 11:07:59,344] {processor.py:161} INFO - Processing /home/hp/miniconda3/envs/airflow_env/lib/python3.8/site-packages/airflow/example_dags/example_kubernetes_executor.py took 0.013 seconds
                                                                                                                                                                                                                                                                                                                                                                                                                                                                                                                                                                                                                                                                                                                                                                                                                                                                                                                                                                                                                                                                                                