[2022-07-25 03:02:53,870] {processor.py:153} INFO - Started process (PID=20977) to work on /home/hp/miniconda3/envs/airflow_env/lib/python3.8/site-packages/airflow/example_dags/tutorial_taskflow_api_etl.py
[2022-07-25 03:02:53,870] {processor.py:641} INFO - Processing file /home/hp/miniconda3/envs/airflow_env/lib/python3.8/site-packages/airflow/example_dags/tutorial_taskflow_api_etl.py for tasks to queue
[2022-07-25 03:02:53,871] {logging_mixin.py:115} INFO - [2022-07-25 03:02:53,871] {dagbag.py:508} INFO - Filling up the DagBag from /home/hp/miniconda3/envs/airflow_env/lib/python3.8/site-packages/airflow/example_dags/tutorial_taskflow_api_etl.py
[2022-07-25 03:02:53,882] {processor.py:651} INFO - DAG(s) dict_keys(['tutorial_taskflow_api_etl']) retrieved from /home/hp/miniconda3/envs/airflow_env/lib/python3.8/site-packages/airflow/example_dags/tutorial_taskflow_api_etl.py
[2022-07-25 03:02:53,908] {logging_mixin.py:115} INFO - [2022-07-25 03:02:53,907] {dag.py:2420} INFO - Sync 1 DAGs
[2022-07-25 03:02:53,917] {logging_mixin.py:115} INFO - [2022-07-25 03:02:53,917] {dag.py:2968} INFO - Setting next_dagrun for tutorial_taskflow_api_etl to None, run_after=None
[2022-07-25 03:02:53,939] {processor.py:161} INFO - Processing /home/hp/miniconda3/envs/airflow_env/lib/python3.8/site-packages/airflow/example_dags/tutorial_taskflow_api_etl.py took 0.071 seconds
[2022-07-25 03:07:33,265] {processor.py:153} INFO - Started process (PID=21499) to work on /home/hp/miniconda3/envs/airflow_env/lib/python3.8/site-packages/airflow/example_dags/tutorial_taskflow_api_etl.py
[2022-07-25 03:07:33,266] {processor.py:641} INFO - Processing file /home/hp/miniconda3/envs/airflow_env/lib/python3.8/site-packages/airflow/example_dags/tutorial_taskflow_api_etl.py for tasks to queue
[2022-07-25 03:07:33,266] {logging_mixin.py:115} INFO - [2022-07-25 03:07:33,266] {dagbag.py:508} INFO - Filling up the DagBag from /home/hp/miniconda3/envs/airflow_env/lib/python3.8/site-packages/airflow/example_dags/tutorial_taskflow_api_etl.py
[2022-07-25 03:07:33,282] {processor.py:651} INFO - DAG(s) dict_keys(['tutorial_taskflow_api_etl']) retrieved from /home/hp/miniconda3/envs/airflow_env/lib/python3.8/site-packages/airflow/example_dags/tutorial_taskflow_api_etl.py
[2022-07-25 03:07:33,306] {logging_mixin.py:115} INFO - [2022-07-25 03:07:33,305] {dag.py:2420} INFO - Sync 1 DAGs
[2022-07-25 03:07:33,313] {logging_mixin.py:115} INFO - [2022-07-25 03:07:33,313] {dag.py:2968} INFO - Setting next_dagrun for tutorial_taskflow_api_etl to None, run_after=None
[2022-07-25 03:07:33,323] {processor.py:161} INFO - Processing /home/hp/miniconda3/envs/airflow_env/lib/python3.8/site-packages/airflow/example_dags/tutorial_taskflow_api_etl.py took 0.063 seconds
[2022-07-25 03:12:59,909] {processor.py:153} INFO - Started process (PID=21985) to work on /home/hp/miniconda3/envs/airflow_env/lib/python3.8/site-packages/airflow/example_dags/tutorial_taskflow_api_etl.py
[2022-07-25 03:12:59,910] {processor.py:641} INFO - Processing file /home/hp/miniconda3/envs/airflow_env/lib/python3.8/site-packages/airflow/example_dags/tutorial_taskflow_api_etl.py for tasks to queue
[2022-07-25 03:12:59,911] {logging_mixin.py:115} INFO - [2022-07-25 03:12:59,911] {dagbag.py:508} INFO - Filling up the DagBag from /home/hp/miniconda3/envs/airflow_env/lib/python3.8/site-packages/airflow/example_dags/tutorial_taskflow_api_etl.py
[2022-07-25 03:12:59,925] {processor.py:651} INFO - DAG(s) dict_keys(['tutorial_taskflow_api_etl']) retrieved from /home/hp/miniconda3/envs/airflow_env/lib/python3.8/site-packages/airflow/example_dags/tutorial_taskflow_api_etl.py
[2022-07-25 03:12:59,948] {logging_mixin.py:115} INFO - [2022-07-25 03:12:59,948] {dag.py:2420} INFO - Sync 1 DAGs
[2022-07-25 03:12:59,957] {logging_mixin.py:115} INFO - [2022-07-25 03:12:59,957] {dag.py:2968} INFO - Setting next_dagrun for tutorial_taskflow_api_etl to None, run_after=None
[2022-07-25 03:12:59,967] {processor.py:161} INFO - Processing /home/hp/miniconda3/envs/airflow_env/lib/python3.8/site-packages/airflow/example_dags/tutorial_taskflow_api_etl.py took 0.062 seconds
[2022-07-25 03:23:09,668] {processor.py:153} INFO - Started process (PID=22583) to work on /home/hp/miniconda3/envs/airflow_env/lib/python3.8/site-packages/airflow/example_dags/tutorial_taskflow_api_etl.py
[2022-07-25 03:23:09,675] {processor.py:641} INFO - Processing file /home/hp/miniconda3/envs/airflow_env/lib/python3.8/site-packages/airflow/example_dags/tutorial_taskflow_api_etl.py for tasks to queue
[2022-07-25 03:23:09,675] {logging_mixin.py:115} INFO - [2022-07-25 03:23:09,675] {dagbag.py:508} INFO - Filling up the DagBag from /home/hp/miniconda3/envs/airflow_env/lib/python3.8/site-packages/airflow/example_dags/tutorial_taskflow_api_etl.py
[2022-07-25 03:23:09,716] {processor.py:651} INFO - DAG(s) dict_keys(['tutorial_taskflow_api_etl']) retrieved from /home/hp/miniconda3/envs/airflow_env/lib/python3.8/site-packages/airflow/example_dags/tutorial_taskflow_api_etl.py
[2022-07-25 03:23:09,784] {logging_mixin.py:115} INFO - [2022-07-25 03:23:09,783] {dag.py:2420} INFO - Sync 1 DAGs
[2022-07-25 03:23:09,803] {logging_mixin.py:115} INFO - [2022-07-25 03:23:09,802] {dag.py:2968} INFO - Setting next_dagrun for tutorial_taskflow_api_etl to None, run_after=None
[2022-07-25 03:23:09,821] {processor.py:161} INFO - Processing /home/hp/miniconda3/envs/airflow_env/lib/python3.8/site-packages/airflow/example_dags/tutorial_taskflow_api_etl.py took 0.156 seconds
[2022-07-25 03:28:32,497] {processor.py:153} INFO - Started process (PID=23078) to work on /home/hp/miniconda3/envs/airflow_env/lib/python3.8/site-packages/airflow/example_dags/tutorial_taskflow_api_etl.py
[2022-07-25 03:28:32,498] {processor.py:641} INFO - Processing file /home/hp/miniconda3/envs/airflow_env/lib/python3.8/site-packages/airflow/example_dags/tutorial_taskflow_api_etl.py for tasks to queue
[2022-07-25 03:28:32,498] {logging_mixin.py:115} INFO - [2022-07-25 03:28:32,498] {dagbag.py:508} INFO - Filling up the DagBag from /home/hp/miniconda3/envs/airflow_env/lib/python3.8/site-packages/airflow/example_dags/tutorial_taskflow_api_etl.py
[2022-07-25 03:28:32,513] {processor.py:651} INFO - DAG(s) dict_keys(['tutorial_taskflow_api_etl']) retrieved from /home/hp/miniconda3/envs/airflow_env/lib/python3.8/site-packages/airflow/example_dags/tutorial_taskflow_api_etl.py
[2022-07-25 03:28:32,537] {logging_mixin.py:115} INFO - [2022-07-25 03:28:32,537] {dag.py:2420} INFO - Sync 1 DAGs
[2022-07-25 03:28:32,545] {logging_mixin.py:115} INFO - [2022-07-25 03:28:32,545] {dag.py:2968} INFO - Setting next_dagrun for tutorial_taskflow_api_etl to None, run_after=None
[2022-07-25 03:28:32,555] {processor.py:161} INFO - Processing /home/hp/miniconda3/envs/airflow_env/lib/python3.8/site-packages/airflow/example_dags/tutorial_taskflow_api_etl.py took 0.063 seconds
[2022-07-25 03:30:43,318] {processor.py:153} INFO - Started process (PID=23551) to work on /home/hp/miniconda3/envs/airflow_env/lib/python3.8/site-packages/airflow/example_dags/tutorial_taskflow_api_etl.py
[2022-07-25 03:30:43,319] {processor.py:641} INFO - Processing file /home/hp/miniconda3/envs/airflow_env/lib/python3.8/site-packages/airflow/example_dags/tutorial_taskflow_api_etl.py for tasks to queue
[2022-07-25 03:30:43,320] {logging_mixin.py:115} INFO - [2022-07-25 03:30:43,320] {dagbag.py:508} INFO - Filling up the DagBag from /home/hp/miniconda3/envs/airflow_env/lib/python3.8/site-packages/airflow/example_dags/tutorial_taskflow_api_etl.py
[2022-07-25 03:30:43,334] {processor.py:651} INFO - DAG(s) dict_keys(['tutorial_taskflow_api_etl']) retrieved from /home/hp/miniconda3/envs/airflow_env/lib/python3.8/site-packages/airflow/example_dags/tutorial_taskflow_api_etl.py
[2022-07-25 03:30:43,358] {logging_mixin.py:115} INFO - [2022-07-25 03:30:43,358] {dag.py:2420} INFO - Sync 1 DAGs
[2022-07-25 03:30:43,366] {logging_mixin.py:115} INFO - [2022-07-25 03:30:43,366] {dag.py:2968} INFO - Setting next_dagrun for tutorial_taskflow_api_etl to None, run_after=None
[2022-07-25 03:30:43,377] {processor.py:161} INFO - Processing /home/hp/miniconda3/envs/airflow_env/lib/python3.8/site-packages/airflow/example_dags/tutorial_taskflow_api_etl.py took 0.063 seconds
[2022-07-25 03:34:01,806] {processor.py:153} INFO - Started process (PID=24044) to work on /home/hp/miniconda3/envs/airflow_env/lib/python3.8/site-packages/airflow/example_dags/tutorial_taskflow_api_etl.py
[2022-07-25 03:34:01,807] {processor.py:641} INFO - Processing file /home/hp/miniconda3/envs/airflow_env/lib/python3.8/site-packages/airflow/example_dags/tutorial_taskflow_api_etl.py for tasks to queue
[2022-07-25 03:34:01,808] {logging_mixin.py:115} INFO - [2022-07-25 03:34:01,808] {dagbag.py:508} INFO - Filling up the DagBag from /home/hp/miniconda3/envs/airflow_env/lib/python3.8/site-packages/airflow/example_dags/tutorial_taskflow_api_etl.py
[2022-07-25 03:34:01,822] {processor.py:651} INFO - DAG(s) dict_keys(['tutorial_taskflow_api_etl']) retrieved from /home/hp/miniconda3/envs/airflow_env/lib/python3.8/site-packages/airflow/example_dags/tutorial_taskflow_api_etl.py
[2022-07-25 03:34:01,846] {logging_mixin.py:115} INFO - [2022-07-25 03:34:01,846] {dag.py:2420} INFO - Sync 1 DAGs
[2022-07-25 03:34:01,854] {logging_mixin.py:115} INFO - [2022-07-25 03:34:01,854] {dag.py:2968} INFO - Setting next_dagrun for tutorial_taskflow_api_etl to None, run_after=None
[2022-07-25 03:34:01,864] {processor.py:161} INFO - Processing /home/hp/miniconda3/envs/airflow_env/lib/python3.8/site-packages/airflow/example_dags/tutorial_taskflow_api_etl.py took 0.063 seconds
[2022-07-25 03:39:27,091] {processor.py:153} INFO - Started process (PID=24456) to work on /home/hp/miniconda3/envs/airflow_env/lib/python3.8/site-packages/airflow/example_dags/tutorial_taskflow_api_etl.py
[2022-07-25 03:39:27,092] {processor.py:641} INFO - Processing file /home/hp/miniconda3/envs/airflow_env/lib/python3.8/site-packages/airflow/example_dags/tutorial_taskflow_api_etl.py for tasks to queue
[2022-07-25 03:39:27,093] {logging_mixin.py:115} INFO - [2022-07-25 03:39:27,093] {dagbag.py:508} INFO - Filling up the DagBag from /home/hp/miniconda3/envs/airflow_env/lib/python3.8/site-packages/airflow/example_dags/tutorial_taskflow_api_etl.py
[2022-07-25 03:39:27,106] {processor.py:651} INFO - DAG(s) dict_keys(['tutorial_taskflow_api_etl']) retrieved from /home/hp/miniconda3/envs/airflow_env/lib/python3.8/site-packages/airflow/example_dags/tutorial_taskflow_api_etl.py
[2022-07-25 03:39:27,130] {logging_mixin.py:115} INFO - [2022-07-25 03:39:27,130] {dag.py:2420} INFO - Sync 1 DAGs
[2022-07-25 03:39:27,138] {logging_mixin.py:115} INFO - [2022-07-25 03:39:27,138] {dag.py:2968} INFO - Setting next_dagrun for tutorial_taskflow_api_etl to None, run_after=None
[2022-07-25 03:39:27,148] {processor.py:161} INFO - Processing /home/hp/miniconda3/envs/airflow_env/lib/python3.8/site-packages/airflow/example_dags/tutorial_taskflow_api_etl.py took 0.062 seconds
[2022-07-25 03:49:37,117] {processor.py:153} INFO - Started process (PID=25040) to work on /home/hp/miniconda3/envs/airflow_env/lib/python3.8/site-packages/airflow/example_dags/tutorial_taskflow_api_etl.py
[2022-07-25 03:49:37,118] {processor.py:641} INFO - Processing file /home/hp/miniconda3/envs/airflow_env/lib/python3.8/site-packages/airflow/example_dags/tutorial_taskflow_api_etl.py for tasks to queue
[2022-07-25 03:49:37,118] {logging_mixin.py:115} INFO - [2022-07-25 03:49:37,118] {dagbag.py:508} INFO - Filling up the DagBag from /home/hp/miniconda3/envs/airflow_env/lib/python3.8/site-packages/airflow/example_dags/tutorial_taskflow_api_etl.py
[2022-07-25 03:49:37,139] {processor.py:651} INFO - DAG(s) dict_keys(['tutorial_taskflow_api_etl']) retrieved from /home/hp/miniconda3/envs/airflow_env/lib/python3.8/site-packages/airflow/example_dags/tutorial_taskflow_api_etl.py
[2022-07-25 03:49:37,188] {logging_mixin.py:115} INFO - [2022-07-25 03:49:37,188] {dag.py:2420} INFO - Sync 1 DAGs
[2022-07-25 03:49:37,206] {logging_mixin.py:115} INFO - [2022-07-25 03:49:37,205] {dag.py:2968} INFO - Setting next_dagrun for tutorial_taskflow_api_etl to None, run_after=None
[2022-07-25 03:49:37,222] {processor.py:161} INFO - Processing /home/hp/miniconda3/envs/airflow_env/lib/python3.8/site-packages/airflow/example_dags/tutorial_taskflow_api_etl.py took 0.107 seconds
[2022-07-25 03:55:00,833] {processor.py:153} INFO - Started process (PID=25446) to work on /home/hp/miniconda3/envs/airflow_env/lib/python3.8/site-packages/airflow/example_dags/tutorial_taskflow_api_etl.py
[2022-07-25 03:55:00,834] {processor.py:641} INFO - Processing file /home/hp/miniconda3/envs/airflow_env/lib/python3.8/site-packages/airflow/example_dags/tutorial_taskflow_api_etl.py for tasks to queue
[2022-07-25 03:55:00,835] {logging_mixin.py:115} INFO - [2022-07-25 03:55:00,834] {dagbag.py:508} INFO - Filling up the DagBag from /home/hp/miniconda3/envs/airflow_env/lib/python3.8/site-packages/airflow/example_dags/tutorial_taskflow_api_etl.py
[2022-07-25 03:55:00,852] {processor.py:651} INFO - DAG(s) dict_keys(['tutorial_taskflow_api_etl']) retrieved from /home/hp/miniconda3/envs/airflow_env/lib/python3.8/site-packages/airflow/example_dags/tutorial_taskflow_api_etl.py
[2022-07-25 03:55:00,877] {logging_mixin.py:115} INFO - [2022-07-25 03:55:00,877] {dag.py:2420} INFO - Sync 1 DAGs
[2022-07-25 03:55:00,885] {logging_mixin.py:115} INFO - [2022-07-25 03:55:00,885] {dag.py:2968} INFO - Setting next_dagrun for tutorial_taskflow_api_etl to None, run_after=None
[2022-07-25 03:55:00,895] {processor.py:161} INFO - Processing /home/hp/miniconda3/envs/airflow_env/lib/python3.8/site-packages/airflow/example_dags/tutorial_taskflow_api_etl.py took 0.066 seconds
[2022-07-25 04:00:23,190] {processor.py:153} INFO - Started process (PID=25744) to work on /home/hp/miniconda3/envs/airflow_env/lib/python3.8/site-packages/airflow/example_dags/tutorial_taskflow_api_etl.py
[2022-07-25 04:00:23,191] {processor.py:641} INFO - Processing file /home/hp/miniconda3/envs/airflow_env/lib/python3.8/site-packages/airflow/example_dags/tutorial_taskflow_api_etl.py for tasks to queue
[2022-07-25 04:00:23,192] {logging_mixin.py:115} INFO - [2022-07-25 04:00:23,191] {dagbag.py:508} INFO - Filling up the DagBag from /home/hp/miniconda3/envs/airflow_env/lib/python3.8/site-packages/airflow/example_dags/tutorial_taskflow_api_etl.py
[2022-07-25 04:00:23,207] {processor.py:651} INFO - DAG(s) dict_keys(['tutorial_taskflow_api_etl']) retrieved from /home/hp/miniconda3/envs/airflow_env/lib/python3.8/site-packages/airflow/example_dags/tutorial_taskflow_api_etl.py
[2022-07-25 04:00:23,230] {logging_mixin.py:115} INFO - [2022-07-25 04:00:23,230] {dag.py:2420} INFO - Sync 1 DAGs
[2022-07-25 04:00:23,238] {logging_mixin.py:115} INFO - [2022-07-25 04:00:23,238] {dag.py:2968} INFO - Setting next_dagrun for tutorial_taskflow_api_etl to None, run_after=None
[2022-07-25 04:00:23,249] {processor.py:161} INFO - Processing /home/hp/miniconda3/envs/airflow_env/lib/python3.8/site-packages/airflow/example_dags/tutorial_taskflow_api_etl.py took 0.062 seconds
[2022-07-25 04:01:02,762] {processor.py:153} INFO - Started process (PID=26014) to work on /home/hp/miniconda3/envs/airflow_env/lib/python3.8/site-packages/airflow/example_dags/tutorial_taskflow_api_etl.py
[2022-07-25 04:01:02,763] {processor.py:641} INFO - Processing file /home/hp/miniconda3/envs/airflow_env/lib/python3.8/site-packages/airflow/example_dags/tutorial_taskflow_api_etl.py for tasks to queue
[2022-07-25 04:01:02,764] {logging_mixin.py:115} INFO - [2022-07-25 04:01:02,763] {dagbag.py:508} INFO - Filling up the DagBag from /home/hp/miniconda3/envs/airflow_env/lib/python3.8/site-packages/airflow/example_dags/tutorial_taskflow_api_etl.py
[2022-07-25 04:01:02,778] {processor.py:651} INFO - DAG(s) dict_keys(['tutorial_taskflow_api_etl']) retrieved from /home/hp/miniconda3/envs/airflow_env/lib/python3.8/site-packages/airflow/example_dags/tutorial_taskflow_api_etl.py
[2022-07-25 04:01:02,788] {logging_mixin.py:115} INFO - [2022-07-25 04:01:02,787] {dag.py:2420} INFO - Sync 1 DAGs
[2022-07-25 04:01:02,798] {logging_mixin.py:115} INFO - [2022-07-25 04:01:02,797] {dag.py:2968} INFO - Setting next_dagrun for tutorial_taskflow_api_etl to None, run_after=None
[2022-07-25 04:01:02,810] {processor.py:161} INFO - Processing /home/hp/miniconda3/envs/airflow_env/lib/python3.8/site-packages/airflow/example_dags/tutorial_taskflow_api_etl.py took 0.052 seconds
[2022-07-25 04:02:18,969] {processor.py:153} INFO - Started process (PID=26473) to work on /home/hp/miniconda3/envs/airflow_env/lib/python3.8/site-packages/airflow/example_dags/tutorial_taskflow_api_etl.py
[2022-07-25 04:02:18,971] {processor.py:641} INFO - Processing file /home/hp/miniconda3/envs/airflow_env/lib/python3.8/site-packages/airflow/example_dags/tutorial_taskflow_api_etl.py for tasks to queue
[2022-07-25 04:02:18,971] {logging_mixin.py:115} INFO - [2022-07-25 04:02:18,971] {dagbag.py:508} INFO - Filling up the DagBag from /home/hp/miniconda3/envs/airflow_env/lib/python3.8/site-packages/airflow/example_dags/tutorial_taskflow_api_etl.py
[2022-07-25 04:02:18,988] {processor.py:651} INFO - DAG(s) dict_keys(['tutorial_taskflow_api_etl']) retrieved from /home/hp/miniconda3/envs/airflow_env/lib/python3.8/site-packages/airflow/example_dags/tutorial_taskflow_api_etl.py
[2022-07-25 04:02:18,996] {logging_mixin.py:115} INFO - [2022-07-25 04:02:18,996] {dag.py:2420} INFO - Sync 1 DAGs
[2022-07-25 04:02:19,006] {logging_mixin.py:115} INFO - [2022-07-25 04:02:19,006] {dag.py:2968} INFO - Setting next_dagrun for tutorial_taskflow_api_etl to None, run_after=None
[2022-07-25 04:02:19,015] {processor.py:161} INFO - Processing /home/hp/miniconda3/envs/airflow_env/lib/python3.8/site-packages/airflow/example_dags/tutorial_taskflow_api_etl.py took 0.050 seconds
[2022-07-25 04:05:46,901] {processor.py:153} INFO - Started process (PID=26784) to work on /home/hp/miniconda3/envs/airflow_env/lib/python3.8/site-packages/airflow/example_dags/tutorial_taskflow_api_etl.py
[2022-07-25 04:05:46,902] {processor.py:641} INFO - Processing file /home/hp/miniconda3/envs/airflow_env/lib/python3.8/site-packages/airflow/example_dags/tutorial_taskflow_api_etl.py for tasks to queue
[2022-07-25 04:05:46,902] {logging_mixin.py:115} INFO - [2022-07-25 04:05:46,902] {dagbag.py:508} INFO - Filling up the DagBag from /home/hp/miniconda3/envs/airflow_env/lib/python3.8/site-packages/airflow/example_dags/tutorial_taskflow_api_etl.py
[2022-07-25 04:05:46,913] {processor.py:651} INFO - DAG(s) dict_keys(['tutorial_taskflow_api_etl']) retrieved from /home/hp/miniconda3/envs/airflow_env/lib/python3.8/site-packages/airflow/example_dags/tutorial_taskflow_api_etl.py
[2022-07-25 04:05:46,936] {logging_mixin.py:115} INFO - [2022-07-25 04:05:46,936] {dag.py:2420} INFO - Sync 1 DAGs
[2022-07-25 04:05:46,946] {logging_mixin.py:115} INFO - [2022-07-25 04:05:46,946] {dag.py:2968} INFO - Setting next_dagrun for tutorial_taskflow_api_etl to None, run_after=None
[2022-07-25 04:05:47,021] {processor.py:161} INFO - Processing /home/hp/miniconda3/envs/airflow_env/lib/python3.8/site-packages/airflow/example_dags/tutorial_taskflow_api_etl.py took 0.123 seconds
[2022-07-25 04:11:11,788] {processor.py:153} INFO - Started process (PID=27066) to work on /home/hp/miniconda3/envs/airflow_env/lib/python3.8/site-packages/airflow/example_dags/tutorial_taskflow_api_etl.py
[2022-07-25 04:11:11,789] {processor.py:641} INFO - Processing file /home/hp/miniconda3/envs/airflow_env/lib/python3.8/site-packages/airflow/example_dags/tutorial_taskflow_api_etl.py for tasks to queue
[2022-07-25 04:11:11,790] {logging_mixin.py:115} INFO - [2022-07-25 04:11:11,790] {dagbag.py:508} INFO - Filling up the DagBag from /home/hp/miniconda3/envs/airflow_env/lib/python3.8/site-packages/airflow/example_dags/tutorial_taskflow_api_etl.py
[2022-07-25 04:11:11,805] {processor.py:651} INFO - DAG(s) dict_keys(['tutorial_taskflow_api_etl']) retrieved from /home/hp/miniconda3/envs/airflow_env/lib/python3.8/site-packages/airflow/example_dags/tutorial_taskflow_api_etl.py
[2022-07-25 04:11:11,829] {logging_mixin.py:115} INFO - [2022-07-25 04:11:11,829] {dag.py:2420} INFO - Sync 1 DAGs
[2022-07-25 04:11:11,838] {logging_mixin.py:115} INFO - [2022-07-25 04:11:11,838] {dag.py:2968} INFO - Setting next_dagrun for tutorial_taskflow_api_etl to None, run_after=None
[2022-07-25 04:11:11,916] {processor.py:161} INFO - Processing /home/hp/miniconda3/envs/airflow_env/lib/python3.8/site-packages/airflow/example_dags/tutorial_taskflow_api_etl.py took 0.132 seconds
[2022-07-25 04:21:23,143] {processor.py:153} INFO - Started process (PID=27518) to work on /home/hp/miniconda3/envs/airflow_env/lib/python3.8/site-packages/airflow/example_dags/tutorial_taskflow_api_etl.py
[2022-07-25 04:21:23,144] {processor.py:641} INFO - Processing file /home/hp/miniconda3/envs/airflow_env/lib/python3.8/site-packages/airflow/example_dags/tutorial_taskflow_api_etl.py for tasks to queue
[2022-07-25 04:21:23,144] {logging_mixin.py:115} INFO - [2022-07-25 04:21:23,144] {dagbag.py:508} INFO - Filling up the DagBag from /home/hp/miniconda3/envs/airflow_env/lib/python3.8/site-packages/airflow/example_dags/tutorial_taskflow_api_etl.py
[2022-07-25 04:21:23,162] {processor.py:651} INFO - DAG(s) dict_keys(['tutorial_taskflow_api_etl']) retrieved from /home/hp/miniconda3/envs/airflow_env/lib/python3.8/site-packages/airflow/example_dags/tutorial_taskflow_api_etl.py
[2022-07-25 04:21:23,208] {logging_mixin.py:115} INFO - [2022-07-25 04:21:23,208] {dag.py:2420} INFO - Sync 1 DAGs
[2022-07-25 04:21:23,339] {logging_mixin.py:115} INFO - [2022-07-25 04:21:23,339] {dag.py:2968} INFO - Setting next_dagrun for tutorial_taskflow_api_etl to None, run_after=None
[2022-07-25 04:21:23,356] {processor.py:161} INFO - Processing /home/hp/miniconda3/envs/airflow_env/lib/python3.8/site-packages/airflow/example_dags/tutorial_taskflow_api_etl.py took 0.216 seconds
[2022-07-25 04:26:46,719] {processor.py:153} INFO - Started process (PID=27850) to work on /home/hp/miniconda3/envs/airflow_env/lib/python3.8/site-packages/airflow/example_dags/tutorial_taskflow_api_etl.py
[2022-07-25 04:26:46,720] {processor.py:641} INFO - Processing file /home/hp/miniconda3/envs/airflow_env/lib/python3.8/site-packages/airflow/example_dags/tutorial_taskflow_api_etl.py for tasks to queue
[2022-07-25 04:26:46,721] {logging_mixin.py:115} INFO - [2022-07-25 04:26:46,721] {dagbag.py:508} INFO - Filling up the DagBag from /home/hp/miniconda3/envs/airflow_env/lib/python3.8/site-packages/airflow/example_dags/tutorial_taskflow_api_etl.py
[2022-07-25 04:26:46,735] {processor.py:651} INFO - DAG(s) dict_keys(['tutorial_taskflow_api_etl']) retrieved from /home/hp/miniconda3/envs/airflow_env/lib/python3.8/site-packages/airflow/example_dags/tutorial_taskflow_api_etl.py
[2022-07-25 04:26:46,761] {logging_mixin.py:115} INFO - [2022-07-25 04:26:46,761] {dag.py:2420} INFO - Sync 1 DAGs
[2022-07-25 04:26:46,837] {logging_mixin.py:115} INFO - [2022-07-25 04:26:46,837] {dag.py:2968} INFO - Setting next_dagrun for tutorial_taskflow_api_etl to None, run_after=None
[2022-07-25 04:26:46,847] {processor.py:161} INFO - Processing /home/hp/miniconda3/envs/airflow_env/lib/python3.8/site-packages/airflow/example_dags/tutorial_taskflow_api_etl.py took 0.132 seconds
[2022-07-25 04:32:08,975] {processor.py:153} INFO - Started process (PID=28122) to work on /home/hp/miniconda3/envs/airflow_env/lib/python3.8/site-packages/airflow/example_dags/tutorial_taskflow_api_etl.py
[2022-07-25 04:32:08,976] {processor.py:641} INFO - Processing file /home/hp/miniconda3/envs/airflow_env/lib/python3.8/site-packages/airflow/example_dags/tutorial_taskflow_api_etl.py for tasks to queue
[2022-07-25 04:32:08,977] {logging_mixin.py:115} INFO - [2022-07-25 04:32:08,977] {dagbag.py:508} INFO - Filling up the DagBag from /home/hp/miniconda3/envs/airflow_env/lib/python3.8/site-packages/airflow/example_dags/tutorial_taskflow_api_etl.py
[2022-07-25 04:32:08,993] {processor.py:651} INFO - DAG(s) dict_keys(['tutorial_taskflow_api_etl']) retrieved from /home/hp/miniconda3/envs/airflow_env/lib/python3.8/site-packages/airflow/example_dags/tutorial_taskflow_api_etl.py
[2022-07-25 04:32:09,016] {logging_mixin.py:115} INFO - [2022-07-25 04:32:09,016] {dag.py:2420} INFO - Sync 1 DAGs
[2022-07-25 04:32:09,089] {logging_mixin.py:115} INFO - [2022-07-25 04:32:09,089] {dag.py:2968} INFO - Setting next_dagrun for tutorial_taskflow_api_etl to None, run_after=None
[2022-07-25 04:32:09,100] {processor.py:161} INFO - Processing /home/hp/miniconda3/envs/airflow_env/lib/python3.8/site-packages/airflow/example_dags/tutorial_taskflow_api_etl.py took 0.129 seconds
[2022-07-25 04:37:32,896] {processor.py:153} INFO - Started process (PID=28421) to work on /home/hp/miniconda3/envs/airflow_env/lib/python3.8/site-packages/airflow/example_dags/tutorial_taskflow_api_etl.py
[2022-07-25 04:37:32,897] {processor.py:641} INFO - Processing file /home/hp/miniconda3/envs/airflow_env/lib/python3.8/site-packages/airflow/example_dags/tutorial_taskflow_api_etl.py for tasks to queue
[2022-07-25 04:37:32,898] {logging_mixin.py:115} INFO - [2022-07-25 04:37:32,897] {dagbag.py:508} INFO - Filling up the DagBag from /home/hp/miniconda3/envs/airflow_env/lib/python3.8/site-packages/airflow/example_dags/tutorial_taskflow_api_etl.py
[2022-07-25 04:37:32,912] {processor.py:651} INFO - DAG(s) dict_keys(['tutorial_taskflow_api_etl']) retrieved from /home/hp/miniconda3/envs/airflow_env/lib/python3.8/site-packages/airflow/example_dags/tutorial_taskflow_api_etl.py
[2022-07-25 04:37:32,937] {logging_mixin.py:115} INFO - [2022-07-25 04:37:32,937] {dag.py:2420} INFO - Sync 1 DAGs
[2022-07-25 04:37:33,009] {logging_mixin.py:115} INFO - [2022-07-25 04:37:33,009] {dag.py:2968} INFO - Setting next_dagrun for tutorial_taskflow_api_etl to None, run_after=None
[2022-07-25 04:37:33,019] {processor.py:161} INFO - Processing /home/hp/miniconda3/envs/airflow_env/lib/python3.8/site-packages/airflow/example_dags/tutorial_taskflow_api_etl.py took 0.127 seconds
[2022-07-25 10:58:09,684] {processor.py:153} INFO - Started process (PID=56932) to work on /home/hp/miniconda3/envs/airflow_env/lib/python3.8/site-packages/airflow/example_dags/tutorial_taskflow_api_etl.py
[2022-07-25 10:58:09,686] {processor.py:641} INFO - Processing file /home/hp/miniconda3/envs/airflow_env/lib/python3.8/site-packages/airflow/example_dags/tutorial_taskflow_api_etl.py for tasks to queue
[2022-07-25 10:58:09,686] {logging_mixin.py:115} INFO - [2022-07-25 10:58:09,686] {dagbag.py:508} INFO - Filling up the DagBag from /home/hp/miniconda3/envs/airflow_env/lib/python3.8/site-packages/airflow/example_dags/tutorial_taskflow_api_etl.py
[2022-07-25 10:58:09,702] {processor.py:651} INFO - DAG(s) dict_keys(['tutorial_taskflow_api_etl']) retrieved from /home/hp/miniconda3/envs/airflow_env/lib/python3.8/site-packages/airflow/example_dags/tutorial_taskflow_api_etl.py
[2022-07-25 10:58:09,722] {logging_mixin.py:115} INFO - [2022-07-25 10:58:09,722] {dag.py:2420} INFO - Sync 1 DAGs
[2022-07-25 10:58:09,729] {logging_mixin.py:115} INFO - [2022-07-25 10:58:09,729] {dag.py:2968} INFO - Setting next_dagrun for tutorial_taskflow_api_etl to None, run_after=None
[2022-07-25 10:58:09,737] {processor.py:161} INFO - Processing /home/hp/miniconda3/envs/airflow_env/lib/python3.8/site-packages/airflow/example_dags/tutorial_taskflow_api_etl.py took 0.054 seconds
[2022-07-25 10:58:43,093] {processor.py:153} INFO - Started process (PID=57395) to work on /home/hp/miniconda3/envs/airflow_env/lib/python3.8/site-packages/airflow/example_dags/tutorial_taskflow_api_etl.py
[2022-07-25 10:58:43,094] {processor.py:641} INFO - Processing file /home/hp/miniconda3/envs/airflow_env/lib/python3.8/site-packages/airflow/example_dags/tutorial_taskflow_api_etl.py for tasks to queue
[2022-07-25 10:58:43,094] {logging_mixin.py:115} INFO - [2022-07-25 10:58:43,094] {dagbag.py:508} INFO - Filling up the DagBag from /home/hp/miniconda3/envs/airflow_env/lib/python3.8/site-packages/airflow/example_dags/tutorial_taskflow_api_etl.py
[2022-07-25 10:58:43,102] {processor.py:651} INFO - DAG(s) dict_keys(['tutorial_taskflow_api_etl']) retrieved from /home/hp/miniconda3/envs/airflow_env/lib/python3.8/site-packages/airflow/example_dags/tutorial_taskflow_api_etl.py
[2022-07-25 10:58:43,124] {logging_mixin.py:115} INFO - [2022-07-25 10:58:43,124] {dag.py:2420} INFO - Sync 1 DAGs
[2022-07-25 10:58:43,131] {logging_mixin.py:115} INFO - [2022-07-25 10:58:43,131] {dag.py:2968} INFO - Setting next_dagrun for tutorial_taskflow_api_etl to None, run_after=None
[2022-07-25 10:58:43,140] {processor.py:161} INFO - Processing /home/hp/miniconda3/envs/airflow_env/lib/python3.8/site-packages/airflow/example_dags/tutorial_taskflow_api_etl.py took 0.049 seconds
[2022-07-25 10:59:20,210] {processor.py:153} INFO - Started process (PID=57704) to work on /home/hp/miniconda3/envs/airflow_env/lib/python3.8/site-packages/airflow/example_dags/tutorial_taskflow_api_etl.py
[2022-07-25 10:59:20,211] {processor.py:641} INFO - Processing file /home/hp/miniconda3/envs/airflow_env/lib/python3.8/site-packages/airflow/example_dags/tutorial_taskflow_api_etl.py for tasks to queue
[2022-07-25 10:59:20,211] {logging_mixin.py:115} INFO - [2022-07-25 10:59:20,211] {dagbag.py:508} INFO - Filling up the DagBag from /home/hp/miniconda3/envs/airflow_env/lib/python3.8/site-packages/airflow/example_dags/tutorial_taskflow_api_etl.py
[2022-07-25 10:59:20,224] {processor.py:651} INFO - DAG(s) dict_keys(['tutorial_taskflow_api_etl']) retrieved from /home/hp/miniconda3/envs/airflow_env/lib/python3.8/site-packages/airflow/example_dags/tutorial_taskflow_api_etl.py
[2022-07-25 10:59:20,245] {logging_mixin.py:115} INFO - [2022-07-25 10:59:20,245] {dag.py:2420} INFO - Sync 1 DAGs
[2022-07-25 10:59:20,252] {logging_mixin.py:115} INFO - [2022-07-25 10:59:20,252] {dag.py:2968} INFO - Setting next_dagrun for tutorial_taskflow_api_etl to None, run_after=None
[2022-07-25 10:59:20,260] {processor.py:161} INFO - Processing /home/hp/miniconda3/envs/airflow_env/lib/python3.8/site-packages/airflow/example_dags/tutorial_taskflow_api_etl.py took 0.053 seconds
[2022-07-25 10:59:53,068] {processor.py:153} INFO - Started process (PID=57961) to work on /home/hp/miniconda3/envs/airflow_env/lib/python3.8/site-packages/airflow/example_dags/tutorial_taskflow_api_etl.py
[2022-07-25 10:59:53,069] {processor.py:641} INFO - Processing file /home/hp/miniconda3/envs/airflow_env/lib/python3.8/site-packages/airflow/example_dags/tutorial_taskflow_api_etl.py for tasks to queue
[2022-07-25 10:59:53,069] {logging_mixin.py:115} INFO - [2022-07-25 10:59:53,069] {dagbag.py:508} INFO - Filling up the DagBag from /home/hp/miniconda3/envs/airflow_env/lib/python3.8/site-packages/airflow/example_dags/tutorial_taskflow_api_etl.py
[2022-07-25 10:59:53,077] {processor.py:651} INFO - DAG(s) dict_keys(['tutorial_taskflow_api_etl']) retrieved from /home/hp/miniconda3/envs/airflow_env/lib/python3.8/site-packages/airflow/example_dags/tutorial_taskflow_api_etl.py
[2022-07-25 10:59:53,084] {logging_mixin.py:115} INFO - [2022-07-25 10:59:53,084] {dag.py:2420} INFO - Sync 1 DAGs
[2022-07-25 10:59:53,093] {logging_mixin.py:115} INFO - [2022-07-25 10:59:53,093] {dag.py:2968} INFO - Setting next_dagrun for tutorial_taskflow_api_etl to None, run_after=None
[2022-07-25 10:59:53,102] {processor.py:161} INFO - Processing /home/hp/miniconda3/envs/airflow_env/lib/python3.8/site-packages/airflow/example_dags/tutorial_taskflow_api_etl.py took 0.036 seconds
[2022-07-25 11:00:27,733] {processor.py:153} INFO - Started process (PID=59527) to work on /home/hp/miniconda3/envs/airflow_env/lib/python3.8/site-packages/airflow/example_dags/tutorial_taskflow_api_etl.py
[2022-07-25 11:00:27,734] {processor.py:641} INFO - Processing file /home/hp/miniconda3/envs/airflow_env/lib/python3.8/site-packages/airflow/example_dags/tutorial_taskflow_api_etl.py for tasks to queue
[2022-07-25 11:00:27,734] {logging_mixin.py:115} INFO - [2022-07-25 11:00:27,734] {dagbag.py:508} INFO - Filling up the DagBag from /home/hp/miniconda3/envs/airflow_env/lib/python3.8/site-packages/airflow/example_dags/tutorial_taskflow_api_etl.py
[2022-07-25 11:00:27,745] {processor.py:651} INFO - DAG(s) dict_keys(['tutorial_taskflow_api_etl']) retrieved from /home/hp/miniconda3/envs/airflow_env/lib/python3.8/site-packages/airflow/example_dags/tutorial_taskflow_api_etl.py
[2022-07-25 11:00:27,764] {logging_mixin.py:115} INFO - [2022-07-25 11:00:27,764] {dag.py:2420} INFO - Sync 1 DAGs
[2022-07-25 11:00:27,771] {logging_mixin.py:115} INFO - [2022-07-25 11:00:27,771] {dag.py:2968} INFO - Setting next_dagrun for tutorial_taskflow_api_etl to None, run_after=None
[2022-07-25 11:00:27,781] {processor.py:161} INFO - Processing /home/hp/miniconda3/envs/airflow_env/lib/python3.8/site-packages/airflow/example_dags/tutorial_taskflow_api_etl.py took 0.051 seconds
[2022-07-25 11:01:03,025] {processor.py:153} INFO - Started process (PID=59764) to work on /home/hp/miniconda3/envs/airflow_env/lib/python3.8/site-packages/airflow/example_dags/tutorial_taskflow_api_etl.py
[2022-07-25 11:01:03,026] {processor.py:641} INFO - Processing file /home/hp/miniconda3/envs/airflow_env/lib/python3.8/site-packages/airflow/example_dags/tutorial_taskflow_api_etl.py for tasks to queue
[2022-07-25 11:01:03,027] {logging_mixin.py:115} INFO - [2022-07-25 11:01:03,027] {dagbag.py:508} INFO - Filling up the DagBag from /home/hp/miniconda3/envs/airflow_env/lib/python3.8/site-packages/airflow/example_dags/tutorial_taskflow_api_etl.py
[2022-07-25 11:01:03,040] {processor.py:651} INFO - DAG(s) dict_keys(['tutorial_taskflow_api_etl']) retrieved from /home/hp/miniconda3/envs/airflow_env/lib/python3.8/site-packages/airflow/example_dags/tutorial_taskflow_api_etl.py
[2022-07-25 11:01:03,047] {logging_mixin.py:115} INFO - [2022-07-25 11:01:03,047] {dag.py:2420} INFO - Sync 1 DAGs
[2022-07-25 11:01:03,056] {logging_mixin.py:115} INFO - [2022-07-25 11:01:03,056] {dag.py:2968} INFO - Setting next_dagrun for tutorial_taskflow_api_etl to None, run_after=None
[2022-07-25 11:01:03,064] {processor.py:161} INFO - Processing /home/hp/miniconda3/envs/airflow_env/lib/python3.8/site-packages/airflow/example_dags/tutorial_taskflow_api_etl.py took 0.043 seconds
[2022-07-25 11:01:37,899] {processor.py:153} INFO - Started process (PID=59924) to work on /home/hp/miniconda3/envs/airflow_env/lib/python3.8/site-packages/airflow/example_dags/tutorial_taskflow_api_etl.py
[2022-07-25 11:01:37,899] {processor.py:641} INFO - Processing file /home/hp/miniconda3/envs/airflow_env/lib/python3.8/site-packages/airflow/example_dags/tutorial_taskflow_api_etl.py for tasks to queue
[2022-07-25 11:01:37,900] {logging_mixin.py:115} INFO - [2022-07-25 11:01:37,899] {dagbag.py:508} INFO - Filling up the DagBag from /home/hp/miniconda3/envs/airflow_env/lib/python3.8/site-packages/airflow/example_dags/tutorial_taskflow_api_etl.py
[2022-07-25 11:01:37,912] {processor.py:651} INFO - DAG(s) dict_keys(['tutorial_taskflow_api_etl']) retrieved from /home/hp/miniconda3/envs/airflow_env/lib/python3.8/site-packages/airflow/example_dags/tutorial_taskflow_api_etl.py
[2022-07-25 11:01:37,931] {logging_mixin.py:115} INFO - [2022-07-25 11:01:37,931] {dag.py:2420} INFO - Sync 1 DAGs
[2022-07-25 11:01:37,938] {logging_mixin.py:115} INFO - [2022-07-25 11:01:37,938] {dag.py:2968} INFO - Setting next_dagrun for tutorial_taskflow_api_etl to None, run_after=None
[2022-07-25 11:01:37,947] {processor.py:161} INFO - Processing /home/hp/miniconda3/envs/airflow_env/lib/python3.8/site-packages/airflow/example_dags/tutorial_taskflow_api_etl.py took 0.051 seconds
[2022-07-25 11:02:14,770] {processor.py:153} INFO - Started process (PID=60135) to work on /home/hp/miniconda3/envs/airflow_env/lib/python3.8/site-packages/airflow/example_dags/tutorial_taskflow_api_etl.py
[2022-07-25 11:02:14,771] {processor.py:641} INFO - Processing file /home/hp/miniconda3/envs/airflow_env/lib/python3.8/site-packages/airflow/example_dags/tutorial_taskflow_api_etl.py for tasks to queue
[2022-07-25 11:02:14,771] {logging_mixin.py:115} INFO - [2022-07-25 11:02:14,771] {dagbag.py:508} INFO - Filling up the DagBag from /home/hp/miniconda3/envs/airflow_env/lib/python3.8/site-packages/airflow/example_dags/tutorial_taskflow_api_etl.py
[2022-07-25 11:02:14,785] {processor.py:651} INFO - DAG(s) dict_keys(['tutorial_taskflow_api_etl']) retrieved from /home/hp/miniconda3/envs/airflow_env/lib/python3.8/site-packages/airflow/example_dags/tutorial_taskflow_api_etl.py
[2022-07-25 11:02:14,805] {logging_mixin.py:115} INFO - [2022-07-25 11:02:14,805] {dag.py:2420} INFO - Sync 1 DAGs
[2022-07-25 11:02:14,811] {logging_mixin.py:115} INFO - [2022-07-25 11:02:14,811] {dag.py:2968} INFO - Setting next_dagrun for tutorial_taskflow_api_etl to None, run_after=None
[2022-07-25 11:02:14,820] {processor.py:161} INFO - Processing /home/hp/miniconda3/envs/airflow_env/lib/python3.8/site-packages/airflow/example_dags/tutorial_taskflow_api_etl.py took 0.054 seconds
[2022-07-25 11:02:49,574] {processor.py:153} INFO - Started process (PID=61493) to work on /home/hp/miniconda3/envs/airflow_env/lib/python3.8/site-packages/airflow/example_dags/tutorial_taskflow_api_etl.py
[2022-07-25 11:02:49,575] {processor.py:641} INFO - Processing file /home/hp/miniconda3/envs/airflow_env/lib/python3.8/site-packages/airflow/example_dags/tutorial_taskflow_api_etl.py for tasks to queue
[2022-07-25 11:02:49,576] {logging_mixin.py:115} INFO - [2022-07-25 11:02:49,576] {dagbag.py:508} INFO - Filling up the DagBag from /home/hp/miniconda3/envs/airflow_env/lib/python3.8/site-packages/airflow/example_dags/tutorial_taskflow_api_etl.py
[2022-07-25 11:02:49,589] {processor.py:651} INFO - DAG(s) dict_keys(['tutorial_taskflow_api_etl']) retrieved from /home/hp/miniconda3/envs/airflow_env/lib/python3.8/site-packages/airflow/example_dags/tutorial_taskflow_api_etl.py
[2022-07-25 11:02:49,608] {logging_mixin.py:115} INFO - [2022-07-25 11:02:49,608] {dag.py:2420} INFO - Sync 1 DAGs
[2022-07-25 11:02:49,615] {logging_mixin.py:115} INFO - [2022-07-25 11:02:49,615] {dag.py:2968} INFO - Setting next_dagrun for tutorial_taskflow_api_etl to None, run_after=None
[2022-07-25 11:02:49,624] {processor.py:161} INFO - Processing /home/hp/miniconda3/envs/airflow_env/lib/python3.8/site-packages/airflow/example_dags/tutorial_taskflow_api_etl.py took 0.053 seconds
[2022-07-25 11:03:25,506] {processor.py:153} INFO - Started process (PID=61742) to work on /home/hp/miniconda3/envs/airflow_env/lib/python3.8/site-packages/airflow/example_dags/tutorial_taskflow_api_etl.py
[2022-07-25 11:03:25,507] {processor.py:641} INFO - Processing file /home/hp/miniconda3/envs/airflow_env/lib/python3.8/site-packages/airflow/example_dags/tutorial_taskflow_api_etl.py for tasks to queue
[2022-07-25 11:03:25,508] {logging_mixin.py:115} INFO - [2022-07-25 11:03:25,507] {dagbag.py:508} INFO - Filling up the DagBag from /home/hp/miniconda3/envs/airflow_env/lib/python3.8/site-packages/airflow/example_dags/tutorial_taskflow_api_etl.py
[2022-07-25 11:03:25,524] {processor.py:651} INFO - DAG(s) dict_keys(['tutorial_taskflow_api_etl']) retrieved from /home/hp/miniconda3/envs/airflow_env/lib/python3.8/site-packages/airflow/example_dags/tutorial_taskflow_api_etl.py
[2022-07-25 11:03:25,543] {logging_mixin.py:115} INFO - [2022-07-25 11:03:25,543] {dag.py:2420} INFO - Sync 1 DAGs
[2022-07-25 11:03:25,550] {logging_mixin.py:115} INFO - [2022-07-25 11:03:25,550] {dag.py:2968} INFO - Setting next_dagrun for tutorial_taskflow_api_etl to None, run_after=None
[2022-07-25 11:03:25,559] {processor.py:161} INFO - Processing /home/hp/miniconda3/envs/airflow_env/lib/python3.8/site-packages/airflow/example_dags/tutorial_taskflow_api_etl.py took 0.057 seconds
[2022-07-25 11:04:02,038] {processor.py:153} INFO - Started process (PID=62026) to work on /home/hp/miniconda3/envs/airflow_env/lib/python3.8/site-packages/airflow/example_dags/tutorial_taskflow_api_etl.py
[2022-07-25 11:04:02,040] {processor.py:641} INFO - Processing file /home/hp/miniconda3/envs/airflow_env/lib/python3.8/site-packages/airflow/example_dags/tutorial_taskflow_api_etl.py for tasks to queue
[2022-07-25 11:04:02,040] {logging_mixin.py:115} INFO - [2022-07-25 11:04:02,040] {dagbag.py:508} INFO - Filling up the DagBag from /home/hp/miniconda3/envs/airflow_env/lib/python3.8/site-packages/airflow/example_dags/tutorial_taskflow_api_etl.py
[2022-07-25 11:04:02,056] {processor.py:651} INFO - DAG(s) dict_keys(['tutorial_taskflow_api_etl']) retrieved from /home/hp/miniconda3/envs/airflow_env/lib/python3.8/site-packages/airflow/example_dags/tutorial_taskflow_api_etl.py
[2022-07-25 11:04:02,077] {logging_mixin.py:115} INFO - [2022-07-25 11:04:02,077] {dag.py:2420} INFO - Sync 1 DAGs
[2022-07-25 11:04:02,083] {logging_mixin.py:115} INFO - [2022-07-25 11:04:02,083] {dag.py:2968} INFO - Setting next_dagrun for tutorial_taskflow_api_etl to None, run_after=None
[2022-07-25 11:04:02,092] {processor.py:161} INFO - Processing /home/hp/miniconda3/envs/airflow_env/lib/python3.8/site-packages/airflow/example_dags/tutorial_taskflow_api_etl.py took 0.057 seconds
[2022-07-25 11:04:36,160] {processor.py:153} INFO - Started process (PID=62247) to work on /home/hp/miniconda3/envs/airflow_env/lib/python3.8/site-packages/airflow/example_dags/tutorial_taskflow_api_etl.py
[2022-07-25 11:04:36,161] {processor.py:641} INFO - Processing file /home/hp/miniconda3/envs/airflow_env/lib/python3.8/site-packages/airflow/example_dags/tutorial_taskflow_api_etl.py for tasks to queue
[2022-07-25 11:04:36,161] {logging_mixin.py:115} INFO - [2022-07-25 11:04:36,161] {dagbag.py:508} INFO - Filling up the DagBag from /home/hp/miniconda3/envs/airflow_env/lib/python3.8/site-packages/airflow/example_dags/tutorial_taskflow_api_etl.py
[2022-07-25 11:04:36,171] {processor.py:651} INFO - DAG(s) dict_keys(['tutorial_taskflow_api_etl']) retrieved from /home/hp/miniconda3/envs/airflow_env/lib/python3.8/site-packages/airflow/example_dags/tutorial_taskflow_api_etl.py
[2022-07-25 11:04:36,179] {logging_mixin.py:115} INFO - [2022-07-25 11:04:36,179] {dag.py:2420} INFO - Sync 1 DAGs
[2022-07-25 11:04:36,188] {logging_mixin.py:115} INFO - [2022-07-25 11:04:36,188] {dag.py:2968} INFO - Setting next_dagrun for tutorial_taskflow_api_etl to None, run_after=None
[2022-07-25 11:04:36,197] {processor.py:161} INFO - Processing /home/hp/miniconda3/envs/airflow_env/lib/python3.8/site-packages/airflow/example_dags/tutorial_taskflow_api_etl.py took 0.039 seconds
[2022-07-25 11:05:11,840] {processor.py:153} INFO - Started process (PID=62565) to work on /home/hp/miniconda3/envs/airflow_env/lib/python3.8/site-packages/airflow/example_dags/tutorial_taskflow_api_etl.py
[2022-07-25 11:05:11,841] {processor.py:641} INFO - Processing file /home/hp/miniconda3/envs/airflow_env/lib/python3.8/site-packages/airflow/example_dags/tutorial_taskflow_api_etl.py for tasks to queue
[2022-07-25 11:05:11,842] {logging_mixin.py:115} INFO - [2022-07-25 11:05:11,842] {dagbag.py:508} INFO - Filling up the DagBag from /home/hp/miniconda3/envs/airflow_env/lib/python3.8/site-packages/airflow/example_dags/tutorial_taskflow_api_etl.py
[2022-07-25 11:05:11,853] {processor.py:651} INFO - DAG(s) dict_keys(['tutorial_taskflow_api_etl']) retrieved from /home/hp/miniconda3/envs/airflow_env/lib/python3.8/site-packages/airflow/example_dags/tutorial_taskflow_api_etl.py
[2022-07-25 11:05:11,860] {logging_mixin.py:115} INFO - [2022-07-25 11:05:11,860] {dag.py:2420} INFO - Sync 1 DAGs
[2022-07-25 11:05:11,868] {logging_mixin.py:115} INFO - [2022-07-25 11:05:11,868] {dag.py:2968} INFO - Setting next_dagrun for tutorial_taskflow_api_etl to None, run_after=None
[2022-07-25 11:05:11,879] {processor.py:161} INFO - Processing /home/hp/miniconda3/envs/airflow_env/lib/python3.8/site-packages/airflow/example_dags/tutorial_taskflow_api_etl.py took 0.041 seconds
[2022-07-25 11:05:44,960] {processor.py:153} INFO - Started process (PID=62762) to work on /home/hp/miniconda3/envs/airflow_env/lib/python3.8/site-packages/airflow/example_dags/tutorial_taskflow_api_etl.py
[2022-07-25 11:05:44,961] {processor.py:641} INFO - Processing file /home/hp/miniconda3/envs/airflow_env/lib/python3.8/site-packages/airflow/example_dags/tutorial_taskflow_api_etl.py for tasks to queue
[2022-07-25 11:05:44,961] {logging_mixin.py:115} INFO - [2022-07-25 11:05:44,961] {dagbag.py:508} INFO - Filling up the DagBag from /home/hp/miniconda3/envs/airflow_env/lib/python3.8/site-packages/airflow/example_dags/tutorial_taskflow_api_etl.py
[2022-07-25 11:05:44,977] {processor.py:651} INFO - DAG(s) dict_keys(['tutorial_taskflow_api_etl']) retrieved from /home/hp/miniconda3/envs/airflow_env/lib/python3.8/site-packages/airflow/example_dags/tutorial_taskflow_api_etl.py
[2022-07-25 11:05:44,983] {logging_mixin.py:115} INFO - [2022-07-25 11:05:44,983] {dag.py:2420} INFO - Sync 1 DAGs
[2022-07-25 11:05:44,992] {logging_mixin.py:115} INFO - [2022-07-25 11:05:44,992] {dag.py:2968} INFO - Setting next_dagrun for tutorial_taskflow_api_etl to None, run_after=None
[2022-07-25 11:05:45,000] {processor.py:161} INFO - Processing /home/hp/miniconda3/envs/airflow_env/lib/python3.8/site-packages/airflow/example_dags/tutorial_taskflow_api_etl.py took 0.043 seconds
[2022-07-25 11:06:20,889] {processor.py:153} INFO - Started process (PID=63008) to work on /home/hp/miniconda3/envs/airflow_env/lib/python3.8/site-packages/airflow/example_dags/tutorial_taskflow_api_etl.py
[2022-07-25 11:06:20,890] {processor.py:641} INFO - Processing file /home/hp/miniconda3/envs/airflow_env/lib/python3.8/site-packages/airflow/example_dags/tutorial_taskflow_api_etl.py for tasks to queue
[2022-07-25 11:06:20,890] {logging_mixin.py:115} INFO - [2022-07-25 11:06:20,890] {dagbag.py:508} INFO - Filling up the DagBag from /home/hp/miniconda3/envs/airflow_env/lib/python3.8/site-packages/airflow/example_dags/tutorial_taskflow_api_etl.py
[2022-07-25 11:06:20,898] {processor.py:651} INFO - DAG(s) dict_keys(['tutorial_taskflow_api_etl']) retrieved from /home/hp/miniconda3/envs/airflow_env/lib/python3.8/site-packages/airflow/example_dags/tutorial_taskflow_api_etl.py
[2022-07-25 11:06:20,918] {logging_mixin.py:115} INFO - [2022-07-25 11:06:20,918] {dag.py:2420} INFO - Sync 1 DAGs
[2022-07-25 11:06:20,924] {logging_mixin.py:115} INFO - [2022-07-25 11:06:20,924] {dag.py:2968} INFO - Setting next_dagrun for tutorial_taskflow_api_etl to None, run_after=None
[2022-07-25 11:06:20,933] {processor.py:161} INFO - Processing /home/hp/miniconda3/envs/airflow_env/lib/python3.8/site-packages/airflow/example_dags/tutorial_taskflow_api_etl.py took 0.046 seconds
[2022-07-25 11:06:55,428] {processor.py:153} INFO - Started process (PID=63317) to work on /home/hp/miniconda3/envs/airflow_env/lib/python3.8/site-packages/airflow/example_dags/tutorial_taskflow_api_etl.py
[2022-07-25 11:06:55,429] {processor.py:641} INFO - Processing file /home/hp/miniconda3/envs/airflow_env/lib/python3.8/site-packages/airflow/example_dags/tutorial_taskflow_api_etl.py for tasks to queue
[2022-07-25 11:06:55,430] {logging_mixin.py:115} INFO - [2022-07-25 11:06:55,430] {dagbag.py:508} INFO - Filling up the DagBag from /home/hp/miniconda3/envs/airflow_env/lib/python3.8/site-packages/airflow/example_dags/tutorial_taskflow_api_etl.py
[2022-07-25 11:06:55,444] {processor.py:651} INFO - DAG(s) dict_keys(['tutorial_taskflow_api_etl']) retrieved from /home/hp/miniconda3/envs/airflow_env/lib/python3.8/site-packages/airflow/example_dags/tutorial_taskflow_api_etl.py
[2022-07-25 11:06:55,465] {logging_mixin.py:115} INFO - [2022-07-25 11:06:55,465] {dag.py:2420} INFO - Sync 1 DAGs
[2022-07-25 11:06:55,473] {logging_mixin.py:115} INFO - [2022-07-25 11:06:55,473] {dag.py:2968} INFO - Setting next_dagrun for tutorial_taskflow_api_etl to None, run_after=None
[2022-07-25 11:06:55,483] {processor.py:161} INFO - Processing /home/hp/miniconda3/envs/airflow_env/lib/python3.8/site-packages/airflow/example_dags/tutorial_taskflow_api_etl.py took 0.059 seconds
[2022-07-25 11:07:30,216] {processor.py:153} INFO - Started process (PID=63605) to work on /home/hp/miniconda3/envs/airflow_env/lib/python3.8/site-packages/airflow/example_dags/tutorial_taskflow_api_etl.py
[2022-07-25 11:07:30,217] {processor.py:641} INFO - Processing file /home/hp/miniconda3/envs/airflow_env/lib/python3.8/site-packages/airflow/example_dags/tutorial_taskflow_api_etl.py for tasks to queue
[2022-07-25 11:07:30,217] {logging_mixin.py:115} INFO - [2022-07-25 11:07:30,217] {dagbag.py:508} INFO - Filling up the DagBag from /home/hp/miniconda3/envs/airflow_env/lib/python3.8/site-packages/airflow/example_dags/tutorial_taskflow_api_etl.py
[2022-07-25 11:07:30,233] {processor.py:651} INFO - DAG(s) dict_keys(['tutorial_taskflow_api_etl']) retrieved from /home/hp/miniconda3/envs/airflow_env/lib/python3.8/site-packages/airflow/example_dags/tutorial_taskflow_api_etl.py
[2022-07-25 11:07:30,239] {logging_mixin.py:115} INFO - [2022-07-25 11:07:30,239] {dag.py:2420} INFO - Sync 1 DAGs
[2022-07-25 11:07:30,248] {logging_mixin.py:115} INFO - [2022-07-25 11:07:30,248] {dag.py:2968} INFO - Setting next_dagrun for tutorial_taskflow_api_etl to None, run_after=None
[2022-07-25 11:07:30,259] {processor.py:161} INFO - Processing /home/hp/miniconda3/envs/airflow_env/lib/python3.8/site-packages/airflow/example_dags/tutorial_taskflow_api_etl.py took 0.046 seconds
[2022-07-25 11:08:06,212] {processor.py:153} INFO - Started process (PID=63952) to work on /home/hp/miniconda3/envs/airflow_env/lib/python3.8/site-packages/airflow/example_dags/tutorial_taskflow_api_etl.py
[2022-07-25 11:08:06,213] {processor.py:641} INFO - Processing file /home/hp/miniconda3/envs/airflow_env/lib/python3.8/site-packages/airflow/example_dags/tutorial_taskflow_api_etl.py for tasks to queue
[2022-07-25 11:08:06,213] {logging_mixin.py:115} INFO - [2022-07-25 11:08:06,213] {dagbag.py:508} INFO - Filling up the DagBag from /home/hp/miniconda3/envs/airflow_env/lib/python3.8/site-packages/airflow/example_dags/tutorial_taskflow_api_etl.py
[2022-07-25 11:08:06,221] {processor.py:651} INFO - DAG(s) dict_keys(['tutorial_taskflow_api_etl']) retrieved from /home/hp/miniconda3/envs/airflow_env/lib/python3.8/site-packages/airflow/example_dags/tutorial_taskflow_api_etl.py
[2022-07-25 11:08:06,228] {logging_mixin.py:115} INFO - [2022-07-25 11:08:06,228] {dag.py:2420} INFO - Sync 1 DAGs
[2022-07-25 11:08:06,237] {logging_mixin.py:115} INFO - [2022-07-25 11:08:06,237] {dag.py:2968} INFO - Setting next_dagrun for tutorial_taskflow_api_etl to None, run_after=None
[2022-07-25 11:08:06,246] {processor.py:161} INFO - Processing /home/hp/miniconda3/envs/airflow_env/lib/python3.8/site-packages/airflow/example_dags/tutorial_taskflow_api_etl.py took 0.035 seconds
                                                                                                                                                                                                                                                                                                                                                                                                                                                                                                                                                                                                                                                                                                                                                                                                                                                                                                                                                                                                                                                                                                                                                                                                                                                                                                                                                                                                                              