[2022-07-25 03:03:06,633] {processor.py:153} INFO - Started process (PID=21076) to work on /home/hp/miniconda3/envs/airflow_env/lib/python3.8/site-packages/airflow/example_dags/tutorial_etl_dag.py
[2022-07-25 03:03:06,634] {processor.py:641} INFO - Processing file /home/hp/miniconda3/envs/airflow_env/lib/python3.8/site-packages/airflow/example_dags/tutorial_etl_dag.py for tasks to queue
[2022-07-25 03:03:06,634] {logging_mixin.py:115} INFO - [2022-07-25 03:03:06,634] {dagbag.py:508} INFO - Filling up the DagBag from /home/hp/miniconda3/envs/airflow_env/lib/python3.8/site-packages/airflow/example_dags/tutorial_etl_dag.py
[2022-07-25 03:03:06,642] {processor.py:651} INFO - DAG(s) dict_keys(['tutorial_etl_dag']) retrieved from /home/hp/miniconda3/envs/airflow_env/lib/python3.8/site-packages/airflow/example_dags/tutorial_etl_dag.py
[2022-07-25 03:03:06,651] {logging_mixin.py:115} INFO - [2022-07-25 03:03:06,651] {dag.py:2420} INFO - Sync 1 DAGs
[2022-07-25 03:03:06,661] {logging_mixin.py:115} INFO - [2022-07-25 03:03:06,661] {dag.py:2968} INFO - Setting next_dagrun for tutorial_etl_dag to None, run_after=None
[2022-07-25 03:03:06,689] {processor.py:161} INFO - Processing /home/hp/miniconda3/envs/airflow_env/lib/python3.8/site-packages/airflow/example_dags/tutorial_etl_dag.py took 0.060 seconds
[2022-07-25 03:12:37,366] {processor.py:153} INFO - Started process (PID=21748) to work on /home/hp/miniconda3/envs/airflow_env/lib/python3.8/site-packages/airflow/example_dags/tutorial_etl_dag.py
[2022-07-25 03:12:37,367] {processor.py:641} INFO - Processing file /home/hp/miniconda3/envs/airflow_env/lib/python3.8/site-packages/airflow/example_dags/tutorial_etl_dag.py for tasks to queue
[2022-07-25 03:12:37,368] {logging_mixin.py:115} INFO - [2022-07-25 03:12:37,368] {dagbag.py:508} INFO - Filling up the DagBag from /home/hp/miniconda3/envs/airflow_env/lib/python3.8/site-packages/airflow/example_dags/tutorial_etl_dag.py
[2022-07-25 03:12:37,376] {processor.py:651} INFO - DAG(s) dict_keys(['tutorial_etl_dag']) retrieved from /home/hp/miniconda3/envs/airflow_env/lib/python3.8/site-packages/airflow/example_dags/tutorial_etl_dag.py
[2022-07-25 03:12:37,392] {logging_mixin.py:115} INFO - [2022-07-25 03:12:37,391] {dag.py:2420} INFO - Sync 1 DAGs
[2022-07-25 03:12:37,408] {logging_mixin.py:115} INFO - [2022-07-25 03:12:37,408] {dag.py:2968} INFO - Setting next_dagrun for tutorial_etl_dag to None, run_after=None
[2022-07-25 03:12:37,434] {processor.py:161} INFO - Processing /home/hp/miniconda3/envs/airflow_env/lib/python3.8/site-packages/airflow/example_dags/tutorial_etl_dag.py took 0.072 seconds
[2022-07-25 03:18:00,149] {processor.py:153} INFO - Started process (PID=22246) to work on /home/hp/miniconda3/envs/airflow_env/lib/python3.8/site-packages/airflow/example_dags/tutorial_etl_dag.py
[2022-07-25 03:18:00,150] {processor.py:641} INFO - Processing file /home/hp/miniconda3/envs/airflow_env/lib/python3.8/site-packages/airflow/example_dags/tutorial_etl_dag.py for tasks to queue
[2022-07-25 03:18:00,150] {logging_mixin.py:115} INFO - [2022-07-25 03:18:00,150] {dagbag.py:508} INFO - Filling up the DagBag from /home/hp/miniconda3/envs/airflow_env/lib/python3.8/site-packages/airflow/example_dags/tutorial_etl_dag.py
[2022-07-25 03:18:00,154] {processor.py:651} INFO - DAG(s) dict_keys(['tutorial_etl_dag']) retrieved from /home/hp/miniconda3/envs/airflow_env/lib/python3.8/site-packages/airflow/example_dags/tutorial_etl_dag.py
[2022-07-25 03:18:00,163] {logging_mixin.py:115} INFO - [2022-07-25 03:18:00,163] {dag.py:2420} INFO - Sync 1 DAGs
[2022-07-25 03:18:00,175] {logging_mixin.py:115} INFO - [2022-07-25 03:18:00,175] {dag.py:2968} INFO - Setting next_dagrun for tutorial_etl_dag to None, run_after=None
[2022-07-25 03:18:00,185] {processor.py:161} INFO - Processing /home/hp/miniconda3/envs/airflow_env/lib/python3.8/site-packages/airflow/example_dags/tutorial_etl_dag.py took 0.038 seconds
[2022-07-25 03:23:21,883] {processor.py:153} INFO - Started process (PID=22718) to work on /home/hp/miniconda3/envs/airflow_env/lib/python3.8/site-packages/airflow/example_dags/tutorial_etl_dag.py
[2022-07-25 03:23:21,884] {processor.py:641} INFO - Processing file /home/hp/miniconda3/envs/airflow_env/lib/python3.8/site-packages/airflow/example_dags/tutorial_etl_dag.py for tasks to queue
[2022-07-25 03:23:21,884] {logging_mixin.py:115} INFO - [2022-07-25 03:23:21,884] {dagbag.py:508} INFO - Filling up the DagBag from /home/hp/miniconda3/envs/airflow_env/lib/python3.8/site-packages/airflow/example_dags/tutorial_etl_dag.py
[2022-07-25 03:23:21,892] {processor.py:651} INFO - DAG(s) dict_keys(['tutorial_etl_dag']) retrieved from /home/hp/miniconda3/envs/airflow_env/lib/python3.8/site-packages/airflow/example_dags/tutorial_etl_dag.py
[2022-07-25 03:23:21,901] {logging_mixin.py:115} INFO - [2022-07-25 03:23:21,901] {dag.py:2420} INFO - Sync 1 DAGs
[2022-07-25 03:23:21,913] {logging_mixin.py:115} INFO - [2022-07-25 03:23:21,913] {dag.py:2968} INFO - Setting next_dagrun for tutorial_etl_dag to None, run_after=None
[2022-07-25 03:23:21,925] {processor.py:161} INFO - Processing /home/hp/miniconda3/envs/airflow_env/lib/python3.8/site-packages/airflow/example_dags/tutorial_etl_dag.py took 0.047 seconds
[2022-07-25 03:28:45,926] {processor.py:153} INFO - Started process (PID=23182) to work on /home/hp/miniconda3/envs/airflow_env/lib/python3.8/site-packages/airflow/example_dags/tutorial_etl_dag.py
[2022-07-25 03:28:45,927] {processor.py:641} INFO - Processing file /home/hp/miniconda3/envs/airflow_env/lib/python3.8/site-packages/airflow/example_dags/tutorial_etl_dag.py for tasks to queue
[2022-07-25 03:28:45,927] {logging_mixin.py:115} INFO - [2022-07-25 03:28:45,927] {dagbag.py:508} INFO - Filling up the DagBag from /home/hp/miniconda3/envs/airflow_env/lib/python3.8/site-packages/airflow/example_dags/tutorial_etl_dag.py
[2022-07-25 03:28:45,932] {processor.py:651} INFO - DAG(s) dict_keys(['tutorial_etl_dag']) retrieved from /home/hp/miniconda3/envs/airflow_env/lib/python3.8/site-packages/airflow/example_dags/tutorial_etl_dag.py
[2022-07-25 03:28:45,942] {logging_mixin.py:115} INFO - [2022-07-25 03:28:45,942] {dag.py:2420} INFO - Sync 1 DAGs
[2022-07-25 03:28:45,952] {logging_mixin.py:115} INFO - [2022-07-25 03:28:45,952] {dag.py:2968} INFO - Setting next_dagrun for tutorial_etl_dag to None, run_after=None
[2022-07-25 03:28:45,962] {processor.py:161} INFO - Processing /home/hp/miniconda3/envs/airflow_env/lib/python3.8/site-packages/airflow/example_dags/tutorial_etl_dag.py took 0.037 seconds
[2022-07-25 03:30:56,401] {processor.py:153} INFO - Started process (PID=23660) to work on /home/hp/miniconda3/envs/airflow_env/lib/python3.8/site-packages/airflow/example_dags/tutorial_etl_dag.py
[2022-07-25 03:30:56,402] {processor.py:641} INFO - Processing file /home/hp/miniconda3/envs/airflow_env/lib/python3.8/site-packages/airflow/example_dags/tutorial_etl_dag.py for tasks to queue
[2022-07-25 03:30:56,403] {logging_mixin.py:115} INFO - [2022-07-25 03:30:56,403] {dagbag.py:508} INFO - Filling up the DagBag from /home/hp/miniconda3/envs/airflow_env/lib/python3.8/site-packages/airflow/example_dags/tutorial_etl_dag.py
[2022-07-25 03:30:56,411] {processor.py:651} INFO - DAG(s) dict_keys(['tutorial_etl_dag']) retrieved from /home/hp/miniconda3/envs/airflow_env/lib/python3.8/site-packages/airflow/example_dags/tutorial_etl_dag.py
[2022-07-25 03:30:56,419] {logging_mixin.py:115} INFO - [2022-07-25 03:30:56,419] {dag.py:2420} INFO - Sync 1 DAGs
[2022-07-25 03:30:56,430] {logging_mixin.py:115} INFO - [2022-07-25 03:30:56,430] {dag.py:2968} INFO - Setting next_dagrun for tutorial_etl_dag to None, run_after=None
[2022-07-25 03:30:56,440] {processor.py:161} INFO - Processing /home/hp/miniconda3/envs/airflow_env/lib/python3.8/site-packages/airflow/example_dags/tutorial_etl_dag.py took 0.042 seconds
[2022-07-25 03:39:04,010] {processor.py:153} INFO - Started process (PID=24274) to work on /home/hp/miniconda3/envs/airflow_env/lib/python3.8/site-packages/airflow/example_dags/tutorial_etl_dag.py
[2022-07-25 03:39:04,012] {processor.py:641} INFO - Processing file /home/hp/miniconda3/envs/airflow_env/lib/python3.8/site-packages/airflow/example_dags/tutorial_etl_dag.py for tasks to queue
[2022-07-25 03:39:04,012] {logging_mixin.py:115} INFO - [2022-07-25 03:39:04,012] {dagbag.py:508} INFO - Filling up the DagBag from /home/hp/miniconda3/envs/airflow_env/lib/python3.8/site-packages/airflow/example_dags/tutorial_etl_dag.py
[2022-07-25 03:39:04,023] {processor.py:651} INFO - DAG(s) dict_keys(['tutorial_etl_dag']) retrieved from /home/hp/miniconda3/envs/airflow_env/lib/python3.8/site-packages/airflow/example_dags/tutorial_etl_dag.py
[2022-07-25 03:39:04,043] {logging_mixin.py:115} INFO - [2022-07-25 03:39:04,042] {dag.py:2420} INFO - Sync 1 DAGs
[2022-07-25 03:39:04,069] {logging_mixin.py:115} INFO - [2022-07-25 03:39:04,069] {dag.py:2968} INFO - Setting next_dagrun for tutorial_etl_dag to None, run_after=None
[2022-07-25 03:39:04,088] {processor.py:161} INFO - Processing /home/hp/miniconda3/envs/airflow_env/lib/python3.8/site-packages/airflow/example_dags/tutorial_etl_dag.py took 0.081 seconds
[2022-07-25 03:44:28,280] {processor.py:153} INFO - Started process (PID=24778) to work on /home/hp/miniconda3/envs/airflow_env/lib/python3.8/site-packages/airflow/example_dags/tutorial_etl_dag.py
[2022-07-25 03:44:28,281] {processor.py:641} INFO - Processing file /home/hp/miniconda3/envs/airflow_env/lib/python3.8/site-packages/airflow/example_dags/tutorial_etl_dag.py for tasks to queue
[2022-07-25 03:44:28,281] {logging_mixin.py:115} INFO - [2022-07-25 03:44:28,281] {dagbag.py:508} INFO - Filling up the DagBag from /home/hp/miniconda3/envs/airflow_env/lib/python3.8/site-packages/airflow/example_dags/tutorial_etl_dag.py
[2022-07-25 03:44:28,285] {processor.py:651} INFO - DAG(s) dict_keys(['tutorial_etl_dag']) retrieved from /home/hp/miniconda3/envs/airflow_env/lib/python3.8/site-packages/airflow/example_dags/tutorial_etl_dag.py
[2022-07-25 03:44:28,296] {logging_mixin.py:115} INFO - [2022-07-25 03:44:28,296] {dag.py:2420} INFO - Sync 1 DAGs
[2022-07-25 03:44:28,306] {logging_mixin.py:115} INFO - [2022-07-25 03:44:28,306] {dag.py:2968} INFO - Setting next_dagrun for tutorial_etl_dag to None, run_after=None
[2022-07-25 03:44:28,319] {processor.py:161} INFO - Processing /home/hp/miniconda3/envs/airflow_env/lib/python3.8/site-packages/airflow/example_dags/tutorial_etl_dag.py took 0.040 seconds
[2022-07-25 03:49:50,690] {processor.py:153} INFO - Started process (PID=25169) to work on /home/hp/miniconda3/envs/airflow_env/lib/python3.8/site-packages/airflow/example_dags/tutorial_etl_dag.py
[2022-07-25 03:49:50,691] {processor.py:641} INFO - Processing file /home/hp/miniconda3/envs/airflow_env/lib/python3.8/site-packages/airflow/example_dags/tutorial_etl_dag.py for tasks to queue
[2022-07-25 03:49:50,691] {logging_mixin.py:115} INFO - [2022-07-25 03:49:50,691] {dagbag.py:508} INFO - Filling up the DagBag from /home/hp/miniconda3/envs/airflow_env/lib/python3.8/site-packages/airflow/example_dags/tutorial_etl_dag.py
[2022-07-25 03:49:50,698] {processor.py:651} INFO - DAG(s) dict_keys(['tutorial_etl_dag']) retrieved from /home/hp/miniconda3/envs/airflow_env/lib/python3.8/site-packages/airflow/example_dags/tutorial_etl_dag.py
[2022-07-25 03:49:50,710] {logging_mixin.py:115} INFO - [2022-07-25 03:49:50,710] {dag.py:2420} INFO - Sync 1 DAGs
[2022-07-25 03:49:50,722] {logging_mixin.py:115} INFO - [2022-07-25 03:49:50,722] {dag.py:2968} INFO - Setting next_dagrun for tutorial_etl_dag to None, run_after=None
[2022-07-25 03:49:50,734] {processor.py:161} INFO - Processing /home/hp/miniconda3/envs/airflow_env/lib/python3.8/site-packages/airflow/example_dags/tutorial_etl_dag.py took 0.046 seconds
[2022-07-25 03:55:14,353] {processor.py:153} INFO - Started process (PID=25474) to work on /home/hp/miniconda3/envs/airflow_env/lib/python3.8/site-packages/airflow/example_dags/tutorial_etl_dag.py
[2022-07-25 03:55:14,354] {processor.py:641} INFO - Processing file /home/hp/miniconda3/envs/airflow_env/lib/python3.8/site-packages/airflow/example_dags/tutorial_etl_dag.py for tasks to queue
[2022-07-25 03:55:14,354] {logging_mixin.py:115} INFO - [2022-07-25 03:55:14,354] {dagbag.py:508} INFO - Filling up the DagBag from /home/hp/miniconda3/envs/airflow_env/lib/python3.8/site-packages/airflow/example_dags/tutorial_etl_dag.py
[2022-07-25 03:55:14,361] {processor.py:651} INFO - DAG(s) dict_keys(['tutorial_etl_dag']) retrieved from /home/hp/miniconda3/envs/airflow_env/lib/python3.8/site-packages/airflow/example_dags/tutorial_etl_dag.py
[2022-07-25 03:55:14,372] {logging_mixin.py:115} INFO - [2022-07-25 03:55:14,372] {dag.py:2420} INFO - Sync 1 DAGs
[2022-07-25 03:55:14,380] {logging_mixin.py:115} INFO - [2022-07-25 03:55:14,380] {dag.py:2968} INFO - Setting next_dagrun for tutorial_etl_dag to None, run_after=None
[2022-07-25 03:55:14,390] {processor.py:161} INFO - Processing /home/hp/miniconda3/envs/airflow_env/lib/python3.8/site-packages/airflow/example_dags/tutorial_etl_dag.py took 0.042 seconds
[2022-07-25 04:00:34,627] {processor.py:153} INFO - Started process (PID=25827) to work on /home/hp/miniconda3/envs/airflow_env/lib/python3.8/site-packages/airflow/example_dags/tutorial_etl_dag.py
[2022-07-25 04:00:34,628] {processor.py:641} INFO - Processing file /home/hp/miniconda3/envs/airflow_env/lib/python3.8/site-packages/airflow/example_dags/tutorial_etl_dag.py for tasks to queue
[2022-07-25 04:00:34,629] {logging_mixin.py:115} INFO - [2022-07-25 04:00:34,629] {dagbag.py:508} INFO - Filling up the DagBag from /home/hp/miniconda3/envs/airflow_env/lib/python3.8/site-packages/airflow/example_dags/tutorial_etl_dag.py
[2022-07-25 04:00:34,638] {processor.py:651} INFO - DAG(s) dict_keys(['tutorial_etl_dag']) retrieved from /home/hp/miniconda3/envs/airflow_env/lib/python3.8/site-packages/airflow/example_dags/tutorial_etl_dag.py
[2022-07-25 04:00:34,647] {logging_mixin.py:115} INFO - [2022-07-25 04:00:34,647] {dag.py:2420} INFO - Sync 1 DAGs
[2022-07-25 04:00:34,656] {logging_mixin.py:115} INFO - [2022-07-25 04:00:34,656] {dag.py:2968} INFO - Setting next_dagrun for tutorial_etl_dag to None, run_after=None
[2022-07-25 04:00:34,665] {processor.py:161} INFO - Processing /home/hp/miniconda3/envs/airflow_env/lib/python3.8/site-packages/airflow/example_dags/tutorial_etl_dag.py took 0.042 seconds
[2022-07-25 04:01:51,851] {processor.py:153} INFO - Started process (PID=26212) to work on /home/hp/miniconda3/envs/airflow_env/lib/python3.8/site-packages/airflow/example_dags/tutorial_etl_dag.py
[2022-07-25 04:01:51,852] {processor.py:641} INFO - Processing file /home/hp/miniconda3/envs/airflow_env/lib/python3.8/site-packages/airflow/example_dags/tutorial_etl_dag.py for tasks to queue
[2022-07-25 04:01:51,852] {logging_mixin.py:115} INFO - [2022-07-25 04:01:51,852] {dagbag.py:508} INFO - Filling up the DagBag from /home/hp/miniconda3/envs/airflow_env/lib/python3.8/site-packages/airflow/example_dags/tutorial_etl_dag.py
[2022-07-25 04:01:51,862] {processor.py:651} INFO - DAG(s) dict_keys(['tutorial_etl_dag']) retrieved from /home/hp/miniconda3/envs/airflow_env/lib/python3.8/site-packages/airflow/example_dags/tutorial_etl_dag.py
[2022-07-25 04:01:51,878] {logging_mixin.py:115} INFO - [2022-07-25 04:01:51,878] {dag.py:2420} INFO - Sync 1 DAGs
[2022-07-25 04:01:51,898] {logging_mixin.py:115} INFO - [2022-07-25 04:01:51,898] {dag.py:2968} INFO - Setting next_dagrun for tutorial_etl_dag to None, run_after=None
[2022-07-25 04:01:51,917] {processor.py:161} INFO - Processing /home/hp/miniconda3/envs/airflow_env/lib/python3.8/site-packages/airflow/example_dags/tutorial_etl_dag.py took 0.069 seconds
[2022-07-25 04:02:30,656] {processor.py:153} INFO - Started process (PID=26496) to work on /home/hp/miniconda3/envs/airflow_env/lib/python3.8/site-packages/airflow/example_dags/tutorial_etl_dag.py
[2022-07-25 04:02:30,657] {processor.py:641} INFO - Processing file /home/hp/miniconda3/envs/airflow_env/lib/python3.8/site-packages/airflow/example_dags/tutorial_etl_dag.py for tasks to queue
[2022-07-25 04:02:30,657] {logging_mixin.py:115} INFO - [2022-07-25 04:02:30,657] {dagbag.py:508} INFO - Filling up the DagBag from /home/hp/miniconda3/envs/airflow_env/lib/python3.8/site-packages/airflow/example_dags/tutorial_etl_dag.py
[2022-07-25 04:02:30,668] {processor.py:651} INFO - DAG(s) dict_keys(['tutorial_etl_dag']) retrieved from /home/hp/miniconda3/envs/airflow_env/lib/python3.8/site-packages/airflow/example_dags/tutorial_etl_dag.py
[2022-07-25 04:02:30,677] {logging_mixin.py:115} INFO - [2022-07-25 04:02:30,677] {dag.py:2420} INFO - Sync 1 DAGs
[2022-07-25 04:02:30,685] {logging_mixin.py:115} INFO - [2022-07-25 04:02:30,685] {dag.py:2968} INFO - Setting next_dagrun for tutorial_etl_dag to None, run_after=None
[2022-07-25 04:02:30,696] {processor.py:161} INFO - Processing /home/hp/miniconda3/envs/airflow_env/lib/python3.8/site-packages/airflow/example_dags/tutorial_etl_dag.py took 0.042 seconds
[2022-07-25 04:10:49,235] {processor.py:153} INFO - Started process (PID=26959) to work on /home/hp/miniconda3/envs/airflow_env/lib/python3.8/site-packages/airflow/example_dags/tutorial_etl_dag.py
[2022-07-25 04:10:49,236] {processor.py:641} INFO - Processing file /home/hp/miniconda3/envs/airflow_env/lib/python3.8/site-packages/airflow/example_dags/tutorial_etl_dag.py for tasks to queue
[2022-07-25 04:10:49,237] {logging_mixin.py:115} INFO - [2022-07-25 04:10:49,237] {dagbag.py:508} INFO - Filling up the DagBag from /home/hp/miniconda3/envs/airflow_env/lib/python3.8/site-packages/airflow/example_dags/tutorial_etl_dag.py
[2022-07-25 04:10:49,244] {processor.py:651} INFO - DAG(s) dict_keys(['tutorial_etl_dag']) retrieved from /home/hp/miniconda3/envs/airflow_env/lib/python3.8/site-packages/airflow/example_dags/tutorial_etl_dag.py
[2022-07-25 04:10:49,255] {logging_mixin.py:115} INFO - [2022-07-25 04:10:49,254] {dag.py:2420} INFO - Sync 1 DAGs
[2022-07-25 04:10:49,266] {logging_mixin.py:115} INFO - [2022-07-25 04:10:49,266] {dag.py:2968} INFO - Setting next_dagrun for tutorial_etl_dag to None, run_after=None
[2022-07-25 04:10:49,277] {processor.py:161} INFO - Processing /home/hp/miniconda3/envs/airflow_env/lib/python3.8/site-packages/airflow/example_dags/tutorial_etl_dag.py took 0.046 seconds
[2022-07-25 04:16:12,308] {processor.py:153} INFO - Started process (PID=27314) to work on /home/hp/miniconda3/envs/airflow_env/lib/python3.8/site-packages/airflow/example_dags/tutorial_etl_dag.py
[2022-07-25 04:16:12,309] {processor.py:641} INFO - Processing file /home/hp/miniconda3/envs/airflow_env/lib/python3.8/site-packages/airflow/example_dags/tutorial_etl_dag.py for tasks to queue
[2022-07-25 04:16:12,309] {logging_mixin.py:115} INFO - [2022-07-25 04:16:12,309] {dagbag.py:508} INFO - Filling up the DagBag from /home/hp/miniconda3/envs/airflow_env/lib/python3.8/site-packages/airflow/example_dags/tutorial_etl_dag.py
[2022-07-25 04:16:12,317] {processor.py:651} INFO - DAG(s) dict_keys(['tutorial_etl_dag']) retrieved from /home/hp/miniconda3/envs/airflow_env/lib/python3.8/site-packages/airflow/example_dags/tutorial_etl_dag.py
[2022-07-25 04:16:12,327] {logging_mixin.py:115} INFO - [2022-07-25 04:16:12,327] {dag.py:2420} INFO - Sync 1 DAGs
[2022-07-25 04:16:12,336] {logging_mixin.py:115} INFO - [2022-07-25 04:16:12,336] {dag.py:2968} INFO - Setting next_dagrun for tutorial_etl_dag to None, run_after=None
[2022-07-25 04:16:12,346] {processor.py:161} INFO - Processing /home/hp/miniconda3/envs/airflow_env/lib/python3.8/site-packages/airflow/example_dags/tutorial_etl_dag.py took 0.043 seconds
[2022-07-25 04:21:35,357] {processor.py:153} INFO - Started process (PID=27585) to work on /home/hp/miniconda3/envs/airflow_env/lib/python3.8/site-packages/airflow/example_dags/tutorial_etl_dag.py
[2022-07-25 04:21:35,358] {processor.py:641} INFO - Processing file /home/hp/miniconda3/envs/airflow_env/lib/python3.8/site-packages/airflow/example_dags/tutorial_etl_dag.py for tasks to queue
[2022-07-25 04:21:35,359] {logging_mixin.py:115} INFO - [2022-07-25 04:21:35,359] {dagbag.py:508} INFO - Filling up the DagBag from /home/hp/miniconda3/envs/airflow_env/lib/python3.8/site-packages/airflow/example_dags/tutorial_etl_dag.py
[2022-07-25 04:21:35,367] {processor.py:651} INFO - DAG(s) dict_keys(['tutorial_etl_dag']) retrieved from /home/hp/miniconda3/envs/airflow_env/lib/python3.8/site-packages/airflow/example_dags/tutorial_etl_dag.py
[2022-07-25 04:21:35,376] {logging_mixin.py:115} INFO - [2022-07-25 04:21:35,376] {dag.py:2420} INFO - Sync 1 DAGs
[2022-07-25 04:21:35,385] {logging_mixin.py:115} INFO - [2022-07-25 04:21:35,385] {dag.py:2968} INFO - Setting next_dagrun for tutorial_etl_dag to None, run_after=None
[2022-07-25 04:21:35,395] {processor.py:161} INFO - Processing /home/hp/miniconda3/envs/airflow_env/lib/python3.8/site-packages/airflow/example_dags/tutorial_etl_dag.py took 0.042 seconds
[2022-07-25 04:26:59,655] {processor.py:153} INFO - Started process (PID=27876) to work on /home/hp/miniconda3/envs/airflow_env/lib/python3.8/site-packages/airflow/example_dags/tutorial_etl_dag.py
[2022-07-25 04:26:59,656] {processor.py:641} INFO - Processing file /home/hp/miniconda3/envs/airflow_env/lib/python3.8/site-packages/airflow/example_dags/tutorial_etl_dag.py for tasks to queue
[2022-07-25 04:26:59,656] {logging_mixin.py:115} INFO - [2022-07-25 04:26:59,656] {dagbag.py:508} INFO - Filling up the DagBag from /home/hp/miniconda3/envs/airflow_env/lib/python3.8/site-packages/airflow/example_dags/tutorial_etl_dag.py
[2022-07-25 04:26:59,664] {processor.py:651} INFO - DAG(s) dict_keys(['tutorial_etl_dag']) retrieved from /home/hp/miniconda3/envs/airflow_env/lib/python3.8/site-packages/airflow/example_dags/tutorial_etl_dag.py
[2022-07-25 04:26:59,674] {logging_mixin.py:115} INFO - [2022-07-25 04:26:59,674] {dag.py:2420} INFO - Sync 1 DAGs
[2022-07-25 04:26:59,683] {logging_mixin.py:115} INFO - [2022-07-25 04:26:59,683] {dag.py:2968} INFO - Setting next_dagrun for tutorial_etl_dag to None, run_after=None
[2022-07-25 04:26:59,694] {processor.py:161} INFO - Processing /home/hp/miniconda3/envs/airflow_env/lib/python3.8/site-packages/airflow/example_dags/tutorial_etl_dag.py took 0.041 seconds
[2022-07-25 04:32:22,732] {processor.py:153} INFO - Started process (PID=28159) to work on /home/hp/miniconda3/envs/airflow_env/lib/python3.8/site-packages/airflow/example_dags/tutorial_etl_dag.py
[2022-07-25 04:32:22,733] {processor.py:641} INFO - Processing file /home/hp/miniconda3/envs/airflow_env/lib/python3.8/site-packages/airflow/example_dags/tutorial_etl_dag.py for tasks to queue
[2022-07-25 04:32:22,734] {logging_mixin.py:115} INFO - [2022-07-25 04:32:22,734] {dagbag.py:508} INFO - Filling up the DagBag from /home/hp/miniconda3/envs/airflow_env/lib/python3.8/site-packages/airflow/example_dags/tutorial_etl_dag.py
[2022-07-25 04:32:22,742] {processor.py:651} INFO - DAG(s) dict_keys(['tutorial_etl_dag']) retrieved from /home/hp/miniconda3/envs/airflow_env/lib/python3.8/site-packages/airflow/example_dags/tutorial_etl_dag.py
[2022-07-25 04:32:22,751] {logging_mixin.py:115} INFO - [2022-07-25 04:32:22,751] {dag.py:2420} INFO - Sync 1 DAGs
[2022-07-25 04:32:22,760] {logging_mixin.py:115} INFO - [2022-07-25 04:32:22,760] {dag.py:2968} INFO - Setting next_dagrun for tutorial_etl_dag to None, run_after=None
[2022-07-25 04:32:22,771] {processor.py:161} INFO - Processing /home/hp/miniconda3/envs/airflow_env/lib/python3.8/site-packages/airflow/example_dags/tutorial_etl_dag.py took 0.043 seconds
[2022-07-25 10:58:21,380] {processor.py:153} INFO - Started process (PID=57142) to work on /home/hp/miniconda3/envs/airflow_env/lib/python3.8/site-packages/airflow/example_dags/tutorial_etl_dag.py
[2022-07-25 10:58:21,380] {processor.py:641} INFO - Processing file /home/hp/miniconda3/envs/airflow_env/lib/python3.8/site-packages/airflow/example_dags/tutorial_etl_dag.py for tasks to queue
[2022-07-25 10:58:21,381] {logging_mixin.py:115} INFO - [2022-07-25 10:58:21,381] {dagbag.py:508} INFO - Filling up the DagBag from /home/hp/miniconda3/envs/airflow_env/lib/python3.8/site-packages/airflow/example_dags/tutorial_etl_dag.py
[2022-07-25 10:58:21,387] {processor.py:651} INFO - DAG(s) dict_keys(['tutorial_etl_dag']) retrieved from /home/hp/miniconda3/envs/airflow_env/lib/python3.8/site-packages/airflow/example_dags/tutorial_etl_dag.py
[2022-07-25 10:58:21,396] {logging_mixin.py:115} INFO - [2022-07-25 10:58:21,396] {dag.py:2420} INFO - Sync 1 DAGs
[2022-07-25 10:58:21,403] {logging_mixin.py:115} INFO - [2022-07-25 10:58:21,403] {dag.py:2968} INFO - Setting next_dagrun for tutorial_etl_dag to None, run_after=None
[2022-07-25 10:58:21,412] {processor.py:161} INFO - Processing /home/hp/miniconda3/envs/airflow_env/lib/python3.8/site-packages/airflow/example_dags/tutorial_etl_dag.py took 0.034 seconds
[2022-07-25 10:58:56,622] {processor.py:153} INFO - Started process (PID=57539) to work on /home/hp/miniconda3/envs/airflow_env/lib/python3.8/site-packages/airflow/example_dags/tutorial_etl_dag.py
[2022-07-25 10:58:56,623] {processor.py:641} INFO - Processing file /home/hp/miniconda3/envs/airflow_env/lib/python3.8/site-packages/airflow/example_dags/tutorial_etl_dag.py for tasks to queue
[2022-07-25 10:58:56,624] {logging_mixin.py:115} INFO - [2022-07-25 10:58:56,624] {dagbag.py:508} INFO - Filling up the DagBag from /home/hp/miniconda3/envs/airflow_env/lib/python3.8/site-packages/airflow/example_dags/tutorial_etl_dag.py
[2022-07-25 10:58:56,630] {processor.py:651} INFO - DAG(s) dict_keys(['tutorial_etl_dag']) retrieved from /home/hp/miniconda3/envs/airflow_env/lib/python3.8/site-packages/airflow/example_dags/tutorial_etl_dag.py
[2022-07-25 10:58:56,638] {logging_mixin.py:115} INFO - [2022-07-25 10:58:56,638] {dag.py:2420} INFO - Sync 1 DAGs
[2022-07-25 10:58:56,647] {logging_mixin.py:115} INFO - [2022-07-25 10:58:56,647] {dag.py:2968} INFO - Setting next_dagrun for tutorial_etl_dag to None, run_after=None
[2022-07-25 10:58:56,656] {processor.py:161} INFO - Processing /home/hp/miniconda3/envs/airflow_env/lib/python3.8/site-packages/airflow/example_dags/tutorial_etl_dag.py took 0.038 seconds
[2022-07-25 10:59:31,635] {processor.py:153} INFO - Started process (PID=57754) to work on /home/hp/miniconda3/envs/airflow_env/lib/python3.8/site-packages/airflow/example_dags/tutorial_etl_dag.py
[2022-07-25 10:59:31,637] {processor.py:641} INFO - Processing file /home/hp/miniconda3/envs/airflow_env/lib/python3.8/site-packages/airflow/example_dags/tutorial_etl_dag.py for tasks to queue
[2022-07-25 10:59:31,637] {logging_mixin.py:115} INFO - [2022-07-25 10:59:31,637] {dagbag.py:508} INFO - Filling up the DagBag from /home/hp/miniconda3/envs/airflow_env/lib/python3.8/site-packages/airflow/example_dags/tutorial_etl_dag.py
[2022-07-25 10:59:31,647] {processor.py:651} INFO - DAG(s) dict_keys(['tutorial_etl_dag']) retrieved from /home/hp/miniconda3/envs/airflow_env/lib/python3.8/site-packages/airflow/example_dags/tutorial_etl_dag.py
[2022-07-25 10:59:31,656] {logging_mixin.py:115} INFO - [2022-07-25 10:59:31,656] {dag.py:2420} INFO - Sync 1 DAGs
[2022-07-25 10:59:31,664] {logging_mixin.py:115} INFO - [2022-07-25 10:59:31,664] {dag.py:2968} INFO - Setting next_dagrun for tutorial_etl_dag to None, run_after=None
[2022-07-25 10:59:31,673] {processor.py:161} INFO - Processing /home/hp/miniconda3/envs/airflow_env/lib/python3.8/site-packages/airflow/example_dags/tutorial_etl_dag.py took 0.041 seconds
[2022-07-25 11:00:06,501] {processor.py:153} INFO - Started process (PID=58270) to work on /home/hp/miniconda3/envs/airflow_env/lib/python3.8/site-packages/airflow/example_dags/tutorial_etl_dag.py
[2022-07-25 11:00:06,502] {processor.py:641} INFO - Processing file /home/hp/miniconda3/envs/airflow_env/lib/python3.8/site-packages/airflow/example_dags/tutorial_etl_dag.py for tasks to queue
[2022-07-25 11:00:06,503] {logging_mixin.py:115} INFO - [2022-07-25 11:00:06,503] {dagbag.py:508} INFO - Filling up the DagBag from /home/hp/miniconda3/envs/airflow_env/lib/python3.8/site-packages/airflow/example_dags/tutorial_etl_dag.py
[2022-07-25 11:00:06,512] {processor.py:651} INFO - DAG(s) dict_keys(['tutorial_etl_dag']) retrieved from /home/hp/miniconda3/envs/airflow_env/lib/python3.8/site-packages/airflow/example_dags/tutorial_etl_dag.py
[2022-07-25 11:00:06,520] {logging_mixin.py:115} INFO - [2022-07-25 11:00:06,520] {dag.py:2420} INFO - Sync 1 DAGs
[2022-07-25 11:00:06,528] {logging_mixin.py:115} INFO - [2022-07-25 11:00:06,528] {dag.py:2968} INFO - Setting next_dagrun for tutorial_etl_dag to None, run_after=None
[2022-07-25 11:00:06,536] {processor.py:161} INFO - Processing /home/hp/miniconda3/envs/airflow_env/lib/python3.8/site-packages/airflow/example_dags/tutorial_etl_dag.py took 0.039 seconds
[2022-07-25 11:00:41,294] {processor.py:153} INFO - Started process (PID=59568) to work on /home/hp/miniconda3/envs/airflow_env/lib/python3.8/site-packages/airflow/example_dags/tutorial_etl_dag.py
[2022-07-25 11:00:41,294] {processor.py:641} INFO - Processing file /home/hp/miniconda3/envs/airflow_env/lib/python3.8/site-packages/airflow/example_dags/tutorial_etl_dag.py for tasks to queue
[2022-07-25 11:00:41,295] {logging_mixin.py:115} INFO - [2022-07-25 11:00:41,295] {dagbag.py:508} INFO - Filling up the DagBag from /home/hp/miniconda3/envs/airflow_env/lib/python3.8/site-packages/airflow/example_dags/tutorial_etl_dag.py
[2022-07-25 11:00:41,302] {processor.py:651} INFO - DAG(s) dict_keys(['tutorial_etl_dag']) retrieved from /home/hp/miniconda3/envs/airflow_env/lib/python3.8/site-packages/airflow/example_dags/tutorial_etl_dag.py
[2022-07-25 11:00:41,311] {logging_mixin.py:115} INFO - [2022-07-25 11:00:41,311] {dag.py:2420} INFO - Sync 1 DAGs
[2022-07-25 11:00:41,319] {logging_mixin.py:115} INFO - [2022-07-25 11:00:41,319] {dag.py:2968} INFO - Setting next_dagrun for tutorial_etl_dag to None, run_after=None
[2022-07-25 11:00:41,327] {processor.py:161} INFO - Processing /home/hp/miniconda3/envs/airflow_env/lib/python3.8/site-packages/airflow/example_dags/tutorial_etl_dag.py took 0.035 seconds
[2022-07-25 11:01:15,552] {processor.py:153} INFO - Started process (PID=59823) to work on /home/hp/miniconda3/envs/airflow_env/lib/python3.8/site-packages/airflow/example_dags/tutorial_etl_dag.py
[2022-07-25 11:01:15,552] {processor.py:641} INFO - Processing file /home/hp/miniconda3/envs/airflow_env/lib/python3.8/site-packages/airflow/example_dags/tutorial_etl_dag.py for tasks to queue
[2022-07-25 11:01:15,553] {logging_mixin.py:115} INFO - [2022-07-25 11:01:15,553] {dagbag.py:508} INFO - Filling up the DagBag from /home/hp/miniconda3/envs/airflow_env/lib/python3.8/site-packages/airflow/example_dags/tutorial_etl_dag.py
[2022-07-25 11:01:15,558] {processor.py:651} INFO - DAG(s) dict_keys(['tutorial_etl_dag']) retrieved from /home/hp/miniconda3/envs/airflow_env/lib/python3.8/site-packages/airflow/example_dags/tutorial_etl_dag.py
[2022-07-25 11:01:15,568] {logging_mixin.py:115} INFO - [2022-07-25 11:01:15,568] {dag.py:2420} INFO - Sync 1 DAGs
[2022-07-25 11:01:15,575] {logging_mixin.py:115} INFO - [2022-07-25 11:01:15,575] {dag.py:2968} INFO - Setting next_dagrun for tutorial_etl_dag to None, run_after=None
[2022-07-25 11:01:15,584] {processor.py:161} INFO - Processing /home/hp/miniconda3/envs/airflow_env/lib/python3.8/site-packages/airflow/example_dags/tutorial_etl_dag.py took 0.035 seconds
[2022-07-25 11:01:51,067] {processor.py:153} INFO - Started process (PID=60028) to work on /home/hp/miniconda3/envs/airflow_env/lib/python3.8/site-packages/airflow/example_dags/tutorial_etl_dag.py
[2022-07-25 11:01:51,068] {processor.py:641} INFO - Processing file /home/hp/miniconda3/envs/airflow_env/lib/python3.8/site-packages/airflow/example_dags/tutorial_etl_dag.py for tasks to queue
[2022-07-25 11:01:51,068] {logging_mixin.py:115} INFO - [2022-07-25 11:01:51,068] {dagbag.py:508} INFO - Filling up the DagBag from /home/hp/miniconda3/envs/airflow_env/lib/python3.8/site-packages/airflow/example_dags/tutorial_etl_dag.py
[2022-07-25 11:01:51,073] {processor.py:651} INFO - DAG(s) dict_keys(['tutorial_etl_dag']) retrieved from /home/hp/miniconda3/envs/airflow_env/lib/python3.8/site-packages/airflow/example_dags/tutorial_etl_dag.py
[2022-07-25 11:01:51,086] {logging_mixin.py:115} INFO - [2022-07-25 11:01:51,086] {dag.py:2420} INFO - Sync 1 DAGs
[2022-07-25 11:01:51,102] {logging_mixin.py:115} INFO - [2022-07-25 11:01:51,102] {dag.py:2968} INFO - Setting next_dagrun for tutorial_etl_dag to None, run_after=None
[2022-07-25 11:01:51,113] {processor.py:161} INFO - Processing /home/hp/miniconda3/envs/airflow_env/lib/python3.8/site-packages/airflow/example_dags/tutorial_etl_dag.py took 0.048 seconds
[2022-07-25 11:02:26,727] {processor.py:153} INFO - Started process (PID=60273) to work on /home/hp/miniconda3/envs/airflow_env/lib/python3.8/site-packages/airflow/example_dags/tutorial_etl_dag.py
[2022-07-25 11:02:26,728] {processor.py:641} INFO - Processing file /home/hp/miniconda3/envs/airflow_env/lib/python3.8/site-packages/airflow/example_dags/tutorial_etl_dag.py for tasks to queue
[2022-07-25 11:02:26,729] {logging_mixin.py:115} INFO - [2022-07-25 11:02:26,729] {dagbag.py:508} INFO - Filling up the DagBag from /home/hp/miniconda3/envs/airflow_env/lib/python3.8/site-packages/airflow/example_dags/tutorial_etl_dag.py
[2022-07-25 11:02:26,735] {processor.py:651} INFO - DAG(s) dict_keys(['tutorial_etl_dag']) retrieved from /home/hp/miniconda3/envs/airflow_env/lib/python3.8/site-packages/airflow/example_dags/tutorial_etl_dag.py
[2022-07-25 11:02:26,742] {logging_mixin.py:115} INFO - [2022-07-25 11:02:26,742] {dag.py:2420} INFO - Sync 1 DAGs
[2022-07-25 11:02:26,750] {logging_mixin.py:115} INFO - [2022-07-25 11:02:26,749] {dag.py:2968} INFO - Setting next_dagrun for tutorial_etl_dag to None, run_after=None
[2022-07-25 11:02:26,758] {processor.py:161} INFO - Processing /home/hp/miniconda3/envs/airflow_env/lib/python3.8/site-packages/airflow/example_dags/tutorial_etl_dag.py took 0.032 seconds
[2022-07-25 11:03:03,780] {processor.py:153} INFO - Started process (PID=61615) to work on /home/hp/miniconda3/envs/airflow_env/lib/python3.8/site-packages/airflow/example_dags/tutorial_etl_dag.py
[2022-07-25 11:03:03,781] {processor.py:641} INFO - Processing file /home/hp/miniconda3/envs/airflow_env/lib/python3.8/site-packages/airflow/example_dags/tutorial_etl_dag.py for tasks to queue
[2022-07-25 11:03:03,781] {logging_mixin.py:115} INFO - [2022-07-25 11:03:03,781] {dagbag.py:508} INFO - Filling up the DagBag from /home/hp/miniconda3/envs/airflow_env/lib/python3.8/site-packages/airflow/example_dags/tutorial_etl_dag.py
[2022-07-25 11:03:03,789] {processor.py:651} INFO - DAG(s) dict_keys(['tutorial_etl_dag']) retrieved from /home/hp/miniconda3/envs/airflow_env/lib/python3.8/site-packages/airflow/example_dags/tutorial_etl_dag.py
[2022-07-25 11:03:03,798] {logging_mixin.py:115} INFO - [2022-07-25 11:03:03,798] {dag.py:2420} INFO - Sync 1 DAGs
[2022-07-25 11:03:03,806] {logging_mixin.py:115} INFO - [2022-07-25 11:03:03,805] {dag.py:2968} INFO - Setting next_dagrun for tutorial_etl_dag to None, run_after=None
[2022-07-25 11:03:03,815] {processor.py:161} INFO - Processing /home/hp/miniconda3/envs/airflow_env/lib/python3.8/site-packages/airflow/example_dags/tutorial_etl_dag.py took 0.038 seconds
[2022-07-25 11:03:38,811] {processor.py:153} INFO - Started process (PID=61810) to work on /home/hp/miniconda3/envs/airflow_env/lib/python3.8/site-packages/airflow/example_dags/tutorial_etl_dag.py
[2022-07-25 11:03:38,811] {processor.py:641} INFO - Processing file /home/hp/miniconda3/envs/airflow_env/lib/python3.8/site-packages/airflow/example_dags/tutorial_etl_dag.py for tasks to queue
[2022-07-25 11:03:38,811] {logging_mixin.py:115} INFO - [2022-07-25 11:03:38,811] {dagbag.py:508} INFO - Filling up the DagBag from /home/hp/miniconda3/envs/airflow_env/lib/python3.8/site-packages/airflow/example_dags/tutorial_etl_dag.py
[2022-07-25 11:03:38,820] {processor.py:651} INFO - DAG(s) dict_keys(['tutorial_etl_dag']) retrieved from /home/hp/miniconda3/envs/airflow_env/lib/python3.8/site-packages/airflow/example_dags/tutorial_etl_dag.py
[2022-07-25 11:03:38,829] {logging_mixin.py:115} INFO - [2022-07-25 11:03:38,829] {dag.py:2420} INFO - Sync 1 DAGs
[2022-07-25 11:03:38,837] {logging_mixin.py:115} INFO - [2022-07-25 11:03:38,837] {dag.py:2968} INFO - Setting next_dagrun for tutorial_etl_dag to None, run_after=None
[2022-07-25 11:03:38,846] {processor.py:161} INFO - Processing /home/hp/miniconda3/envs/airflow_env/lib/python3.8/site-packages/airflow/example_dags/tutorial_etl_dag.py took 0.037 seconds
[2022-07-25 11:04:14,442] {processor.py:153} INFO - Started process (PID=62056) to work on /home/hp/miniconda3/envs/airflow_env/lib/python3.8/site-packages/airflow/example_dags/tutorial_etl_dag.py
[2022-07-25 11:04:14,442] {processor.py:641} INFO - Processing file /home/hp/miniconda3/envs/airflow_env/lib/python3.8/site-packages/airflow/example_dags/tutorial_etl_dag.py for tasks to queue
[2022-07-25 11:04:14,443] {logging_mixin.py:115} INFO - [2022-07-25 11:04:14,443] {dagbag.py:508} INFO - Filling up the DagBag from /home/hp/miniconda3/envs/airflow_env/lib/python3.8/site-packages/airflow/example_dags/tutorial_etl_dag.py
[2022-07-25 11:04:14,450] {processor.py:651} INFO - DAG(s) dict_keys(['tutorial_etl_dag']) retrieved from /home/hp/miniconda3/envs/airflow_env/lib/python3.8/site-packages/airflow/example_dags/tutorial_etl_dag.py
[2022-07-25 11:04:14,460] {logging_mixin.py:115} INFO - [2022-07-25 11:04:14,460] {dag.py:2420} INFO - Sync 1 DAGs
[2022-07-25 11:04:14,468] {logging_mixin.py:115} INFO - [2022-07-25 11:04:14,468] {dag.py:2968} INFO - Setting next_dagrun for tutorial_etl_dag to None, run_after=None
[2022-07-25 11:04:14,477] {processor.py:161} INFO - Processing /home/hp/miniconda3/envs/airflow_env/lib/python3.8/site-packages/airflow/example_dags/tutorial_etl_dag.py took 0.037 seconds
[2022-07-25 11:04:48,703] {processor.py:153} INFO - Started process (PID=62355) to work on /home/hp/miniconda3/envs/airflow_env/lib/python3.8/site-packages/airflow/example_dags/tutorial_etl_dag.py
[2022-07-25 11:04:48,704] {processor.py:641} INFO - Processing file /home/hp/miniconda3/envs/airflow_env/lib/python3.8/site-packages/airflow/example_dags/tutorial_etl_dag.py for tasks to queue
[2022-07-25 11:04:48,705] {logging_mixin.py:115} INFO - [2022-07-25 11:04:48,705] {dagbag.py:508} INFO - Filling up the DagBag from /home/hp/miniconda3/envs/airflow_env/lib/python3.8/site-packages/airflow/example_dags/tutorial_etl_dag.py
[2022-07-25 11:04:48,709] {processor.py:651} INFO - DAG(s) dict_keys(['tutorial_etl_dag']) retrieved from /home/hp/miniconda3/envs/airflow_env/lib/python3.8/site-packages/airflow/example_dags/tutorial_etl_dag.py
[2022-07-25 11:04:48,717] {logging_mixin.py:115} INFO - [2022-07-25 11:04:48,717] {dag.py:2420} INFO - Sync 1 DAGs
[2022-07-25 11:04:48,726] {logging_mixin.py:115} INFO - [2022-07-25 11:04:48,726] {dag.py:2968} INFO - Setting next_dagrun for tutorial_etl_dag to None, run_after=None
[2022-07-25 11:04:48,736] {processor.py:161} INFO - Processing /home/hp/miniconda3/envs/airflow_env/lib/python3.8/site-packages/airflow/example_dags/tutorial_etl_dag.py took 0.036 seconds
[2022-07-25 11:05:24,393] {processor.py:153} INFO - Started process (PID=62601) to work on /home/hp/miniconda3/envs/airflow_env/lib/python3.8/site-packages/airflow/example_dags/tutorial_etl_dag.py
[2022-07-25 11:05:24,394] {processor.py:641} INFO - Processing file /home/hp/miniconda3/envs/airflow_env/lib/python3.8/site-packages/airflow/example_dags/tutorial_etl_dag.py for tasks to queue
[2022-07-25 11:05:24,394] {logging_mixin.py:115} INFO - [2022-07-25 11:05:24,394] {dagbag.py:508} INFO - Filling up the DagBag from /home/hp/miniconda3/envs/airflow_env/lib/python3.8/site-packages/airflow/example_dags/tutorial_etl_dag.py
[2022-07-25 11:05:24,398] {processor.py:651} INFO - DAG(s) dict_keys(['tutorial_etl_dag']) retrieved from /home/hp/miniconda3/envs/airflow_env/lib/python3.8/site-packages/airflow/example_dags/tutorial_etl_dag.py
[2022-07-25 11:05:24,409] {logging_mixin.py:115} INFO - [2022-07-25 11:05:24,409] {dag.py:2420} INFO - Sync 1 DAGs
[2022-07-25 11:05:24,420] {logging_mixin.py:115} INFO - [2022-07-25 11:05:24,420] {dag.py:2968} INFO - Setting next_dagrun for tutorial_etl_dag to None, run_after=None
[2022-07-25 11:05:24,433] {processor.py:161} INFO - Processing /home/hp/miniconda3/envs/airflow_env/lib/python3.8/site-packages/airflow/example_dags/tutorial_etl_dag.py took 0.041 seconds
[2022-07-25 11:05:58,082] {processor.py:153} INFO - Started process (PID=62879) to work on /home/hp/miniconda3/envs/airflow_env/lib/python3.8/site-packages/airflow/example_dags/tutorial_etl_dag.py
[2022-07-25 11:05:58,082] {processor.py:641} INFO - Processing file /home/hp/miniconda3/envs/airflow_env/lib/python3.8/site-packages/airflow/example_dags/tutorial_etl_dag.py for tasks to queue
[2022-07-25 11:05:58,083] {logging_mixin.py:115} INFO - [2022-07-25 11:05:58,082] {dagbag.py:508} INFO - Filling up the DagBag from /home/hp/miniconda3/envs/airflow_env/lib/python3.8/site-packages/airflow/example_dags/tutorial_etl_dag.py
[2022-07-25 11:05:58,089] {processor.py:651} INFO - DAG(s) dict_keys(['tutorial_etl_dag']) retrieved from /home/hp/miniconda3/envs/airflow_env/lib/python3.8/site-packages/airflow/example_dags/tutorial_etl_dag.py
[2022-07-25 11:05:58,099] {logging_mixin.py:115} INFO - [2022-07-25 11:05:58,099] {dag.py:2420} INFO - Sync 1 DAGs
[2022-07-25 11:05:58,107] {logging_mixin.py:115} INFO - [2022-07-25 11:05:58,107] {dag.py:2968} INFO - Setting next_dagrun for tutorial_etl_dag to None, run_after=None
[2022-07-25 11:05:58,116] {processor.py:161} INFO - Processing /home/hp/miniconda3/envs/airflow_env/lib/python3.8/site-packages/airflow/example_dags/tutorial_etl_dag.py took 0.039 seconds
[2022-07-25 11:06:32,901] {processor.py:153} INFO - Started process (PID=63177) to work on /home/hp/miniconda3/envs/airflow_env/lib/python3.8/site-packages/airflow/example_dags/tutorial_etl_dag.py
[2022-07-25 11:06:32,902] {processor.py:641} INFO - Processing file /home/hp/miniconda3/envs/airflow_env/lib/python3.8/site-packages/airflow/example_dags/tutorial_etl_dag.py for tasks to queue
[2022-07-25 11:06:32,902] {logging_mixin.py:115} INFO - [2022-07-25 11:06:32,902] {dagbag.py:508} INFO - Filling up the DagBag from /home/hp/miniconda3/envs/airflow_env/lib/python3.8/site-packages/airflow/example_dags/tutorial_etl_dag.py
[2022-07-25 11:06:32,911] {processor.py:651} INFO - DAG(s) dict_keys(['tutorial_etl_dag']) retrieved from /home/hp/miniconda3/envs/airflow_env/lib/python3.8/site-packages/airflow/example_dags/tutorial_etl_dag.py
[2022-07-25 11:06:32,920] {logging_mixin.py:115} INFO - [2022-07-25 11:06:32,920] {dag.py:2420} INFO - Sync 1 DAGs
[2022-07-25 11:06:32,927] {logging_mixin.py:115} INFO - [2022-07-25 11:06:32,927] {dag.py:2968} INFO - Setting next_dagrun for tutorial_etl_dag to None, run_after=None
[2022-07-25 11:06:32,937] {processor.py:161} INFO - Processing /home/hp/miniconda3/envs/airflow_env/lib/python3.8/site-packages/airflow/example_dags/tutorial_etl_dag.py took 0.040 seconds
[2022-07-25 11:07:08,102] {processor.py:153} INFO - Started process (PID=63409) to work on /home/hp/miniconda3/envs/airflow_env/lib/python3.8/site-packages/airflow/example_dags/tutorial_etl_dag.py
[2022-07-25 11:07:08,103] {processor.py:641} INFO - Processing file /home/hp/miniconda3/envs/airflow_env/lib/python3.8/site-packages/airflow/example_dags/tutorial_etl_dag.py for tasks to queue
[2022-07-25 11:07:08,104] {logging_mixin.py:115} INFO - [2022-07-25 11:07:08,104] {dagbag.py:508} INFO - Filling up the DagBag from /home/hp/miniconda3/envs/airflow_env/lib/python3.8/site-packages/airflow/example_dags/tutorial_etl_dag.py
[2022-07-25 11:07:08,113] {processor.py:651} INFO - DAG(s) dict_keys(['tutorial_etl_dag']) retrieved from /home/hp/miniconda3/envs/airflow_env/lib/python3.8/site-packages/airflow/example_dags/tutorial_etl_dag.py
[2022-07-25 11:07:08,121] {logging_mixin.py:115} INFO - [2022-07-25 11:07:08,121] {dag.py:2420} INFO - Sync 1 DAGs
[2022-07-25 11:07:08,130] {logging_mixin.py:115} INFO - [2022-07-25 11:07:08,130] {dag.py:2968} INFO - Setting next_dagrun for tutorial_etl_dag to None, run_after=None
[2022-07-25 11:07:08,141] {processor.py:161} INFO - Processing /home/hp/miniconda3/envs/airflow_env/lib/python3.8/site-packages/airflow/example_dags/tutorial_etl_dag.py took 0.044 seconds
[2022-07-25 11:07:43,100] {processor.py:153} INFO - Started process (PID=63758) to work on /home/hp/miniconda3/envs/airflow_env/lib/python3.8/site-packages/airflow/example_dags/tutorial_etl_dag.py
[2022-07-25 11:07:43,101] {processor.py:641} INFO - Processing file /home/hp/miniconda3/envs/airflow_env/lib/python3.8/site-packages/airflow/example_dags/tutorial_etl_dag.py for tasks to queue
[2022-07-25 11:07:43,101] {logging_mixin.py:115} INFO - [2022-07-25 11:07:43,101] {dagbag.py:508} INFO - Filling up the DagBag from /home/hp/miniconda3/envs/airflow_env/lib/python3.8/site-packages/airflow/example_dags/tutorial_etl_dag.py
[2022-07-25 11:07:43,104] {processor.py:651} INFO - DAG(s) dict_keys(['tutorial_etl_dag']) retrieved from /home/hp/miniconda3/envs/airflow_env/lib/python3.8/site-packages/airflow/example_dags/tutorial_etl_dag.py
[2022-07-25 11:07:43,111] {logging_mixin.py:115} INFO - [2022-07-25 11:07:43,111] {dag.py:2420} INFO - Sync 1 DAGs
[2022-07-25 11:07:43,119] {logging_mixin.py:115} INFO - [2022-07-25 11:07:43,119] {dag.py:2968} INFO - Setting next_dagrun for tutorial_etl_dag to None, run_after=None
[2022-07-25 11:07:43,130] {processor.py:161} INFO - Processing /home/hp/miniconda3/envs/airflow_env/lib/python3.8/site-packages/airflow/example_dags/tutorial_etl_dag.py took 0.031 seconds
[2022-07-25 11:08:17,548] {processor.py:153} INFO - Started process (PID=64011) to work on /home/hp/miniconda3/envs/airflow_env/lib/python3.8/site-packages/airflow/example_dags/tutorial_etl_dag.py
[2022-07-25 11:08:17,549] {processor.py:641} INFO - Processing file /home/hp/miniconda3/envs/airflow_env/lib/python3.8/site-packages/airflow/example_dags/tutorial_etl_dag.py for tasks to queue
[2022-07-25 11:08:17,550] {logging_mixin.py:115} INFO - [2022-07-25 11:08:17,550] {dagbag.py:508} INFO - Filling up the DagBag from /home/hp/miniconda3/envs/airflow_env/lib/python3.8/site-packages/airflow/example_dags/tutorial_etl_dag.py
[2022-07-25 11:08:17,558] {processor.py:651} INFO - DAG(s) dict_keys(['tutorial_etl_dag']) retrieved from /home/hp/miniconda3/envs/airflow_env/lib/python3.8/site-packages/airflow/example_dags/tutorial_etl_dag.py
[2022-07-25 11:08:17,566] {logging_mixin.py:115} INFO - [2022-07-25 11:08:17,566] {dag.py:2420} INFO - Sync 1 DAGs
[2022-07-25 11:08:17,575] {logging_mixin.py:115} INFO - [2022-07-25 11:08:17,575] {dag.py:2968} INFO - Setting next_dagrun for tutorial_etl_dag to None, run_after=None
[2022-07-25 11:08:17,584] {processor.py:161} INFO - Processing /home/hp/miniconda3/envs/airflow_env/lib/python3.8/site-packages/airflow/example_dags/tutorial_etl_dag.py took 0.040 seconds
                                                                                                                                                                                                                                                                                                                                                                                                                                                                                                                                                                                                                                                                                                                                                                                                                                                                                                                                                                                                                                                                                                                                                                                                                                                                                                                                                               